2026-03-23 07:59:08 - ============================================================
2026-03-23 07:59:08 - 实验名称: 20260323_task2_SwinV2Tiny_roi4ch_3
2026-03-23 07:59:08 - 任务: Task 2 - 良性肿瘤(0) vs 非肿瘤性息肉(1)
2026-03-23 07:59:08 - 模型: Swin-V2-Tiny (ImageNet pretrained, 4ch adapted)
2026-03-23 07:59:08 - 修改: ROI crop + lesion mask 4ch + AdamW + diff lr + warmup cosine + class weight
2026-03-23 07:59:08 - 输入通道: 4
2026-03-23 07:59:08 - 图像尺寸: train ROI_crop → SyncResize256 + HFlip + VFlip + Affine + ColorJitter + mask, test ROI_crop → SyncResize256 + mask
2026-03-23 07:59:08 - Batch Size: 8
2026-03-23 07:59:08 - Backbone LR: 2e-05
2026-03-23 07:59:08 - Head LR: 0.0002
2026-03-23 07:59:08 - Weight Decay: 0.05
2026-03-23 07:59:08 - Warmup Epochs: 5
2026-03-23 07:59:08 - Min LR Ratio: 0.05
2026-03-23 07:59:08 - Label Smoothing: 0.1
2026-03-23 07:59:08 - Seed: 42
2026-03-23 07:59:08 - Epochs: 60
2026-03-23 07:59:08 - Grad Clip: 1.0
2026-03-23 07:59:08 - 设备: cuda
2026-03-23 07:59:08 - ============================================================
2026-03-23 07:59:08 - 训练集: 1229 张 (benign=309, no_tumor=920)
2026-03-23 07:59:08 - 测试集: 523 张 (benign=129, no_tumor=394)
2026-03-23 07:59:10 - 模型参数量: 27,581,228
2026-03-23 07:59:10 - 可训练参数量: 27,581,228
2026-03-23 07:59:10 - 类别权重: benign=1.9887, no_tumor=0.6679
2026-03-23 07:59:10 - 损失函数: CrossEntropyLoss(class_weight + label_smoothing=0.1)
2026-03-23 07:59:10 - 
============================================================
2026-03-23 07:59:10 - 开始训练
2026-03-23 07:59:10 - ============================================================
2026-03-23 07:59:23 - Epoch [1/60] LR(backbone/head): 4.000000e-06/4.000000e-05 | WarmupCosineFactor: 0.2000 | Loss: 0.7217 | Train Acc: 0.5354 | Time: 13.7s
2026-03-23 07:59:35 - Epoch [2/60] LR(backbone/head): 8.000000e-06/8.000000e-05 | WarmupCosineFactor: 0.4000 | Loss: 0.6837 | Train Acc: 0.6257 | Time: 11.9s
2026-03-23 07:59:47 - Epoch [3/60] LR(backbone/head): 1.200000e-05/1.200000e-04 | WarmupCosineFactor: 0.6000 | Loss: 0.6713 | Train Acc: 0.6729 | Time: 12.0s
2026-03-23 07:59:47 - ----------------------------------------
2026-03-23 07:59:49 - [Test] Acc: 0.7495 | Precision(macro): 0.6290 | Recall(macro): 0.5600 | F1(macro): 0.5585
2026-03-23 07:59:49 - [Test] Classification Report:
              precision    recall  f1-score   support

      benign     0.4800    0.1860    0.2682       129
    no_tumor     0.7780    0.9340    0.8489       394

    accuracy                         0.7495       523
   macro avg     0.6290    0.5600    0.5585       523
weighted avg     0.7045    0.7495    0.7057       523

2026-03-23 07:59:49 - *** 保存最优模型 (F1: 0.5585, Epoch: 3) ***
2026-03-23 07:59:49 - ----------------------------------------
2026-03-23 08:00:01 - Epoch [4/60] LR(backbone/head): 1.600000e-05/1.600000e-04 | WarmupCosineFactor: 0.8000 | Loss: 0.6428 | Train Acc: 0.6941 | Time: 11.6s
2026-03-23 08:00:13 - Epoch [5/60] LR(backbone/head): 2.000000e-05/2.000000e-04 | WarmupCosineFactor: 1.0000 | Loss: 0.6522 | Train Acc: 0.7006 | Time: 11.8s
2026-03-23 08:00:25 - Epoch [6/60] LR(backbone/head): 1.998451e-05/1.998451e-04 | WarmupCosineFactor: 0.9992 | Loss: 0.6061 | Train Acc: 0.7478 | Time: 12.2s
2026-03-23 08:00:25 - ----------------------------------------
2026-03-23 08:00:26 - [Test] Acc: 0.7572 | Precision(macro): 0.6522 | Recall(macro): 0.5807 | F1(macro): 0.5865
2026-03-23 08:00:26 - [Test] Classification Report:
              precision    recall  f1-score   support

      benign     0.5172    0.2326    0.3209       129
    no_tumor     0.7871    0.9289    0.8522       394

    accuracy                         0.7572       523
   macro avg     0.6522    0.5807    0.5865       523
weighted avg     0.7205    0.7572    0.7211       523

2026-03-23 08:00:27 - *** 保存最优模型 (F1: 0.5865, Epoch: 6) ***
2026-03-23 08:00:27 - ----------------------------------------
2026-03-23 08:00:39 - Epoch [7/60] LR(backbone/head): 1.993808e-05/1.993808e-04 | WarmupCosineFactor: 0.9969 | Loss: 0.5942 | Train Acc: 0.7445 | Time: 12.1s
2026-03-23 08:00:51 - Epoch [8/60] LR(backbone/head): 1.986086e-05/1.986086e-04 | WarmupCosineFactor: 0.9930 | Loss: 0.5482 | Train Acc: 0.8039 | Time: 11.8s
2026-03-23 08:01:03 - Epoch [9/60] LR(backbone/head): 1.975311e-05/1.975311e-04 | WarmupCosineFactor: 0.9877 | Loss: 0.5268 | Train Acc: 0.8259 | Time: 11.8s
2026-03-23 08:01:03 - ----------------------------------------
2026-03-23 08:01:05 - [Test] Acc: 0.6902 | Precision(macro): 0.5815 | Recall(macro): 0.5806 | F1(macro): 0.5811
2026-03-23 08:01:05 - [Test] Classification Report:
              precision    recall  f1-score   support

      benign     0.3701    0.3643    0.3672       129
    no_tumor     0.7929    0.7970    0.7949       394

    accuracy                         0.6902       523
   macro avg     0.5815    0.5806    0.5811       523
weighted avg     0.6886    0.6902    0.6894       523

2026-03-23 08:01:05 - ----------------------------------------
2026-03-23 08:01:17 - Epoch [10/60] LR(backbone/head): 1.961518e-05/1.961518e-04 | WarmupCosineFactor: 0.9808 | Loss: 0.5123 | Train Acc: 0.8535 | Time: 12.1s
2026-03-23 08:01:29 - Epoch [11/60] LR(backbone/head): 1.944752e-05/1.944752e-04 | WarmupCosineFactor: 0.9724 | Loss: 0.4879 | Train Acc: 0.8511 | Time: 12.3s
2026-03-23 08:01:41 - Epoch [12/60] LR(backbone/head): 1.925067e-05/1.925067e-04 | WarmupCosineFactor: 0.9625 | Loss: 0.4437 | Train Acc: 0.8893 | Time: 12.1s
2026-03-23 08:01:41 - ----------------------------------------
2026-03-23 08:01:43 - [Test] Acc: 0.7075 | Precision(macro): 0.6145 | Recall(macro): 0.6207 | F1(macro): 0.6172
2026-03-23 08:01:43 - [Test] Classification Report:
              precision    recall  f1-score   support

      benign     0.4143    0.4496    0.4312       129
    no_tumor     0.8146    0.7919    0.8031       394

    accuracy                         0.7075       523
   macro avg     0.6145    0.6207    0.6172       523
weighted avg     0.7159    0.7075    0.7114       523

2026-03-23 08:01:43 - *** 保存最优模型 (F1: 0.6172, Epoch: 12) ***
2026-03-23 08:01:43 - ----------------------------------------
2026-03-23 08:01:55 - Epoch [13/60] LR(backbone/head): 1.902529e-05/1.902529e-04 | WarmupCosineFactor: 0.9513 | Loss: 0.4384 | Train Acc: 0.8983 | Time: 12.0s
2026-03-23 08:02:07 - Epoch [14/60] LR(backbone/head): 1.877209e-05/1.877209e-04 | WarmupCosineFactor: 0.9386 | Loss: 0.4102 | Train Acc: 0.9129 | Time: 11.9s
2026-03-23 08:02:20 - Epoch [15/60] LR(backbone/head): 1.849191e-05/1.849191e-04 | WarmupCosineFactor: 0.9246 | Loss: 0.4147 | Train Acc: 0.9194 | Time: 12.4s
2026-03-23 08:02:20 - ----------------------------------------
2026-03-23 08:02:21 - [Test] Acc: 0.7036 | Precision(macro): 0.5856 | Recall(macro): 0.5765 | F1(macro): 0.5797
2026-03-23 08:02:21 - [Test] Classification Report:
              precision    recall  f1-score   support

      benign     0.3818    0.3256    0.3515       129
    no_tumor     0.7893    0.8274    0.8079       394

    accuracy                         0.7036       523
   macro avg     0.5856    0.5765    0.5797       523
weighted avg     0.6888    0.7036    0.6953       523

2026-03-23 08:02:21 - ----------------------------------------
2026-03-23 08:02:33 - Epoch [16/60] LR(backbone/head): 1.818566e-05/1.818566e-04 | WarmupCosineFactor: 0.9093 | Loss: 0.4026 | Train Acc: 0.9284 | Time: 11.9s
2026-03-23 08:02:45 - Epoch [17/60] LR(backbone/head): 1.785435e-05/1.785435e-04 | WarmupCosineFactor: 0.8927 | Loss: 0.3724 | Train Acc: 0.9471 | Time: 11.8s
2026-03-23 08:02:57 - Epoch [18/60] LR(backbone/head): 1.749904e-05/1.749904e-04 | WarmupCosineFactor: 0.8750 | Loss: 0.3767 | Train Acc: 0.9439 | Time: 12.4s
2026-03-23 08:02:57 - ----------------------------------------
2026-03-23 08:02:59 - [Test] Acc: 0.7170 | Precision(macro): 0.5902 | Recall(macro): 0.5697 | F1(macro): 0.5740
2026-03-23 08:02:59 - [Test] Classification Report:
              precision    recall  f1-score   support

      benign     0.3956    0.2791    0.3273       129
    no_tumor     0.7847    0.8604    0.8208       394

    accuracy                         0.7170       523
   macro avg     0.5902    0.5697    0.5740       523
weighted avg     0.6887    0.7170    0.6991       523

2026-03-23 08:02:59 - ----------------------------------------
2026-03-23 08:03:11 - Epoch [19/60] LR(backbone/head): 1.712091e-05/1.712091e-04 | WarmupCosineFactor: 0.8560 | Loss: 0.3665 | Train Acc: 0.9552 | Time: 11.9s
2026-03-23 08:03:23 - Epoch [20/60] LR(backbone/head): 1.672118e-05/1.672118e-04 | WarmupCosineFactor: 0.8361 | Loss: 0.3754 | Train Acc: 0.9439 | Time: 12.1s
2026-03-23 08:03:35 - Epoch [21/60] LR(backbone/head): 1.630115e-05/1.630115e-04 | WarmupCosineFactor: 0.8151 | Loss: 0.3474 | Train Acc: 0.9642 | Time: 12.2s
2026-03-23 08:03:35 - ----------------------------------------
2026-03-23 08:03:36 - [Test] Acc: 0.7151 | Precision(macro): 0.5735 | Recall(macro): 0.5502 | F1(macro): 0.5513
2026-03-23 08:03:36 - [Test] Classification Report:
              precision    recall  f1-score   support

      benign     0.3718    0.2248    0.2802       129
    no_tumor     0.7753    0.8756    0.8224       394

    accuracy                         0.7151       523
   macro avg     0.5735    0.5502    0.5513       523
weighted avg     0.6758    0.7151    0.6887       523

2026-03-23 08:03:36 - ----------------------------------------
2026-03-23 08:03:48 - Epoch [22/60] LR(backbone/head): 1.586221e-05/1.586221e-04 | WarmupCosineFactor: 0.7931 | Loss: 0.3421 | Train Acc: 0.9691 | Time: 11.9s
2026-03-23 08:04:00 - Epoch [23/60] LR(backbone/head): 1.540578e-05/1.540578e-04 | WarmupCosineFactor: 0.7703 | Loss: 0.3380 | Train Acc: 0.9683 | Time: 12.1s
2026-03-23 08:04:13 - Epoch [24/60] LR(backbone/head): 1.493334e-05/1.493334e-04 | WarmupCosineFactor: 0.7467 | Loss: 0.3366 | Train Acc: 0.9707 | Time: 12.3s
2026-03-23 08:04:13 - ----------------------------------------
2026-03-23 08:04:14 - [Test] Acc: 0.6826 | Precision(macro): 0.5853 | Recall(macro): 0.5912 | F1(macro): 0.5876
2026-03-23 08:04:14 - [Test] Classification Report:
              precision    recall  f1-score   support

      benign     0.3706    0.4109    0.3897       129
    no_tumor     0.8000    0.7716    0.7855       394

    accuracy                         0.6826       523
   macro avg     0.5853    0.5912    0.5876       523
weighted avg     0.6941    0.6826    0.6879       523

2026-03-23 08:04:14 - ----------------------------------------
2026-03-23 08:04:26 - Epoch [25/60] LR(backbone/head): 1.444644e-05/1.444644e-04 | WarmupCosineFactor: 0.7223 | Loss: 0.3399 | Train Acc: 0.9634 | Time: 11.9s
2026-03-23 08:04:38 - Epoch [26/60] LR(backbone/head): 1.394667e-05/1.394667e-04 | WarmupCosineFactor: 0.6973 | Loss: 0.3486 | Train Acc: 0.9658 | Time: 12.1s
2026-03-23 08:04:51 - Epoch [27/60] LR(backbone/head): 1.343566e-05/1.343566e-04 | WarmupCosineFactor: 0.6718 | Loss: 0.3338 | Train Acc: 0.9748 | Time: 12.4s
2026-03-23 08:04:51 - ----------------------------------------
2026-03-23 08:04:52 - [Test] Acc: 0.7457 | Precision(macro): 0.6358 | Recall(macro): 0.5966 | F1(macro): 0.6052
2026-03-23 08:04:52 - [Test] Classification Report:
              precision    recall  f1-score   support

      benign     0.4756    0.3023    0.3697       129
    no_tumor     0.7959    0.8909    0.8407       394

    accuracy                         0.7457       523
   macro avg     0.6358    0.5966    0.6052       523
weighted avg     0.7169    0.7457    0.7245       523

2026-03-23 08:04:52 - ----------------------------------------
2026-03-23 08:05:05 - Epoch [28/60] LR(backbone/head): 1.291507e-05/1.291507e-04 | WarmupCosineFactor: 0.6458 | Loss: 0.3218 | Train Acc: 0.9723 | Time: 12.2s
2026-03-23 08:05:17 - Epoch [29/60] LR(backbone/head): 1.238661e-05/1.238661e-04 | WarmupCosineFactor: 0.6193 | Loss: 0.3124 | Train Acc: 0.9780 | Time: 12.3s
2026-03-23 08:05:29 - Epoch [30/60] LR(backbone/head): 1.185199e-05/1.185199e-04 | WarmupCosineFactor: 0.5926 | Loss: 0.3092 | Train Acc: 0.9845 | Time: 12.1s
2026-03-23 08:05:29 - ----------------------------------------
2026-03-23 08:05:30 - [Test] Acc: 0.6941 | Precision(macro): 0.5551 | Recall(macro): 0.5441 | F1(macro): 0.5455
2026-03-23 08:05:30 - [Test] Classification Report:
              precision    recall  f1-score   support

      benign     0.3368    0.2481    0.2857       129
    no_tumor     0.7734    0.8401    0.8054       394

    accuracy                         0.6941       523
   macro avg     0.5551    0.5441    0.5455       523
weighted avg     0.6657    0.6941    0.6772       523

2026-03-23 08:05:30 - ----------------------------------------
2026-03-23 08:05:42 - Epoch [31/60] LR(backbone/head): 1.131296e-05/1.131296e-04 | WarmupCosineFactor: 0.5656 | Loss: 0.3094 | Train Acc: 0.9805 | Time: 11.8s
2026-03-23 08:05:55 - Epoch [32/60] LR(backbone/head): 1.077128e-05/1.077128e-04 | WarmupCosineFactor: 0.5386 | Loss: 0.3077 | Train Acc: 0.9886 | Time: 12.3s
2026-03-23 08:06:07 - Epoch [33/60] LR(backbone/head): 1.022872e-05/1.022872e-04 | WarmupCosineFactor: 0.5114 | Loss: 0.3199 | Train Acc: 0.9772 | Time: 11.9s
2026-03-23 08:06:07 - ----------------------------------------
2026-03-23 08:06:08 - [Test] Acc: 0.7151 | Precision(macro): 0.5931 | Recall(macro): 0.5763 | F1(macro): 0.5808
2026-03-23 08:06:08 - [Test] Classification Report:
              precision    recall  f1-score   support

      benign     0.3980    0.3023    0.3436       129
    no_tumor     0.7882    0.8503    0.8181       394

    accuracy                         0.7151       523
   macro avg     0.5931    0.5763    0.5808       523
weighted avg     0.6920    0.7151    0.7010       523

2026-03-23 08:06:08 - ----------------------------------------
2026-03-23 08:06:20 - Epoch [34/60] LR(backbone/head): 9.687037e-06/9.687037e-05 | WarmupCosineFactor: 0.4844 | Loss: 0.3019 | Train Acc: 0.9854 | Time: 11.8s
2026-03-23 08:06:32 - Epoch [35/60] LR(backbone/head): 9.148009e-06/9.148009e-05 | WarmupCosineFactor: 0.4574 | Loss: 0.2973 | Train Acc: 0.9878 | Time: 11.9s
2026-03-23 08:06:44 - Epoch [36/60] LR(backbone/head): 8.613391e-06/8.613391e-05 | WarmupCosineFactor: 0.4307 | Loss: 0.3048 | Train Acc: 0.9894 | Time: 11.9s
2026-03-23 08:06:44 - ----------------------------------------
2026-03-23 08:06:45 - [Test] Acc: 0.7361 | Precision(macro): 0.6034 | Recall(macro): 0.5590 | F1(macro): 0.5598
2026-03-23 08:06:45 - [Test] Classification Report:
              precision    recall  f1-score   support

      benign     0.4286    0.2093    0.2812       129
    no_tumor     0.7783    0.9086    0.8384       394

    accuracy                         0.7361       523
   macro avg     0.6034    0.5590    0.5598       523
weighted avg     0.6920    0.7361    0.7010       523

2026-03-23 08:06:45 - ----------------------------------------
2026-03-23 08:06:57 - Epoch [37/60] LR(backbone/head): 8.084926e-06/8.084926e-05 | WarmupCosineFactor: 0.4042 | Loss: 0.3048 | Train Acc: 0.9870 | Time: 12.0s
2026-03-23 08:07:09 - Epoch [38/60] LR(backbone/head): 7.564339e-06/7.564339e-05 | WarmupCosineFactor: 0.3782 | Loss: 0.2971 | Train Acc: 0.9894 | Time: 11.8s
2026-03-23 08:07:21 - Epoch [39/60] LR(backbone/head): 7.053327e-06/7.053327e-05 | WarmupCosineFactor: 0.3527 | Loss: 0.2975 | Train Acc: 0.9935 | Time: 12.0s
2026-03-23 08:07:21 - ----------------------------------------
2026-03-23 08:07:23 - [Test] Acc: 0.7247 | Precision(macro): 0.5951 | Recall(macro): 0.5670 | F1(macro): 0.5710
2026-03-23 08:07:23 - [Test] Classification Report:
              precision    recall  f1-score   support

      benign     0.4074    0.2558    0.3143       129
    no_tumor     0.7828    0.8782    0.8278       394

    accuracy                         0.7247       523
   macro avg     0.5951    0.5670    0.5710       523
weighted avg     0.6902    0.7247    0.7011       523

2026-03-23 08:07:23 - ----------------------------------------
2026-03-23 08:07:35 - Epoch [40/60] LR(backbone/head): 6.553557e-06/6.553557e-05 | WarmupCosineFactor: 0.3277 | Loss: 0.2952 | Train Acc: 0.9894 | Time: 12.0s
2026-03-23 08:07:47 - Epoch [41/60] LR(backbone/head): 6.066660e-06/6.066660e-05 | WarmupCosineFactor: 0.3033 | Loss: 0.2984 | Train Acc: 0.9878 | Time: 11.9s
2026-03-23 08:07:59 - Epoch [42/60] LR(backbone/head): 5.594224e-06/5.594224e-05 | WarmupCosineFactor: 0.2797 | Loss: 0.2967 | Train Acc: 0.9935 | Time: 12.0s
2026-03-23 08:07:59 - ----------------------------------------
2026-03-23 08:08:01 - [Test] Acc: 0.7380 | Precision(macro): 0.6200 | Recall(macro): 0.5837 | F1(macro): 0.5904
2026-03-23 08:08:01 - [Test] Classification Report:
              precision    recall  f1-score   support

      benign     0.4500    0.2791    0.3445       129
    no_tumor     0.7901    0.8883    0.8363       394

    accuracy                         0.7380       523
   macro avg     0.6200    0.5837    0.5904       523
weighted avg     0.7062    0.7380    0.7150       523

2026-03-23 08:08:01 - ----------------------------------------
2026-03-23 08:08:13 - Epoch [43/60] LR(backbone/head): 5.137789e-06/5.137789e-05 | WarmupCosineFactor: 0.2569 | Loss: 0.2987 | Train Acc: 0.9878 | Time: 12.0s
2026-03-23 08:08:25 - Epoch [44/60] LR(backbone/head): 4.698845e-06/4.698845e-05 | WarmupCosineFactor: 0.2349 | Loss: 0.3006 | Train Acc: 0.9894 | Time: 12.1s
2026-03-23 08:08:37 - Epoch [45/60] LR(backbone/head): 4.278823e-06/4.278823e-05 | WarmupCosineFactor: 0.2139 | Loss: 0.2893 | Train Acc: 0.9935 | Time: 11.8s
2026-03-23 08:08:37 - ----------------------------------------
2026-03-23 08:08:39 - [Test] Acc: 0.7380 | Precision(macro): 0.6147 | Recall(macro): 0.5733 | F1(macro): 0.5781
2026-03-23 08:08:39 - [Test] Classification Report:
              precision    recall  f1-score   support

      benign     0.4444    0.2481    0.3184       129
    no_tumor     0.7849    0.8985    0.8379       394

    accuracy                         0.7380       523
   macro avg     0.6147    0.5733    0.5781       523
weighted avg     0.7009    0.7380    0.7097       523

2026-03-23 08:08:39 - ----------------------------------------
2026-03-23 08:08:51 - Epoch [46/60] LR(backbone/head): 3.879093e-06/3.879093e-05 | WarmupCosineFactor: 0.1940 | Loss: 0.2922 | Train Acc: 0.9943 | Time: 12.0s
2026-03-23 08:09:03 - Epoch [47/60] LR(backbone/head): 3.500959e-06/3.500959e-05 | WarmupCosineFactor: 0.1750 | Loss: 0.2904 | Train Acc: 0.9935 | Time: 12.0s
2026-03-23 08:09:15 - Epoch [48/60] LR(backbone/head): 3.145655e-06/3.145655e-05 | WarmupCosineFactor: 0.1573 | Loss: 0.2855 | Train Acc: 0.9935 | Time: 11.9s
2026-03-23 08:09:15 - ----------------------------------------
2026-03-23 08:09:16 - [Test] Acc: 0.7380 | Precision(macro): 0.6147 | Recall(macro): 0.5733 | F1(macro): 0.5781
2026-03-23 08:09:16 - [Test] Classification Report:
              precision    recall  f1-score   support

      benign     0.4444    0.2481    0.3184       129
    no_tumor     0.7849    0.8985    0.8379       394

    accuracy                         0.7380       523
   macro avg     0.6147    0.5733    0.5781       523
weighted avg     0.7009    0.7380    0.7097       523

2026-03-23 08:09:16 - ----------------------------------------
2026-03-23 08:09:28 - Epoch [49/60] LR(backbone/head): 2.814339e-06/2.814339e-05 | WarmupCosineFactor: 0.1407 | Loss: 0.2915 | Train Acc: 0.9935 | Time: 12.0s
2026-03-23 08:09:41 - Epoch [50/60] LR(backbone/head): 2.508091e-06/2.508091e-05 | WarmupCosineFactor: 0.1254 | Loss: 0.2847 | Train Acc: 0.9951 | Time: 12.3s
2026-03-23 08:09:53 - Epoch [51/60] LR(backbone/head): 2.227912e-06/2.227912e-05 | WarmupCosineFactor: 0.1114 | Loss: 0.2833 | Train Acc: 0.9967 | Time: 12.6s
2026-03-23 08:09:53 - ----------------------------------------
2026-03-23 08:09:55 - [Test] Acc: 0.7361 | Precision(macro): 0.6114 | Recall(macro): 0.5720 | F1(macro): 0.5767
2026-03-23 08:09:55 - [Test] Classification Report:
              precision    recall  f1-score   support

      benign     0.4384    0.2481    0.3168       129
    no_tumor     0.7844    0.8959    0.8365       394

    accuracy                         0.7361       523
   macro avg     0.6114    0.5720    0.5767       523
weighted avg     0.6991    0.7361    0.7083       523

2026-03-23 08:09:55 - ----------------------------------------
2026-03-23 08:10:08 - Epoch [52/60] LR(backbone/head): 1.974715e-06/1.974715e-05 | WarmupCosineFactor: 0.0987 | Loss: 0.2812 | Train Acc: 0.9976 | Time: 12.1s
2026-03-23 08:10:20 - Epoch [53/60] LR(backbone/head): 1.749325e-06/1.749325e-05 | WarmupCosineFactor: 0.0875 | Loss: 0.2901 | Train Acc: 0.9959 | Time: 12.5s
2026-03-23 08:10:32 - Epoch [54/60] LR(backbone/head): 1.552479e-06/1.552479e-05 | WarmupCosineFactor: 0.0776 | Loss: 0.2831 | Train Acc: 0.9976 | Time: 11.9s
2026-03-23 08:10:32 - ----------------------------------------
2026-03-23 08:10:33 - [Test] Acc: 0.7323 | Precision(macro): 0.6126 | Recall(macro): 0.5825 | F1(macro): 0.5888
2026-03-23 08:10:33 - [Test] Classification Report:
              precision    recall  f1-score   support

      benign     0.4353    0.2868    0.3458       129
    no_tumor     0.7900    0.8782    0.8317       394

    accuracy                         0.7323       523
   macro avg     0.6126    0.5825    0.5888       523
weighted avg     0.7025    0.7323    0.7119       523

2026-03-23 08:10:33 - ----------------------------------------
2026-03-23 08:10:45 - Epoch [55/60] LR(backbone/head): 1.384817e-06/1.384817e-05 | WarmupCosineFactor: 0.0692 | Loss: 0.2823 | Train Acc: 0.9992 | Time: 11.9s
2026-03-23 08:10:58 - Epoch [56/60] LR(backbone/head): 1.246887e-06/1.246887e-05 | WarmupCosineFactor: 0.0623 | Loss: 0.2879 | Train Acc: 0.9943 | Time: 12.3s
2026-03-23 08:11:10 - Epoch [57/60] LR(backbone/head): 1.139139e-06/1.139139e-05 | WarmupCosineFactor: 0.0570 | Loss: 0.2855 | Train Acc: 0.9943 | Time: 12.0s
2026-03-23 08:11:10 - ----------------------------------------
2026-03-23 08:11:11 - [Test] Acc: 0.7266 | Precision(macro): 0.6029 | Recall(macro): 0.5761 | F1(macro): 0.5814
2026-03-23 08:11:11 - [Test] Classification Report:
              precision    recall  f1-score   support

      benign     0.4186    0.2791    0.3349       129
    no_tumor     0.7872    0.8731    0.8279       394

    accuracy                         0.7266       523
   macro avg     0.6029    0.5761    0.5814       523
weighted avg     0.6963    0.7266    0.7063       523

2026-03-23 08:11:11 - ----------------------------------------
2026-03-23 08:11:23 - Epoch [58/60] LR(backbone/head): 1.061924e-06/1.061924e-05 | WarmupCosineFactor: 0.0531 | Loss: 0.2919 | Train Acc: 0.9943 | Time: 11.9s
2026-03-23 08:11:35 - Epoch [59/60] LR(backbone/head): 1.015494e-06/1.015494e-05 | WarmupCosineFactor: 0.0508 | Loss: 0.2892 | Train Acc: 0.9935 | Time: 12.1s
2026-03-23 08:11:47 - Epoch [60/60] LR(backbone/head): 1.000000e-06/1.000000e-05 | WarmupCosineFactor: 0.0500 | Loss: 0.2818 | Train Acc: 0.9976 | Time: 11.8s
2026-03-23 08:11:47 - ----------------------------------------
2026-03-23 08:11:48 - [Test] Acc: 0.7438 | Precision(macro): 0.6284 | Recall(macro): 0.5849 | F1(macro): 0.5920
2026-03-23 08:11:48 - [Test] Classification Report:
              precision    recall  f1-score   support

      benign     0.4667    0.2713    0.3431       129
    no_tumor     0.7902    0.8985    0.8409       394

    accuracy                         0.7438       523
   macro avg     0.6284    0.5849    0.5920       523
weighted avg     0.7104    0.7438    0.7181       523

2026-03-23 08:11:48 - ----------------------------------------
2026-03-23 08:11:48 - 
============================================================
2026-03-23 08:11:48 - 训练完成! 最优模型: Epoch 12, F1: 0.6172
2026-03-23 08:11:48 - ============================================================
2026-03-23 08:11:48 - 
加载最优权重进行最终测试...
2026-03-23 08:11:49 - ============================================================
2026-03-23 08:11:49 - 最终测试结果 (最优权重)
2026-03-23 08:11:49 - ============================================================
2026-03-23 08:11:50 - [Final Test] Acc: 0.7075 | Precision(macro): 0.6145 | Recall(macro): 0.6207 | F1(macro): 0.6172
2026-03-23 08:11:50 - [Final Test] Classification Report:
              precision    recall  f1-score   support

      benign     0.4143    0.4496    0.4312       129
    no_tumor     0.8146    0.7919    0.8031       394

    accuracy                         0.7075       523
   macro avg     0.6145    0.6207    0.6172       523
weighted avg     0.7159    0.7075    0.7114       523

2026-03-23 08:11:50 - 训练脚本已复制到: /data1/ouyangxinglong/GBP-Cascade/logs/20260323_task2_SwinV2Tiny_roi4ch_3/20260323_task2_SwinV2Tiny_roi4ch_3.py
