2026-04-03 09:52:16 - ======================================================================
2026-04-03 09:52:16 - 实验名称: 20260402_task2_SwinV2Tiny_segcls_7
2026-04-03 09:52:16 - 模型: SwinV2-Tiny@256 + 4ch + SegAttn + Meta + 强正则化 + EMA
2026-04-03 09:52:16 - 修改: Exp#4基础 + drop_path=0.3 + WD=0.1 + LS=0.15 + dropout=0.5/0.3 + 强增强(±30°/scale0.5-1.0) + EMA(0.999) + 50ep
2026-04-03 09:52:16 - 输入通道: 4
2026-04-03 09:52:16 - 图像尺寸: 256
2026-04-03 09:52:16 - 分割类别: 2
2026-04-03 09:52:16 - 分类类别: ['benign', 'no_tumor']
2026-04-03 09:52:16 - Batch Size: 8
2026-04-03 09:52:16 - Backbone LR: 2e-05
2026-04-03 09:52:16 - Head LR: 0.0002
2026-04-03 09:52:16 - Weight Decay: 0.1
2026-04-03 09:52:16 - Warmup Epochs: 5
2026-04-03 09:52:16 - Lambda Cls: 2.0
2026-04-03 09:52:16 - Label Smoothing: 0.15
2026-04-03 09:52:16 - Seed: 42
2026-04-03 09:52:16 - Epochs: 50
2026-04-03 09:52:16 - Grad Clip: 1.0
2026-04-03 09:52:16 - EMA: True (decay=0.999)
2026-04-03 09:52:16 - 设备: cuda
2026-04-03 09:52:16 - ======================================================================
2026-04-03 09:52:17 - 训练集: 1229 张 (benign=309, no_tumor=920)
2026-04-03 09:52:17 - 测试集: 523 张 (benign=129, no_tumor=394)
2026-04-03 09:52:59 - 模型参数量: 34,596,622
2026-04-03 09:52:59 - EMA 已启用 (decay=0.999)
2026-04-03 09:52:59 - 分类类别权重: benign=1.9887, no_tumor=0.6679
2026-04-03 09:52:59 - 
======================================================================
2026-04-03 09:52:59 - 开始训练
2026-04-03 09:52:59 - ======================================================================
2026-04-03 09:53:19 - Epoch [1/50] LR: 4.00e-06/4.00e-05 | Loss: 2.0017 (seg=0.5352, cls=0.7332) | Cls Acc: 0.5286 | Seg Dice: 0.8224 | 19.8s
2026-04-03 09:53:36 - Epoch [2/50] LR: 8.00e-06/8.00e-05 | Loss: 1.6638 (seg=0.2183, cls=0.7227) | Cls Acc: 0.4788 | Seg Dice: 0.9618 | 17.2s
2026-04-03 09:53:36 - --------------------------------------------------
2026-04-03 09:53:40 - [Test (EMA)] Cls — Acc: 0.7533 | P(macro): 0.6272 | R(macro): 0.5026 | F1(macro): 0.4371
2026-04-03 09:53:40 - [Test (EMA)] Seg — Lesion IoU: 0.1796 | Lesion Dice: 0.3022
2026-04-03 09:53:40 - [Test (EMA)] Classification Report:
              precision    recall  f1-score   support

      benign     0.5000    0.0078    0.0153       129
    no_tumor     0.7543    0.9975    0.8590       394

    accuracy                         0.7533       523
   macro avg     0.6272    0.5026    0.4371       523
weighted avg     0.6916    0.7533    0.6509       523

2026-04-03 09:53:40 - *** 保存最优模型 (F1: 0.4371, Epoch: 2) ***
2026-04-03 09:53:40 - --------------------------------------------------
2026-04-03 09:53:57 - Epoch [3/50] LR: 1.20e-05/1.20e-04 | Loss: 1.5567 (seg=0.1442, cls=0.7062) | Cls Acc: 0.5899 | Seg Dice: 0.9734 | 16.6s
2026-04-03 09:54:13 - Epoch [4/50] LR: 1.60e-05/1.60e-04 | Loss: 1.4912 (seg=0.0977, cls=0.6968) | Cls Acc: 0.6234 | Seg Dice: 0.9789 | 16.3s
2026-04-03 09:54:13 - --------------------------------------------------
2026-04-03 09:54:15 - [Test (EMA)] Cls — Acc: 0.7629 | P(macro): 0.6824 | R(macro): 0.5481 | F1(macro): 0.5329
2026-04-03 09:54:15 - [Test (EMA)] Seg — Lesion IoU: 0.8604 | Lesion Dice: 0.9247
2026-04-03 09:54:15 - [Test (EMA)] Classification Report:
              precision    recall  f1-score   support

      benign     0.5926    0.1240    0.2051       129
    no_tumor     0.7722    0.9721    0.8607       394

    accuracy                         0.7629       523
   macro avg     0.6824    0.5481    0.5329       523
weighted avg     0.7279    0.7629    0.6990       523

2026-04-03 09:54:16 - *** 保存最优模型 (F1: 0.5329, Epoch: 4) ***
2026-04-03 09:54:16 - --------------------------------------------------
2026-04-03 09:54:33 - Epoch [5/50] LR: 2.00e-05/2.00e-04 | Loss: 1.4535 (seg=0.0676, cls=0.6930) | Cls Acc: 0.6430 | Seg Dice: 0.9824 | 16.6s
2026-04-03 09:54:49 - Epoch [6/50] LR: 2.00e-05/2.00e-04 | Loss: 1.3950 (seg=0.0485, cls=0.6732) | Cls Acc: 0.6691 | Seg Dice: 0.9856 | 16.1s
2026-04-03 09:54:49 - --------------------------------------------------
2026-04-03 09:54:52 - [Test (EMA)] Cls — Acc: 0.7304 | P(macro): 0.6221 | R(macro): 0.6047 | F1(macro): 0.6107
2026-04-03 09:54:52 - [Test (EMA)] Seg — Lesion IoU: 0.9479 | Lesion Dice: 0.9732
2026-04-03 09:54:52 - [Test (EMA)] Classification Report:
              precision    recall  f1-score   support

      benign     0.4423    0.3566    0.3948       129
    no_tumor     0.8019    0.8528    0.8266       394

    accuracy                         0.7304       523
   macro avg     0.6221    0.6047    0.6107       523
weighted avg     0.7132    0.7304    0.7201       523

2026-04-03 09:54:52 - *** 保存最优模型 (F1: 0.6107, Epoch: 6) ***
2026-04-03 09:54:52 - --------------------------------------------------
2026-04-03 09:55:08 - Epoch [7/50] LR: 1.99e-05/1.99e-04 | Loss: 1.3691 (seg=0.0389, cls=0.6651) | Cls Acc: 0.6708 | Seg Dice: 0.9867 | 16.1s
2026-04-03 09:55:25 - Epoch [8/50] LR: 1.98e-05/1.98e-04 | Loss: 1.3705 (seg=0.0318, cls=0.6693) | Cls Acc: 0.6593 | Seg Dice: 0.9877 | 16.3s
2026-04-03 09:55:25 - --------------------------------------------------
2026-04-03 09:55:27 - [Test (EMA)] Cls — Acc: 0.7247 | P(macro): 0.6296 | R(macro): 0.6296 | F1(macro): 0.6296
2026-04-03 09:55:27 - [Test (EMA)] Seg — Lesion IoU: 0.9646 | Lesion Dice: 0.9820
2026-04-03 09:55:27 - [Test (EMA)] Classification Report:
              precision    recall  f1-score   support

      benign     0.4419    0.4419    0.4419       129
    no_tumor     0.8173    0.8173    0.8173       394

    accuracy                         0.7247       523
   macro avg     0.6296    0.6296    0.6296       523
weighted avg     0.7247    0.7247    0.7247       523

2026-04-03 09:55:28 - *** 保存最优模型 (F1: 0.6296, Epoch: 8) ***
2026-04-03 09:55:28 - --------------------------------------------------
2026-04-03 09:55:44 - Epoch [9/50] LR: 1.96e-05/1.96e-04 | Loss: 1.3806 (seg=0.0265, cls=0.6770) | Cls Acc: 0.6863 | Seg Dice: 0.9888 | 16.0s
2026-04-03 09:56:01 - Epoch [10/50] LR: 1.94e-05/1.94e-04 | Loss: 1.3458 (seg=0.0227, cls=0.6616) | Cls Acc: 0.7092 | Seg Dice: 0.9894 | 16.8s
2026-04-03 09:56:01 - --------------------------------------------------
2026-04-03 09:56:04 - [Test (EMA)] Cls — Acc: 0.7304 | P(macro): 0.6449 | R(macro): 0.6542 | F1(macro): 0.6489
2026-04-03 09:56:04 - [Test (EMA)] Seg — Lesion IoU: 0.9724 | Lesion Dice: 0.9860
2026-04-03 09:56:04 - [Test (EMA)] Classification Report:
              precision    recall  f1-score   support

      benign     0.4577    0.5039    0.4797       129
    no_tumor     0.8320    0.8046    0.8181       394

    accuracy                         0.7304       523
   macro avg     0.6449    0.6542    0.6489       523
weighted avg     0.7397    0.7304    0.7346       523

2026-04-03 09:56:04 - *** 保存最优模型 (F1: 0.6489, Epoch: 10) ***
2026-04-03 09:56:04 - --------------------------------------------------
2026-04-03 09:56:21 - Epoch [11/50] LR: 1.91e-05/1.91e-04 | Loss: 1.3272 (seg=0.0198, cls=0.6537) | Cls Acc: 0.7296 | Seg Dice: 0.9900 | 16.4s
2026-04-03 09:56:38 - Epoch [12/50] LR: 1.88e-05/1.88e-04 | Loss: 1.3243 (seg=0.0178, cls=0.6532) | Cls Acc: 0.7255 | Seg Dice: 0.9901 | 16.8s
2026-04-03 09:56:38 - --------------------------------------------------
2026-04-03 09:56:40 - [Test (EMA)] Cls — Acc: 0.7132 | P(macro): 0.6359 | R(macro): 0.6558 | F1(macro): 0.6422
2026-04-03 09:56:40 - [Test (EMA)] Seg — Lesion IoU: 0.9770 | Lesion Dice: 0.9883
2026-04-03 09:56:40 - [Test (EMA)] Classification Report:
              precision    recall  f1-score   support

      benign     0.4348    0.5426    0.4828       129
    no_tumor     0.8370    0.7690    0.8016       394

    accuracy                         0.7132       523
   macro avg     0.6359    0.6558    0.6422       523
weighted avg     0.7378    0.7132    0.7229       523

2026-04-03 09:56:40 - --------------------------------------------------
2026-04-03 09:56:57 - Epoch [13/50] LR: 1.85e-05/1.85e-04 | Loss: 1.3052 (seg=0.0160, cls=0.6446) | Cls Acc: 0.7149 | Seg Dice: 0.9909 | 16.6s
2026-04-03 09:57:14 - Epoch [14/50] LR: 1.81e-05/1.81e-04 | Loss: 1.2990 (seg=0.0146, cls=0.6422) | Cls Acc: 0.7361 | Seg Dice: 0.9914 | 17.2s
2026-04-03 09:57:14 - --------------------------------------------------
2026-04-03 09:57:17 - [Test (EMA)] Cls — Acc: 0.7094 | P(macro): 0.6369 | R(macro): 0.6611 | F1(macro): 0.6434
2026-04-03 09:57:17 - [Test (EMA)] Seg — Lesion IoU: 0.9801 | Lesion Dice: 0.9899
2026-04-03 09:57:17 - [Test (EMA)] Classification Report:
              precision    recall  f1-score   support

      benign     0.4320    0.5659    0.4899       129
    no_tumor     0.8418    0.7563    0.7968       394

    accuracy                         0.7094       523
   macro avg     0.6369    0.6611    0.6434       523
weighted avg     0.7407    0.7094    0.7211       523

2026-04-03 09:57:17 - --------------------------------------------------
2026-04-03 09:57:34 - Epoch [15/50] LR: 1.77e-05/1.77e-04 | Loss: 1.2769 (seg=0.0140, cls=0.6315) | Cls Acc: 0.7467 | Seg Dice: 0.9914 | 17.3s
2026-04-03 09:57:51 - Epoch [16/50] LR: 1.72e-05/1.72e-04 | Loss: 1.2836 (seg=0.0127, cls=0.6354) | Cls Acc: 0.7361 | Seg Dice: 0.9919 | 16.6s
2026-04-03 09:57:51 - --------------------------------------------------
2026-04-03 09:57:53 - [Test (EMA)] Cls — Acc: 0.7075 | P(macro): 0.6368 | R(macro): 0.6625 | F1(macro): 0.6432
2026-04-03 09:57:53 - [Test (EMA)] Seg — Lesion IoU: 0.9825 | Lesion Dice: 0.9911
2026-04-03 09:57:53 - [Test (EMA)] Classification Report:
              precision    recall  f1-score   support

      benign     0.4302    0.5736    0.4917       129
    no_tumor     0.8433    0.7513    0.7946       394

    accuracy                         0.7075       523
   macro avg     0.6368    0.6625    0.6432       523
weighted avg     0.7414    0.7075    0.7199       523

2026-04-03 09:57:53 - --------------------------------------------------
2026-04-03 09:58:10 - Epoch [17/50] LR: 1.67e-05/1.67e-04 | Loss: 1.2729 (seg=0.0121, cls=0.6304) | Cls Acc: 0.7345 | Seg Dice: 0.9920 | 16.8s
2026-04-03 09:58:26 - Epoch [18/50] LR: 1.62e-05/1.62e-04 | Loss: 1.2684 (seg=0.0117, cls=0.6283) | Cls Acc: 0.7721 | Seg Dice: 0.9920 | 16.8s
2026-04-03 09:58:26 - --------------------------------------------------
2026-04-03 09:58:29 - [Test (EMA)] Cls — Acc: 0.7075 | P(macro): 0.6409 | R(macro): 0.6703 | F1(macro): 0.6473
2026-04-03 09:58:29 - [Test (EMA)] Seg — Lesion IoU: 0.9841 | Lesion Dice: 0.9920
2026-04-03 09:58:29 - [Test (EMA)] Classification Report:
              precision    recall  f1-score   support

      benign     0.4326    0.5969    0.5016       129
    no_tumor     0.8493    0.7437    0.7930       394

    accuracy                         0.7075       523
   macro avg     0.6409    0.6703    0.6473       523
weighted avg     0.7465    0.7075    0.7211       523

2026-04-03 09:58:29 - --------------------------------------------------
2026-04-03 09:58:46 - Epoch [19/50] LR: 1.56e-05/1.56e-04 | Loss: 1.2347 (seg=0.0105, cls=0.6121) | Cls Acc: 0.7696 | Seg Dice: 0.9928 | 17.2s
2026-04-03 09:59:03 - Epoch [20/50] LR: 1.50e-05/1.50e-04 | Loss: 1.2012 (seg=0.0101, cls=0.5955) | Cls Acc: 0.7843 | Seg Dice: 0.9929 | 16.5s
2026-04-03 09:59:03 - --------------------------------------------------
2026-04-03 09:59:05 - [Test (EMA)] Cls — Acc: 0.6998 | P(macro): 0.6353 | R(macro): 0.6652 | F1(macro): 0.6408
2026-04-03 09:59:05 - [Test (EMA)] Seg — Lesion IoU: 0.9857 | Lesion Dice: 0.9928
2026-04-03 09:59:05 - [Test (EMA)] Classification Report:
              precision    recall  f1-score   support

      benign     0.4231    0.5969    0.4952       129
    no_tumor     0.8475    0.7335    0.7864       394

    accuracy                         0.6998       523
   macro avg     0.6353    0.6652    0.6408       523
weighted avg     0.7428    0.6998    0.7146       523

2026-04-03 09:59:05 - --------------------------------------------------
2026-04-03 09:59:22 - Epoch [21/50] LR: 1.44e-05/1.44e-04 | Loss: 1.2180 (seg=0.0092, cls=0.6044) | Cls Acc: 0.7794 | Seg Dice: 0.9936 | 16.7s
2026-04-03 09:59:39 - Epoch [22/50] LR: 1.38e-05/1.38e-04 | Loss: 1.2343 (seg=0.0084, cls=0.6130) | Cls Acc: 0.7737 | Seg Dice: 0.9942 | 16.9s
2026-04-03 09:59:39 - --------------------------------------------------
2026-04-03 09:59:41 - [Test (EMA)] Cls — Acc: 0.6979 | P(macro): 0.6296 | R(macro): 0.6561 | F1(macro): 0.6351
2026-04-03 09:59:41 - [Test (EMA)] Seg — Lesion IoU: 0.9873 | Lesion Dice: 0.9936
2026-04-03 09:59:41 - [Test (EMA)] Classification Report:
              precision    recall  f1-score   support

      benign     0.4181    0.5736    0.4837       129
    no_tumor     0.8410    0.7386    0.7865       394

    accuracy                         0.6979       523
   macro avg     0.6296    0.6561    0.6351       523
weighted avg     0.7367    0.6979    0.7118       523

2026-04-03 09:59:41 - --------------------------------------------------
2026-04-03 09:59:58 - Epoch [23/50] LR: 1.32e-05/1.32e-04 | Loss: 1.2353 (seg=0.0083, cls=0.6135) | Cls Acc: 0.7696 | Seg Dice: 0.9941 | 16.7s
2026-04-03 10:00:15 - Epoch [24/50] LR: 1.25e-05/1.25e-04 | Loss: 1.2230 (seg=0.0075, cls=0.6077) | Cls Acc: 0.8047 | Seg Dice: 0.9948 | 16.9s
2026-04-03 10:00:15 - --------------------------------------------------
2026-04-03 10:00:18 - [Test (EMA)] Cls — Acc: 0.7017 | P(macro): 0.6324 | R(macro): 0.6586 | F1(macro): 0.6383
2026-04-03 10:00:18 - [Test (EMA)] Seg — Lesion IoU: 0.9886 | Lesion Dice: 0.9943
2026-04-03 10:00:18 - [Test (EMA)] Classification Report:
              precision    recall  f1-score   support

      benign     0.4229    0.5736    0.4868       129
    no_tumor     0.8420    0.7437    0.7898       394

    accuracy                         0.7017       523
   macro avg     0.6324    0.6586    0.6383       523
weighted avg     0.7386    0.7017    0.7150       523

2026-04-03 10:00:18 - --------------------------------------------------
2026-04-03 10:00:35 - Epoch [25/50] LR: 1.18e-05/1.18e-04 | Loss: 1.2127 (seg=0.0076, cls=0.6026) | Cls Acc: 0.7623 | Seg Dice: 0.9944 | 16.9s
2026-04-03 10:00:52 - Epoch [26/50] LR: 1.11e-05/1.11e-04 | Loss: 1.2063 (seg=0.0071, cls=0.5996) | Cls Acc: 0.7966 | Seg Dice: 0.9949 | 16.9s
2026-04-03 10:00:52 - --------------------------------------------------
2026-04-03 10:00:54 - [Test (EMA)] Cls — Acc: 0.6711 | P(macro): 0.6093 | R(macro): 0.6357 | F1(macro): 0.6114
2026-04-03 10:00:54 - [Test (EMA)] Seg — Lesion IoU: 0.9895 | Lesion Dice: 0.9947
2026-04-03 10:00:54 - [Test (EMA)] Classification Report:
              precision    recall  f1-score   support

      benign     0.3862    0.5659    0.4591       129
    no_tumor     0.8323    0.7056    0.7637       394

    accuracy                         0.6711       523
   macro avg     0.6093    0.6357    0.6114       523
weighted avg     0.7223    0.6711    0.6886       523

2026-04-03 10:00:54 - --------------------------------------------------
2026-04-03 10:01:11 - Epoch [27/50] LR: 1.04e-05/1.04e-04 | Loss: 1.1623 (seg=0.0068, cls=0.5777) | Cls Acc: 0.8211 | Seg Dice: 0.9950 | 16.5s
2026-04-03 10:01:28 - Epoch [28/50] LR: 9.75e-06/9.75e-05 | Loss: 1.1880 (seg=0.0065, cls=0.5908) | Cls Acc: 0.8007 | Seg Dice: 0.9953 | 17.7s
2026-04-03 10:01:28 - --------------------------------------------------
2026-04-03 10:01:31 - [Test (EMA)] Cls — Acc: 0.6730 | P(macro): 0.6153 | R(macro): 0.6448 | F1(macro): 0.6170
2026-04-03 10:01:31 - [Test (EMA)] Seg — Lesion IoU: 0.9904 | Lesion Dice: 0.9952
2026-04-03 10:01:31 - [Test (EMA)] Classification Report:
              precision    recall  f1-score   support

      benign     0.3918    0.5891    0.4706       129
    no_tumor     0.8389    0.7005    0.7635       394

    accuracy                         0.6730       523
   macro avg     0.6153    0.6448    0.6170       523
weighted avg     0.7286    0.6730    0.6912       523

2026-04-03 10:01:31 - --------------------------------------------------
2026-04-03 10:01:47 - Epoch [29/50] LR: 9.07e-06/9.07e-05 | Loss: 1.1689 (seg=0.0063, cls=0.5813) | Cls Acc: 0.8056 | Seg Dice: 0.9953 | 16.3s
2026-04-03 10:02:04 - Epoch [30/50] LR: 8.38e-06/8.38e-05 | Loss: 1.1774 (seg=0.0061, cls=0.5857) | Cls Acc: 0.8064 | Seg Dice: 0.9955 | 16.7s
2026-04-03 10:02:04 - --------------------------------------------------
2026-04-03 10:02:06 - [Test (EMA)] Cls — Acc: 0.6692 | P(macro): 0.6064 | R(macro): 0.6319 | F1(macro): 0.6085
2026-04-03 10:02:06 - [Test (EMA)] Seg — Lesion IoU: 0.9911 | Lesion Dice: 0.9955
2026-04-03 10:02:06 - [Test (EMA)] Classification Report:
              precision    recall  f1-score   support

      benign     0.3830    0.5581    0.4543       129
    no_tumor     0.8299    0.7056    0.7627       394

    accuracy                         0.6692       523
   macro avg     0.6064    0.6319    0.6085       523
weighted avg     0.7196    0.6692    0.6866       523

2026-04-03 10:02:06 - --------------------------------------------------
2026-04-03 10:02:22 - Epoch [31/50] LR: 7.70e-06/7.70e-05 | Loss: 1.1463 (seg=0.0056, cls=0.5704) | Cls Acc: 0.8292 | Seg Dice: 0.9959 | 15.5s
2026-04-03 10:02:38 - Epoch [32/50] LR: 7.04e-06/7.04e-05 | Loss: 1.1219 (seg=0.0052, cls=0.5584) | Cls Acc: 0.8301 | Seg Dice: 0.9962 | 16.5s
2026-04-03 10:02:38 - --------------------------------------------------
2026-04-03 10:02:40 - [Test (EMA)] Cls — Acc: 0.6692 | P(macro): 0.6096 | R(macro): 0.6371 | F1(macro): 0.6112
2026-04-03 10:02:40 - [Test (EMA)] Seg — Lesion IoU: 0.9919 | Lesion Dice: 0.9959
2026-04-03 10:02:40 - [Test (EMA)] Classification Report:
              precision    recall  f1-score   support

      benign     0.3854    0.5736    0.4611       129
    no_tumor     0.8338    0.7005    0.7614       394

    accuracy                         0.6692       523
   macro avg     0.6096    0.6371    0.6112       523
weighted avg     0.7232    0.6692    0.6873       523

2026-04-03 10:02:40 - --------------------------------------------------
2026-04-03 10:02:57 - Epoch [33/50] LR: 6.39e-06/6.39e-05 | Loss: 1.1479 (seg=0.0051, cls=0.5714) | Cls Acc: 0.8350 | Seg Dice: 0.9963 | 16.4s
2026-04-03 10:03:13 - Epoch [34/50] LR: 5.76e-06/5.76e-05 | Loss: 1.1451 (seg=0.0052, cls=0.5700) | Cls Acc: 0.8235 | Seg Dice: 0.9960 | 16.6s
2026-04-03 10:03:13 - --------------------------------------------------
2026-04-03 10:03:16 - [Test (EMA)] Cls — Acc: 0.6788 | P(macro): 0.6113 | R(macro): 0.6356 | F1(macro): 0.6149
2026-04-03 10:03:16 - [Test (EMA)] Seg — Lesion IoU: 0.9926 | Lesion Dice: 0.9963
2026-04-03 10:03:16 - [Test (EMA)] Classification Report:
              precision    recall  f1-score   support

      benign     0.3923    0.5504    0.4581       129
    no_tumor     0.8304    0.7208    0.7717       394

    accuracy                         0.6788       523
   macro avg     0.6113    0.6356    0.6149       523
weighted avg     0.7223    0.6788    0.6944       523

2026-04-03 10:03:16 - --------------------------------------------------
2026-04-03 10:03:33 - Epoch [35/50] LR: 5.15e-06/5.15e-05 | Loss: 1.1554 (seg=0.0048, cls=0.5753) | Cls Acc: 0.8235 | Seg Dice: 0.9965 | 16.8s
2026-04-03 10:03:50 - Epoch [36/50] LR: 4.56e-06/4.56e-05 | Loss: 1.1358 (seg=0.0047, cls=0.5655) | Cls Acc: 0.8260 | Seg Dice: 0.9964 | 17.0s
2026-04-03 10:03:50 - --------------------------------------------------
2026-04-03 10:03:52 - [Test (EMA)] Cls — Acc: 0.6826 | P(macro): 0.6156 | R(macro): 0.6407 | F1(macro): 0.6195
2026-04-03 10:03:52 - [Test (EMA)] Seg — Lesion IoU: 0.9931 | Lesion Dice: 0.9965
2026-04-03 10:03:52 - [Test (EMA)] Classification Report:
              precision    recall  f1-score   support

      benign     0.3978    0.5581    0.4645       129
    no_tumor     0.8333    0.7234    0.7745       394

    accuracy                         0.6826       523
   macro avg     0.6156    0.6407    0.6195       523
weighted avg     0.7259    0.6826    0.6980       523

2026-04-03 10:03:52 - --------------------------------------------------
2026-04-03 10:04:08 - Epoch [37/50] LR: 4.00e-06/4.00e-05 | Loss: 1.1092 (seg=0.0049, cls=0.5522) | Cls Acc: 0.8391 | Seg Dice: 0.9962 | 16.2s
2026-04-03 10:04:25 - Epoch [38/50] LR: 3.48e-06/3.48e-05 | Loss: 1.0996 (seg=0.0049, cls=0.5473) | Cls Acc: 0.8382 | Seg Dice: 0.9961 | 16.9s
2026-04-03 10:04:25 - --------------------------------------------------
2026-04-03 10:04:28 - [Test (EMA)] Cls — Acc: 0.6730 | P(macro): 0.6058 | R(macro): 0.6292 | F1(macro): 0.6088
2026-04-03 10:04:28 - [Test (EMA)] Seg — Lesion IoU: 0.9933 | Lesion Dice: 0.9966
2026-04-03 10:04:28 - [Test (EMA)] Classification Report:
              precision    recall  f1-score   support

      benign     0.3846    0.5426    0.4502       129
    no_tumor     0.8270    0.7157    0.7673       394

    accuracy                         0.6730       523
   macro avg     0.6058    0.6292    0.6088       523
weighted avg     0.7179    0.6730    0.6891       523

2026-04-03 10:04:28 - --------------------------------------------------
2026-04-03 10:04:44 - Epoch [39/50] LR: 2.98e-06/2.98e-05 | Loss: 1.1112 (seg=0.0046, cls=0.5533) | Cls Acc: 0.8399 | Seg Dice: 0.9965 | 16.1s
2026-04-03 10:05:01 - Epoch [40/50] LR: 2.52e-06/2.52e-05 | Loss: 1.0878 (seg=0.0043, cls=0.5417) | Cls Acc: 0.8407 | Seg Dice: 0.9967 | 16.3s
2026-04-03 10:05:01 - --------------------------------------------------
2026-04-03 10:05:03 - [Test (EMA)] Cls — Acc: 0.6750 | P(macro): 0.6055 | R(macro): 0.6278 | F1(macro): 0.6088
2026-04-03 10:05:03 - [Test (EMA)] Seg — Lesion IoU: 0.9936 | Lesion Dice: 0.9968
2026-04-03 10:05:03 - [Test (EMA)] Classification Report:
              precision    recall  f1-score   support

      benign     0.3855    0.5349    0.4481       129
    no_tumor     0.8256    0.7208    0.7696       394

    accuracy                         0.6750       523
   macro avg     0.6055    0.6278    0.6088       523
weighted avg     0.7170    0.6750    0.6903       523

2026-04-03 10:05:03 - --------------------------------------------------
2026-04-03 10:05:19 - Epoch [41/50] LR: 2.09e-06/2.09e-05 | Loss: 1.1152 (seg=0.0042, cls=0.5555) | Cls Acc: 0.8374 | Seg Dice: 0.9968 | 15.9s
2026-04-03 10:05:35 - Epoch [42/50] LR: 1.70e-06/1.70e-05 | Loss: 1.0894 (seg=0.0041, cls=0.5426) | Cls Acc: 0.8489 | Seg Dice: 0.9969 | 16.7s
2026-04-03 10:05:35 - --------------------------------------------------
2026-04-03 10:05:37 - [Test (EMA)] Cls — Acc: 0.6730 | P(macro): 0.6026 | R(macro): 0.6240 | F1(macro): 0.6058
2026-04-03 10:05:37 - [Test (EMA)] Seg — Lesion IoU: 0.9937 | Lesion Dice: 0.9968
2026-04-03 10:05:37 - [Test (EMA)] Classification Report:
              precision    recall  f1-score   support

      benign     0.3820    0.5271    0.4430       129
    no_tumor     0.8232    0.7208    0.7686       394

    accuracy                         0.6730       523
   macro avg     0.6026    0.6240    0.6058       523
weighted avg     0.7144    0.6730    0.6883       523

2026-04-03 10:05:37 - --------------------------------------------------
2026-04-03 10:05:53 - Epoch [43/50] LR: 1.36e-06/1.36e-05 | Loss: 1.1044 (seg=0.0042, cls=0.5501) | Cls Acc: 0.8415 | Seg Dice: 0.9968 | 15.9s
2026-04-03 10:06:10 - Epoch [44/50] LR: 1.06e-06/1.06e-05 | Loss: 1.1150 (seg=0.0041, cls=0.5554) | Cls Acc: 0.8415 | Seg Dice: 0.9968 | 16.6s
2026-04-03 10:06:10 - --------------------------------------------------
2026-04-03 10:06:13 - [Test (EMA)] Cls — Acc: 0.6769 | P(macro): 0.6053 | R(macro): 0.6265 | F1(macro): 0.6089
2026-04-03 10:06:13 - [Test (EMA)] Seg — Lesion IoU: 0.9938 | Lesion Dice: 0.9969
2026-04-03 10:06:13 - [Test (EMA)] Classification Report:
              precision    recall  f1-score   support

      benign     0.3864    0.5271    0.4459       129
    no_tumor     0.8242    0.7259    0.7719       394

    accuracy                         0.6769       523
   macro avg     0.6053    0.6265    0.6089       523
weighted avg     0.7162    0.6769    0.6915       523

2026-04-03 10:06:13 - --------------------------------------------------
2026-04-03 10:06:29 - Epoch [45/50] LR: 7.97e-07/7.97e-06 | Loss: 1.0880 (seg=0.0040, cls=0.5420) | Cls Acc: 0.8587 | Seg Dice: 0.9969 | 16.5s
2026-04-03 10:06:46 - Epoch [46/50] LR: 5.84e-07/5.84e-06 | Loss: 1.1163 (seg=0.0040, cls=0.5562) | Cls Acc: 0.8538 | Seg Dice: 0.9971 | 16.3s
2026-04-03 10:06:46 - --------------------------------------------------
2026-04-03 10:06:48 - [Test (EMA)] Cls — Acc: 0.6845 | P(macro): 0.6108 | R(macro): 0.6316 | F1(macro): 0.6152
2026-04-03 10:06:48 - [Test (EMA)] Seg — Lesion IoU: 0.9940 | Lesion Dice: 0.9970
2026-04-03 10:06:48 - [Test (EMA)] Classification Report:
              precision    recall  f1-score   support

      benign     0.3953    0.5271    0.4518       129
    no_tumor     0.8262    0.7360    0.7785       394

    accuracy                         0.6845       523
   macro avg     0.6108    0.6316    0.6152       523
weighted avg     0.7199    0.6845    0.6979       523

2026-04-03 10:06:48 - --------------------------------------------------
2026-04-03 10:07:05 - Epoch [47/50] LR: 4.16e-07/4.16e-06 | Loss: 1.1000 (seg=0.0039, cls=0.5481) | Cls Acc: 0.8464 | Seg Dice: 0.9971 | 16.3s
2026-04-03 10:07:21 - Epoch [48/50] LR: 2.96e-07/2.96e-06 | Loss: 1.0764 (seg=0.0039, cls=0.5363) | Cls Acc: 0.8440 | Seg Dice: 0.9970 | 16.2s
2026-04-03 10:07:21 - --------------------------------------------------
2026-04-03 10:07:23 - [Test (EMA)] Cls — Acc: 0.6845 | P(macro): 0.6108 | R(macro): 0.6316 | F1(macro): 0.6152
2026-04-03 10:07:23 - [Test (EMA)] Seg — Lesion IoU: 0.9942 | Lesion Dice: 0.9971
2026-04-03 10:07:23 - [Test (EMA)] Classification Report:
              precision    recall  f1-score   support

      benign     0.3953    0.5271    0.4518       129
    no_tumor     0.8262    0.7360    0.7785       394

    accuracy                         0.6845       523
   macro avg     0.6108    0.6316    0.6152       523
weighted avg     0.7199    0.6845    0.6979       523

2026-04-03 10:07:23 - --------------------------------------------------
2026-04-03 10:07:39 - Epoch [49/50] LR: 2.24e-07/2.24e-06 | Loss: 1.0917 (seg=0.0039, cls=0.5439) | Cls Acc: 0.8440 | Seg Dice: 0.9971 | 15.9s
2026-04-03 10:07:55 - Epoch [50/50] LR: 2.00e-07/2.00e-06 | Loss: 1.0982 (seg=0.0038, cls=0.5472) | Cls Acc: 0.8382 | Seg Dice: 0.9971 | 16.2s
2026-04-03 10:07:55 - --------------------------------------------------
2026-04-03 10:07:58 - [Test (EMA)] Cls — Acc: 0.6826 | P(macro): 0.6094 | R(macro): 0.6303 | F1(macro): 0.6136
2026-04-03 10:07:58 - [Test (EMA)] Seg — Lesion IoU: 0.9942 | Lesion Dice: 0.9971
2026-04-03 10:07:58 - [Test (EMA)] Classification Report:
              precision    recall  f1-score   support

      benign     0.3931    0.5271    0.4503       129
    no_tumor     0.8257    0.7335    0.7769       394

    accuracy                         0.6826       523
   macro avg     0.6094    0.6303    0.6136       523
weighted avg     0.7190    0.6826    0.6963       523

2026-04-03 10:07:58 - --------------------------------------------------
2026-04-03 10:07:58 - 
======================================================================
2026-04-03 10:07:58 - 训练完成! 最优模型: Epoch 10, F1: 0.6489
2026-04-03 10:07:58 - ======================================================================
2026-04-03 10:07:58 - ======================================================================
2026-04-03 10:07:58 - 最终测试结果 (最优权重)
2026-04-03 10:07:58 - ======================================================================
2026-04-03 10:08:00 - [Final Test] Cls — Acc: 0.7304 | P(macro): 0.6449 | R(macro): 0.6542 | F1(macro): 0.6489
2026-04-03 10:08:00 - [Final Test] Seg — Lesion IoU: 0.9724 | Lesion Dice: 0.9860
2026-04-03 10:08:00 - [Final Test] Classification Report:
              precision    recall  f1-score   support

      benign     0.4577    0.5039    0.4797       129
    no_tumor     0.8320    0.8046    0.8181       394

    accuracy                         0.7304       523
   macro avg     0.6449    0.6542    0.6489       523
weighted avg     0.7397    0.7304    0.7346       523

2026-04-03 10:08:00 - 
======================================================================
2026-04-03 10:08:00 - 阈值优化搜索
2026-04-03 10:08:00 - ======================================================================
2026-04-03 10:08:03 - 最优阈值: 0.500 (F1: 0.6489 vs 默认0.5 F1: 0.6489)
2026-04-03 10:08:03 - 训练脚本已复制到: /data1/ouyangxinglong/GBP-Cascade/0402/logs/20260402_task2_SwinV2Tiny_segcls_7/20260402_task2_SwinV2Tiny_segcls_7.py
