2026-04-06 13:33:14 - ======================================================================
2026-04-06 13:33:14 - 实验名称: 20260406_task2_SwinV2Tiny_segcls_12
2026-04-06 13:33:14 - 模型: SwinV2-Tiny@256 + 4ch + SegAttn + Meta (同 Exp#4)
2026-04-06 13:33:14 - 修改: Exp#4架构 + 85/15分层验证集 + EarlyStopping(patience=10) + EMA(decay=0.9995) + eval每轮
2026-04-06 13:33:14 - Batch Size: 8 | Epochs: 50
2026-04-06 13:33:14 - LR: backbone=2e-05, head=0.0002
2026-04-06 13:33:14 - Weight Decay: 0.05 | Label Smoothing: 0.1
2026-04-06 13:33:14 - Lambda Cls: 2.0 | Grad Clip: 1.0
2026-04-06 13:33:14 - Early Stopping Patience: 10
2026-04-06 13:33:14 - EMA: True (decay=0.9995)
2026-04-06 13:33:14 - Seed: 42 | Device: cuda
2026-04-06 13:33:14 - ======================================================================
2026-04-06 13:33:16 - 训练集: 1044 张
2026-04-06 13:33:16 - 验证集: 185 张
2026-04-06 13:33:16 - 测试集: 523 张
2026-04-06 13:33:37 - 模型参数量: 34,596,622
2026-04-06 13:33:37 - EMA 已启用 (decay=0.9995)
2026-04-06 13:33:37 - 分类权重: benign=1.9924, no_tumor=0.6675
2026-04-06 13:33:37 - 
======================================================================
2026-04-06 13:33:37 - 开始训练 (Early Stopping)
2026-04-06 13:33:37 - ======================================================================
2026-04-06 13:33:57 - Epoch [1/50] LR: 2.50e-06/2.50e-05 | Loss: 2.1212 (seg=0.6929, cls=0.7142) | Acc: 0.5990 | Dice: 0.7192 | 19.4s
2026-04-06 13:33:57 - --------------------------------------------------
2026-04-06 13:33:58 - [Val (EMA)] Cls — Acc: 0.7459 | P(macro): 0.3730 | R(macro): 0.5000 | F1(macro): 0.4272
2026-04-06 13:33:58 - [Val (EMA)] Seg — Lesion IoU: 0.0040 | Lesion Dice: 0.0080
2026-04-06 13:33:58 - [Val (EMA)] Classification Report:
              precision    recall  f1-score   support

      benign     0.0000    0.0000    0.0000        47
    no_tumor     0.7459    1.0000    0.8545       138

    accuracy                         0.7459       185
   macro avg     0.3730    0.5000    0.4272       185
weighted avg     0.5564    0.7459    0.6374       185

2026-04-06 13:33:58 - *** 保存最优模型 (F1: 0.4272, Epoch: 1) ***
2026-04-06 13:33:58 - --------------------------------------------------
2026-04-06 13:34:14 - Epoch [2/50] LR: 5.00e-06/5.00e-05 | Loss: 1.7090 (seg=0.2923, cls=0.7083) | Acc: 0.5663 | Dice: 0.9423 | 16.1s
2026-04-06 13:34:14 - --------------------------------------------------
2026-04-06 13:34:16 - [Val (EMA)] Cls — Acc: 0.7459 | P(macro): 0.3730 | R(macro): 0.5000 | F1(macro): 0.4272
2026-04-06 13:34:16 - [Val (EMA)] Seg — Lesion IoU: 0.0040 | Lesion Dice: 0.0081
2026-04-06 13:34:16 - [Val (EMA)] Classification Report:
              precision    recall  f1-score   support

      benign     0.0000    0.0000    0.0000        47
    no_tumor     0.7459    1.0000    0.8545       138

    accuracy                         0.7459       185
   macro avg     0.3730    0.5000    0.4272       185
weighted avg     0.5564    0.7459    0.6374       185

2026-04-06 13:34:16 - 无提升 (1/10)
2026-04-06 13:34:16 - --------------------------------------------------
2026-04-06 13:34:32 - Epoch [3/50] LR: 7.50e-06/7.50e-05 | Loss: 1.6002 (seg=0.2165, cls=0.6919) | Acc: 0.6587 | Dice: 0.9587 | 16.3s
2026-04-06 13:34:32 - --------------------------------------------------
2026-04-06 13:34:33 - [Val (EMA)] Cls — Acc: 0.7459 | P(macro): 0.3730 | R(macro): 0.5000 | F1(macro): 0.4272
2026-04-06 13:34:33 - [Val (EMA)] Seg — Lesion IoU: 0.0041 | Lesion Dice: 0.0081
2026-04-06 13:34:33 - [Val (EMA)] Classification Report:
              precision    recall  f1-score   support

      benign     0.0000    0.0000    0.0000        47
    no_tumor     0.7459    1.0000    0.8545       138

    accuracy                         0.7459       185
   macro avg     0.3730    0.5000    0.4272       185
weighted avg     0.5564    0.7459    0.6374       185

2026-04-06 13:34:33 - 无提升 (2/10)
2026-04-06 13:34:33 - --------------------------------------------------
2026-04-06 13:34:48 - Epoch [4/50] LR: 1.00e-05/1.00e-04 | Loss: 1.5141 (seg=0.1700, cls=0.6721) | Acc: 0.6327 | Dice: 0.9677 | 15.3s
2026-04-06 13:34:48 - --------------------------------------------------
2026-04-06 13:34:49 - [Val (EMA)] Cls — Acc: 0.7459 | P(macro): 0.3730 | R(macro): 0.5000 | F1(macro): 0.4272
2026-04-06 13:34:49 - [Val (EMA)] Seg — Lesion IoU: 0.0041 | Lesion Dice: 0.0081
2026-04-06 13:34:49 - [Val (EMA)] Classification Report:
              precision    recall  f1-score   support

      benign     0.0000    0.0000    0.0000        47
    no_tumor     0.7459    1.0000    0.8545       138

    accuracy                         0.7459       185
   macro avg     0.3730    0.5000    0.4272       185
weighted avg     0.5564    0.7459    0.6374       185

2026-04-06 13:34:49 - 无提升 (3/10)
2026-04-06 13:34:49 - --------------------------------------------------
2026-04-06 13:35:05 - Epoch [5/50] LR: 1.25e-05/1.25e-04 | Loss: 1.4322 (seg=0.1360, cls=0.6481) | Acc: 0.7154 | Dice: 0.9723 | 15.3s
2026-04-06 13:35:05 - --------------------------------------------------
2026-04-06 13:35:06 - [Val (EMA)] Cls — Acc: 0.7459 | P(macro): 0.3730 | R(macro): 0.5000 | F1(macro): 0.4272
2026-04-06 13:35:06 - [Val (EMA)] Seg — Lesion IoU: 0.0041 | Lesion Dice: 0.0082
2026-04-06 13:35:06 - [Val (EMA)] Classification Report:
              precision    recall  f1-score   support

      benign     0.0000    0.0000    0.0000        47
    no_tumor     0.7459    1.0000    0.8545       138

    accuracy                         0.7459       185
   macro avg     0.3730    0.5000    0.4272       185
weighted avg     0.5564    0.7459    0.6374       185

2026-04-06 13:35:06 - 无提升 (4/10)
2026-04-06 13:35:06 - --------------------------------------------------
2026-04-06 13:35:21 - Epoch [6/50] LR: 1.50e-05/1.50e-04 | Loss: 1.3825 (seg=0.1090, cls=0.6368) | Acc: 0.7058 | Dice: 0.9760 | 15.3s
2026-04-06 13:35:21 - --------------------------------------------------
2026-04-06 13:35:22 - [Val (EMA)] Cls — Acc: 0.7459 | P(macro): 0.3730 | R(macro): 0.5000 | F1(macro): 0.4272
2026-04-06 13:35:22 - [Val (EMA)] Seg — Lesion IoU: 0.0041 | Lesion Dice: 0.0082
2026-04-06 13:35:22 - [Val (EMA)] Classification Report:
              precision    recall  f1-score   support

      benign     0.0000    0.0000    0.0000        47
    no_tumor     0.7459    1.0000    0.8545       138

    accuracy                         0.7459       185
   macro avg     0.3730    0.5000    0.4272       185
weighted avg     0.5564    0.7459    0.6374       185

2026-04-06 13:35:22 - 无提升 (5/10)
2026-04-06 13:35:22 - --------------------------------------------------
2026-04-06 13:35:38 - Epoch [7/50] LR: 1.75e-05/1.75e-04 | Loss: 1.3547 (seg=0.0896, cls=0.6326) | Acc: 0.7269 | Dice: 0.9768 | 15.6s
2026-04-06 13:35:38 - --------------------------------------------------
2026-04-06 13:35:39 - [Val (EMA)] Cls — Acc: 0.7459 | P(macro): 0.3730 | R(macro): 0.5000 | F1(macro): 0.4272
2026-04-06 13:35:39 - [Val (EMA)] Seg — Lesion IoU: 0.0041 | Lesion Dice: 0.0082
2026-04-06 13:35:39 - [Val (EMA)] Classification Report:
              precision    recall  f1-score   support

      benign     0.0000    0.0000    0.0000        47
    no_tumor     0.7459    1.0000    0.8545       138

    accuracy                         0.7459       185
   macro avg     0.3730    0.5000    0.4272       185
weighted avg     0.5564    0.7459    0.6374       185

2026-04-06 13:35:39 - 无提升 (6/10)
2026-04-06 13:35:39 - --------------------------------------------------
2026-04-06 13:35:55 - Epoch [8/50] LR: 2.00e-05/2.00e-04 | Loss: 1.2858 (seg=0.0709, cls=0.6075) | Acc: 0.7596 | Dice: 0.9793 | 15.8s
2026-04-06 13:35:55 - --------------------------------------------------
2026-04-06 13:35:56 - [Val (EMA)] Cls — Acc: 0.7459 | P(macro): 0.3730 | R(macro): 0.5000 | F1(macro): 0.4272
2026-04-06 13:35:56 - [Val (EMA)] Seg — Lesion IoU: 0.0042 | Lesion Dice: 0.0083
2026-04-06 13:35:56 - [Val (EMA)] Classification Report:
              precision    recall  f1-score   support

      benign     0.0000    0.0000    0.0000        47
    no_tumor     0.7459    1.0000    0.8545       138

    accuracy                         0.7459       185
   macro avg     0.3730    0.5000    0.4272       185
weighted avg     0.5564    0.7459    0.6374       185

2026-04-06 13:35:56 - 无提升 (7/10)
2026-04-06 13:35:56 - --------------------------------------------------
2026-04-06 13:36:12 - Epoch [9/50] LR: 2.00e-05/2.00e-04 | Loss: 1.2643 (seg=0.0577, cls=0.6033) | Acc: 0.7471 | Dice: 0.9825 | 15.4s
2026-04-06 13:36:12 - --------------------------------------------------
2026-04-06 13:36:13 - [Val (EMA)] Cls — Acc: 0.7459 | P(macro): 0.3730 | R(macro): 0.5000 | F1(macro): 0.4272
2026-04-06 13:36:13 - [Val (EMA)] Seg — Lesion IoU: 0.0042 | Lesion Dice: 0.0083
2026-04-06 13:36:13 - [Val (EMA)] Classification Report:
              precision    recall  f1-score   support

      benign     0.0000    0.0000    0.0000        47
    no_tumor     0.7459    1.0000    0.8545       138

    accuracy                         0.7459       185
   macro avg     0.3730    0.5000    0.4272       185
weighted avg     0.5564    0.7459    0.6374       185

2026-04-06 13:36:13 - 无提升 (8/10)
2026-04-06 13:36:13 - --------------------------------------------------
2026-04-06 13:36:29 - Epoch [10/50] LR: 1.99e-05/1.99e-04 | Loss: 1.2130 (seg=0.0479, cls=0.5826) | Acc: 0.7712 | Dice: 0.9829 | 16.5s
2026-04-06 13:36:29 - --------------------------------------------------
2026-04-06 13:36:31 - [Val (EMA)] Cls — Acc: 0.7459 | P(macro): 0.3730 | R(macro): 0.5000 | F1(macro): 0.4272
2026-04-06 13:36:31 - [Val (EMA)] Seg — Lesion IoU: 0.0042 | Lesion Dice: 0.0083
2026-04-06 13:36:31 - [Val (EMA)] Classification Report:
              precision    recall  f1-score   support

      benign     0.0000    0.0000    0.0000        47
    no_tumor     0.7459    1.0000    0.8545       138

    accuracy                         0.7459       185
   macro avg     0.3730    0.5000    0.4272       185
weighted avg     0.5564    0.7459    0.6374       185

2026-04-06 13:36:31 - 无提升 (9/10)
2026-04-06 13:36:31 - --------------------------------------------------
2026-04-06 13:36:45 - Epoch [11/50] LR: 1.98e-05/1.98e-04 | Loss: 1.2061 (seg=0.0405, cls=0.5828) | Acc: 0.7875 | Dice: 0.9837 | 14.5s
2026-04-06 13:36:45 - --------------------------------------------------
2026-04-06 13:36:46 - [Val (EMA)] Cls — Acc: 0.7459 | P(macro): 0.3730 | R(macro): 0.5000 | F1(macro): 0.4272
2026-04-06 13:36:46 - [Val (EMA)] Seg — Lesion IoU: 0.0042 | Lesion Dice: 0.0084
2026-04-06 13:36:46 - [Val (EMA)] Classification Report:
              precision    recall  f1-score   support

      benign     0.0000    0.0000    0.0000        47
    no_tumor     0.7459    1.0000    0.8545       138

    accuracy                         0.7459       185
   macro avg     0.3730    0.5000    0.4272       185
weighted avg     0.5564    0.7459    0.6374       185

2026-04-06 13:36:46 - 无提升 (10/10)
2026-04-06 13:36:46 - Early stopping at epoch 11 (patience=10)
2026-04-06 13:36:46 - 
======================================================================
2026-04-06 13:36:46 - 训练完成! 最优: Epoch 1, Val F1: 0.4272
2026-04-06 13:36:46 - ======================================================================
2026-04-06 13:36:46 - 
======================================================================
2026-04-06 13:36:46 - 最终测试结果 (最优权重)
2026-04-06 13:36:46 - ======================================================================
2026-04-06 13:36:48 - [Final Test] Cls — Acc: 0.7553 | P(macro): 0.8774 | R(macro): 0.5039 | F1(macro): 0.4378
2026-04-06 13:36:48 - [Final Test] Seg — Lesion IoU: 0.0042 | Lesion Dice: 0.0083
2026-04-06 13:36:48 - [Final Test] Classification Report:
              precision    recall  f1-score   support

      benign     1.0000    0.0078    0.0154       129
    no_tumor     0.7548    1.0000    0.8603       394

    accuracy                         0.7553       523
   macro avg     0.8774    0.5039    0.4378       523
weighted avg     0.8153    0.7553    0.6519       523

2026-04-06 13:36:51 - 最优阈值: 0.485 (F1: 0.4865 vs 默认 F1: 0.4272)
2026-04-06 13:36:53 - [Final Test (最优阈值)] Threshold: 0.485 | Acc: 0.6577 | P(macro): 0.4888 | R(macro): 0.4913 | F1(macro): 0.4865
2026-04-06 13:36:53 - [Final Test (最优阈值)] Classification Report:
              precision    recall  f1-score   support

      benign     0.2283    0.1628    0.1900       129
    no_tumor     0.7494    0.8198    0.7830       394

    accuracy                         0.6577       523
   macro avg     0.4888    0.4913    0.4865       523
weighted avg     0.6209    0.6577    0.6368       523

2026-04-06 13:36:53 - 脚本已复制到: /data1/ouyangxinglong/GBP-Cascade/0406/logs/20260406_task2_SwinV2Tiny_segcls_12/20260406_task2_SwinV2Tiny_segcls_12.py
