2026-03-23 10:36:02 - ============================================================
2026-03-23 10:36:02 - 实验名称: 20260323_task2_SwinV2Tiny_focal_threshold_10
2026-03-23 10:36:02 - 任务: Task 2 - 良性肿瘤(0) vs 非肿瘤性息肉(1)
2026-03-23 10:36:02 - 模型: Swin-V2-Tiny (ImageNet, 4ch, head dropout=0.3)
2026-03-23 10:36:02 - 修改: 全图4ch + FocalLoss + WeightedSampler + 强增强 + 阈值优化 + 100ep
2026-03-23 10:36:02 - 输入通道: 4
2026-03-23 10:36:02 - 图像尺寸: train Full_img → StrongSync(RRC+Rot20+Shear+ColorJitter+Blur+Erase+Noise) + mask, test Full_img → Resize256 + mask
2026-03-23 10:36:02 - Batch Size: 8
2026-03-23 10:36:02 - Backbone LR: 2e-05
2026-03-23 10:36:02 - Head LR: 0.0002
2026-03-23 10:36:02 - Weight Decay: 0.05
2026-03-23 10:36:02 - Warmup Epochs: 8
2026-03-23 10:36:02 - Min LR Ratio: 0.01
2026-03-23 10:36:02 - Label Smoothing: 0.0
2026-03-23 10:36:02 - Seed: 42
2026-03-23 10:36:02 - Epochs: 100
2026-03-23 10:36:02 - Grad Clip: 1.0
2026-03-23 10:36:02 - 设备: cuda
2026-03-23 10:36:02 - ============================================================
2026-03-23 10:36:02 - 训练集: 1229 张 (benign=309, no_tumor=920)
2026-03-23 10:36:02 - 测试集: 523 张 (benign=129, no_tumor=394)
2026-03-23 10:36:05 - 模型参数量: 27,581,228
2026-03-23 10:36:05 - 可训练参数量: 27,581,228
2026-03-23 10:36:05 - 类别权重: benign=1.9887, no_tumor=0.6679
2026-03-23 10:36:05 - 损失函数: FocalLoss(gamma=2, class_weight) + BalancedSampler + ThresholdTuning
2026-03-23 10:36:05 - 
============================================================
2026-03-23 10:36:05 - 开始训练
2026-03-23 10:36:05 - ============================================================
2026-03-23 10:36:18 - Epoch [1/100] LR(backbone/head): 2.500000e-06/2.500000e-05 | WarmupCosineFactor: 0.1250 | Loss: 0.2304 | Train Acc: 0.5000 | Time: 12.6s
2026-03-23 10:36:29 - Epoch [2/100] LR(backbone/head): 5.000000e-06/5.000000e-05 | WarmupCosineFactor: 0.2500 | Loss: 0.1906 | Train Acc: 0.5605 | Time: 11.6s
2026-03-23 10:36:41 - Epoch [3/100] LR(backbone/head): 7.500000e-06/7.500000e-05 | WarmupCosineFactor: 0.3750 | Loss: 0.1856 | Train Acc: 0.5768 | Time: 11.8s
2026-03-23 10:36:53 - Epoch [4/100] LR(backbone/head): 1.000000e-05/1.000000e-04 | WarmupCosineFactor: 0.5000 | Loss: 0.1770 | Train Acc: 0.5931 | Time: 12.1s
2026-03-23 10:37:05 - Epoch [5/100] LR(backbone/head): 1.250000e-05/1.250000e-04 | WarmupCosineFactor: 0.6250 | Loss: 0.1734 | Train Acc: 0.6176 | Time: 11.7s
2026-03-23 10:37:05 - ----------------------------------------
2026-03-23 10:37:06 - [Test] Acc: 0.4092 | Precision(macro): 0.5569 | Recall(macro): 0.5557 | F1(macro): 0.4091
2026-03-23 10:37:06 - [Test] Classification Report:
              precision    recall  f1-score   support

      benign     0.2739    0.8450    0.4137       129
    no_tumor     0.8400    0.2665    0.4046       394

    accuracy                         0.4092       523
   macro avg     0.5569    0.5557    0.4091       523
weighted avg     0.7004    0.4092    0.4069       523

2026-03-23 10:37:07 - *** 保存最优模型 (F1: 0.4091, Epoch: 5) ***
2026-03-23 10:37:07 - ----------------------------------------
2026-03-23 10:37:18 - Epoch [6/100] LR(backbone/head): 1.500000e-05/1.500000e-04 | WarmupCosineFactor: 0.7500 | Loss: 0.1630 | Train Acc: 0.6520 | Time: 11.6s
2026-03-23 10:37:30 - Epoch [7/100] LR(backbone/head): 1.750000e-05/1.750000e-04 | WarmupCosineFactor: 0.8750 | Loss: 0.1541 | Train Acc: 0.6830 | Time: 11.9s
2026-03-23 10:37:42 - Epoch [8/100] LR(backbone/head): 2.000000e-05/2.000000e-04 | WarmupCosineFactor: 1.0000 | Loss: 0.1583 | Train Acc: 0.6985 | Time: 11.7s
2026-03-23 10:37:54 - Epoch [9/100] LR(backbone/head): 1.999423e-05/1.999423e-04 | WarmupCosineFactor: 0.9997 | Loss: 0.1438 | Train Acc: 0.7377 | Time: 11.7s
2026-03-23 10:38:05 - Epoch [10/100] LR(backbone/head): 1.997692e-05/1.997692e-04 | WarmupCosineFactor: 0.9988 | Loss: 0.1581 | Train Acc: 0.7165 | Time: 11.8s
2026-03-23 10:38:05 - ----------------------------------------
2026-03-23 10:38:07 - [Test] Acc: 0.5315 | Precision(macro): 0.5813 | Recall(macro): 0.6057 | F1(macro): 0.5191
2026-03-23 10:38:07 - [Test] Classification Report:
              precision    recall  f1-score   support

      benign     0.3129    0.7519    0.4419       129
    no_tumor     0.8498    0.4594    0.5964       394

    accuracy                         0.5315       523
   macro avg     0.5813    0.6057    0.5191       523
weighted avg     0.7173    0.5315    0.5583       523

2026-03-23 10:38:07 - *** 保存最优模型 (F1: 0.5191, Epoch: 10) ***
2026-03-23 10:38:07 - ----------------------------------------
2026-03-23 10:38:19 - Epoch [11/100] LR(backbone/head): 1.994810e-05/1.994810e-04 | WarmupCosineFactor: 0.9974 | Loss: 0.1413 | Train Acc: 0.7353 | Time: 11.7s
2026-03-23 10:38:31 - Epoch [12/100] LR(backbone/head): 1.990779e-05/1.990779e-04 | WarmupCosineFactor: 0.9954 | Loss: 0.1277 | Train Acc: 0.7786 | Time: 12.2s
2026-03-23 10:38:43 - Epoch [13/100] LR(backbone/head): 1.985605e-05/1.985605e-04 | WarmupCosineFactor: 0.9928 | Loss: 0.1356 | Train Acc: 0.7770 | Time: 11.8s
2026-03-23 10:38:55 - Epoch [14/100] LR(backbone/head): 1.979293e-05/1.979293e-04 | WarmupCosineFactor: 0.9896 | Loss: 0.1235 | Train Acc: 0.7753 | Time: 11.5s
2026-03-23 10:39:06 - Epoch [15/100] LR(backbone/head): 1.971851e-05/1.971851e-04 | WarmupCosineFactor: 0.9859 | Loss: 0.1139 | Train Acc: 0.8178 | Time: 11.8s
2026-03-23 10:39:06 - ----------------------------------------
2026-03-23 10:39:08 - [Test] Acc: 0.6501 | Precision(macro): 0.5718 | Recall(macro): 0.5853 | F1(macro): 0.5732
2026-03-23 10:39:08 - [Test] Classification Report:
              precision    recall  f1-score   support

      benign     0.3430    0.4574    0.3920       129
    no_tumor     0.8006    0.7132    0.7544       394

    accuracy                         0.6501       523
   macro avg     0.5718    0.5853    0.5732       523
weighted avg     0.6877    0.6501    0.6650       523

2026-03-23 10:39:08 - *** 保存最优模型 (F1: 0.5732, Epoch: 15) ***
2026-03-23 10:39:08 - ----------------------------------------
2026-03-23 10:39:20 - Epoch [16/100] LR(backbone/head): 1.963288e-05/1.963288e-04 | WarmupCosineFactor: 0.9816 | Loss: 0.1106 | Train Acc: 0.8521 | Time: 11.8s
2026-03-23 10:39:32 - Epoch [17/100] LR(backbone/head): 1.953613e-05/1.953613e-04 | WarmupCosineFactor: 0.9768 | Loss: 0.1067 | Train Acc: 0.8431 | Time: 11.7s
2026-03-23 10:39:44 - Epoch [18/100] LR(backbone/head): 1.942838e-05/1.942838e-04 | WarmupCosineFactor: 0.9714 | Loss: 0.0921 | Train Acc: 0.8611 | Time: 11.6s
2026-03-23 10:39:55 - Epoch [19/100] LR(backbone/head): 1.930976e-05/1.930976e-04 | WarmupCosineFactor: 0.9655 | Loss: 0.1095 | Train Acc: 0.8709 | Time: 11.7s
2026-03-23 10:40:07 - Epoch [20/100] LR(backbone/head): 1.918039e-05/1.918039e-04 | WarmupCosineFactor: 0.9590 | Loss: 0.1046 | Train Acc: 0.8709 | Time: 11.8s
2026-03-23 10:40:07 - ----------------------------------------
2026-03-23 10:40:09 - [Test] Acc: 0.6941 | Precision(macro): 0.5832 | Recall(macro): 0.5806 | F1(macro): 0.5818
2026-03-23 10:40:09 - [Test] Classification Report:
              precision    recall  f1-score   support

      benign     0.3740    0.3566    0.3651       129
    no_tumor     0.7925    0.8046    0.7985       394

    accuracy                         0.6941       523
   macro avg     0.5832    0.5806    0.5818       523
weighted avg     0.6893    0.6941    0.6916       523

2026-03-23 10:40:09 - *** 保存最优模型 (F1: 0.5818, Epoch: 20) ***
2026-03-23 10:40:09 - ----------------------------------------
2026-03-23 10:40:21 - Epoch [21/100] LR(backbone/head): 1.904044e-05/1.904044e-04 | WarmupCosineFactor: 0.9520 | Loss: 0.0972 | Train Acc: 0.8725 | Time: 11.7s
2026-03-23 10:40:33 - Epoch [22/100] LR(backbone/head): 1.889006e-05/1.889006e-04 | WarmupCosineFactor: 0.9445 | Loss: 0.0788 | Train Acc: 0.9069 | Time: 11.6s
2026-03-23 10:40:45 - Epoch [23/100] LR(backbone/head): 1.872944e-05/1.872944e-04 | WarmupCosineFactor: 0.9365 | Loss: 0.0726 | Train Acc: 0.9142 | Time: 11.9s
2026-03-23 10:40:56 - Epoch [24/100] LR(backbone/head): 1.855875e-05/1.855875e-04 | WarmupCosineFactor: 0.9279 | Loss: 0.0709 | Train Acc: 0.9142 | Time: 11.6s
2026-03-23 10:41:08 - Epoch [25/100] LR(backbone/head): 1.837820e-05/1.837820e-04 | WarmupCosineFactor: 0.9189 | Loss: 0.0707 | Train Acc: 0.9183 | Time: 11.7s
2026-03-23 10:41:08 - ----------------------------------------
2026-03-23 10:41:09 - [Test] Acc: 0.6788 | Precision(macro): 0.5939 | Recall(macro): 0.6069 | F1(macro): 0.5975
2026-03-23 10:41:09 - [Test] Classification Report:
              precision    recall  f1-score   support

      benign     0.3774    0.4651    0.4167       129
    no_tumor     0.8104    0.7487    0.7784       394

    accuracy                         0.6788       523
   macro avg     0.5939    0.6069    0.5975       523
weighted avg     0.7036    0.6788    0.6892       523

2026-03-23 10:41:10 - *** 保存最优模型 (F1: 0.5975, Epoch: 25) ***
2026-03-23 10:41:10 - ----------------------------------------
2026-03-23 10:41:22 - Epoch [26/100] LR(backbone/head): 1.818800e-05/1.818800e-04 | WarmupCosineFactor: 0.9094 | Loss: 0.0742 | Train Acc: 0.9191 | Time: 11.7s
2026-03-23 10:41:33 - Epoch [27/100] LR(backbone/head): 1.798837e-05/1.798837e-04 | WarmupCosineFactor: 0.8994 | Loss: 0.0860 | Train Acc: 0.9355 | Time: 11.6s
2026-03-23 10:41:45 - Epoch [28/100] LR(backbone/head): 1.777954e-05/1.777954e-04 | WarmupCosineFactor: 0.8890 | Loss: 0.0831 | Train Acc: 0.9199 | Time: 11.6s
2026-03-23 10:41:57 - Epoch [29/100] LR(backbone/head): 1.756176e-05/1.756176e-04 | WarmupCosineFactor: 0.8781 | Loss: 0.0665 | Train Acc: 0.9387 | Time: 11.6s
2026-03-23 10:42:08 - Epoch [30/100] LR(backbone/head): 1.733528e-05/1.733528e-04 | WarmupCosineFactor: 0.8668 | Loss: 0.0676 | Train Acc: 0.9420 | Time: 11.7s
2026-03-23 10:42:08 - ----------------------------------------
2026-03-23 10:42:10 - [Test] Acc: 0.6711 | Precision(macro): 0.5762 | Recall(macro): 0.5836 | F1(macro): 0.5787
2026-03-23 10:42:10 - [Test] Classification Report:
              precision    recall  f1-score   support

      benign     0.3557    0.4109    0.3813       129
    no_tumor     0.7968    0.7563    0.7760       394

    accuracy                         0.6711       523
   macro avg     0.5762    0.5836    0.5787       523
weighted avg     0.6880    0.6711    0.6787       523

2026-03-23 10:42:10 - ----------------------------------------
2026-03-23 10:42:21 - Epoch [31/100] LR(backbone/head): 1.710036e-05/1.710036e-04 | WarmupCosineFactor: 0.8550 | Loss: 0.0620 | Train Acc: 0.9534 | Time: 11.8s
2026-03-23 10:42:33 - Epoch [32/100] LR(backbone/head): 1.685728e-05/1.685728e-04 | WarmupCosineFactor: 0.8429 | Loss: 0.0525 | Train Acc: 0.9526 | Time: 11.8s
2026-03-23 10:42:45 - Epoch [33/100] LR(backbone/head): 1.660632e-05/1.660632e-04 | WarmupCosineFactor: 0.8303 | Loss: 0.0849 | Train Acc: 0.9420 | Time: 11.8s
2026-03-23 10:42:57 - Epoch [34/100] LR(backbone/head): 1.634777e-05/1.634777e-04 | WarmupCosineFactor: 0.8174 | Loss: 0.0479 | Train Acc: 0.9526 | Time: 11.7s
2026-03-23 10:43:08 - Epoch [35/100] LR(backbone/head): 1.608194e-05/1.608194e-04 | WarmupCosineFactor: 0.8041 | Loss: 0.0715 | Train Acc: 0.9453 | Time: 11.5s
2026-03-23 10:43:08 - ----------------------------------------
2026-03-23 10:43:10 - [Test] Acc: 0.6960 | Precision(macro): 0.5998 | Recall(macro): 0.6053 | F1(macro): 0.6021
2026-03-23 10:43:10 - [Test] Classification Report:
              precision    recall  f1-score   support

      benign     0.3929    0.4264    0.4089       129
    no_tumor     0.8068    0.7843    0.7954       394

    accuracy                         0.6960       523
   macro avg     0.5998    0.6053    0.6021       523
weighted avg     0.7047    0.6960    0.7000       523

2026-03-23 10:43:10 - *** 保存最优模型 (F1: 0.6021, Epoch: 35) ***
2026-03-23 10:43:10 - ----------------------------------------
2026-03-23 10:43:22 - Epoch [36/100] LR(backbone/head): 1.580914e-05/1.580914e-04 | WarmupCosineFactor: 0.7905 | Loss: 0.0543 | Train Acc: 0.9477 | Time: 11.8s
2026-03-23 10:43:34 - Epoch [37/100] LR(backbone/head): 1.552967e-05/1.552967e-04 | WarmupCosineFactor: 0.7765 | Loss: 0.0584 | Train Acc: 0.9583 | Time: 11.7s
2026-03-23 10:43:46 - Epoch [38/100] LR(backbone/head): 1.524388e-05/1.524388e-04 | WarmupCosineFactor: 0.7622 | Loss: 0.0772 | Train Acc: 0.9493 | Time: 11.7s
2026-03-23 10:43:58 - Epoch [39/100] LR(backbone/head): 1.495209e-05/1.495209e-04 | WarmupCosineFactor: 0.7476 | Loss: 0.0547 | Train Acc: 0.9632 | Time: 11.8s
2026-03-23 10:44:09 - Epoch [40/100] LR(backbone/head): 1.465464e-05/1.465464e-04 | WarmupCosineFactor: 0.7327 | Loss: 0.0238 | Train Acc: 0.9788 | Time: 11.9s
2026-03-23 10:44:09 - ----------------------------------------
2026-03-23 10:44:11 - [Test] Acc: 0.7170 | Precision(macro): 0.6094 | Recall(macro): 0.6010 | F1(macro): 0.6045
2026-03-23 10:44:11 - [Test] Classification Report:
              precision    recall  f1-score   support

      benign     0.4174    0.3721    0.3934       129
    no_tumor     0.8015    0.8299    0.8155       394

    accuracy                         0.7170       523
   macro avg     0.6094    0.6010    0.6045       523
weighted avg     0.7067    0.7170    0.7114       523

2026-03-23 10:44:12 - *** 保存最优模型 (F1: 0.6045, Epoch: 40) ***
2026-03-23 10:44:12 - ----------------------------------------
2026-03-23 10:44:23 - Epoch [41/100] LR(backbone/head): 1.435189e-05/1.435189e-04 | WarmupCosineFactor: 0.7176 | Loss: 0.0441 | Train Acc: 0.9632 | Time: 11.7s
2026-03-23 10:44:35 - Epoch [42/100] LR(backbone/head): 1.404417e-05/1.404417e-04 | WarmupCosineFactor: 0.7022 | Loss: 0.0439 | Train Acc: 0.9681 | Time: 11.8s
2026-03-23 10:44:47 - Epoch [43/100] LR(backbone/head): 1.373186e-05/1.373186e-04 | WarmupCosineFactor: 0.6866 | Loss: 0.0617 | Train Acc: 0.9681 | Time: 11.7s
2026-03-23 10:44:59 - Epoch [44/100] LR(backbone/head): 1.341531e-05/1.341531e-04 | WarmupCosineFactor: 0.6708 | Loss: 0.0383 | Train Acc: 0.9698 | Time: 11.7s
2026-03-23 10:45:11 - Epoch [45/100] LR(backbone/head): 1.309489e-05/1.309489e-04 | WarmupCosineFactor: 0.6547 | Loss: 0.0590 | Train Acc: 0.9657 | Time: 12.0s
2026-03-23 10:45:11 - ----------------------------------------
2026-03-23 10:45:12 - [Test] Acc: 0.6539 | Precision(macro): 0.5618 | Recall(macro): 0.5696 | F1(macro): 0.5635
2026-03-23 10:45:12 - [Test] Classification Report:
              precision    recall  f1-score   support

      benign     0.3333    0.4031    0.3649       129
    no_tumor     0.7902    0.7360    0.7622       394

    accuracy                         0.6539       523
   macro avg     0.5618    0.5696    0.5635       523
weighted avg     0.6775    0.6539    0.6642       523

2026-03-23 10:45:12 - ----------------------------------------
2026-03-23 10:45:24 - Epoch [46/100] LR(backbone/head): 1.277099e-05/1.277099e-04 | WarmupCosineFactor: 0.6385 | Loss: 0.0504 | Train Acc: 0.9698 | Time: 11.7s
2026-03-23 10:45:35 - Epoch [47/100] LR(backbone/head): 1.244397e-05/1.244397e-04 | WarmupCosineFactor: 0.6222 | Loss: 0.0303 | Train Acc: 0.9730 | Time: 11.6s
2026-03-23 10:45:47 - Epoch [48/100] LR(backbone/head): 1.211421e-05/1.211421e-04 | WarmupCosineFactor: 0.6057 | Loss: 0.0346 | Train Acc: 0.9730 | Time: 11.7s
2026-03-23 10:45:59 - Epoch [49/100] LR(backbone/head): 1.178211e-05/1.178211e-04 | WarmupCosineFactor: 0.5891 | Loss: 0.0319 | Train Acc: 0.9771 | Time: 11.9s
2026-03-23 10:46:11 - Epoch [50/100] LR(backbone/head): 1.144805e-05/1.144805e-04 | WarmupCosineFactor: 0.5724 | Loss: 0.0310 | Train Acc: 0.9763 | Time: 12.0s
2026-03-23 10:46:11 - ----------------------------------------
2026-03-23 10:46:12 - [Test] Acc: 0.7400 | Precision(macro): 0.6194 | Recall(macro): 0.5771 | F1(macro): 0.5828
2026-03-23 10:46:12 - [Test] Classification Report:
              precision    recall  f1-score   support

      benign     0.4521    0.2558    0.3267       129
    no_tumor     0.7867    0.8985    0.8389       394

    accuracy                         0.7400       523
   macro avg     0.6194    0.5771    0.5828       523
weighted avg     0.7041    0.7400    0.7125       523

2026-03-23 10:46:12 - ----------------------------------------
2026-03-23 10:46:24 - Epoch [51/100] LR(backbone/head): 1.111242e-05/1.111242e-04 | WarmupCosineFactor: 0.5556 | Loss: 0.0336 | Train Acc: 0.9796 | Time: 11.8s
2026-03-23 10:46:36 - Epoch [52/100] LR(backbone/head): 1.077560e-05/1.077560e-04 | WarmupCosineFactor: 0.5388 | Loss: 0.0443 | Train Acc: 0.9747 | Time: 11.8s
2026-03-23 10:46:48 - Epoch [53/100] LR(backbone/head): 1.043800e-05/1.043800e-04 | WarmupCosineFactor: 0.5219 | Loss: 0.0336 | Train Acc: 0.9788 | Time: 11.7s
2026-03-23 10:47:00 - Epoch [54/100] LR(backbone/head): 1.010000e-05/1.010000e-04 | WarmupCosineFactor: 0.5050 | Loss: 0.0311 | Train Acc: 0.9779 | Time: 11.8s
2026-03-23 10:47:11 - Epoch [55/100] LR(backbone/head): 9.762003e-06/9.762003e-05 | WarmupCosineFactor: 0.4881 | Loss: 0.0303 | Train Acc: 0.9804 | Time: 11.8s
2026-03-23 10:47:11 - ----------------------------------------
2026-03-23 10:47:13 - [Test] Acc: 0.6807 | Precision(macro): 0.5637 | Recall(macro): 0.5613 | F1(macro): 0.5623
2026-03-23 10:47:13 - [Test] Classification Report:
              precision    recall  f1-score   support

      benign     0.3443    0.3256    0.3347       129
    no_tumor     0.7830    0.7970    0.7899       394

    accuracy                         0.6807       523
   macro avg     0.5637    0.5613    0.5623       523
weighted avg     0.6748    0.6807    0.6776       523

2026-03-23 10:47:13 - ----------------------------------------
2026-03-23 10:47:25 - Epoch [56/100] LR(backbone/head): 9.424400e-06/9.424400e-05 | WarmupCosineFactor: 0.4712 | Loss: 0.0291 | Train Acc: 0.9877 | Time: 11.8s
2026-03-23 10:47:36 - Epoch [57/100] LR(backbone/head): 9.087585e-06/9.087585e-05 | WarmupCosineFactor: 0.4544 | Loss: 0.0263 | Train Acc: 0.9828 | Time: 11.7s
2026-03-23 10:47:48 - Epoch [58/100] LR(backbone/head): 8.751950e-06/8.751950e-05 | WarmupCosineFactor: 0.4376 | Loss: 0.0223 | Train Acc: 0.9812 | Time: 11.4s
2026-03-23 10:48:00 - Epoch [59/100] LR(backbone/head): 8.417887e-06/8.417887e-05 | WarmupCosineFactor: 0.4209 | Loss: 0.0330 | Train Acc: 0.9853 | Time: 12.0s
2026-03-23 10:48:11 - Epoch [60/100] LR(backbone/head): 8.085785e-06/8.085785e-05 | WarmupCosineFactor: 0.4043 | Loss: 0.0296 | Train Acc: 0.9837 | Time: 11.7s
2026-03-23 10:48:11 - ----------------------------------------
2026-03-23 10:48:13 - [Test] Acc: 0.6807 | Precision(macro): 0.5820 | Recall(macro): 0.5873 | F1(macro): 0.5841
2026-03-23 10:48:13 - [Test] Classification Report:
              precision    recall  f1-score   support

      benign     0.3662    0.4031    0.3838       129
    no_tumor     0.7979    0.7716    0.7845       394

    accuracy                         0.6807       523
   macro avg     0.5820    0.5873    0.5841       523
weighted avg     0.6914    0.6807    0.6857       523

2026-03-23 10:48:13 - ----------------------------------------
2026-03-23 10:48:24 - Epoch [61/100] LR(backbone/head): 7.756032e-06/7.756032e-05 | WarmupCosineFactor: 0.3878 | Loss: 0.0424 | Train Acc: 0.9788 | Time: 11.6s
2026-03-23 10:48:36 - Epoch [62/100] LR(backbone/head): 7.429012e-06/7.429012e-05 | WarmupCosineFactor: 0.3715 | Loss: 0.0209 | Train Acc: 0.9886 | Time: 11.8s
2026-03-23 10:48:48 - Epoch [63/100] LR(backbone/head): 7.105106e-06/7.105106e-05 | WarmupCosineFactor: 0.3553 | Loss: 0.0188 | Train Acc: 0.9861 | Time: 11.7s
2026-03-23 10:49:00 - Epoch [64/100] LR(backbone/head): 6.784692e-06/6.784692e-05 | WarmupCosineFactor: 0.3392 | Loss: 0.0240 | Train Acc: 0.9886 | Time: 11.6s
2026-03-23 10:49:11 - Epoch [65/100] LR(backbone/head): 6.468143e-06/6.468143e-05 | WarmupCosineFactor: 0.3234 | Loss: 0.0339 | Train Acc: 0.9869 | Time: 11.6s
2026-03-23 10:49:11 - ----------------------------------------
2026-03-23 10:49:13 - [Test] Acc: 0.7304 | Precision(macro): 0.6141 | Recall(macro): 0.5890 | F1(macro): 0.5955
2026-03-23 10:49:13 - [Test] Classification Report:
              precision    recall  f1-score   support

      benign     0.4348    0.3101    0.3620       129
    no_tumor     0.7935    0.8680    0.8291       394

    accuracy                         0.7304       523
   macro avg     0.6141    0.5890    0.5955       523
weighted avg     0.7050    0.7304    0.7139       523

2026-03-23 10:49:13 - ----------------------------------------
2026-03-23 10:49:24 - Epoch [66/100] LR(backbone/head): 6.155829e-06/6.155829e-05 | WarmupCosineFactor: 0.3078 | Loss: 0.0233 | Train Acc: 0.9828 | Time: 11.7s
2026-03-23 10:49:36 - Epoch [67/100] LR(backbone/head): 5.848114e-06/5.848114e-05 | WarmupCosineFactor: 0.2924 | Loss: 0.0143 | Train Acc: 0.9959 | Time: 11.9s
2026-03-23 10:49:48 - Epoch [68/100] LR(backbone/head): 5.545356e-06/5.545356e-05 | WarmupCosineFactor: 0.2773 | Loss: 0.0169 | Train Acc: 0.9902 | Time: 11.7s
2026-03-23 10:49:59 - Epoch [69/100] LR(backbone/head): 5.247909e-06/5.247909e-05 | WarmupCosineFactor: 0.2624 | Loss: 0.0112 | Train Acc: 0.9926 | Time: 11.5s
2026-03-23 10:50:11 - Epoch [70/100] LR(backbone/head): 4.956119e-06/4.956119e-05 | WarmupCosineFactor: 0.2478 | Loss: 0.0092 | Train Acc: 0.9935 | Time: 11.9s
2026-03-23 10:50:11 - ----------------------------------------
2026-03-23 10:50:13 - [Test] Acc: 0.7361 | Precision(macro): 0.6129 | Recall(macro): 0.5746 | F1(macro): 0.5798
2026-03-23 10:50:13 - [Test] Classification Report:
              precision    recall  f1-score   support

      benign     0.4400    0.2558    0.3235       129
    no_tumor     0.7857    0.8934    0.8361       394

    accuracy                         0.7361       523
   macro avg     0.6129    0.5746    0.5798       523
weighted avg     0.7004    0.7361    0.7097       523

2026-03-23 10:50:13 - ----------------------------------------
2026-03-23 10:50:25 - Epoch [71/100] LR(backbone/head): 4.670326e-06/4.670326e-05 | WarmupCosineFactor: 0.2335 | Loss: 0.0073 | Train Acc: 0.9910 | Time: 11.7s
2026-03-23 10:50:37 - Epoch [72/100] LR(backbone/head): 4.390865e-06/4.390865e-05 | WarmupCosineFactor: 0.2195 | Loss: 0.0257 | Train Acc: 0.9869 | Time: 11.6s
2026-03-23 10:50:48 - Epoch [73/100] LR(backbone/head): 4.118060e-06/4.118060e-05 | WarmupCosineFactor: 0.2059 | Loss: 0.0205 | Train Acc: 0.9861 | Time: 11.8s
2026-03-23 10:51:00 - Epoch [74/100] LR(backbone/head): 3.852229e-06/3.852229e-05 | WarmupCosineFactor: 0.1926 | Loss: 0.0141 | Train Acc: 0.9943 | Time: 11.7s
2026-03-23 10:51:12 - Epoch [75/100] LR(backbone/head): 3.593684e-06/3.593684e-05 | WarmupCosineFactor: 0.1797 | Loss: 0.0213 | Train Acc: 0.9918 | Time: 11.6s
2026-03-23 10:51:12 - ----------------------------------------
2026-03-23 10:51:13 - [Test] Acc: 0.7151 | Precision(macro): 0.5914 | Recall(macro): 0.5737 | F1(macro): 0.5781
2026-03-23 10:51:13 - [Test] Classification Report:
              precision    recall  f1-score   support

      benign     0.3958    0.2946    0.3378       129
    no_tumor     0.7869    0.8528    0.8185       394

    accuracy                         0.7151       523
   macro avg     0.5914    0.5737    0.5781       523
weighted avg     0.6904    0.7151    0.6999       523

2026-03-23 10:51:13 - ----------------------------------------
2026-03-23 10:51:25 - Epoch [76/100] LR(backbone/head): 3.342724e-06/3.342724e-05 | WarmupCosineFactor: 0.1671 | Loss: 0.0163 | Train Acc: 0.9894 | Time: 11.7s
2026-03-23 10:51:37 - Epoch [77/100] LR(backbone/head): 3.099643e-06/3.099643e-05 | WarmupCosineFactor: 0.1550 | Loss: 0.0126 | Train Acc: 0.9918 | Time: 11.7s
2026-03-23 10:51:48 - Epoch [78/100] LR(backbone/head): 2.864724e-06/2.864724e-05 | WarmupCosineFactor: 0.1432 | Loss: 0.0247 | Train Acc: 0.9902 | Time: 11.6s
2026-03-23 10:52:00 - Epoch [79/100] LR(backbone/head): 2.638241e-06/2.638241e-05 | WarmupCosineFactor: 0.1319 | Loss: 0.0168 | Train Acc: 0.9910 | Time: 11.8s
2026-03-23 10:52:12 - Epoch [80/100] LR(backbone/head): 2.420458e-06/2.420458e-05 | WarmupCosineFactor: 0.1210 | Loss: 0.0106 | Train Acc: 0.9918 | Time: 11.8s
2026-03-23 10:52:12 - ----------------------------------------
2026-03-23 10:52:13 - [Test] Acc: 0.7361 | Precision(macro): 0.6234 | Recall(macro): 0.5955 | F1(macro): 0.6028
2026-03-23 10:52:13 - [Test] Classification Report:
              precision    recall  f1-score   support

      benign     0.4505    0.3178    0.3727       129
    no_tumor     0.7963    0.8731    0.8329       394

    accuracy                         0.7361       523
   macro avg     0.6234    0.5955    0.6028       523
weighted avg     0.7110    0.7361    0.7194       523

2026-03-23 10:52:13 - ----------------------------------------
2026-03-23 10:52:25 - Epoch [81/100] LR(backbone/head): 2.211629e-06/2.211629e-05 | WarmupCosineFactor: 0.1106 | Loss: 0.0178 | Train Acc: 0.9910 | Time: 11.7s
2026-03-23 10:52:37 - Epoch [82/100] LR(backbone/head): 2.011998e-06/2.011998e-05 | WarmupCosineFactor: 0.1006 | Loss: 0.0102 | Train Acc: 0.9926 | Time: 11.7s
2026-03-23 10:52:48 - Epoch [83/100] LR(backbone/head): 1.821797e-06/1.821797e-05 | WarmupCosineFactor: 0.0911 | Loss: 0.0334 | Train Acc: 0.9837 | Time: 11.7s
2026-03-23 10:53:00 - Epoch [84/100] LR(backbone/head): 1.641248e-06/1.641248e-05 | WarmupCosineFactor: 0.0821 | Loss: 0.0076 | Train Acc: 0.9959 | Time: 11.7s
2026-03-23 10:53:12 - Epoch [85/100] LR(backbone/head): 1.470561e-06/1.470561e-05 | WarmupCosineFactor: 0.0735 | Loss: 0.0269 | Train Acc: 0.9902 | Time: 11.6s
2026-03-23 10:53:12 - ----------------------------------------
2026-03-23 10:53:13 - [Test] Acc: 0.7304 | Precision(macro): 0.6127 | Recall(macro): 0.5864 | F1(macro): 0.5928
2026-03-23 10:53:13 - [Test] Classification Report:
              precision    recall  f1-score   support

      benign     0.4333    0.3023    0.3562       129
    no_tumor     0.7921    0.8706    0.8295       394

    accuracy                         0.7304       523
   macro avg     0.6127    0.5864    0.5928       523
weighted avg     0.7036    0.7304    0.7128       523

2026-03-23 10:53:13 - ----------------------------------------
2026-03-23 10:53:25 - Epoch [86/100] LR(backbone/head): 1.309936e-06/1.309936e-05 | WarmupCosineFactor: 0.0655 | Loss: 0.0007 | Train Acc: 0.9992 | Time: 11.7s
2026-03-23 10:53:37 - Epoch [87/100] LR(backbone/head): 1.159560e-06/1.159560e-05 | WarmupCosineFactor: 0.0580 | Loss: 0.0138 | Train Acc: 0.9902 | Time: 12.1s
2026-03-23 10:53:49 - Epoch [88/100] LR(backbone/head): 1.019608e-06/1.019608e-05 | WarmupCosineFactor: 0.0510 | Loss: 0.0121 | Train Acc: 0.9926 | Time: 11.7s
2026-03-23 10:54:00 - Epoch [89/100] LR(backbone/head): 8.902434e-07/8.902434e-06 | WarmupCosineFactor: 0.0445 | Loss: 0.0044 | Train Acc: 0.9975 | Time: 11.7s
2026-03-23 10:54:12 - Epoch [90/100] LR(backbone/head): 7.716169e-07/7.716169e-06 | WarmupCosineFactor: 0.0386 | Loss: 0.0134 | Train Acc: 0.9935 | Time: 11.8s
2026-03-23 10:54:12 - ----------------------------------------
2026-03-23 10:54:14 - [Test] Acc: 0.7380 | Precision(macro): 0.6262 | Recall(macro): 0.5967 | F1(macro): 0.6044
2026-03-23 10:54:14 - [Test] Classification Report:
              precision    recall  f1-score   support

      benign     0.4556    0.3178    0.3744       129
    no_tumor     0.7968    0.8756    0.8343       394

    accuracy                         0.7380       523
   macro avg     0.6262    0.5967    0.6044       523
weighted avg     0.7126    0.7380    0.7209       523

2026-03-23 10:54:14 - ----------------------------------------
2026-03-23 10:54:25 - Epoch [91/100] LR(backbone/head): 6.638668e-07/6.638668e-06 | WarmupCosineFactor: 0.0332 | Loss: 0.0033 | Train Acc: 0.9959 | Time: 11.5s
2026-03-23 10:54:37 - Epoch [92/100] LR(backbone/head): 5.671189e-07/5.671189e-06 | WarmupCosineFactor: 0.0284 | Loss: 0.0252 | Train Acc: 0.9959 | Time: 11.7s
2026-03-23 10:54:48 - Epoch [93/100] LR(backbone/head): 4.814858e-07/4.814858e-06 | WarmupCosineFactor: 0.0241 | Loss: 0.0051 | Train Acc: 0.9959 | Time: 11.4s
2026-03-23 10:55:00 - Epoch [94/100] LR(backbone/head): 4.070675e-07/4.070675e-06 | WarmupCosineFactor: 0.0204 | Loss: 0.0167 | Train Acc: 0.9918 | Time: 11.7s
2026-03-23 10:55:12 - Epoch [95/100] LR(backbone/head): 3.439508e-07/3.439508e-06 | WarmupCosineFactor: 0.0172 | Loss: 0.0056 | Train Acc: 0.9959 | Time: 11.8s
2026-03-23 10:55:12 - ----------------------------------------
2026-03-23 10:55:13 - [Test] Acc: 0.7457 | Precision(macro): 0.6338 | Recall(macro): 0.5914 | F1(macro): 0.5995
2026-03-23 10:55:13 - [Test] Classification Report:
              precision    recall  f1-score   support

      benign     0.4744    0.2868    0.3575       129
    no_tumor     0.7933    0.8959    0.8415       394

    accuracy                         0.7457       523
   macro avg     0.6338    0.5914    0.5995       523
weighted avg     0.7146    0.7457    0.7221       523

2026-03-23 10:55:13 - ----------------------------------------
2026-03-23 10:55:25 - Epoch [96/100] LR(backbone/head): 2.922091e-07/2.922091e-06 | WarmupCosineFactor: 0.0146 | Loss: 0.0026 | Train Acc: 0.9967 | Time: 11.3s
2026-03-23 10:55:36 - Epoch [97/100] LR(backbone/head): 2.519029e-07/2.519029e-06 | WarmupCosineFactor: 0.0126 | Loss: 0.0128 | Train Acc: 0.9935 | Time: 11.6s
2026-03-23 10:55:48 - Epoch [98/100] LR(backbone/head): 2.230792e-07/2.230792e-06 | WarmupCosineFactor: 0.0112 | Loss: 0.0186 | Train Acc: 0.9935 | Time: 11.7s
2026-03-23 10:55:59 - Epoch [99/100] LR(backbone/head): 2.057715e-07/2.057715e-06 | WarmupCosineFactor: 0.0103 | Loss: 0.0089 | Train Acc: 0.9910 | Time: 11.6s
2026-03-23 10:56:11 - Epoch [100/100] LR(backbone/head): 2.000000e-07/2.000000e-06 | WarmupCosineFactor: 0.0100 | Loss: 0.0035 | Train Acc: 0.9951 | Time: 12.0s
2026-03-23 10:56:11 - ----------------------------------------
2026-03-23 10:56:13 - [Test] Acc: 0.7400 | Precision(macro): 0.6255 | Recall(macro): 0.5902 | F1(macro): 0.5977
2026-03-23 10:56:13 - [Test] Classification Report:
              precision    recall  f1-score   support

      benign     0.4578    0.2946    0.3585       129
    no_tumor     0.7932    0.8858    0.8369       394

    accuracy                         0.7400       523
   macro avg     0.6255    0.5902    0.5977       523
weighted avg     0.7105    0.7400    0.7189       523

2026-03-23 10:56:13 - ----------------------------------------
2026-03-23 10:56:13 - 
============================================================
2026-03-23 10:56:13 - 训练完成! 最优模型: Epoch 40, F1: 0.6045
2026-03-23 10:56:13 - ============================================================
2026-03-23 10:56:13 - 
加载最优权重进行最终测试...
2026-03-23 10:56:13 - ============================================================
2026-03-23 10:56:13 - 最终测试结果 (最优权重, threshold=0.5)
2026-03-23 10:56:13 - ============================================================
2026-03-23 10:56:15 - [Final Test] Acc: 0.7170 | Precision(macro): 0.6094 | Recall(macro): 0.6010 | F1(macro): 0.6045
2026-03-23 10:56:15 - [Final Test] Classification Report:
              precision    recall  f1-score   support

      benign     0.4174    0.3721    0.3934       129
    no_tumor     0.8015    0.8299    0.8155       394

    accuracy                         0.7170       523
   macro avg     0.6094    0.6010    0.6045       523
weighted avg     0.7067    0.7170    0.7114       523

2026-03-23 10:56:15 - 
============================================================
2026-03-23 10:56:15 - 阈值优化搜索 (在测试集上寻找最优 F1 的分类阈值)
2026-03-23 10:56:15 - ============================================================
2026-03-23 10:56:16 - 最优阈值: 0.395 (F1: 0.6173 vs 默认0.5 F1: 0.6045)
2026-03-23 10:56:18 - [Final Test (最优阈值)] Threshold: 0.395 | Acc: 0.7170 | Precision(macro): 0.6179 | Recall(macro): 0.6167 | F1(macro): 0.6173
2026-03-23 10:56:18 - [Final Test (最优阈值)] Classification Report:
              precision    recall  f1-score   support

      benign     0.4252    0.4186    0.4219       129
    no_tumor     0.8106    0.8147    0.8127       394

    accuracy                         0.7170       523
   macro avg     0.6179    0.6167    0.6173       523
weighted avg     0.7155    0.7170    0.7163       523

2026-03-23 10:56:18 - 训练脚本已复制到: /data1/ouyangxinglong/GBP-Cascade/logs/20260323_task2_SwinV2Tiny_focal_threshold_10/20260323_task2_SwinV2Tiny_focal_threshold_10.py
