2026-03-18 16:46:05 - ============================================================
2026-03-18 16:46:05 - 实验名称: 20260318_task2_Resnet34_baseline_1
2026-03-18 16:46:05 - 任务: Task 2 - 良性肿瘤(0) vs 非肿瘤性息肉(1)
2026-03-18 16:46:05 - 模型: ResNet34 (ImageNet预训练)
2026-03-18 16:46:05 - 修改: baseline (仅替换backbone, 全参数微调, 无数据增强)
2026-03-18 16:46:05 - 图像尺寸: 224
2026-03-18 16:46:05 - Batch Size: 32
2026-03-18 16:46:05 - 学习率: 0.001
2026-03-18 16:46:05 - Weight Decay: 0.0001
2026-03-18 16:46:05 - Epochs: 100
2026-03-18 16:46:05 - 设备: cuda
2026-03-18 16:46:05 - ============================================================
2026-03-18 16:46:05 - 训练集: 1303 张 (benign=309, no_tumor=994)
2026-03-18 16:46:05 - 测试集: 564 张 (benign=129, no_tumor=435)
2026-03-18 16:46:06 - 模型参数量: 21,285,698
2026-03-18 16:46:06 - 可训练参数量: 21,285,698
2026-03-18 16:46:06 - 
============================================================
2026-03-18 16:46:06 - 开始训练
2026-03-18 16:46:06 - ============================================================
2026-03-18 16:46:12 - Epoch [1/100] LR: 0.001000 | Loss: 0.6634 | Train Acc: 0.7299 | Time: 5.5s
2026-03-18 16:46:15 - Epoch [2/100] LR: 0.001000 | Loss: 0.5837 | Train Acc: 0.7583 | Time: 3.2s
2026-03-18 16:46:18 - Epoch [3/100] LR: 0.001000 | Loss: 0.5557 | Train Acc: 0.7552 | Time: 3.4s
2026-03-18 16:46:18 - ----------------------------------------
2026-03-18 16:46:20 - [Test] Acc: 0.7270 | Precision(macro): 0.5089 | Recall(macro): 0.5040 | F1(macro): 0.4864
2026-03-18 16:46:20 - [Test] Classification Report:
              precision    recall  f1-score   support

      benign     0.2449    0.0930    0.1348       129
    no_tumor     0.7728    0.9149    0.8379       435

    accuracy                         0.7270       564
   macro avg     0.5089    0.5040    0.4864       564
weighted avg     0.6521    0.7270    0.6771       564

2026-03-18 16:46:20 - *** 保存最优模型 (F1: 0.4864, Epoch: 3) ***
2026-03-18 16:46:20 - ----------------------------------------
2026-03-18 16:46:23 - Epoch [4/100] LR: 0.001000 | Loss: 0.5340 | Train Acc: 0.7613 | Time: 3.2s
2026-03-18 16:46:26 - Epoch [5/100] LR: 0.001000 | Loss: 0.5359 | Train Acc: 0.7682 | Time: 2.9s
2026-03-18 16:46:30 - Epoch [6/100] LR: 0.001000 | Loss: 0.5136 | Train Acc: 0.7652 | Time: 3.6s
2026-03-18 16:46:30 - ----------------------------------------
2026-03-18 16:46:31 - [Test] Acc: 0.7784 | Precision(macro): 0.7399 | Recall(macro): 0.5237 | F1(macro): 0.4872
2026-03-18 16:46:31 - [Test] Classification Report:
              precision    recall  f1-score   support

      benign     0.7000    0.0543    0.1007       129
    no_tumor     0.7798    0.9931    0.8736       435

    accuracy                         0.7784       564
   macro avg     0.7399    0.5237    0.4872       564
weighted avg     0.7615    0.7784    0.6968       564

2026-03-18 16:46:31 - *** 保存最优模型 (F1: 0.4872, Epoch: 6) ***
2026-03-18 16:46:31 - ----------------------------------------
2026-03-18 16:46:35 - Epoch [7/100] LR: 0.001000 | Loss: 0.5289 | Train Acc: 0.7583 | Time: 3.8s
2026-03-18 16:46:39 - Epoch [8/100] LR: 0.001000 | Loss: 0.5137 | Train Acc: 0.7552 | Time: 3.8s
2026-03-18 16:46:42 - Epoch [9/100] LR: 0.001000 | Loss: 0.5132 | Train Acc: 0.7690 | Time: 3.7s
2026-03-18 16:46:42 - ----------------------------------------
2026-03-18 16:46:44 - [Test] Acc: 0.7535 | Precision(macro): 0.6031 | Recall(macro): 0.5539 | F1(macro): 0.5545
2026-03-18 16:46:44 - [Test] Classification Report:
              precision    recall  f1-score   support

      benign     0.4138    0.1860    0.2567       129
    no_tumor     0.7925    0.9218    0.8523       435

    accuracy                         0.7535       564
   macro avg     0.6031    0.5539    0.5545       564
weighted avg     0.7059    0.7535    0.7161       564

2026-03-18 16:46:45 - *** 保存最优模型 (F1: 0.5545, Epoch: 9) ***
2026-03-18 16:46:45 - ----------------------------------------
2026-03-18 16:46:48 - Epoch [10/100] LR: 0.001000 | Loss: 0.5211 | Train Acc: 0.7636 | Time: 3.6s
2026-03-18 16:46:52 - Epoch [11/100] LR: 0.001000 | Loss: 0.5047 | Train Acc: 0.7698 | Time: 3.8s
2026-03-18 16:46:56 - Epoch [12/100] LR: 0.001000 | Loss: 0.5020 | Train Acc: 0.7705 | Time: 3.8s
2026-03-18 16:46:56 - ----------------------------------------
2026-03-18 16:46:57 - [Test] Acc: 0.5709 | Precision(macro): 0.4966 | Recall(macro): 0.4955 | F1(macro): 0.4853
2026-03-18 16:46:57 - [Test] Classification Report:
              precision    recall  f1-score   support

      benign     0.2244    0.3566    0.2754       129
    no_tumor     0.7688    0.6345    0.6952       435

    accuracy                         0.5709       564
   macro avg     0.4966    0.4955    0.4853       564
weighted avg     0.6443    0.5709    0.5992       564

2026-03-18 16:46:57 - ----------------------------------------
2026-03-18 16:47:00 - Epoch [13/100] LR: 0.001000 | Loss: 0.4960 | Train Acc: 0.7713 | Time: 2.7s
2026-03-18 16:47:02 - Epoch [14/100] LR: 0.001000 | Loss: 0.4993 | Train Acc: 0.7698 | Time: 2.6s
2026-03-18 16:47:06 - Epoch [15/100] LR: 0.001000 | Loss: 0.4706 | Train Acc: 0.7736 | Time: 3.3s
2026-03-18 16:47:06 - ----------------------------------------
2026-03-18 16:47:07 - [Test] Acc: 0.7677 | Precision(macro): 0.3852 | Recall(macro): 0.4977 | F1(macro): 0.4343
2026-03-18 16:47:07 - [Test] Classification Report:
              precision    recall  f1-score   support

      benign     0.0000    0.0000    0.0000       129
    no_tumor     0.7705    0.9954    0.8686       435

    accuracy                         0.7677       564
   macro avg     0.3852    0.4977    0.4343       564
weighted avg     0.5942    0.7677    0.6699       564

2026-03-18 16:47:07 - ----------------------------------------
2026-03-18 16:47:10 - Epoch [16/100] LR: 0.001000 | Loss: 0.4780 | Train Acc: 0.7728 | Time: 3.3s
2026-03-18 16:47:13 - Epoch [17/100] LR: 0.001000 | Loss: 0.4494 | Train Acc: 0.7966 | Time: 3.2s
2026-03-18 16:47:17 - Epoch [18/100] LR: 0.001000 | Loss: 0.4392 | Train Acc: 0.8066 | Time: 3.5s
2026-03-18 16:47:17 - ----------------------------------------
2026-03-18 16:47:18 - [Test] Acc: 0.6117 | Precision(macro): 0.5177 | Recall(macro): 0.5220 | F1(macro): 0.5139
2026-03-18 16:47:18 - [Test] Classification Report:
              precision    recall  f1-score   support

      benign     0.2527    0.3566    0.2958       129
    no_tumor     0.7827    0.6874    0.7319       435

    accuracy                         0.6117       564
   macro avg     0.5177    0.5220    0.5139       564
weighted avg     0.6615    0.6117    0.6322       564

2026-03-18 16:47:18 - ----------------------------------------
2026-03-18 16:47:21 - Epoch [19/100] LR: 0.001000 | Loss: 0.4092 | Train Acc: 0.8135 | Time: 2.9s
2026-03-18 16:47:24 - Epoch [20/100] LR: 0.001000 | Loss: 0.3921 | Train Acc: 0.8273 | Time: 3.3s
2026-03-18 16:47:28 - Epoch [21/100] LR: 0.001000 | Loss: 0.3369 | Train Acc: 0.8565 | Time: 3.7s
2026-03-18 16:47:28 - ----------------------------------------
2026-03-18 16:47:29 - [Test] Acc: 0.5071 | Precision(macro): 0.4946 | Recall(macro): 0.4923 | F1(macro): 0.4603
2026-03-18 16:47:29 - [Test] Classification Report:
              precision    recall  f1-score   support

      benign     0.2230    0.4651    0.3015       129
    no_tumor     0.7661    0.5195    0.6192       435

    accuracy                         0.5071       564
   macro avg     0.4946    0.4923    0.4603       564
weighted avg     0.6419    0.5071    0.5465       564

2026-03-18 16:47:29 - ----------------------------------------
2026-03-18 16:47:34 - Epoch [22/100] LR: 0.001000 | Loss: 0.3140 | Train Acc: 0.8649 | Time: 4.3s
2026-03-18 16:47:36 - Epoch [23/100] LR: 0.001000 | Loss: 0.2800 | Train Acc: 0.8910 | Time: 2.7s
2026-03-18 16:47:40 - Epoch [24/100] LR: 0.001000 | Loss: 0.2821 | Train Acc: 0.8803 | Time: 3.3s
2026-03-18 16:47:40 - ----------------------------------------
2026-03-18 16:47:41 - [Test] Acc: 0.7571 | Precision(macro): 0.5369 | Recall(macro): 0.5072 | F1(macro): 0.4703
2026-03-18 16:47:41 - [Test] Classification Report:
              precision    recall  f1-score   support

      benign     0.3000    0.0465    0.0805       129
    no_tumor     0.7739    0.9678    0.8601       435

    accuracy                         0.7571       564
   macro avg     0.5369    0.5072    0.4703       564
weighted avg     0.6655    0.7571    0.6818       564

2026-03-18 16:47:41 - ----------------------------------------
2026-03-18 16:47:44 - Epoch [25/100] LR: 0.001000 | Loss: 0.2682 | Train Acc: 0.8903 | Time: 3.2s
2026-03-18 16:47:47 - Epoch [26/100] LR: 0.001000 | Loss: 0.2043 | Train Acc: 0.9186 | Time: 3.3s
2026-03-18 16:47:51 - Epoch [27/100] LR: 0.001000 | Loss: 0.1601 | Train Acc: 0.9371 | Time: 3.3s
2026-03-18 16:47:51 - ----------------------------------------
2026-03-18 16:47:52 - [Test] Acc: 0.7039 | Precision(macro): 0.5813 | Recall(macro): 0.5817 | F1(macro): 0.5815
2026-03-18 16:47:52 - [Test] Classification Report:
              precision    recall  f1-score   support

      benign     0.3538    0.3566    0.3552       129
    no_tumor     0.8088    0.8069    0.8078       435

    accuracy                         0.7039       564
   macro avg     0.5813    0.5817    0.5815       564
weighted avg     0.7047    0.7039    0.7043       564

2026-03-18 16:47:52 - *** 保存最优模型 (F1: 0.5815, Epoch: 27) ***
2026-03-18 16:47:52 - ----------------------------------------
2026-03-18 16:47:56 - Epoch [28/100] LR: 0.001000 | Loss: 0.1430 | Train Acc: 0.9486 | Time: 3.4s
2026-03-18 16:48:00 - Epoch [29/100] LR: 0.001000 | Loss: 0.1188 | Train Acc: 0.9578 | Time: 3.8s
2026-03-18 16:48:03 - Epoch [30/100] LR: 0.001000 | Loss: 0.0995 | Train Acc: 0.9655 | Time: 3.7s
2026-03-18 16:48:03 - ----------------------------------------
2026-03-18 16:48:05 - [Test] Acc: 0.6826 | Precision(macro): 0.5326 | Recall(macro): 0.5298 | F1(macro): 0.5306
2026-03-18 16:48:05 - [Test] Classification Report:
              precision    recall  f1-score   support

      benign     0.2807    0.2481    0.2634       129
    no_tumor     0.7844    0.8115    0.7977       435

    accuracy                         0.6826       564
   macro avg     0.5326    0.5298    0.5306       564
weighted avg     0.6692    0.6826    0.6755       564

2026-03-18 16:48:05 - ----------------------------------------
2026-03-18 16:48:08 - Epoch [31/100] LR: 0.001000 | Loss: 0.0894 | Train Acc: 0.9662 | Time: 3.3s
2026-03-18 16:48:11 - Epoch [32/100] LR: 0.001000 | Loss: 0.1319 | Train Acc: 0.9532 | Time: 3.3s
2026-03-18 16:48:15 - Epoch [33/100] LR: 0.001000 | Loss: 0.0520 | Train Acc: 0.9877 | Time: 3.1s
2026-03-18 16:48:15 - ----------------------------------------
2026-03-18 16:48:16 - [Test] Acc: 0.7748 | Precision(macro): 0.6665 | Recall(macro): 0.5323 | F1(macro): 0.5090
2026-03-18 16:48:16 - [Test] Classification Report:
              precision    recall  f1-score   support

      benign     0.5500    0.0853    0.1477       129
    no_tumor     0.7831    0.9793    0.8703       435

    accuracy                         0.7748       564
   macro avg     0.6665    0.5323    0.5090       564
weighted avg     0.7298    0.7748    0.7050       564

2026-03-18 16:48:16 - ----------------------------------------
2026-03-18 16:48:19 - Epoch [34/100] LR: 0.001000 | Loss: 0.0815 | Train Acc: 0.9701 | Time: 3.2s
2026-03-18 16:48:22 - Epoch [35/100] LR: 0.001000 | Loss: 0.0681 | Train Acc: 0.9739 | Time: 3.5s
2026-03-18 16:48:26 - Epoch [36/100] LR: 0.001000 | Loss: 0.0729 | Train Acc: 0.9716 | Time: 3.8s
2026-03-18 16:48:26 - ----------------------------------------
2026-03-18 16:48:27 - [Test] Acc: 0.7677 | Precision(macro): 0.5872 | Recall(macro): 0.5086 | F1(macro): 0.4625
2026-03-18 16:48:27 - [Test] Classification Report:
              precision    recall  f1-score   support

      benign     0.4000    0.0310    0.0576       129
    no_tumor     0.7744    0.9862    0.8675       435

    accuracy                         0.7677       564
   macro avg     0.5872    0.5086    0.4625       564
weighted avg     0.6887    0.7677    0.6823       564

2026-03-18 16:48:27 - ----------------------------------------
2026-03-18 16:48:31 - Epoch [37/100] LR: 0.001000 | Loss: 0.1028 | Train Acc: 0.9624 | Time: 3.3s
2026-03-18 16:48:34 - Epoch [38/100] LR: 0.001000 | Loss: 0.0643 | Train Acc: 0.9816 | Time: 3.0s
2026-03-18 16:48:37 - Epoch [39/100] LR: 0.001000 | Loss: 0.0768 | Train Acc: 0.9716 | Time: 3.6s
2026-03-18 16:48:37 - ----------------------------------------
2026-03-18 16:48:39 - [Test] Acc: 0.6152 | Precision(macro): 0.5218 | Recall(macro): 0.5270 | F1(macro): 0.5183
2026-03-18 16:48:39 - [Test] Classification Report:
              precision    recall  f1-score   support

      benign     0.2582    0.3643    0.3023       129
    no_tumor     0.7853    0.6897    0.7344       435

    accuracy                         0.6152       564
   macro avg     0.5218    0.5270    0.5183       564
weighted avg     0.6648    0.6152    0.6356       564

2026-03-18 16:48:39 - ----------------------------------------
2026-03-18 16:48:42 - Epoch [40/100] LR: 0.001000 | Loss: 0.0988 | Train Acc: 0.9670 | Time: 3.2s
2026-03-18 16:48:45 - Epoch [41/100] LR: 0.001000 | Loss: 0.0674 | Train Acc: 0.9754 | Time: 3.2s
2026-03-18 16:48:49 - Epoch [42/100] LR: 0.001000 | Loss: 0.0472 | Train Acc: 0.9831 | Time: 3.5s
2026-03-18 16:48:49 - ----------------------------------------
2026-03-18 16:48:50 - [Test] Acc: 0.7465 | Precision(macro): 0.5518 | Recall(macro): 0.5194 | F1(macro): 0.5024
2026-03-18 16:48:50 - [Test] Classification Report:
              precision    recall  f1-score   support

      benign     0.3250    0.1008    0.1538       129
    no_tumor     0.7786    0.9379    0.8509       435

    accuracy                         0.7465       564
   macro avg     0.5518    0.5194    0.5024       564
weighted avg     0.6749    0.7465    0.6915       564

2026-03-18 16:48:50 - ----------------------------------------
2026-03-18 16:48:53 - Epoch [43/100] LR: 0.001000 | Loss: 0.0252 | Train Acc: 0.9916 | Time: 2.7s
2026-03-18 16:48:56 - Epoch [44/100] LR: 0.001000 | Loss: 0.0085 | Train Acc: 0.9962 | Time: 3.5s
2026-03-18 16:49:00 - Epoch [45/100] LR: 0.001000 | Loss: 0.0035 | Train Acc: 0.9992 | Time: 3.8s
2026-03-18 16:49:00 - ----------------------------------------
2026-03-18 16:49:01 - [Test] Acc: 0.7500 | Precision(macro): 0.5608 | Recall(macro): 0.5217 | F1(macro): 0.5045
2026-03-18 16:49:01 - [Test] Classification Report:
              precision    recall  f1-score   support

      benign     0.3421    0.1008    0.1557       129
    no_tumor     0.7795    0.9425    0.8533       435

    accuracy                         0.7500       564
   macro avg     0.5608    0.5217    0.5045       564
weighted avg     0.6794    0.7500    0.6937       564

2026-03-18 16:49:01 - ----------------------------------------
2026-03-18 16:49:05 - Epoch [46/100] LR: 0.001000 | Loss: 0.0026 | Train Acc: 0.9992 | Time: 3.2s
2026-03-18 16:49:08 - Epoch [47/100] LR: 0.001000 | Loss: 0.0029 | Train Acc: 1.0000 | Time: 3.2s
2026-03-18 16:49:11 - Epoch [48/100] LR: 0.001000 | Loss: 0.0028 | Train Acc: 0.9992 | Time: 3.2s
2026-03-18 16:49:11 - ----------------------------------------
2026-03-18 16:49:12 - [Test] Acc: 0.7234 | Precision(macro): 0.5584 | Recall(macro): 0.5399 | F1(macro): 0.5402
2026-03-18 16:49:12 - [Test] Classification Report:
              precision    recall  f1-score   support

      benign     0.3291    0.2016    0.2500       129
    no_tumor     0.7876    0.8782    0.8304       435

    accuracy                         0.7234       564
   macro avg     0.5584    0.5399    0.5402       564
weighted avg     0.6828    0.7234    0.6977       564

2026-03-18 16:49:12 - ----------------------------------------
2026-03-18 16:49:15 - Epoch [49/100] LR: 0.001000 | Loss: 0.0170 | Train Acc: 0.9939 | Time: 3.3s
2026-03-18 16:49:19 - Epoch [50/100] LR: 0.001000 | Loss: 0.0942 | Train Acc: 0.9678 | Time: 3.6s
2026-03-18 16:49:23 - Epoch [51/100] LR: 0.001000 | Loss: 0.0989 | Train Acc: 0.9563 | Time: 3.7s
2026-03-18 16:49:23 - ----------------------------------------
2026-03-18 16:49:24 - [Test] Acc: 0.7447 | Precision(macro): 0.5609 | Recall(macro): 0.5264 | F1(macro): 0.5153
2026-03-18 16:49:24 - [Test] Classification Report:
              precision    recall  f1-score   support

      benign     0.3404    0.1240    0.1818       129
    no_tumor     0.7814    0.9287    0.8487       435

    accuracy                         0.7447       564
   macro avg     0.5609    0.5264    0.5153       564
weighted avg     0.6806    0.7447    0.6962       564

2026-03-18 16:49:24 - ----------------------------------------
2026-03-18 16:49:27 - Epoch [52/100] LR: 0.001000 | Loss: 0.0673 | Train Acc: 0.9762 | Time: 2.7s
2026-03-18 16:49:30 - Epoch [53/100] LR: 0.001000 | Loss: 0.0321 | Train Acc: 0.9923 | Time: 3.4s
2026-03-18 16:49:34 - Epoch [54/100] LR: 0.001000 | Loss: 0.0784 | Train Acc: 0.9739 | Time: 3.7s
2026-03-18 16:49:34 - ----------------------------------------
2026-03-18 16:49:35 - [Test] Acc: 0.5585 | Precision(macro): 0.5281 | Recall(macro): 0.5393 | F1(macro): 0.5053
2026-03-18 16:49:35 - [Test] Classification Report:
              precision    recall  f1-score   support

      benign     0.2600    0.5039    0.3430       129
    no_tumor     0.7962    0.5747    0.6676       435

    accuracy                         0.5585       564
   macro avg     0.5281    0.5393    0.5053       564
weighted avg     0.6735    0.5585    0.5933       564

2026-03-18 16:49:35 - ----------------------------------------
2026-03-18 16:49:38 - Epoch [55/100] LR: 0.001000 | Loss: 0.0388 | Train Acc: 0.9877 | Time: 3.2s
2026-03-18 16:49:42 - Epoch [56/100] LR: 0.001000 | Loss: 0.0320 | Train Acc: 0.9916 | Time: 3.1s
2026-03-18 16:49:44 - Epoch [57/100] LR: 0.001000 | Loss: 0.0249 | Train Acc: 0.9946 | Time: 2.9s
2026-03-18 16:49:44 - ----------------------------------------
2026-03-18 16:49:46 - [Test] Acc: 0.7624 | Precision(macro): 0.6009 | Recall(macro): 0.5297 | F1(macro): 0.5120
2026-03-18 16:49:46 - [Test] Classification Report:
              precision    recall  f1-score   support

      benign     0.4194    0.1008    0.1625       129
    no_tumor     0.7824    0.9586    0.8616       435

    accuracy                         0.7624       564
   macro avg     0.6009    0.5297    0.5120       564
weighted avg     0.6993    0.7624    0.7017       564

2026-03-18 16:49:46 - ----------------------------------------
2026-03-18 16:49:48 - Epoch [58/100] LR: 0.001000 | Loss: 0.0305 | Train Acc: 0.9885 | Time: 2.3s
2026-03-18 16:49:51 - Epoch [59/100] LR: 0.001000 | Loss: 0.0481 | Train Acc: 0.9831 | Time: 3.2s
2026-03-18 16:49:54 - Epoch [60/100] LR: 0.001000 | Loss: 0.0221 | Train Acc: 0.9916 | Time: 3.4s
2026-03-18 16:49:54 - ----------------------------------------
2026-03-18 16:49:56 - [Test] Acc: 0.7411 | Precision(macro): 0.5448 | Recall(macro): 0.5186 | F1(macro): 0.5039
2026-03-18 16:49:56 - [Test] Classification Report:
              precision    recall  f1-score   support

      benign     0.3111    0.1085    0.1609       129
    no_tumor     0.7784    0.9287    0.8470       435

    accuracy                         0.7411       564
   macro avg     0.5448    0.5186    0.5039       564
weighted avg     0.6715    0.7411    0.6900       564

2026-03-18 16:49:56 - ----------------------------------------
2026-03-18 16:49:59 - Epoch [61/100] LR: 0.001000 | Loss: 0.0140 | Train Acc: 0.9969 | Time: 3.2s
2026-03-18 16:50:02 - Epoch [62/100] LR: 0.001000 | Loss: 0.0159 | Train Acc: 0.9931 | Time: 3.2s
2026-03-18 16:50:05 - Epoch [63/100] LR: 0.001000 | Loss: 0.0212 | Train Acc: 0.9923 | Time: 3.1s
2026-03-18 16:50:05 - ----------------------------------------
2026-03-18 16:50:06 - [Test] Acc: 0.6915 | Precision(macro): 0.5295 | Recall(macro): 0.5246 | F1(macro): 0.5249
2026-03-18 16:50:06 - [Test] Classification Report:
              precision    recall  f1-score   support

      benign     0.2772    0.2171    0.2435       129
    no_tumor     0.7819    0.8322    0.8062       435

    accuracy                         0.6915       564
   macro avg     0.5295    0.5246    0.5249       564
weighted avg     0.6664    0.6915    0.6775       564

2026-03-18 16:50:06 - ----------------------------------------
2026-03-18 16:50:10 - Epoch [64/100] LR: 0.001000 | Loss: 0.0252 | Train Acc: 0.9900 | Time: 3.2s
2026-03-18 16:50:13 - Epoch [65/100] LR: 0.001000 | Loss: 0.0563 | Train Acc: 0.9800 | Time: 3.5s
2026-03-18 16:50:17 - Epoch [66/100] LR: 0.001000 | Loss: 0.0383 | Train Acc: 0.9870 | Time: 3.7s
2026-03-18 16:50:17 - ----------------------------------------
2026-03-18 16:50:19 - [Test] Acc: 0.7110 | Precision(macro): 0.5490 | Recall(macro): 0.5373 | F1(macro): 0.5382
2026-03-18 16:50:19 - [Test] Classification Report:
              precision    recall  f1-score   support

      benign     0.3111    0.2171    0.2557       129
    no_tumor     0.7869    0.8575    0.8207       435

    accuracy                         0.7110       564
   macro avg     0.5490    0.5373    0.5382       564
weighted avg     0.6781    0.7110    0.6915       564

2026-03-18 16:50:19 - ----------------------------------------
2026-03-18 16:50:22 - Epoch [67/100] LR: 0.001000 | Loss: 0.0420 | Train Acc: 0.9854 | Time: 3.2s
2026-03-18 16:50:25 - Epoch [68/100] LR: 0.001000 | Loss: 0.0649 | Train Acc: 0.9793 | Time: 3.2s
2026-03-18 16:50:28 - Epoch [69/100] LR: 0.001000 | Loss: 0.0459 | Train Acc: 0.9839 | Time: 3.5s
2026-03-18 16:50:28 - ----------------------------------------
2026-03-18 16:50:30 - [Test] Acc: 0.7145 | Precision(macro): 0.5475 | Recall(macro): 0.5341 | F1(macro): 0.5341
2026-03-18 16:50:30 - [Test] Classification Report:
              precision    recall  f1-score   support

      benign     0.3095    0.2016    0.2441       129
    no_tumor     0.7854    0.8667    0.8240       435

    accuracy                         0.7145       564
   macro avg     0.5475    0.5341    0.5341       564
weighted avg     0.6766    0.7145    0.6914       564

2026-03-18 16:50:30 - ----------------------------------------
2026-03-18 16:50:33 - Epoch [70/100] LR: 0.001000 | Loss: 0.0310 | Train Acc: 0.9908 | Time: 3.2s
2026-03-18 16:50:36 - Epoch [71/100] LR: 0.001000 | Loss: 0.0138 | Train Acc: 0.9946 | Time: 3.2s
2026-03-18 16:50:40 - Epoch [72/100] LR: 0.001000 | Loss: 0.0190 | Train Acc: 0.9923 | Time: 3.4s
2026-03-18 16:50:40 - ----------------------------------------
2026-03-18 16:50:41 - [Test] Acc: 0.7004 | Precision(macro): 0.5195 | Recall(macro): 0.5140 | F1(macro): 0.5109
2026-03-18 16:50:41 - [Test] Classification Report:
              precision    recall  f1-score   support

      benign     0.2619    0.1705    0.2066       129
    no_tumor     0.7771    0.8575    0.8153       435

    accuracy                         0.7004       564
   macro avg     0.5195    0.5140    0.5109       564
weighted avg     0.6592    0.7004    0.6761       564

2026-03-18 16:50:41 - ----------------------------------------
2026-03-18 16:50:44 - Epoch [73/100] LR: 0.001000 | Loss: 0.0429 | Train Acc: 0.9847 | Time: 2.7s
2026-03-18 16:50:47 - Epoch [74/100] LR: 0.001000 | Loss: 0.0305 | Train Acc: 0.9877 | Time: 3.3s
2026-03-18 16:50:51 - Epoch [75/100] LR: 0.001000 | Loss: 0.0348 | Train Acc: 0.9854 | Time: 3.8s
2026-03-18 16:50:51 - ----------------------------------------
2026-03-18 16:50:52 - [Test] Acc: 0.7606 | Precision(macro): 0.5109 | Recall(macro): 0.5013 | F1(macro): 0.4529
2026-03-18 16:50:52 - [Test] Classification Report:
              precision    recall  f1-score   support

      benign     0.2500    0.0233    0.0426       129
    no_tumor     0.7717    0.9793    0.8632       435

    accuracy                         0.7606       564
   macro avg     0.5109    0.5013    0.4529       564
weighted avg     0.6524    0.7606    0.6755       564

2026-03-18 16:50:52 - ----------------------------------------
2026-03-18 16:50:56 - Epoch [76/100] LR: 0.001000 | Loss: 0.0189 | Train Acc: 0.9931 | Time: 3.1s
2026-03-18 16:50:59 - Epoch [77/100] LR: 0.001000 | Loss: 0.0069 | Train Acc: 0.9985 | Time: 3.2s
2026-03-18 16:51:01 - Epoch [78/100] LR: 0.001000 | Loss: 0.0073 | Train Acc: 0.9977 | Time: 2.6s
2026-03-18 16:51:01 - ----------------------------------------
2026-03-18 16:51:02 - [Test] Acc: 0.7535 | Precision(macro): 0.5414 | Recall(macro): 0.5103 | F1(macro): 0.4802
2026-03-18 16:51:02 - [Test] Classification Report:
              precision    recall  f1-score   support

      benign     0.3077    0.0620    0.1032       129
    no_tumor     0.7751    0.9586    0.8571       435

    accuracy                         0.7535       564
   macro avg     0.5414    0.5103    0.4802       564
weighted avg     0.6682    0.7535    0.6847       564

2026-03-18 16:51:02 - ----------------------------------------
2026-03-18 16:51:06 - Epoch [79/100] LR: 0.001000 | Loss: 0.0187 | Train Acc: 0.9946 | Time: 3.6s
2026-03-18 16:51:10 - Epoch [80/100] LR: 0.001000 | Loss: 0.0112 | Train Acc: 0.9954 | Time: 3.7s
2026-03-18 16:51:14 - Epoch [81/100] LR: 0.001000 | Loss: 0.0657 | Train Acc: 0.9808 | Time: 3.9s
2026-03-18 16:51:14 - ----------------------------------------
2026-03-18 16:51:15 - [Test] Acc: 0.7571 | Precision(macro): 0.3840 | Recall(macro): 0.4908 | F1(macro): 0.4309
2026-03-18 16:51:15 - [Test] Classification Report:
              precision    recall  f1-score   support

      benign     0.0000    0.0000    0.0000       129
    no_tumor     0.7680    0.9816    0.8618       435

    accuracy                         0.7571       564
   macro avg     0.3840    0.4908    0.4309       564
weighted avg     0.5923    0.7571    0.6647       564

2026-03-18 16:51:15 - ----------------------------------------
2026-03-18 16:51:18 - Epoch [82/100] LR: 0.001000 | Loss: 0.2243 | Train Acc: 0.9148 | Time: 2.7s
2026-03-18 16:51:21 - Epoch [83/100] LR: 0.001000 | Loss: 0.0699 | Train Acc: 0.9823 | Time: 3.5s
2026-03-18 16:51:25 - Epoch [84/100] LR: 0.001000 | Loss: 0.0580 | Train Acc: 0.9793 | Time: 3.7s
2026-03-18 16:51:25 - ----------------------------------------
2026-03-18 16:51:26 - [Test] Acc: 0.7535 | Precision(macro): 0.5707 | Recall(macro): 0.5240 | F1(macro): 0.5066
2026-03-18 16:51:26 - [Test] Classification Report:
              precision    recall  f1-score   support

      benign     0.3611    0.1008    0.1576       129
    no_tumor     0.7803    0.9471    0.8557       435

    accuracy                         0.7535       564
   macro avg     0.5707    0.5240    0.5066       564
weighted avg     0.6844    0.7535    0.6960       564

2026-03-18 16:51:26 - ----------------------------------------
2026-03-18 16:51:29 - Epoch [85/100] LR: 0.001000 | Loss: 0.0207 | Train Acc: 0.9939 | Time: 3.2s
2026-03-18 16:51:33 - Epoch [86/100] LR: 0.001000 | Loss: 0.0154 | Train Acc: 0.9962 | Time: 3.2s
2026-03-18 16:51:35 - Epoch [87/100] LR: 0.001000 | Loss: 0.0047 | Train Acc: 0.9992 | Time: 2.6s
2026-03-18 16:51:35 - ----------------------------------------
2026-03-18 16:51:36 - [Test] Acc: 0.7589 | Precision(macro): 0.6094 | Recall(macro): 0.5492 | F1(macro): 0.5464
2026-03-18 16:51:36 - [Test] Classification Report:
              precision    recall  f1-score   support

      benign     0.4286    0.1628    0.2360       129
    no_tumor     0.7903    0.9356    0.8568       435

    accuracy                         0.7589       564
   macro avg     0.6094    0.5492    0.5464       564
weighted avg     0.7076    0.7589    0.7148       564

2026-03-18 16:51:36 - ----------------------------------------
2026-03-18 16:51:40 - Epoch [88/100] LR: 0.001000 | Loss: 0.0025 | Train Acc: 1.0000 | Time: 3.6s
2026-03-18 16:51:44 - Epoch [89/100] LR: 0.001000 | Loss: 0.0009 | Train Acc: 1.0000 | Time: 3.8s
2026-03-18 16:51:47 - Epoch [90/100] LR: 0.001000 | Loss: 0.0007 | Train Acc: 1.0000 | Time: 3.7s
2026-03-18 16:51:47 - ----------------------------------------
2026-03-18 16:51:49 - [Test] Acc: 0.7589 | Precision(macro): 0.6114 | Recall(macro): 0.5519 | F1(macro): 0.5505
2026-03-18 16:51:49 - [Test] Classification Report:
              precision    recall  f1-score   support

      benign     0.4314    0.1705    0.2444       129
    no_tumor     0.7914    0.9333    0.8565       435

    accuracy                         0.7589       564
   macro avg     0.6114    0.5519    0.5505       564
weighted avg     0.7091    0.7589    0.7165       564

2026-03-18 16:51:49 - ----------------------------------------
2026-03-18 16:51:52 - Epoch [91/100] LR: 0.001000 | Loss: 0.0084 | Train Acc: 0.9977 | Time: 3.2s
2026-03-18 16:51:55 - Epoch [92/100] LR: 0.001000 | Loss: 0.0319 | Train Acc: 0.9885 | Time: 2.7s
2026-03-18 16:51:59 - Epoch [93/100] LR: 0.001000 | Loss: 0.0252 | Train Acc: 0.9931 | Time: 4.1s
2026-03-18 16:51:59 - ----------------------------------------
2026-03-18 16:52:00 - [Test] Acc: 0.6755 | Precision(macro): 0.5522 | Recall(macro): 0.5552 | F1(macro): 0.5533
2026-03-18 16:52:00 - [Test] Classification Report:
              precision    recall  f1-score   support

      benign     0.3071    0.3333    0.3197       129
    no_tumor     0.7972    0.7770    0.7870       435

    accuracy                         0.6755       564
   macro avg     0.5522    0.5552    0.5533       564
weighted avg     0.6851    0.6755    0.6801       564

2026-03-18 16:52:00 - ----------------------------------------
2026-03-18 16:52:03 - Epoch [94/100] LR: 0.001000 | Loss: 0.0384 | Train Acc: 0.9877 | Time: 3.2s
2026-03-18 16:52:07 - Epoch [95/100] LR: 0.001000 | Loss: 0.0252 | Train Acc: 0.9931 | Time: 3.2s
2026-03-18 16:52:10 - Epoch [96/100] LR: 0.001000 | Loss: 0.0273 | Train Acc: 0.9900 | Time: 3.6s
2026-03-18 16:52:10 - ----------------------------------------
2026-03-18 16:52:11 - [Test] Acc: 0.7376 | Precision(macro): 0.5648 | Recall(macro): 0.5354 | F1(macro): 0.5316
2026-03-18 16:52:11 - [Test] Classification Report:
              precision    recall  f1-score   support

      benign     0.3443    0.1628    0.2211       129
    no_tumor     0.7853    0.9080    0.8422       435

    accuracy                         0.7376       564
   macro avg     0.5648    0.5354    0.5316       564
weighted avg     0.6844    0.7376    0.7001       564

2026-03-18 16:52:11 - ----------------------------------------
2026-03-18 16:52:15 - Epoch [97/100] LR: 0.001000 | Loss: 0.0184 | Train Acc: 0.9931 | Time: 3.3s
2026-03-18 16:52:18 - Epoch [98/100] LR: 0.001000 | Loss: 0.0100 | Train Acc: 0.9962 | Time: 3.2s
2026-03-18 16:52:21 - Epoch [99/100] LR: 0.001000 | Loss: 0.0151 | Train Acc: 0.9946 | Time: 3.4s
2026-03-18 16:52:21 - ----------------------------------------
2026-03-18 16:52:23 - [Test] Acc: 0.6631 | Precision(macro): 0.5149 | Recall(macro): 0.5144 | F1(macro): 0.5146
2026-03-18 16:52:23 - [Test] Classification Report:
              precision    recall  f1-score   support

      benign     0.2520    0.2403    0.2460       129
    no_tumor     0.7778    0.7885    0.7831       435

    accuracy                         0.6631       564
   macro avg     0.5149    0.5144    0.5146       564
weighted avg     0.6575    0.6631    0.6603       564

2026-03-18 16:52:23 - ----------------------------------------
2026-03-18 16:52:26 - Epoch [100/100] LR: 0.001000 | Loss: 0.0163 | Train Acc: 0.9923 | Time: 3.2s
2026-03-18 16:52:26 - ----------------------------------------
2026-03-18 16:52:27 - [Test] Acc: 0.7305 | Precision(macro): 0.5387 | Recall(macro): 0.5199 | F1(macro): 0.5107
2026-03-18 16:52:27 - [Test] Classification Report:
              precision    recall  f1-score   support

      benign     0.2982    0.1318    0.1828       129
    no_tumor     0.7791    0.9080    0.8386       435

    accuracy                         0.7305       564
   macro avg     0.5387    0.5199    0.5107       564
weighted avg     0.6691    0.7305    0.6886       564

2026-03-18 16:52:27 - ----------------------------------------
2026-03-18 16:52:27 - 
============================================================
2026-03-18 16:52:27 - 训练完成! 最优模型: Epoch 27, F1: 0.5815
2026-03-18 16:52:27 - ============================================================
2026-03-18 16:52:27 - 
加载最优权重进行最终测试...
2026-03-18 16:52:27 - ============================================================
2026-03-18 16:52:27 - 最终测试结果 (最优权重)
2026-03-18 16:52:27 - ============================================================
2026-03-18 16:52:28 - [Final Test] Acc: 0.7039 | Precision(macro): 0.5813 | Recall(macro): 0.5817 | F1(macro): 0.5815
2026-03-18 16:52:29 - [Final Test] Classification Report:
              precision    recall  f1-score   support

      benign     0.3538    0.3566    0.3552       129
    no_tumor     0.8088    0.8069    0.8078       435

    accuracy                         0.7039       564
   macro avg     0.5813    0.5817    0.5815       564
weighted avg     0.7047    0.7039    0.7043       564

2026-03-18 16:52:29 - 训练脚本已复制到: /data1/ouyangxinglong/GBP-Cascade/logs/20260318_task2_Resnet34_baseline_1/20260318_task2_Resnet34_baseline_1.py
