2026-04-02 04:00:18 - ======================================================================
2026-04-02 04:00:18 - 实验名称: 20260402_task2_SwinV2Tiny_segcls_1
2026-04-02 04:00:18 - 任务: Task 2 — 分割+分类联合训练 (模仿 unet-valjustclass 思路)
2026-04-02 04:00:18 - 模型: SwinV2-Tiny + UNet Decoder + Cls Head (segcls joint training)
2026-04-02 04:00:18 - 修改: 3ch RGB输入 + UNet分割解码器(skip connections) + 分类头 + 分割目标=病灶mask(from JSON) + 联合训练(seg CE+Dice + cls CE) + 强增强 + 100ep
2026-04-02 04:00:18 - 输入通道: 3
2026-04-02 04:00:18 - 图像尺寸: 256
2026-04-02 04:00:18 - 分割类别: 2 (background + lesion)
2026-04-02 04:00:18 - 分类类别: ['benign', 'no_tumor']
2026-04-02 04:00:18 - Batch Size: 8
2026-04-02 04:00:18 - Backbone LR: 2e-05
2026-04-02 04:00:18 - Head LR: 0.0002
2026-04-02 04:00:18 - Weight Decay: 0.05
2026-04-02 04:00:18 - Warmup Epochs: 8
2026-04-02 04:00:18 - Lambda Cls: 1.0
2026-04-02 04:00:18 - Label Smoothing: 0.1
2026-04-02 04:00:18 - Seed: 42
2026-04-02 04:00:18 - Epochs: 100
2026-04-02 04:00:18 - Grad Clip: 1.0
2026-04-02 04:00:18 - 设备: cuda
2026-04-02 04:00:18 - ======================================================================
2026-04-02 04:00:18 - 训练集: 1229 张 (benign=309, no_tumor=920)
2026-04-02 04:00:18 - 测试集: 523 张 (benign=129, no_tumor=394)
2026-04-02 04:00:21 - 模型参数量: 34,647,310
2026-04-02 04:00:21 - 可训练参数量: 34,647,310
2026-04-02 04:00:21 - 分类类别权重: benign=1.9887, no_tumor=0.6679
2026-04-02 04:00:21 - 分割类别权重: bg=1.0, lesion=5.0
2026-04-02 04:00:21 - 
======================================================================
2026-04-02 04:00:21 - 开始训练
2026-04-02 04:00:21 - ======================================================================
2026-04-02 04:00:36 - Epoch [1/100] LR: 2.50e-06/2.50e-05 | Loss: 1.6140 (seg=0.8019, cls=0.8120) | Cls Acc: 0.5123 | Seg IoU: 0.1185 | Seg Dice: 0.1796 | 15.2s
2026-04-02 04:00:50 - Epoch [2/100] LR: 5.00e-06/5.00e-05 | Loss: 1.1384 (seg=0.3998, cls=0.7386) | Cls Acc: 0.5294 | Seg IoU: 0.5169 | Seg Dice: 0.6758 | 13.9s
2026-04-02 04:01:04 - Epoch [3/100] LR: 7.50e-06/7.50e-05 | Loss: 1.0025 (seg=0.2938, cls=0.7087) | Cls Acc: 0.6299 | Seg IoU: 0.6068 | Seg Dice: 0.7519 | 14.2s
2026-04-02 04:01:18 - Epoch [4/100] LR: 1.00e-05/1.00e-04 | Loss: 0.9398 (seg=0.2458, cls=0.6940) | Cls Acc: 0.6405 | Seg IoU: 0.6397 | Seg Dice: 0.7777 | 13.9s
2026-04-02 04:01:32 - Epoch [5/100] LR: 1.25e-05/1.25e-04 | Loss: 0.9114 (seg=0.2184, cls=0.6930) | Cls Acc: 0.6332 | Seg IoU: 0.6567 | Seg Dice: 0.7898 | 14.1s
2026-04-02 04:01:32 - --------------------------------------------------
2026-04-02 04:01:34 - [Test] Cls — Acc: 0.6272 | P(macro): 0.5607 | R(macro): 0.5753 | F1(macro): 0.5587
2026-04-02 04:01:34 - [Test] Seg — Lesion IoU: 0.5893 | Lesion Dice: 0.7390
2026-04-02 04:01:34 - [Test] Classification Report:
              precision    recall  f1-score   support

      benign     0.3245    0.4729    0.3849       129
    no_tumor     0.7970    0.6777    0.7325       394

    accuracy                         0.6272       523
   macro avg     0.5607    0.5753    0.5587       523
weighted avg     0.6805    0.6272    0.6468       523

2026-04-02 04:01:35 - *** 保存最优模型 (F1: 0.5587, Epoch: 5) ***
2026-04-02 04:01:35 - --------------------------------------------------
2026-04-02 04:01:49 - Epoch [6/100] LR: 1.50e-05/1.50e-04 | Loss: 0.8523 (seg=0.1913, cls=0.6610) | Cls Acc: 0.6953 | Seg IoU: 0.6776 | Seg Dice: 0.8051 | 14.5s
2026-04-02 04:02:03 - Epoch [7/100] LR: 1.75e-05/1.75e-04 | Loss: 0.8290 (seg=0.1771, cls=0.6519) | Cls Acc: 0.6863 | Seg IoU: 0.6935 | Seg Dice: 0.8175 | 14.1s
2026-04-02 04:02:17 - Epoch [8/100] LR: 2.00e-05/2.00e-04 | Loss: 0.8028 (seg=0.1701, cls=0.6326) | Cls Acc: 0.7361 | Seg IoU: 0.6962 | Seg Dice: 0.8185 | 13.9s
2026-04-02 04:02:31 - Epoch [9/100] LR: 2.00e-05/2.00e-04 | Loss: 0.7690 (seg=0.1578, cls=0.6112) | Cls Acc: 0.7418 | Seg IoU: 0.7142 | Seg Dice: 0.8314 | 13.8s
2026-04-02 04:02:45 - Epoch [10/100] LR: 2.00e-05/2.00e-04 | Loss: 0.7264 (seg=0.1500, cls=0.5764) | Cls Acc: 0.7941 | Seg IoU: 0.7229 | Seg Dice: 0.8376 | 14.0s
2026-04-02 04:02:45 - --------------------------------------------------
2026-04-02 04:02:47 - [Test] Cls — Acc: 0.6788 | P(macro): 0.5770 | R(macro): 0.5809 | F1(macro): 0.5786
2026-04-02 04:02:47 - [Test] Seg — Lesion IoU: 0.6979 | Lesion Dice: 0.8197
2026-04-02 04:02:47 - [Test] Classification Report:
              precision    recall  f1-score   support

      benign     0.3597    0.3876    0.3731       129
    no_tumor     0.7943    0.7741    0.7841       394

    accuracy                         0.6788       523
   macro avg     0.5770    0.5809    0.5786       523
weighted avg     0.6871    0.6788    0.6827       523

2026-04-02 04:02:48 - *** 保存最优模型 (F1: 0.5786, Epoch: 10) ***
2026-04-02 04:02:48 - --------------------------------------------------
2026-04-02 04:03:01 - Epoch [11/100] LR: 1.99e-05/1.99e-04 | Loss: 0.7049 (seg=0.1470, cls=0.5579) | Cls Acc: 0.8113 | Seg IoU: 0.7254 | Seg Dice: 0.8389 | 13.7s
2026-04-02 04:03:15 - Epoch [12/100] LR: 1.99e-05/1.99e-04 | Loss: 0.6835 (seg=0.1451, cls=0.5384) | Cls Acc: 0.8129 | Seg IoU: 0.7275 | Seg Dice: 0.8409 | 13.9s
2026-04-02 04:03:29 - Epoch [13/100] LR: 1.99e-05/1.99e-04 | Loss: 0.6630 (seg=0.1479, cls=0.5151) | Cls Acc: 0.8505 | Seg IoU: 0.7276 | Seg Dice: 0.8411 | 14.0s
2026-04-02 04:03:44 - Epoch [14/100] LR: 1.98e-05/1.98e-04 | Loss: 0.6378 (seg=0.1442, cls=0.4936) | Cls Acc: 0.8627 | Seg IoU: 0.7289 | Seg Dice: 0.8414 | 14.3s
2026-04-02 04:03:58 - Epoch [15/100] LR: 1.97e-05/1.97e-04 | Loss: 0.6279 (seg=0.1404, cls=0.4875) | Cls Acc: 0.8791 | Seg IoU: 0.7323 | Seg Dice: 0.8439 | 14.2s
2026-04-02 04:03:58 - --------------------------------------------------
2026-04-02 04:04:00 - [Test] Cls — Acc: 0.6424 | P(macro): 0.5791 | R(macro): 0.5985 | F1(macro): 0.5783
2026-04-02 04:04:00 - [Test] Seg — Lesion IoU: 0.7332 | Lesion Dice: 0.8444
2026-04-02 04:04:00 - [Test] Classification Report:
              precision    recall  f1-score   support

      benign     0.3474    0.5116    0.4138       129
    no_tumor     0.8108    0.6853    0.7428       394

    accuracy                         0.6424       523
   macro avg     0.5791    0.5985    0.5783       523
weighted avg     0.6965    0.6424    0.6616       523

2026-04-02 04:04:00 - --------------------------------------------------
2026-04-02 04:04:14 - Epoch [16/100] LR: 1.96e-05/1.96e-04 | Loss: 0.6035 (seg=0.1346, cls=0.4689) | Cls Acc: 0.8840 | Seg IoU: 0.7390 | Seg Dice: 0.8488 | 14.1s
2026-04-02 04:04:28 - Epoch [17/100] LR: 1.95e-05/1.95e-04 | Loss: 0.5939 (seg=0.1401, cls=0.4538) | Cls Acc: 0.8905 | Seg IoU: 0.7376 | Seg Dice: 0.8475 | 14.2s
2026-04-02 04:04:42 - Epoch [18/100] LR: 1.94e-05/1.94e-04 | Loss: 0.5718 (seg=0.1381, cls=0.4337) | Cls Acc: 0.9003 | Seg IoU: 0.7374 | Seg Dice: 0.8473 | 14.1s
2026-04-02 04:04:56 - Epoch [19/100] LR: 1.93e-05/1.93e-04 | Loss: 0.5709 (seg=0.1366, cls=0.4342) | Cls Acc: 0.9101 | Seg IoU: 0.7432 | Seg Dice: 0.8516 | 13.9s
2026-04-02 04:05:10 - Epoch [20/100] LR: 1.92e-05/1.92e-04 | Loss: 0.5361 (seg=0.1371, cls=0.3990) | Cls Acc: 0.9322 | Seg IoU: 0.7377 | Seg Dice: 0.8475 | 13.7s
2026-04-02 04:05:10 - --------------------------------------------------
2026-04-02 04:05:11 - [Test] Cls — Acc: 0.7208 | P(macro): 0.5985 | R(macro): 0.5775 | F1(macro): 0.5826
2026-04-02 04:05:11 - [Test] Seg — Lesion IoU: 0.6941 | Lesion Dice: 0.8169
2026-04-02 04:05:11 - [Test] Classification Report:
              precision    recall  f1-score   support

      benign     0.4086    0.2946    0.3423       129
    no_tumor     0.7884    0.8604    0.8228       394

    accuracy                         0.7208       523
   macro avg     0.5985    0.5775    0.5826       523
weighted avg     0.6947    0.7208    0.7043       523

2026-04-02 04:05:12 - *** 保存最优模型 (F1: 0.5826, Epoch: 20) ***
2026-04-02 04:05:12 - --------------------------------------------------
2026-04-02 04:05:27 - Epoch [21/100] LR: 1.90e-05/1.90e-04 | Loss: 0.5481 (seg=0.1369, cls=0.4112) | Cls Acc: 0.9306 | Seg IoU: 0.7400 | Seg Dice: 0.8488 | 14.5s
2026-04-02 04:05:41 - Epoch [22/100] LR: 1.89e-05/1.89e-04 | Loss: 0.5254 (seg=0.1299, cls=0.3954) | Cls Acc: 0.9404 | Seg IoU: 0.7476 | Seg Dice: 0.8540 | 14.3s
2026-04-02 04:05:55 - Epoch [23/100] LR: 1.87e-05/1.87e-04 | Loss: 0.5161 (seg=0.1308, cls=0.3853) | Cls Acc: 0.9330 | Seg IoU: 0.7488 | Seg Dice: 0.8548 | 14.3s
2026-04-02 04:06:09 - Epoch [24/100] LR: 1.86e-05/1.86e-04 | Loss: 0.5178 (seg=0.1263, cls=0.3915) | Cls Acc: 0.9379 | Seg IoU: 0.7555 | Seg Dice: 0.8595 | 14.0s
2026-04-02 04:06:23 - Epoch [25/100] LR: 1.84e-05/1.84e-04 | Loss: 0.4880 (seg=0.1255, cls=0.3625) | Cls Acc: 0.9583 | Seg IoU: 0.7549 | Seg Dice: 0.8590 | 14.1s
2026-04-02 04:06:23 - --------------------------------------------------
2026-04-02 04:06:25 - [Test] Cls — Acc: 0.6769 | P(macro): 0.5718 | R(macro): 0.5744 | F1(macro): 0.5729
2026-04-02 04:06:25 - [Test] Seg — Lesion IoU: 0.6961 | Lesion Dice: 0.8190
2026-04-02 04:06:25 - [Test] Classification Report:
              precision    recall  f1-score   support

      benign     0.3529    0.3721    0.3623       129
    no_tumor     0.7907    0.7766    0.7836       394

    accuracy                         0.6769       523
   macro avg     0.5718    0.5744    0.5729       523
weighted avg     0.6827    0.6769    0.6797       523

2026-04-02 04:06:25 - --------------------------------------------------
2026-04-02 04:06:39 - Epoch [26/100] LR: 1.82e-05/1.82e-04 | Loss: 0.4912 (seg=0.1228, cls=0.3685) | Cls Acc: 0.9510 | Seg IoU: 0.7589 | Seg Dice: 0.8618 | 14.1s
2026-04-02 04:06:53 - Epoch [27/100] LR: 1.80e-05/1.80e-04 | Loss: 0.4945 (seg=0.1243, cls=0.3702) | Cls Acc: 0.9493 | Seg IoU: 0.7578 | Seg Dice: 0.8609 | 13.9s
2026-04-02 04:07:07 - Epoch [28/100] LR: 1.78e-05/1.78e-04 | Loss: 0.4757 (seg=0.1175, cls=0.3583) | Cls Acc: 0.9592 | Seg IoU: 0.7651 | Seg Dice: 0.8658 | 14.3s
2026-04-02 04:07:21 - Epoch [29/100] LR: 1.76e-05/1.76e-04 | Loss: 0.4699 (seg=0.1178, cls=0.3522) | Cls Acc: 0.9641 | Seg IoU: 0.7648 | Seg Dice: 0.8656 | 13.9s
2026-04-02 04:07:35 - Epoch [30/100] LR: 1.73e-05/1.73e-04 | Loss: 0.4583 (seg=0.1166, cls=0.3417) | Cls Acc: 0.9665 | Seg IoU: 0.7649 | Seg Dice: 0.8656 | 14.1s
2026-04-02 04:07:35 - --------------------------------------------------
2026-04-02 04:07:37 - [Test] Cls — Acc: 0.7017 | P(macro): 0.5955 | R(macro): 0.5935 | F1(macro): 0.5944
2026-04-02 04:07:37 - [Test] Seg — Lesion IoU: 0.7206 | Lesion Dice: 0.8358
2026-04-02 04:07:37 - [Test] Classification Report:
              precision    recall  f1-score   support

      benign     0.3920    0.3798    0.3858       129
    no_tumor     0.7990    0.8071    0.8030       394

    accuracy                         0.7017       523
   macro avg     0.5955    0.5935    0.5944       523
weighted avg     0.6986    0.7017    0.7001       523

2026-04-02 04:07:38 - *** 保存最优模型 (F1: 0.5944, Epoch: 30) ***
2026-04-02 04:07:38 - --------------------------------------------------
2026-04-02 04:07:52 - Epoch [31/100] LR: 1.71e-05/1.71e-04 | Loss: 0.4702 (seg=0.1176, cls=0.3526) | Cls Acc: 0.9632 | Seg IoU: 0.7662 | Seg Dice: 0.8664 | 14.1s
2026-04-02 04:08:06 - Epoch [32/100] LR: 1.69e-05/1.69e-04 | Loss: 0.4580 (seg=0.1183, cls=0.3397) | Cls Acc: 0.9624 | Seg IoU: 0.7653 | Seg Dice: 0.8657 | 14.2s
2026-04-02 04:08:20 - Epoch [33/100] LR: 1.66e-05/1.66e-04 | Loss: 0.4595 (seg=0.1150, cls=0.3445) | Cls Acc: 0.9681 | Seg IoU: 0.7700 | Seg Dice: 0.8689 | 14.0s
2026-04-02 04:08:34 - Epoch [34/100] LR: 1.63e-05/1.63e-04 | Loss: 0.4494 (seg=0.1122, cls=0.3372) | Cls Acc: 0.9616 | Seg IoU: 0.7765 | Seg Dice: 0.8732 | 14.0s
2026-04-02 04:08:48 - Epoch [35/100] LR: 1.61e-05/1.61e-04 | Loss: 0.4266 (seg=0.1094, cls=0.3172) | Cls Acc: 0.9788 | Seg IoU: 0.7792 | Seg Dice: 0.8752 | 14.2s
2026-04-02 04:08:48 - --------------------------------------------------
2026-04-02 04:08:50 - [Test] Cls — Acc: 0.7323 | P(macro): 0.6194 | R(macro): 0.5955 | F1(macro): 0.6023
2026-04-02 04:08:50 - [Test] Seg — Lesion IoU: 0.7521 | Lesion Dice: 0.8570
2026-04-02 04:08:50 - [Test] Classification Report:
              precision    recall  f1-score   support

      benign     0.4421    0.3256    0.3750       129
    no_tumor     0.7967    0.8655    0.8297       394

    accuracy                         0.7323       523
   macro avg     0.6194    0.5955    0.6023       523
weighted avg     0.7093    0.7323    0.7175       523

2026-04-02 04:08:51 - *** 保存最优模型 (F1: 0.6023, Epoch: 35) ***
2026-04-02 04:08:51 - --------------------------------------------------
2026-04-02 04:09:05 - Epoch [36/100] LR: 1.58e-05/1.58e-04 | Loss: 0.4447 (seg=0.1092, cls=0.3355) | Cls Acc: 0.9698 | Seg IoU: 0.7771 | Seg Dice: 0.8735 | 14.2s
2026-04-02 04:09:19 - Epoch [37/100] LR: 1.55e-05/1.55e-04 | Loss: 0.4450 (seg=0.1132, cls=0.3318) | Cls Acc: 0.9771 | Seg IoU: 0.7741 | Seg Dice: 0.8717 | 14.3s
2026-04-02 04:09:34 - Epoch [38/100] LR: 1.52e-05/1.52e-04 | Loss: 0.4360 (seg=0.1039, cls=0.3321) | Cls Acc: 0.9714 | Seg IoU: 0.7900 | Seg Dice: 0.8819 | 14.2s
2026-04-02 04:09:48 - Epoch [39/100] LR: 1.50e-05/1.50e-04 | Loss: 0.4283 (seg=0.1061, cls=0.3221) | Cls Acc: 0.9788 | Seg IoU: 0.7832 | Seg Dice: 0.8773 | 14.1s
2026-04-02 04:10:02 - Epoch [40/100] LR: 1.47e-05/1.47e-04 | Loss: 0.4215 (seg=0.1028, cls=0.3187) | Cls Acc: 0.9812 | Seg IoU: 0.7929 | Seg Dice: 0.8839 | 14.1s
2026-04-02 04:10:02 - --------------------------------------------------
2026-04-02 04:10:04 - [Test] Cls — Acc: 0.7400 | P(macro): 0.6231 | R(macro): 0.5850 | F1(macro): 0.5919
2026-04-02 04:10:04 - [Test] Seg — Lesion IoU: 0.7409 | Lesion Dice: 0.8495
2026-04-02 04:10:04 - [Test] Classification Report:
              precision    recall  f1-score   support

      benign     0.4557    0.2791    0.3462       129
    no_tumor     0.7905    0.8909    0.8377       394

    accuracy                         0.7400       523
   macro avg     0.6231    0.5850    0.5919       523
weighted avg     0.7079    0.7400    0.7165       523

2026-04-02 04:10:04 - --------------------------------------------------
2026-04-02 04:10:18 - Epoch [41/100] LR: 1.44e-05/1.44e-04 | Loss: 0.4081 (seg=0.0992, cls=0.3089) | Cls Acc: 0.9804 | Seg IoU: 0.7957 | Seg Dice: 0.8856 | 13.7s
2026-04-02 04:10:31 - Epoch [42/100] LR: 1.40e-05/1.40e-04 | Loss: 0.4102 (seg=0.1014, cls=0.3089) | Cls Acc: 0.9804 | Seg IoU: 0.7939 | Seg Dice: 0.8844 | 13.9s
2026-04-02 04:10:45 - Epoch [43/100] LR: 1.37e-05/1.37e-04 | Loss: 0.4141 (seg=0.1014, cls=0.3126) | Cls Acc: 0.9845 | Seg IoU: 0.7936 | Seg Dice: 0.8842 | 14.1s
2026-04-02 04:10:59 - Epoch [44/100] LR: 1.34e-05/1.34e-04 | Loss: 0.4130 (seg=0.0999, cls=0.3130) | Cls Acc: 0.9845 | Seg IoU: 0.7959 | Seg Dice: 0.8855 | 13.5s
2026-04-02 04:11:13 - Epoch [45/100] LR: 1.31e-05/1.31e-04 | Loss: 0.4063 (seg=0.0979, cls=0.3084) | Cls Acc: 0.9828 | Seg IoU: 0.7996 | Seg Dice: 0.8876 | 14.2s
2026-04-02 04:11:13 - --------------------------------------------------
2026-04-02 04:11:15 - [Test] Cls — Acc: 0.7151 | P(macro): 0.6103 | R(macro): 0.6050 | F1(macro): 0.6073
2026-04-02 04:11:15 - [Test] Seg — Lesion IoU: 0.7496 | Lesion Dice: 0.8557
2026-04-02 04:11:15 - [Test] Classification Report:
              precision    recall  f1-score   support

      benign     0.4167    0.3876    0.4016       129
    no_tumor     0.8040    0.8223    0.8130       394

    accuracy                         0.7151       523
   macro avg     0.6103    0.6050    0.6073       523
weighted avg     0.7084    0.7151    0.7116       523

2026-04-02 04:11:16 - *** 保存最优模型 (F1: 0.6073, Epoch: 45) ***
2026-04-02 04:11:16 - --------------------------------------------------
2026-04-02 04:11:30 - Epoch [46/100] LR: 1.28e-05/1.28e-04 | Loss: 0.4131 (seg=0.1019, cls=0.3112) | Cls Acc: 0.9837 | Seg IoU: 0.7911 | Seg Dice: 0.8823 | 13.9s
2026-04-02 04:11:44 - Epoch [47/100] LR: 1.24e-05/1.24e-04 | Loss: 0.4095 (seg=0.0962, cls=0.3133) | Cls Acc: 0.9820 | Seg IoU: 0.8026 | Seg Dice: 0.8898 | 14.0s
2026-04-02 04:11:58 - Epoch [48/100] LR: 1.21e-05/1.21e-04 | Loss: 0.4098 (seg=0.0968, cls=0.3130) | Cls Acc: 0.9820 | Seg IoU: 0.8012 | Seg Dice: 0.8890 | 14.1s
2026-04-02 04:12:12 - Epoch [49/100] LR: 1.18e-05/1.18e-04 | Loss: 0.4009 (seg=0.0936, cls=0.3073) | Cls Acc: 0.9861 | Seg IoU: 0.8076 | Seg Dice: 0.8928 | 13.9s
2026-04-02 04:12:26 - Epoch [50/100] LR: 1.14e-05/1.14e-04 | Loss: 0.4162 (seg=0.0949, cls=0.3213) | Cls Acc: 0.9747 | Seg IoU: 0.8046 | Seg Dice: 0.8911 | 14.0s
2026-04-02 04:12:26 - --------------------------------------------------
2026-04-02 04:12:28 - [Test] Cls — Acc: 0.7323 | P(macro): 0.6154 | R(macro): 0.5877 | F1(macro): 0.5944
2026-04-02 04:12:28 - [Test] Seg — Lesion IoU: 0.7415 | Lesion Dice: 0.8496
2026-04-02 04:12:28 - [Test] Classification Report:
              precision    recall  f1-score   support

      benign     0.4382    0.3023    0.3578       129
    no_tumor     0.7926    0.8731    0.8309       394

    accuracy                         0.7323       523
   macro avg     0.6154    0.5877    0.5944       523
weighted avg     0.7052    0.7323    0.7142       523

2026-04-02 04:12:28 - --------------------------------------------------
2026-04-02 04:12:42 - Epoch [51/100] LR: 1.11e-05/1.11e-04 | Loss: 0.3960 (seg=0.0949, cls=0.3011) | Cls Acc: 0.9869 | Seg IoU: 0.8047 | Seg Dice: 0.8911 | 14.1s
2026-04-02 04:12:56 - Epoch [52/100] LR: 1.08e-05/1.08e-04 | Loss: 0.3967 (seg=0.0916, cls=0.3051) | Cls Acc: 0.9812 | Seg IoU: 0.8113 | Seg Dice: 0.8952 | 14.4s
2026-04-02 04:13:10 - Epoch [53/100] LR: 1.04e-05/1.04e-04 | Loss: 0.3859 (seg=0.0868, cls=0.2991) | Cls Acc: 0.9869 | Seg IoU: 0.8144 | Seg Dice: 0.8973 | 14.1s
2026-04-02 04:13:25 - Epoch [54/100] LR: 1.01e-05/1.01e-04 | Loss: 0.3933 (seg=0.0923, cls=0.3010) | Cls Acc: 0.9877 | Seg IoU: 0.8093 | Seg Dice: 0.8940 | 14.2s
2026-04-02 04:13:39 - Epoch [55/100] LR: 9.76e-06/9.76e-05 | Loss: 0.4001 (seg=0.0933, cls=0.3068) | Cls Acc: 0.9837 | Seg IoU: 0.8071 | Seg Dice: 0.8925 | 14.0s
2026-04-02 04:13:39 - --------------------------------------------------
2026-04-02 04:13:41 - [Test] Cls — Acc: 0.7361 | P(macro): 0.6209 | R(macro): 0.5902 | F1(macro): 0.5974
2026-04-02 04:13:41 - [Test] Seg — Lesion IoU: 0.7567 | Lesion Dice: 0.8602
2026-04-02 04:13:41 - [Test] Classification Report:
              precision    recall  f1-score   support

      benign     0.4483    0.3023    0.3611       129
    no_tumor     0.7936    0.8782    0.8337       394

    accuracy                         0.7361       523
   macro avg     0.6209    0.5902    0.5974       523
weighted avg     0.7084    0.7361    0.7172       523

2026-04-02 04:13:41 - --------------------------------------------------
2026-04-02 04:13:55 - Epoch [56/100] LR: 9.42e-06/9.42e-05 | Loss: 0.3864 (seg=0.0900, cls=0.2965) | Cls Acc: 0.9886 | Seg IoU: 0.8128 | Seg Dice: 0.8960 | 14.0s
2026-04-02 04:14:09 - Epoch [57/100] LR: 9.09e-06/9.09e-05 | Loss: 0.3920 (seg=0.0898, cls=0.3022) | Cls Acc: 0.9861 | Seg IoU: 0.8131 | Seg Dice: 0.8963 | 13.9s
2026-04-02 04:14:23 - Epoch [58/100] LR: 8.75e-06/8.75e-05 | Loss: 0.3890 (seg=0.0905, cls=0.2985) | Cls Acc: 0.9877 | Seg IoU: 0.8122 | Seg Dice: 0.8957 | 14.2s
2026-04-02 04:14:37 - Epoch [59/100] LR: 8.42e-06/8.42e-05 | Loss: 0.3744 (seg=0.0858, cls=0.2887) | Cls Acc: 0.9886 | Seg IoU: 0.8173 | Seg Dice: 0.8988 | 14.1s
2026-04-02 04:14:51 - Epoch [60/100] LR: 8.09e-06/8.09e-05 | Loss: 0.3823 (seg=0.0836, cls=0.2987) | Cls Acc: 0.9894 | Seg IoU: 0.8223 | Seg Dice: 0.9021 | 14.1s
2026-04-02 04:14:51 - --------------------------------------------------
2026-04-02 04:14:53 - [Test] Cls — Acc: 0.7189 | P(macro): 0.6086 | R(macro): 0.5971 | F1(macro): 0.6014
2026-04-02 04:14:53 - [Test] Seg — Lesion IoU: 0.7655 | Lesion Dice: 0.8660
2026-04-02 04:14:53 - [Test] Classification Report:
              precision    recall  f1-score   support

      benign     0.4182    0.3566    0.3849       129
    no_tumor     0.7990    0.8376    0.8178       394

    accuracy                         0.7189       523
   macro avg     0.6086    0.5971    0.6014       523
weighted avg     0.7051    0.7189    0.7111       523

2026-04-02 04:14:53 - --------------------------------------------------
2026-04-02 04:15:07 - Epoch [61/100] LR: 7.76e-06/7.76e-05 | Loss: 0.3757 (seg=0.0841, cls=0.2916) | Cls Acc: 0.9910 | Seg IoU: 0.8242 | Seg Dice: 0.9032 | 14.1s
2026-04-02 04:15:22 - Epoch [62/100] LR: 7.43e-06/7.43e-05 | Loss: 0.3750 (seg=0.0869, cls=0.2881) | Cls Acc: 0.9935 | Seg IoU: 0.8174 | Seg Dice: 0.8989 | 14.5s
2026-04-02 04:15:35 - Epoch [63/100] LR: 7.11e-06/7.11e-05 | Loss: 0.3824 (seg=0.0849, cls=0.2975) | Cls Acc: 0.9886 | Seg IoU: 0.8211 | Seg Dice: 0.9011 | 13.8s
2026-04-02 04:15:50 - Epoch [64/100] LR: 6.78e-06/6.78e-05 | Loss: 0.3693 (seg=0.0793, cls=0.2900) | Cls Acc: 0.9910 | Seg IoU: 0.8302 | Seg Dice: 0.9068 | 14.4s
2026-04-02 04:16:04 - Epoch [65/100] LR: 6.47e-06/6.47e-05 | Loss: 0.3726 (seg=0.0811, cls=0.2915) | Cls Acc: 0.9967 | Seg IoU: 0.8299 | Seg Dice: 0.9064 | 14.0s
2026-04-02 04:16:04 - --------------------------------------------------
2026-04-02 04:16:06 - [Test] Cls — Acc: 0.6960 | P(macro): 0.6014 | R(macro): 0.6079 | F1(macro): 0.6041
2026-04-02 04:16:06 - [Test] Seg — Lesion IoU: 0.7625 | Lesion Dice: 0.8642
2026-04-02 04:16:06 - [Test] Classification Report:
              precision    recall  f1-score   support

      benign     0.3944    0.4341    0.4133       129
    no_tumor     0.8084    0.7817    0.7948       394

    accuracy                         0.6960       523
   macro avg     0.6014    0.6079    0.6041       523
weighted avg     0.7063    0.6960    0.7007       523

2026-04-02 04:16:06 - --------------------------------------------------
2026-04-02 04:16:20 - Epoch [66/100] LR: 6.16e-06/6.16e-05 | Loss: 0.3746 (seg=0.0847, cls=0.2899) | Cls Acc: 0.9926 | Seg IoU: 0.8233 | Seg Dice: 0.9025 | 14.3s
2026-04-02 04:16:34 - Epoch [67/100] LR: 5.85e-06/5.85e-05 | Loss: 0.3684 (seg=0.0793, cls=0.2891) | Cls Acc: 0.9935 | Seg IoU: 0.8306 | Seg Dice: 0.9071 | 14.1s
2026-04-02 04:16:48 - Epoch [68/100] LR: 5.55e-06/5.55e-05 | Loss: 0.3756 (seg=0.0816, cls=0.2940) | Cls Acc: 0.9910 | Seg IoU: 0.8267 | Seg Dice: 0.9046 | 14.1s
2026-04-02 04:17:02 - Epoch [69/100] LR: 5.25e-06/5.25e-05 | Loss: 0.3697 (seg=0.0821, cls=0.2876) | Cls Acc: 0.9959 | Seg IoU: 0.8249 | Seg Dice: 0.9035 | 14.3s
2026-04-02 04:17:16 - Epoch [70/100] LR: 4.96e-06/4.96e-05 | Loss: 0.3694 (seg=0.0796, cls=0.2898) | Cls Acc: 0.9951 | Seg IoU: 0.8317 | Seg Dice: 0.9077 | 13.9s
2026-04-02 04:17:16 - --------------------------------------------------
2026-04-02 04:17:18 - [Test] Cls — Acc: 0.7342 | P(macro): 0.6207 | R(macro): 0.5942 | F1(macro): 0.6013
2026-04-02 04:17:18 - [Test] Seg — Lesion IoU: 0.7622 | Lesion Dice: 0.8633
2026-04-02 04:17:18 - [Test] Classification Report:
              precision    recall  f1-score   support

      benign     0.4457    0.3178    0.3710       129
    no_tumor     0.7958    0.8706    0.8315       394

    accuracy                         0.7342       523
   macro avg     0.6207    0.5942    0.6013       523
weighted avg     0.7095    0.7342    0.7179       523

2026-04-02 04:17:18 - --------------------------------------------------
2026-04-02 04:17:33 - Epoch [71/100] LR: 4.67e-06/4.67e-05 | Loss: 0.3765 (seg=0.0847, cls=0.2918) | Cls Acc: 0.9943 | Seg IoU: 0.8239 | Seg Dice: 0.9029 | 14.4s
2026-04-02 04:17:47 - Epoch [72/100] LR: 4.39e-06/4.39e-05 | Loss: 0.3690 (seg=0.0775, cls=0.2915) | Cls Acc: 0.9918 | Seg IoU: 0.8329 | Seg Dice: 0.9083 | 14.1s
2026-04-02 04:18:01 - Epoch [73/100] LR: 4.12e-06/4.12e-05 | Loss: 0.3699 (seg=0.0777, cls=0.2922) | Cls Acc: 0.9951 | Seg IoU: 0.8336 | Seg Dice: 0.9088 | 14.5s
2026-04-02 04:18:16 - Epoch [74/100] LR: 3.85e-06/3.85e-05 | Loss: 0.3761 (seg=0.0815, cls=0.2946) | Cls Acc: 0.9918 | Seg IoU: 0.8286 | Seg Dice: 0.9057 | 14.5s
2026-04-02 04:18:31 - Epoch [75/100] LR: 3.59e-06/3.59e-05 | Loss: 0.3729 (seg=0.0815, cls=0.2913) | Cls Acc: 0.9910 | Seg IoU: 0.8301 | Seg Dice: 0.9066 | 14.8s
2026-04-02 04:18:31 - --------------------------------------------------
2026-04-02 04:18:33 - [Test] Cls — Acc: 0.7285 | P(macro): 0.6211 | R(macro): 0.6060 | F1(macro): 0.6115
2026-04-02 04:18:33 - [Test] Seg — Lesion IoU: 0.7607 | Lesion Dice: 0.8626
2026-04-02 04:18:33 - [Test] Classification Report:
              precision    recall  f1-score   support

      benign     0.4393    0.3643    0.3983       129
    no_tumor     0.8029    0.8477    0.8247       394

    accuracy                         0.7285       523
   macro avg     0.6211    0.6060    0.6115       523
weighted avg     0.7132    0.7285    0.7195       523

2026-04-02 04:18:34 - *** 保存最优模型 (F1: 0.6115, Epoch: 75) ***
2026-04-02 04:18:34 - --------------------------------------------------
2026-04-02 04:18:47 - Epoch [76/100] LR: 3.34e-06/3.34e-05 | Loss: 0.3655 (seg=0.0761, cls=0.2894) | Cls Acc: 0.9943 | Seg IoU: 0.8368 | Seg Dice: 0.9107 | 13.8s
2026-04-02 04:19:01 - Epoch [77/100] LR: 3.10e-06/3.10e-05 | Loss: 0.3646 (seg=0.0781, cls=0.2864) | Cls Acc: 0.9967 | Seg IoU: 0.8332 | Seg Dice: 0.9085 | 13.9s
2026-04-02 04:19:16 - Epoch [78/100] LR: 2.86e-06/2.86e-05 | Loss: 0.3649 (seg=0.0765, cls=0.2884) | Cls Acc: 0.9918 | Seg IoU: 0.8364 | Seg Dice: 0.9102 | 14.3s
2026-04-02 04:19:30 - Epoch [79/100] LR: 2.64e-06/2.64e-05 | Loss: 0.3693 (seg=0.0761, cls=0.2932) | Cls Acc: 0.9926 | Seg IoU: 0.8375 | Seg Dice: 0.9110 | 14.6s
2026-04-02 04:19:45 - Epoch [80/100] LR: 2.42e-06/2.42e-05 | Loss: 0.3608 (seg=0.0743, cls=0.2866) | Cls Acc: 0.9935 | Seg IoU: 0.8388 | Seg Dice: 0.9118 | 14.4s
2026-04-02 04:19:45 - --------------------------------------------------
2026-04-02 04:19:46 - [Test] Cls — Acc: 0.7151 | P(macro): 0.6118 | R(macro): 0.6076 | F1(macro): 0.6095
2026-04-02 04:19:46 - [Test] Seg — Lesion IoU: 0.7664 | Lesion Dice: 0.8664
2026-04-02 04:19:46 - [Test] Classification Report:
              precision    recall  f1-score   support

      benign     0.4180    0.3953    0.4064       129
    no_tumor     0.8055    0.8198    0.8126       394

    accuracy                         0.7151       523
   macro avg     0.6118    0.6076    0.6095       523
weighted avg     0.7099    0.7151    0.7124       523

2026-04-02 04:19:46 - --------------------------------------------------
2026-04-02 04:20:01 - Epoch [81/100] LR: 2.21e-06/2.21e-05 | Loss: 0.3672 (seg=0.0783, cls=0.2889) | Cls Acc: 0.9918 | Seg IoU: 0.8369 | Seg Dice: 0.9107 | 14.3s
2026-04-02 04:20:15 - Epoch [82/100] LR: 2.01e-06/2.01e-05 | Loss: 0.3660 (seg=0.0763, cls=0.2897) | Cls Acc: 0.9918 | Seg IoU: 0.8370 | Seg Dice: 0.9107 | 14.3s
2026-04-02 04:20:29 - Epoch [83/100] LR: 1.82e-06/1.82e-05 | Loss: 0.3660 (seg=0.0748, cls=0.2912) | Cls Acc: 0.9935 | Seg IoU: 0.8390 | Seg Dice: 0.9120 | 14.2s
2026-04-02 04:20:43 - Epoch [84/100] LR: 1.64e-06/1.64e-05 | Loss: 0.3682 (seg=0.0773, cls=0.2909) | Cls Acc: 0.9910 | Seg IoU: 0.8356 | Seg Dice: 0.9099 | 13.6s
2026-04-02 04:20:57 - Epoch [85/100] LR: 1.47e-06/1.47e-05 | Loss: 0.3647 (seg=0.0727, cls=0.2920) | Cls Acc: 0.9926 | Seg IoU: 0.8425 | Seg Dice: 0.9142 | 14.2s
2026-04-02 04:20:57 - --------------------------------------------------
2026-04-02 04:20:59 - [Test] Cls — Acc: 0.7247 | P(macro): 0.6124 | R(macro): 0.5957 | F1(macro): 0.6012
2026-04-02 04:20:59 - [Test] Seg — Lesion IoU: 0.7614 | Lesion Dice: 0.8633
2026-04-02 04:20:59 - [Test] Classification Report:
              precision    recall  f1-score   support

      benign     0.4272    0.3411    0.3793       129
    no_tumor     0.7976    0.8503    0.8231       394

    accuracy                         0.7247       523
   macro avg     0.6124    0.5957    0.6012       523
weighted avg     0.7062    0.7247    0.7136       523

2026-04-02 04:20:59 - --------------------------------------------------
2026-04-02 04:21:14 - Epoch [86/100] LR: 1.31e-06/1.31e-05 | Loss: 0.3592 (seg=0.0767, cls=0.2825) | Cls Acc: 0.9951 | Seg IoU: 0.8378 | Seg Dice: 0.9111 | 14.3s
2026-04-02 04:21:28 - Epoch [87/100] LR: 1.16e-06/1.16e-05 | Loss: 0.3635 (seg=0.0722, cls=0.2913) | Cls Acc: 0.9935 | Seg IoU: 0.8423 | Seg Dice: 0.9140 | 14.1s
2026-04-02 04:21:42 - Epoch [88/100] LR: 1.02e-06/1.02e-05 | Loss: 0.3696 (seg=0.0773, cls=0.2923) | Cls Acc: 0.9943 | Seg IoU: 0.8366 | Seg Dice: 0.9105 | 14.6s
2026-04-02 04:21:57 - Epoch [89/100] LR: 8.90e-07/8.90e-06 | Loss: 0.3589 (seg=0.0731, cls=0.2858) | Cls Acc: 0.9967 | Seg IoU: 0.8413 | Seg Dice: 0.9133 | 14.7s
2026-04-02 04:22:12 - Epoch [90/100] LR: 7.72e-07/7.72e-06 | Loss: 0.3597 (seg=0.0730, cls=0.2868) | Cls Acc: 0.9959 | Seg IoU: 0.8422 | Seg Dice: 0.9139 | 14.4s
2026-04-02 04:22:12 - --------------------------------------------------
2026-04-02 04:22:13 - [Test] Cls — Acc: 0.7228 | P(macro): 0.6185 | R(macro): 0.6100 | F1(macro): 0.6136
2026-04-02 04:22:13 - [Test] Seg — Lesion IoU: 0.7626 | Lesion Dice: 0.8640
2026-04-02 04:22:14 - [Test] Classification Report:
              precision    recall  f1-score   support

      benign     0.4310    0.3876    0.4082       129
    no_tumor     0.8059    0.8325    0.8190       394

    accuracy                         0.7228       523
   macro avg     0.6185    0.6100    0.6136       523
weighted avg     0.7134    0.7228    0.7176       523

2026-04-02 04:22:14 - *** 保存最优模型 (F1: 0.6136, Epoch: 90) ***
2026-04-02 04:22:14 - --------------------------------------------------
2026-04-02 04:22:28 - Epoch [91/100] LR: 6.64e-07/6.64e-06 | Loss: 0.3610 (seg=0.0734, cls=0.2876) | Cls Acc: 0.9926 | Seg IoU: 0.8411 | Seg Dice: 0.9133 | 13.7s
2026-04-02 04:22:42 - Epoch [92/100] LR: 5.67e-07/5.67e-06 | Loss: 0.3597 (seg=0.0730, cls=0.2866) | Cls Acc: 0.9935 | Seg IoU: 0.8434 | Seg Dice: 0.9147 | 14.3s
2026-04-02 04:22:56 - Epoch [93/100] LR: 4.81e-07/4.81e-06 | Loss: 0.3575 (seg=0.0729, cls=0.2845) | Cls Acc: 0.9951 | Seg IoU: 0.8436 | Seg Dice: 0.9147 | 14.2s
2026-04-02 04:23:10 - Epoch [94/100] LR: 4.07e-07/4.07e-06 | Loss: 0.3555 (seg=0.0724, cls=0.2831) | Cls Acc: 0.9935 | Seg IoU: 0.8441 | Seg Dice: 0.9150 | 13.9s
2026-04-02 04:23:24 - Epoch [95/100] LR: 3.44e-07/3.44e-06 | Loss: 0.3625 (seg=0.0732, cls=0.2893) | Cls Acc: 0.9918 | Seg IoU: 0.8422 | Seg Dice: 0.9138 | 14.2s
2026-04-02 04:23:24 - --------------------------------------------------
2026-04-02 04:23:26 - [Test] Cls — Acc: 0.7228 | P(macro): 0.6198 | R(macro): 0.6126 | F1(macro): 0.6157
2026-04-02 04:23:26 - [Test] Seg — Lesion IoU: 0.7632 | Lesion Dice: 0.8643
2026-04-02 04:23:26 - [Test] Classification Report:
              precision    recall  f1-score   support

      benign     0.4322    0.3953    0.4130       129
    no_tumor     0.8074    0.8299    0.8185       394

    accuracy                         0.7228       523
   macro avg     0.6198    0.6126    0.6157       523
weighted avg     0.7149    0.7228    0.7185       523

2026-04-02 04:23:27 - *** 保存最优模型 (F1: 0.6157, Epoch: 95) ***
2026-04-02 04:23:27 - --------------------------------------------------
2026-04-02 04:23:42 - Epoch [96/100] LR: 2.92e-07/2.92e-06 | Loss: 0.3577 (seg=0.0751, cls=0.2826) | Cls Acc: 0.9967 | Seg IoU: 0.8399 | Seg Dice: 0.9124 | 14.4s
2026-04-02 04:23:56 - Epoch [97/100] LR: 2.52e-07/2.52e-06 | Loss: 0.3603 (seg=0.0714, cls=0.2889) | Cls Acc: 0.9918 | Seg IoU: 0.8452 | Seg Dice: 0.9157 | 14.0s
2026-04-02 04:24:10 - Epoch [98/100] LR: 2.23e-07/2.23e-06 | Loss: 0.3559 (seg=0.0743, cls=0.2816) | Cls Acc: 0.9959 | Seg IoU: 0.8405 | Seg Dice: 0.9128 | 14.3s
2026-04-02 04:24:24 - Epoch [99/100] LR: 2.06e-07/2.06e-06 | Loss: 0.3619 (seg=0.0724, cls=0.2895) | Cls Acc: 0.9926 | Seg IoU: 0.8438 | Seg Dice: 0.9148 | 14.1s
2026-04-02 04:24:38 - Epoch [100/100] LR: 2.00e-07/2.00e-06 | Loss: 0.3598 (seg=0.0740, cls=0.2859) | Cls Acc: 0.9951 | Seg IoU: 0.8412 | Seg Dice: 0.9132 | 14.4s
2026-04-02 04:24:38 - --------------------------------------------------
2026-04-02 04:24:40 - [Test] Cls — Acc: 0.7189 | P(macro): 0.6056 | R(macro): 0.5919 | F1(macro): 0.5966
2026-04-02 04:24:40 - [Test] Seg — Lesion IoU: 0.7636 | Lesion Dice: 0.8646
2026-04-02 04:24:40 - [Test] Classification Report:
              precision    recall  f1-score   support

      benign     0.4151    0.3411    0.3745       129
    no_tumor     0.7962    0.8426    0.8187       394

    accuracy                         0.7189       523
   macro avg     0.6056    0.5919    0.5966       523
weighted avg     0.7022    0.7189    0.7092       523

2026-04-02 04:24:40 - --------------------------------------------------
2026-04-02 04:24:40 - 
======================================================================
2026-04-02 04:24:40 - 训练完成! 最优模型: Epoch 95, F1: 0.6157
2026-04-02 04:24:40 - ======================================================================
2026-04-02 04:24:40 - 
加载最优权重进行最终测试...
2026-04-02 04:24:41 - ======================================================================
2026-04-02 04:24:41 - 最终测试结果 (最优权重, threshold=0.5)
2026-04-02 04:24:41 - ======================================================================
2026-04-02 04:24:42 - [Final Test] Cls — Acc: 0.7228 | P(macro): 0.6198 | R(macro): 0.6126 | F1(macro): 0.6157
2026-04-02 04:24:42 - [Final Test] Seg — Lesion IoU: 0.7632 | Lesion Dice: 0.8643
2026-04-02 04:24:43 - [Final Test] Classification Report:
              precision    recall  f1-score   support

      benign     0.4322    0.3953    0.4130       129
    no_tumor     0.8074    0.8299    0.8185       394

    accuracy                         0.7228       523
   macro avg     0.6198    0.6126    0.6157       523
weighted avg     0.7149    0.7228    0.7185       523

2026-04-02 04:24:43 - 
======================================================================
2026-04-02 04:24:43 - 阈值优化搜索
2026-04-02 04:24:43 - ======================================================================
2026-04-02 04:24:44 - 最优阈值: 0.450 (F1: 0.6215 vs 默认0.5 F1: 0.6157)
2026-04-02 04:24:46 - [Final Test (最优阈值)] Threshold: 0.450 | Acc: 0.7247 | P(macro): 0.6245 | R(macro): 0.6191 | F1(macro): 0.6215
2026-04-02 04:24:46 - [Final Test (最优阈值)] Classification Report:
              precision    recall  f1-score   support

      benign     0.4380    0.4109    0.4240       129
    no_tumor     0.8109    0.8274    0.8191       394

    accuracy                         0.7247       523
   macro avg     0.6245    0.6191    0.6215       523
weighted avg     0.7190    0.7247    0.7216       523

2026-04-02 04:24:46 - 训练脚本已复制到: /data1/ouyangxinglong/GBP-Cascade/0402/logs/20260402_task2_SwinV2Tiny_segcls_1/20260402_task2_SwinV2Tiny_segcls_1.py
