2026-04-07 17:44:03 - ======================================================================
2026-04-07 17:44:03 - 实验名称: 20260408_task2_SwinV2Tiny_segcls_15
2026-04-07 17:44:03 - 模型: SwinV2-Tiny@256 + 4ch + Seg-Guided Attention + 10D Extended Metadata
2026-04-07 17:44:03 - 修改: Exp#4基础上扩展临床特征 6D→10D: 新增 echo_type(回声), lesion_count(个数), wall_thickness(壁厚), us_diameter(超声直径) + meta_hidden=96 + 其余同Exp#4
2026-04-07 17:44:03 - 输入通道: 4
2026-04-07 17:44:03 - 图像尺寸: 256
2026-04-07 17:44:03 - 分割类别: 2
2026-04-07 17:44:03 - 分类类别: ['benign', 'no_tumor']
2026-04-07 17:44:03 - Batch Size: 8
2026-04-07 17:44:03 - Backbone LR: 2e-05
2026-04-07 17:44:03 - Head LR: 0.0002
2026-04-07 17:44:03 - Weight Decay: 0.05
2026-04-07 17:44:03 - Warmup Epochs: 8
2026-04-07 17:44:03 - Lambda Cls: 2.0
2026-04-07 17:44:03 - Label Smoothing: 0.1
2026-04-07 17:44:03 - Seed: 42
2026-04-07 17:44:03 - Epochs: 100
2026-04-07 17:44:03 - Grad Clip: 1.0
2026-04-07 17:44:03 - 设备: cuda
2026-04-07 17:44:03 - ======================================================================
2026-04-07 17:44:05 - 训练集: 1229 张 (benign=309, no_tumor=920)
2026-04-07 17:44:05 - 测试集: 523 张 (benign=129, no_tumor=394)
2026-04-07 17:44:28 - 模型参数量: 34,606,542
2026-04-07 17:44:28 - 可训练参数量: 34,606,542
2026-04-07 17:44:28 - 分类类别权重: benign=1.9887, no_tumor=0.6679
2026-04-07 17:44:28 - 分割类别权重: bg=1.0, lesion=5.0
2026-04-07 17:44:28 - 
======================================================================
2026-04-07 17:44:28 - 开始训练
2026-04-07 17:44:28 - ======================================================================
2026-04-07 17:44:50 - Epoch [1/100] LR: 2.50e-06/2.50e-05 | Loss: 2.0724 (seg=0.6399, cls=0.7162) | Cls Acc: 0.6013 | Seg IoU: 0.6724 | Seg Dice: 0.7514 | 22.4s
2026-04-07 17:45:09 - Epoch [2/100] LR: 5.00e-06/5.00e-05 | Loss: 1.6754 (seg=0.2747, cls=0.7004) | Cls Acc: 0.7059 | Seg IoU: 0.9006 | Seg Dice: 0.9475 | 18.9s
2026-04-07 17:45:29 - Epoch [3/100] LR: 7.50e-06/7.50e-05 | Loss: 1.5567 (seg=0.2031, cls=0.6768) | Cls Acc: 0.6748 | Seg IoU: 0.9285 | Seg Dice: 0.9628 | 19.9s
2026-04-07 17:45:48 - Epoch [4/100] LR: 1.00e-05/1.00e-04 | Loss: 1.4782 (seg=0.1600, cls=0.6591) | Cls Acc: 0.7002 | Seg IoU: 0.9432 | Seg Dice: 0.9707 | 18.8s
2026-04-07 17:46:08 - Epoch [5/100] LR: 1.25e-05/1.25e-04 | Loss: 1.4053 (seg=0.1241, cls=0.6406) | Cls Acc: 0.7124 | Seg IoU: 0.9537 | Seg Dice: 0.9763 | 20.3s
2026-04-07 17:46:08 - --------------------------------------------------
2026-04-07 17:46:11 - [Test] Cls — Acc: 0.6558 | P(macro): 0.6144 | R(macro): 0.6490 | F1(macro): 0.6102
2026-04-07 17:46:11 - [Test] Seg — Lesion IoU: 0.9594 | Lesion Dice: 0.9793
2026-04-07 17:46:11 - [Test] Classification Report:
              precision    recall  f1-score   support

      benign     0.3814    0.6357    0.4767       129
    no_tumor     0.8474    0.6624    0.7436       394

    accuracy                         0.6558       523
   macro avg     0.6144    0.6490    0.6102       523
weighted avg     0.7325    0.6558    0.6778       523

2026-04-07 17:46:12 - *** 保存最优模型 (F1: 0.6102, Epoch: 5) ***
2026-04-07 17:46:12 - --------------------------------------------------
2026-04-07 17:46:31 - Epoch [6/100] LR: 1.50e-05/1.50e-04 | Loss: 1.3593 (seg=0.0933, cls=0.6330) | Cls Acc: 0.7402 | Seg IoU: 0.9607 | Seg Dice: 0.9800 | 19.1s
2026-04-07 17:46:52 - Epoch [7/100] LR: 1.75e-05/1.75e-04 | Loss: 1.2933 (seg=0.0705, cls=0.6114) | Cls Acc: 0.7190 | Seg IoU: 0.9631 | Seg Dice: 0.9812 | 21.0s
2026-04-07 17:47:10 - Epoch [8/100] LR: 2.00e-05/2.00e-04 | Loss: 1.2708 (seg=0.0536, cls=0.6086) | Cls Acc: 0.7353 | Seg IoU: 0.9657 | Seg Dice: 0.9825 | 18.4s
2026-04-07 17:47:30 - Epoch [9/100] LR: 2.00e-05/2.00e-04 | Loss: 1.2442 (seg=0.0423, cls=0.6009) | Cls Acc: 0.7606 | Seg IoU: 0.9697 | Seg Dice: 0.9846 | 20.0s
2026-04-07 17:47:50 - Epoch [10/100] LR: 2.00e-05/2.00e-04 | Loss: 1.1993 (seg=0.0342, cls=0.5825) | Cls Acc: 0.7672 | Seg IoU: 0.9722 | Seg Dice: 0.9859 | 19.7s
2026-04-07 17:47:50 - --------------------------------------------------
2026-04-07 17:47:54 - [Test] Cls — Acc: 0.6252 | P(macro): 0.6134 | R(macro): 0.6522 | F1(macro): 0.5940
2026-04-07 17:47:54 - [Test] Seg — Lesion IoU: 0.9683 | Lesion Dice: 0.9839
2026-04-07 17:47:54 - [Test] Classification Report:
              precision    recall  f1-score   support

      benign     0.3655    0.7054    0.4815       129
    no_tumor     0.8613    0.5990    0.7066       394

    accuracy                         0.6252       523
   macro avg     0.6134    0.6522    0.5940       523
weighted avg     0.7390    0.6252    0.6511       523

2026-04-07 17:47:54 - --------------------------------------------------
2026-04-07 17:48:14 - Epoch [11/100] LR: 1.99e-05/1.99e-04 | Loss: 1.1841 (seg=0.0298, cls=0.5772) | Cls Acc: 0.7647 | Seg IoU: 0.9707 | Seg Dice: 0.9851 | 20.2s
2026-04-07 17:48:33 - Epoch [12/100] LR: 1.99e-05/1.99e-04 | Loss: 1.1536 (seg=0.0272, cls=0.5632) | Cls Acc: 0.7933 | Seg IoU: 0.9699 | Seg Dice: 0.9847 | 19.2s
2026-04-07 17:48:54 - Epoch [13/100] LR: 1.99e-05/1.99e-04 | Loss: 1.1341 (seg=0.0232, cls=0.5554) | Cls Acc: 0.8023 | Seg IoU: 0.9743 | Seg Dice: 0.9870 | 20.8s
2026-04-07 17:49:13 - Epoch [14/100] LR: 1.98e-05/1.98e-04 | Loss: 1.1055 (seg=0.0207, cls=0.5424) | Cls Acc: 0.8047 | Seg IoU: 0.9747 | Seg Dice: 0.9872 | 18.8s
2026-04-07 17:49:33 - Epoch [15/100] LR: 1.97e-05/1.97e-04 | Loss: 1.0519 (seg=0.0185, cls=0.5167) | Cls Acc: 0.8342 | Seg IoU: 0.9772 | Seg Dice: 0.9885 | 20.2s
2026-04-07 17:49:33 - --------------------------------------------------
2026-04-07 17:49:37 - [Test] Cls — Acc: 0.7419 | P(macro): 0.6492 | R(macro): 0.6436 | F1(macro): 0.6462
2026-04-07 17:49:37 - [Test] Seg — Lesion IoU: 0.9762 | Lesion Dice: 0.9880
2026-04-07 17:49:37 - [Test] Classification Report:
              precision    recall  f1-score   support

      benign     0.4754    0.4496    0.4622       129
    no_tumor     0.8229    0.8376    0.8302       394

    accuracy                         0.7419       523
   macro avg     0.6492    0.6436    0.6462       523
weighted avg     0.7372    0.7419    0.7394       523

2026-04-07 17:49:37 - *** 保存最优模型 (F1: 0.6462, Epoch: 15) ***
2026-04-07 17:49:37 - --------------------------------------------------
2026-04-07 17:49:56 - Epoch [16/100] LR: 1.96e-05/1.96e-04 | Loss: 1.0077 (seg=0.0182, cls=0.4948) | Cls Acc: 0.8407 | Seg IoU: 0.9745 | Seg Dice: 0.9871 | 18.6s
2026-04-07 17:50:17 - Epoch [17/100] LR: 1.95e-05/1.95e-04 | Loss: 1.0228 (seg=0.0166, cls=0.5031) | Cls Acc: 0.8546 | Seg IoU: 0.9770 | Seg Dice: 0.9884 | 20.7s
2026-04-07 17:50:36 - Epoch [18/100] LR: 1.94e-05/1.94e-04 | Loss: 1.0048 (seg=0.0185, cls=0.4931) | Cls Acc: 0.8554 | Seg IoU: 0.9700 | Seg Dice: 0.9847 | 19.1s
2026-04-07 17:50:56 - Epoch [19/100] LR: 1.93e-05/1.93e-04 | Loss: 0.9516 (seg=0.0159, cls=0.4678) | Cls Acc: 0.8701 | Seg IoU: 0.9745 | Seg Dice: 0.9870 | 20.3s
2026-04-07 17:51:15 - Epoch [20/100] LR: 1.92e-05/1.92e-04 | Loss: 0.9188 (seg=0.0134, cls=0.4527) | Cls Acc: 0.8864 | Seg IoU: 0.9796 | Seg Dice: 0.9897 | 18.5s
2026-04-07 17:51:15 - --------------------------------------------------
2026-04-07 17:51:18 - [Test] Cls — Acc: 0.6405 | P(macro): 0.5883 | R(macro): 0.6128 | F1(macro): 0.5852
2026-04-07 17:51:18 - [Test] Seg — Lesion IoU: 0.9793 | Lesion Dice: 0.9896
2026-04-07 17:51:18 - [Test] Classification Report:
              precision    recall  f1-score   support

      benign     0.3547    0.5581    0.4337       129
    no_tumor     0.8219    0.6675    0.7367       394

    accuracy                         0.6405       523
   macro avg     0.5883    0.6128    0.5852       523
weighted avg     0.7066    0.6405    0.6620       523

2026-04-07 17:51:18 - --------------------------------------------------
2026-04-07 17:51:38 - Epoch [21/100] LR: 1.90e-05/1.90e-04 | Loss: 0.9116 (seg=0.0121, cls=0.4498) | Cls Acc: 0.8922 | Seg IoU: 0.9809 | Seg Dice: 0.9904 | 20.3s
2026-04-07 17:51:59 - Epoch [22/100] LR: 1.89e-05/1.89e-04 | Loss: 0.9154 (seg=0.0115, cls=0.4519) | Cls Acc: 0.8979 | Seg IoU: 0.9811 | Seg Dice: 0.9905 | 20.3s
2026-04-07 17:52:19 - Epoch [23/100] LR: 1.87e-05/1.87e-04 | Loss: 0.8651 (seg=0.0114, cls=0.4269) | Cls Acc: 0.9109 | Seg IoU: 0.9795 | Seg Dice: 0.9896 | 20.0s
2026-04-07 17:52:38 - Epoch [24/100] LR: 1.86e-05/1.86e-04 | Loss: 0.9325 (seg=0.0101, cls=0.4612) | Cls Acc: 0.9044 | Seg IoU: 0.9824 | Seg Dice: 0.9911 | 19.2s
2026-04-07 17:52:58 - Epoch [25/100] LR: 1.84e-05/1.84e-04 | Loss: 0.8747 (seg=0.0097, cls=0.4325) | Cls Acc: 0.9158 | Seg IoU: 0.9827 | Seg Dice: 0.9913 | 20.0s
2026-04-07 17:52:58 - --------------------------------------------------
2026-04-07 17:53:01 - [Test] Cls — Acc: 0.7285 | P(macro): 0.6249 | R(macro): 0.6138 | F1(macro): 0.6183
2026-04-07 17:53:01 - [Test] Seg — Lesion IoU: 0.9854 | Lesion Dice: 0.9927
2026-04-07 17:53:01 - [Test] Classification Report:
              precision    recall  f1-score   support

      benign     0.4425    0.3876    0.4132       129
    no_tumor     0.8073    0.8401    0.8234       394

    accuracy                         0.7285       523
   macro avg     0.6249    0.6138    0.6183       523
weighted avg     0.7173    0.7285    0.7222       523

2026-04-07 17:53:01 - --------------------------------------------------
2026-04-07 17:53:21 - Epoch [26/100] LR: 1.82e-05/1.82e-04 | Loss: 0.8234 (seg=0.0091, cls=0.4071) | Cls Acc: 0.9297 | Seg IoU: 0.9836 | Seg Dice: 0.9917 | 19.6s
2026-04-07 17:53:40 - Epoch [27/100] LR: 1.80e-05/1.80e-04 | Loss: 0.8142 (seg=0.0099, cls=0.4022) | Cls Acc: 0.9387 | Seg IoU: 0.9805 | Seg Dice: 0.9901 | 19.4s
2026-04-07 17:53:59 - Epoch [28/100] LR: 1.78e-05/1.78e-04 | Loss: 0.8171 (seg=0.0080, cls=0.4046) | Cls Acc: 0.9330 | Seg IoU: 0.9849 | Seg Dice: 0.9924 | 19.3s
2026-04-07 17:54:19 - Epoch [29/100] LR: 1.76e-05/1.76e-04 | Loss: 0.8214 (seg=0.0070, cls=0.4072) | Cls Acc: 0.9395 | Seg IoU: 0.9863 | Seg Dice: 0.9931 | 19.3s
2026-04-07 17:54:39 - Epoch [30/100] LR: 1.73e-05/1.73e-04 | Loss: 0.7708 (seg=0.0071, cls=0.3818) | Cls Acc: 0.9477 | Seg IoU: 0.9856 | Seg Dice: 0.9927 | 20.6s
2026-04-07 17:54:39 - --------------------------------------------------
2026-04-07 17:54:42 - [Test] Cls — Acc: 0.7285 | P(macro): 0.6236 | R(macro): 0.6112 | F1(macro): 0.6161
2026-04-07 17:54:42 - [Test] Seg — Lesion IoU: 0.9874 | Lesion Dice: 0.9937
2026-04-07 17:54:42 - [Test] Classification Report:
              precision    recall  f1-score   support

      benign     0.4414    0.3798    0.4083       129
    no_tumor     0.8058    0.8426    0.8238       394

    accuracy                         0.7285       523
   macro avg     0.6236    0.6112    0.6161       523
weighted avg     0.7159    0.7285    0.7213       523

2026-04-07 17:54:42 - --------------------------------------------------
2026-04-07 17:55:01 - Epoch [31/100] LR: 1.71e-05/1.71e-04 | Loss: 0.7772 (seg=0.0066, cls=0.3853) | Cls Acc: 0.9477 | Seg IoU: 0.9871 | Seg Dice: 0.9935 | 18.9s
2026-04-07 17:55:21 - Epoch [32/100] LR: 1.69e-05/1.69e-04 | Loss: 0.7533 (seg=0.0073, cls=0.3730) | Cls Acc: 0.9510 | Seg IoU: 0.9848 | Seg Dice: 0.9923 | 19.6s
2026-04-07 17:55:40 - Epoch [33/100] LR: 1.66e-05/1.66e-04 | Loss: 0.7536 (seg=0.0054, cls=0.3741) | Cls Acc: 0.9493 | Seg IoU: 0.9894 | Seg Dice: 0.9947 | 19.4s
2026-04-07 17:56:01 - Epoch [34/100] LR: 1.63e-05/1.63e-04 | Loss: 0.7731 (seg=0.0049, cls=0.3841) | Cls Acc: 0.9436 | Seg IoU: 0.9904 | Seg Dice: 0.9952 | 20.3s
2026-04-07 17:56:20 - Epoch [35/100] LR: 1.61e-05/1.61e-04 | Loss: 0.7451 (seg=0.0046, cls=0.3702) | Cls Acc: 0.9493 | Seg IoU: 0.9909 | Seg Dice: 0.9954 | 19.1s
2026-04-07 17:56:20 - --------------------------------------------------
2026-04-07 17:56:23 - [Test] Cls — Acc: 0.7629 | P(macro): 0.6704 | R(macro): 0.6341 | F1(macro): 0.6455
2026-04-07 17:56:23 - [Test] Seg — Lesion IoU: 0.9919 | Lesion Dice: 0.9960
2026-04-07 17:56:23 - [Test] Classification Report:
              precision    recall  f1-score   support

      benign     0.5269    0.3798    0.4414       129
    no_tumor     0.8140    0.8883    0.8495       394

    accuracy                         0.7629       523
   macro avg     0.6704    0.6341    0.6455       523
weighted avg     0.7431    0.7629    0.7489       523

2026-04-07 17:56:23 - --------------------------------------------------
2026-04-07 17:56:43 - Epoch [36/100] LR: 1.58e-05/1.58e-04 | Loss: 0.7111 (seg=0.0043, cls=0.3534) | Cls Acc: 0.9583 | Seg IoU: 0.9915 | Seg Dice: 0.9957 | 20.7s
2026-04-07 17:57:04 - Epoch [37/100] LR: 1.55e-05/1.55e-04 | Loss: 0.7443 (seg=0.0041, cls=0.3701) | Cls Acc: 0.9526 | Seg IoU: 0.9917 | Seg Dice: 0.9958 | 20.5s
2026-04-07 17:57:24 - Epoch [38/100] LR: 1.52e-05/1.52e-04 | Loss: 0.7226 (seg=0.0038, cls=0.3594) | Cls Acc: 0.9575 | Seg IoU: 0.9926 | Seg Dice: 0.9963 | 20.4s
2026-04-07 17:57:43 - Epoch [39/100] LR: 1.50e-05/1.50e-04 | Loss: 0.7135 (seg=0.0033, cls=0.3551) | Cls Acc: 0.9559 | Seg IoU: 0.9933 | Seg Dice: 0.9966 | 18.9s
2026-04-07 17:58:03 - Epoch [40/100] LR: 1.47e-05/1.47e-04 | Loss: 0.7052 (seg=0.0032, cls=0.3510) | Cls Acc: 0.9632 | Seg IoU: 0.9933 | Seg Dice: 0.9966 | 20.2s
2026-04-07 17:58:03 - --------------------------------------------------
2026-04-07 17:58:07 - [Test] Cls — Acc: 0.6883 | P(macro): 0.5982 | R(macro): 0.6081 | F1(macro): 0.6016
2026-04-07 17:58:07 - [Test] Seg — Lesion IoU: 0.9919 | Lesion Dice: 0.9959
2026-04-07 17:58:07 - [Test] Classification Report:
              precision    recall  f1-score   support

      benign     0.3867    0.4496    0.4158       129
    no_tumor     0.8097    0.7665    0.7875       394

    accuracy                         0.6883       523
   macro avg     0.5982    0.6081    0.6016       523
weighted avg     0.7053    0.6883    0.6958       523

2026-04-07 17:58:07 - --------------------------------------------------
2026-04-07 17:58:26 - Epoch [41/100] LR: 1.44e-05/1.44e-04 | Loss: 0.6962 (seg=0.0032, cls=0.3465) | Cls Acc: 0.9657 | Seg IoU: 0.9935 | Seg Dice: 0.9967 | 19.1s
2026-04-07 17:58:47 - Epoch [42/100] LR: 1.40e-05/1.40e-04 | Loss: 0.7176 (seg=0.0029, cls=0.3573) | Cls Acc: 0.9600 | Seg IoU: 0.9941 | Seg Dice: 0.9970 | 20.8s
2026-04-07 17:59:06 - Epoch [43/100] LR: 1.37e-05/1.37e-04 | Loss: 0.6908 (seg=0.0027, cls=0.3441) | Cls Acc: 0.9649 | Seg IoU: 0.9945 | Seg Dice: 0.9973 | 19.2s
2026-04-07 17:59:27 - Epoch [44/100] LR: 1.34e-05/1.34e-04 | Loss: 0.7005 (seg=0.0025, cls=0.3490) | Cls Acc: 0.9714 | Seg IoU: 0.9949 | Seg Dice: 0.9975 | 21.4s
2026-04-07 17:59:46 - Epoch [45/100] LR: 1.31e-05/1.31e-04 | Loss: 0.6720 (seg=0.0025, cls=0.3348) | Cls Acc: 0.9698 | Seg IoU: 0.9950 | Seg Dice: 0.9975 | 18.7s
2026-04-07 17:59:46 - --------------------------------------------------
2026-04-07 17:59:50 - [Test] Cls — Acc: 0.7591 | P(macro): 0.6569 | R(macro): 0.5820 | F1(macro): 0.5880
2026-04-07 17:59:50 - [Test] Seg — Lesion IoU: 0.9945 | Lesion Dice: 0.9972
2026-04-07 17:59:50 - [Test] Classification Report:
              precision    recall  f1-score   support

      benign     0.5263    0.2326    0.3226       129
    no_tumor     0.7876    0.9315    0.8535       394

    accuracy                         0.7591       523
   macro avg     0.6569    0.5820    0.5880       523
weighted avg     0.7231    0.7591    0.7225       523

2026-04-07 17:59:50 - --------------------------------------------------
2026-04-07 18:00:10 - Epoch [46/100] LR: 1.28e-05/1.28e-04 | Loss: 0.6686 (seg=0.0022, cls=0.3332) | Cls Acc: 0.9722 | Seg IoU: 0.9956 | Seg Dice: 0.9978 | 20.4s
2026-04-07 18:00:31 - Epoch [47/100] LR: 1.24e-05/1.24e-04 | Loss: 0.6796 (seg=0.0020, cls=0.3388) | Cls Acc: 0.9714 | Seg IoU: 0.9959 | Seg Dice: 0.9979 | 20.7s
2026-04-07 18:00:51 - Epoch [48/100] LR: 1.21e-05/1.21e-04 | Loss: 0.6829 (seg=0.0018, cls=0.3405) | Cls Acc: 0.9665 | Seg IoU: 0.9962 | Seg Dice: 0.9981 | 19.8s
2026-04-07 18:01:11 - Epoch [49/100] LR: 1.18e-05/1.18e-04 | Loss: 0.6675 (seg=0.0021, cls=0.3327) | Cls Acc: 0.9730 | Seg IoU: 0.9957 | Seg Dice: 0.9978 | 20.2s
2026-04-07 18:01:31 - Epoch [50/100] LR: 1.14e-05/1.14e-04 | Loss: 0.6537 (seg=0.0019, cls=0.3259) | Cls Acc: 0.9779 | Seg IoU: 0.9961 | Seg Dice: 0.9980 | 19.8s
2026-04-07 18:01:31 - --------------------------------------------------
2026-04-07 18:01:34 - [Test] Cls — Acc: 0.7361 | P(macro): 0.6222 | R(macro): 0.5929 | F1(macro): 0.6002
2026-04-07 18:01:34 - [Test] Seg — Lesion IoU: 0.9959 | Lesion Dice: 0.9979
2026-04-07 18:01:34 - [Test] Classification Report:
              precision    recall  f1-score   support

      benign     0.4494    0.3101    0.3670       129
    no_tumor     0.7949    0.8756    0.8333       394

    accuracy                         0.7361       523
   macro avg     0.6222    0.5929    0.6002       523
weighted avg     0.7097    0.7361    0.7183       523

2026-04-07 18:01:34 - --------------------------------------------------
2026-04-07 18:01:53 - Epoch [51/100] LR: 1.11e-05/1.11e-04 | Loss: 0.6564 (seg=0.0016, cls=0.3274) | Cls Acc: 0.9747 | Seg IoU: 0.9967 | Seg Dice: 0.9983 | 19.7s
2026-04-07 18:02:13 - Epoch [52/100] LR: 1.08e-05/1.08e-04 | Loss: 0.6277 (seg=0.0017, cls=0.3130) | Cls Acc: 0.9828 | Seg IoU: 0.9965 | Seg Dice: 0.9982 | 19.6s
2026-04-07 18:02:33 - Epoch [53/100] LR: 1.04e-05/1.04e-04 | Loss: 0.6579 (seg=0.0015, cls=0.3282) | Cls Acc: 0.9706 | Seg IoU: 0.9969 | Seg Dice: 0.9985 | 20.1s
2026-04-07 18:02:53 - Epoch [54/100] LR: 1.01e-05/1.01e-04 | Loss: 0.6586 (seg=0.0015, cls=0.3286) | Cls Acc: 0.9747 | Seg IoU: 0.9969 | Seg Dice: 0.9985 | 20.2s
2026-04-07 18:03:14 - Epoch [55/100] LR: 9.76e-06/9.76e-05 | Loss: 0.6445 (seg=0.0013, cls=0.3216) | Cls Acc: 0.9763 | Seg IoU: 0.9972 | Seg Dice: 0.9986 | 21.0s
2026-04-07 18:03:14 - --------------------------------------------------
2026-04-07 18:03:18 - [Test] Cls — Acc: 0.7113 | P(macro): 0.6049 | R(macro): 0.5998 | F1(macro): 0.6021
2026-04-07 18:03:18 - [Test] Seg — Lesion IoU: 0.9971 | Lesion Dice: 0.9985
2026-04-07 18:03:18 - [Test] Classification Report:
              precision    recall  f1-score   support

      benign     0.4083    0.3798    0.3936       129
    no_tumor     0.8015    0.8198    0.8105       394

    accuracy                         0.7113       523
   macro avg     0.6049    0.5998    0.6021       523
weighted avg     0.7045    0.7113    0.7077       523

2026-04-07 18:03:18 - --------------------------------------------------
2026-04-07 18:03:38 - Epoch [56/100] LR: 9.42e-06/9.42e-05 | Loss: 0.6242 (seg=0.0013, cls=0.3115) | Cls Acc: 0.9869 | Seg IoU: 0.9973 | Seg Dice: 0.9986 | 20.4s
2026-04-07 18:03:58 - Epoch [57/100] LR: 9.09e-06/9.09e-05 | Loss: 0.6486 (seg=0.0013, cls=0.3237) | Cls Acc: 0.9820 | Seg IoU: 0.9972 | Seg Dice: 0.9986 | 20.3s
2026-04-07 18:04:17 - Epoch [58/100] LR: 8.75e-06/8.75e-05 | Loss: 0.6319 (seg=0.0013, cls=0.3153) | Cls Acc: 0.9747 | Seg IoU: 0.9973 | Seg Dice: 0.9986 | 18.6s
2026-04-07 18:04:37 - Epoch [59/100] LR: 8.42e-06/8.42e-05 | Loss: 0.6339 (seg=0.0012, cls=0.3164) | Cls Acc: 0.9828 | Seg IoU: 0.9976 | Seg Dice: 0.9988 | 20.6s
2026-04-07 18:04:56 - Epoch [60/100] LR: 8.09e-06/8.09e-05 | Loss: 0.6279 (seg=0.0012, cls=0.3134) | Cls Acc: 0.9796 | Seg IoU: 0.9974 | Seg Dice: 0.9987 | 19.0s
2026-04-07 18:04:56 - --------------------------------------------------
2026-04-07 18:05:00 - [Test] Cls — Acc: 0.7438 | P(macro): 0.6227 | R(macro): 0.5719 | F1(macro): 0.5760
2026-04-07 18:05:00 - [Test] Seg — Lesion IoU: 0.9976 | Lesion Dice: 0.9988
2026-04-07 18:05:00 - [Test] Classification Report:
              precision    recall  f1-score   support

      benign     0.4615    0.2326    0.3093       129
    no_tumor     0.7838    0.9112    0.8427       394

    accuracy                         0.7438       523
   macro avg     0.6227    0.5719    0.5760       523
weighted avg     0.7043    0.7438    0.7111       523

2026-04-07 18:05:00 - --------------------------------------------------
2026-04-07 18:05:20 - Epoch [61/100] LR: 7.76e-06/7.76e-05 | Loss: 0.6388 (seg=0.0011, cls=0.3189) | Cls Acc: 0.9796 | Seg IoU: 0.9976 | Seg Dice: 0.9988 | 19.9s
2026-04-07 18:05:38 - Epoch [62/100] LR: 7.43e-06/7.43e-05 | Loss: 0.6207 (seg=0.0011, cls=0.3098) | Cls Acc: 0.9820 | Seg IoU: 0.9976 | Seg Dice: 0.9988 | 18.4s
2026-04-07 18:05:59 - Epoch [63/100] LR: 7.11e-06/7.11e-05 | Loss: 0.6213 (seg=0.0010, cls=0.3101) | Cls Acc: 0.9828 | Seg IoU: 0.9978 | Seg Dice: 0.9989 | 20.7s
2026-04-07 18:06:18 - Epoch [64/100] LR: 6.78e-06/6.78e-05 | Loss: 0.6349 (seg=0.0010, cls=0.3169) | Cls Acc: 0.9771 | Seg IoU: 0.9978 | Seg Dice: 0.9989 | 19.1s
2026-04-07 18:06:38 - Epoch [65/100] LR: 6.47e-06/6.47e-05 | Loss: 0.6097 (seg=0.0009, cls=0.3044) | Cls Acc: 0.9869 | Seg IoU: 0.9981 | Seg Dice: 0.9991 | 20.4s
2026-04-07 18:06:38 - --------------------------------------------------
2026-04-07 18:06:41 - [Test] Cls — Acc: 0.7132 | P(macro): 0.5992 | R(macro): 0.5881 | F1(macro): 0.5921
2026-04-07 18:06:41 - [Test] Seg — Lesion IoU: 0.9979 | Lesion Dice: 0.9989
2026-04-07 18:06:41 - [Test] Classification Report:
              precision    recall  f1-score   support

      benign     0.4037    0.3411    0.3697       129
    no_tumor     0.7947    0.8350    0.8144       394

    accuracy                         0.7132       523
   macro avg     0.5992    0.5881    0.5921       523
weighted avg     0.6982    0.7132    0.7047       523

2026-04-07 18:06:41 - --------------------------------------------------
2026-04-07 18:07:00 - Epoch [66/100] LR: 6.16e-06/6.16e-05 | Loss: 0.6097 (seg=0.0010, cls=0.3044) | Cls Acc: 0.9869 | Seg IoU: 0.9979 | Seg Dice: 0.9990 | 19.0s
2026-04-07 18:07:20 - Epoch [67/100] LR: 5.85e-06/5.85e-05 | Loss: 0.6079 (seg=0.0009, cls=0.3035) | Cls Acc: 0.9869 | Seg IoU: 0.9981 | Seg Dice: 0.9990 | 20.4s
2026-04-07 18:07:39 - Epoch [68/100] LR: 5.55e-06/5.55e-05 | Loss: 0.5903 (seg=0.0009, cls=0.2947) | Cls Acc: 0.9926 | Seg IoU: 0.9980 | Seg Dice: 0.9990 | 18.3s
2026-04-07 18:08:00 - Epoch [69/100] LR: 5.25e-06/5.25e-05 | Loss: 0.6261 (seg=0.0008, cls=0.3126) | Cls Acc: 0.9861 | Seg IoU: 0.9982 | Seg Dice: 0.9991 | 20.9s
2026-04-07 18:08:19 - Epoch [70/100] LR: 4.96e-06/4.96e-05 | Loss: 0.6211 (seg=0.0008, cls=0.3102) | Cls Acc: 0.9869 | Seg IoU: 0.9982 | Seg Dice: 0.9991 | 19.0s
2026-04-07 18:08:19 - --------------------------------------------------
2026-04-07 18:08:22 - [Test] Cls — Acc: 0.7285 | P(macro): 0.6171 | R(macro): 0.5982 | F1(macro): 0.6043
2026-04-07 18:08:22 - [Test] Seg — Lesion IoU: 0.9981 | Lesion Dice: 0.9991
2026-04-07 18:08:22 - [Test] Classification Report:
              precision    recall  f1-score   support

      benign     0.4356    0.3411    0.3826       129
    no_tumor     0.7986    0.8553    0.8260       394

    accuracy                         0.7285       523
   macro avg     0.6171    0.5982    0.6043       523
weighted avg     0.7091    0.7285    0.7166       523

2026-04-07 18:08:22 - --------------------------------------------------
2026-04-07 18:08:42 - Epoch [71/100] LR: 4.67e-06/4.67e-05 | Loss: 0.5949 (seg=0.0008, cls=0.2970) | Cls Acc: 0.9877 | Seg IoU: 0.9982 | Seg Dice: 0.9991 | 19.8s
2026-04-07 18:09:01 - Epoch [72/100] LR: 4.39e-06/4.39e-05 | Loss: 0.6055 (seg=0.0008, cls=0.3024) | Cls Acc: 0.9869 | Seg IoU: 0.9983 | Seg Dice: 0.9991 | 19.3s
2026-04-07 18:09:21 - Epoch [73/100] LR: 4.12e-06/4.12e-05 | Loss: 0.6011 (seg=0.0008, cls=0.3002) | Cls Acc: 0.9877 | Seg IoU: 0.9983 | Seg Dice: 0.9991 | 19.7s
2026-04-07 18:09:40 - Epoch [74/100] LR: 3.85e-06/3.85e-05 | Loss: 0.6112 (seg=0.0008, cls=0.3052) | Cls Acc: 0.9886 | Seg IoU: 0.9983 | Seg Dice: 0.9992 | 19.4s
2026-04-07 18:10:00 - Epoch [75/100] LR: 3.59e-06/3.59e-05 | Loss: 0.5999 (seg=0.0008, cls=0.2996) | Cls Acc: 0.9837 | Seg IoU: 0.9983 | Seg Dice: 0.9992 | 19.6s
2026-04-07 18:10:00 - --------------------------------------------------
2026-04-07 18:10:03 - [Test] Cls — Acc: 0.7266 | P(macro): 0.6147 | R(macro): 0.5969 | F1(macro): 0.6027
2026-04-07 18:10:03 - [Test] Seg — Lesion IoU: 0.9982 | Lesion Dice: 0.9991
2026-04-07 18:10:03 - [Test] Classification Report:
              precision    recall  f1-score   support

      benign     0.4314    0.3411    0.3810       129
    no_tumor     0.7981    0.8528    0.8245       394

    accuracy                         0.7266       523
   macro avg     0.6147    0.5969    0.6027       523
weighted avg     0.7076    0.7266    0.7151       523

2026-04-07 18:10:03 - --------------------------------------------------
2026-04-07 18:10:22 - Epoch [76/100] LR: 3.34e-06/3.34e-05 | Loss: 0.5872 (seg=0.0007, cls=0.2932) | Cls Acc: 0.9926 | Seg IoU: 0.9984 | Seg Dice: 0.9992 | 19.1s
2026-04-07 18:10:42 - Epoch [77/100] LR: 3.10e-06/3.10e-05 | Loss: 0.6039 (seg=0.0007, cls=0.3016) | Cls Acc: 0.9902 | Seg IoU: 0.9983 | Seg Dice: 0.9992 | 19.7s
2026-04-07 18:11:01 - Epoch [78/100] LR: 2.86e-06/2.86e-05 | Loss: 0.6098 (seg=0.0007, cls=0.3046) | Cls Acc: 0.9869 | Seg IoU: 0.9985 | Seg Dice: 0.9992 | 19.4s
2026-04-07 18:11:21 - Epoch [79/100] LR: 2.64e-06/2.64e-05 | Loss: 0.5997 (seg=0.0007, cls=0.2995) | Cls Acc: 0.9877 | Seg IoU: 0.9985 | Seg Dice: 0.9993 | 20.4s
2026-04-07 18:11:41 - Epoch [80/100] LR: 2.42e-06/2.42e-05 | Loss: 0.5958 (seg=0.0007, cls=0.2975) | Cls Acc: 0.9886 | Seg IoU: 0.9985 | Seg Dice: 0.9992 | 19.3s
2026-04-07 18:11:41 - --------------------------------------------------
2026-04-07 18:11:44 - [Test] Cls — Acc: 0.7342 | P(macro): 0.6233 | R(macro): 0.5994 | F1(macro): 0.6065
2026-04-07 18:11:44 - [Test] Seg — Lesion IoU: 0.9983 | Lesion Dice: 0.9991
2026-04-07 18:11:44 - [Test] Classification Report:
              precision    recall  f1-score   support

      benign     0.4479    0.3333    0.3822       129
    no_tumor     0.7986    0.8655    0.8307       394

    accuracy                         0.7342       523
   macro avg     0.6233    0.5994    0.6065       523
weighted avg     0.7121    0.7342    0.7201       523

2026-04-07 18:11:44 - --------------------------------------------------
2026-04-07 18:12:04 - Epoch [81/100] LR: 2.21e-06/2.21e-05 | Loss: 0.5935 (seg=0.0007, cls=0.2964) | Cls Acc: 0.9910 | Seg IoU: 0.9985 | Seg Dice: 0.9993 | 19.6s
2026-04-07 18:12:23 - Epoch [82/100] LR: 2.01e-06/2.01e-05 | Loss: 0.5929 (seg=0.0007, cls=0.2961) | Cls Acc: 0.9902 | Seg IoU: 0.9985 | Seg Dice: 0.9993 | 18.8s
2026-04-07 18:12:43 - Epoch [83/100] LR: 1.82e-06/1.82e-05 | Loss: 0.5869 (seg=0.0007, cls=0.2931) | Cls Acc: 0.9894 | Seg IoU: 0.9986 | Seg Dice: 0.9993 | 19.8s
2026-04-07 18:13:02 - Epoch [84/100] LR: 1.64e-06/1.64e-05 | Loss: 0.6061 (seg=0.0007, cls=0.3027) | Cls Acc: 0.9869 | Seg IoU: 0.9985 | Seg Dice: 0.9992 | 19.2s
2026-04-07 18:13:22 - Epoch [85/100] LR: 1.47e-06/1.47e-05 | Loss: 0.6193 (seg=0.0006, cls=0.3093) | Cls Acc: 0.9845 | Seg IoU: 0.9986 | Seg Dice: 0.9993 | 20.0s
2026-04-07 18:13:22 - --------------------------------------------------
2026-04-07 18:13:25 - [Test] Cls — Acc: 0.7228 | P(macro): 0.6072 | R(macro): 0.5892 | F1(macro): 0.5947
2026-04-07 18:13:25 - [Test] Seg — Lesion IoU: 0.9985 | Lesion Dice: 0.9992
2026-04-07 18:13:25 - [Test] Classification Report:
              precision    recall  f1-score   support

      benign     0.4200    0.3256    0.3668       129
    no_tumor     0.7943    0.8528    0.8225       394

    accuracy                         0.7228       523
   macro avg     0.6072    0.5892    0.5947       523
weighted avg     0.7020    0.7228    0.7101       523

2026-04-07 18:13:25 - --------------------------------------------------
2026-04-07 18:13:44 - Epoch [86/100] LR: 1.31e-06/1.31e-05 | Loss: 0.6023 (seg=0.0007, cls=0.3008) | Cls Acc: 0.9886 | Seg IoU: 0.9986 | Seg Dice: 0.9993 | 19.2s
2026-04-07 18:14:03 - Epoch [87/100] LR: 1.16e-06/1.16e-05 | Loss: 0.6028 (seg=0.0006, cls=0.3011) | Cls Acc: 0.9877 | Seg IoU: 0.9986 | Seg Dice: 0.9993 | 19.6s
2026-04-07 18:14:23 - Epoch [88/100] LR: 1.02e-06/1.02e-05 | Loss: 0.5903 (seg=0.0006, cls=0.2948) | Cls Acc: 0.9894 | Seg IoU: 0.9987 | Seg Dice: 0.9993 | 19.8s
2026-04-07 18:14:43 - Epoch [89/100] LR: 8.90e-07/8.90e-06 | Loss: 0.5935 (seg=0.0006, cls=0.2964) | Cls Acc: 0.9918 | Seg IoU: 0.9987 | Seg Dice: 0.9994 | 19.4s
2026-04-07 18:15:02 - Epoch [90/100] LR: 7.72e-07/7.72e-06 | Loss: 0.5935 (seg=0.0006, cls=0.2965) | Cls Acc: 0.9902 | Seg IoU: 0.9986 | Seg Dice: 0.9993 | 19.8s
2026-04-07 18:15:02 - --------------------------------------------------
2026-04-07 18:15:06 - [Test] Cls — Acc: 0.7361 | P(macro): 0.6234 | R(macro): 0.5955 | F1(macro): 0.6028
2026-04-07 18:15:06 - [Test] Seg — Lesion IoU: 0.9986 | Lesion Dice: 0.9993
2026-04-07 18:15:06 - [Test] Classification Report:
              precision    recall  f1-score   support

      benign     0.4505    0.3178    0.3727       129
    no_tumor     0.7963    0.8731    0.8329       394

    accuracy                         0.7361       523
   macro avg     0.6234    0.5955    0.6028       523
weighted avg     0.7110    0.7361    0.7194       523

2026-04-07 18:15:06 - --------------------------------------------------
2026-04-07 18:15:25 - Epoch [91/100] LR: 6.64e-07/6.64e-06 | Loss: 0.6011 (seg=0.0006, cls=0.3002) | Cls Acc: 0.9845 | Seg IoU: 0.9987 | Seg Dice: 0.9993 | 19.2s
2026-04-07 18:15:44 - Epoch [92/100] LR: 5.67e-07/5.67e-06 | Loss: 0.6015 (seg=0.0006, cls=0.3004) | Cls Acc: 0.9910 | Seg IoU: 0.9986 | Seg Dice: 0.9993 | 19.5s
2026-04-07 18:16:04 - Epoch [93/100] LR: 4.81e-07/4.81e-06 | Loss: 0.5994 (seg=0.0006, cls=0.2994) | Cls Acc: 0.9861 | Seg IoU: 0.9986 | Seg Dice: 0.9993 | 19.2s
2026-04-07 18:16:23 - Epoch [94/100] LR: 4.07e-07/4.07e-06 | Loss: 0.5836 (seg=0.0006, cls=0.2915) | Cls Acc: 0.9943 | Seg IoU: 0.9987 | Seg Dice: 0.9993 | 19.6s
2026-04-07 18:16:43 - Epoch [95/100] LR: 3.44e-07/3.44e-06 | Loss: 0.6045 (seg=0.0006, cls=0.3019) | Cls Acc: 0.9902 | Seg IoU: 0.9987 | Seg Dice: 0.9994 | 20.0s
2026-04-07 18:16:43 - --------------------------------------------------
2026-04-07 18:16:46 - [Test] Cls — Acc: 0.7247 | P(macro): 0.6095 | R(macro): 0.5905 | F1(macro): 0.5962
2026-04-07 18:16:46 - [Test] Seg — Lesion IoU: 0.9986 | Lesion Dice: 0.9993
2026-04-07 18:16:46 - [Test] Classification Report:
              precision    recall  f1-score   support

      benign     0.4242    0.3256    0.3684       129
    no_tumor     0.7948    0.8553    0.8240       394

    accuracy                         0.7247       523
   macro avg     0.6095    0.5905    0.5962       523
weighted avg     0.7034    0.7247    0.7116       523

2026-04-07 18:16:46 - --------------------------------------------------
2026-04-07 18:17:06 - Epoch [96/100] LR: 2.92e-07/2.92e-06 | Loss: 0.5946 (seg=0.0006, cls=0.2970) | Cls Acc: 0.9886 | Seg IoU: 0.9986 | Seg Dice: 0.9993 | 19.8s
2026-04-07 18:17:25 - Epoch [97/100] LR: 2.52e-07/2.52e-06 | Loss: 0.5904 (seg=0.0006, cls=0.2949) | Cls Acc: 0.9926 | Seg IoU: 0.9987 | Seg Dice: 0.9993 | 18.8s
2026-04-07 18:17:45 - Epoch [98/100] LR: 2.23e-07/2.23e-06 | Loss: 0.5844 (seg=0.0006, cls=0.2919) | Cls Acc: 0.9935 | Seg IoU: 0.9988 | Seg Dice: 0.9994 | 20.0s
2026-04-07 18:18:04 - Epoch [99/100] LR: 2.06e-07/2.06e-06 | Loss: 0.5828 (seg=0.0006, cls=0.2911) | Cls Acc: 0.9951 | Seg IoU: 0.9987 | Seg Dice: 0.9994 | 19.6s
2026-04-07 18:18:24 - Epoch [100/100] LR: 2.00e-07/2.00e-06 | Loss: 0.5782 (seg=0.0006, cls=0.2888) | Cls Acc: 0.9902 | Seg IoU: 0.9987 | Seg Dice: 0.9994 | 19.9s
2026-04-07 18:18:24 - --------------------------------------------------
2026-04-07 18:18:28 - [Test] Cls — Acc: 0.7247 | P(macro): 0.6066 | R(macro): 0.5852 | F1(macro): 0.5910
2026-04-07 18:18:28 - [Test] Seg — Lesion IoU: 0.9986 | Lesion Dice: 0.9993
2026-04-07 18:18:28 - [Test] Classification Report:
              precision    recall  f1-score   support

      benign     0.4211    0.3101    0.3571       129
    no_tumor     0.7921    0.8604    0.8248       394

    accuracy                         0.7247       523
   macro avg     0.6066    0.5852    0.5910       523
weighted avg     0.7005    0.7247    0.7095       523

2026-04-07 18:18:28 - --------------------------------------------------
2026-04-07 18:18:28 - 
======================================================================
2026-04-07 18:18:28 - 训练完成! 最优模型: Epoch 15, F1: 0.6462
2026-04-07 18:18:28 - ======================================================================
2026-04-07 18:18:28 - 
加载最优权重进行最终测试...
2026-04-07 18:18:29 - ======================================================================
2026-04-07 18:18:29 - 最终测试结果 (最优权重, threshold=0.5)
2026-04-07 18:18:29 - ======================================================================
2026-04-07 18:18:32 - [Final Test] Cls — Acc: 0.7419 | P(macro): 0.6492 | R(macro): 0.6436 | F1(macro): 0.6462
2026-04-07 18:18:32 - [Final Test] Seg — Lesion IoU: 0.9762 | Lesion Dice: 0.9880
2026-04-07 18:18:32 - [Final Test] Classification Report:
              precision    recall  f1-score   support

      benign     0.4754    0.4496    0.4622       129
    no_tumor     0.8229    0.8376    0.8302       394

    accuracy                         0.7419       523
   macro avg     0.6492    0.6436    0.6462       523
weighted avg     0.7372    0.7419    0.7394       523

2026-04-07 18:18:32 - 
======================================================================
2026-04-07 18:18:32 - 阈值优化搜索
2026-04-07 18:18:32 - ======================================================================
2026-04-07 18:18:35 - 最优阈值: 0.525 (F1: 0.6506 vs 默认0.5 F1: 0.6462)
2026-04-07 18:18:38 - [Final Test (最优阈值)] Threshold: 0.525 | Acc: 0.7514 | P(macro): 0.6588 | R(macro): 0.6447 | F1(macro): 0.6506
2026-04-07 18:18:38 - [Final Test (最优阈值)] Classification Report:
              precision    recall  f1-score   support

      benign     0.4956    0.4341    0.4628       129
    no_tumor     0.8220    0.8553    0.8383       394

    accuracy                         0.7514       523
   macro avg     0.6588    0.6447    0.6506       523
weighted avg     0.7414    0.7514    0.7457       523

2026-04-07 18:18:38 - 训练脚本已复制到: /data1/ouyangxinglong/GBP-Cascade/0408/logs/20260408_task2_SwinV2Tiny_segcls_15/20260408_task2_SwinV2Tiny_segcls_15.py
