2026-03-19 11:15:47 - ============================================================
2026-03-19 11:15:47 - 实验名称: 20260319_task2_ConvNeXtTiny_adamw_warmupcosine_classweight_img320_seed21_6
2026-03-19 11:15:47 - 任务: Task 2 - 良性肿瘤(0) vs 非肿瘤性息肉(1)
2026-03-19 11:15:47 - 模型: ConvNeXt-Tiny (ImageNet预训练)
2026-03-19 11:15:47 - 修改: AdamW + diff lr + warmup cosine + weakaug + class weight + label smoothing + img320 + seed21
2026-03-19 11:15:47 - 图像尺寸: train Resize320 + HFlip + RandomAffine + LightColorJitter, test Resize320
2026-03-19 11:15:47 - Batch Size: 8
2026-03-19 11:15:47 - Backbone LR: 5e-05
2026-03-19 11:15:47 - Head LR: 0.0005
2026-03-19 11:15:47 - Weight Decay: 0.05
2026-03-19 11:15:47 - Warmup Epochs: 5
2026-03-19 11:15:47 - Min LR Ratio: 0.05
2026-03-19 11:15:47 - Label Smoothing: 0.1
2026-03-19 11:15:47 - Weighted Sampler: False
2026-03-19 11:15:47 - Seed: 21
2026-03-19 11:15:47 - Epochs: 60
2026-03-19 11:15:47 - Grad Clip: 1.0
2026-03-19 11:15:47 - 设备: cuda
2026-03-19 11:15:47 - ============================================================
2026-03-19 11:15:48 - 训练集: 1303 张 (benign=309, no_tumor=994)
2026-03-19 11:15:48 - 测试集: 564 张 (benign=129, no_tumor=435)
2026-03-19 11:15:50 - 模型参数量: 27,821,666
2026-03-19 11:15:50 - 可训练参数量: 27,821,666
2026-03-19 11:15:50 - 类别权重: benign=2.1084, no_tumor=0.6554
2026-03-19 11:15:50 - 损失函数: CrossEntropyLoss(class_weight + label_smoothing=0.1)
2026-03-19 11:15:50 - 
============================================================
2026-03-19 11:15:50 - 开始训练
2026-03-19 11:15:50 - ============================================================
2026-03-19 11:15:58 - Epoch [1/60] LR(backbone/head): 1.000000e-05/1.000000e-04 | WarmupCosineFactor: 0.2000 | Loss: 0.7227 | Train Acc: 0.5173 | Time: 7.5s
2026-03-19 11:16:05 - Epoch [2/60] LR(backbone/head): 2.000000e-05/2.000000e-04 | WarmupCosineFactor: 0.4000 | Loss: 0.6981 | Train Acc: 0.6040 | Time: 6.7s
2026-03-19 11:16:11 - Epoch [3/60] LR(backbone/head): 3.000000e-05/3.000000e-04 | WarmupCosineFactor: 0.6000 | Loss: 0.6386 | Train Acc: 0.7345 | Time: 6.3s
2026-03-19 11:16:11 - ----------------------------------------
2026-03-19 11:16:13 - [Test] Acc: 0.6755 | Precision(macro): 0.5734 | Recall(macro): 0.5852 | F1(macro): 0.5762
2026-03-19 11:16:13 - [Test] Classification Report:
              precision    recall  f1-score   support

      benign     0.3333    0.4186    0.3711       129
    no_tumor     0.8134    0.7517    0.7814       435

    accuracy                         0.6755       564
   macro avg     0.5734    0.5852    0.5762       564
weighted avg     0.7036    0.6755    0.6875       564

2026-03-19 11:16:13 - *** 保存最优模型 (F1: 0.5762, Epoch: 3) ***
2026-03-19 11:16:13 - ----------------------------------------
2026-03-19 11:16:19 - Epoch [4/60] LR(backbone/head): 4.000000e-05/4.000000e-04 | WarmupCosineFactor: 0.8000 | Loss: 0.5977 | Train Acc: 0.7820 | Time: 6.3s
2026-03-19 11:16:26 - Epoch [5/60] LR(backbone/head): 5.000000e-05/5.000000e-04 | WarmupCosineFactor: 1.0000 | Loss: 0.5272 | Train Acc: 0.8335 | Time: 6.2s
2026-03-19 11:16:32 - Epoch [6/60] LR(backbone/head): 4.996127e-05/4.996127e-04 | WarmupCosineFactor: 0.9992 | Loss: 0.4562 | Train Acc: 0.8795 | Time: 6.3s
2026-03-19 11:16:32 - ----------------------------------------
2026-03-19 11:16:33 - [Test] Acc: 0.6826 | Precision(macro): 0.5803 | Recall(macro): 0.5925 | F1(macro): 0.5836
2026-03-19 11:16:33 - [Test] Classification Report:
              precision    recall  f1-score   support

      benign     0.3438    0.4264    0.3806       129
    no_tumor     0.8168    0.7586    0.7867       435

    accuracy                         0.6826       564
   macro avg     0.5803    0.5925    0.5836       564
weighted avg     0.7086    0.6826    0.6938       564

2026-03-19 11:16:34 - *** 保存最优模型 (F1: 0.5836, Epoch: 6) ***
2026-03-19 11:16:34 - ----------------------------------------
2026-03-19 11:16:40 - Epoch [7/60] LR(backbone/head): 4.984519e-05/4.984519e-04 | WarmupCosineFactor: 0.9969 | Loss: 0.4086 | Train Acc: 0.9317 | Time: 6.4s
2026-03-19 11:16:46 - Epoch [8/60] LR(backbone/head): 4.965215e-05/4.965215e-04 | WarmupCosineFactor: 0.9930 | Loss: 0.3854 | Train Acc: 0.9463 | Time: 6.2s
2026-03-19 11:16:53 - Epoch [9/60] LR(backbone/head): 4.938278e-05/4.938278e-04 | WarmupCosineFactor: 0.9877 | Loss: 0.3660 | Train Acc: 0.9632 | Time: 6.3s
2026-03-19 11:16:53 - ----------------------------------------
2026-03-19 11:16:54 - [Test] Acc: 0.7110 | Precision(macro): 0.5913 | Recall(macro): 0.5918 | F1(macro): 0.5915
2026-03-19 11:16:54 - [Test] Classification Report:
              precision    recall  f1-score   support

      benign     0.3692    0.3721    0.3707       129
    no_tumor     0.8134    0.8115    0.8124       435

    accuracy                         0.7110       564
   macro avg     0.5913    0.5918    0.5915       564
weighted avg     0.7118    0.7110    0.7114       564

2026-03-19 11:16:55 - *** 保存最优模型 (F1: 0.5915, Epoch: 9) ***
2026-03-19 11:16:55 - ----------------------------------------
2026-03-19 11:17:01 - Epoch [10/60] LR(backbone/head): 4.903796e-05/4.903796e-04 | WarmupCosineFactor: 0.9808 | Loss: 0.3733 | Train Acc: 0.9578 | Time: 6.3s
2026-03-19 11:17:07 - Epoch [11/60] LR(backbone/head): 4.861880e-05/4.861880e-04 | WarmupCosineFactor: 0.9724 | Loss: 0.3571 | Train Acc: 0.9632 | Time: 6.3s
2026-03-19 11:17:13 - Epoch [12/60] LR(backbone/head): 4.812669e-05/4.812669e-04 | WarmupCosineFactor: 0.9625 | Loss: 0.3363 | Train Acc: 0.9762 | Time: 6.3s
2026-03-19 11:17:13 - ----------------------------------------
2026-03-19 11:17:15 - [Test] Acc: 0.7447 | Precision(macro): 0.6186 | Recall(macro): 0.5973 | F1(macro): 0.6042
2026-03-19 11:17:15 - [Test] Classification Report:
              precision    recall  f1-score   support

      benign     0.4242    0.3256    0.3684       129
    no_tumor     0.8129    0.8690    0.8400       435

    accuracy                         0.7447       564
   macro avg     0.6186    0.5973    0.6042       564
weighted avg     0.7240    0.7447    0.7321       564

2026-03-19 11:17:15 - *** 保存最优模型 (F1: 0.6042, Epoch: 12) ***
2026-03-19 11:17:15 - ----------------------------------------
2026-03-19 11:17:22 - Epoch [13/60] LR(backbone/head): 4.756321e-05/4.756321e-04 | WarmupCosineFactor: 0.9513 | Loss: 0.3276 | Train Acc: 0.9816 | Time: 6.2s
2026-03-19 11:17:28 - Epoch [14/60] LR(backbone/head): 4.693022e-05/4.693022e-04 | WarmupCosineFactor: 0.9386 | Loss: 0.3271 | Train Acc: 0.9816 | Time: 6.4s
2026-03-19 11:17:34 - Epoch [15/60] LR(backbone/head): 4.622977e-05/4.622977e-04 | WarmupCosineFactor: 0.9246 | Loss: 0.3124 | Train Acc: 0.9877 | Time: 6.3s
2026-03-19 11:17:34 - ----------------------------------------
2026-03-19 11:17:36 - [Test] Acc: 0.6720 | Precision(macro): 0.5727 | Recall(macro): 0.5856 | F1(macro): 0.5754
2026-03-19 11:17:36 - [Test] Classification Report:
              precision    recall  f1-score   support

      benign     0.3313    0.4264    0.3729       129
    no_tumor     0.8141    0.7448    0.7779       435

    accuracy                         0.6720       564
   macro avg     0.5727    0.5856    0.5754       564
weighted avg     0.7037    0.6720    0.6853       564

2026-03-19 11:17:36 - ----------------------------------------
2026-03-19 11:17:42 - Epoch [16/60] LR(backbone/head): 4.546415e-05/4.546415e-04 | WarmupCosineFactor: 0.9093 | Loss: 0.3188 | Train Acc: 0.9854 | Time: 6.4s
2026-03-19 11:17:49 - Epoch [17/60] LR(backbone/head): 4.463586e-05/4.463586e-04 | WarmupCosineFactor: 0.8927 | Loss: 0.3115 | Train Acc: 0.9885 | Time: 6.7s
2026-03-19 11:17:55 - Epoch [18/60] LR(backbone/head): 4.374760e-05/4.374760e-04 | WarmupCosineFactor: 0.8750 | Loss: 0.3223 | Train Acc: 0.9870 | Time: 6.3s
2026-03-19 11:17:55 - ----------------------------------------
2026-03-19 11:17:56 - [Test] Acc: 0.7021 | Precision(macro): 0.6019 | Recall(macro): 0.6160 | F1(macro): 0.6065
2026-03-19 11:17:56 - [Test] Classification Report:
              precision    recall  f1-score   support

      benign     0.3758    0.4574    0.4126       129
    no_tumor     0.8280    0.7747    0.8005       435

    accuracy                         0.7021       564
   macro avg     0.6019    0.6160    0.6065       564
weighted avg     0.7246    0.7021    0.7118       564

2026-03-19 11:17:57 - *** 保存最优模型 (F1: 0.6065, Epoch: 18) ***
2026-03-19 11:17:57 - ----------------------------------------
2026-03-19 11:18:03 - Epoch [19/60] LR(backbone/head): 4.280227e-05/4.280227e-04 | WarmupCosineFactor: 0.8560 | Loss: 0.3119 | Train Acc: 0.9893 | Time: 6.2s
2026-03-19 11:18:09 - Epoch [20/60] LR(backbone/head): 4.180294e-05/4.180294e-04 | WarmupCosineFactor: 0.8361 | Loss: 0.3102 | Train Acc: 0.9908 | Time: 6.4s
2026-03-19 11:18:16 - Epoch [21/60] LR(backbone/head): 4.075289e-05/4.075289e-04 | WarmupCosineFactor: 0.8151 | Loss: 0.3047 | Train Acc: 0.9908 | Time: 6.3s
2026-03-19 11:18:16 - ----------------------------------------
2026-03-19 11:18:17 - [Test] Acc: 0.7677 | Precision(macro): 0.6540 | Recall(macro): 0.6149 | F1(macro): 0.6263
2026-03-19 11:18:17 - [Test] Classification Report:
              precision    recall  f1-score   support

      benign     0.4886    0.3333    0.3963       129
    no_tumor     0.8193    0.8966    0.8562       435

    accuracy                         0.7677       564
   macro avg     0.6540    0.6149    0.6263       564
weighted avg     0.7437    0.7677    0.7510       564

2026-03-19 11:18:18 - *** 保存最优模型 (F1: 0.6263, Epoch: 21) ***
2026-03-19 11:18:18 - ----------------------------------------
2026-03-19 11:18:24 - Epoch [22/60] LR(backbone/head): 3.965553e-05/3.965553e-04 | WarmupCosineFactor: 0.7931 | Loss: 0.3134 | Train Acc: 0.9931 | Time: 6.3s
2026-03-19 11:18:30 - Epoch [23/60] LR(backbone/head): 3.851444e-05/3.851444e-04 | WarmupCosineFactor: 0.7703 | Loss: 0.3043 | Train Acc: 0.9916 | Time: 6.3s
2026-03-19 11:18:37 - Epoch [24/60] LR(backbone/head): 3.733335e-05/3.733335e-04 | WarmupCosineFactor: 0.7467 | Loss: 0.3084 | Train Acc: 0.9923 | Time: 6.9s
2026-03-19 11:18:37 - ----------------------------------------
2026-03-19 11:18:39 - [Test] Acc: 0.7535 | Precision(macro): 0.6283 | Recall(macro): 0.5976 | F1(macro): 0.6062
2026-03-19 11:18:39 - [Test] Classification Report:
              precision    recall  f1-score   support

      benign     0.4444    0.3101    0.3653       129
    no_tumor     0.8122    0.8851    0.8471       435

    accuracy                         0.7535       564
   macro avg     0.6283    0.5976    0.6062       564
weighted avg     0.7281    0.7535    0.7369       564

2026-03-19 11:18:39 - ----------------------------------------
2026-03-19 11:18:45 - Epoch [25/60] LR(backbone/head): 3.611611e-05/3.611611e-04 | WarmupCosineFactor: 0.7223 | Loss: 0.2947 | Train Acc: 0.9969 | Time: 6.4s
2026-03-19 11:18:52 - Epoch [26/60] LR(backbone/head): 3.486668e-05/3.486668e-04 | WarmupCosineFactor: 0.6973 | Loss: 0.2984 | Train Acc: 0.9962 | Time: 6.4s
2026-03-19 11:18:58 - Epoch [27/60] LR(backbone/head): 3.358915e-05/3.358915e-04 | WarmupCosineFactor: 0.6718 | Loss: 0.2930 | Train Acc: 0.9962 | Time: 6.3s
2026-03-19 11:18:58 - ----------------------------------------
2026-03-19 11:19:00 - [Test] Acc: 0.7748 | Precision(macro): 0.6626 | Recall(macro): 0.5977 | F1(macro): 0.6095
2026-03-19 11:19:00 - [Test] Classification Report:
              precision    recall  f1-score   support

      benign     0.5147    0.2713    0.3553       129
    no_tumor     0.8105    0.9241    0.8636       435

    accuracy                         0.7748       564
   macro avg     0.6626    0.5977    0.6095       564
weighted avg     0.7428    0.7748    0.7473       564

2026-03-19 11:19:00 - ----------------------------------------
2026-03-19 11:19:06 - Epoch [28/60] LR(backbone/head): 3.228769e-05/3.228769e-04 | WarmupCosineFactor: 0.6458 | Loss: 0.2974 | Train Acc: 0.9954 | Time: 6.5s
2026-03-19 11:19:13 - Epoch [29/60] LR(backbone/head): 3.096652e-05/3.096652e-04 | WarmupCosineFactor: 0.6193 | Loss: 0.2977 | Train Acc: 0.9954 | Time: 6.8s
2026-03-19 11:19:19 - Epoch [30/60] LR(backbone/head): 2.962998e-05/2.962998e-04 | WarmupCosineFactor: 0.5926 | Loss: 0.2942 | Train Acc: 0.9954 | Time: 6.4s
2026-03-19 11:19:19 - ----------------------------------------
2026-03-19 11:19:21 - [Test] Acc: 0.7074 | Precision(macro): 0.5789 | Recall(macro): 0.5759 | F1(macro): 0.5772
2026-03-19 11:19:21 - [Test] Classification Report:
              precision    recall  f1-score   support

      benign     0.3525    0.3333    0.3426       129
    no_tumor     0.8054    0.8184    0.8119       435

    accuracy                         0.7074       564
   macro avg     0.5789    0.5759    0.5772       564
weighted avg     0.7018    0.7074    0.7045       564

2026-03-19 11:19:21 - ----------------------------------------
2026-03-19 11:19:27 - Epoch [31/60] LR(backbone/head): 2.828241e-05/2.828241e-04 | WarmupCosineFactor: 0.5656 | Loss: 0.2977 | Train Acc: 0.9977 | Time: 6.2s
2026-03-19 11:19:33 - Epoch [32/60] LR(backbone/head): 2.692821e-05/2.692821e-04 | WarmupCosineFactor: 0.5386 | Loss: 0.2931 | Train Acc: 0.9969 | Time: 6.3s
2026-03-19 11:19:39 - Epoch [33/60] LR(backbone/head): 2.557179e-05/2.557179e-04 | WarmupCosineFactor: 0.5114 | Loss: 0.2912 | Train Acc: 0.9992 | Time: 6.3s
2026-03-19 11:19:39 - ----------------------------------------
2026-03-19 11:19:41 - [Test] Acc: 0.7394 | Precision(macro): 0.6086 | Recall(macro): 0.5884 | F1(macro): 0.5946
2026-03-19 11:19:41 - [Test] Classification Report:
              precision    recall  f1-score   support

      benign     0.4082    0.3101    0.3524       129
    no_tumor     0.8090    0.8667    0.8368       435

    accuracy                         0.7394       564
   macro avg     0.6086    0.5884    0.5946       564
weighted avg     0.7173    0.7394    0.7260       564

2026-03-19 11:19:41 - ----------------------------------------
2026-03-19 11:19:47 - Epoch [34/60] LR(backbone/head): 2.421759e-05/2.421759e-04 | WarmupCosineFactor: 0.4844 | Loss: 0.2914 | Train Acc: 0.9992 | Time: 6.4s
2026-03-19 11:19:54 - Epoch [35/60] LR(backbone/head): 2.287002e-05/2.287002e-04 | WarmupCosineFactor: 0.4574 | Loss: 0.2914 | Train Acc: 0.9985 | Time: 6.4s
2026-03-19 11:20:00 - Epoch [36/60] LR(backbone/head): 2.153348e-05/2.153348e-04 | WarmupCosineFactor: 0.4307 | Loss: 0.2923 | Train Acc: 0.9977 | Time: 6.3s
2026-03-19 11:20:00 - ----------------------------------------
2026-03-19 11:20:02 - [Test] Acc: 0.7181 | Precision(macro): 0.5929 | Recall(macro): 0.5882 | F1(macro): 0.5903
2026-03-19 11:20:02 - [Test] Classification Report:
              precision    recall  f1-score   support

      benign     0.3750    0.3488    0.3614       129
    no_tumor     0.8108    0.8276    0.8191       435

    accuracy                         0.7181       564
   macro avg     0.5929    0.5882    0.5903       564
weighted avg     0.7111    0.7181    0.7144       564

2026-03-19 11:20:02 - ----------------------------------------
2026-03-19 11:20:08 - Epoch [37/60] LR(backbone/head): 2.021231e-05/2.021231e-04 | WarmupCosineFactor: 0.4042 | Loss: 0.2929 | Train Acc: 0.9977 | Time: 6.5s
2026-03-19 11:20:15 - Epoch [38/60] LR(backbone/head): 1.891085e-05/1.891085e-04 | WarmupCosineFactor: 0.3782 | Loss: 0.2908 | Train Acc: 0.9977 | Time: 6.9s
2026-03-19 11:20:22 - Epoch [39/60] LR(backbone/head): 1.763332e-05/1.763332e-04 | WarmupCosineFactor: 0.3527 | Loss: 0.2930 | Train Acc: 0.9985 | Time: 6.8s
2026-03-19 11:20:22 - ----------------------------------------
2026-03-19 11:20:23 - [Test] Acc: 0.7730 | Precision(macro): 0.6592 | Recall(macro): 0.5993 | F1(macro): 0.6110
2026-03-19 11:20:23 - [Test] Classification Report:
              precision    recall  f1-score   support

      benign     0.5070    0.2791    0.3600       129
    no_tumor     0.8114    0.9195    0.8621       435

    accuracy                         0.7730       564
   macro avg     0.6592    0.5993    0.6110       564
weighted avg     0.7418    0.7730    0.7472       564

2026-03-19 11:20:23 - ----------------------------------------
2026-03-19 11:20:30 - Epoch [40/60] LR(backbone/head): 1.638389e-05/1.638389e-04 | WarmupCosineFactor: 0.3277 | Loss: 0.2956 | Train Acc: 0.9969 | Time: 6.4s
2026-03-19 11:20:36 - Epoch [41/60] LR(backbone/head): 1.516665e-05/1.516665e-04 | WarmupCosineFactor: 0.3033 | Loss: 0.2944 | Train Acc: 0.9969 | Time: 6.3s
2026-03-19 11:20:43 - Epoch [42/60] LR(backbone/head): 1.398556e-05/1.398556e-04 | WarmupCosineFactor: 0.2797 | Loss: 0.2910 | Train Acc: 0.9992 | Time: 6.8s
2026-03-19 11:20:43 - ----------------------------------------
2026-03-19 11:20:45 - [Test] Acc: 0.7216 | Precision(macro): 0.5982 | Recall(macro): 0.5932 | F1(macro): 0.5954
2026-03-19 11:20:45 - [Test] Classification Report:
              precision    recall  f1-score   support

      benign     0.3833    0.3566    0.3695       129
    no_tumor     0.8131    0.8299    0.8214       435

    accuracy                         0.7216       564
   macro avg     0.5982    0.5932    0.5954       564
weighted avg     0.7148    0.7216    0.7180       564

2026-03-19 11:20:45 - ----------------------------------------
2026-03-19 11:20:51 - Epoch [43/60] LR(backbone/head): 1.284447e-05/1.284447e-04 | WarmupCosineFactor: 0.2569 | Loss: 0.2917 | Train Acc: 0.9969 | Time: 6.5s
2026-03-19 11:20:58 - Epoch [44/60] LR(backbone/head): 1.174711e-05/1.174711e-04 | WarmupCosineFactor: 0.2349 | Loss: 0.2967 | Train Acc: 0.9977 | Time: 6.8s
2026-03-19 11:21:04 - Epoch [45/60] LR(backbone/head): 1.069706e-05/1.069706e-04 | WarmupCosineFactor: 0.2139 | Loss: 0.2941 | Train Acc: 0.9977 | Time: 6.4s
2026-03-19 11:21:04 - ----------------------------------------
2026-03-19 11:21:06 - [Test] Acc: 0.7837 | Precision(macro): 0.6837 | Recall(macro): 0.6062 | F1(macro): 0.6203
2026-03-19 11:21:06 - [Test] Classification Report:
              precision    recall  f1-score   support

      benign     0.5538    0.2791    0.3711       129
    no_tumor     0.8136    0.9333    0.8694       435

    accuracy                         0.7837       564
   macro avg     0.6837    0.6062    0.6203       564
weighted avg     0.7542    0.7837    0.7554       564

2026-03-19 11:21:06 - ----------------------------------------
2026-03-19 11:21:12 - Epoch [46/60] LR(backbone/head): 9.697733e-06/9.697733e-05 | WarmupCosineFactor: 0.1940 | Loss: 0.2882 | Train Acc: 1.0000 | Time: 6.3s
2026-03-19 11:21:19 - Epoch [47/60] LR(backbone/head): 8.752398e-06/8.752398e-05 | WarmupCosineFactor: 0.1750 | Loss: 0.2894 | Train Acc: 0.9992 | Time: 6.6s
2026-03-19 11:21:25 - Epoch [48/60] LR(backbone/head): 7.864137e-06/7.864137e-05 | WarmupCosineFactor: 0.1573 | Loss: 0.2892 | Train Acc: 0.9985 | Time: 6.3s
2026-03-19 11:21:25 - ----------------------------------------
2026-03-19 11:21:26 - [Test] Acc: 0.7730 | Precision(macro): 0.6626 | Recall(macro): 0.6157 | F1(macro): 0.6282
2026-03-19 11:21:26 - [Test] Classification Report:
              precision    recall  f1-score   support

      benign     0.5060    0.3256    0.3962       129
    no_tumor     0.8191    0.9057    0.8603       435

    accuracy                         0.7730       564
   macro avg     0.6626    0.6157    0.6282       564
weighted avg     0.7475    0.7730    0.7541       564

2026-03-19 11:21:27 - *** 保存最优模型 (F1: 0.6282, Epoch: 48) ***
2026-03-19 11:21:27 - ----------------------------------------
2026-03-19 11:21:33 - Epoch [49/60] LR(backbone/head): 7.035846e-06/7.035846e-05 | WarmupCosineFactor: 0.1407 | Loss: 0.2884 | Train Acc: 1.0000 | Time: 6.3s
2026-03-19 11:21:39 - Epoch [50/60] LR(backbone/head): 6.270229e-06/6.270229e-05 | WarmupCosineFactor: 0.1254 | Loss: 0.2867 | Train Acc: 1.0000 | Time: 6.4s
2026-03-19 11:21:46 - Epoch [51/60] LR(backbone/head): 5.569781e-06/5.569781e-05 | WarmupCosineFactor: 0.1114 | Loss: 0.2895 | Train Acc: 0.9985 | Time: 6.9s
2026-03-19 11:21:46 - ----------------------------------------
2026-03-19 11:21:48 - [Test] Acc: 0.7589 | Precision(macro): 0.6377 | Recall(macro): 0.6037 | F1(macro): 0.6133
2026-03-19 11:21:48 - [Test] Classification Report:
              precision    recall  f1-score   support

      benign     0.4607    0.3178    0.3761       129
    no_tumor     0.8147    0.8897    0.8505       435

    accuracy                         0.7589       564
   macro avg     0.6377    0.6037    0.6133       564
weighted avg     0.7338    0.7589    0.7420       564

2026-03-19 11:21:48 - ----------------------------------------
2026-03-19 11:21:54 - Epoch [52/60] LR(backbone/head): 4.936787e-06/4.936787e-05 | WarmupCosineFactor: 0.0987 | Loss: 0.2898 | Train Acc: 0.9985 | Time: 6.4s
2026-03-19 11:22:00 - Epoch [53/60] LR(backbone/head): 4.373313e-06/4.373313e-05 | WarmupCosineFactor: 0.0875 | Loss: 0.2893 | Train Acc: 0.9992 | Time: 6.3s
2026-03-19 11:22:07 - Epoch [54/60] LR(backbone/head): 3.881196e-06/3.881196e-05 | WarmupCosineFactor: 0.0776 | Loss: 0.2889 | Train Acc: 0.9992 | Time: 6.8s
2026-03-19 11:22:07 - ----------------------------------------
2026-03-19 11:22:09 - [Test] Acc: 0.7518 | Precision(macro): 0.6308 | Recall(macro): 0.6073 | F1(macro): 0.6152
2026-03-19 11:22:09 - [Test] Classification Report:
              precision    recall  f1-score   support

      benign     0.4444    0.3411    0.3860       129
    no_tumor     0.8172    0.8736    0.8444       435

    accuracy                         0.7518       564
   macro avg     0.6308    0.6073    0.6152       564
weighted avg     0.7319    0.7518    0.7396       564

2026-03-19 11:22:09 - ----------------------------------------
2026-03-19 11:22:15 - Epoch [55/60] LR(backbone/head): 3.462042e-06/3.462042e-05 | WarmupCosineFactor: 0.0692 | Loss: 0.2875 | Train Acc: 1.0000 | Time: 6.5s
2026-03-19 11:22:22 - Epoch [56/60] LR(backbone/head): 3.117217e-06/3.117217e-05 | WarmupCosineFactor: 0.0623 | Loss: 0.2882 | Train Acc: 0.9985 | Time: 6.8s
2026-03-19 11:22:28 - Epoch [57/60] LR(backbone/head): 2.847846e-06/2.847846e-05 | WarmupCosineFactor: 0.0570 | Loss: 0.2915 | Train Acc: 0.9992 | Time: 6.3s
2026-03-19 11:22:28 - ----------------------------------------
2026-03-19 11:22:30 - [Test] Acc: 0.7518 | Precision(macro): 0.6345 | Recall(macro): 0.6155 | F1(macro): 0.6226
2026-03-19 11:22:30 - [Test] Classification Report:
              precision    recall  f1-score   support

      benign     0.4476    0.3643    0.4017       129
    no_tumor     0.8214    0.8667    0.8434       435

    accuracy                         0.7518       564
   macro avg     0.6345    0.6155    0.6226       564
weighted avg     0.7359    0.7518    0.7424       564

2026-03-19 11:22:30 - ----------------------------------------
2026-03-19 11:22:36 - Epoch [58/60] LR(backbone/head): 2.654809e-06/2.654809e-05 | WarmupCosineFactor: 0.0531 | Loss: 0.2892 | Train Acc: 1.0000 | Time: 6.4s
2026-03-19 11:22:43 - Epoch [59/60] LR(backbone/head): 2.538734e-06/2.538734e-05 | WarmupCosineFactor: 0.0508 | Loss: 0.2869 | Train Acc: 0.9985 | Time: 6.8s
2026-03-19 11:22:49 - Epoch [60/60] LR(backbone/head): 2.500000e-06/2.500000e-05 | WarmupCosineFactor: 0.0500 | Loss: 0.2833 | Train Acc: 1.0000 | Time: 6.3s
2026-03-19 11:22:49 - ----------------------------------------
2026-03-19 11:22:51 - [Test] Acc: 0.7642 | Precision(macro): 0.6472 | Recall(macro): 0.6099 | F1(macro): 0.6206
2026-03-19 11:22:51 - [Test] Classification Report:
              precision    recall  f1-score   support

      benign     0.4773    0.3256    0.3871       129
    no_tumor     0.8172    0.8943    0.8540       435

    accuracy                         0.7642       564
   macro avg     0.6472    0.6099    0.6206       564
weighted avg     0.7395    0.7642    0.7472       564

2026-03-19 11:22:51 - ----------------------------------------
2026-03-19 11:22:51 - 
============================================================
2026-03-19 11:22:51 - 训练完成! 最优模型: Epoch 48, F1: 0.6282
2026-03-19 11:22:51 - ============================================================
2026-03-19 11:22:51 - 
加载最优权重进行最终测试...
2026-03-19 11:22:51 - ============================================================
2026-03-19 11:22:51 - 最终测试结果 (最优权重)
2026-03-19 11:22:51 - ============================================================
2026-03-19 11:22:52 - [Final Test] Acc: 0.7730 | Precision(macro): 0.6626 | Recall(macro): 0.6157 | F1(macro): 0.6282
2026-03-19 11:22:52 - [Final Test] Classification Report:
              precision    recall  f1-score   support

      benign     0.5060    0.3256    0.3962       129
    no_tumor     0.8191    0.9057    0.8603       435

    accuracy                         0.7730       564
   macro avg     0.6626    0.6157    0.6282       564
weighted avg     0.7475    0.7730    0.7541       564

2026-03-19 11:22:52 - 训练脚本已复制到: /data1/ouyangxinglong/GBP-Cascade/logs/20260319_task2_ConvNeXtTiny_adamw_warmupcosine_classweight_img320_seed21_6/20260319_task2_ConvNeXtTiny_adamw_warmupcosine_classweight_img320_seed21_6.py
