2026-04-15 07:22:02 - ======================================================================
2026-04-15 07:22:02 - 实验名称: 20260414_task3_SwinV2Tiny_segcls_2
2026-04-15 07:22:02 - 模型: SwinV2-Tiny@256 + 4ch + UNetSeg + 3ClsCostSensitive + OrdinalScore
2026-04-15 07:22:02 - 修改: Exp-B baseline: 代价敏感CE(非对称代价矩阵) + ordinal score(0~1风险分数) + BalancedBatchSampler(2:2:4) + 患者级val切分 + 双阈值搜索 + 临床指标
2026-04-15 07:22:02 - 图像尺寸: 256
2026-04-15 07:22:02 - 分类类别: ['malignant', 'benign', 'no_tumor']
2026-04-15 07:22:02 - Batch Size: 8 (2mal+2ben+4notumor)
2026-04-15 07:22:02 - Backbone LR: 2e-05 | Head LR: 0.0002
2026-04-15 07:22:02 - Epochs: 60 | Warmup: 5
2026-04-15 07:22:02 - Lambda Cls: 2.0 | Lambda Ord: 0.5
2026-04-15 07:22:02 - 代价惩罚权重: 0.5
2026-04-15 07:22:02 - Val 比例: 0.15
2026-04-15 07:22:02 - 设备: cuda
2026-04-15 07:22:02 - 代价矩阵:
2026-04-15 07:22:02 -   malignant:  [0.0, 1.0, 4.0]
2026-04-15 07:22:02 -   benign:     [1.0, 0.0, 2.0]
2026-04-15 07:22:02 -   no_tumor:   [1.5, 1.0, 0.0]
2026-04-15 07:22:02 - ======================================================================
2026-04-15 07:22:02 - 训练集: 907 张 (malignant=210, benign=235, no_tumor=462)
2026-04-15 07:22:02 - 验证集: 177 张 (malignant=62, benign=36, no_tumor=79)
2026-04-15 07:22:02 - 测试集: 456 张 (malignant=114, benign=114, no_tumor=228)
2026-04-15 07:22:05 - 模型参数量: 34,649,360
2026-04-15 07:22:05 - 可训练参数量: 34,649,360
2026-04-15 07:22:05 - ======================================================================
2026-04-15 07:22:05 - 开始训练
2026-04-15 07:22:05 - ======================================================================
2026-04-15 07:22:28 - Epoch [1/60] LR: 4.00e-06/4.00e-05 | Loss: 4.1436 (seg=0.7546 cls=1.6707 ord=0.0954) | Acc: 0.4081 | Dice: 0.3333 | 23s
2026-04-15 07:22:47 - Epoch [2/60] LR: 8.00e-06/8.00e-05 | Loss: 3.2397 (seg=0.4523 cls=1.3734 ord=0.0811) | Acc: 0.5588 | Dice: 0.6072 | 19s
2026-04-15 07:22:47 - --------------------------------------------------
2026-04-15 07:22:50 - [Val] Softmax F1: 0.4514 | Ordinal F1: 0.4340 (t1=0.43, t2=0.45) | Dice: 0.7247
2026-04-15 07:22:50 - *** 保存最优模型 (Val F1: 0.4514, Epoch: 2) ***
2026-04-15 07:22:50 - --------------------------------------------------
2026-04-15 07:23:10 - Epoch [3/60] LR: 1.20e-05/1.20e-04 | Loss: 2.8140 (seg=0.3603 cls=1.2114 ord=0.0616) | Acc: 0.6165 | Dice: 0.6858 | 19s
2026-04-15 07:23:29 - Epoch [4/60] LR: 1.60e-05/1.60e-04 | Loss: 2.6086 (seg=0.3046 cls=1.1400 ord=0.0479) | Acc: 0.6720 | Dice: 0.7193 | 19s
2026-04-15 07:23:29 - --------------------------------------------------
2026-04-15 07:23:32 - [Val] Softmax F1: 0.5702 | Ordinal F1: 0.5789 (t1=0.35, t2=0.49) | Dice: 0.7101
2026-04-15 07:23:33 - *** 保存最优模型 (Val F1: 0.5789, Epoch: 4) ***
2026-04-15 07:23:33 - --------------------------------------------------
2026-04-15 07:23:52 - Epoch [5/60] LR: 2.00e-05/2.00e-04 | Loss: 2.4824 (seg=0.2772 cls=1.0920 ord=0.0422) | Acc: 0.6838 | Dice: 0.7285 | 19s
2026-04-15 07:24:11 - Epoch [6/60] LR: 2.00e-05/2.00e-04 | Loss: 2.3159 (seg=0.2452 cls=1.0260 ord=0.0373) | Acc: 0.7073 | Dice: 0.7529 | 19s
2026-04-15 07:24:11 - --------------------------------------------------
2026-04-15 07:24:13 - [Val] Softmax F1: 0.5984 | Ordinal F1: 0.5618 (t1=0.17, t2=0.47) | Dice: 0.7679
2026-04-15 07:24:14 - *** 保存最优模型 (Val F1: 0.5984, Epoch: 6) ***
2026-04-15 07:24:14 - --------------------------------------------------
2026-04-15 07:24:34 - Epoch [7/60] LR: 1.99e-05/1.99e-04 | Loss: 2.2767 (seg=0.2021 cls=1.0281 ord=0.0368) | Acc: 0.7158 | Dice: 0.7896 | 20s
2026-04-15 07:24:53 - Epoch [8/60] LR: 1.99e-05/1.99e-04 | Loss: 2.1507 (seg=0.1990 cls=0.9681 ord=0.0312) | Acc: 0.7425 | Dice: 0.7947 | 19s
2026-04-15 07:24:53 - --------------------------------------------------
2026-04-15 07:24:56 - [Val] Softmax F1: 0.5991 | Ordinal F1: 0.6238 (t1=0.35, t2=0.57) | Dice: 0.7932
2026-04-15 07:24:57 - *** 保存最优模型 (Val F1: 0.6238, Epoch: 8) ***
2026-04-15 07:24:57 - --------------------------------------------------
2026-04-15 07:25:16 - Epoch [9/60] LR: 1.97e-05/1.97e-04 | Loss: 1.9629 (seg=0.1846 cls=0.8825 ord=0.0265) | Acc: 0.7842 | Dice: 0.8056 | 20s
2026-04-15 07:25:35 - Epoch [10/60] LR: 1.96e-05/1.96e-04 | Loss: 1.9266 (seg=0.1773 cls=0.8684 ord=0.0250) | Acc: 0.7853 | Dice: 0.8085 | 19s
2026-04-15 07:25:35 - --------------------------------------------------
2026-04-15 07:25:38 - [Val] Softmax F1: 0.6324 | Ordinal F1: 0.6146 (t1=0.23, t2=0.79) | Dice: 0.7156
2026-04-15 07:25:39 - *** 保存最优模型 (Val F1: 0.6324, Epoch: 10) ***
2026-04-15 07:25:39 - --------------------------------------------------
2026-04-15 07:25:59 - Epoch [11/60] LR: 1.94e-05/1.94e-04 | Loss: 1.8674 (seg=0.1713 cls=0.8417 ord=0.0252) | Acc: 0.8024 | Dice: 0.8151 | 20s
2026-04-15 07:26:18 - Epoch [12/60] LR: 1.92e-05/1.92e-04 | Loss: 1.7273 (seg=0.1666 cls=0.7754 ord=0.0199) | Acc: 0.8269 | Dice: 0.8223 | 20s
2026-04-15 07:26:18 - --------------------------------------------------
2026-04-15 07:26:21 - [Val] Softmax F1: 0.6287 | Ordinal F1: 0.5991 (t1=0.43, t2=0.79) | Dice: 0.7897
2026-04-15 07:26:21 - --------------------------------------------------
2026-04-15 07:26:40 - Epoch [13/60] LR: 1.90e-05/1.90e-04 | Loss: 1.7071 (seg=0.1714 cls=0.7631 ord=0.0191) | Acc: 0.8408 | Dice: 0.8157 | 19s
2026-04-15 07:27:00 - Epoch [14/60] LR: 1.87e-05/1.87e-04 | Loss: 1.6128 (seg=0.1543 cls=0.7247 ord=0.0183) | Acc: 0.8558 | Dice: 0.8338 | 19s
2026-04-15 07:27:00 - --------------------------------------------------
2026-04-15 07:27:02 - [Val] Softmax F1: 0.6695 | Ordinal F1: 0.6197 (t1=0.17, t2=0.85) | Dice: 0.8020
2026-04-15 07:27:03 - *** 保存最优模型 (Val F1: 0.6695, Epoch: 14) ***
2026-04-15 07:27:03 - --------------------------------------------------
2026-04-15 07:27:23 - Epoch [15/60] LR: 1.84e-05/1.84e-04 | Loss: 1.5619 (seg=0.1599 cls=0.6967 ord=0.0172) | Acc: 0.8761 | Dice: 0.8215 | 19s
2026-04-15 07:27:43 - Epoch [16/60] LR: 1.81e-05/1.81e-04 | Loss: 1.5333 (seg=0.1704 cls=0.6776 ord=0.0153) | Acc: 0.8835 | Dice: 0.8090 | 21s
2026-04-15 07:27:43 - --------------------------------------------------
2026-04-15 07:27:46 - [Val] Softmax F1: 0.6860 | Ordinal F1: 0.6318 (t1=0.33, t2=0.59) | Dice: 0.7562
2026-04-15 07:27:47 - *** 保存最优模型 (Val F1: 0.6860, Epoch: 16) ***
2026-04-15 07:27:47 - --------------------------------------------------
2026-04-15 07:28:08 - Epoch [17/60] LR: 1.78e-05/1.78e-04 | Loss: 1.3666 (seg=0.1614 cls=0.5995 ord=0.0126) | Acc: 0.9177 | Dice: 0.8242 | 22s
2026-04-15 07:28:30 - Epoch [18/60] LR: 1.74e-05/1.74e-04 | Loss: 1.3601 (seg=0.1584 cls=0.5979 ord=0.0119) | Acc: 0.9113 | Dice: 0.8292 | 22s
2026-04-15 07:28:30 - --------------------------------------------------
2026-04-15 07:28:33 - [Val] Softmax F1: 0.6754 | Ordinal F1: 0.6469 (t1=0.15, t2=0.69) | Dice: 0.8440
2026-04-15 07:28:33 - --------------------------------------------------
2026-04-15 07:28:55 - Epoch [19/60] LR: 1.70e-05/1.70e-04 | Loss: 1.3417 (seg=0.1542 cls=0.5908 ord=0.0120) | Acc: 0.9113 | Dice: 0.8328 | 22s
2026-04-15 07:29:18 - Epoch [20/60] LR: 1.66e-05/1.66e-04 | Loss: 1.3022 (seg=0.1470 cls=0.5748 ord=0.0113) | Acc: 0.9274 | Dice: 0.8388 | 23s
2026-04-15 07:29:18 - --------------------------------------------------
2026-04-15 07:29:21 - [Val] Softmax F1: 0.6710 | Ordinal F1: 0.6834 (t1=0.25, t2=0.75) | Dice: 0.8295
2026-04-15 07:29:21 - --------------------------------------------------
2026-04-15 07:29:44 - Epoch [21/60] LR: 1.61e-05/1.61e-04 | Loss: 1.3337 (seg=0.1377 cls=0.5951 ord=0.0117) | Acc: 0.9071 | Dice: 0.8510 | 23s
2026-04-15 07:30:06 - Epoch [22/60] LR: 1.57e-05/1.57e-04 | Loss: 1.1869 (seg=0.1477 cls=0.5174 ord=0.0088) | Acc: 0.9573 | Dice: 0.8339 | 23s
2026-04-15 07:30:06 - --------------------------------------------------
2026-04-15 07:30:09 - [Val] Softmax F1: 0.6553 | Ordinal F1: 0.6595 (t1=0.11, t2=0.87) | Dice: 0.8236
2026-04-15 07:30:09 - --------------------------------------------------
2026-04-15 07:30:32 - Epoch [23/60] LR: 1.52e-05/1.52e-04 | Loss: 1.2187 (seg=0.1420 cls=0.5361 ord=0.0088) | Acc: 0.9359 | Dice: 0.8426 | 23s
2026-04-15 07:30:55 - Epoch [24/60] LR: 1.47e-05/1.47e-04 | Loss: 1.2183 (seg=0.1472 cls=0.5330 ord=0.0103) | Acc: 0.9359 | Dice: 0.8419 | 22s
2026-04-15 07:30:55 - --------------------------------------------------
2026-04-15 07:30:57 - [Val] Softmax F1: 0.6536 | Ordinal F1: 0.6408 (t1=0.37, t2=0.59) | Dice: 0.8264
2026-04-15 07:30:57 - --------------------------------------------------
2026-04-15 07:31:21 - Epoch [25/60] LR: 1.42e-05/1.42e-04 | Loss: 1.1573 (seg=0.1491 cls=0.5020 ord=0.0086) | Acc: 0.9562 | Dice: 0.8391 | 23s
2026-04-15 07:31:42 - Epoch [26/60] LR: 1.37e-05/1.37e-04 | Loss: 1.1728 (seg=0.1378 cls=0.5155 ord=0.0081) | Acc: 0.9412 | Dice: 0.8448 | 22s
2026-04-15 07:31:42 - --------------------------------------------------
2026-04-15 07:31:45 - [Val] Softmax F1: 0.6504 | Ordinal F1: 0.6780 (t1=0.35, t2=0.79) | Dice: 0.8423
2026-04-15 07:31:45 - --------------------------------------------------
2026-04-15 07:32:06 - Epoch [27/60] LR: 1.32e-05/1.32e-04 | Loss: 1.0734 (seg=0.1280 cls=0.4714 ord=0.0055) | Acc: 0.9615 | Dice: 0.8590 | 21s
2026-04-15 07:32:29 - Epoch [28/60] LR: 1.26e-05/1.26e-04 | Loss: 1.1110 (seg=0.1327 cls=0.4874 ord=0.0069) | Acc: 0.9519 | Dice: 0.8498 | 22s
2026-04-15 07:32:29 - --------------------------------------------------
2026-04-15 07:32:31 - [Val] Softmax F1: 0.6564 | Ordinal F1: 0.6893 (t1=0.37, t2=0.73) | Dice: 0.8078
2026-04-15 07:32:32 - *** 保存最优模型 (Val F1: 0.6893, Epoch: 28) ***
2026-04-15 07:32:32 - --------------------------------------------------
2026-04-15 07:32:55 - Epoch [29/60] LR: 1.21e-05/1.21e-04 | Loss: 1.0877 (seg=0.1317 cls=0.4764 ord=0.0063) | Acc: 0.9647 | Dice: 0.8535 | 22s
2026-04-15 07:33:17 - Epoch [30/60] LR: 1.15e-05/1.15e-04 | Loss: 1.0919 (seg=0.1235 cls=0.4826 ord=0.0064) | Acc: 0.9605 | Dice: 0.8629 | 22s
2026-04-15 07:33:17 - --------------------------------------------------
2026-04-15 07:33:20 - [Val] Softmax F1: 0.6623 | Ordinal F1: 0.6265 (t1=0.25, t2=0.67) | Dice: 0.8194
2026-04-15 07:33:20 - --------------------------------------------------
2026-04-15 07:33:42 - Epoch [31/60] LR: 1.09e-05/1.09e-04 | Loss: 1.0791 (seg=0.1261 cls=0.4750 ord=0.0062) | Acc: 0.9551 | Dice: 0.8607 | 22s
2026-04-15 07:34:03 - Epoch [32/60] LR: 1.04e-05/1.04e-04 | Loss: 1.0306 (seg=0.1274 cls=0.4504 ord=0.0048) | Acc: 0.9722 | Dice: 0.8577 | 21s
2026-04-15 07:34:03 - --------------------------------------------------
2026-04-15 07:34:06 - [Val] Softmax F1: 0.6748 | Ordinal F1: 0.6778 (t1=0.43, t2=0.85) | Dice: 0.8266
2026-04-15 07:34:06 - --------------------------------------------------
2026-04-15 07:34:26 - Epoch [33/60] LR: 9.82e-06/9.82e-05 | Loss: 1.0189 (seg=0.1200 cls=0.4482 ord=0.0051) | Acc: 0.9637 | Dice: 0.8639 | 20s
2026-04-15 07:34:46 - Epoch [34/60] LR: 9.25e-06/9.25e-05 | Loss: 1.0331 (seg=0.1206 cls=0.4549 ord=0.0053) | Acc: 0.9647 | Dice: 0.8671 | 20s
2026-04-15 07:34:46 - --------------------------------------------------
2026-04-15 07:34:49 - [Val] Softmax F1: 0.6522 | Ordinal F1: 0.6721 (t1=0.35, t2=0.89) | Dice: 0.8395
2026-04-15 07:34:49 - --------------------------------------------------
2026-04-15 07:35:09 - Epoch [35/60] LR: 8.69e-06/8.69e-05 | Loss: 1.0362 (seg=0.1226 cls=0.4553 ord=0.0061) | Acc: 0.9647 | Dice: 0.8649 | 20s
2026-04-15 07:35:29 - Epoch [36/60] LR: 8.13e-06/8.13e-05 | Loss: 0.9543 (seg=0.1146 cls=0.4190 ord=0.0033) | Acc: 0.9776 | Dice: 0.8704 | 20s
2026-04-15 07:35:29 - --------------------------------------------------
2026-04-15 07:35:32 - [Val] Softmax F1: 0.6512 | Ordinal F1: 0.6658 (t1=0.27, t2=0.71) | Dice: 0.8360
2026-04-15 07:35:32 - --------------------------------------------------
2026-04-15 07:35:51 - Epoch [37/60] LR: 7.58e-06/7.58e-05 | Loss: 0.9661 (seg=0.1122 cls=0.4259 ord=0.0042) | Acc: 0.9765 | Dice: 0.8724 | 19s
2026-04-15 07:36:10 - Epoch [38/60] LR: 7.04e-06/7.04e-05 | Loss: 0.9279 (seg=0.1094 cls=0.4083 ord=0.0035) | Acc: 0.9882 | Dice: 0.8751 | 19s
2026-04-15 07:36:10 - --------------------------------------------------
2026-04-15 07:36:13 - [Val] Softmax F1: 0.6567 | Ordinal F1: 0.6488 (t1=0.17, t2=0.75) | Dice: 0.8361
2026-04-15 07:36:13 - --------------------------------------------------
2026-04-15 07:36:33 - Epoch [39/60] LR: 6.51e-06/6.51e-05 | Loss: 0.9456 (seg=0.1125 cls=0.4158 ord=0.0030) | Acc: 0.9829 | Dice: 0.8746 | 20s
2026-04-15 07:36:53 - Epoch [40/60] LR: 5.99e-06/5.99e-05 | Loss: 0.9631 (seg=0.1126 cls=0.4242 ord=0.0041) | Acc: 0.9776 | Dice: 0.8737 | 20s
2026-04-15 07:36:53 - --------------------------------------------------
2026-04-15 07:36:56 - [Val] Softmax F1: 0.6443 | Ordinal F1: 0.6480 (t1=0.31, t2=0.79) | Dice: 0.8431
2026-04-15 07:36:56 - --------------------------------------------------
2026-04-15 07:37:16 - Epoch [41/60] LR: 5.48e-06/5.48e-05 | Loss: 0.9132 (seg=0.1081 cls=0.4018 ord=0.0029) | Acc: 0.9840 | Dice: 0.8775 | 20s
2026-04-15 07:37:37 - Epoch [42/60] LR: 4.99e-06/4.99e-05 | Loss: 0.9554 (seg=0.1095 cls=0.4222 ord=0.0031) | Acc: 0.9818 | Dice: 0.8765 | 20s
2026-04-15 07:37:37 - --------------------------------------------------
2026-04-15 07:37:39 - [Val] Softmax F1: 0.6453 | Ordinal F1: 0.6613 (t1=0.41, t2=0.77) | Dice: 0.8428
2026-04-15 07:37:39 - --------------------------------------------------
2026-04-15 07:38:00 - Epoch [43/60] LR: 4.51e-06/4.51e-05 | Loss: 0.8996 (seg=0.1042 cls=0.3971 ord=0.0024) | Acc: 0.9872 | Dice: 0.8804 | 20s
2026-04-15 07:38:20 - Epoch [44/60] LR: 4.05e-06/4.05e-05 | Loss: 0.9527 (seg=0.1028 cls=0.4241 ord=0.0034) | Acc: 0.9744 | Dice: 0.8831 | 20s
2026-04-15 07:38:20 - --------------------------------------------------
2026-04-15 07:38:22 - [Val] Softmax F1: 0.6586 | Ordinal F1: 0.6733 (t1=0.35, t2=0.53) | Dice: 0.8451
2026-04-15 07:38:22 - --------------------------------------------------
2026-04-15 07:38:43 - Epoch [45/60] LR: 3.62e-06/3.62e-05 | Loss: 0.9230 (seg=0.1033 cls=0.4090 ord=0.0036) | Acc: 0.9872 | Dice: 0.8808 | 20s
2026-04-15 07:39:03 - Epoch [46/60] LR: 3.20e-06/3.20e-05 | Loss: 0.9169 (seg=0.1028 cls=0.4064 ord=0.0028) | Acc: 0.9797 | Dice: 0.8835 | 20s
2026-04-15 07:39:03 - --------------------------------------------------
2026-04-15 07:39:06 - [Val] Softmax F1: 0.6588 | Ordinal F1: 0.6736 (t1=0.41, t2=0.79) | Dice: 0.8457
2026-04-15 07:39:06 - --------------------------------------------------
2026-04-15 07:39:25 - Epoch [47/60] LR: 2.81e-06/2.81e-05 | Loss: 0.9387 (seg=0.0994 cls=0.4187 ord=0.0038) | Acc: 0.9776 | Dice: 0.8857 | 20s
2026-04-15 07:39:44 - Epoch [48/60] LR: 2.44e-06/2.44e-05 | Loss: 0.9171 (seg=0.1020 cls=0.4068 ord=0.0029) | Acc: 0.9818 | Dice: 0.8831 | 19s
2026-04-15 07:39:44 - --------------------------------------------------
2026-04-15 07:39:47 - [Val] Softmax F1: 0.6578 | Ordinal F1: 0.6780 (t1=0.41, t2=0.77) | Dice: 0.8456
2026-04-15 07:39:47 - --------------------------------------------------
2026-04-15 07:40:06 - Epoch [49/60] LR: 2.09e-06/2.09e-05 | Loss: 0.9219 (seg=0.0979 cls=0.4112 ord=0.0032) | Acc: 0.9808 | Dice: 0.8864 | 19s
2026-04-15 07:40:26 - Epoch [50/60] LR: 1.77e-06/1.77e-05 | Loss: 0.9024 (seg=0.0979 cls=0.4015 ord=0.0030) | Acc: 0.9818 | Dice: 0.8890 | 20s
2026-04-15 07:40:26 - --------------------------------------------------
2026-04-15 07:40:28 - [Val] Softmax F1: 0.6730 | Ordinal F1: 0.6855 (t1=0.33, t2=0.79) | Dice: 0.8437
2026-04-15 07:40:28 - --------------------------------------------------
2026-04-15 07:40:47 - Epoch [51/60] LR: 1.48e-06/1.48e-05 | Loss: 0.9164 (seg=0.1027 cls=0.4061 ord=0.0028) | Acc: 0.9840 | Dice: 0.8815 | 19s
2026-04-15 07:41:07 - Epoch [52/60] LR: 1.22e-06/1.22e-05 | Loss: 0.9088 (seg=0.0997 cls=0.4039 ord=0.0024) | Acc: 0.9818 | Dice: 0.8862 | 19s
2026-04-15 07:41:07 - --------------------------------------------------
2026-04-15 07:41:09 - [Val] Softmax F1: 0.6573 | Ordinal F1: 0.6821 (t1=0.31, t2=0.69) | Dice: 0.8426
2026-04-15 07:41:09 - --------------------------------------------------
2026-04-15 07:41:29 - Epoch [53/60] LR: 9.81e-07/9.81e-06 | Loss: 0.9159 (seg=0.1009 cls=0.4068 ord=0.0028) | Acc: 0.9840 | Dice: 0.8829 | 19s
2026-04-15 07:41:48 - Epoch [54/60] LR: 7.76e-07/7.76e-06 | Loss: 0.8912 (seg=0.1007 cls=0.3946 ord=0.0026) | Acc: 0.9904 | Dice: 0.8855 | 19s
2026-04-15 07:41:48 - --------------------------------------------------
2026-04-15 07:41:51 - [Val] Softmax F1: 0.6688 | Ordinal F1: 0.6829 (t1=0.33, t2=0.71) | Dice: 0.8481
2026-04-15 07:41:51 - --------------------------------------------------
2026-04-15 07:42:10 - Epoch [55/60] LR: 6.01e-07/6.01e-06 | Loss: 0.9295 (seg=0.0965 cls=0.4155 ord=0.0038) | Acc: 0.9765 | Dice: 0.8870 | 19s
2026-04-15 07:42:29 - Epoch [56/60] LR: 4.57e-07/4.57e-06 | Loss: 0.9164 (seg=0.1005 cls=0.4073 ord=0.0029) | Acc: 0.9829 | Dice: 0.8837 | 19s
2026-04-15 07:42:29 - --------------------------------------------------
2026-04-15 07:42:32 - [Val] Softmax F1: 0.6733 | Ordinal F1: 0.6835 (t1=0.31, t2=0.79) | Dice: 0.8487
2026-04-15 07:42:32 - --------------------------------------------------
2026-04-15 07:42:51 - Epoch [57/60] LR: 3.45e-07/3.45e-06 | Loss: 0.8944 (seg=0.1033 cls=0.3950 ord=0.0021) | Acc: 0.9882 | Dice: 0.8838 | 19s
2026-04-15 07:43:10 - Epoch [58/60] LR: 2.65e-07/2.65e-06 | Loss: 0.9027 (seg=0.0968 cls=0.4023 ord=0.0028) | Acc: 0.9872 | Dice: 0.8866 | 19s
2026-04-15 07:43:10 - --------------------------------------------------
2026-04-15 07:43:13 - [Val] Softmax F1: 0.6733 | Ordinal F1: 0.6831 (t1=0.31, t2=0.79) | Dice: 0.8483
2026-04-15 07:43:13 - --------------------------------------------------
2026-04-15 07:43:32 - Epoch [59/60] LR: 2.16e-07/2.16e-06 | Loss: 0.9005 (seg=0.0927 cls=0.4031 ord=0.0031) | Acc: 0.9818 | Dice: 0.8924 | 19s
2026-04-15 07:43:51 - Epoch [60/60] LR: 2.00e-07/2.00e-06 | Loss: 0.8840 (seg=0.0970 cls=0.3930 ord=0.0021) | Acc: 0.9893 | Dice: 0.8865 | 19s
2026-04-15 07:43:51 - --------------------------------------------------
2026-04-15 07:43:54 - [Val] Softmax F1: 0.6733 | Ordinal F1: 0.6820 (t1=0.43, t2=0.79) | Dice: 0.8483
2026-04-15 07:43:54 - --------------------------------------------------
2026-04-15 07:43:54 - ======================================================================
2026-04-15 07:43:54 - 训练完成! 最优 Epoch: 28, Best Val F1: 0.6893
2026-04-15 07:43:54 - 最优阈值: t1=0.370, t2=0.730
2026-04-15 07:43:54 - ======================================================================
2026-04-15 07:43:54 - 
======================================================================
2026-04-15 07:43:54 - 最终测试 (最优权重)
2026-04-15 07:43:54 - ======================================================================
2026-04-15 07:43:59 - [Final Test] Softmax — Acc: 0.6491 | P: 0.6482 | R: 0.6287 | F1: 0.6374
2026-04-15 07:43:59 - [Final Test] Softmax Report:
              precision    recall  f1-score   support

   malignant     0.9020    0.8070    0.8519       114
      benign     0.3621    0.3684    0.3652       114
    no_tumor     0.6807    0.7105    0.6953       228

    accuracy                         0.6491       456
   macro avg     0.6482    0.6287    0.6374       456
weighted avg     0.6563    0.6491    0.6519       456

2026-04-15 07:43:59 - [Final Test] Ordinal (t1=0.37, t2=0.73) — Acc: 0.6711 | F1: 0.6305
2026-04-15 07:43:59 - [Final Test] Ordinal Report:
              precision    recall  f1-score   support

   malignant     0.9574    0.7895    0.8654       114
      benign     0.3590    0.2456    0.2917       114
    no_tumor     0.6620    0.8246    0.7344       228

    accuracy                         0.6711       456
   macro avg     0.6595    0.6199    0.6305       456
weighted avg     0.6601    0.6711    0.6565       456

2026-04-15 07:43:59 - [Final Test] Seg Dice: 0.7982
2026-04-15 07:43:59 - [Final Test] 混淆矩阵 (行=真实, 列=预测):
2026-04-15 07:43:59 -          pred_mal  pred_ben  pred_notumor
2026-04-15 07:43:59 -   malignant        90        12            12
2026-04-15 07:43:59 -   benign            2        28            84
2026-04-15 07:43:59 -   no_tumor          2        38           188
2026-04-15 07:43:59 - [Final Test] Malignant Sensitivity: 0.7895 (90/114)
2026-04-15 07:43:59 - [Final Test] Malignant->NoTumor 漏诊数: 12 (临床安全红线)
2026-04-15 07:43:59 - [Final Test] NPV (预测息肉的准确率): 0.6620 (188/284)
2026-04-15 07:43:59 - [Final Test] 避免不必要手术率: 0.8246 (188/228)
2026-04-15 07:43:59 - [Final Test] Score分布 malignant: mean=0.840 std=0.263 min=0.002 max=0.995
2026-04-15 07:43:59 - [Final Test] Score分布 benign: mean=0.229 std=0.212 min=0.003 max=0.862
2026-04-15 07:43:59 - [Final Test] Score分布 no_tumor: mean=0.167 std=0.183 min=0.003 max=0.991
2026-04-15 07:43:59 - --------------------------------------------------
2026-04-15 07:44:04 - [Final Test (默认阈值)] Softmax — Acc: 0.6491 | P: 0.6482 | R: 0.6287 | F1: 0.6374
2026-04-15 07:44:04 - [Final Test (默认阈值)] Softmax Report:
              precision    recall  f1-score   support

   malignant     0.9020    0.8070    0.8519       114
      benign     0.3621    0.3684    0.3652       114
    no_tumor     0.6807    0.7105    0.6953       228

    accuracy                         0.6491       456
   macro avg     0.6482    0.6287    0.6374       456
weighted avg     0.6563    0.6491    0.6519       456

2026-04-15 07:44:04 - [Final Test (默认阈值)] Ordinal (t1=0.33, t2=0.66) — Acc: 0.6754 | F1: 0.6423
2026-04-15 07:44:04 - [Final Test (默认阈值)] Ordinal Report:
              precision    recall  f1-score   support

   malignant     0.9394    0.8158    0.8732       114
      benign     0.3810    0.2807    0.3232       114
    no_tumor     0.6703    0.8026    0.7305       228

    accuracy                         0.6754       456
   macro avg     0.6636    0.6330    0.6423       456
weighted avg     0.6653    0.6754    0.6644       456

2026-04-15 07:44:04 - [Final Test (默认阈值)] Seg Dice: 0.7982
2026-04-15 07:44:04 - [Final Test (默认阈值)] 混淆矩阵 (行=真实, 列=预测):
2026-04-15 07:44:04 -          pred_mal  pred_ben  pred_notumor
2026-04-15 07:44:04 -   malignant        93        10            11
2026-04-15 07:44:04 -   benign            3        32            79
2026-04-15 07:44:04 -   no_tumor          3        42           183
2026-04-15 07:44:04 - [Final Test (默认阈值)] Malignant Sensitivity: 0.8158 (93/114)
2026-04-15 07:44:04 - [Final Test (默认阈值)] Malignant->NoTumor 漏诊数: 11 (临床安全红线)
2026-04-15 07:44:04 - [Final Test (默认阈值)] NPV (预测息肉的准确率): 0.6703 (183/273)
2026-04-15 07:44:04 - [Final Test (默认阈值)] 避免不必要手术率: 0.8026 (183/228)
2026-04-15 07:44:04 - [Final Test (默认阈值)] Score分布 malignant: mean=0.840 std=0.263 min=0.002 max=0.995
2026-04-15 07:44:04 - [Final Test (默认阈值)] Score分布 benign: mean=0.229 std=0.212 min=0.003 max=0.862
2026-04-15 07:44:04 - [Final Test (默认阈值)] Score分布 no_tumor: mean=0.167 std=0.183 min=0.003 max=0.991
2026-04-15 07:44:04 - 训练脚本已复制到: /data1/ouyangxinglong/GBP-Cascade/0414/logs/20260414_task3_SwinV2Tiny_segcls_2/20260414_task3_SwinV2Tiny_segcls_2.py
