2026-03-23 12:12:03 - ============================================================
2026-03-23 12:12:03 - 实验名称: 20260323_task2_SwinV2_seed42
2026-03-23 12:12:03 - 任务: Task 2 - 良性肿瘤(0) vs 非肿瘤性息肉(1)
2026-03-23 12:12:03 - 模型: Swin-V2-Tiny (ImageNet, 4ch, drop=0.3)
2026-03-23 12:12:03 - 修改: 全图4ch + BalancedSampler + 修复Mixup + 强增强 + seed=42
2026-03-23 12:12:03 - 输入通道: 4
2026-03-23 12:12:03 - 图像尺寸: train Full_img → StrongSync + mask, test Full_img → Resize256 + mask
2026-03-23 12:12:03 - Batch Size: 8
2026-03-23 12:12:03 - Backbone LR: 2e-05
2026-03-23 12:12:03 - Head LR: 0.0002
2026-03-23 12:12:03 - Weight Decay: 0.05
2026-03-23 12:12:03 - Warmup Epochs: 8
2026-03-23 12:12:03 - Min LR Ratio: 0.01
2026-03-23 12:12:03 - Label Smoothing: 0.1
2026-03-23 12:12:03 - Seed: 42
2026-03-23 12:12:03 - Epochs: 100
2026-03-23 12:12:03 - Grad Clip: 1.0
2026-03-23 12:12:03 - 设备: cuda
2026-03-23 12:12:03 - ============================================================
2026-03-23 12:12:03 - 训练集: 1229 张 (benign=309, no_tumor=920)
2026-03-23 12:12:03 - 测试集: 523 张 (benign=129, no_tumor=394)
2026-03-23 12:12:05 - 模型参数量: 27,581,228
2026-03-23 12:12:05 - 可训练参数量: 27,581,228
2026-03-23 12:12:05 - 类别权重: benign=1.9887, no_tumor=0.6679
2026-03-23 12:12:05 - 损失函数: CE(class_weight+LS=0.1) + Weighted Mixup + BalancedSampler [seed=42]
2026-03-23 12:12:05 - 
============================================================
2026-03-23 12:12:05 - 开始训练
2026-03-23 12:12:05 - ============================================================
2026-03-23 12:12:18 - Epoch [1/100] LR(backbone/head): 2.500000e-06/2.500000e-05 | WarmupCosineFactor: 0.1250 | Loss: 0.7821 | Train Acc: 0.4951 | Time: 12.9s
2026-03-23 12:12:30 - Epoch [2/100] LR(backbone/head): 5.000000e-06/5.000000e-05 | WarmupCosineFactor: 0.2500 | Loss: 0.7439 | Train Acc: 0.4918 | Time: 12.0s
2026-03-23 12:12:42 - Epoch [3/100] LR(backbone/head): 7.500000e-06/7.500000e-05 | WarmupCosineFactor: 0.3750 | Loss: 0.7325 | Train Acc: 0.5082 | Time: 11.7s
2026-03-23 12:12:53 - Epoch [4/100] LR(backbone/head): 1.000000e-05/1.000000e-04 | WarmupCosineFactor: 0.5000 | Loss: 0.7135 | Train Acc: 0.5163 | Time: 11.7s
2026-03-23 12:13:05 - Epoch [5/100] LR(backbone/head): 1.250000e-05/1.250000e-04 | WarmupCosineFactor: 0.6250 | Loss: 0.7052 | Train Acc: 0.5351 | Time: 12.1s
2026-03-23 12:13:05 - ----------------------------------------
2026-03-23 12:13:07 - [Test] Acc: 0.3442 | Precision(macro): 0.5793 | Recall(macro): 0.5465 | F1(macro): 0.3342
2026-03-23 12:13:07 - [Test] Classification Report:
              precision    recall  f1-score   support

      benign     0.2664    0.9457    0.4157       129
    no_tumor     0.8923    0.1472    0.2527       394

    accuracy                         0.3442       523
   macro avg     0.5793    0.5465    0.3342       523
weighted avg     0.7379    0.3442    0.2929       523

2026-03-23 12:13:07 - *** 保存最优模型 (F1: 0.3342, Epoch: 5) ***
2026-03-23 12:13:07 - ----------------------------------------
2026-03-23 12:13:19 - Epoch [6/100] LR(backbone/head): 1.500000e-05/1.500000e-04 | WarmupCosineFactor: 0.7500 | Loss: 0.6841 | Train Acc: 0.5613 | Time: 11.4s
2026-03-23 12:13:30 - Epoch [7/100] LR(backbone/head): 1.750000e-05/1.750000e-04 | WarmupCosineFactor: 0.8750 | Loss: 0.6876 | Train Acc: 0.5556 | Time: 11.5s
2026-03-23 12:13:42 - Epoch [8/100] LR(backbone/head): 2.000000e-05/2.000000e-04 | WarmupCosineFactor: 1.0000 | Loss: 0.6772 | Train Acc: 0.5727 | Time: 11.6s
2026-03-23 12:13:53 - Epoch [9/100] LR(backbone/head): 1.999423e-05/1.999423e-04 | WarmupCosineFactor: 0.9997 | Loss: 0.6607 | Train Acc: 0.5825 | Time: 11.7s
2026-03-23 12:14:06 - Epoch [10/100] LR(backbone/head): 1.997692e-05/1.997692e-04 | WarmupCosineFactor: 0.9988 | Loss: 0.6847 | Train Acc: 0.5752 | Time: 12.2s
2026-03-23 12:14:06 - ----------------------------------------
2026-03-23 12:14:08 - [Test] Acc: 0.3518 | Precision(macro): 0.5558 | Recall(macro): 0.5385 | F1(macro): 0.3458
2026-03-23 12:14:08 - [Test] Classification Report:
              precision    recall  f1-score   support

      benign     0.2635    0.9070    0.4084       129
    no_tumor     0.8481    0.1701    0.2833       394

    accuracy                         0.3518       523
   macro avg     0.5558    0.5385    0.3458       523
weighted avg     0.7039    0.3518    0.3141       523

2026-03-23 12:14:08 - *** 保存最优模型 (F1: 0.3458, Epoch: 10) ***
2026-03-23 12:14:08 - ----------------------------------------
2026-03-23 12:14:20 - Epoch [11/100] LR(backbone/head): 1.994810e-05/1.994810e-04 | WarmupCosineFactor: 0.9974 | Loss: 0.6581 | Train Acc: 0.5686 | Time: 11.6s
2026-03-23 12:14:32 - Epoch [12/100] LR(backbone/head): 1.990779e-05/1.990779e-04 | WarmupCosineFactor: 0.9954 | Loss: 0.6199 | Train Acc: 0.6144 | Time: 12.1s
2026-03-23 12:14:43 - Epoch [13/100] LR(backbone/head): 1.985605e-05/1.985605e-04 | WarmupCosineFactor: 0.9928 | Loss: 0.6339 | Train Acc: 0.5972 | Time: 11.7s
2026-03-23 12:14:55 - Epoch [14/100] LR(backbone/head): 1.979293e-05/1.979293e-04 | WarmupCosineFactor: 0.9896 | Loss: 0.6072 | Train Acc: 0.6405 | Time: 11.8s
2026-03-23 12:15:07 - Epoch [15/100] LR(backbone/head): 1.971851e-05/1.971851e-04 | WarmupCosineFactor: 0.9859 | Loss: 0.6107 | Train Acc: 0.6299 | Time: 11.8s
2026-03-23 12:15:07 - ----------------------------------------
2026-03-23 12:15:09 - [Test] Acc: 0.6195 | Precision(macro): 0.5778 | Recall(macro): 0.6015 | F1(macro): 0.5697
2026-03-23 12:15:09 - [Test] Classification Report:
              precision    recall  f1-score   support

      benign     0.3380    0.5659    0.4232       129
    no_tumor     0.8176    0.6371    0.7161       394

    accuracy                         0.6195       523
   macro avg     0.5778    0.6015    0.5697       523
weighted avg     0.6993    0.6195    0.6439       523

2026-03-23 12:15:09 - *** 保存最优模型 (F1: 0.5697, Epoch: 15) ***
2026-03-23 12:15:09 - ----------------------------------------
2026-03-23 12:15:21 - Epoch [16/100] LR(backbone/head): 1.963288e-05/1.963288e-04 | WarmupCosineFactor: 0.9816 | Loss: 0.6020 | Train Acc: 0.6520 | Time: 12.2s
2026-03-23 12:15:33 - Epoch [17/100] LR(backbone/head): 1.953613e-05/1.953613e-04 | WarmupCosineFactor: 0.9768 | Loss: 0.5968 | Train Acc: 0.6511 | Time: 11.7s
2026-03-23 12:15:45 - Epoch [18/100] LR(backbone/head): 1.942838e-05/1.942838e-04 | WarmupCosineFactor: 0.9714 | Loss: 0.5607 | Train Acc: 0.6544 | Time: 11.6s
2026-03-23 12:15:56 - Epoch [19/100] LR(backbone/head): 1.930976e-05/1.930976e-04 | WarmupCosineFactor: 0.9655 | Loss: 0.5875 | Train Acc: 0.6626 | Time: 11.8s
2026-03-23 12:16:08 - Epoch [20/100] LR(backbone/head): 1.918039e-05/1.918039e-04 | WarmupCosineFactor: 0.9590 | Loss: 0.5740 | Train Acc: 0.6781 | Time: 11.6s
2026-03-23 12:16:08 - ----------------------------------------
2026-03-23 12:16:10 - [Test] Acc: 0.6539 | Precision(macro): 0.5779 | Recall(macro): 0.5930 | F1(macro): 0.5795
2026-03-23 12:16:10 - [Test] Classification Report:
              precision    recall  f1-score   support

      benign     0.3506    0.4729    0.4026       129
    no_tumor     0.8052    0.7132    0.7564       394

    accuracy                         0.6539       523
   macro avg     0.5779    0.5930    0.5795       523
weighted avg     0.6930    0.6539    0.6691       523

2026-03-23 12:16:10 - *** 保存最优模型 (F1: 0.5795, Epoch: 20) ***
2026-03-23 12:16:10 - ----------------------------------------
2026-03-23 12:16:22 - Epoch [21/100] LR(backbone/head): 1.904044e-05/1.904044e-04 | WarmupCosineFactor: 0.9520 | Loss: 0.5448 | Train Acc: 0.6740 | Time: 11.5s
2026-03-23 12:16:33 - Epoch [22/100] LR(backbone/head): 1.889006e-05/1.889006e-04 | WarmupCosineFactor: 0.9445 | Loss: 0.5413 | Train Acc: 0.6740 | Time: 11.8s
2026-03-23 12:16:45 - Epoch [23/100] LR(backbone/head): 1.872944e-05/1.872944e-04 | WarmupCosineFactor: 0.9365 | Loss: 0.5217 | Train Acc: 0.7222 | Time: 11.8s
2026-03-23 12:16:57 - Epoch [24/100] LR(backbone/head): 1.855875e-05/1.855875e-04 | WarmupCosineFactor: 0.9279 | Loss: 0.4973 | Train Acc: 0.7051 | Time: 11.6s
2026-03-23 12:17:09 - Epoch [25/100] LR(backbone/head): 1.837820e-05/1.837820e-04 | WarmupCosineFactor: 0.9189 | Loss: 0.4851 | Train Acc: 0.7312 | Time: 12.0s
2026-03-23 12:17:09 - ----------------------------------------
2026-03-23 12:17:10 - [Test] Acc: 0.6635 | Precision(macro): 0.6043 | Recall(macro): 0.6307 | F1(macro): 0.6052
2026-03-23 12:17:10 - [Test] Classification Report:
              precision    recall  f1-score   support

      benign     0.3782    0.5659    0.4534       129
    no_tumor     0.8303    0.6954    0.7569       394

    accuracy                         0.6635       523
   macro avg     0.6043    0.6307    0.6052       523
weighted avg     0.7188    0.6635    0.6820       523

2026-03-23 12:17:11 - *** 保存最优模型 (F1: 0.6052, Epoch: 25) ***
2026-03-23 12:17:11 - ----------------------------------------
2026-03-23 12:17:22 - Epoch [26/100] LR(backbone/head): 1.818800e-05/1.818800e-04 | WarmupCosineFactor: 0.9094 | Loss: 0.5256 | Train Acc: 0.6895 | Time: 11.5s
2026-03-23 12:17:34 - Epoch [27/100] LR(backbone/head): 1.798837e-05/1.798837e-04 | WarmupCosineFactor: 0.8994 | Loss: 0.4910 | Train Acc: 0.7149 | Time: 11.8s
2026-03-23 12:17:46 - Epoch [28/100] LR(backbone/head): 1.777954e-05/1.777954e-04 | WarmupCosineFactor: 0.8890 | Loss: 0.5035 | Train Acc: 0.7010 | Time: 11.9s
2026-03-23 12:17:58 - Epoch [29/100] LR(backbone/head): 1.756176e-05/1.756176e-04 | WarmupCosineFactor: 0.8781 | Loss: 0.4945 | Train Acc: 0.7108 | Time: 11.6s
2026-03-23 12:18:09 - Epoch [30/100] LR(backbone/head): 1.733528e-05/1.733528e-04 | WarmupCosineFactor: 0.8668 | Loss: 0.4779 | Train Acc: 0.7255 | Time: 11.5s
2026-03-23 12:18:09 - ----------------------------------------
2026-03-23 12:18:10 - [Test] Acc: 0.6597 | Precision(macro): 0.5885 | Recall(macro): 0.6073 | F1(macro): 0.5904
2026-03-23 12:18:10 - [Test] Classification Report:
              precision    recall  f1-score   support

      benign     0.3631    0.5039    0.4221       129
    no_tumor     0.8140    0.7107    0.7588       394

    accuracy                         0.6597       523
   macro avg     0.5885    0.6073    0.5904       523
weighted avg     0.7028    0.6597    0.6758       523

2026-03-23 12:18:10 - ----------------------------------------
2026-03-23 12:18:22 - Epoch [31/100] LR(backbone/head): 1.710036e-05/1.710036e-04 | WarmupCosineFactor: 0.8550 | Loss: 0.4642 | Train Acc: 0.7230 | Time: 11.6s
2026-03-23 12:18:34 - Epoch [32/100] LR(backbone/head): 1.685728e-05/1.685728e-04 | WarmupCosineFactor: 0.8429 | Loss: 0.4411 | Train Acc: 0.7435 | Time: 11.7s
2026-03-23 12:18:46 - Epoch [33/100] LR(backbone/head): 1.660632e-05/1.660632e-04 | WarmupCosineFactor: 0.8303 | Loss: 0.4823 | Train Acc: 0.7214 | Time: 11.8s
2026-03-23 12:18:57 - Epoch [34/100] LR(backbone/head): 1.634777e-05/1.634777e-04 | WarmupCosineFactor: 0.8174 | Loss: 0.4594 | Train Acc: 0.7377 | Time: 11.7s
2026-03-23 12:19:09 - Epoch [35/100] LR(backbone/head): 1.608194e-05/1.608194e-04 | WarmupCosineFactor: 0.8041 | Loss: 0.4719 | Train Acc: 0.7002 | Time: 11.6s
2026-03-23 12:19:09 - ----------------------------------------
2026-03-23 12:19:10 - [Test] Acc: 0.6730 | Precision(macro): 0.5777 | Recall(macro): 0.5849 | F1(macro): 0.5802
2026-03-23 12:19:10 - [Test] Classification Report:
              precision    recall  f1-score   support

      benign     0.3581    0.4109    0.3827       129
    no_tumor     0.7973    0.7589    0.7776       394

    accuracy                         0.6730       523
   macro avg     0.5777    0.5849    0.5802       523
weighted avg     0.6890    0.6730    0.6802       523

2026-03-23 12:19:10 - ----------------------------------------
2026-03-23 12:19:22 - Epoch [36/100] LR(backbone/head): 1.580914e-05/1.580914e-04 | WarmupCosineFactor: 0.7905 | Loss: 0.4502 | Train Acc: 0.7255 | Time: 11.7s
2026-03-23 12:19:34 - Epoch [37/100] LR(backbone/head): 1.552967e-05/1.552967e-04 | WarmupCosineFactor: 0.7765 | Loss: 0.4622 | Train Acc: 0.7157 | Time: 12.0s
2026-03-23 12:19:46 - Epoch [38/100] LR(backbone/head): 1.524388e-05/1.524388e-04 | WarmupCosineFactor: 0.7622 | Loss: 0.4548 | Train Acc: 0.7214 | Time: 11.7s
2026-03-23 12:19:58 - Epoch [39/100] LR(backbone/head): 1.495209e-05/1.495209e-04 | WarmupCosineFactor: 0.7476 | Loss: 0.4552 | Train Acc: 0.6977 | Time: 11.9s
2026-03-23 12:20:09 - Epoch [40/100] LR(backbone/head): 1.465464e-05/1.465464e-04 | WarmupCosineFactor: 0.7327 | Loss: 0.4174 | Train Acc: 0.7712 | Time: 11.8s
2026-03-23 12:20:09 - ----------------------------------------
2026-03-23 12:20:12 - [Test] Acc: 0.6788 | Precision(macro): 0.5873 | Recall(macro): 0.5965 | F1(macro): 0.5903
2026-03-23 12:20:12 - [Test] Classification Report:
              precision    recall  f1-score   support

      benign     0.3709    0.4341    0.4000       129
    no_tumor     0.8038    0.7589    0.7807       394

    accuracy                         0.6788       523
   macro avg     0.5873    0.5965    0.5903       523
weighted avg     0.6970    0.6788    0.6868       523

2026-03-23 12:20:12 - ----------------------------------------
2026-03-23 12:20:24 - Epoch [41/100] LR(backbone/head): 1.435189e-05/1.435189e-04 | WarmupCosineFactor: 0.7176 | Loss: 0.4515 | Train Acc: 0.7247 | Time: 12.1s
2026-03-23 12:20:35 - Epoch [42/100] LR(backbone/head): 1.404417e-05/1.404417e-04 | WarmupCosineFactor: 0.7022 | Loss: 0.4296 | Train Acc: 0.7819 | Time: 11.8s
2026-03-23 12:20:47 - Epoch [43/100] LR(backbone/head): 1.373186e-05/1.373186e-04 | WarmupCosineFactor: 0.6866 | Loss: 0.4335 | Train Acc: 0.7533 | Time: 11.5s
2026-03-23 12:20:59 - Epoch [44/100] LR(backbone/head): 1.341531e-05/1.341531e-04 | WarmupCosineFactor: 0.6708 | Loss: 0.4347 | Train Acc: 0.7606 | Time: 11.6s
2026-03-23 12:21:10 - Epoch [45/100] LR(backbone/head): 1.309489e-05/1.309489e-04 | WarmupCosineFactor: 0.6547 | Loss: 0.4173 | Train Acc: 0.7394 | Time: 11.7s
2026-03-23 12:21:10 - ----------------------------------------
2026-03-23 12:21:12 - [Test] Acc: 0.6883 | Precision(macro): 0.5780 | Recall(macro): 0.5768 | F1(macro): 0.5774
2026-03-23 12:21:12 - [Test] Classification Report:
              precision    recall  f1-score   support

      benign     0.3651    0.3566    0.3608       129
    no_tumor     0.7909    0.7970    0.7939       394

    accuracy                         0.6883       523
   macro avg     0.5780    0.5768    0.5774       523
weighted avg     0.6859    0.6883    0.6871       523

2026-03-23 12:21:12 - ----------------------------------------
2026-03-23 12:21:23 - Epoch [46/100] LR(backbone/head): 1.277099e-05/1.277099e-04 | WarmupCosineFactor: 0.6385 | Loss: 0.4170 | Train Acc: 0.7541 | Time: 11.6s
2026-03-23 12:21:35 - Epoch [47/100] LR(backbone/head): 1.244397e-05/1.244397e-04 | WarmupCosineFactor: 0.6222 | Loss: 0.3875 | Train Acc: 0.7859 | Time: 11.5s
2026-03-23 12:21:46 - Epoch [48/100] LR(backbone/head): 1.211421e-05/1.211421e-04 | WarmupCosineFactor: 0.6057 | Loss: 0.4076 | Train Acc: 0.7541 | Time: 11.5s
2026-03-23 12:21:58 - Epoch [49/100] LR(backbone/head): 1.178211e-05/1.178211e-04 | WarmupCosineFactor: 0.5891 | Loss: 0.3992 | Train Acc: 0.7663 | Time: 11.8s
2026-03-23 12:22:10 - Epoch [50/100] LR(backbone/head): 1.144805e-05/1.144805e-04 | WarmupCosineFactor: 0.5724 | Loss: 0.4019 | Train Acc: 0.7770 | Time: 11.6s
2026-03-23 12:22:10 - ----------------------------------------
2026-03-23 12:22:12 - [Test] Acc: 0.7017 | Precision(macro): 0.5906 | Recall(macro): 0.5857 | F1(macro): 0.5877
2026-03-23 12:22:12 - [Test] Classification Report:
              precision    recall  f1-score   support

      benign     0.3866    0.3566    0.3710       129
    no_tumor     0.7946    0.8147    0.8045       394

    accuracy                         0.7017       523
   macro avg     0.5906    0.5857    0.5877       523
weighted avg     0.6939    0.7017    0.6976       523

2026-03-23 12:22:12 - ----------------------------------------
2026-03-23 12:22:24 - Epoch [51/100] LR(backbone/head): 1.111242e-05/1.111242e-04 | WarmupCosineFactor: 0.5556 | Loss: 0.3899 | Train Acc: 0.7672 | Time: 11.9s
2026-03-23 12:22:36 - Epoch [52/100] LR(backbone/head): 1.077560e-05/1.077560e-04 | WarmupCosineFactor: 0.5388 | Loss: 0.4254 | Train Acc: 0.7492 | Time: 12.1s
2026-03-23 12:22:47 - Epoch [53/100] LR(backbone/head): 1.043800e-05/1.043800e-04 | WarmupCosineFactor: 0.5219 | Loss: 0.3913 | Train Acc: 0.7917 | Time: 11.7s
2026-03-23 12:22:59 - Epoch [54/100] LR(backbone/head): 1.010000e-05/1.010000e-04 | WarmupCosineFactor: 0.5050 | Loss: 0.3666 | Train Acc: 0.7949 | Time: 11.6s
2026-03-23 12:23:11 - Epoch [55/100] LR(backbone/head): 9.762003e-06/9.762003e-05 | WarmupCosineFactor: 0.4881 | Loss: 0.3515 | Train Acc: 0.7876 | Time: 12.0s
2026-03-23 12:23:11 - ----------------------------------------
2026-03-23 12:23:12 - [Test] Acc: 0.7285 | Precision(macro): 0.6130 | Recall(macro): 0.5904 | F1(macro): 0.5967
2026-03-23 12:23:12 - [Test] Classification Report:
              precision    recall  f1-score   support

      benign     0.4316    0.3178    0.3661       129
    no_tumor     0.7944    0.8629    0.8273       394

    accuracy                         0.7285       523
   macro avg     0.6130    0.5904    0.5967       523
weighted avg     0.7049    0.7285    0.7135       523

2026-03-23 12:23:12 - ----------------------------------------
2026-03-23 12:23:24 - Epoch [56/100] LR(backbone/head): 9.424400e-06/9.424400e-05 | WarmupCosineFactor: 0.4712 | Loss: 0.3603 | Train Acc: 0.7761 | Time: 11.7s
2026-03-23 12:23:36 - Epoch [57/100] LR(backbone/head): 9.087585e-06/9.087585e-05 | WarmupCosineFactor: 0.4544 | Loss: 0.3822 | Train Acc: 0.7647 | Time: 11.6s
2026-03-23 12:23:47 - Epoch [58/100] LR(backbone/head): 8.751950e-06/8.751950e-05 | WarmupCosineFactor: 0.4376 | Loss: 0.3933 | Train Acc: 0.7328 | Time: 11.7s
2026-03-23 12:23:59 - Epoch [59/100] LR(backbone/head): 8.417887e-06/8.417887e-05 | WarmupCosineFactor: 0.4209 | Loss: 0.4038 | Train Acc: 0.7892 | Time: 11.9s
2026-03-23 12:24:11 - Epoch [60/100] LR(backbone/head): 8.085785e-06/8.085785e-05 | WarmupCosineFactor: 0.4043 | Loss: 0.3570 | Train Acc: 0.8039 | Time: 11.8s
2026-03-23 12:24:11 - ----------------------------------------
2026-03-23 12:24:13 - [Test] Acc: 0.7170 | Precision(macro): 0.6019 | Recall(macro): 0.5880 | F1(macro): 0.5926
2026-03-23 12:24:13 - [Test] Classification Report:
              precision    recall  f1-score   support

      benign     0.4095    0.3333    0.3675       129
    no_tumor     0.7943    0.8426    0.8177       394

    accuracy                         0.7170       523
   macro avg     0.6019    0.5880    0.5926       523
weighted avg     0.6994    0.7170    0.7067       523

2026-03-23 12:24:13 - ----------------------------------------
2026-03-23 12:24:24 - Epoch [61/100] LR(backbone/head): 7.756032e-06/7.756032e-05 | WarmupCosineFactor: 0.3878 | Loss: 0.3755 | Train Acc: 0.7704 | Time: 11.6s
2026-03-23 12:24:36 - Epoch [62/100] LR(backbone/head): 7.429012e-06/7.429012e-05 | WarmupCosineFactor: 0.3715 | Loss: 0.3847 | Train Acc: 0.7933 | Time: 11.9s
2026-03-23 12:24:48 - Epoch [63/100] LR(backbone/head): 7.105106e-06/7.105106e-05 | WarmupCosineFactor: 0.3553 | Loss: 0.3670 | Train Acc: 0.7786 | Time: 11.6s
2026-03-23 12:25:00 - Epoch [64/100] LR(backbone/head): 6.784692e-06/6.784692e-05 | WarmupCosineFactor: 0.3392 | Loss: 0.3506 | Train Acc: 0.7851 | Time: 11.9s
2026-03-23 12:25:11 - Epoch [65/100] LR(backbone/head): 6.468143e-06/6.468143e-05 | WarmupCosineFactor: 0.3234 | Loss: 0.3750 | Train Acc: 0.7859 | Time: 11.8s
2026-03-23 12:25:11 - ----------------------------------------
2026-03-23 12:25:13 - [Test] Acc: 0.7247 | Precision(macro): 0.6035 | Recall(macro): 0.5800 | F1(macro): 0.5856
2026-03-23 12:25:13 - [Test] Classification Report:
              precision    recall  f1-score   support

      benign     0.4176    0.2946    0.3455       129
    no_tumor     0.7894    0.8655    0.8257       394

    accuracy                         0.7247       523
   macro avg     0.6035    0.5800    0.5856       523
weighted avg     0.6977    0.7247    0.7072       523

2026-03-23 12:25:13 - ----------------------------------------
2026-03-23 12:25:24 - Epoch [66/100] LR(backbone/head): 6.155829e-06/6.155829e-05 | WarmupCosineFactor: 0.3078 | Loss: 0.3270 | Train Acc: 0.7565 | Time: 11.7s
2026-03-23 12:25:36 - Epoch [67/100] LR(backbone/head): 5.848114e-06/5.848114e-05 | WarmupCosineFactor: 0.2924 | Loss: 0.3513 | Train Acc: 0.8154 | Time: 11.6s
2026-03-23 12:25:48 - Epoch [68/100] LR(backbone/head): 5.545356e-06/5.545356e-05 | WarmupCosineFactor: 0.2773 | Loss: 0.3601 | Train Acc: 0.7770 | Time: 11.7s
2026-03-23 12:25:59 - Epoch [69/100] LR(backbone/head): 5.247909e-06/5.247909e-05 | WarmupCosineFactor: 0.2624 | Loss: 0.3405 | Train Acc: 0.7606 | Time: 11.7s
2026-03-23 12:26:11 - Epoch [70/100] LR(backbone/head): 4.956119e-06/4.956119e-05 | WarmupCosineFactor: 0.2478 | Loss: 0.3669 | Train Acc: 0.7688 | Time: 12.0s
2026-03-23 12:26:11 - ----------------------------------------
2026-03-23 12:26:13 - [Test] Acc: 0.7380 | Precision(macro): 0.6200 | Recall(macro): 0.5837 | F1(macro): 0.5904
2026-03-23 12:26:13 - [Test] Classification Report:
              precision    recall  f1-score   support

      benign     0.4500    0.2791    0.3445       129
    no_tumor     0.7901    0.8883    0.8363       394

    accuracy                         0.7380       523
   macro avg     0.6200    0.5837    0.5904       523
weighted avg     0.7062    0.7380    0.7150       523

2026-03-23 12:26:13 - ----------------------------------------
2026-03-23 12:26:25 - Epoch [71/100] LR(backbone/head): 4.670326e-06/4.670326e-05 | WarmupCosineFactor: 0.2335 | Loss: 0.3576 | Train Acc: 0.7966 | Time: 11.7s
2026-03-23 12:26:36 - Epoch [72/100] LR(backbone/head): 4.390865e-06/4.390865e-05 | WarmupCosineFactor: 0.2195 | Loss: 0.3531 | Train Acc: 0.8039 | Time: 11.7s
2026-03-23 12:26:48 - Epoch [73/100] LR(backbone/head): 4.118060e-06/4.118060e-05 | WarmupCosineFactor: 0.2059 | Loss: 0.3474 | Train Acc: 0.7778 | Time: 12.0s
2026-03-23 12:27:00 - Epoch [74/100] LR(backbone/head): 3.852229e-06/3.852229e-05 | WarmupCosineFactor: 0.1926 | Loss: 0.3508 | Train Acc: 0.7925 | Time: 11.5s
2026-03-23 12:27:11 - Epoch [75/100] LR(backbone/head): 3.593684e-06/3.593684e-05 | WarmupCosineFactor: 0.1797 | Loss: 0.3709 | Train Acc: 0.7827 | Time: 11.5s
2026-03-23 12:27:11 - ----------------------------------------
2026-03-23 12:27:13 - [Test] Acc: 0.7266 | Precision(macro): 0.6060 | Recall(macro): 0.5813 | F1(macro): 0.5871
2026-03-23 12:27:13 - [Test] Classification Report:
              precision    recall  f1-score   support

      benign     0.4222    0.2946    0.3470       129
    no_tumor     0.7898    0.8680    0.8271       394

    accuracy                         0.7266       523
   macro avg     0.6060    0.5813    0.5871       523
weighted avg     0.6992    0.7266    0.7087       523

2026-03-23 12:27:13 - ----------------------------------------
2026-03-23 12:27:24 - Epoch [76/100] LR(backbone/head): 3.342724e-06/3.342724e-05 | WarmupCosineFactor: 0.1671 | Loss: 0.3350 | Train Acc: 0.7958 | Time: 11.7s
2026-03-23 12:27:36 - Epoch [77/100] LR(backbone/head): 3.099643e-06/3.099643e-05 | WarmupCosineFactor: 0.1550 | Loss: 0.3436 | Train Acc: 0.7933 | Time: 11.6s
2026-03-23 12:27:48 - Epoch [78/100] LR(backbone/head): 2.864724e-06/2.864724e-05 | WarmupCosineFactor: 0.1432 | Loss: 0.3723 | Train Acc: 0.7623 | Time: 11.7s
2026-03-23 12:27:59 - Epoch [79/100] LR(backbone/head): 2.638241e-06/2.638241e-05 | WarmupCosineFactor: 0.1319 | Loss: 0.3133 | Train Acc: 0.7933 | Time: 11.8s
2026-03-23 12:28:11 - Epoch [80/100] LR(backbone/head): 2.420458e-06/2.420458e-05 | WarmupCosineFactor: 0.1210 | Loss: 0.3415 | Train Acc: 0.8121 | Time: 11.8s
2026-03-23 12:28:11 - ----------------------------------------
2026-03-23 12:28:13 - [Test] Acc: 0.7285 | Precision(macro): 0.6130 | Recall(macro): 0.5904 | F1(macro): 0.5967
2026-03-23 12:28:13 - [Test] Classification Report:
              precision    recall  f1-score   support

      benign     0.4316    0.3178    0.3661       129
    no_tumor     0.7944    0.8629    0.8273       394

    accuracy                         0.7285       523
   macro avg     0.6130    0.5904    0.5967       523
weighted avg     0.7049    0.7285    0.7135       523

2026-03-23 12:28:13 - ----------------------------------------
2026-03-23 12:28:24 - Epoch [81/100] LR(backbone/head): 2.211629e-06/2.211629e-05 | WarmupCosineFactor: 0.1106 | Loss: 0.3608 | Train Acc: 0.7868 | Time: 11.7s
2026-03-23 12:28:37 - Epoch [82/100] LR(backbone/head): 2.011998e-06/2.011998e-05 | WarmupCosineFactor: 0.1006 | Loss: 0.3447 | Train Acc: 0.7606 | Time: 12.1s
2026-03-23 12:28:48 - Epoch [83/100] LR(backbone/head): 1.821797e-06/1.821797e-05 | WarmupCosineFactor: 0.0911 | Loss: 0.3251 | Train Acc: 0.8064 | Time: 11.9s
2026-03-23 12:29:00 - Epoch [84/100] LR(backbone/head): 1.641248e-06/1.641248e-05 | WarmupCosineFactor: 0.0821 | Loss: 0.3003 | Train Acc: 0.8129 | Time: 11.8s
2026-03-23 12:29:12 - Epoch [85/100] LR(backbone/head): 1.470561e-06/1.470561e-05 | WarmupCosineFactor: 0.0735 | Loss: 0.3537 | Train Acc: 0.7990 | Time: 11.8s
2026-03-23 12:29:12 - ----------------------------------------
2026-03-23 12:29:14 - [Test] Acc: 0.7208 | Precision(macro): 0.6108 | Recall(macro): 0.5983 | F1(macro): 0.6029
2026-03-23 12:29:14 - [Test] Classification Report:
              precision    recall  f1-score   support

      benign     0.4220    0.3566    0.3866       129
    no_tumor     0.7995    0.8401    0.8193       394

    accuracy                         0.7208       523
   macro avg     0.6108    0.5983    0.6029       523
weighted avg     0.7064    0.7208    0.7126       523

2026-03-23 12:29:14 - ----------------------------------------
2026-03-23 12:29:26 - Epoch [86/100] LR(backbone/head): 1.309936e-06/1.309936e-05 | WarmupCosineFactor: 0.0655 | Loss: 0.2966 | Train Acc: 0.7745 | Time: 12.0s
2026-03-23 12:29:38 - Epoch [87/100] LR(backbone/head): 1.159560e-06/1.159560e-05 | WarmupCosineFactor: 0.0580 | Loss: 0.3511 | Train Acc: 0.7753 | Time: 12.1s
2026-03-23 12:29:50 - Epoch [88/100] LR(backbone/head): 1.019608e-06/1.019608e-05 | WarmupCosineFactor: 0.0510 | Loss: 0.3479 | Train Acc: 0.8145 | Time: 11.7s
2026-03-23 12:30:02 - Epoch [89/100] LR(backbone/head): 8.902434e-07/8.902434e-06 | WarmupCosineFactor: 0.0445 | Loss: 0.3592 | Train Acc: 0.7868 | Time: 11.8s
2026-03-23 12:30:14 - Epoch [90/100] LR(backbone/head): 7.716169e-07/7.716169e-06 | WarmupCosineFactor: 0.0386 | Loss: 0.3312 | Train Acc: 0.8080 | Time: 12.0s
2026-03-23 12:30:14 - ----------------------------------------
2026-03-23 12:30:15 - [Test] Acc: 0.7189 | Precision(macro): 0.6041 | Recall(macro): 0.5893 | F1(macro): 0.5941
2026-03-23 12:30:15 - [Test] Classification Report:
              precision    recall  f1-score   support

      benign     0.4135    0.3333    0.3691       129
    no_tumor     0.7947    0.8452    0.8192       394

    accuracy                         0.7189       523
   macro avg     0.6041    0.5893    0.5941       523
weighted avg     0.7007    0.7189    0.7082       523

2026-03-23 12:30:15 - ----------------------------------------
2026-03-23 12:30:27 - Epoch [91/100] LR(backbone/head): 6.638668e-07/6.638668e-06 | WarmupCosineFactor: 0.0332 | Loss: 0.3162 | Train Acc: 0.7949 | Time: 11.7s
2026-03-23 12:30:38 - Epoch [92/100] LR(backbone/head): 5.671189e-07/5.671189e-06 | WarmupCosineFactor: 0.0284 | Loss: 0.3380 | Train Acc: 0.7761 | Time: 11.7s
2026-03-23 12:30:51 - Epoch [93/100] LR(backbone/head): 4.814858e-07/4.814858e-06 | WarmupCosineFactor: 0.0241 | Loss: 0.3563 | Train Acc: 0.7745 | Time: 12.1s
2026-03-23 12:31:02 - Epoch [94/100] LR(backbone/head): 4.070675e-07/4.070675e-06 | WarmupCosineFactor: 0.0204 | Loss: 0.3313 | Train Acc: 0.7933 | Time: 11.6s
2026-03-23 12:31:13 - Epoch [95/100] LR(backbone/head): 3.439508e-07/3.439508e-06 | WarmupCosineFactor: 0.0172 | Loss: 0.3683 | Train Acc: 0.7721 | Time: 11.4s
2026-03-23 12:31:13 - ----------------------------------------
2026-03-23 12:31:15 - [Test] Acc: 0.7189 | Precision(macro): 0.6041 | Recall(macro): 0.5893 | F1(macro): 0.5941
2026-03-23 12:31:15 - [Test] Classification Report:
              precision    recall  f1-score   support

      benign     0.4135    0.3333    0.3691       129
    no_tumor     0.7947    0.8452    0.8192       394

    accuracy                         0.7189       523
   macro avg     0.6041    0.5893    0.5941       523
weighted avg     0.7007    0.7189    0.7082       523

2026-03-23 12:31:15 - ----------------------------------------
2026-03-23 12:31:27 - Epoch [96/100] LR(backbone/head): 2.922091e-07/2.922091e-06 | WarmupCosineFactor: 0.0146 | Loss: 0.3206 | Train Acc: 0.8145 | Time: 11.7s
2026-03-23 12:31:38 - Epoch [97/100] LR(backbone/head): 2.519029e-07/2.519029e-06 | WarmupCosineFactor: 0.0126 | Loss: 0.3227 | Train Acc: 0.8194 | Time: 11.8s
2026-03-23 12:31:50 - Epoch [98/100] LR(backbone/head): 2.230792e-07/2.230792e-06 | WarmupCosineFactor: 0.0112 | Loss: 0.3150 | Train Acc: 0.7892 | Time: 11.8s
2026-03-23 12:32:02 - Epoch [99/100] LR(backbone/head): 2.057715e-07/2.057715e-06 | WarmupCosineFactor: 0.0103 | Loss: 0.2983 | Train Acc: 0.7949 | Time: 11.7s
2026-03-23 12:32:14 - Epoch [100/100] LR(backbone/head): 2.000000e-07/2.000000e-06 | WarmupCosineFactor: 0.0100 | Loss: 0.3280 | Train Acc: 0.7827 | Time: 12.0s
2026-03-23 12:32:14 - ----------------------------------------
2026-03-23 12:32:15 - [Test] Acc: 0.7208 | Precision(macro): 0.6078 | Recall(macro): 0.5931 | F1(macro): 0.5981
2026-03-23 12:32:15 - [Test] Classification Report:
              precision    recall  f1-score   support

      benign     0.4190    0.3411    0.3761       129
    no_tumor     0.7967    0.8452    0.8202       394

    accuracy                         0.7208       523
   macro avg     0.6078    0.5931    0.5981       523
weighted avg     0.7035    0.7208    0.7107       523

2026-03-23 12:32:15 - ----------------------------------------
2026-03-23 12:32:15 - 
============================================================
2026-03-23 12:32:15 - 训练完成! 最优模型: Epoch 25, F1: 0.6052
2026-03-23 12:32:15 - ============================================================
2026-03-23 12:32:15 - 
加载最优权重进行最终测试...
2026-03-23 12:32:15 - ============================================================
2026-03-23 12:32:15 - 最终测试结果 (最优权重, threshold=0.5)
2026-03-23 12:32:15 - ============================================================
2026-03-23 12:32:17 - [Final Test] Acc: 0.6635 | Precision(macro): 0.6043 | Recall(macro): 0.6307 | F1(macro): 0.6052
2026-03-23 12:32:17 - [Final Test] Classification Report:
              precision    recall  f1-score   support

      benign     0.3782    0.5659    0.4534       129
    no_tumor     0.8303    0.6954    0.7569       394

    accuracy                         0.6635       523
   macro avg     0.6043    0.6307    0.6052       523
weighted avg     0.7188    0.6635    0.6820       523

2026-03-23 12:32:17 - 
============================================================
2026-03-23 12:32:17 - 阈值优化搜索 (在测试集上寻找最优 F1 的分类阈值)
2026-03-23 12:32:17 - ============================================================
2026-03-23 12:32:18 - 最优阈值: 0.745 (F1: 0.6240 vs 默认0.5 F1: 0.6052)
2026-03-23 12:32:20 - [Final Test (最优阈值)] Threshold: 0.745 | Acc: 0.7228 | Precision(macro): 0.6251 | Recall(macro): 0.6231 | F1(macro): 0.6240
2026-03-23 12:32:20 - [Final Test (最优阈值)] Classification Report:
              precision    recall  f1-score   support

      benign     0.4365    0.4264    0.4314       129
    no_tumor     0.8136    0.8198    0.8167       394

    accuracy                         0.7228       523
   macro avg     0.6251    0.6231    0.6240       523
weighted avg     0.7206    0.7228    0.7216       523

2026-03-23 12:32:20 - 训练脚本已复制到: /data1/ouyangxinglong/GBP-Cascade/logs/20260323_task2_SwinV2_seed42/20260323_task2_multiseed_train.py
