2026-04-17 08:48:41 - ======================================================================
2026-04-17 08:48:41 - 实验: 20260417_task2_SwinV2Tiny_segcls_19_3
2026-04-17 08:48:41 - 修改: Exp#19-3: 19-2 + fused-space between-class Mixup(stage2) + TTA(5-aug) + MC Dropout(T=30)
2026-04-17 08:48:41 - Mixup alpha=2.0 beta=0.5 (Stage2 only)
2026-04-17 08:48:41 - TTA ops: ('orig', 'hflip', 'rot5', 'rot_neg5', 'scale95')
2026-04-17 08:48:41 - MC Dropout T=30
2026-04-17 08:48:41 - ======================================================================
2026-04-17 08:53:14 - Train: 1106 | Dev: 123 | Test: 523
2026-04-17 08:53:50 - 参数量: 137,439,313
2026-04-17 08:53:50 - 
开始训练 (SAM + Mixup[stage2] + SWA)
2026-04-17 08:53:50 - ======================================================================
2026-04-17 08:54:31 - Epoch [1/100] stage1 (ratio=0.72, w=1.40, pAUC=0.0) LR: 2.00e-06/2.00e-05 | Loss: 1.8532 | Acc: 0.7201 | IoU: 0.5931 | 40.4s
2026-04-17 08:55:07 - Epoch [2/100] stage1 (ratio=0.72, w=1.40, pAUC=0.0) LR: 4.00e-06/4.00e-05 | Loss: 1.3869 | Acc: 0.7264 | IoU: 0.8905 | 35.8s
2026-04-17 08:55:43 - Epoch [3/100] stage1 (ratio=0.72, w=1.40, pAUC=0.0) LR: 6.00e-06/6.00e-05 | Loss: 1.2871 | Acc: 0.7029 | IoU: 0.9301 | 36.1s
2026-04-17 08:56:19 - Epoch [4/100] stage1 (ratio=0.72, w=1.40, pAUC=0.0) LR: 8.00e-06/8.00e-05 | Loss: 1.1325 | Acc: 0.7373 | IoU: 0.9541 | 35.9s
2026-04-17 08:56:54 - Epoch [5/100] stage1 (ratio=0.72, w=1.40, pAUC=0.0) LR: 1.00e-05/1.00e-04 | Loss: 1.1096 | Acc: 0.7473 | IoU: 0.9653 | 35.5s
2026-04-17 08:56:54 - --------------------------------------------------
2026-04-17 08:56:57 - [Dev] pAUC@0.05=0.5210 | no_tumor召回=14.13% | benign漏检=3.23%
2026-04-17 08:57:00 - [Test(ref)] Cls — Acc: 0.3595 | P(macro): 0.6003 | R(macro): 0.5618 | F1(macro): 0.3509
2026-04-17 08:57:00 - [Test(ref)] Seg — Lesion IoU: 0.9613 | Lesion Dice: 0.9802
2026-04-17 08:57:00 - [Test(ref)] Classification Report:
              precision    recall  f1-score   support

      benign     0.2731    0.9612    0.4254       129
    no_tumor     0.9275    0.1624    0.2765       394

    accuracy                         0.3595       523
   macro avg     0.6003    0.5618    0.3509       523
weighted avg     0.7661    0.3595    0.3132       523

2026-04-17 08:57:01 - *** 最优 (Epoch=5, dev_pAUC=0.5210) ***
2026-04-17 08:57:01 - --------------------------------------------------
2026-04-17 08:57:36 - Epoch [6/100] stage1 (ratio=0.72, w=1.40, pAUC=0.0) LR: 1.20e-05/1.20e-04 | Loss: 1.0792 | Acc: 0.7482 | IoU: 0.9702 | 35.6s
2026-04-17 08:58:12 - Epoch [7/100] stage1 (ratio=0.72, w=1.40, pAUC=0.0) LR: 1.40e-05/1.40e-04 | Loss: 1.0320 | Acc: 0.7545 | IoU: 0.9757 | 35.4s
2026-04-17 08:58:48 - Epoch [8/100] stage1 (ratio=0.72, w=1.40, pAUC=0.0) LR: 1.60e-05/1.60e-04 | Loss: 0.9804 | Acc: 0.7790 | IoU: 0.9775 | 36.2s
2026-04-17 08:59:24 - Epoch [9/100] stage1 (ratio=0.72, w=1.40, pAUC=0.0) LR: 1.80e-05/1.80e-04 | Loss: 0.9574 | Acc: 0.7736 | IoU: 0.9776 | 36.2s
2026-04-17 09:00:00 - Epoch [10/100] stage1 (ratio=0.72, w=1.40, pAUC=0.0) LR: 2.00e-05/2.00e-04 | Loss: 0.9938 | Acc: 0.7545 | IoU: 0.9794 | 35.5s
2026-04-17 09:00:00 - --------------------------------------------------
2026-04-17 09:00:02 - [Dev] pAUC@0.05=0.5282 | no_tumor召回=34.78% | benign漏检=3.23%
2026-04-17 09:00:05 - [Test(ref)] Cls — Acc: 0.3078 | P(macro): 0.5904 | R(macro): 0.5328 | F1(macro): 0.2862
2026-04-17 09:00:05 - [Test(ref)] Seg — Lesion IoU: 0.9798 | Lesion Dice: 0.9898
2026-04-17 09:00:05 - [Test(ref)] Classification Report:
              precision    recall  f1-score   support

      benign     0.2598    0.9767    0.4104       129
    no_tumor     0.9211    0.0888    0.1620       394

    accuracy                         0.3078       523
   macro avg     0.5904    0.5328    0.2862       523
weighted avg     0.7580    0.3078    0.2233       523

2026-04-17 09:00:09 - *** 最优 (Epoch=10, dev_pAUC=0.5282) ***
2026-04-17 09:00:09 - --------------------------------------------------
2026-04-17 09:00:44 - Epoch [11/100] stage1 (ratio=0.72, w=1.40, pAUC=0.0) LR: 2.00e-05/2.00e-04 | Loss: 0.9321 | Acc: 0.7953 | IoU: 0.9810 | 35.3s
2026-04-17 09:01:19 - Epoch [12/100] stage1 (ratio=0.72, w=1.40, pAUC=0.0) LR: 2.00e-05/2.00e-04 | Loss: 0.9906 | Acc: 0.7799 | IoU: 0.9834 | 34.9s
2026-04-17 09:01:55 - Epoch [13/100] stage1 (ratio=0.72, w=1.40, pAUC=0.0) LR: 1.99e-05/1.99e-04 | Loss: 0.9158 | Acc: 0.7889 | IoU: 0.9842 | 36.1s
2026-04-17 09:02:30 - Epoch [14/100] stage1 (ratio=0.72, w=1.40, pAUC=0.0) LR: 1.99e-05/1.99e-04 | Loss: 0.8698 | Acc: 0.8234 | IoU: 0.9848 | 35.1s
2026-04-17 09:03:06 - Epoch [15/100] stage1 (ratio=0.72, w=1.40, pAUC=0.0) LR: 1.98e-05/1.98e-04 | Loss: 0.8675 | Acc: 0.8188 | IoU: 0.9852 | 35.4s
2026-04-17 09:03:06 - --------------------------------------------------
2026-04-17 09:03:08 - [Dev] pAUC@0.05=0.5634 | no_tumor召回=47.83% | benign漏检=3.23%
2026-04-17 09:03:12 - [Test(ref)] Cls — Acc: 0.5870 | P(macro): 0.6171 | R(macro): 0.6555 | F1(macro): 0.5703
2026-04-17 09:03:12 - [Test(ref)] Seg — Lesion IoU: 0.9855 | Lesion Dice: 0.9927
2026-04-17 09:03:12 - [Test(ref)] Classification Report:
              precision    recall  f1-score   support

      benign     0.3505    0.7907    0.4857       129
    no_tumor     0.8836    0.5203    0.6550       394

    accuracy                         0.5870       523
   macro avg     0.6171    0.6555    0.5703       523
weighted avg     0.7521    0.5870    0.6132       523

2026-04-17 09:03:15 - *** 最优 (Epoch=15, dev_pAUC=0.5634) ***
2026-04-17 09:03:15 - --------------------------------------------------
2026-04-17 09:03:50 - Epoch [16/100] stage1 (ratio=0.72, w=1.40, pAUC=0.0) LR: 1.98e-05/1.98e-04 | Loss: 0.8895 | Acc: 0.8116 | IoU: 0.9849 | 35.0s
2026-04-17 09:04:26 - Epoch [17/100] stage1 (ratio=0.72, w=1.40, pAUC=0.0) LR: 1.97e-05/1.97e-04 | Loss: 0.8165 | Acc: 0.8315 | IoU: 0.9858 | 35.4s
2026-04-17 09:05:01 - Epoch [18/100] stage1 (ratio=0.72, w=1.40, pAUC=0.0) LR: 1.96e-05/1.96e-04 | Loss: 0.7921 | Acc: 0.8487 | IoU: 0.9869 | 35.3s
2026-04-17 09:05:37 - Epoch [19/100] stage1 (ratio=0.72, w=1.40, pAUC=0.0) LR: 1.95e-05/1.95e-04 | Loss: 0.7416 | Acc: 0.8732 | IoU: 0.9871 | 35.6s
2026-04-17 09:06:13 - Epoch [20/100] stage1 (ratio=0.72, w=1.40, pAUC=0.0) LR: 1.94e-05/1.94e-04 | Loss: 0.7538 | Acc: 0.8641 | IoU: 0.9869 | 36.5s
2026-04-17 09:06:13 - --------------------------------------------------
2026-04-17 09:06:16 - [Dev] pAUC@0.05=0.5685 | no_tumor召回=48.91% | benign漏检=3.23%
2026-04-17 09:06:19 - [Test(ref)] Cls — Acc: 0.5813 | P(macro): 0.6080 | R(macro): 0.6439 | F1(macro): 0.5633
2026-04-17 09:06:19 - [Test(ref)] Seg — Lesion IoU: 0.9843 | Lesion Dice: 0.9921
2026-04-17 09:06:19 - [Test(ref)] Classification Report:
              precision    recall  f1-score   support

      benign     0.3438    0.7674    0.4748       129
    no_tumor     0.8723    0.5203    0.6518       394

    accuracy                         0.5813       523
   macro avg     0.6080    0.6439    0.5633       523
weighted avg     0.7420    0.5813    0.6082       523

2026-04-17 09:06:23 - *** 最优 (Epoch=20, dev_pAUC=0.5685) ***
2026-04-17 09:06:23 - --------------------------------------------------
2026-04-17 09:06:58 - Epoch [21/100] stage1 (ratio=0.72, w=1.40, pAUC=0.0) LR: 1.93e-05/1.93e-04 | Loss: 0.7012 | Acc: 0.8832 | IoU: 0.9870 | 35.7s
2026-04-17 09:07:34 - Epoch [22/100] stage1 (ratio=0.72, w=1.40, pAUC=0.0) LR: 1.91e-05/1.91e-04 | Loss: 0.6674 | Acc: 0.8949 | IoU: 0.9874 | 35.3s
2026-04-17 09:08:08 - Epoch [23/100] stage1 (ratio=0.72, w=1.40, pAUC=0.0) LR: 1.90e-05/1.90e-04 | Loss: 0.6955 | Acc: 0.8895 | IoU: 0.9882 | 34.7s
2026-04-17 09:08:44 - Epoch [24/100] stage1 (ratio=0.72, w=1.40, pAUC=0.0) LR: 1.88e-05/1.88e-04 | Loss: 0.6878 | Acc: 0.8958 | IoU: 0.9874 | 35.7s
2026-04-17 09:09:19 - Epoch [25/100] stage1 (ratio=0.72, w=1.40, pAUC=0.0) LR: 1.87e-05/1.87e-04 | Loss: 0.6598 | Acc: 0.9112 | IoU: 0.9878 | 35.3s
2026-04-17 09:09:19 - --------------------------------------------------
2026-04-17 09:09:22 - [Dev] pAUC@0.05=0.5397 | no_tumor召回=55.43% | benign漏检=3.23%
2026-04-17 09:09:25 - [Test(ref)] Cls — Acc: 0.6291 | P(macro): 0.6063 | R(macro): 0.6417 | F1(macro): 0.5923
2026-04-17 09:09:25 - [Test(ref)] Seg — Lesion IoU: 0.9887 | Lesion Dice: 0.9943
2026-04-17 09:09:25 - [Test(ref)] Classification Report:
              precision    recall  f1-score   support

      benign     0.3629    0.6667    0.4699       129
    no_tumor     0.8497    0.6168    0.7147       394

    accuracy                         0.6291       523
   macro avg     0.6063    0.6417    0.5923       523
weighted avg     0.7296    0.6291    0.6543       523

2026-04-17 09:09:25 - --------------------------------------------------
2026-04-17 09:10:00 - Epoch [26/100] stage1 (ratio=0.72, w=1.40, pAUC=0.0) LR: 1.85e-05/1.85e-04 | Loss: 0.6920 | Acc: 0.8986 | IoU: 0.9877 | 34.8s
2026-04-17 09:10:35 - Epoch [27/100] stage1 (ratio=0.72, w=1.40, pAUC=0.0) LR: 1.83e-05/1.83e-04 | Loss: 0.6152 | Acc: 0.9139 | IoU: 0.9882 | 35.2s
2026-04-17 09:11:10 - Epoch [28/100] stage1 (ratio=0.72, w=1.40, pAUC=0.0) LR: 1.81e-05/1.81e-04 | Loss: 0.6324 | Acc: 0.9049 | IoU: 0.9872 | 35.2s
2026-04-17 09:11:45 - Epoch [29/100] stage1 (ratio=0.72, w=1.40, pAUC=0.0) LR: 1.79e-05/1.79e-04 | Loss: 0.5996 | Acc: 0.9212 | IoU: 0.9878 | 35.3s
2026-04-17 09:12:21 - Epoch [30/100] stage1 (ratio=0.72, w=1.40, pAUC=0.0) LR: 1.77e-05/1.77e-04 | Loss: 0.5952 | Acc: 0.9230 | IoU: 0.9892 | 35.7s
2026-04-17 09:12:21 - --------------------------------------------------
2026-04-17 09:12:23 - [Dev] pAUC@0.05=0.5857 | no_tumor召回=46.74% | benign漏检=3.23%
2026-04-17 09:12:26 - [Test(ref)] Cls — Acc: 0.6769 | P(macro): 0.6132 | R(macro): 0.6395 | F1(macro): 0.6162
2026-04-17 09:12:26 - [Test(ref)] Seg — Lesion IoU: 0.9891 | Lesion Dice: 0.9945
2026-04-17 09:12:26 - [Test(ref)] Classification Report:
              precision    recall  f1-score   support

      benign     0.3925    0.5659    0.4635       129
    no_tumor     0.8338    0.7132    0.7688       394

    accuracy                         0.6769       523
   macro avg     0.6132    0.6395    0.6162       523
weighted avg     0.7250    0.6769    0.6935       523

2026-04-17 09:12:30 - *** 最优 (Epoch=30, dev_pAUC=0.5857) ***
2026-04-17 09:12:30 - --------------------------------------------------
2026-04-17 09:13:05 - Epoch [31/100] stage1 (ratio=0.72, w=1.40, pAUC=0.0) LR: 1.75e-05/1.75e-04 | Loss: 0.5661 | Acc: 0.9293 | IoU: 0.9892 | 35.4s
2026-04-17 09:13:41 - Epoch [32/100] stage1 (ratio=0.72, w=1.40, pAUC=0.0) LR: 1.72e-05/1.72e-04 | Loss: 0.5980 | Acc: 0.9176 | IoU: 0.9895 | 35.2s
2026-04-17 09:14:16 - Epoch [33/100] stage1 (ratio=0.72, w=1.40, pAUC=0.0) LR: 1.70e-05/1.70e-04 | Loss: 0.5431 | Acc: 0.9420 | IoU: 0.9897 | 35.7s
2026-04-17 09:14:52 - Epoch [34/100] stage1 (ratio=0.72, w=1.40, pAUC=0.0) LR: 1.67e-05/1.67e-04 | Loss: 0.5533 | Acc: 0.9366 | IoU: 0.9902 | 35.2s
2026-04-17 09:15:27 - Epoch [35/100] stage1 (ratio=0.72, w=1.40, pAUC=0.0) LR: 1.65e-05/1.65e-04 | Loss: 0.5296 | Acc: 0.9457 | IoU: 0.9885 | 34.9s
2026-04-17 09:15:27 - --------------------------------------------------
2026-04-17 09:15:29 - [Dev] pAUC@0.05=0.5447 | no_tumor召回=45.65% | benign漏检=3.23%
2026-04-17 09:15:32 - [Test(ref)] Cls — Acc: 0.6998 | P(macro): 0.6107 | R(macro): 0.6209 | F1(macro): 0.6145
2026-04-17 09:15:32 - [Test(ref)] Seg — Lesion IoU: 0.9905 | Lesion Dice: 0.9952
2026-04-17 09:15:32 - [Test(ref)] Classification Report:
              precision    recall  f1-score   support

      benign     0.4054    0.4651    0.4332       129
    no_tumor     0.8160    0.7766    0.7958       394

    accuracy                         0.6998       523
   macro avg     0.6107    0.6209    0.6145       523
weighted avg     0.7147    0.6998    0.7064       523

2026-04-17 09:15:32 - --------------------------------------------------
2026-04-17 09:16:07 - Epoch [36/100] stage1 (ratio=0.72, w=1.40, pAUC=0.0) LR: 1.62e-05/1.62e-04 | Loss: 0.5315 | Acc: 0.9447 | IoU: 0.9891 | 35.3s
2026-04-17 09:16:43 - Epoch [37/100] stage1 (ratio=0.72, w=1.40, pAUC=0.0) LR: 1.59e-05/1.59e-04 | Loss: 0.5392 | Acc: 0.9420 | IoU: 0.9899 | 35.2s
2026-04-17 09:17:18 - Epoch [38/100] stage1 (ratio=0.72, w=1.40, pAUC=0.0) LR: 1.56e-05/1.56e-04 | Loss: 0.5121 | Acc: 0.9502 | IoU: 0.9903 | 35.4s
2026-04-17 09:17:53 - Epoch [39/100] stage1 (ratio=0.72, w=1.40, pAUC=0.0) LR: 1.53e-05/1.53e-04 | Loss: 0.5151 | Acc: 0.9538 | IoU: 0.9905 | 34.9s
2026-04-17 09:18:29 - Epoch [40/100] stage1 (ratio=0.72, w=1.40, pAUC=0.0) LR: 1.50e-05/1.50e-04 | Loss: 0.5090 | Acc: 0.9511 | IoU: 0.9904 | 35.7s
2026-04-17 09:18:29 - --------------------------------------------------
2026-04-17 09:18:31 - [Dev] pAUC@0.05=0.5584 | no_tumor召回=29.35% | benign漏检=3.23%
2026-04-17 09:18:34 - [Test(ref)] Cls — Acc: 0.6883 | P(macro): 0.5982 | R(macro): 0.6081 | F1(macro): 0.6016
2026-04-17 09:18:34 - [Test(ref)] Seg — Lesion IoU: 0.9908 | Lesion Dice: 0.9954
2026-04-17 09:18:34 - [Test(ref)] Classification Report:
              precision    recall  f1-score   support

      benign     0.3867    0.4496    0.4158       129
    no_tumor     0.8097    0.7665    0.7875       394

    accuracy                         0.6883       523
   macro avg     0.5982    0.6081    0.6016       523
weighted avg     0.7053    0.6883    0.6958       523

2026-04-17 09:18:34 - --------------------------------------------------
2026-04-17 09:19:11 - Epoch [41/100] stage2[Mixup] (ratio=0.62, w=1.22, pAUC=0.5) LR: 1.47e-05/1.47e-04 | Loss: 0.8799 | Acc: 0.9502 | IoU: 0.9907 | 36.7s
2026-04-17 09:19:48 - Epoch [42/100] stage2[Mixup] (ratio=0.62, w=1.22, pAUC=0.5) LR: 1.44e-05/1.44e-04 | Loss: 0.8460 | Acc: 0.9692 | IoU: 0.9901 | 37.2s
2026-04-17 09:20:24 - Epoch [43/100] stage2[Mixup] (ratio=0.62, w=1.22, pAUC=0.5) LR: 1.41e-05/1.41e-04 | Loss: 0.8402 | Acc: 0.9601 | IoU: 0.9913 | 35.8s
2026-04-17 09:21:00 - Epoch [44/100] stage2[Mixup] (ratio=0.62, w=1.22, pAUC=0.5) LR: 1.38e-05/1.38e-04 | Loss: 0.8820 | Acc: 0.9611 | IoU: 0.9913 | 36.2s
2026-04-17 09:21:36 - Epoch [45/100] stage2[Mixup] (ratio=0.62, w=1.22, pAUC=0.5) LR: 1.35e-05/1.35e-04 | Loss: 0.8425 | Acc: 0.9674 | IoU: 0.9918 | 36.4s
2026-04-17 09:21:36 - --------------------------------------------------
2026-04-17 09:21:39 - [Dev] pAUC@0.05=0.5915 | no_tumor召回=45.65% | benign漏检=3.23%
2026-04-17 09:21:42 - [Test(ref)] Cls — Acc: 0.7304 | P(macro): 0.6259 | R(macro): 0.6125 | F1(macro): 0.6177
2026-04-17 09:21:42 - [Test(ref)] Seg — Lesion IoU: 0.9907 | Lesion Dice: 0.9953
2026-04-17 09:21:42 - [Test(ref)] Classification Report:
              precision    recall  f1-score   support

      benign     0.4455    0.3798    0.4100       129
    no_tumor     0.8063    0.8452    0.8253       394

    accuracy                         0.7304       523
   macro avg     0.6259    0.6125    0.6177       523
weighted avg     0.7173    0.7304    0.7229       523

2026-04-17 09:21:46 - *** 最优 (Epoch=45, dev_pAUC=0.5915) ***
2026-04-17 09:21:46 - --------------------------------------------------
2026-04-17 09:22:23 - Epoch [46/100] stage2[Mixup] (ratio=0.62, w=1.22, pAUC=0.5) LR: 1.32e-05/1.32e-04 | Loss: 0.8563 | Acc: 0.9620 | IoU: 0.9917 | 36.6s
2026-04-17 09:23:00 - Epoch [47/100] stage2[Mixup] (ratio=0.62, w=1.22, pAUC=0.5) LR: 1.28e-05/1.28e-04 | Loss: 0.8936 | Acc: 0.9556 | IoU: 0.9854 | 37.1s
2026-04-17 09:23:38 - Epoch [48/100] stage2[Mixup] (ratio=0.62, w=1.22, pAUC=0.5) LR: 1.25e-05/1.25e-04 | Loss: 0.8450 | Acc: 0.9710 | IoU: 0.9890 | 38.5s
2026-04-17 09:24:18 - Epoch [49/100] stage2[Mixup] (ratio=0.62, w=1.22, pAUC=0.5) LR: 1.22e-05/1.22e-04 | Loss: 0.8852 | Acc: 0.9583 | IoU: 0.9904 | 39.2s
2026-04-17 09:24:55 - Epoch [50/100] stage2[Mixup] (ratio=0.62, w=1.22, pAUC=0.5) LR: 1.18e-05/1.18e-04 | Loss: 0.8617 | Acc: 0.9665 | IoU: 0.9907 | 37.7s
2026-04-17 09:24:55 - --------------------------------------------------
2026-04-17 09:24:58 - [Dev] pAUC@0.05=0.5742 | no_tumor召回=45.65% | benign漏检=3.23%
2026-04-17 09:25:01 - [Test(ref)] Cls — Acc: 0.7094 | P(macro): 0.6060 | R(macro): 0.6038 | F1(macro): 0.6048
2026-04-17 09:25:01 - [Test(ref)] Seg — Lesion IoU: 0.9921 | Lesion Dice: 0.9961
2026-04-17 09:25:01 - [Test(ref)] Classification Report:
              precision    recall  f1-score   support

      benign     0.4080    0.3953    0.4016       129
    no_tumor     0.8040    0.8122    0.8081       394

    accuracy                         0.7094       523
   macro avg     0.6060    0.6038    0.6048       523
weighted avg     0.7063    0.7094    0.7078       523

2026-04-17 09:25:01 - --------------------------------------------------
2026-04-17 09:25:38 - Epoch [51/100] stage2[Mixup] (ratio=0.62, w=1.22, pAUC=0.5) LR: 1.15e-05/1.15e-04 | Loss: 0.8385 | Acc: 0.9737 | IoU: 0.9887 | 37.2s
2026-04-17 09:26:14 - Epoch [52/100] stage2[Mixup] (ratio=0.62, w=1.22, pAUC=0.5) LR: 1.11e-05/1.11e-04 | Loss: 0.8400 | Acc: 0.9701 | IoU: 0.9903 | 36.1s
2026-04-17 09:26:51 - Epoch [53/100] stage2[Mixup] (ratio=0.62, w=1.22, pAUC=0.5) LR: 1.08e-05/1.08e-04 | Loss: 0.8358 | Acc: 0.9656 | IoU: 0.9913 | 36.5s
2026-04-17 09:27:27 - Epoch [54/100] stage2[Mixup] (ratio=0.62, w=1.22, pAUC=0.5) LR: 1.04e-05/1.04e-04 | Loss: 0.8568 | Acc: 0.9674 | IoU: 0.9916 | 36.5s
2026-04-17 09:28:04 - Epoch [55/100] stage2[Mixup] (ratio=0.62, w=1.22, pAUC=0.5) LR: 1.01e-05/1.01e-04 | Loss: 0.8356 | Acc: 0.9755 | IoU: 0.9918 | 36.9s
2026-04-17 09:28:04 - --------------------------------------------------
2026-04-17 09:28:06 - [Dev] pAUC@0.05=0.5951 | no_tumor召回=51.09% | benign漏检=3.23%
2026-04-17 09:28:09 - [Test(ref)] Cls — Acc: 0.7342 | P(macro): 0.6293 | R(macro): 0.6124 | F1(macro): 0.6186
2026-04-17 09:28:09 - [Test(ref)] Seg — Lesion IoU: 0.9912 | Lesion Dice: 0.9956
2026-04-17 09:28:09 - [Test(ref)] Classification Report:
              precision    recall  f1-score   support

      benign     0.4528    0.3721    0.4085       129
    no_tumor     0.8058    0.8528    0.8286       394

    accuracy                         0.7342       523
   macro avg     0.6293    0.6124    0.6186       523
weighted avg     0.7187    0.7342    0.7250       523

2026-04-17 09:28:13 - *** 最优 (Epoch=55, dev_pAUC=0.5951) ***
2026-04-17 09:28:13 - --------------------------------------------------
2026-04-17 09:28:50 - Epoch [56/100] stage2[Mixup] (ratio=0.62, w=1.22, pAUC=0.5) LR: 9.75e-06/9.75e-05 | Loss: 0.7920 | Acc: 0.9828 | IoU: 0.9920 | 36.2s
2026-04-17 09:29:26 - Epoch [57/100] stage2[Mixup] (ratio=0.62, w=1.22, pAUC=0.5) LR: 9.41e-06/9.41e-05 | Loss: 0.7966 | Acc: 0.9873 | IoU: 0.9917 | 36.4s
2026-04-17 09:30:02 - Epoch [58/100] stage2[Mixup] (ratio=0.62, w=1.22, pAUC=0.5) LR: 9.07e-06/9.07e-05 | Loss: 0.8251 | Acc: 0.9783 | IoU: 0.9922 | 36.1s
2026-04-17 09:30:38 - Epoch [59/100] stage2[Mixup] (ratio=0.62, w=1.22, pAUC=0.5) LR: 8.72e-06/8.72e-05 | Loss: 0.7867 | Acc: 0.9737 | IoU: 0.9921 | 35.9s
2026-04-17 09:31:14 - Epoch [60/100] stage2[Mixup] (ratio=0.62, w=1.22, pAUC=0.5) LR: 8.38e-06/8.38e-05 | Loss: 0.8246 | Acc: 0.9674 | IoU: 0.9923 | 36.1s
2026-04-17 09:31:14 - --------------------------------------------------
2026-04-17 09:31:16 - [Dev] pAUC@0.05=0.6023 | no_tumor召回=22.83% | benign漏检=3.23%
2026-04-17 09:31:20 - [Test(ref)] Cls — Acc: 0.7361 | P(macro): 0.6143 | R(macro): 0.5772 | F1(macro): 0.5829
2026-04-17 09:31:20 - [Test(ref)] Seg — Lesion IoU: 0.9929 | Lesion Dice: 0.9964
2026-04-17 09:31:20 - [Test(ref)] Classification Report:
              precision    recall  f1-score   support

      benign     0.4416    0.2636    0.3301       129
    no_tumor     0.7870    0.8909    0.8357       394

    accuracy                         0.7361       523
   macro avg     0.6143    0.5772    0.5829       523
weighted avg     0.7018    0.7361    0.7110       523

2026-04-17 09:31:24 - *** 最优 (Epoch=60, dev_pAUC=0.6023) ***
2026-04-17 09:31:24 - --------------------------------------------------
2026-04-17 09:32:00 - Epoch [61/100] stage2[Mixup] (ratio=0.62, w=1.22, pAUC=0.5) LR: 8.04e-06/8.04e-05 | Loss: 0.7870 | Acc: 0.9783 | IoU: 0.9925 | 36.5s
2026-04-17 09:32:37 - Epoch [62/100] stage2[Mixup] (ratio=0.62, w=1.22, pAUC=0.5) LR: 7.70e-06/7.70e-05 | Loss: 0.7732 | Acc: 0.9846 | IoU: 0.9927 | 36.5s
2026-04-17 09:33:13 - Epoch [63/100] stage2[Mixup] (ratio=0.62, w=1.22, pAUC=0.5) LR: 7.37e-06/7.37e-05 | Loss: 0.8046 | Acc: 0.9864 | IoU: 0.9928 | 36.0s
2026-04-17 09:33:49 - Epoch [64/100] stage2[Mixup] (ratio=0.62, w=1.22, pAUC=0.5) LR: 7.04e-06/7.04e-05 | Loss: 0.8246 | Acc: 0.9783 | IoU: 0.9927 | 36.0s
2026-04-17 09:34:25 - Epoch [65/100] stage2[Mixup] (ratio=0.62, w=1.22, pAUC=0.5) LR: 6.71e-06/6.71e-05 | Loss: 0.8071 | Acc: 0.9792 | IoU: 0.9929 | 36.2s
2026-04-17 09:34:25 - --------------------------------------------------
2026-04-17 09:34:27 - [Dev] pAUC@0.05=0.5591 | no_tumor召回=50.00% | benign漏检=3.23%
2026-04-17 09:34:31 - [Test(ref)] Cls — Acc: 0.7323 | P(macro): 0.6181 | R(macro): 0.5929 | F1(macro): 0.5997
2026-04-17 09:34:31 - [Test(ref)] Seg — Lesion IoU: 0.9932 | Lesion Dice: 0.9966
2026-04-17 09:34:31 - [Test(ref)] Classification Report:
              precision    recall  f1-score   support

      benign     0.4409    0.3178    0.3694       129
    no_tumor     0.7953    0.8680    0.8301       394

    accuracy                         0.7323       523
   macro avg     0.6181    0.5929    0.5997       523
weighted avg     0.7079    0.7323    0.7165       523

2026-04-17 09:34:31 - --------------------------------------------------
2026-04-17 09:35:07 - Epoch [66/100] stage2[Mixup] (ratio=0.62, w=1.22, pAUC=0.5) LR: 6.39e-06/6.39e-05 | Loss: 0.7873 | Acc: 0.9792 | IoU: 0.9934 | 36.2s
2026-04-17 09:35:43 - Epoch [67/100] stage2[Mixup] (ratio=0.62, w=1.22, pAUC=0.5) LR: 6.07e-06/6.07e-05 | Loss: 0.8145 | Acc: 0.9783 | IoU: 0.9935 | 36.0s
2026-04-17 09:36:19 - Epoch [68/100] stage2[Mixup] (ratio=0.62, w=1.22, pAUC=0.5) LR: 5.76e-06/5.76e-05 | Loss: 0.7871 | Acc: 0.9810 | IoU: 0.9935 | 35.7s
2026-04-17 09:36:55 - Epoch [69/100] stage2[Mixup] (ratio=0.62, w=1.22, pAUC=0.5) LR: 5.45e-06/5.45e-05 | Loss: 0.8090 | Acc: 0.9810 | IoU: 0.9933 | 36.1s
2026-04-17 09:37:31 - Epoch [70/100] stage2[Mixup] (ratio=0.62, w=1.22, pAUC=0.5) LR: 5.15e-06/5.15e-05 | Loss: 0.8295 | Acc: 0.9828 | IoU: 0.9931 | 35.9s
2026-04-17 09:37:31 - --------------------------------------------------
2026-04-17 09:37:33 - [Dev] pAUC@0.05=0.5785 | no_tumor召回=53.26% | benign漏检=3.23%
2026-04-17 09:37:36 - [Test(ref)] Cls — Acc: 0.7380 | P(macro): 0.6213 | R(macro): 0.5863 | F1(macro): 0.5933
2026-04-17 09:37:36 - [Test(ref)] Seg — Lesion IoU: 0.9945 | Lesion Dice: 0.9972
2026-04-17 09:37:36 - [Test(ref)] Classification Report:
              precision    recall  f1-score   support

      benign     0.4512    0.2868    0.3507       129
    no_tumor     0.7914    0.8858    0.8359       394

    accuracy                         0.7380       523
   macro avg     0.6213    0.5863    0.5933       523
weighted avg     0.7075    0.7380    0.7162       523

2026-04-17 09:37:36 - --------------------------------------------------
2026-04-17 09:38:13 - Epoch [71/100] stage2[Mixup] (ratio=0.62, w=1.22, pAUC=0.5) LR: 4.85e-06/4.85e-05 | Loss: 0.8109 | Acc: 0.9801 | IoU: 0.9935 | 36.2s
2026-04-17 09:38:49 - Epoch [72/100] stage2[Mixup] (ratio=0.62, w=1.22, pAUC=0.5) LR: 4.56e-06/4.56e-05 | Loss: 0.8129 | Acc: 0.9855 | IoU: 0.9936 | 36.3s
2026-04-17 09:39:25 - Epoch [73/100] stage2[Mixup] (ratio=0.62, w=1.22, pAUC=0.5) LR: 4.28e-06/4.28e-05 | Loss: 0.7625 | Acc: 0.9855 | IoU: 0.9939 | 36.1s
2026-04-17 09:40:01 - Epoch [74/100] stage2[Mixup] (ratio=0.62, w=1.22, pAUC=0.5) LR: 4.00e-06/4.00e-05 | Loss: 0.7584 | Acc: 0.9882 | IoU: 0.9939 | 35.8s
2026-04-17 09:40:37 - Epoch [75/100] stage2[Mixup] (ratio=0.62, w=1.22, pAUC=0.5) LR: 3.74e-06/3.74e-05 | Loss: 0.7888 | Acc: 0.9864 | IoU: 0.9938 | 36.1s
2026-04-17 09:40:37 - --------------------------------------------------
2026-04-17 09:40:39 - [Dev] pAUC@0.05=0.6404 | no_tumor召回=58.70% | benign漏检=3.23%
2026-04-17 09:40:42 - [Test(ref)] Cls — Acc: 0.7361 | P(macro): 0.6034 | R(macro): 0.5590 | F1(macro): 0.5598
2026-04-17 09:40:42 - [Test(ref)] Seg — Lesion IoU: 0.9948 | Lesion Dice: 0.9974
2026-04-17 09:40:42 - [Test(ref)] Classification Report:
              precision    recall  f1-score   support

      benign     0.4286    0.2093    0.2812       129
    no_tumor     0.7783    0.9086    0.8384       394

    accuracy                         0.7361       523
   macro avg     0.6034    0.5590    0.5598       523
weighted avg     0.6920    0.7361    0.7010       523

2026-04-17 09:40:47 - *** 最优 (Epoch=75, dev_pAUC=0.6404) ***
2026-04-17 09:40:47 - --------------------------------------------------
2026-04-17 09:41:22 - Epoch [76/100] stage2[Mixup] (ratio=0.62, w=1.22, pAUC=0.5) LR: 3.48e-06/3.48e-05 | Loss: 0.7829 | Acc: 0.9873 | IoU: 0.9940 | 35.7s
2026-04-17 09:41:59 - Epoch [77/100] stage2[Mixup] (ratio=0.62, w=1.22, pAUC=0.5) LR: 3.22e-06/3.22e-05 | Loss: 0.8055 | Acc: 0.9909 | IoU: 0.9940 | 36.7s
2026-04-17 09:42:35 - Epoch [78/100] stage2[Mixup] (ratio=0.62, w=1.22, pAUC=0.5) LR: 2.98e-06/2.98e-05 | Loss: 0.7808 | Acc: 0.9864 | IoU: 0.9941 | 36.0s
2026-04-17 09:43:11 - Epoch [79/100] stage2[Mixup] (ratio=0.62, w=1.22, pAUC=0.5) LR: 2.74e-06/2.74e-05 | Loss: 0.7646 | Acc: 0.9855 | IoU: 0.9941 | 35.6s
2026-04-17 09:43:47 - Epoch [80/100] stage2[Mixup] (ratio=0.62, w=1.22, pAUC=0.5) LR: 2.52e-06/2.52e-05 | Loss: 0.7902 | Acc: 0.9873 | IoU: 0.9940 | 36.1s
2026-04-17 09:43:47 - --------------------------------------------------
2026-04-17 09:43:50 - [Dev] pAUC@0.05=0.6656 | no_tumor召回=56.52% | benign漏检=3.23%
2026-04-17 09:43:53 - [Test(ref)] Cls — Acc: 0.7266 | P(macro): 0.5979 | R(macro): 0.5683 | F1(macro): 0.5725
2026-04-17 09:43:53 - [Test(ref)] Seg — Lesion IoU: 0.9947 | Lesion Dice: 0.9974
2026-04-17 09:43:53 - [Test(ref)] Classification Report:
              precision    recall  f1-score   support

      benign     0.4125    0.2558    0.3158       129
    no_tumor     0.7833    0.8807    0.8292       394

    accuracy                         0.7266       523
   macro avg     0.5979    0.5683    0.5725       523
weighted avg     0.6918    0.7266    0.7025       523

2026-04-17 09:43:57 - *** 最优 (Epoch=80, dev_pAUC=0.6656) ***
2026-04-17 09:43:57 - --------------------------------------------------
2026-04-17 09:44:33 - Epoch [81/100] stage3 (ratio=0.55, w=1.08, pAUC=1.0) LR: 1.84e-06/2.07e-05 | Loss: 0.4579 | Acc: 0.9855 | IoU: 0.9938 | 35.9s
2026-04-17 09:44:33 - [SWA] 开始 (epoch 81)
2026-04-17 09:45:09 - Epoch [82/100] stage3 (ratio=0.55, w=1.08, pAUC=1.0) LR: 1.67e-06/1.88e-05 | Loss: 0.4375 | Acc: 0.9909 | IoU: 0.9939 | 36.2s
2026-04-17 09:45:45 - Epoch [83/100] stage3 (ratio=0.55, w=1.08, pAUC=1.0) LR: 1.51e-06/1.70e-05 | Loss: 0.4334 | Acc: 0.9909 | IoU: 0.9940 | 35.7s
2026-04-17 09:46:21 - Epoch [84/100] stage3 (ratio=0.55, w=1.08, pAUC=1.0) LR: 1.36e-06/1.53e-05 | Loss: 0.4463 | Acc: 0.9891 | IoU: 0.9939 | 35.8s
2026-04-17 09:46:57 - Epoch [85/100] stage3 (ratio=0.55, w=1.08, pAUC=1.0) LR: 1.22e-06/1.37e-05 | Loss: 0.4552 | Acc: 0.9864 | IoU: 0.9935 | 36.3s
2026-04-17 09:46:57 - --------------------------------------------------
2026-04-17 09:47:00 - [Dev] pAUC@0.05=0.6454 | no_tumor召回=52.17% | benign漏检=3.23%
2026-04-17 09:47:03 - [Test(ref)] Cls — Acc: 0.7304 | P(macro): 0.6003 | R(macro): 0.5656 | F1(macro): 0.5691
2026-04-17 09:47:03 - [Test(ref)] Seg — Lesion IoU: 0.9941 | Lesion Dice: 0.9970
2026-04-17 09:47:03 - [Test(ref)] Classification Report:
              precision    recall  f1-score   support

      benign     0.4189    0.2403    0.3054       129
    no_tumor     0.7817    0.8909    0.8327       394

    accuracy                         0.7304       523
   macro avg     0.6003    0.5656    0.5691       523
weighted avg     0.6922    0.7304    0.7027       523

2026-04-17 09:47:03 - --------------------------------------------------
2026-04-17 09:47:39 - Epoch [86/100] stage3 (ratio=0.55, w=1.08, pAUC=1.0) LR: 1.09e-06/1.22e-05 | Loss: 0.4485 | Acc: 0.9891 | IoU: 0.9942 | 35.1s
2026-04-17 09:48:14 - Epoch [87/100] stage3 (ratio=0.55, w=1.08, pAUC=1.0) LR: 9.62e-07/1.08e-05 | Loss: 0.4701 | Acc: 0.9819 | IoU: 0.9940 | 35.4s
2026-04-17 09:48:51 - Epoch [88/100] stage3 (ratio=0.55, w=1.08, pAUC=1.0) LR: 8.45e-07/9.50e-06 | Loss: 0.4535 | Acc: 0.9864 | IoU: 0.9943 | 36.6s
2026-04-17 09:49:27 - Epoch [89/100] stage3 (ratio=0.55, w=1.08, pAUC=1.0) LR: 7.37e-07/8.29e-06 | Loss: 0.4326 | Acc: 0.9918 | IoU: 0.9942 | 36.2s
2026-04-17 09:50:03 - Epoch [90/100] stage3 (ratio=0.55, w=1.08, pAUC=1.0) LR: 6.38e-07/7.17e-06 | Loss: 0.4451 | Acc: 0.9891 | IoU: 0.9942 | 36.0s
2026-04-17 09:50:03 - --------------------------------------------------
2026-04-17 09:50:06 - [Dev] pAUC@0.05=0.5972 | no_tumor召回=32.61% | benign漏检=3.23%
2026-04-17 09:50:09 - [Test(ref)] Cls — Acc: 0.7361 | P(macro): 0.6034 | R(macro): 0.5590 | F1(macro): 0.5598
2026-04-17 09:50:09 - [Test(ref)] Seg — Lesion IoU: 0.9950 | Lesion Dice: 0.9975
2026-04-17 09:50:09 - [Test(ref)] Classification Report:
              precision    recall  f1-score   support

      benign     0.4286    0.2093    0.2812       129
    no_tumor     0.7783    0.9086    0.8384       394

    accuracy                         0.7361       523
   macro avg     0.6034    0.5590    0.5598       523
weighted avg     0.6920    0.7361    0.7010       523

2026-04-17 09:50:09 - --------------------------------------------------
2026-04-17 09:50:44 - Epoch [91/100] stage3 (ratio=0.55, w=1.08, pAUC=1.0) LR: 5.48e-07/6.16e-06 | Loss: 0.4452 | Acc: 0.9900 | IoU: 0.9939 | 35.3s
2026-04-17 09:51:20 - Epoch [92/100] stage3 (ratio=0.55, w=1.08, pAUC=1.0) LR: 4.67e-07/5.25e-06 | Loss: 0.4577 | Acc: 0.9882 | IoU: 0.9942 | 35.4s
2026-04-17 09:51:56 - Epoch [93/100] stage3 (ratio=0.55, w=1.08, pAUC=1.0) LR: 3.95e-07/4.45e-06 | Loss: 0.4396 | Acc: 0.9909 | IoU: 0.9941 | 35.7s
2026-04-17 09:52:31 - Epoch [94/100] stage3 (ratio=0.55, w=1.08, pAUC=1.0) LR: 3.33e-07/3.75e-06 | Loss: 0.4407 | Acc: 0.9891 | IoU: 0.9944 | 35.1s
2026-04-17 09:53:06 - Epoch [95/100] stage3 (ratio=0.55, w=1.08, pAUC=1.0) LR: 2.80e-07/3.15e-06 | Loss: 0.4590 | Acc: 0.9846 | IoU: 0.9938 | 35.3s
2026-04-17 09:53:06 - --------------------------------------------------
2026-04-17 09:53:09 - [Dev] pAUC@0.05=0.6627 | no_tumor召回=38.04% | benign漏检=3.23%
2026-04-17 09:53:12 - [Test(ref)] Cls — Acc: 0.7361 | P(macro): 0.6034 | R(macro): 0.5590 | F1(macro): 0.5598
2026-04-17 09:53:12 - [Test(ref)] Seg — Lesion IoU: 0.9951 | Lesion Dice: 0.9975
2026-04-17 09:53:12 - [Test(ref)] Classification Report:
              precision    recall  f1-score   support

      benign     0.4286    0.2093    0.2812       129
    no_tumor     0.7783    0.9086    0.8384       394

    accuracy                         0.7361       523
   macro avg     0.6034    0.5590    0.5598       523
weighted avg     0.6920    0.7361    0.7010       523

2026-04-17 09:53:12 - --------------------------------------------------
2026-04-17 09:53:47 - Epoch [96/100] stage3 (ratio=0.55, w=1.08, pAUC=1.0) LR: 2.37e-07/2.67e-06 | Loss: 0.4360 | Acc: 0.9909 | IoU: 0.9941 | 35.4s
2026-04-17 09:54:22 - Epoch [97/100] stage3 (ratio=0.55, w=1.08, pAUC=1.0) LR: 2.03e-07/2.29e-06 | Loss: 0.4542 | Acc: 0.9873 | IoU: 0.9939 | 35.1s
2026-04-17 09:54:57 - Epoch [98/100] stage3 (ratio=0.55, w=1.08, pAUC=1.0) LR: 1.79e-07/2.02e-06 | Loss: 0.4395 | Acc: 0.9900 | IoU: 0.9943 | 34.9s
2026-04-17 09:55:37 - Epoch [99/100] stage3 (ratio=0.55, w=1.08, pAUC=1.0) LR: 1.65e-07/1.85e-06 | Loss: 0.4463 | Acc: 0.9909 | IoU: 0.9943 | 39.4s
2026-04-17 09:56:13 - Epoch [100/100] stage3 (ratio=0.55, w=1.08, pAUC=1.0) LR: 1.60e-07/1.80e-06 | Loss: 0.4453 | Acc: 0.9891 | IoU: 0.9940 | 36.3s
2026-04-17 09:56:13 - --------------------------------------------------
2026-04-17 09:56:15 - [Dev] pAUC@0.05=0.6706 | no_tumor召回=59.78% | benign漏检=3.23%
2026-04-17 09:56:18 - [Test(ref)] Cls — Acc: 0.7361 | P(macro): 0.6034 | R(macro): 0.5590 | F1(macro): 0.5598
2026-04-17 09:56:18 - [Test(ref)] Seg — Lesion IoU: 0.9951 | Lesion Dice: 0.9975
2026-04-17 09:56:18 - [Test(ref)] Classification Report:
              precision    recall  f1-score   support

      benign     0.4286    0.2093    0.2812       129
    no_tumor     0.7783    0.9086    0.8384       394

    accuracy                         0.7361       523
   macro avg     0.6034    0.5590    0.5598       523
weighted avg     0.6920    0.7361    0.7010       523

2026-04-17 09:56:22 - *** 最优 (Epoch=100, dev_pAUC=0.6706) ***
2026-04-17 09:56:22 - --------------------------------------------------
2026-04-17 09:56:22 - 
训练完成 best_epoch=100
2026-04-17 09:56:22 - [SWA] 更新 BN...
2026-04-17 09:56:24 - 
======================================================================
2026-04-17 09:56:24 - Best Checkpoint 分析
2026-04-17 09:56:38 - [best] T = 1.5433
2026-04-17 09:56:44 - 
============================================================
2026-04-17 09:56:44 - [best Dev (cal)] 临床阈值结果 (T=1.5433)
2026-04-17 09:56:44 - ============================================================
2026-04-17 09:56:44 -   miss_rate=0.rate=0.02: thr=0.131 | benign召回=100.00% | no_tumor命中=22/394 | no_tumor召回=23.91% | 约束满足=True
2026-04-17 09:56:44 -   miss_rate=0.rate=0.05: thr=0.131 | benign召回=100.00% | no_tumor命中=22/394 | no_tumor召回=23.91% | 约束满足=True
2026-04-17 09:56:44 -   miss_rate=0.rate=0.10: thr=0.138 | benign召回=90.32% | no_tumor命中=65/394 | no_tumor召回=67.39% | 约束满足=True
2026-04-17 09:56:44 - [best uncal] ECE=0.1902 | Brier=0.2210
2026-04-17 09:56:45 - [best cal] ECE=0.1103 | Brier=0.1972
2026-04-17 09:56:45 - 
SWA 分析
2026-04-17 09:57:02 - [swa] T = 1.6123
2026-04-17 09:57:09 - 
============================================================
2026-04-17 09:57:09 - [swa Dev (cal)] 临床阈值结果 (T=1.6123)
2026-04-17 09:57:09 - ============================================================
2026-04-17 09:57:09 -   miss_rate=0.rate=0.02: thr=0.140 | benign召回=100.00% | no_tumor命中=25/394 | no_tumor召回=27.17% | 约束满足=True
2026-04-17 09:57:09 -   miss_rate=0.rate=0.05: thr=0.140 | benign召回=100.00% | no_tumor命中=25/394 | no_tumor召回=27.17% | 约束满足=True
2026-04-17 09:57:09 -   miss_rate=0.rate=0.10: thr=0.149 | benign召回=90.32% | no_tumor命中=65/394 | no_tumor召回=67.39% | 约束满足=True
2026-04-17 09:57:09 - [swa uncal] ECE=0.1945 | Brier=0.2213
2026-04-17 09:57:09 - [swa cal] ECE=0.1007 | Brier=0.1957
2026-04-17 09:57:09 - best pAUC=0.6454 | SWA pAUC=0.6030 → 使用 best
2026-04-17 09:57:09 - 
======================================================================
2026-04-17 09:57:09 - TTA 推理 (ops=('orig', 'hflip', 'rot5', 'rot_neg5', 'scale95'))
2026-04-17 09:57:09 - ======================================================================
2026-04-17 09:57:25 - TTA probs 已保存: /data1/ouyangxinglong/GBP-Cascade/0417/logs/20260417_task2_SwinV2Tiny_segcls_19_3/20260417_task2_SwinV2Tiny_segcls_19_3_tta_probs.csv
2026-04-17 09:57:26 - [TTA] 良≥95% no_tumor=20/394 (3.55%) | benign召回=95.35%
2026-04-17 09:57:26 - 
======================================================================
2026-04-17 09:57:26 - MC Dropout 推理 (T=30)
2026-04-17 09:57:26 - ======================================================================
2026-04-17 09:59:02 - MC Dropout probs 已保存: /data1/ouyangxinglong/GBP-Cascade/0417/logs/20260417_task2_SwinV2Tiny_segcls_19_3/20260417_task2_SwinV2Tiny_segcls_19_3_mc_dropout.csv
2026-04-17 09:59:04 - [MC mean] 良≥95% no_tumor=19/394 | benign召回=96.12%
2026-04-17 09:59:04 - [MC std] mean±std of P(benign): 0.173 ± 0.040
2026-04-17 09:59:04 - 
[Done] Exp#19-3 完成.
