2026-04-09 05:34:24 - ======================================================================
2026-04-09 05:34:24 - 实验名称: 20260408_task2_SwinV2Tiny_segcls_21b
2026-04-09 05:34:24 - 模型: SwinV2-Tiny@256 + 4ch + BERT CrossAttn + BERT[CLS] + 10D ExtMeta + Gated Trimodal Fusion + 1:1 Physical Undersampling
2026-04-09 05:34:24 - 修改: 基于Exp#20b, batch_size=32, backbone_lr=8e-5, head_lr=8e-4 (LR 4×缩放), 物理欠采样: train 309:309=618, test 129:129=258, cls class_weight=[1.0,1.0]
2026-04-09 05:34:24 - 输入通道: 4
2026-04-09 05:34:24 - 图像尺寸: 256
2026-04-09 05:34:24 - 分割类别: 2
2026-04-09 05:34:24 - 分类类别: ['benign', 'no_tumor']
2026-04-09 05:34:24 - Batch Size: 32
2026-04-09 05:34:24 - Backbone LR: 8e-05
2026-04-09 05:34:24 - Head LR: 0.0008
2026-04-09 05:34:24 - Weight Decay: 0.05
2026-04-09 05:34:24 - Warmup Epochs: 10
2026-04-09 05:34:24 - Lambda Cls: 2.0
2026-04-09 05:34:24 - Label Smoothing: 0.1
2026-04-09 05:34:24 - Seed: 42
2026-04-09 05:34:24 - Epochs: 100
2026-04-09 05:34:24 - Grad Clip: 1.0
2026-04-09 05:34:24 - Meta Dim: 10
2026-04-09 05:34:24 - 设备: cuda
2026-04-09 05:34:24 - ======================================================================
2026-04-09 05:34:28 - 训练集 (欠采样后): 618 张 (benign=309, no_tumor=309)
2026-04-09 05:34:28 - 测试集 (欠采样后): 258 张 (benign=129, no_tumor=129)
2026-04-09 05:34:32 - 模型参数量: 137,439,313 (含BERT)
2026-04-09 05:34:32 - 可训练参数量: 35,171,665 (BERT冻结)
2026-04-09 05:34:32 - 分类类别权重: benign=1.0000, no_tumor=1.0000 (数据已平衡)
2026-04-09 05:34:32 - 分割类别权重: bg=1.0, lesion=5.0
2026-04-09 05:34:32 - 
======================================================================
2026-04-09 05:34:32 - 开始训练
2026-04-09 05:34:32 - ======================================================================
2026-04-09 05:34:51 - Epoch [1/100] LR: 8.00e-06/8.00e-05 | Loss: 2.3403 (seg=0.9313, cls=0.7045) | Cls Acc: 0.4951 | Seg IoU: 0.3876 | Seg Dice: 0.4873 | 19.1s
2026-04-09 05:35:12 - Epoch [2/100] LR: 1.60e-05/1.60e-04 | Loss: 1.8642 (seg=0.4969, cls=0.6836) | Cls Acc: 0.5641 | Seg IoU: 0.8762 | Seg Dice: 0.9339 | 20.3s
2026-04-09 05:35:33 - Epoch [3/100] LR: 2.40e-05/2.40e-04 | Loss: 1.5859 (seg=0.2895, cls=0.6482) | Cls Acc: 0.6497 | Seg IoU: 0.8998 | Seg Dice: 0.9471 | 20.9s
2026-04-09 05:35:53 - Epoch [4/100] LR: 3.20e-05/3.20e-04 | Loss: 1.4618 (seg=0.2160, cls=0.6229) | Cls Acc: 0.6595 | Seg IoU: 0.9217 | Seg Dice: 0.9592 | 20.6s
2026-04-09 05:36:14 - Epoch [5/100] LR: 4.00e-05/4.00e-04 | Loss: 1.3718 (seg=0.1692, cls=0.6013) | Cls Acc: 0.7056 | Seg IoU: 0.9307 | Seg Dice: 0.9641 | 20.5s
2026-04-09 05:36:14 - --------------------------------------------------
2026-04-09 05:36:20 - [Test] Cls — Acc: 0.6240 | P(macro): 0.6874 | R(macro): 0.6240 | F1(macro): 0.5893
2026-04-09 05:36:20 - [Test] Seg — Lesion IoU: 0.9325 | Lesion Dice: 0.9651
2026-04-09 05:36:20 - [Test] Classification Report:
              precision    recall  f1-score   support

      benign     0.7963    0.3333    0.4699       129
    no_tumor     0.5784    0.9147    0.7087       129

    accuracy                         0.6240       258
   macro avg     0.6874    0.6240    0.5893       258
weighted avg     0.6874    0.6240    0.5893       258

2026-04-09 05:36:21 - *** 保存最优模型 (F1: 0.5893, Epoch: 5) ***
2026-04-09 05:36:21 - --------------------------------------------------
2026-04-09 05:36:42 - Epoch [6/100] LR: 4.80e-05/4.80e-04 | Loss: 1.2451 (seg=0.1364, cls=0.5544) | Cls Acc: 0.7516 | Seg IoU: 0.9371 | Seg Dice: 0.9675 | 20.6s
2026-04-09 05:37:02 - Epoch [7/100] LR: 5.60e-05/5.60e-04 | Loss: 1.2056 (seg=0.1126, cls=0.5465) | Cls Acc: 0.7648 | Seg IoU: 0.9446 | Seg Dice: 0.9715 | 20.6s
2026-04-09 05:37:23 - Epoch [8/100] LR: 6.40e-05/6.40e-04 | Loss: 1.1466 (seg=0.0956, cls=0.5255) | Cls Acc: 0.7845 | Seg IoU: 0.9540 | Seg Dice: 0.9764 | 20.4s
2026-04-09 05:37:43 - Epoch [9/100] LR: 7.20e-05/7.20e-04 | Loss: 1.1253 (seg=0.0820, cls=0.5217) | Cls Acc: 0.7681 | Seg IoU: 0.9579 | Seg Dice: 0.9785 | 20.1s
2026-04-09 05:38:03 - Epoch [10/100] LR: 8.00e-05/8.00e-04 | Loss: 1.0844 (seg=0.0700, cls=0.5072) | Cls Acc: 0.7796 | Seg IoU: 0.9567 | Seg Dice: 0.9778 | 19.9s
2026-04-09 05:38:03 - --------------------------------------------------
2026-04-09 05:38:07 - [Test] Cls — Acc: 0.6512 | P(macro): 0.6732 | R(macro): 0.6512 | F1(macro): 0.6397
2026-04-09 05:38:07 - [Test] Seg — Lesion IoU: 0.9214 | Lesion Dice: 0.9590
2026-04-09 05:38:07 - [Test] Classification Report:
              precision    recall  f1-score   support

      benign     0.7349    0.4729    0.5755       129
    no_tumor     0.6114    0.8295    0.7039       129

    accuracy                         0.6512       258
   macro avg     0.6732    0.6512    0.6397       258
weighted avg     0.6732    0.6512    0.6397       258

2026-04-09 05:38:10 - *** 保存最优模型 (F1: 0.6397, Epoch: 10) ***
2026-04-09 05:38:10 - --------------------------------------------------
2026-04-09 05:38:30 - Epoch [11/100] LR: 8.00e-05/8.00e-04 | Loss: 1.0844 (seg=0.0659, cls=0.5093) | Cls Acc: 0.7928 | Seg IoU: 0.9453 | Seg Dice: 0.9718 | 19.9s
2026-04-09 05:38:51 - Epoch [12/100] LR: 7.99e-05/7.99e-04 | Loss: 1.0698 (seg=0.0559, cls=0.5070) | Cls Acc: 0.7796 | Seg IoU: 0.9546 | Seg Dice: 0.9767 | 20.4s
2026-04-09 05:39:11 - Epoch [13/100] LR: 7.98e-05/7.98e-04 | Loss: 0.9818 (seg=0.0469, cls=0.4675) | Cls Acc: 0.8141 | Seg IoU: 0.9661 | Seg Dice: 0.9828 | 20.7s
2026-04-09 05:39:32 - Epoch [14/100] LR: 7.96e-05/7.96e-04 | Loss: 0.9806 (seg=0.0420, cls=0.4693) | Cls Acc: 0.8224 | Seg IoU: 0.9687 | Seg Dice: 0.9841 | 20.4s
2026-04-09 05:39:52 - Epoch [15/100] LR: 7.94e-05/7.94e-04 | Loss: 1.0009 (seg=0.0382, cls=0.4814) | Cls Acc: 0.8174 | Seg IoU: 0.9670 | Seg Dice: 0.9832 | 20.4s
2026-04-09 05:39:52 - --------------------------------------------------
2026-04-09 05:39:58 - [Test] Cls — Acc: 0.6434 | P(macro): 0.6665 | R(macro): 0.6434 | F1(macro): 0.6306
2026-04-09 05:39:58 - [Test] Seg — Lesion IoU: 0.9649 | Lesion Dice: 0.9822
2026-04-09 05:39:58 - [Test] Classification Report:
              precision    recall  f1-score   support

      benign     0.6045    0.8295    0.6993       129
    no_tumor     0.7284    0.4574    0.5619       129

    accuracy                         0.6434       258
   macro avg     0.6665    0.6434    0.6306       258
weighted avg     0.6665    0.6434    0.6306       258

2026-04-09 05:39:58 - --------------------------------------------------
2026-04-09 05:40:19 - Epoch [16/100] LR: 7.91e-05/7.91e-04 | Loss: 0.9151 (seg=0.0370, cls=0.4390) | Cls Acc: 0.8553 | Seg IoU: 0.9652 | Seg Dice: 0.9823 | 20.5s
2026-04-09 05:40:39 - Epoch [17/100] LR: 7.88e-05/7.88e-04 | Loss: 0.8770 (seg=0.0327, cls=0.4222) | Cls Acc: 0.8438 | Seg IoU: 0.9689 | Seg Dice: 0.9842 | 20.0s
2026-04-09 05:40:59 - Epoch [18/100] LR: 7.85e-05/7.85e-04 | Loss: 0.8783 (seg=0.0306, cls=0.4239) | Cls Acc: 0.8553 | Seg IoU: 0.9687 | Seg Dice: 0.9841 | 20.6s
2026-04-09 05:41:20 - Epoch [19/100] LR: 7.81e-05/7.81e-04 | Loss: 0.9685 (seg=0.0285, cls=0.4700) | Cls Acc: 0.8257 | Seg IoU: 0.9700 | Seg Dice: 0.9847 | 21.0s
2026-04-09 05:41:40 - Epoch [20/100] LR: 7.76e-05/7.76e-04 | Loss: 0.8446 (seg=0.0283, cls=0.4081) | Cls Acc: 0.8684 | Seg IoU: 0.9691 | Seg Dice: 0.9843 | 19.2s
2026-04-09 05:41:40 - --------------------------------------------------
2026-04-09 05:41:46 - [Test] Cls — Acc: 0.6395 | P(macro): 0.6397 | R(macro): 0.6395 | F1(macro): 0.6394
2026-04-09 05:41:46 - [Test] Seg — Lesion IoU: 0.9636 | Lesion Dice: 0.9815
2026-04-09 05:41:46 - [Test] Classification Report:
              precision    recall  f1-score   support

      benign     0.6452    0.6202    0.6324       129
    no_tumor     0.6343    0.6589    0.6464       129

    accuracy                         0.6395       258
   macro avg     0.6397    0.6395    0.6394       258
weighted avg     0.6397    0.6395    0.6394       258

2026-04-09 05:41:46 - --------------------------------------------------
2026-04-09 05:42:06 - Epoch [21/100] LR: 7.71e-05/7.71e-04 | Loss: 0.8284 (seg=0.0262, cls=0.4011) | Cls Acc: 0.8766 | Seg IoU: 0.9710 | Seg Dice: 0.9853 | 20.7s
2026-04-09 05:42:27 - Epoch [22/100] LR: 7.66e-05/7.66e-04 | Loss: 0.7601 (seg=0.0248, cls=0.3677) | Cls Acc: 0.8947 | Seg IoU: 0.9704 | Seg Dice: 0.9850 | 20.6s
2026-04-09 05:42:47 - Epoch [23/100] LR: 7.60e-05/7.60e-04 | Loss: 0.6908 (seg=0.0236, cls=0.3336) | Cls Acc: 0.9309 | Seg IoU: 0.9708 | Seg Dice: 0.9852 | 20.3s
2026-04-09 05:43:08 - Epoch [24/100] LR: 7.54e-05/7.54e-04 | Loss: 0.7168 (seg=0.0223, cls=0.3472) | Cls Acc: 0.9145 | Seg IoU: 0.9721 | Seg Dice: 0.9859 | 20.6s
2026-04-09 05:43:28 - Epoch [25/100] LR: 7.47e-05/7.47e-04 | Loss: 0.6971 (seg=0.0215, cls=0.3378) | Cls Acc: 0.9112 | Seg IoU: 0.9704 | Seg Dice: 0.9850 | 19.8s
2026-04-09 05:43:28 - --------------------------------------------------
2026-04-09 05:43:34 - [Test] Cls — Acc: 0.6202 | P(macro): 0.6280 | R(macro): 0.6202 | F1(macro): 0.6142
2026-04-09 05:43:34 - [Test] Seg — Lesion IoU: 0.9717 | Lesion Dice: 0.9856
2026-04-09 05:43:34 - [Test] Classification Report:
              precision    recall  f1-score   support

      benign     0.6598    0.4961    0.5664       129
    no_tumor     0.5963    0.7442    0.6621       129

    accuracy                         0.6202       258
   macro avg     0.6280    0.6202    0.6142       258
weighted avg     0.6280    0.6202    0.6142       258

2026-04-09 05:43:34 - --------------------------------------------------
2026-04-09 05:43:55 - Epoch [26/100] LR: 7.40e-05/7.40e-04 | Loss: 0.6891 (seg=0.0218, cls=0.3337) | Cls Acc: 0.9112 | Seg IoU: 0.9694 | Seg Dice: 0.9845 | 21.0s
2026-04-09 05:44:16 - Epoch [27/100] LR: 7.32e-05/7.32e-04 | Loss: 0.6566 (seg=0.0207, cls=0.3179) | Cls Acc: 0.9342 | Seg IoU: 0.9717 | Seg Dice: 0.9856 | 20.8s
2026-04-09 05:44:37 - Epoch [28/100] LR: 7.24e-05/7.24e-04 | Loss: 0.6624 (seg=0.0206, cls=0.3209) | Cls Acc: 0.9309 | Seg IoU: 0.9700 | Seg Dice: 0.9848 | 21.1s
2026-04-09 05:44:58 - Epoch [29/100] LR: 7.16e-05/7.16e-04 | Loss: 0.6156 (seg=0.0199, cls=0.2978) | Cls Acc: 0.9424 | Seg IoU: 0.9713 | Seg Dice: 0.9854 | 20.6s
2026-04-09 05:45:19 - Epoch [30/100] LR: 7.07e-05/7.07e-04 | Loss: 0.6642 (seg=0.0179, cls=0.3231) | Cls Acc: 0.9260 | Seg IoU: 0.9740 | Seg Dice: 0.9868 | 20.8s
2026-04-09 05:45:19 - --------------------------------------------------
2026-04-09 05:45:23 - [Test] Cls — Acc: 0.6589 | P(macro): 0.6621 | R(macro): 0.6589 | F1(macro): 0.6572
2026-04-09 05:45:23 - [Test] Seg — Lesion IoU: 0.9622 | Lesion Dice: 0.9808
2026-04-09 05:45:23 - [Test] Classification Report:
              precision    recall  f1-score   support

      benign     0.6395    0.7287    0.6812       129
    no_tumor     0.6847    0.5891    0.6333       129

    accuracy                         0.6589       258
   macro avg     0.6621    0.6589    0.6572       258
weighted avg     0.6621    0.6589    0.6572       258

2026-04-09 05:45:27 - *** 保存最优模型 (F1: 0.6572, Epoch: 30) ***
2026-04-09 05:45:27 - --------------------------------------------------
2026-04-09 05:45:48 - Epoch [31/100] LR: 6.98e-05/6.98e-04 | Loss: 0.6713 (seg=0.0181, cls=0.3266) | Cls Acc: 0.9260 | Seg IoU: 0.9735 | Seg Dice: 0.9866 | 21.7s
2026-04-09 05:46:09 - Epoch [32/100] LR: 6.89e-05/6.89e-04 | Loss: 0.6155 (seg=0.0165, cls=0.2995) | Cls Acc: 0.9375 | Seg IoU: 0.9760 | Seg Dice: 0.9879 | 20.5s
2026-04-09 05:46:29 - Epoch [33/100] LR: 6.79e-05/6.79e-04 | Loss: 0.6403 (seg=0.0165, cls=0.3119) | Cls Acc: 0.9342 | Seg IoU: 0.9751 | Seg Dice: 0.9874 | 20.6s
2026-04-09 05:46:49 - Epoch [34/100] LR: 6.69e-05/6.69e-04 | Loss: 0.5756 (seg=0.0166, cls=0.2795) | Cls Acc: 0.9556 | Seg IoU: 0.9739 | Seg Dice: 0.9868 | 19.7s
2026-04-09 05:47:10 - Epoch [35/100] LR: 6.59e-05/6.59e-04 | Loss: 0.5914 (seg=0.0154, cls=0.2880) | Cls Acc: 0.9490 | Seg IoU: 0.9764 | Seg Dice: 0.9881 | 21.2s
2026-04-09 05:47:10 - --------------------------------------------------
2026-04-09 05:47:16 - [Test] Cls — Acc: 0.6550 | P(macro): 0.6572 | R(macro): 0.6550 | F1(macro): 0.6539
2026-04-09 05:47:16 - [Test] Seg — Lesion IoU: 0.9739 | Lesion Dice: 0.9868
2026-04-09 05:47:16 - [Test] Classification Report:
              precision    recall  f1-score   support

      benign     0.6754    0.5969    0.6337       129
    no_tumor     0.6389    0.7132    0.6740       129

    accuracy                         0.6550       258
   macro avg     0.6572    0.6550    0.6539       258
weighted avg     0.6572    0.6550    0.6539       258

2026-04-09 05:47:16 - --------------------------------------------------
2026-04-09 05:47:37 - Epoch [36/100] LR: 6.48e-05/6.48e-04 | Loss: 0.5564 (seg=0.0144, cls=0.2710) | Cls Acc: 0.9655 | Seg IoU: 0.9786 | Seg Dice: 0.9892 | 20.2s
2026-04-09 05:47:57 - Epoch [37/100] LR: 6.37e-05/6.37e-04 | Loss: 0.5768 (seg=0.0139, cls=0.2814) | Cls Acc: 0.9490 | Seg IoU: 0.9783 | Seg Dice: 0.9890 | 20.3s
2026-04-09 05:48:18 - Epoch [38/100] LR: 6.25e-05/6.25e-04 | Loss: 0.5692 (seg=0.0143, cls=0.2774) | Cls Acc: 0.9507 | Seg IoU: 0.9780 | Seg Dice: 0.9889 | 21.3s
2026-04-09 05:48:39 - Epoch [39/100] LR: 6.14e-05/6.14e-04 | Loss: 0.5741 (seg=0.0144, cls=0.2798) | Cls Acc: 0.9523 | Seg IoU: 0.9770 | Seg Dice: 0.9884 | 21.1s
2026-04-09 05:49:00 - Epoch [40/100] LR: 6.02e-05/6.02e-04 | Loss: 0.5646 (seg=0.0137, cls=0.2754) | Cls Acc: 0.9539 | Seg IoU: 0.9789 | Seg Dice: 0.9893 | 21.0s
2026-04-09 05:49:00 - --------------------------------------------------
2026-04-09 05:49:05 - [Test] Cls — Acc: 0.6202 | P(macro): 0.6220 | R(macro): 0.6202 | F1(macro): 0.6187
2026-04-09 05:49:05 - [Test] Seg — Lesion IoU: 0.9670 | Lesion Dice: 0.9832
2026-04-09 05:49:05 - [Test] Classification Report:
              precision    recall  f1-score   support

      benign     0.6372    0.5581    0.5950       129
    no_tumor     0.6069    0.6822    0.6423       129

    accuracy                         0.6202       258
   macro avg     0.6220    0.6202    0.6187       258
weighted avg     0.6220    0.6202    0.6187       258

2026-04-09 05:49:05 - --------------------------------------------------
2026-04-09 05:49:26 - Epoch [41/100] LR: 5.90e-05/5.90e-04 | Loss: 0.5543 (seg=0.0133, cls=0.2705) | Cls Acc: 0.9688 | Seg IoU: 0.9770 | Seg Dice: 0.9884 | 20.2s
2026-04-09 05:49:45 - Epoch [42/100] LR: 5.78e-05/5.78e-04 | Loss: 0.5490 (seg=0.0126, cls=0.2682) | Cls Acc: 0.9622 | Seg IoU: 0.9791 | Seg Dice: 0.9894 | 20.0s
2026-04-09 05:50:06 - Epoch [43/100] LR: 5.65e-05/5.65e-04 | Loss: 0.5381 (seg=0.0129, cls=0.2626) | Cls Acc: 0.9688 | Seg IoU: 0.9790 | Seg Dice: 0.9894 | 20.4s
2026-04-09 05:50:27 - Epoch [44/100] LR: 5.52e-05/5.52e-04 | Loss: 0.4830 (seg=0.0129, cls=0.2350) | Cls Acc: 0.9819 | Seg IoU: 0.9782 | Seg Dice: 0.9890 | 21.6s
2026-04-09 05:50:48 - Epoch [45/100] LR: 5.39e-05/5.39e-04 | Loss: 0.5475 (seg=0.0201, cls=0.2637) | Cls Acc: 0.9688 | Seg IoU: 0.9615 | Seg Dice: 0.9803 | 20.4s
2026-04-09 05:50:48 - --------------------------------------------------
2026-04-09 05:50:53 - [Test] Cls — Acc: 0.6008 | P(macro): 0.6078 | R(macro): 0.6008 | F1(macro): 0.5941
2026-04-09 05:50:53 - [Test] Seg — Lesion IoU: 0.8907 | Lesion Dice: 0.9421
2026-04-09 05:50:53 - [Test] Classification Report:
              precision    recall  f1-score   support

      benign     0.6354    0.4729    0.5422       129
    no_tumor     0.5802    0.7287    0.6460       129

    accuracy                         0.6008       258
   macro avg     0.6078    0.6008    0.5941       258
weighted avg     0.6078    0.6008    0.5941       258

2026-04-09 05:50:53 - --------------------------------------------------
2026-04-09 05:51:14 - Epoch [46/100] LR: 5.26e-05/5.26e-04 | Loss: 0.5567 (seg=0.0264, cls=0.2651) | Cls Acc: 0.9737 | Seg IoU: 0.9478 | Seg Dice: 0.9729 | 20.9s
2026-04-09 05:51:34 - Epoch [47/100] LR: 5.13e-05/5.13e-04 | Loss: 0.5417 (seg=0.0141, cls=0.2638) | Cls Acc: 0.9671 | Seg IoU: 0.9737 | Seg Dice: 0.9867 | 20.4s
2026-04-09 05:51:55 - Epoch [48/100] LR: 5.00e-05/5.00e-04 | Loss: 0.5155 (seg=0.0158, cls=0.2499) | Cls Acc: 0.9770 | Seg IoU: 0.9676 | Seg Dice: 0.9835 | 20.6s
2026-04-09 05:52:16 - Epoch [49/100] LR: 4.86e-05/4.86e-04 | Loss: 0.5145 (seg=0.0109, cls=0.2518) | Cls Acc: 0.9704 | Seg IoU: 0.9808 | Seg Dice: 0.9903 | 21.5s
2026-04-09 05:52:37 - Epoch [50/100] LR: 4.73e-05/4.73e-04 | Loss: 0.4754 (seg=0.0099, cls=0.2328) | Cls Acc: 0.9836 | Seg IoU: 0.9827 | Seg Dice: 0.9913 | 21.2s
2026-04-09 05:52:37 - --------------------------------------------------
2026-04-09 05:52:44 - [Test] Cls — Acc: 0.6357 | P(macro): 0.6384 | R(macro): 0.6357 | F1(macro): 0.6339
2026-04-09 05:52:44 - [Test] Seg — Lesion IoU: 0.9803 | Lesion Dice: 0.9900
2026-04-09 05:52:44 - [Test] Classification Report:
              precision    recall  f1-score   support

      benign     0.6577    0.5659    0.6083       129
    no_tumor     0.6190    0.7054    0.6594       129

    accuracy                         0.6357       258
   macro avg     0.6384    0.6357    0.6339       258
weighted avg     0.6384    0.6357    0.6339       258

2026-04-09 05:52:44 - --------------------------------------------------
2026-04-09 05:53:05 - Epoch [51/100] LR: 4.59e-05/4.59e-04 | Loss: 0.5025 (seg=0.0094, cls=0.2465) | Cls Acc: 0.9704 | Seg IoU: 0.9832 | Seg Dice: 0.9915 | 21.0s
2026-04-09 05:53:25 - Epoch [52/100] LR: 4.45e-05/4.45e-04 | Loss: 0.5050 (seg=0.0092, cls=0.2479) | Cls Acc: 0.9737 | Seg IoU: 0.9834 | Seg Dice: 0.9916 | 20.0s
2026-04-09 05:53:44 - Epoch [53/100] LR: 4.32e-05/4.32e-04 | Loss: 0.4977 (seg=0.0090, cls=0.2443) | Cls Acc: 0.9803 | Seg IoU: 0.9833 | Seg Dice: 0.9916 | 19.6s
2026-04-09 05:54:05 - Epoch [54/100] LR: 4.18e-05/4.18e-04 | Loss: 0.4838 (seg=0.0086, cls=0.2376) | Cls Acc: 0.9819 | Seg IoU: 0.9846 | Seg Dice: 0.9923 | 20.4s
2026-04-09 05:54:24 - Epoch [55/100] LR: 4.04e-05/4.04e-04 | Loss: 0.4827 (seg=0.0082, cls=0.2373) | Cls Acc: 0.9836 | Seg IoU: 0.9852 | Seg Dice: 0.9925 | 19.3s
2026-04-09 05:54:24 - --------------------------------------------------
2026-04-09 05:54:30 - [Test] Cls — Acc: 0.6202 | P(macro): 0.6220 | R(macro): 0.6202 | F1(macro): 0.6187
2026-04-09 05:54:30 - [Test] Seg — Lesion IoU: 0.9834 | Lesion Dice: 0.9916
2026-04-09 05:54:30 - [Test] Classification Report:
              precision    recall  f1-score   support

      benign     0.6372    0.5581    0.5950       129
    no_tumor     0.6069    0.6822    0.6423       129

    accuracy                         0.6202       258
   macro avg     0.6220    0.6202    0.6187       258
weighted avg     0.6220    0.6202    0.6187       258

2026-04-09 05:54:30 - --------------------------------------------------
2026-04-09 05:54:51 - Epoch [56/100] LR: 3.90e-05/3.90e-04 | Loss: 0.4506 (seg=0.0079, cls=0.2213) | Cls Acc: 0.9885 | Seg IoU: 0.9856 | Seg Dice: 0.9927 | 20.7s
2026-04-09 05:55:12 - Epoch [57/100] LR: 3.76e-05/3.76e-04 | Loss: 0.4748 (seg=0.0079, cls=0.2335) | Cls Acc: 0.9803 | Seg IoU: 0.9857 | Seg Dice: 0.9928 | 20.4s
2026-04-09 05:55:31 - Epoch [58/100] LR: 3.63e-05/3.63e-04 | Loss: 0.4555 (seg=0.0074, cls=0.2240) | Cls Acc: 0.9868 | Seg IoU: 0.9861 | Seg Dice: 0.9930 | 19.6s
2026-04-09 05:55:51 - Epoch [59/100] LR: 3.49e-05/3.49e-04 | Loss: 0.4213 (seg=0.0072, cls=0.2071) | Cls Acc: 0.9984 | Seg IoU: 0.9870 | Seg Dice: 0.9935 | 19.9s
2026-04-09 05:56:11 - Epoch [60/100] LR: 3.35e-05/3.35e-04 | Loss: 0.4621 (seg=0.0071, cls=0.2275) | Cls Acc: 0.9868 | Seg IoU: 0.9868 | Seg Dice: 0.9934 | 20.0s
2026-04-09 05:56:11 - --------------------------------------------------
2026-04-09 05:56:18 - [Test] Cls — Acc: 0.6318 | P(macro): 0.6324 | R(macro): 0.6318 | F1(macro): 0.6313
2026-04-09 05:56:18 - [Test] Seg — Lesion IoU: 0.9851 | Lesion Dice: 0.9925
2026-04-09 05:56:18 - [Test] Classification Report:
              precision    recall  f1-score   support

      benign     0.6417    0.5969    0.6185       129
    no_tumor     0.6232    0.6667    0.6442       129

    accuracy                         0.6318       258
   macro avg     0.6324    0.6318    0.6313       258
weighted avg     0.6324    0.6318    0.6313       258

2026-04-09 05:56:18 - --------------------------------------------------
2026-04-09 05:56:38 - Epoch [61/100] LR: 3.22e-05/3.22e-04 | Loss: 0.4518 (seg=0.0069, cls=0.2225) | Cls Acc: 0.9868 | Seg IoU: 0.9873 | Seg Dice: 0.9936 | 20.1s
2026-04-09 05:56:58 - Epoch [62/100] LR: 3.08e-05/3.08e-04 | Loss: 0.4250 (seg=0.0066, cls=0.2092) | Cls Acc: 0.9951 | Seg IoU: 0.9878 | Seg Dice: 0.9939 | 20.5s
2026-04-09 05:57:18 - Epoch [63/100] LR: 2.95e-05/2.95e-04 | Loss: 0.4569 (seg=0.0065, cls=0.2252) | Cls Acc: 0.9885 | Seg IoU: 0.9878 | Seg Dice: 0.9939 | 20.0s
2026-04-09 05:57:39 - Epoch [64/100] LR: 2.82e-05/2.82e-04 | Loss: 0.4602 (seg=0.0064, cls=0.2269) | Cls Acc: 0.9885 | Seg IoU: 0.9878 | Seg Dice: 0.9938 | 20.7s
2026-04-09 05:57:59 - Epoch [65/100] LR: 2.69e-05/2.69e-04 | Loss: 0.4563 (seg=0.0060, cls=0.2251) | Cls Acc: 0.9885 | Seg IoU: 0.9889 | Seg Dice: 0.9944 | 19.8s
2026-04-09 05:57:59 - --------------------------------------------------
2026-04-09 05:58:05 - [Test] Cls — Acc: 0.6318 | P(macro): 0.6322 | R(macro): 0.6318 | F1(macro): 0.6315
2026-04-09 05:58:05 - [Test] Seg — Lesion IoU: 0.9869 | Lesion Dice: 0.9934
2026-04-09 05:58:05 - [Test] Classification Report:
              precision    recall  f1-score   support

      benign     0.6393    0.6047    0.6215       129
    no_tumor     0.6250    0.6589    0.6415       129

    accuracy                         0.6318       258
   macro avg     0.6322    0.6318    0.6315       258
weighted avg     0.6322    0.6318    0.6315       258

2026-04-09 05:58:05 - --------------------------------------------------
2026-04-09 05:58:26 - Epoch [66/100] LR: 2.56e-05/2.56e-04 | Loss: 0.4428 (seg=0.0060, cls=0.2184) | Cls Acc: 0.9868 | Seg IoU: 0.9887 | Seg Dice: 0.9943 | 20.3s
2026-04-09 05:58:46 - Epoch [67/100] LR: 2.43e-05/2.43e-04 | Loss: 0.4265 (seg=0.0060, cls=0.2103) | Cls Acc: 0.9934 | Seg IoU: 0.9888 | Seg Dice: 0.9943 | 20.8s
2026-04-09 05:59:07 - Epoch [68/100] LR: 2.30e-05/2.30e-04 | Loss: 0.4226 (seg=0.0056, cls=0.2085) | Cls Acc: 0.9951 | Seg IoU: 0.9897 | Seg Dice: 0.9948 | 20.8s
2026-04-09 05:59:28 - Epoch [69/100] LR: 2.18e-05/2.18e-04 | Loss: 0.4444 (seg=0.0056, cls=0.2194) | Cls Acc: 0.9901 | Seg IoU: 0.9894 | Seg Dice: 0.9947 | 20.9s
2026-04-09 05:59:48 - Epoch [70/100] LR: 2.06e-05/2.06e-04 | Loss: 0.4185 (seg=0.0053, cls=0.2066) | Cls Acc: 0.9984 | Seg IoU: 0.9901 | Seg Dice: 0.9950 | 20.1s
2026-04-09 05:59:48 - --------------------------------------------------
2026-04-09 05:59:54 - [Test] Cls — Acc: 0.6163 | P(macro): 0.6165 | R(macro): 0.6163 | F1(macro): 0.6161
2026-04-09 05:59:54 - [Test] Seg — Lesion IoU: 0.9905 | Lesion Dice: 0.9952
2026-04-09 05:59:54 - [Test] Classification Report:
              precision    recall  f1-score   support

      benign     0.6210    0.5969    0.6087       129
    no_tumor     0.6119    0.6357    0.6236       129

    accuracy                         0.6163       258
   macro avg     0.6165    0.6163    0.6161       258
weighted avg     0.6165    0.6163    0.6161       258

2026-04-09 05:59:54 - --------------------------------------------------
2026-04-09 06:00:16 - Epoch [71/100] LR: 1.94e-05/1.94e-04 | Loss: 0.4191 (seg=0.0053, cls=0.2069) | Cls Acc: 0.9967 | Seg IoU: 0.9899 | Seg Dice: 0.9949 | 21.3s
2026-04-09 06:00:37 - Epoch [72/100] LR: 1.83e-05/1.83e-04 | Loss: 0.4381 (seg=0.0052, cls=0.2165) | Cls Acc: 0.9918 | Seg IoU: 0.9903 | Seg Dice: 0.9951 | 21.5s
2026-04-09 06:00:58 - Epoch [73/100] LR: 1.71e-05/1.71e-04 | Loss: 0.4281 (seg=0.0049, cls=0.2116) | Cls Acc: 0.9951 | Seg IoU: 0.9910 | Seg Dice: 0.9955 | 20.7s
2026-04-09 06:01:19 - Epoch [74/100] LR: 1.60e-05/1.60e-04 | Loss: 0.4526 (seg=0.0050, cls=0.2238) | Cls Acc: 0.9885 | Seg IoU: 0.9905 | Seg Dice: 0.9952 | 20.6s
2026-04-09 06:01:39 - Epoch [75/100] LR: 1.49e-05/1.49e-04 | Loss: 0.4273 (seg=0.0048, cls=0.2113) | Cls Acc: 0.9934 | Seg IoU: 0.9911 | Seg Dice: 0.9955 | 20.6s
2026-04-09 06:01:39 - --------------------------------------------------
2026-04-09 06:01:44 - [Test] Cls — Acc: 0.6047 | P(macro): 0.6049 | R(macro): 0.6047 | F1(macro): 0.6044
2026-04-09 06:01:44 - [Test] Seg — Lesion IoU: 0.9909 | Lesion Dice: 0.9954
2026-04-09 06:01:44 - [Test] Classification Report:
              precision    recall  f1-score   support

      benign     0.6098    0.5814    0.5952       129
    no_tumor     0.6000    0.6279    0.6136       129

    accuracy                         0.6047       258
   macro avg     0.6049    0.6047    0.6044       258
weighted avg     0.6049    0.6047    0.6044       258

2026-04-09 06:01:44 - --------------------------------------------------
2026-04-09 06:02:05 - Epoch [76/100] LR: 1.39e-05/1.39e-04 | Loss: 0.4452 (seg=0.0045, cls=0.2204) | Cls Acc: 0.9868 | Seg IoU: 0.9916 | Seg Dice: 0.9958 | 20.7s
2026-04-09 06:02:24 - Epoch [77/100] LR: 1.29e-05/1.29e-04 | Loss: 0.4335 (seg=0.0046, cls=0.2144) | Cls Acc: 0.9934 | Seg IoU: 0.9915 | Seg Dice: 0.9957 | 19.9s
2026-04-09 06:02:45 - Epoch [78/100] LR: 1.19e-05/1.19e-04 | Loss: 0.4337 (seg=0.0046, cls=0.2145) | Cls Acc: 0.9934 | Seg IoU: 0.9913 | Seg Dice: 0.9956 | 20.8s
2026-04-09 06:03:06 - Epoch [79/100] LR: 1.10e-05/1.10e-04 | Loss: 0.4119 (seg=0.0046, cls=0.2036) | Cls Acc: 0.9984 | Seg IoU: 0.9915 | Seg Dice: 0.9957 | 21.1s
2026-04-09 06:03:28 - Epoch [80/100] LR: 1.01e-05/1.01e-04 | Loss: 0.4154 (seg=0.0044, cls=0.2055) | Cls Acc: 0.9967 | Seg IoU: 0.9920 | Seg Dice: 0.9960 | 21.4s
2026-04-09 06:03:28 - --------------------------------------------------
2026-04-09 06:03:34 - [Test] Cls — Acc: 0.6163 | P(macro): 0.6189 | R(macro): 0.6163 | F1(macro): 0.6142
2026-04-09 06:03:34 - [Test] Seg — Lesion IoU: 0.9913 | Lesion Dice: 0.9956
2026-04-09 06:03:34 - [Test] Classification Report:
              precision    recall  f1-score   support

      benign     0.6364    0.5426    0.5858       129
    no_tumor     0.6014    0.6899    0.6426       129

    accuracy                         0.6163       258
   macro avg     0.6189    0.6163    0.6142       258
weighted avg     0.6189    0.6163    0.6142       258

2026-04-09 06:03:34 - --------------------------------------------------
2026-04-09 06:03:54 - Epoch [81/100] LR: 9.19e-06/9.19e-05 | Loss: 0.4297 (seg=0.0043, cls=0.2127) | Cls Acc: 0.9934 | Seg IoU: 0.9921 | Seg Dice: 0.9960 | 19.6s
2026-04-09 06:04:14 - Epoch [82/100] LR: 8.36e-06/8.36e-05 | Loss: 0.4140 (seg=0.0045, cls=0.2048) | Cls Acc: 0.9984 | Seg IoU: 0.9916 | Seg Dice: 0.9958 | 20.2s
2026-04-09 06:04:36 - Epoch [83/100] LR: 7.57e-06/7.57e-05 | Loss: 0.4292 (seg=0.0044, cls=0.2124) | Cls Acc: 0.9951 | Seg IoU: 0.9917 | Seg Dice: 0.9958 | 22.6s
2026-04-09 06:05:00 - Epoch [84/100] LR: 6.82e-06/6.82e-05 | Loss: 0.4181 (seg=0.0043, cls=0.2069) | Cls Acc: 0.9984 | Seg IoU: 0.9921 | Seg Dice: 0.9960 | 23.1s
2026-04-09 06:05:22 - Epoch [85/100] LR: 6.11e-06/6.11e-05 | Loss: 0.4263 (seg=0.0042, cls=0.2111) | Cls Acc: 0.9951 | Seg IoU: 0.9922 | Seg Dice: 0.9961 | 22.8s
2026-04-09 06:05:22 - --------------------------------------------------
2026-04-09 06:05:29 - [Test] Cls — Acc: 0.6163 | P(macro): 0.6175 | R(macro): 0.6163 | F1(macro): 0.6153
2026-04-09 06:05:29 - [Test] Seg — Lesion IoU: 0.9921 | Lesion Dice: 0.9960
2026-04-09 06:05:29 - [Test] Classification Report:
              precision    recall  f1-score   support

      benign     0.6293    0.5659    0.5959       129
    no_tumor     0.6056    0.6667    0.6347       129

    accuracy                         0.6163       258
   macro avg     0.6175    0.6163    0.6153       258
weighted avg     0.6175    0.6163    0.6153       258

2026-04-09 06:05:29 - --------------------------------------------------
2026-04-09 06:05:52 - Epoch [86/100] LR: 5.44e-06/5.44e-05 | Loss: 0.4203 (seg=0.0043, cls=0.2080) | Cls Acc: 0.9967 | Seg IoU: 0.9921 | Seg Dice: 0.9960 | 23.0s
2026-04-09 06:06:13 - Epoch [87/100] LR: 4.81e-06/4.81e-05 | Loss: 0.4296 (seg=0.0042, cls=0.2127) | Cls Acc: 0.9951 | Seg IoU: 0.9922 | Seg Dice: 0.9961 | 21.0s
2026-04-09 06:06:35 - Epoch [88/100] LR: 4.22e-06/4.22e-05 | Loss: 0.4191 (seg=0.0043, cls=0.2074) | Cls Acc: 0.9967 | Seg IoU: 0.9921 | Seg Dice: 0.9960 | 22.2s
2026-04-09 06:06:58 - Epoch [89/100] LR: 3.68e-06/3.68e-05 | Loss: 0.4173 (seg=0.0040, cls=0.2066) | Cls Acc: 0.9951 | Seg IoU: 0.9925 | Seg Dice: 0.9963 | 22.8s
2026-04-09 06:07:20 - Epoch [90/100] LR: 3.19e-06/3.19e-05 | Loss: 0.4168 (seg=0.0041, cls=0.2064) | Cls Acc: 0.9967 | Seg IoU: 0.9925 | Seg Dice: 0.9962 | 21.7s
2026-04-09 06:07:20 - --------------------------------------------------
2026-04-09 06:07:27 - [Test] Cls — Acc: 0.6047 | P(macro): 0.6059 | R(macro): 0.6047 | F1(macro): 0.6035
2026-04-09 06:07:27 - [Test] Seg — Lesion IoU: 0.9927 | Lesion Dice: 0.9963
2026-04-09 06:07:27 - [Test] Classification Report:
              precision    recall  f1-score   support

      benign     0.6174    0.5504    0.5820       129
    no_tumor     0.5944    0.6589    0.6250       129

    accuracy                         0.6047       258
   macro avg     0.6059    0.6047    0.6035       258
weighted avg     0.6059    0.6047    0.6035       258

2026-04-09 06:07:27 - --------------------------------------------------
2026-04-09 06:07:49 - Epoch [91/100] LR: 2.74e-06/2.74e-05 | Loss: 0.4211 (seg=0.0041, cls=0.2085) | Cls Acc: 0.9934 | Seg IoU: 0.9925 | Seg Dice: 0.9962 | 22.3s
2026-04-09 06:08:09 - Epoch [92/100] LR: 2.33e-06/2.33e-05 | Loss: 0.4210 (seg=0.0040, cls=0.2085) | Cls Acc: 0.9967 | Seg IoU: 0.9926 | Seg Dice: 0.9963 | 20.4s
2026-04-09 06:08:30 - Epoch [93/100] LR: 1.98e-06/1.98e-05 | Loss: 0.4130 (seg=0.0041, cls=0.2044) | Cls Acc: 0.9984 | Seg IoU: 0.9923 | Seg Dice: 0.9962 | 20.6s
2026-04-09 06:08:51 - Epoch [94/100] LR: 1.67e-06/1.67e-05 | Loss: 0.4266 (seg=0.0040, cls=0.2113) | Cls Acc: 0.9934 | Seg IoU: 0.9926 | Seg Dice: 0.9963 | 21.1s
2026-04-09 06:09:12 - Epoch [95/100] LR: 1.40e-06/1.40e-05 | Loss: 0.4153 (seg=0.0040, cls=0.2057) | Cls Acc: 0.9984 | Seg IoU: 0.9927 | Seg Dice: 0.9963 | 20.6s
2026-04-09 06:09:12 - --------------------------------------------------
2026-04-09 06:09:18 - [Test] Cls — Acc: 0.6047 | P(macro): 0.6059 | R(macro): 0.6047 | F1(macro): 0.6035
2026-04-09 06:09:18 - [Test] Seg — Lesion IoU: 0.9928 | Lesion Dice: 0.9964
2026-04-09 06:09:18 - [Test] Classification Report:
              precision    recall  f1-score   support

      benign     0.6174    0.5504    0.5820       129
    no_tumor     0.5944    0.6589    0.6250       129

    accuracy                         0.6047       258
   macro avg     0.6059    0.6047    0.6035       258
weighted avg     0.6059    0.6047    0.6035       258

2026-04-09 06:09:18 - --------------------------------------------------
2026-04-09 06:09:38 - Epoch [96/100] LR: 1.19e-06/1.19e-05 | Loss: 0.4448 (seg=0.0039, cls=0.2204) | Cls Acc: 0.9901 | Seg IoU: 0.9930 | Seg Dice: 0.9965 | 20.5s
2026-04-09 06:09:58 - Epoch [97/100] LR: 1.02e-06/1.02e-05 | Loss: 0.4217 (seg=0.0039, cls=0.2089) | Cls Acc: 0.9967 | Seg IoU: 0.9927 | Seg Dice: 0.9963 | 19.6s
2026-04-09 06:10:16 - Epoch [98/100] LR: 8.96e-07/8.96e-06 | Loss: 0.4130 (seg=0.0040, cls=0.2045) | Cls Acc: 0.9984 | Seg IoU: 0.9925 | Seg Dice: 0.9962 | 18.3s
2026-04-09 06:10:27 - Epoch [99/100] LR: 8.24e-07/8.24e-06 | Loss: 0.4299 (seg=0.0040, cls=0.2129) | Cls Acc: 0.9934 | Seg IoU: 0.9925 | Seg Dice: 0.9963 | 11.0s
2026-04-09 06:10:38 - Epoch [100/100] LR: 8.00e-07/8.00e-06 | Loss: 0.4233 (seg=0.0040, cls=0.2097) | Cls Acc: 0.9967 | Seg IoU: 0.9926 | Seg Dice: 0.9963 | 10.9s
2026-04-09 06:10:38 - --------------------------------------------------
2026-04-09 06:10:42 - [Test] Cls — Acc: 0.6163 | P(macro): 0.6189 | R(macro): 0.6163 | F1(macro): 0.6142
2026-04-09 06:10:42 - [Test] Seg — Lesion IoU: 0.9928 | Lesion Dice: 0.9964
2026-04-09 06:10:42 - [Test] Classification Report:
              precision    recall  f1-score   support

      benign     0.6364    0.5426    0.5858       129
    no_tumor     0.6014    0.6899    0.6426       129

    accuracy                         0.6163       258
   macro avg     0.6189    0.6163    0.6142       258
weighted avg     0.6189    0.6163    0.6142       258

2026-04-09 06:10:42 - --------------------------------------------------
2026-04-09 06:10:42 - 
======================================================================
2026-04-09 06:10:42 - 训练完成! 最优模型: Epoch 30, F1: 0.6572
2026-04-09 06:10:42 - ======================================================================
2026-04-09 06:10:42 - 
加载最优权重进行最终测试...
2026-04-09 06:10:42 - ======================================================================
2026-04-09 06:10:42 - 最终测试结果 (最优权重, threshold=0.5)
2026-04-09 06:10:42 - ======================================================================
2026-04-09 06:10:46 - [Final Test] Cls — Acc: 0.6589 | P(macro): 0.6621 | R(macro): 0.6589 | F1(macro): 0.6572
2026-04-09 06:10:46 - [Final Test] Seg — Lesion IoU: 0.9622 | Lesion Dice: 0.9808
2026-04-09 06:10:46 - [Final Test] Classification Report:
              precision    recall  f1-score   support

      benign     0.6395    0.7287    0.6812       129
    no_tumor     0.6847    0.5891    0.6333       129

    accuracy                         0.6589       258
   macro avg     0.6621    0.6589    0.6572       258
weighted avg     0.6621    0.6589    0.6572       258

2026-04-09 06:10:46 - 
======================================================================
2026-04-09 06:10:46 - 阈值优化搜索
2026-04-09 06:10:46 - ======================================================================
2026-04-09 06:10:49 - 最优阈值: 0.475 (F1: 0.6647 vs 默认0.5 F1: 0.6572)
2026-04-09 06:10:53 - [Final Test (最优阈值)] Threshold: 0.475 | Acc: 0.6667 | P(macro): 0.6708 | R(macro): 0.6667 | F1(macro): 0.6647
2026-04-09 06:10:53 - [Final Test (最优阈值)] Classification Report:
              precision    recall  f1-score   support

      benign     0.6443    0.7442    0.6906       129
    no_tumor     0.6972    0.5891    0.6387       129

    accuracy                         0.6667       258
   macro avg     0.6708    0.6667    0.6647       258
weighted avg     0.6708    0.6667    0.6647       258

2026-04-09 06:10:53 - 训练脚本已复制到: /data1/ouyangxinglong/GBP-Cascade/0408/logs/20260408_task2_SwinV2Tiny_segcls_21b/20260408_task2_SwinV2Tiny_segcls_21b.py
