2026-03-23 10:56:27 - ============================================================
2026-03-23 10:56:27 - 实验名称: 20260323_task2_ConvNeXtTiny_balanced_focal_11
2026-03-23 10:56:27 - 任务: Task 2 - 良性肿瘤(0) vs 非肿瘤性息肉(1)
2026-03-23 10:56:27 - 模型: ConvNeXt-Tiny (ImageNet, 4ch, dropout=0.3)
2026-03-23 10:56:27 - 修改: 全图4ch + FocalLoss + WeightedSampler + 强增强 + 阈值优化 + 100ep
2026-03-23 10:56:27 - 输入通道: 4
2026-03-23 10:56:27 - 图像尺寸: train Full_img → StrongSync(RRC+Rot20+Shear+ColorJitter+Blur+Erase+Noise) + mask, test Full_img → Resize320 + mask
2026-03-23 10:56:27 - Batch Size: 8
2026-03-23 10:56:27 - Backbone LR: 5e-05
2026-03-23 10:56:27 - Head LR: 0.0005
2026-03-23 10:56:27 - Weight Decay: 0.05
2026-03-23 10:56:27 - Warmup Epochs: 8
2026-03-23 10:56:27 - Min LR Ratio: 0.01
2026-03-23 10:56:27 - Label Smoothing: 0.0
2026-03-23 10:56:27 - Seed: 42
2026-03-23 10:56:27 - Epochs: 100
2026-03-23 10:56:27 - Grad Clip: 1.0
2026-03-23 10:56:27 - 设备: cuda
2026-03-23 10:56:27 - ============================================================
2026-03-23 10:56:27 - 训练集: 1229 张 (benign=309, no_tumor=920)
2026-03-23 10:56:27 - 测试集: 523 张 (benign=129, no_tumor=394)
2026-03-23 10:56:30 - 模型参数量: 27,823,202
2026-03-23 10:56:30 - 可训练参数量: 27,823,202
2026-03-23 10:56:30 - 类别权重: benign=1.9887, no_tumor=0.6679
2026-03-23 10:56:30 - 损失函数: FocalLoss(gamma=2, class_weight) + BalancedSampler
2026-03-23 10:56:30 - 
============================================================
2026-03-23 10:56:30 - 开始训练
2026-03-23 10:56:30 - ============================================================
2026-03-23 10:56:38 - Epoch [1/100] LR(backbone/head): 6.250000e-06/6.250000e-05 | WarmupCosineFactor: 0.1250 | Loss: 0.2075 | Train Acc: 0.5270 | Time: 7.3s
2026-03-23 10:56:44 - Epoch [2/100] LR(backbone/head): 1.250000e-05/1.250000e-04 | WarmupCosineFactor: 0.2500 | Loss: 0.1937 | Train Acc: 0.5466 | Time: 6.3s
2026-03-23 10:56:50 - Epoch [3/100] LR(backbone/head): 1.875000e-05/1.875000e-04 | WarmupCosineFactor: 0.3750 | Loss: 0.1853 | Train Acc: 0.5596 | Time: 6.2s
2026-03-23 10:56:56 - Epoch [4/100] LR(backbone/head): 2.500000e-05/2.500000e-04 | WarmupCosineFactor: 0.5000 | Loss: 0.1764 | Train Acc: 0.5972 | Time: 6.4s
2026-03-23 10:57:03 - Epoch [5/100] LR(backbone/head): 3.125000e-05/3.125000e-04 | WarmupCosineFactor: 0.6250 | Loss: 0.1672 | Train Acc: 0.6446 | Time: 6.5s
2026-03-23 10:57:03 - ----------------------------------------
2026-03-23 10:57:05 - [Test] Acc: 0.4799 | Precision(macro): 0.5892 | Recall(macro): 0.6027 | F1(macro): 0.4778
2026-03-23 10:57:05 - [Test] Classification Report:
              precision    recall  f1-score   support

      benign     0.3019    0.8450    0.4449       129
    no_tumor     0.8765    0.3604    0.5108       394

    accuracy                         0.4799       523
   macro avg     0.5892    0.6027    0.4778       523
weighted avg     0.7348    0.4799    0.4945       523

2026-03-23 10:57:05 - *** 保存最优模型 (F1: 0.4778, Epoch: 5) ***
2026-03-23 10:57:05 - ----------------------------------------
2026-03-23 10:57:11 - Epoch [6/100] LR(backbone/head): 3.750000e-05/3.750000e-04 | WarmupCosineFactor: 0.7500 | Loss: 0.1584 | Train Acc: 0.6928 | Time: 6.2s
2026-03-23 10:57:17 - Epoch [7/100] LR(backbone/head): 4.375000e-05/4.375000e-04 | WarmupCosineFactor: 0.8750 | Loss: 0.1510 | Train Acc: 0.7263 | Time: 6.1s
2026-03-23 10:57:24 - Epoch [8/100] LR(backbone/head): 5.000000e-05/5.000000e-04 | WarmupCosineFactor: 1.0000 | Loss: 0.1461 | Train Acc: 0.7549 | Time: 6.5s
2026-03-23 10:57:30 - Epoch [9/100] LR(backbone/head): 4.998557e-05/4.998557e-04 | WarmupCosineFactor: 0.9997 | Loss: 0.1414 | Train Acc: 0.7623 | Time: 6.4s
2026-03-23 10:57:36 - Epoch [10/100] LR(backbone/head): 4.994230e-05/4.994230e-04 | WarmupCosineFactor: 0.9988 | Loss: 0.1107 | Train Acc: 0.8227 | Time: 6.3s
2026-03-23 10:57:36 - ----------------------------------------
2026-03-23 10:57:38 - [Test] Acc: 0.6405 | Precision(macro): 0.5655 | Recall(macro): 0.5789 | F1(macro): 0.5658
2026-03-23 10:57:38 - [Test] Classification Report:
              precision    recall  f1-score   support

      benign     0.3333    0.4574    0.3856       129
    no_tumor     0.7977    0.7005    0.7459       394

    accuracy                         0.6405       523
   macro avg     0.5655    0.5789    0.5658       523
weighted avg     0.6832    0.6405    0.6571       523

2026-03-23 10:57:39 - *** 保存最优模型 (F1: 0.5658, Epoch: 10) ***
2026-03-23 10:57:39 - ----------------------------------------
2026-03-23 10:57:45 - Epoch [11/100] LR(backbone/head): 4.987024e-05/4.987024e-04 | WarmupCosineFactor: 0.9974 | Loss: 0.1112 | Train Acc: 0.8587 | Time: 6.2s
2026-03-23 10:57:51 - Epoch [12/100] LR(backbone/head): 4.976948e-05/4.976948e-04 | WarmupCosineFactor: 0.9954 | Loss: 0.1008 | Train Acc: 0.8824 | Time: 6.3s
2026-03-23 10:57:58 - Epoch [13/100] LR(backbone/head): 4.964012e-05/4.964012e-04 | WarmupCosineFactor: 0.9928 | Loss: 0.1142 | Train Acc: 0.8750 | Time: 6.3s
2026-03-23 10:58:04 - Epoch [14/100] LR(backbone/head): 4.948233e-05/4.948233e-04 | WarmupCosineFactor: 0.9896 | Loss: 0.0999 | Train Acc: 0.8971 | Time: 6.3s
2026-03-23 10:58:10 - Epoch [15/100] LR(backbone/head): 4.929629e-05/4.929629e-04 | WarmupCosineFactor: 0.9859 | Loss: 0.0919 | Train Acc: 0.9060 | Time: 6.2s
2026-03-23 10:58:10 - ----------------------------------------
2026-03-23 10:58:12 - [Test] Acc: 0.6845 | Precision(macro): 0.5902 | Recall(macro): 0.5977 | F1(macro): 0.5930
2026-03-23 10:58:12 - [Test] Classification Report:
              precision    recall  f1-score   support

      benign     0.3767    0.4264    0.4000       129
    no_tumor     0.8037    0.7690    0.7860       394

    accuracy                         0.6845       523
   macro avg     0.5902    0.5977    0.5930       523
weighted avg     0.6984    0.6845    0.6908       523

2026-03-23 10:58:12 - *** 保存最优模型 (F1: 0.5930, Epoch: 15) ***
2026-03-23 10:58:12 - ----------------------------------------
2026-03-23 10:58:19 - Epoch [16/100] LR(backbone/head): 4.908220e-05/4.908220e-04 | WarmupCosineFactor: 0.9816 | Loss: 0.0836 | Train Acc: 0.9240 | Time: 6.2s
2026-03-23 10:58:25 - Epoch [17/100] LR(backbone/head): 4.884033e-05/4.884033e-04 | WarmupCosineFactor: 0.9768 | Loss: 0.0569 | Train Acc: 0.9338 | Time: 6.3s
2026-03-23 10:58:31 - Epoch [18/100] LR(backbone/head): 4.857096e-05/4.857096e-04 | WarmupCosineFactor: 0.9714 | Loss: 0.0684 | Train Acc: 0.9461 | Time: 6.2s
2026-03-23 10:58:37 - Epoch [19/100] LR(backbone/head): 4.827439e-05/4.827439e-04 | WarmupCosineFactor: 0.9655 | Loss: 0.0756 | Train Acc: 0.9412 | Time: 6.2s
2026-03-23 10:58:44 - Epoch [20/100] LR(backbone/head): 4.795098e-05/4.795098e-04 | WarmupCosineFactor: 0.9590 | Loss: 0.0647 | Train Acc: 0.9502 | Time: 6.3s
2026-03-23 10:58:44 - ----------------------------------------
2026-03-23 10:58:45 - [Test] Acc: 0.6845 | Precision(macro): 0.5782 | Recall(macro): 0.5794 | F1(macro): 0.5788
2026-03-23 10:58:45 - [Test] Classification Report:
              precision    recall  f1-score   support

      benign     0.3636    0.3721    0.3678       129
    no_tumor     0.7928    0.7868    0.7898       394

    accuracy                         0.6845       523
   macro avg     0.5782    0.5794    0.5788       523
weighted avg     0.6870    0.6845    0.6857       523

2026-03-23 10:58:45 - ----------------------------------------
2026-03-23 10:58:51 - Epoch [21/100] LR(backbone/head): 4.760110e-05/4.760110e-04 | WarmupCosineFactor: 0.9520 | Loss: 0.0827 | Train Acc: 0.9461 | Time: 6.3s
2026-03-23 10:58:58 - Epoch [22/100] LR(backbone/head): 4.722516e-05/4.722516e-04 | WarmupCosineFactor: 0.9445 | Loss: 0.0590 | Train Acc: 0.9583 | Time: 6.3s
2026-03-23 10:59:04 - Epoch [23/100] LR(backbone/head): 4.682360e-05/4.682360e-04 | WarmupCosineFactor: 0.9365 | Loss: 0.0704 | Train Acc: 0.9624 | Time: 6.4s
2026-03-23 10:59:10 - Epoch [24/100] LR(backbone/head): 4.639688e-05/4.639688e-04 | WarmupCosineFactor: 0.9279 | Loss: 0.0560 | Train Acc: 0.9641 | Time: 6.2s
2026-03-23 10:59:17 - Epoch [25/100] LR(backbone/head): 4.594551e-05/4.594551e-04 | WarmupCosineFactor: 0.9189 | Loss: 0.0641 | Train Acc: 0.9551 | Time: 6.4s
2026-03-23 10:59:17 - ----------------------------------------
2026-03-23 10:59:18 - [Test] Acc: 0.6711 | Precision(macro): 0.5762 | Recall(macro): 0.5836 | F1(macro): 0.5787
2026-03-23 10:59:18 - [Test] Classification Report:
              precision    recall  f1-score   support

      benign     0.3557    0.4109    0.3813       129
    no_tumor     0.7968    0.7563    0.7760       394

    accuracy                         0.6711       523
   macro avg     0.5762    0.5836    0.5787       523
weighted avg     0.6880    0.6711    0.6787       523

2026-03-23 10:59:18 - ----------------------------------------
2026-03-23 10:59:24 - Epoch [26/100] LR(backbone/head): 4.547000e-05/4.547000e-04 | WarmupCosineFactor: 0.9094 | Loss: 0.0514 | Train Acc: 0.9673 | Time: 6.4s
2026-03-23 10:59:31 - Epoch [27/100] LR(backbone/head): 4.497093e-05/4.497093e-04 | WarmupCosineFactor: 0.8994 | Loss: 0.0573 | Train Acc: 0.9616 | Time: 6.2s
2026-03-23 10:59:37 - Epoch [28/100] LR(backbone/head): 4.444885e-05/4.444885e-04 | WarmupCosineFactor: 0.8890 | Loss: 0.0365 | Train Acc: 0.9706 | Time: 6.4s
2026-03-23 10:59:43 - Epoch [29/100] LR(backbone/head): 4.390440e-05/4.390440e-04 | WarmupCosineFactor: 0.8781 | Loss: 0.0453 | Train Acc: 0.9690 | Time: 6.4s
2026-03-23 10:59:50 - Epoch [30/100] LR(backbone/head): 4.333819e-05/4.333819e-04 | WarmupCosineFactor: 0.8668 | Loss: 0.0531 | Train Acc: 0.9755 | Time: 6.4s
2026-03-23 10:59:50 - ----------------------------------------
2026-03-23 10:59:51 - [Test] Acc: 0.6788 | Precision(macro): 0.5640 | Recall(macro): 0.5626 | F1(macro): 0.5632
2026-03-23 10:59:51 - [Test] Classification Report:
              precision    recall  f1-score   support

      benign     0.3440    0.3333    0.3386       129
    no_tumor     0.7839    0.7919    0.7879       394

    accuracy                         0.6788       523
   macro avg     0.5640    0.5626    0.5632       523
weighted avg     0.6754    0.6788    0.6771       523

2026-03-23 10:59:51 - ----------------------------------------
2026-03-23 10:59:57 - Epoch [31/100] LR(backbone/head): 4.275089e-05/4.275089e-04 | WarmupCosineFactor: 0.8550 | Loss: 0.0404 | Train Acc: 0.9828 | Time: 6.3s
2026-03-23 11:00:04 - Epoch [32/100] LR(backbone/head): 4.214319e-05/4.214319e-04 | WarmupCosineFactor: 0.8429 | Loss: 0.0406 | Train Acc: 0.9771 | Time: 6.2s
2026-03-23 11:00:10 - Epoch [33/100] LR(backbone/head): 4.151579e-05/4.151579e-04 | WarmupCosineFactor: 0.8303 | Loss: 0.0608 | Train Acc: 0.9714 | Time: 6.2s
2026-03-23 11:00:16 - Epoch [34/100] LR(backbone/head): 4.086943e-05/4.086943e-04 | WarmupCosineFactor: 0.8174 | Loss: 0.0331 | Train Acc: 0.9812 | Time: 6.3s
2026-03-23 11:00:22 - Epoch [35/100] LR(backbone/head): 4.020485e-05/4.020485e-04 | WarmupCosineFactor: 0.8041 | Loss: 0.0706 | Train Acc: 0.9681 | Time: 6.3s
2026-03-23 11:00:22 - ----------------------------------------
2026-03-23 11:00:24 - [Test] Acc: 0.7419 | Precision(macro): 0.6296 | Recall(macro): 0.5941 | F1(macro): 0.6021
2026-03-23 11:00:24 - [Test] Classification Report:
              precision    recall  f1-score   support

      benign     0.4643    0.3023    0.3662       129
    no_tumor     0.7950    0.8858    0.8379       394

    accuracy                         0.7419       523
   macro avg     0.6296    0.5941    0.6021       523
weighted avg     0.7134    0.7419    0.7216       523

2026-03-23 11:00:25 - *** 保存最优模型 (F1: 0.6021, Epoch: 35) ***
2026-03-23 11:00:25 - ----------------------------------------
2026-03-23 11:00:31 - Epoch [36/100] LR(backbone/head): 3.952284e-05/3.952284e-04 | WarmupCosineFactor: 0.7905 | Loss: 0.0404 | Train Acc: 0.9820 | Time: 6.1s
2026-03-23 11:00:37 - Epoch [37/100] LR(backbone/head): 3.882418e-05/3.882418e-04 | WarmupCosineFactor: 0.7765 | Loss: 0.0267 | Train Acc: 0.9820 | Time: 6.3s
2026-03-23 11:00:43 - Epoch [38/100] LR(backbone/head): 3.810970e-05/3.810970e-04 | WarmupCosineFactor: 0.7622 | Loss: 0.0485 | Train Acc: 0.9779 | Time: 6.4s
2026-03-23 11:00:50 - Epoch [39/100] LR(backbone/head): 3.738023e-05/3.738023e-04 | WarmupCosineFactor: 0.7476 | Loss: 0.0480 | Train Acc: 0.9747 | Time: 6.2s
2026-03-23 11:00:56 - Epoch [40/100] LR(backbone/head): 3.663661e-05/3.663661e-04 | WarmupCosineFactor: 0.7327 | Loss: 0.0483 | Train Acc: 0.9820 | Time: 6.3s
2026-03-23 11:00:56 - ----------------------------------------
2026-03-23 11:00:57 - [Test] Acc: 0.6922 | Precision(macro): 0.5683 | Recall(macro): 0.5611 | F1(macro): 0.5634
2026-03-23 11:00:57 - [Test] Classification Report:
              precision    recall  f1-score   support

      benign     0.3545    0.3023    0.3264       129
    no_tumor     0.7821    0.8198    0.8005       394

    accuracy                         0.6922       523
   macro avg     0.5683    0.5611    0.5634       523
weighted avg     0.6766    0.6922    0.6835       523

2026-03-23 11:00:57 - ----------------------------------------
2026-03-23 11:01:04 - Epoch [41/100] LR(backbone/head): 3.587972e-05/3.587972e-04 | WarmupCosineFactor: 0.7176 | Loss: 0.0177 | Train Acc: 0.9853 | Time: 6.2s
2026-03-23 11:01:10 - Epoch [42/100] LR(backbone/head): 3.511043e-05/3.511043e-04 | WarmupCosineFactor: 0.7022 | Loss: 0.0390 | Train Acc: 0.9869 | Time: 6.5s
2026-03-23 11:01:17 - Epoch [43/100] LR(backbone/head): 3.432964e-05/3.432964e-04 | WarmupCosineFactor: 0.6866 | Loss: 0.0349 | Train Acc: 0.9812 | Time: 6.4s
2026-03-23 11:01:23 - Epoch [44/100] LR(backbone/head): 3.353827e-05/3.353827e-04 | WarmupCosineFactor: 0.6708 | Loss: 0.0273 | Train Acc: 0.9853 | Time: 6.5s
2026-03-23 11:01:29 - Epoch [45/100] LR(backbone/head): 3.273724e-05/3.273724e-04 | WarmupCosineFactor: 0.6547 | Loss: 0.0460 | Train Acc: 0.9788 | Time: 6.4s
2026-03-23 11:01:29 - ----------------------------------------
2026-03-23 11:01:31 - [Test] Acc: 0.7017 | Precision(macro): 0.5922 | Recall(macro): 0.5883 | F1(macro): 0.5900
2026-03-23 11:01:31 - [Test] Classification Report:
              precision    recall  f1-score   support

      benign     0.3884    0.3643    0.3760       129
    no_tumor     0.7960    0.8122    0.8040       394

    accuracy                         0.7017       523
   macro avg     0.5922    0.5883    0.5900       523
weighted avg     0.6955    0.7017    0.6984       523

2026-03-23 11:01:31 - ----------------------------------------
2026-03-23 11:01:38 - Epoch [46/100] LR(backbone/head): 3.192747e-05/3.192747e-04 | WarmupCosineFactor: 0.6385 | Loss: 0.0274 | Train Acc: 0.9853 | Time: 6.3s
2026-03-23 11:01:44 - Epoch [47/100] LR(backbone/head): 3.110992e-05/3.110992e-04 | WarmupCosineFactor: 0.6222 | Loss: 0.0192 | Train Acc: 0.9861 | Time: 6.6s
2026-03-23 11:01:50 - Epoch [48/100] LR(backbone/head): 3.028554e-05/3.028554e-04 | WarmupCosineFactor: 0.6057 | Loss: 0.0313 | Train Acc: 0.9861 | Time: 6.4s
2026-03-23 11:01:57 - Epoch [49/100] LR(backbone/head): 2.945528e-05/2.945528e-04 | WarmupCosineFactor: 0.5891 | Loss: 0.0244 | Train Acc: 0.9861 | Time: 6.2s
2026-03-23 11:02:03 - Epoch [50/100] LR(backbone/head): 2.862012e-05/2.862012e-04 | WarmupCosineFactor: 0.5724 | Loss: 0.0210 | Train Acc: 0.9918 | Time: 6.6s
2026-03-23 11:02:03 - ----------------------------------------
2026-03-23 11:02:05 - [Test] Acc: 0.7151 | Precision(macro): 0.5712 | Recall(macro): 0.5476 | F1(macro): 0.5480
2026-03-23 11:02:05 - [Test] Classification Report:
              precision    recall  f1-score   support

      benign     0.3684    0.2171    0.2732       129
    no_tumor     0.7740    0.8782    0.8228       394

    accuracy                         0.7151       523
   macro avg     0.5712    0.5476    0.5480       523
weighted avg     0.6740    0.7151    0.6873       523

2026-03-23 11:02:05 - ----------------------------------------
2026-03-23 11:02:11 - Epoch [51/100] LR(backbone/head): 2.778104e-05/2.778104e-04 | WarmupCosineFactor: 0.5556 | Loss: 0.0313 | Train Acc: 0.9902 | Time: 6.3s
2026-03-23 11:02:18 - Epoch [52/100] LR(backbone/head): 2.693900e-05/2.693900e-04 | WarmupCosineFactor: 0.5388 | Loss: 0.0360 | Train Acc: 0.9886 | Time: 6.5s
2026-03-23 11:02:24 - Epoch [53/100] LR(backbone/head): 2.609499e-05/2.609499e-04 | WarmupCosineFactor: 0.5219 | Loss: 0.0160 | Train Acc: 0.9918 | Time: 6.3s
2026-03-23 11:02:31 - Epoch [54/100] LR(backbone/head): 2.525000e-05/2.525000e-04 | WarmupCosineFactor: 0.5050 | Loss: 0.0096 | Train Acc: 0.9935 | Time: 6.4s
2026-03-23 11:02:37 - Epoch [55/100] LR(backbone/head): 2.440501e-05/2.440501e-04 | WarmupCosineFactor: 0.4881 | Loss: 0.0406 | Train Acc: 0.9869 | Time: 6.5s
2026-03-23 11:02:37 - ----------------------------------------
2026-03-23 11:02:39 - [Test] Acc: 0.6979 | Precision(macro): 0.5680 | Recall(macro): 0.5570 | F1(macro): 0.5597
2026-03-23 11:02:39 - [Test] Classification Report:
              precision    recall  f1-score   support

      benign     0.3564    0.2791    0.3130       129
    no_tumor     0.7796    0.8350    0.8064       394

    accuracy                         0.6979       523
   macro avg     0.5680    0.5570    0.5597       523
weighted avg     0.6752    0.6979    0.6847       523

2026-03-23 11:02:39 - ----------------------------------------
2026-03-23 11:02:45 - Epoch [56/100] LR(backbone/head): 2.356100e-05/2.356100e-04 | WarmupCosineFactor: 0.4712 | Loss: 0.0229 | Train Acc: 0.9845 | Time: 6.2s
2026-03-23 11:02:51 - Epoch [57/100] LR(backbone/head): 2.271896e-05/2.271896e-04 | WarmupCosineFactor: 0.4544 | Loss: 0.0116 | Train Acc: 0.9926 | Time: 6.4s
2026-03-23 11:02:58 - Epoch [58/100] LR(backbone/head): 2.187988e-05/2.187988e-04 | WarmupCosineFactor: 0.4376 | Loss: 0.0089 | Train Acc: 0.9959 | Time: 6.6s
2026-03-23 11:03:04 - Epoch [59/100] LR(backbone/head): 2.104472e-05/2.104472e-04 | WarmupCosineFactor: 0.4209 | Loss: 0.0274 | Train Acc: 0.9886 | Time: 6.4s
2026-03-23 11:03:11 - Epoch [60/100] LR(backbone/head): 2.021446e-05/2.021446e-04 | WarmupCosineFactor: 0.4043 | Loss: 0.0357 | Train Acc: 0.9877 | Time: 6.3s
2026-03-23 11:03:11 - ----------------------------------------
2026-03-23 11:03:12 - [Test] Acc: 0.7610 | Precision(macro): 0.6682 | Recall(macro): 0.5520 | F1(macro): 0.5412
2026-03-23 11:03:12 - [Test] Classification Report:
              precision    recall  f1-score   support

      benign     0.5625    0.1395    0.2236       129
    no_tumor     0.7739    0.9645    0.8588       394

    accuracy                         0.7610       523
   macro avg     0.6682    0.5520    0.5412       523
weighted avg     0.7218    0.7610    0.7021       523

2026-03-23 11:03:12 - ----------------------------------------
2026-03-23 11:03:19 - Epoch [61/100] LR(backbone/head): 1.939008e-05/1.939008e-04 | WarmupCosineFactor: 0.3878 | Loss: 0.0134 | Train Acc: 0.9943 | Time: 6.5s
2026-03-23 11:03:25 - Epoch [62/100] LR(backbone/head): 1.857253e-05/1.857253e-04 | WarmupCosineFactor: 0.3715 | Loss: 0.0204 | Train Acc: 0.9910 | Time: 6.4s
2026-03-23 11:03:31 - Epoch [63/100] LR(backbone/head): 1.776276e-05/1.776276e-04 | WarmupCosineFactor: 0.3553 | Loss: 0.0224 | Train Acc: 0.9869 | Time: 6.2s
2026-03-23 11:03:38 - Epoch [64/100] LR(backbone/head): 1.696173e-05/1.696173e-04 | WarmupCosineFactor: 0.3392 | Loss: 0.0039 | Train Acc: 0.9967 | Time: 6.2s
2026-03-23 11:03:44 - Epoch [65/100] LR(backbone/head): 1.617036e-05/1.617036e-04 | WarmupCosineFactor: 0.3234 | Loss: 0.0297 | Train Acc: 0.9926 | Time: 6.6s
2026-03-23 11:03:44 - ----------------------------------------
2026-03-23 11:03:46 - [Test] Acc: 0.7323 | Precision(macro): 0.6000 | Recall(macro): 0.5616 | F1(macro): 0.5639
2026-03-23 11:03:46 - [Test] Classification Report:
              precision    recall  f1-score   support

      benign     0.4203    0.2248    0.2929       129
    no_tumor     0.7797    0.8985    0.8349       394

    accuracy                         0.7323       523
   macro avg     0.6000    0.5616    0.5639       523
weighted avg     0.6911    0.7323    0.7012       523

2026-03-23 11:03:46 - ----------------------------------------
2026-03-23 11:03:52 - Epoch [66/100] LR(backbone/head): 1.538957e-05/1.538957e-04 | WarmupCosineFactor: 0.3078 | Loss: 0.0120 | Train Acc: 0.9943 | Time: 6.3s
2026-03-23 11:03:59 - Epoch [67/100] LR(backbone/head): 1.462028e-05/1.462028e-04 | WarmupCosineFactor: 0.2924 | Loss: 0.0098 | Train Acc: 0.9926 | Time: 6.4s
2026-03-23 11:04:05 - Epoch [68/100] LR(backbone/head): 1.386339e-05/1.386339e-04 | WarmupCosineFactor: 0.2773 | Loss: 0.0052 | Train Acc: 0.9967 | Time: 6.3s
2026-03-23 11:04:11 - Epoch [69/100] LR(backbone/head): 1.311977e-05/1.311977e-04 | WarmupCosineFactor: 0.2624 | Loss: 0.0097 | Train Acc: 0.9959 | Time: 6.4s
2026-03-23 11:04:18 - Epoch [70/100] LR(backbone/head): 1.239030e-05/1.239030e-04 | WarmupCosineFactor: 0.2478 | Loss: 0.0018 | Train Acc: 0.9967 | Time: 6.3s
2026-03-23 11:04:18 - ----------------------------------------
2026-03-23 11:04:20 - [Test] Acc: 0.7361 | Precision(macro): 0.6051 | Recall(macro): 0.5616 | F1(macro): 0.5633
2026-03-23 11:04:20 - [Test] Classification Report:
              precision    recall  f1-score   support

      benign     0.4308    0.2171    0.2887       129
    no_tumor     0.7795    0.9061    0.8380       394

    accuracy                         0.7361       523
   macro avg     0.6051    0.5616    0.5633       523
weighted avg     0.6935    0.7361    0.7025       523

2026-03-23 11:04:20 - ----------------------------------------
2026-03-23 11:04:26 - Epoch [71/100] LR(backbone/head): 1.167582e-05/1.167582e-04 | WarmupCosineFactor: 0.2335 | Loss: 0.0094 | Train Acc: 0.9959 | Time: 6.3s
2026-03-23 11:04:32 - Epoch [72/100] LR(backbone/head): 1.097716e-05/1.097716e-04 | WarmupCosineFactor: 0.2195 | Loss: 0.0139 | Train Acc: 0.9935 | Time: 6.4s
2026-03-23 11:04:39 - Epoch [73/100] LR(backbone/head): 1.029515e-05/1.029515e-04 | WarmupCosineFactor: 0.2059 | Loss: 0.0063 | Train Acc: 0.9967 | Time: 6.4s
2026-03-23 11:04:45 - Epoch [74/100] LR(backbone/head): 9.630573e-06/9.630573e-05 | WarmupCosineFactor: 0.1926 | Loss: 0.0083 | Train Acc: 0.9975 | Time: 6.4s
2026-03-23 11:04:51 - Epoch [75/100] LR(backbone/head): 8.984209e-06/8.984209e-05 | WarmupCosineFactor: 0.1797 | Loss: 0.0253 | Train Acc: 0.9935 | Time: 6.4s
2026-03-23 11:04:51 - ----------------------------------------
2026-03-23 11:04:53 - [Test] Acc: 0.7438 | Precision(macro): 0.6284 | Recall(macro): 0.5849 | F1(macro): 0.5920
2026-03-23 11:04:53 - [Test] Classification Report:
              precision    recall  f1-score   support

      benign     0.4667    0.2713    0.3431       129
    no_tumor     0.7902    0.8985    0.8409       394

    accuracy                         0.7438       523
   macro avg     0.6284    0.5849    0.5920       523
weighted avg     0.7104    0.7438    0.7181       523

2026-03-23 11:04:53 - ----------------------------------------
2026-03-23 11:04:59 - Epoch [76/100] LR(backbone/head): 8.356810e-06/8.356810e-05 | WarmupCosineFactor: 0.1671 | Loss: 0.0078 | Train Acc: 0.9975 | Time: 6.2s
2026-03-23 11:05:06 - Epoch [77/100] LR(backbone/head): 7.749107e-06/7.749107e-05 | WarmupCosineFactor: 0.1550 | Loss: 0.0038 | Train Acc: 0.9959 | Time: 6.5s
2026-03-23 11:05:12 - Epoch [78/100] LR(backbone/head): 7.161810e-06/7.161810e-05 | WarmupCosineFactor: 0.1432 | Loss: 0.0133 | Train Acc: 0.9926 | Time: 6.4s
2026-03-23 11:05:19 - Epoch [79/100] LR(backbone/head): 6.595603e-06/6.595603e-05 | WarmupCosineFactor: 0.1319 | Loss: 0.0067 | Train Acc: 0.9967 | Time: 6.4s
2026-03-23 11:05:25 - Epoch [80/100] LR(backbone/head): 6.051146e-06/6.051146e-05 | WarmupCosineFactor: 0.1210 | Loss: 0.0149 | Train Acc: 0.9943 | Time: 6.4s
2026-03-23 11:05:25 - ----------------------------------------
2026-03-23 11:05:27 - [Test] Acc: 0.6960 | Precision(macro): 0.5681 | Recall(macro): 0.5584 | F1(macro): 0.5610
2026-03-23 11:05:27 - [Test] Classification Report:
              precision    recall  f1-score   support

      benign     0.3558    0.2868    0.3176       129
    no_tumor     0.7804    0.8299    0.8044       394

    accuracy                         0.6960       523
   macro avg     0.5681    0.5584    0.5610       523
weighted avg     0.6757    0.6960    0.6843       523

2026-03-23 11:05:27 - ----------------------------------------
2026-03-23 11:05:33 - Epoch [81/100] LR(backbone/head): 5.529073e-06/5.529073e-05 | WarmupCosineFactor: 0.1106 | Loss: 0.0118 | Train Acc: 0.9943 | Time: 6.2s
2026-03-23 11:05:39 - Epoch [82/100] LR(backbone/head): 5.029995e-06/5.029995e-05 | WarmupCosineFactor: 0.1006 | Loss: 0.0236 | Train Acc: 0.9951 | Time: 6.4s
2026-03-23 11:05:46 - Epoch [83/100] LR(backbone/head): 4.554492e-06/4.554492e-05 | WarmupCosineFactor: 0.0911 | Loss: 0.0011 | Train Acc: 0.9975 | Time: 6.3s
2026-03-23 11:05:52 - Epoch [84/100] LR(backbone/head): 4.103120e-06/4.103120e-05 | WarmupCosineFactor: 0.0821 | Loss: 0.0063 | Train Acc: 0.9951 | Time: 6.5s
2026-03-23 11:05:59 - Epoch [85/100] LR(backbone/head): 3.676403e-06/3.676403e-05 | WarmupCosineFactor: 0.0735 | Loss: 0.0015 | Train Acc: 0.9975 | Time: 6.5s
2026-03-23 11:05:59 - ----------------------------------------
2026-03-23 11:06:00 - [Test] Acc: 0.7228 | Precision(macro): 0.5976 | Recall(macro): 0.5735 | F1(macro): 0.5784
2026-03-23 11:06:00 - [Test] Classification Report:
              precision    recall  f1-score   support

      benign     0.4091    0.2791    0.3318       129
    no_tumor     0.7862    0.8680    0.8251       394

    accuracy                         0.7228       523
   macro avg     0.5976    0.5735    0.5784       523
weighted avg     0.6932    0.7228    0.7034       523

2026-03-23 11:06:00 - ----------------------------------------
2026-03-23 11:06:07 - Epoch [86/100] LR(backbone/head): 3.274841e-06/3.274841e-05 | WarmupCosineFactor: 0.0655 | Loss: 0.0060 | Train Acc: 0.9951 | Time: 6.3s
2026-03-23 11:06:13 - Epoch [87/100] LR(backbone/head): 2.898900e-06/2.898900e-05 | WarmupCosineFactor: 0.0580 | Loss: 0.0066 | Train Acc: 0.9967 | Time: 6.6s
2026-03-23 11:06:20 - Epoch [88/100] LR(backbone/head): 2.549020e-06/2.549020e-05 | WarmupCosineFactor: 0.0510 | Loss: 0.0026 | Train Acc: 0.9984 | Time: 6.3s
2026-03-23 11:06:26 - Epoch [89/100] LR(backbone/head): 2.225609e-06/2.225609e-05 | WarmupCosineFactor: 0.0445 | Loss: 0.0027 | Train Acc: 0.9975 | Time: 6.4s
2026-03-23 11:06:32 - Epoch [90/100] LR(backbone/head): 1.929042e-06/1.929042e-05 | WarmupCosineFactor: 0.0386 | Loss: 0.0076 | Train Acc: 0.9959 | Time: 6.3s
2026-03-23 11:06:32 - ----------------------------------------
2026-03-23 11:06:34 - [Test] Acc: 0.7266 | Precision(macro): 0.6029 | Recall(macro): 0.5761 | F1(macro): 0.5814
2026-03-23 11:06:34 - [Test] Classification Report:
              precision    recall  f1-score   support

      benign     0.4186    0.2791    0.3349       129
    no_tumor     0.7872    0.8731    0.8279       394

    accuracy                         0.7266       523
   macro avg     0.6029    0.5761    0.5814       523
weighted avg     0.6963    0.7266    0.7063       523

2026-03-23 11:06:34 - ----------------------------------------
2026-03-23 11:06:40 - Epoch [91/100] LR(backbone/head): 1.659667e-06/1.659667e-05 | WarmupCosineFactor: 0.0332 | Loss: 0.0042 | Train Acc: 0.9959 | Time: 6.3s
2026-03-23 11:06:46 - Epoch [92/100] LR(backbone/head): 1.417797e-06/1.417797e-05 | WarmupCosineFactor: 0.0284 | Loss: 0.0008 | Train Acc: 0.9992 | Time: 6.3s
2026-03-23 11:06:53 - Epoch [93/100] LR(backbone/head): 1.203715e-06/1.203715e-05 | WarmupCosineFactor: 0.0241 | Loss: 0.0126 | Train Acc: 0.9959 | Time: 6.4s
2026-03-23 11:06:59 - Epoch [94/100] LR(backbone/head): 1.017669e-06/1.017669e-05 | WarmupCosineFactor: 0.0204 | Loss: 0.0081 | Train Acc: 0.9967 | Time: 6.3s
2026-03-23 11:07:05 - Epoch [95/100] LR(backbone/head): 8.598769e-07/8.598769e-06 | WarmupCosineFactor: 0.0172 | Loss: 0.0026 | Train Acc: 0.9975 | Time: 6.2s
2026-03-23 11:07:05 - ----------------------------------------
2026-03-23 11:07:06 - [Test] Acc: 0.7342 | Precision(macro): 0.6097 | Recall(macro): 0.5733 | F1(macro): 0.5783
2026-03-23 11:07:06 - [Test] Classification Report:
              precision    recall  f1-score   support

      benign     0.4342    0.2558    0.3220       129
    no_tumor     0.7852    0.8909    0.8347       394

    accuracy                         0.7342       523
   macro avg     0.6097    0.5733    0.5783       523
weighted avg     0.6987    0.7342    0.7082       523

2026-03-23 11:07:06 - ----------------------------------------
2026-03-23 11:07:13 - Epoch [96/100] LR(backbone/head): 7.305228e-07/7.305228e-06 | WarmupCosineFactor: 0.0146 | Loss: 0.0007 | Train Acc: 0.9992 | Time: 6.3s
2026-03-23 11:07:19 - Epoch [97/100] LR(backbone/head): 6.297573e-07/6.297573e-06 | WarmupCosineFactor: 0.0126 | Loss: 0.0069 | Train Acc: 0.9984 | Time: 6.4s
2026-03-23 11:07:26 - Epoch [98/100] LR(backbone/head): 5.576980e-07/5.576980e-06 | WarmupCosineFactor: 0.0112 | Loss: 0.0009 | Train Acc: 0.9975 | Time: 6.7s
2026-03-23 11:07:32 - Epoch [99/100] LR(backbone/head): 5.144287e-07/5.144287e-06 | WarmupCosineFactor: 0.0103 | Loss: 0.0015 | Train Acc: 0.9984 | Time: 6.2s
2026-03-23 11:07:38 - Epoch [100/100] LR(backbone/head): 5.000000e-07/5.000000e-06 | WarmupCosineFactor: 0.0100 | Loss: 0.0009 | Train Acc: 0.9992 | Time: 6.3s
2026-03-23 11:07:38 - ----------------------------------------
2026-03-23 11:07:40 - [Test] Acc: 0.7361 | Precision(macro): 0.6157 | Recall(macro): 0.5798 | F1(macro): 0.5859
2026-03-23 11:07:40 - [Test] Classification Report:
              precision    recall  f1-score   support

      benign     0.4430    0.2713    0.3365       129
    no_tumor     0.7883    0.8883    0.8353       394

    accuracy                         0.7361       523
   macro avg     0.6157    0.5798    0.5859       523
weighted avg     0.7031    0.7361    0.7123       523

2026-03-23 11:07:40 - ----------------------------------------
2026-03-23 11:07:40 - 
============================================================
2026-03-23 11:07:40 - 训练完成! 最优模型: Epoch 35, F1: 0.6021
2026-03-23 11:07:40 - ============================================================
2026-03-23 11:07:40 - 
加载最优权重进行最终测试...
2026-03-23 11:07:40 - ============================================================
2026-03-23 11:07:40 - 最终测试结果 (最优权重, threshold=0.5)
2026-03-23 11:07:40 - ============================================================
2026-03-23 11:07:42 - [Final Test] Acc: 0.7419 | Precision(macro): 0.6296 | Recall(macro): 0.5941 | F1(macro): 0.6021
2026-03-23 11:07:42 - [Final Test] Classification Report:
              precision    recall  f1-score   support

      benign     0.4643    0.3023    0.3662       129
    no_tumor     0.7950    0.8858    0.8379       394

    accuracy                         0.7419       523
   macro avg     0.6296    0.5941    0.6021       523
weighted avg     0.7134    0.7419    0.7216       523

2026-03-23 11:07:42 - 
============================================================
2026-03-23 11:07:42 - 阈值优化搜索 (在测试集上寻找最优 F1 的分类阈值)
2026-03-23 11:07:42 - ============================================================
2026-03-23 11:07:43 - 最优阈值: 0.535 (F1: 0.6131 vs 默认0.5 F1: 0.6021)
2026-03-23 11:07:45 - [Final Test (最优阈值)] Threshold: 0.535 | Acc: 0.7553 | Precision(macro): 0.6523 | Recall(macro): 0.6029 | F1(macro): 0.6131
2026-03-23 11:07:45 - [Final Test (最优阈值)] Classification Report:
              precision    recall  f1-score   support

      benign     0.5065    0.3023    0.3786       129
    no_tumor     0.7982    0.9036    0.8476       394

    accuracy                         0.7553       523
   macro avg     0.6523    0.6029    0.6131       523
weighted avg     0.7263    0.7553    0.7319       523

2026-03-23 11:07:45 - 训练脚本已复制到: /data1/ouyangxinglong/GBP-Cascade/logs/20260323_task2_ConvNeXtTiny_balanced_focal_11/20260323_task2_ConvNeXtTiny_balanced_focal_11.py
