2026-03-24 03:54:43 - ============================================================
2026-03-24 03:54:43 - 实验名称: 20260323_task2_SwinV2_384_200ep
2026-03-24 03:54:43 - 任务: Task 2 - 良性肿瘤(0) vs 非肿瘤性息肉(1)
2026-03-24 03:54:43 - 模型: ConvNeXt-Tiny (384×384, 4ch, drop=0.3)
2026-03-24 03:54:43 - 修改: 全图4ch + BalancedSampler + 修复Mixup + 强增强 + 384分辨率 + 200ep
2026-03-24 03:54:43 - 输入通道: 4
2026-03-24 03:54:43 - 图像尺寸: train Full_img → StrongSync384 + mask, test Full_img → Resize384 + mask
2026-03-24 03:54:43 - Batch Size: 8
2026-03-24 03:54:43 - Backbone LR: 1e-05
2026-03-24 03:54:43 - Head LR: 0.0001
2026-03-24 03:54:43 - Weight Decay: 0.05
2026-03-24 03:54:43 - Warmup Epochs: 10
2026-03-24 03:54:43 - Min LR Ratio: 0.01
2026-03-24 03:54:43 - Label Smoothing: 0.1
2026-03-24 03:54:43 - Seed: 42
2026-03-24 03:54:43 - Epochs: 200
2026-03-24 03:54:43 - Grad Clip: 1.0
2026-03-24 03:54:43 - 设备: cuda
2026-03-24 03:54:43 - ============================================================
2026-03-24 03:54:43 - 训练集: 1229 张 (benign=309, no_tumor=920)
2026-03-24 03:54:43 - 测试集: 523 张 (benign=129, no_tumor=394)
2026-03-24 03:55:13 - 模型参数量: 27,823,202
2026-03-24 03:55:13 - 可训练参数量: 27,823,202
2026-03-24 03:55:13 - 类别权重: benign=1.9887, no_tumor=0.6679
2026-03-24 03:55:13 - 损失函数: CE(class_weight+LS=0.1) + Weighted Mixup + BalancedSampler
2026-03-24 03:55:13 - 
============================================================
2026-03-24 03:55:13 - 开始训练
2026-03-24 03:55:13 - ============================================================
2026-03-24 03:55:23 - Epoch [1/200] LR(backbone/head): 1.000000e-06/1.000000e-05 | WarmupCosineFactor: 0.1000 | Loss: 0.8597 | Train Acc: 0.4771 | Time: 9.7s
2026-03-24 03:55:31 - Epoch [2/200] LR(backbone/head): 2.000000e-06/2.000000e-05 | WarmupCosineFactor: 0.2000 | Loss: 0.7840 | Train Acc: 0.4877 | Time: 8.5s
2026-03-24 03:55:40 - Epoch [3/200] LR(backbone/head): 3.000000e-06/3.000000e-05 | WarmupCosineFactor: 0.3000 | Loss: 0.7502 | Train Acc: 0.5033 | Time: 8.4s
2026-03-24 03:55:48 - Epoch [4/200] LR(backbone/head): 4.000000e-06/4.000000e-05 | WarmupCosineFactor: 0.4000 | Loss: 0.7363 | Train Acc: 0.5057 | Time: 8.3s
