2026-04-08 14:31:14 - ======================================================================
2026-04-08 14:31:14 - 实验名称: 20260408_task2_SwinV2Tiny_segcls_20
2026-04-08 14:31:14 - 模型: SwinV2-Tiny@256 + 4ch + BERT CrossAttn + BERT[CLS] + 10D ExtMeta + Gated Trimodal Fusion + 1:1 Balanced Sampling
2026-04-08 14:31:14 - 修改: 与Exp#18相同架构, 训练时用WeightedRandomSampler实现benign:no_tumor=1:1采样, 移除cls class_weight(采样已平衡)
2026-04-08 14:31:14 - 输入通道: 4
2026-04-08 14:31:14 - 图像尺寸: 256
2026-04-08 14:31:14 - 分割类别: 2
2026-04-08 14:31:14 - 分类类别: ['benign', 'no_tumor']
2026-04-08 14:31:14 - Batch Size: 8
2026-04-08 14:31:14 - Backbone LR: 2e-05
2026-04-08 14:31:14 - Head LR: 0.0002
2026-04-08 14:31:14 - Weight Decay: 0.05
2026-04-08 14:31:14 - Warmup Epochs: 10
2026-04-08 14:31:14 - Lambda Cls: 2.0
2026-04-08 14:31:14 - Label Smoothing: 0.1
2026-04-08 14:31:14 - Seed: 42
2026-04-08 14:31:14 - Epochs: 100
2026-04-08 14:31:14 - Grad Clip: 1.0
2026-04-08 14:31:14 - Meta Dim: 10
2026-04-08 14:31:14 - 设备: cuda
2026-04-08 14:31:14 - ======================================================================
2026-04-08 14:31:17 - 训练集: 1229 张 (benign=309, no_tumor=920)
2026-04-08 14:31:17 - 采样策略: WeightedRandomSampler 1:1 平衡 (每epoch ~614 benign + ~614 no_tumor)
2026-04-08 14:31:17 - 测试集: 523 张 (benign=129, no_tumor=394)
2026-04-08 14:31:20 - 模型参数量: 137,439,313 (含BERT)
2026-04-08 14:31:20 - 可训练参数量: 35,171,665 (BERT冻结)
2026-04-08 14:31:20 - 分类类别权重: benign=1.0000, no_tumor=1.0000 (采样已平衡)
2026-04-08 14:31:20 - 分割类别权重: bg=1.0, lesion=5.0
2026-04-08 14:31:20 - 
======================================================================
2026-04-08 14:31:20 - 开始训练
2026-04-08 14:31:20 - ======================================================================
2026-04-08 14:31:46 - Epoch [1/100] LR: 2.00e-06/2.00e-05 | Loss: 2.1148 (seg=0.7140, cls=0.7004) | Cls Acc: 0.5155 | Seg IoU: 0.6279 | Seg Dice: 0.7093 | 25.5s
2026-04-08 14:32:08 - Epoch [2/100] LR: 4.00e-06/4.00e-05 | Loss: 1.6272 (seg=0.2948, cls=0.6662) | Cls Acc: 0.5956 | Seg IoU: 0.8879 | Seg Dice: 0.9403 | 22.4s
2026-04-08 14:32:32 - Epoch [3/100] LR: 6.00e-06/6.00e-05 | Loss: 1.4468 (seg=0.2054, cls=0.6207) | Cls Acc: 0.6683 | Seg IoU: 0.9248 | Seg Dice: 0.9608 | 23.8s
2026-04-08 14:32:55 - Epoch [4/100] LR: 8.00e-06/8.00e-05 | Loss: 1.3597 (seg=0.1596, cls=0.6000) | Cls Acc: 0.7108 | Seg IoU: 0.9381 | Seg Dice: 0.9680 | 22.7s
2026-04-08 14:33:19 - Epoch [5/100] LR: 1.00e-05/1.00e-04 | Loss: 1.2896 (seg=0.1182, cls=0.5857) | Cls Acc: 0.7198 | Seg IoU: 0.9538 | Seg Dice: 0.9763 | 24.0s
2026-04-08 14:33:19 - --------------------------------------------------
2026-04-08 14:33:24 - [Test] Cls — Acc: 0.7438 | P(macro): 0.6455 | R(macro): 0.6292 | F1(macro): 0.6356
2026-04-08 14:33:24 - [Test] Seg — Lesion IoU: 0.9448 | Lesion Dice: 0.9716
2026-04-08 14:33:24 - [Test] Classification Report:
              precision    recall  f1-score   support

      benign     0.4771    0.4031    0.4370       129
    no_tumor     0.8140    0.8553    0.8342       394

    accuracy                         0.7438       523
   macro avg     0.6455    0.6292    0.6356       523
weighted avg     0.7309    0.7438    0.7362       523

2026-04-08 14:33:26 - *** 保存最优模型 (F1: 0.6356, Epoch: 5) ***
2026-04-08 14:33:26 - --------------------------------------------------
2026-04-08 14:33:49 - Epoch [6/100] LR: 1.20e-05/1.20e-04 | Loss: 1.2363 (seg=0.0872, cls=0.5745) | Cls Acc: 0.7214 | Seg IoU: 0.9608 | Seg Dice: 0.9800 | 23.0s
2026-04-08 14:34:12 - Epoch [7/100] LR: 1.40e-05/1.40e-04 | Loss: 1.1639 (seg=0.0651, cls=0.5494) | Cls Acc: 0.7606 | Seg IoU: 0.9661 | Seg Dice: 0.9827 | 23.9s
2026-04-08 14:34:35 - Epoch [8/100] LR: 1.60e-05/1.60e-04 | Loss: 1.0972 (seg=0.0513, cls=0.5230) | Cls Acc: 0.7843 | Seg IoU: 0.9672 | Seg Dice: 0.9833 | 22.8s
2026-04-08 14:34:59 - Epoch [9/100] LR: 1.80e-05/1.80e-04 | Loss: 1.1091 (seg=0.0393, cls=0.5349) | Cls Acc: 0.7729 | Seg IoU: 0.9694 | Seg Dice: 0.9844 | 24.0s
2026-04-08 14:35:21 - Epoch [10/100] LR: 2.00e-05/2.00e-04 | Loss: 1.0285 (seg=0.0323, cls=0.4981) | Cls Acc: 0.8088 | Seg IoU: 0.9676 | Seg Dice: 0.9835 | 22.0s
2026-04-08 14:35:21 - --------------------------------------------------
2026-04-08 14:35:27 - [Test] Cls — Acc: 0.6788 | P(macro): 0.6381 | R(macro): 0.6799 | F1(macro): 0.6362
2026-04-08 14:35:27 - [Test] Seg — Lesion IoU: 0.9662 | Lesion Dice: 0.9828
2026-04-08 14:35:27 - [Test] Classification Report:
              precision    recall  f1-score   support

      benign     0.4093    0.6822    0.5116       129
    no_tumor     0.8669    0.6777    0.7607       394

    accuracy                         0.6788       523
   macro avg     0.6381    0.6799    0.6362       523
weighted avg     0.7540    0.6788    0.6993       523

2026-04-08 14:35:31 - *** 保存最优模型 (F1: 0.6362, Epoch: 10) ***
2026-04-08 14:35:31 - --------------------------------------------------
2026-04-08 14:35:54 - Epoch [11/100] LR: 2.00e-05/2.00e-04 | Loss: 1.0435 (seg=0.0253, cls=0.5091) | Cls Acc: 0.7966 | Seg IoU: 0.9748 | Seg Dice: 0.9872 | 23.7s
2026-04-08 14:36:17 - Epoch [12/100] LR: 2.00e-05/2.00e-04 | Loss: 0.9398 (seg=0.0221, cls=0.4588) | Cls Acc: 0.8342 | Seg IoU: 0.9749 | Seg Dice: 0.9873 | 22.9s
2026-04-08 14:36:41 - Epoch [13/100] LR: 1.99e-05/1.99e-04 | Loss: 0.9457 (seg=0.0190, cls=0.4634) | Cls Acc: 0.8350 | Seg IoU: 0.9761 | Seg Dice: 0.9879 | 23.8s
2026-04-08 14:37:04 - Epoch [14/100] LR: 1.99e-05/1.99e-04 | Loss: 0.9547 (seg=0.0190, cls=0.4678) | Cls Acc: 0.8415 | Seg IoU: 0.9716 | Seg Dice: 0.9856 | 23.0s
2026-04-08 14:37:28 - Epoch [15/100] LR: 1.98e-05/1.98e-04 | Loss: 0.8681 (seg=0.0167, cls=0.4257) | Cls Acc: 0.8546 | Seg IoU: 0.9756 | Seg Dice: 0.9876 | 24.0s
2026-04-08 14:37:28 - --------------------------------------------------
2026-04-08 14:37:33 - [Test] Cls — Acc: 0.6979 | P(macro): 0.6267 | R(macro): 0.6509 | F1(macro): 0.6322
2026-04-08 14:37:33 - [Test] Seg — Lesion IoU: 0.9717 | Lesion Dice: 0.9856
2026-04-08 14:37:33 - [Test] Classification Report:
              precision    recall  f1-score   support

      benign     0.4162    0.5581    0.4768       129
    no_tumor     0.8371    0.7437    0.7876       394

    accuracy                         0.6979       523
   macro avg     0.6267    0.6509    0.6322       523
weighted avg     0.7333    0.6979    0.7110       523

2026-04-08 14:37:33 - --------------------------------------------------
2026-04-08 14:37:57 - Epoch [16/100] LR: 1.98e-05/1.98e-04 | Loss: 0.8134 (seg=0.0159, cls=0.3987) | Cls Acc: 0.8766 | Seg IoU: 0.9747 | Seg Dice: 0.9872 | 23.4s
2026-04-08 14:38:20 - Epoch [17/100] LR: 1.97e-05/1.97e-04 | Loss: 0.8616 (seg=0.0134, cls=0.4241) | Cls Acc: 0.8595 | Seg IoU: 0.9783 | Seg Dice: 0.9890 | 23.6s
2026-04-08 14:38:44 - Epoch [18/100] LR: 1.96e-05/1.96e-04 | Loss: 0.7756 (seg=0.0110, cls=0.3823) | Cls Acc: 0.8962 | Seg IoU: 0.9826 | Seg Dice: 0.9912 | 23.3s
2026-04-08 14:39:08 - Epoch [19/100] LR: 1.95e-05/1.95e-04 | Loss: 0.7736 (seg=0.0134, cls=0.3801) | Cls Acc: 0.8954 | Seg IoU: 0.9751 | Seg Dice: 0.9873 | 24.1s
2026-04-08 14:39:31 - Epoch [20/100] LR: 1.94e-05/1.94e-04 | Loss: 0.7840 (seg=0.0097, cls=0.3872) | Cls Acc: 0.8848 | Seg IoU: 0.9834 | Seg Dice: 0.9916 | 22.9s
2026-04-08 14:39:31 - --------------------------------------------------
2026-04-08 14:39:37 - [Test] Cls — Acc: 0.7419 | P(macro): 0.6285 | R(macro): 0.5914 | F1(macro): 0.5993
2026-04-08 14:39:37 - [Test] Seg — Lesion IoU: 0.9785 | Lesion Dice: 0.9891
2026-04-08 14:39:37 - [Test] Classification Report:
              precision    recall  f1-score   support

      benign     0.4634    0.2946    0.3602       129
    no_tumor     0.7937    0.8883    0.8383       394

    accuracy                         0.7419       523
   macro avg     0.6285    0.5914    0.5993       523
weighted avg     0.7122    0.7419    0.7204       523

2026-04-08 14:39:37 - --------------------------------------------------
2026-04-08 14:40:00 - Epoch [21/100] LR: 1.93e-05/1.93e-04 | Loss: 0.7216 (seg=0.0092, cls=0.3562) | Cls Acc: 0.9036 | Seg IoU: 0.9825 | Seg Dice: 0.9911 | 23.7s
2026-04-08 14:40:24 - Epoch [22/100] LR: 1.91e-05/1.91e-04 | Loss: 0.7095 (seg=0.0125, cls=0.3485) | Cls Acc: 0.9175 | Seg IoU: 0.9751 | Seg Dice: 0.9873 | 23.6s
2026-04-08 14:40:48 - Epoch [23/100] LR: 1.90e-05/1.90e-04 | Loss: 0.7256 (seg=0.0076, cls=0.3590) | Cls Acc: 0.9085 | Seg IoU: 0.9857 | Seg Dice: 0.9928 | 23.7s
2026-04-08 14:41:11 - Epoch [24/100] LR: 1.88e-05/1.88e-04 | Loss: 0.7027 (seg=0.0065, cls=0.3481) | Cls Acc: 0.9126 | Seg IoU: 0.9879 | Seg Dice: 0.9939 | 23.6s
2026-04-08 14:41:35 - Epoch [25/100] LR: 1.87e-05/1.87e-04 | Loss: 0.6720 (seg=0.0072, cls=0.3324) | Cls Acc: 0.9257 | Seg IoU: 0.9858 | Seg Dice: 0.9928 | 23.7s
2026-04-08 14:41:35 - --------------------------------------------------
2026-04-08 14:41:41 - [Test] Cls — Acc: 0.7342 | P(macro): 0.6269 | R(macro): 0.6072 | F1(macro): 0.6139
2026-04-08 14:41:41 - [Test] Seg — Lesion IoU: 0.9857 | Lesion Dice: 0.9928
2026-04-08 14:41:41 - [Test] Classification Report:
              precision    recall  f1-score   support

      benign     0.4510    0.3566    0.3983       129
    no_tumor     0.8029    0.8579    0.8294       394

    accuracy                         0.7342       523
   macro avg     0.6269    0.6072    0.6139       523
weighted avg     0.7161    0.7342    0.7231       523

2026-04-08 14:41:41 - --------------------------------------------------
2026-04-08 14:42:04 - Epoch [26/100] LR: 1.85e-05/1.85e-04 | Loss: 0.7159 (seg=0.0061, cls=0.3549) | Cls Acc: 0.9183 | Seg IoU: 0.9884 | Seg Dice: 0.9942 | 23.4s
2026-04-08 14:42:28 - Epoch [27/100] LR: 1.83e-05/1.83e-04 | Loss: 0.6967 (seg=0.0056, cls=0.3455) | Cls Acc: 0.9257 | Seg IoU: 0.9892 | Seg Dice: 0.9946 | 23.8s
2026-04-08 14:42:51 - Epoch [28/100] LR: 1.81e-05/1.81e-04 | Loss: 0.6926 (seg=0.0050, cls=0.3438) | Cls Acc: 0.9257 | Seg IoU: 0.9901 | Seg Dice: 0.9950 | 23.3s
2026-04-08 14:43:15 - Epoch [29/100] LR: 1.79e-05/1.79e-04 | Loss: 0.6142 (seg=0.0042, cls=0.3050) | Cls Acc: 0.9420 | Seg IoU: 0.9917 | Seg Dice: 0.9958 | 23.5s
2026-04-08 14:43:38 - Epoch [30/100] LR: 1.77e-05/1.77e-04 | Loss: 0.6292 (seg=0.0036, cls=0.3128) | Cls Acc: 0.9395 | Seg IoU: 0.9930 | Seg Dice: 0.9965 | 23.4s
2026-04-08 14:43:38 - --------------------------------------------------
2026-04-08 14:43:44 - [Test] Cls — Acc: 0.6367 | P(macro): 0.5720 | R(macro): 0.5894 | F1(macro): 0.5708
2026-04-08 14:43:44 - [Test] Seg — Lesion IoU: 0.9937 | Lesion Dice: 0.9969
2026-04-08 14:43:44 - [Test] Classification Report:
              precision    recall  f1-score   support

      benign     0.3386    0.4961    0.4025       129
    no_tumor     0.8054    0.6827    0.7390       394

    accuracy                         0.6367       523
   macro avg     0.5720    0.5894    0.5708       523
weighted avg     0.6903    0.6367    0.6560       523

2026-04-08 14:43:44 - --------------------------------------------------
2026-04-08 14:44:07 - Epoch [31/100] LR: 1.75e-05/1.75e-04 | Loss: 0.6785 (seg=0.0033, cls=0.3376) | Cls Acc: 0.9265 | Seg IoU: 0.9935 | Seg Dice: 0.9967 | 23.4s
2026-04-08 14:44:31 - Epoch [32/100] LR: 1.72e-05/1.72e-04 | Loss: 0.6515 (seg=0.0031, cls=0.3242) | Cls Acc: 0.9371 | Seg IoU: 0.9938 | Seg Dice: 0.9969 | 23.4s
2026-04-08 14:44:54 - Epoch [33/100] LR: 1.70e-05/1.70e-04 | Loss: 0.5872 (seg=0.0027, cls=0.2922) | Cls Acc: 0.9518 | Seg IoU: 0.9946 | Seg Dice: 0.9973 | 23.1s
2026-04-08 14:45:17 - Epoch [34/100] LR: 1.67e-05/1.67e-04 | Loss: 0.6271 (seg=0.0025, cls=0.3123) | Cls Acc: 0.9420 | Seg IoU: 0.9951 | Seg Dice: 0.9975 | 23.5s
2026-04-08 14:45:40 - Epoch [35/100] LR: 1.65e-05/1.65e-04 | Loss: 0.5754 (seg=0.0024, cls=0.2865) | Cls Acc: 0.9542 | Seg IoU: 0.9951 | Seg Dice: 0.9976 | 23.1s
2026-04-08 14:45:40 - --------------------------------------------------
2026-04-08 14:45:46 - [Test] Cls — Acc: 0.7075 | P(macro): 0.6187 | R(macro): 0.6286 | F1(macro): 0.6226
2026-04-08 14:45:46 - [Test] Seg — Lesion IoU: 0.9960 | Lesion Dice: 0.9980
2026-04-08 14:45:46 - [Test] Classification Report:
              precision    recall  f1-score   support

      benign     0.4178    0.4729    0.4436       129
    no_tumor     0.8196    0.7843    0.8016       394

    accuracy                         0.7075       523
   macro avg     0.6187    0.6286    0.6226       523
weighted avg     0.7205    0.7075    0.7133       523

2026-04-08 14:45:46 - --------------------------------------------------
2026-04-08 14:46:09 - Epoch [36/100] LR: 1.62e-05/1.62e-04 | Loss: 0.5716 (seg=0.0022, cls=0.2847) | Cls Acc: 0.9559 | Seg IoU: 0.9955 | Seg Dice: 0.9978 | 23.6s
2026-04-08 14:46:33 - Epoch [37/100] LR: 1.59e-05/1.59e-04 | Loss: 0.5637 (seg=0.0019, cls=0.2809) | Cls Acc: 0.9632 | Seg IoU: 0.9962 | Seg Dice: 0.9981 | 23.5s
2026-04-08 14:46:56 - Epoch [38/100] LR: 1.56e-05/1.56e-04 | Loss: 0.6013 (seg=0.0017, cls=0.2998) | Cls Acc: 0.9526 | Seg IoU: 0.9964 | Seg Dice: 0.9982 | 23.7s
2026-04-08 14:47:20 - Epoch [39/100] LR: 1.53e-05/1.53e-04 | Loss: 0.5395 (seg=0.0017, cls=0.2689) | Cls Acc: 0.9657 | Seg IoU: 0.9965 | Seg Dice: 0.9982 | 23.4s
2026-04-08 14:47:43 - Epoch [40/100] LR: 1.50e-05/1.50e-04 | Loss: 0.5492 (seg=0.0015, cls=0.2738) | Cls Acc: 0.9632 | Seg IoU: 0.9969 | Seg Dice: 0.9985 | 23.7s
2026-04-08 14:47:43 - --------------------------------------------------
2026-04-08 14:47:50 - [Test] Cls — Acc: 0.7380 | P(macro): 0.6133 | R(macro): 0.5707 | F1(macro): 0.5749
2026-04-08 14:47:50 - [Test] Seg — Lesion IoU: 0.9964 | Lesion Dice: 0.9982
2026-04-08 14:47:50 - [Test] Classification Report:
              precision    recall  f1-score   support

      benign     0.4429    0.2403    0.3116       129
    no_tumor     0.7837    0.9010    0.8383       394

    accuracy                         0.7380       523
   macro avg     0.6133    0.5707    0.5749       523
weighted avg     0.6996    0.7380    0.7083       523

2026-04-08 14:47:50 - --------------------------------------------------
2026-04-08 14:48:13 - Epoch [41/100] LR: 1.47e-05/1.47e-04 | Loss: 0.5216 (seg=0.0014, cls=0.2601) | Cls Acc: 0.9641 | Seg IoU: 0.9971 | Seg Dice: 0.9985 | 23.1s
2026-04-08 14:48:37 - Epoch [42/100] LR: 1.44e-05/1.44e-04 | Loss: 0.5344 (seg=0.0013, cls=0.2665) | Cls Acc: 0.9641 | Seg IoU: 0.9973 | Seg Dice: 0.9986 | 24.1s
2026-04-08 14:49:00 - Epoch [43/100] LR: 1.41e-05/1.41e-04 | Loss: 0.5434 (seg=0.0013, cls=0.2710) | Cls Acc: 0.9673 | Seg IoU: 0.9972 | Seg Dice: 0.9986 | 22.9s
2026-04-08 14:49:23 - Epoch [44/100] LR: 1.38e-05/1.38e-04 | Loss: 0.5207 (seg=0.0012, cls=0.2598) | Cls Acc: 0.9698 | Seg IoU: 0.9977 | Seg Dice: 0.9988 | 23.8s
2026-04-08 14:49:46 - Epoch [45/100] LR: 1.35e-05/1.35e-04 | Loss: 0.5047 (seg=0.0010, cls=0.2518) | Cls Acc: 0.9722 | Seg IoU: 0.9978 | Seg Dice: 0.9989 | 23.1s
2026-04-08 14:49:47 - --------------------------------------------------
2026-04-08 14:49:52 - [Test] Cls — Acc: 0.7495 | P(macro): 0.6309 | R(macro): 0.5652 | F1(macro): 0.5662
2026-04-08 14:49:52 - [Test] Seg — Lesion IoU: 0.9976 | Lesion Dice: 0.9988
2026-04-08 14:49:52 - [Test] Classification Report:
              precision    recall  f1-score   support

      benign     0.4815    0.2016    0.2842       129
    no_tumor     0.7804    0.9289    0.8482       394

    accuracy                         0.7495       523
   macro avg     0.6309    0.5652    0.5662       523
weighted avg     0.7067    0.7495    0.7091       523

2026-04-08 14:49:52 - --------------------------------------------------
2026-04-08 14:50:17 - Epoch [46/100] LR: 1.32e-05/1.32e-04 | Loss: 0.5730 (seg=0.0010, cls=0.2860) | Cls Acc: 0.9567 | Seg IoU: 0.9980 | Seg Dice: 0.9990 | 24.2s
2026-04-08 14:50:40 - Epoch [47/100] LR: 1.28e-05/1.28e-04 | Loss: 0.4941 (seg=0.0011, cls=0.2465) | Cls Acc: 0.9763 | Seg IoU: 0.9978 | Seg Dice: 0.9989 | 23.3s
2026-04-08 14:51:04 - Epoch [48/100] LR: 1.25e-05/1.25e-04 | Loss: 0.5175 (seg=0.0010, cls=0.2583) | Cls Acc: 0.9698 | Seg IoU: 0.9980 | Seg Dice: 0.9990 | 24.2s
2026-04-08 14:51:27 - Epoch [49/100] LR: 1.22e-05/1.22e-04 | Loss: 0.4914 (seg=0.0008, cls=0.2453) | Cls Acc: 0.9779 | Seg IoU: 0.9983 | Seg Dice: 0.9991 | 23.2s
2026-04-08 14:51:51 - Epoch [50/100] LR: 1.18e-05/1.18e-04 | Loss: 0.5231 (seg=0.0008, cls=0.2611) | Cls Acc: 0.9673 | Seg IoU: 0.9983 | Seg Dice: 0.9992 | 23.8s
2026-04-08 14:51:51 - --------------------------------------------------
2026-04-08 14:51:57 - [Test] Cls — Acc: 0.7476 | P(macro): 0.6443 | R(macro): 0.6135 | F1(macro): 0.6226
2026-04-08 14:51:57 - [Test] Seg — Lesion IoU: 0.9977 | Lesion Dice: 0.9988
2026-04-08 14:51:57 - [Test] Classification Report:
              precision    recall  f1-score   support

      benign     0.4839    0.3488    0.4054       129
    no_tumor     0.8047    0.8782    0.8398       394

    accuracy                         0.7476       523
   macro avg     0.6443    0.6135    0.6226       523
weighted avg     0.7255    0.7476    0.7327       523

2026-04-08 14:51:57 - --------------------------------------------------
2026-04-08 14:52:20 - Epoch [51/100] LR: 1.15e-05/1.15e-04 | Loss: 0.5080 (seg=0.0008, cls=0.2536) | Cls Acc: 0.9722 | Seg IoU: 0.9983 | Seg Dice: 0.9992 | 23.2s
2026-04-08 14:52:44 - Epoch [52/100] LR: 1.11e-05/1.11e-04 | Loss: 0.4934 (seg=0.0008, cls=0.2463) | Cls Acc: 0.9796 | Seg IoU: 0.9984 | Seg Dice: 0.9992 | 24.2s
2026-04-08 14:53:07 - Epoch [53/100] LR: 1.08e-05/1.08e-04 | Loss: 0.4753 (seg=0.0008, cls=0.2373) | Cls Acc: 0.9820 | Seg IoU: 0.9984 | Seg Dice: 0.9992 | 22.9s
2026-04-08 14:53:31 - Epoch [54/100] LR: 1.04e-05/1.04e-04 | Loss: 0.4989 (seg=0.0008, cls=0.2491) | Cls Acc: 0.9755 | Seg IoU: 0.9984 | Seg Dice: 0.9992 | 24.2s
2026-04-08 14:53:55 - Epoch [55/100] LR: 1.01e-05/1.01e-04 | Loss: 0.5063 (seg=0.0007, cls=0.2528) | Cls Acc: 0.9739 | Seg IoU: 0.9985 | Seg Dice: 0.9992 | 23.2s
2026-04-08 14:53:55 - --------------------------------------------------
2026-04-08 14:54:01 - [Test] Cls — Acc: 0.7055 | P(macro): 0.5858 | R(macro): 0.5752 | F1(macro): 0.5787
2026-04-08 14:54:01 - [Test] Seg — Lesion IoU: 0.9984 | Lesion Dice: 0.9992
2026-04-08 14:54:01 - [Test] Classification Report:
              precision    recall  f1-score   support

      benign     0.3832    0.3178    0.3475       129
    no_tumor     0.7885    0.8325    0.8099       394

    accuracy                         0.7055       523
   macro avg     0.5858    0.5752    0.5787       523
weighted avg     0.6885    0.7055    0.6958       523

2026-04-08 14:54:01 - --------------------------------------------------
2026-04-08 14:54:25 - Epoch [56/100] LR: 9.75e-06/9.75e-05 | Loss: 0.4683 (seg=0.0007, cls=0.2338) | Cls Acc: 0.9828 | Seg IoU: 0.9986 | Seg Dice: 0.9993 | 24.2s
2026-04-08 14:54:48 - Epoch [57/100] LR: 9.41e-06/9.41e-05 | Loss: 0.4860 (seg=0.0006, cls=0.2427) | Cls Acc: 0.9779 | Seg IoU: 0.9987 | Seg Dice: 0.9994 | 22.9s
2026-04-08 14:55:12 - Epoch [58/100] LR: 9.07e-06/9.07e-05 | Loss: 0.5098 (seg=0.0006, cls=0.2546) | Cls Acc: 0.9747 | Seg IoU: 0.9988 | Seg Dice: 0.9994 | 24.2s
2026-04-08 14:55:35 - Epoch [59/100] LR: 8.72e-06/8.72e-05 | Loss: 0.4700 (seg=0.0006, cls=0.2347) | Cls Acc: 0.9861 | Seg IoU: 0.9987 | Seg Dice: 0.9994 | 22.9s
2026-04-08 14:55:59 - Epoch [60/100] LR: 8.38e-06/8.38e-05 | Loss: 0.4737 (seg=0.0006, cls=0.2365) | Cls Acc: 0.9804 | Seg IoU: 0.9987 | Seg Dice: 0.9994 | 24.0s
2026-04-08 14:55:59 - --------------------------------------------------
2026-04-08 14:56:04 - [Test] Cls — Acc: 0.7323 | P(macro): 0.5963 | R(macro): 0.5564 | F1(macro): 0.5570
2026-04-08 14:56:04 - [Test] Seg — Lesion IoU: 0.9986 | Lesion Dice: 0.9993
2026-04-08 14:56:04 - [Test] Classification Report:
              precision    recall  f1-score   support

      benign     0.4154    0.2093    0.2784       129
    no_tumor     0.7773    0.9036    0.8357       394

    accuracy                         0.7323       523
   macro avg     0.5963    0.5564    0.5570       523
weighted avg     0.6880    0.7323    0.6982       523

2026-04-08 14:56:04 - --------------------------------------------------
2026-04-08 14:56:27 - Epoch [61/100] LR: 8.04e-06/8.04e-05 | Loss: 0.4588 (seg=0.0006, cls=0.2291) | Cls Acc: 0.9845 | Seg IoU: 0.9988 | Seg Dice: 0.9994 | 22.8s
2026-04-08 14:56:51 - Epoch [62/100] LR: 7.70e-06/7.70e-05 | Loss: 0.4374 (seg=0.0006, cls=0.2184) | Cls Acc: 0.9894 | Seg IoU: 0.9988 | Seg Dice: 0.9994 | 24.0s
2026-04-08 14:57:14 - Epoch [63/100] LR: 7.37e-06/7.37e-05 | Loss: 0.4642 (seg=0.0006, cls=0.2318) | Cls Acc: 0.9845 | Seg IoU: 0.9988 | Seg Dice: 0.9994 | 22.7s
2026-04-08 14:57:38 - Epoch [64/100] LR: 7.04e-06/7.04e-05 | Loss: 0.4515 (seg=0.0005, cls=0.2255) | Cls Acc: 0.9861 | Seg IoU: 0.9990 | Seg Dice: 0.9995 | 23.8s
2026-04-08 14:58:00 - Epoch [65/100] LR: 6.71e-06/6.71e-05 | Loss: 0.4743 (seg=0.0005, cls=0.2369) | Cls Acc: 0.9804 | Seg IoU: 0.9990 | Seg Dice: 0.9995 | 22.8s
2026-04-08 14:58:00 - --------------------------------------------------
2026-04-08 14:58:06 - [Test] Cls — Acc: 0.7208 | P(macro): 0.5985 | R(macro): 0.5775 | F1(macro): 0.5826
2026-04-08 14:58:06 - [Test] Seg — Lesion IoU: 0.9987 | Lesion Dice: 0.9993
2026-04-08 14:58:06 - [Test] Classification Report:
              precision    recall  f1-score   support

      benign     0.4086    0.2946    0.3423       129
    no_tumor     0.7884    0.8604    0.8228       394

    accuracy                         0.7208       523
   macro avg     0.5985    0.5775    0.5826       523
weighted avg     0.6947    0.7208    0.7043       523

2026-04-08 14:58:06 - --------------------------------------------------
2026-04-08 14:58:30 - Epoch [66/100] LR: 6.39e-06/6.39e-05 | Loss: 0.4366 (seg=0.0005, cls=0.2180) | Cls Acc: 0.9910 | Seg IoU: 0.9990 | Seg Dice: 0.9995 | 23.6s
2026-04-08 14:58:53 - Epoch [67/100] LR: 6.07e-06/6.07e-05 | Loss: 0.4707 (seg=0.0005, cls=0.2351) | Cls Acc: 0.9845 | Seg IoU: 0.9990 | Seg Dice: 0.9995 | 23.1s
2026-04-08 14:59:17 - Epoch [68/100] LR: 5.76e-06/5.76e-05 | Loss: 0.4732 (seg=0.0005, cls=0.2364) | Cls Acc: 0.9812 | Seg IoU: 0.9989 | Seg Dice: 0.9995 | 23.9s
2026-04-08 14:59:40 - Epoch [69/100] LR: 5.45e-06/5.45e-05 | Loss: 0.4447 (seg=0.0005, cls=0.2221) | Cls Acc: 0.9902 | Seg IoU: 0.9990 | Seg Dice: 0.9995 | 23.1s
2026-04-08 15:00:04 - Epoch [70/100] LR: 5.15e-06/5.15e-05 | Loss: 0.4455 (seg=0.0005, cls=0.2225) | Cls Acc: 0.9894 | Seg IoU: 0.9990 | Seg Dice: 0.9995 | 24.1s
2026-04-08 15:00:04 - --------------------------------------------------
2026-04-08 15:00:09 - [Test] Cls — Acc: 0.7610 | P(macro): 0.6623 | R(macro): 0.5963 | F1(macro): 0.6060
2026-04-08 15:00:09 - [Test] Seg — Lesion IoU: 0.9990 | Lesion Dice: 0.9995
2026-04-08 15:00:10 - [Test] Classification Report:
              precision    recall  f1-score   support

      benign     0.5303    0.2713    0.3590       129
    no_tumor     0.7943    0.9213    0.8531       394

    accuracy                         0.7610       523
   macro avg     0.6623    0.5963    0.6060       523
weighted avg     0.7292    0.7610    0.7312       523

2026-04-08 15:00:10 - --------------------------------------------------
2026-04-08 15:00:32 - Epoch [71/100] LR: 4.85e-06/4.85e-05 | Loss: 0.4301 (seg=0.0005, cls=0.2148) | Cls Acc: 0.9910 | Seg IoU: 0.9990 | Seg Dice: 0.9995 | 23.0s
2026-04-08 15:00:56 - Epoch [72/100] LR: 4.56e-06/4.56e-05 | Loss: 0.4801 (seg=0.0004, cls=0.2399) | Cls Acc: 0.9804 | Seg IoU: 0.9992 | Seg Dice: 0.9996 | 23.9s
2026-04-08 15:01:20 - Epoch [73/100] LR: 4.28e-06/4.28e-05 | Loss: 0.4521 (seg=0.0004, cls=0.2258) | Cls Acc: 0.9861 | Seg IoU: 0.9991 | Seg Dice: 0.9996 | 23.3s
2026-04-08 15:01:44 - Epoch [74/100] LR: 4.00e-06/4.00e-05 | Loss: 0.4360 (seg=0.0004, cls=0.2178) | Cls Acc: 0.9926 | Seg IoU: 0.9991 | Seg Dice: 0.9995 | 23.8s
2026-04-08 15:02:07 - Epoch [75/100] LR: 3.74e-06/3.74e-05 | Loss: 0.4401 (seg=0.0004, cls=0.2199) | Cls Acc: 0.9894 | Seg IoU: 0.9993 | Seg Dice: 0.9996 | 23.0s
2026-04-08 15:02:07 - --------------------------------------------------
2026-04-08 15:02:12 - [Test] Cls — Acc: 0.7438 | P(macro): 0.6227 | R(macro): 0.5719 | F1(macro): 0.5760
2026-04-08 15:02:12 - [Test] Seg — Lesion IoU: 0.9991 | Lesion Dice: 0.9995
2026-04-08 15:02:12 - [Test] Classification Report:
              precision    recall  f1-score   support

      benign     0.4615    0.2326    0.3093       129
    no_tumor     0.7838    0.9112    0.8427       394

    accuracy                         0.7438       523
   macro avg     0.6227    0.5719    0.5760       523
weighted avg     0.7043    0.7438    0.7111       523

2026-04-08 15:02:12 - --------------------------------------------------
2026-04-08 15:02:36 - Epoch [76/100] LR: 3.48e-06/3.48e-05 | Loss: 0.4462 (seg=0.0004, cls=0.2229) | Cls Acc: 0.9902 | Seg IoU: 0.9991 | Seg Dice: 0.9996 | 23.9s
2026-04-08 15:03:00 - Epoch [77/100] LR: 3.22e-06/3.22e-05 | Loss: 0.4583 (seg=0.0004, cls=0.2289) | Cls Acc: 0.9861 | Seg IoU: 0.9992 | Seg Dice: 0.9996 | 23.5s
2026-04-08 15:03:24 - Epoch [78/100] LR: 2.98e-06/2.98e-05 | Loss: 0.4410 (seg=0.0004, cls=0.2203) | Cls Acc: 0.9910 | Seg IoU: 0.9992 | Seg Dice: 0.9996 | 23.8s
2026-04-08 15:03:56 - Epoch [79/100] LR: 2.74e-06/2.74e-05 | Loss: 0.4325 (seg=0.0004, cls=0.2161) | Cls Acc: 0.9926 | Seg IoU: 0.9993 | Seg Dice: 0.9996 | 32.5s
2026-04-08 15:04:36 - Epoch [80/100] LR: 2.52e-06/2.52e-05 | Loss: 0.4466 (seg=0.0003, cls=0.2231) | Cls Acc: 0.9886 | Seg IoU: 0.9993 | Seg Dice: 0.9996 | 39.8s
2026-04-08 15:04:36 - --------------------------------------------------
2026-04-08 15:04:45 - [Test] Cls — Acc: 0.7457 | P(macro): 0.6328 | R(macro): 0.5888 | F1(macro): 0.5965
2026-04-08 15:04:45 - [Test] Seg — Lesion IoU: 0.9991 | Lesion Dice: 0.9996
2026-04-08 15:04:45 - [Test] Classification Report:
              precision    recall  f1-score   support

      benign     0.4737    0.2791    0.3512       129
    no_tumor     0.7919    0.8985    0.8419       394

    accuracy                         0.7457       523
   macro avg     0.6328    0.5888    0.5965       523
weighted avg     0.7134    0.7457    0.7208       523

2026-04-08 15:04:45 - --------------------------------------------------
2026-04-08 15:05:24 - Epoch [81/100] LR: 2.30e-06/2.30e-05 | Loss: 0.4256 (seg=0.0003, cls=0.2126) | Cls Acc: 0.9943 | Seg IoU: 0.9993 | Seg Dice: 0.9997 | 39.5s
2026-04-08 15:06:02 - Epoch [82/100] LR: 2.09e-06/2.09e-05 | Loss: 0.4409 (seg=0.0004, cls=0.2203) | Cls Acc: 0.9902 | Seg IoU: 0.9993 | Seg Dice: 0.9996 | 37.9s
2026-04-08 15:06:42 - Epoch [83/100] LR: 1.89e-06/1.89e-05 | Loss: 0.4419 (seg=0.0003, cls=0.2208) | Cls Acc: 0.9902 | Seg IoU: 0.9993 | Seg Dice: 0.9996 | 39.3s
2026-04-08 15:07:19 - Epoch [84/100] LR: 1.70e-06/1.70e-05 | Loss: 0.4454 (seg=0.0003, cls=0.2225) | Cls Acc: 0.9877 | Seg IoU: 0.9993 | Seg Dice: 0.9996 | 37.2s
2026-04-08 15:08:00 - Epoch [85/100] LR: 1.53e-06/1.53e-05 | Loss: 0.4444 (seg=0.0003, cls=0.2220) | Cls Acc: 0.9894 | Seg IoU: 0.9993 | Seg Dice: 0.9996 | 40.8s
2026-04-08 15:08:00 - --------------------------------------------------
2026-04-08 15:08:09 - [Test] Cls — Acc: 0.7514 | P(macro): 0.6380 | R(macro): 0.5743 | F1(macro): 0.5785
2026-04-08 15:08:09 - [Test] Seg — Lesion IoU: 0.9992 | Lesion Dice: 0.9996
2026-04-08 15:08:09 - [Test] Classification Report:
              precision    recall  f1-score   support

      benign     0.4915    0.2248    0.3085       129
    no_tumor     0.7845    0.9239    0.8485       394

    accuracy                         0.7514       523
   macro avg     0.6380    0.5743    0.5785       523
weighted avg     0.7122    0.7514    0.7153       523

2026-04-08 15:08:09 - --------------------------------------------------
2026-04-08 15:08:49 - Epoch [86/100] LR: 1.36e-06/1.36e-05 | Loss: 0.4405 (seg=0.0003, cls=0.2201) | Cls Acc: 0.9910 | Seg IoU: 0.9993 | Seg Dice: 0.9996 | 39.8s
2026-04-08 15:09:25 - Epoch [87/100] LR: 1.20e-06/1.20e-05 | Loss: 0.4421 (seg=0.0003, cls=0.2209) | Cls Acc: 0.9894 | Seg IoU: 0.9993 | Seg Dice: 0.9997 | 36.8s
2026-04-08 15:10:05 - Epoch [88/100] LR: 1.06e-06/1.06e-05 | Loss: 0.4272 (seg=0.0003, cls=0.2134) | Cls Acc: 0.9918 | Seg IoU: 0.9993 | Seg Dice: 0.9996 | 39.8s
2026-04-08 15:10:45 - Epoch [89/100] LR: 9.21e-07/9.21e-06 | Loss: 0.4278 (seg=0.0003, cls=0.2137) | Cls Acc: 0.9918 | Seg IoU: 0.9993 | Seg Dice: 0.9997 | 39.8s
2026-04-08 15:11:26 - Epoch [90/100] LR: 7.97e-07/7.97e-06 | Loss: 0.4615 (seg=0.0003, cls=0.2306) | Cls Acc: 0.9861 | Seg IoU: 0.9993 | Seg Dice: 0.9997 | 40.9s
2026-04-08 15:11:26 - --------------------------------------------------
2026-04-08 15:11:35 - [Test] Cls — Acc: 0.7361 | P(macro): 0.6157 | R(macro): 0.5798 | F1(macro): 0.5859
2026-04-08 15:11:35 - [Test] Seg — Lesion IoU: 0.9992 | Lesion Dice: 0.9996
2026-04-08 15:11:35 - [Test] Classification Report:
              precision    recall  f1-score   support

      benign     0.4430    0.2713    0.3365       129
    no_tumor     0.7883    0.8883    0.8353       394

    accuracy                         0.7361       523
   macro avg     0.6157    0.5798    0.5859       523
weighted avg     0.7031    0.7361    0.7123       523

2026-04-08 15:11:35 - --------------------------------------------------
2026-04-08 15:12:15 - Epoch [91/100] LR: 6.85e-07/6.85e-06 | Loss: 0.4289 (seg=0.0003, cls=0.2143) | Cls Acc: 0.9926 | Seg IoU: 0.9993 | Seg Dice: 0.9997 | 40.0s
2026-04-08 15:12:54 - Epoch [92/100] LR: 5.84e-07/5.84e-06 | Loss: 0.4226 (seg=0.0003, cls=0.2111) | Cls Acc: 0.9926 | Seg IoU: 0.9993 | Seg Dice: 0.9997 | 39.5s
2026-04-08 15:13:34 - Epoch [93/100] LR: 4.94e-07/4.94e-06 | Loss: 0.4255 (seg=0.0003, cls=0.2126) | Cls Acc: 0.9926 | Seg IoU: 0.9993 | Seg Dice: 0.9997 | 39.9s
2026-04-08 15:14:14 - Epoch [94/100] LR: 4.16e-07/4.16e-06 | Loss: 0.4241 (seg=0.0003, cls=0.2119) | Cls Acc: 0.9943 | Seg IoU: 0.9993 | Seg Dice: 0.9997 | 39.7s
2026-04-08 15:14:52 - Epoch [95/100] LR: 3.50e-07/3.50e-06 | Loss: 0.4273 (seg=0.0003, cls=0.2135) | Cls Acc: 0.9935 | Seg IoU: 0.9993 | Seg Dice: 0.9996 | 38.2s
2026-04-08 15:14:52 - --------------------------------------------------
2026-04-08 15:15:03 - [Test] Cls — Acc: 0.7400 | P(macro): 0.6231 | R(macro): 0.5850 | F1(macro): 0.5919
2026-04-08 15:15:03 - [Test] Seg — Lesion IoU: 0.9992 | Lesion Dice: 0.9996
2026-04-08 15:15:03 - [Test] Classification Report:
              precision    recall  f1-score   support

      benign     0.4557    0.2791    0.3462       129
    no_tumor     0.7905    0.8909    0.8377       394

    accuracy                         0.7400       523
   macro avg     0.6231    0.5850    0.5919       523
weighted avg     0.7079    0.7400    0.7165       523

2026-04-08 15:15:03 - --------------------------------------------------
2026-04-08 15:15:43 - Epoch [96/100] LR: 2.96e-07/2.96e-06 | Loss: 0.4222 (seg=0.0003, cls=0.2110) | Cls Acc: 0.9959 | Seg IoU: 0.9994 | Seg Dice: 0.9997 | 40.2s
2026-04-08 15:16:23 - Epoch [97/100] LR: 2.54e-07/2.54e-06 | Loss: 0.4288 (seg=0.0003, cls=0.2142) | Cls Acc: 0.9926 | Seg IoU: 0.9993 | Seg Dice: 0.9997 | 39.2s
2026-04-08 15:17:02 - Epoch [98/100] LR: 2.24e-07/2.24e-06 | Loss: 0.4311 (seg=0.0003, cls=0.2154) | Cls Acc: 0.9918 | Seg IoU: 0.9993 | Seg Dice: 0.9996 | 39.3s
2026-04-08 15:17:41 - Epoch [99/100] LR: 2.06e-07/2.06e-06 | Loss: 0.4154 (seg=0.0003, cls=0.2075) | Cls Acc: 0.9951 | Seg IoU: 0.9994 | Seg Dice: 0.9997 | 39.5s
2026-04-08 15:18:21 - Epoch [100/100] LR: 2.00e-07/2.00e-06 | Loss: 0.4257 (seg=0.0003, cls=0.2127) | Cls Acc: 0.9935 | Seg IoU: 0.9994 | Seg Dice: 0.9997 | 39.8s
2026-04-08 15:18:21 - --------------------------------------------------
2026-04-08 15:18:31 - [Test] Cls — Acc: 0.7361 | P(macro): 0.6157 | R(macro): 0.5798 | F1(macro): 0.5859
2026-04-08 15:18:31 - [Test] Seg — Lesion IoU: 0.9992 | Lesion Dice: 0.9996
2026-04-08 15:18:31 - [Test] Classification Report:
              precision    recall  f1-score   support

      benign     0.4430    0.2713    0.3365       129
    no_tumor     0.7883    0.8883    0.8353       394

    accuracy                         0.7361       523
   macro avg     0.6157    0.5798    0.5859       523
weighted avg     0.7031    0.7361    0.7123       523

2026-04-08 15:18:31 - --------------------------------------------------
2026-04-08 15:18:31 - 
======================================================================
2026-04-08 15:18:31 - 训练完成! 最优模型: Epoch 10, F1: 0.6362
2026-04-08 15:18:31 - ======================================================================
2026-04-08 15:18:31 - 
加载最优权重进行最终测试...
2026-04-08 15:18:32 - ======================================================================
2026-04-08 15:18:32 - 最终测试结果 (最优权重, threshold=0.5)
2026-04-08 15:18:32 - ======================================================================
2026-04-08 15:18:43 - [Final Test] Cls — Acc: 0.6788 | P(macro): 0.6381 | R(macro): 0.6799 | F1(macro): 0.6362
2026-04-08 15:18:43 - [Final Test] Seg — Lesion IoU: 0.9662 | Lesion Dice: 0.9828
2026-04-08 15:18:43 - [Final Test] Classification Report:
              precision    recall  f1-score   support

      benign     0.4093    0.6822    0.5116       129
    no_tumor     0.8669    0.6777    0.7607       394

    accuracy                         0.6788       523
   macro avg     0.6381    0.6799    0.6362       523
weighted avg     0.7540    0.6788    0.6993       523

2026-04-08 15:18:43 - 
======================================================================
2026-04-08 15:18:43 - 阈值优化搜索
2026-04-08 15:18:43 - ======================================================================
2026-04-08 15:18:54 - 最优阈值: 0.715 (F1: 0.6572 vs 默认0.5 F1: 0.6362)
2026-04-08 15:19:04 - [Final Test (最优阈值)] Threshold: 0.715 | Acc: 0.7380 | P(macro): 0.6535 | R(macro): 0.6619 | F1(macro): 0.6572
2026-04-08 15:19:04 - [Final Test (最优阈值)] Classification Report:
              precision    recall  f1-score   support

      benign     0.4714    0.5116    0.4907       129
    no_tumor     0.8355    0.8122    0.8237       394

    accuracy                         0.7380       523
   macro avg     0.6535    0.6619    0.6572       523
weighted avg     0.7457    0.7380    0.7416       523

2026-04-08 15:19:04 - 训练脚本已复制到: /data1/ouyangxinglong/GBP-Cascade/0408/logs/20260408_task2_SwinV2Tiny_segcls_20/20260408_task2_SwinV2Tiny_segcls_20.py
