2026-04-03 08:25:16 - ======================================================================
2026-04-03 08:25:16 - 实验名称: 20260402_task2_MaxViT_segcls_6
2026-04-03 08:25:16 - 模型: MaxViT-Tiny@320 + 4ch + Seg-Guided Attention Cls
2026-04-03 08:25:16 - 修改: MaxViT-Tiny@320 + 4ch(RGB+mask)输入 + UNet分割→seg-guided attention分类 + lambda_cls=2.0 + dropout=0.4 + 无Mixup + 无metadata + 100ep
2026-04-03 08:25:16 - 输入通道: 4
2026-04-03 08:25:16 - 图像尺寸: 320
2026-04-03 08:25:16 - 分割类别: 2
2026-04-03 08:25:16 - 分类类别: ['benign', 'no_tumor']
2026-04-03 08:25:16 - Batch Size: 8
2026-04-03 08:25:16 - Backbone LR: 2e-05
2026-04-03 08:25:16 - Head LR: 0.0002
2026-04-03 08:25:16 - Weight Decay: 0.05
2026-04-03 08:25:16 - Warmup Epochs: 8
2026-04-03 08:25:16 - Lambda Cls: 2.0
2026-04-03 08:25:16 - Label Smoothing: 0.1
2026-04-03 08:25:16 - Seed: 42
2026-04-03 08:25:16 - Epochs: 100
2026-04-03 08:25:16 - Grad Clip: 1.0
2026-04-03 08:25:16 - 设备: cuda
2026-04-03 08:25:16 - ======================================================================
2026-04-03 08:25:16 - 训练集: 1229 张 (benign=309, no_tumor=920)
2026-04-03 08:25:16 - 测试集: 523 张 (benign=129, no_tumor=394)
2026-04-03 08:26:54 - 模型参数量: 33,328,076
2026-04-03 08:26:54 - 可训练参数量: 33,328,076
2026-04-03 08:26:54 - 分类类别权重: benign=1.9887, no_tumor=0.6679
2026-04-03 08:26:54 - 分割类别权重: bg=1.0, lesion=5.0
2026-04-03 08:26:54 - 
======================================================================
2026-04-03 08:26:54 - 开始训练
2026-04-03 08:26:54 - ======================================================================
2026-04-03 08:27:17 - Epoch [1/100] LR: 2.50e-06/2.50e-05 | Loss: 2.2853 (seg=0.8435, cls=0.7209) | Cls Acc: 0.6650 | Seg IoU: 0.2660 | Seg Dice: 0.3199 | 22.6s
2026-04-03 08:27:37 - Epoch [2/100] LR: 5.00e-06/5.00e-05 | Loss: 1.9378 (seg=0.5054, cls=0.7162) | Cls Acc: 0.5319 | Seg IoU: 0.8706 | Seg Dice: 0.9305 | 20.7s
2026-04-03 08:27:59 - Epoch [3/100] LR: 7.50e-06/7.50e-05 | Loss: 1.7739 (seg=0.3793, cls=0.6973) | Cls Acc: 0.6356 | Seg IoU: 0.8953 | Seg Dice: 0.9445 | 21.3s
2026-04-03 08:28:20 - Epoch [4/100] LR: 1.00e-05/1.00e-04 | Loss: 1.6615 (seg=0.3147, cls=0.6734) | Cls Acc: 0.6683 | Seg IoU: 0.9133 | Seg Dice: 0.9545 | 21.8s
2026-04-03 08:28:42 - Epoch [5/100] LR: 1.25e-05/1.25e-04 | Loss: 1.6011 (seg=0.2660, cls=0.6675) | Cls Acc: 0.6830 | Seg IoU: 0.9283 | Seg Dice: 0.9627 | 21.5s
2026-04-03 08:28:42 - --------------------------------------------------
2026-04-03 08:28:46 - [Test] Cls — Acc: 0.7323 | P(macro): 0.6051 | R(macro): 0.5695 | F1(macro): 0.5737
2026-04-03 08:28:46 - [Test] Seg — Lesion IoU: 0.9248 | Lesion Dice: 0.9609
2026-04-03 08:28:46 - [Test] Classification Report:
              precision    recall  f1-score   support

      benign     0.4267    0.2481    0.3137       129
    no_tumor     0.7835    0.8909    0.8337       394

    accuracy                         0.7323       523
   macro avg     0.6051    0.5695    0.5737       523
weighted avg     0.6955    0.7323    0.7055       523

2026-04-03 08:28:47 - *** 保存最优模型 (F1: 0.5737, Epoch: 5) ***
2026-04-03 08:28:47 - --------------------------------------------------
2026-04-03 08:29:08 - Epoch [6/100] LR: 1.50e-05/1.50e-04 | Loss: 1.5260 (seg=0.2198, cls=0.6531) | Cls Acc: 0.6944 | Seg IoU: 0.9395 | Seg Dice: 0.9687 | 21.8s
2026-04-03 08:29:30 - Epoch [7/100] LR: 1.75e-05/1.75e-04 | Loss: 1.4999 (seg=0.1832, cls=0.6584) | Cls Acc: 0.7328 | Seg IoU: 0.9428 | Seg Dice: 0.9705 | 21.4s
2026-04-03 08:29:50 - Epoch [8/100] LR: 2.00e-05/2.00e-04 | Loss: 1.4367 (seg=0.1408, cls=0.6480) | Cls Acc: 0.7165 | Seg IoU: 0.9546 | Seg Dice: 0.9767 | 20.4s
2026-04-03 08:30:11 - Epoch [9/100] LR: 2.00e-05/2.00e-04 | Loss: 1.3786 (seg=0.1070, cls=0.6358) | Cls Acc: 0.7508 | Seg IoU: 0.9610 | Seg Dice: 0.9801 | 21.2s
2026-04-03 08:30:32 - Epoch [10/100] LR: 2.00e-05/2.00e-04 | Loss: 1.3463 (seg=0.0853, cls=0.6305) | Cls Acc: 0.7271 | Seg IoU: 0.9630 | Seg Dice: 0.9811 | 21.1s
2026-04-03 08:30:32 - --------------------------------------------------
2026-04-03 08:30:36 - [Test] Cls — Acc: 0.7017 | P(macro): 0.6034 | R(macro): 0.6065 | F1(macro): 0.6048
2026-04-03 08:30:36 - [Test] Seg — Lesion IoU: 0.9602 | Lesion Dice: 0.9797
2026-04-03 08:30:36 - [Test] Classification Report:
              precision    recall  f1-score   support

      benign     0.4000    0.4186    0.4091       129
    no_tumor     0.8067    0.7944    0.8005       394

    accuracy                         0.7017       523
   macro avg     0.6034    0.6065    0.6048       523
weighted avg     0.7064    0.7017    0.7040       523

2026-04-03 08:30:37 - *** 保存最优模型 (F1: 0.6048, Epoch: 10) ***
2026-04-03 08:30:37 - --------------------------------------------------
2026-04-03 08:30:58 - Epoch [11/100] LR: 1.99e-05/1.99e-04 | Loss: 1.3102 (seg=0.0693, cls=0.6205) | Cls Acc: 0.7565 | Seg IoU: 0.9663 | Seg Dice: 0.9828 | 20.9s
2026-04-03 08:31:18 - Epoch [12/100] LR: 1.99e-05/1.99e-04 | Loss: 1.2548 (seg=0.0571, cls=0.5989) | Cls Acc: 0.7721 | Seg IoU: 0.9703 | Seg Dice: 0.9849 | 20.6s
2026-04-03 08:31:40 - Epoch [13/100] LR: 1.99e-05/1.99e-04 | Loss: 1.2571 (seg=0.0494, cls=0.6038) | Cls Acc: 0.7721 | Seg IoU: 0.9686 | Seg Dice: 0.9841 | 22.0s
2026-04-03 08:32:02 - Epoch [14/100] LR: 1.98e-05/1.98e-04 | Loss: 1.2009 (seg=0.0418, cls=0.5795) | Cls Acc: 0.8023 | Seg IoU: 0.9720 | Seg Dice: 0.9858 | 22.0s
2026-04-03 08:32:25 - Epoch [15/100] LR: 1.97e-05/1.97e-04 | Loss: 1.2370 (seg=0.0368, cls=0.6001) | Cls Acc: 0.7647 | Seg IoU: 0.9707 | Seg Dice: 0.9851 | 22.5s
2026-04-03 08:32:25 - --------------------------------------------------
2026-04-03 08:32:28 - [Test] Cls — Acc: 0.6673 | P(macro): 0.6068 | R(macro): 0.6332 | F1(macro): 0.6083
2026-04-03 08:32:28 - [Test] Seg — Lesion IoU: 0.9737 | Lesion Dice: 0.9866
2026-04-03 08:32:28 - [Test] Classification Report:
              precision    recall  f1-score   support

      benign     0.3822    0.5659    0.4562       129
    no_tumor     0.8313    0.7005    0.7603       394

    accuracy                         0.6673       523
   macro avg     0.6068    0.6332    0.6083       523
weighted avg     0.7205    0.6673    0.6853       523

2026-04-03 08:32:29 - *** 保存最优模型 (F1: 0.6083, Epoch: 15) ***
2026-04-03 08:32:29 - --------------------------------------------------
2026-04-03 08:32:50 - Epoch [16/100] LR: 1.96e-05/1.96e-04 | Loss: 1.1547 (seg=0.0317, cls=0.5615) | Cls Acc: 0.8145 | Seg IoU: 0.9733 | Seg Dice: 0.9865 | 21.4s
2026-04-03 08:33:12 - Epoch [17/100] LR: 1.95e-05/1.95e-04 | Loss: 1.0985 (seg=0.0288, cls=0.5348) | Cls Acc: 0.8260 | Seg IoU: 0.9741 | Seg Dice: 0.9869 | 21.2s
2026-04-03 08:33:34 - Epoch [18/100] LR: 1.94e-05/1.94e-04 | Loss: 1.1101 (seg=0.0268, cls=0.5416) | Cls Acc: 0.8080 | Seg IoU: 0.9732 | Seg Dice: 0.9864 | 22.3s
2026-04-03 08:33:55 - Epoch [19/100] LR: 1.93e-05/1.93e-04 | Loss: 1.0203 (seg=0.0245, cls=0.4979) | Cls Acc: 0.8652 | Seg IoU: 0.9750 | Seg Dice: 0.9874 | 21.3s
2026-04-03 08:34:17 - Epoch [20/100] LR: 1.92e-05/1.92e-04 | Loss: 1.0656 (seg=0.0225, cls=0.5215) | Cls Acc: 0.8603 | Seg IoU: 0.9752 | Seg Dice: 0.9874 | 22.1s
2026-04-03 08:34:17 - --------------------------------------------------
2026-04-03 08:34:21 - [Test] Cls — Acc: 0.7055 | P(macro): 0.5960 | R(macro): 0.5908 | F1(macro): 0.5930
2026-04-03 08:34:21 - [Test] Seg — Lesion IoU: 0.9754 | Lesion Dice: 0.9875
2026-04-03 08:34:21 - [Test] Classification Report:
              precision    recall  f1-score   support

      benign     0.3950    0.3643    0.3790       129
    no_tumor     0.7970    0.8173    0.8070       394

    accuracy                         0.7055       523
   macro avg     0.5960    0.5908    0.5930       523
weighted avg     0.6979    0.7055    0.7015       523

2026-04-03 08:34:21 - --------------------------------------------------
2026-04-03 08:34:42 - Epoch [21/100] LR: 1.90e-05/1.90e-04 | Loss: 1.0219 (seg=0.0209, cls=0.5005) | Cls Acc: 0.8554 | Seg IoU: 0.9766 | Seg Dice: 0.9881 | 21.2s
2026-04-03 08:35:04 - Epoch [22/100] LR: 1.89e-05/1.89e-04 | Loss: 0.9807 (seg=0.0192, cls=0.4808) | Cls Acc: 0.8815 | Seg IoU: 0.9774 | Seg Dice: 0.9886 | 21.8s
2026-04-03 08:35:25 - Epoch [23/100] LR: 1.87e-05/1.87e-04 | Loss: 0.9574 (seg=0.0183, cls=0.4695) | Cls Acc: 0.8832 | Seg IoU: 0.9760 | Seg Dice: 0.9878 | 21.2s
2026-04-03 08:35:46 - Epoch [24/100] LR: 1.86e-05/1.86e-04 | Loss: 0.9157 (seg=0.0167, cls=0.4495) | Cls Acc: 0.8954 | Seg IoU: 0.9779 | Seg Dice: 0.9888 | 21.7s
2026-04-03 08:36:08 - Epoch [25/100] LR: 1.84e-05/1.84e-04 | Loss: 0.9547 (seg=0.0155, cls=0.4696) | Cls Acc: 0.8946 | Seg IoU: 0.9784 | Seg Dice: 0.9891 | 21.4s
2026-04-03 08:36:08 - --------------------------------------------------
2026-04-03 08:36:11 - [Test] Cls — Acc: 0.7361 | P(macro): 0.6143 | R(macro): 0.5772 | F1(macro): 0.5829
2026-04-03 08:36:11 - [Test] Seg — Lesion IoU: 0.9794 | Lesion Dice: 0.9896
2026-04-03 08:36:11 - [Test] Classification Report:
              precision    recall  f1-score   support

      benign     0.4416    0.2636    0.3301       129
    no_tumor     0.7870    0.8909    0.8357       394

    accuracy                         0.7361       523
   macro avg     0.6143    0.5772    0.5829       523
weighted avg     0.7018    0.7361    0.7110       523

2026-04-03 08:36:11 - --------------------------------------------------
2026-04-03 08:36:32 - Epoch [26/100] LR: 1.82e-05/1.82e-04 | Loss: 0.9141 (seg=0.0148, cls=0.4497) | Cls Acc: 0.9020 | Seg IoU: 0.9780 | Seg Dice: 0.9889 | 21.1s
2026-04-03 08:36:53 - Epoch [27/100] LR: 1.80e-05/1.80e-04 | Loss: 0.8858 (seg=0.0139, cls=0.4359) | Cls Acc: 0.9109 | Seg IoU: 0.9785 | Seg Dice: 0.9891 | 21.3s
2026-04-03 08:37:15 - Epoch [28/100] LR: 1.78e-05/1.78e-04 | Loss: 0.8816 (seg=0.0126, cls=0.4345) | Cls Acc: 0.9060 | Seg IoU: 0.9796 | Seg Dice: 0.9897 | 21.8s
2026-04-03 08:37:37 - Epoch [29/100] LR: 1.76e-05/1.76e-04 | Loss: 0.8806 (seg=0.0124, cls=0.4341) | Cls Acc: 0.9208 | Seg IoU: 0.9797 | Seg Dice: 0.9897 | 22.0s
2026-04-03 08:37:58 - Epoch [30/100] LR: 1.73e-05/1.73e-04 | Loss: 0.8739 (seg=0.0113, cls=0.4313) | Cls Acc: 0.9126 | Seg IoU: 0.9804 | Seg Dice: 0.9901 | 21.5s
2026-04-03 08:37:58 - --------------------------------------------------
2026-04-03 08:38:01 - [Test] Cls — Acc: 0.6750 | P(macro): 0.5809 | R(macro): 0.5887 | F1(macro): 0.5836
2026-04-03 08:38:01 - [Test] Seg — Lesion IoU: 0.9840 | Lesion Dice: 0.9919
2026-04-03 08:38:01 - [Test] Classification Report:
              precision    recall  f1-score   support

      benign     0.3624    0.4186    0.3885       129
    no_tumor     0.7995    0.7589    0.7786       394

    accuracy                         0.6750       523
   macro avg     0.5809    0.5887    0.5836       523
weighted avg     0.6917    0.6750    0.6824       523

2026-04-03 08:38:01 - --------------------------------------------------
2026-04-03 08:38:23 - Epoch [31/100] LR: 1.71e-05/1.71e-04 | Loss: 0.8218 (seg=0.0122, cls=0.4048) | Cls Acc: 0.9273 | Seg IoU: 0.9775 | Seg Dice: 0.9886 | 21.7s
2026-04-03 08:38:44 - Epoch [32/100] LR: 1.69e-05/1.69e-04 | Loss: 0.8349 (seg=0.0099, cls=0.4125) | Cls Acc: 0.9322 | Seg IoU: 0.9820 | Seg Dice: 0.9909 | 20.9s
2026-04-03 08:39:05 - Epoch [33/100] LR: 1.66e-05/1.66e-04 | Loss: 0.8386 (seg=0.0095, cls=0.4145) | Cls Acc: 0.9224 | Seg IoU: 0.9820 | Seg Dice: 0.9909 | 21.4s
2026-04-03 08:39:27 - Epoch [34/100] LR: 1.63e-05/1.63e-04 | Loss: 0.7583 (seg=0.0094, cls=0.3745) | Cls Acc: 0.9502 | Seg IoU: 0.9815 | Seg Dice: 0.9907 | 21.7s
2026-04-03 08:39:49 - Epoch [35/100] LR: 1.61e-05/1.61e-04 | Loss: 0.8564 (seg=0.0094, cls=0.4235) | Cls Acc: 0.9281 | Seg IoU: 0.9805 | Seg Dice: 0.9901 | 22.0s
2026-04-03 08:39:49 - --------------------------------------------------
2026-04-03 08:39:52 - [Test] Cls — Acc: 0.6692 | P(macro): 0.5817 | R(macro): 0.5928 | F1(macro): 0.5846
2026-04-03 08:39:52 - [Test] Seg — Lesion IoU: 0.9851 | Lesion Dice: 0.9925
2026-04-03 08:39:52 - [Test] Classification Report:
              precision    recall  f1-score   support

      benign     0.3608    0.4419    0.3972       129
    no_tumor     0.8027    0.7437    0.7721       394

    accuracy                         0.6692       523
   macro avg     0.5817    0.5928    0.5846       523
weighted avg     0.6937    0.6692    0.6796       523

2026-04-03 08:39:52 - --------------------------------------------------
2026-04-03 08:40:13 - Epoch [36/100] LR: 1.58e-05/1.58e-04 | Loss: 0.7667 (seg=0.0082, cls=0.3792) | Cls Acc: 0.9502 | Seg IoU: 0.9835 | Seg Dice: 0.9917 | 21.3s
2026-04-03 08:40:35 - Epoch [37/100] LR: 1.55e-05/1.55e-04 | Loss: 0.7613 (seg=0.0083, cls=0.3765) | Cls Acc: 0.9493 | Seg IoU: 0.9832 | Seg Dice: 0.9915 | 21.4s
2026-04-03 08:40:57 - Epoch [38/100] LR: 1.52e-05/1.52e-04 | Loss: 0.7625 (seg=0.0076, cls=0.3774) | Cls Acc: 0.9485 | Seg IoU: 0.9842 | Seg Dice: 0.9920 | 22.1s
2026-04-03 08:41:19 - Epoch [39/100] LR: 1.50e-05/1.50e-04 | Loss: 0.7312 (seg=0.0076, cls=0.3618) | Cls Acc: 0.9592 | Seg IoU: 0.9839 | Seg Dice: 0.9919 | 21.9s
2026-04-03 08:41:40 - Epoch [40/100] LR: 1.47e-05/1.47e-04 | Loss: 0.7543 (seg=0.0072, cls=0.3735) | Cls Acc: 0.9526 | Seg IoU: 0.9845 | Seg Dice: 0.9922 | 21.4s
2026-04-03 08:41:40 - --------------------------------------------------
2026-04-03 08:41:43 - [Test] Cls — Acc: 0.6788 | P(macro): 0.5716 | R(macro): 0.5730 | F1(macro): 0.5722
2026-04-03 08:41:43 - [Test] Seg — Lesion IoU: 0.9857 | Lesion Dice: 0.9928
2026-04-03 08:41:43 - [Test] Classification Report:
              precision    recall  f1-score   support

      benign     0.3534    0.3643    0.3588       129
    no_tumor     0.7897    0.7817    0.7857       394

    accuracy                         0.6788       523
   macro avg     0.5716    0.5730    0.5722       523
weighted avg     0.6821    0.6788    0.6804       523

2026-04-03 08:41:43 - --------------------------------------------------
2026-04-03 08:42:05 - Epoch [41/100] LR: 1.44e-05/1.44e-04 | Loss: 0.7528 (seg=0.0068, cls=0.3730) | Cls Acc: 0.9518 | Seg IoU: 0.9853 | Seg Dice: 0.9926 | 22.2s
2026-04-03 08:42:28 - Epoch [42/100] LR: 1.40e-05/1.40e-04 | Loss: 0.7547 (seg=0.0066, cls=0.3741) | Cls Acc: 0.9518 | Seg IoU: 0.9857 | Seg Dice: 0.9928 | 22.6s
2026-04-03 08:42:50 - Epoch [43/100] LR: 1.37e-05/1.37e-04 | Loss: 0.7507 (seg=0.0063, cls=0.3722) | Cls Acc: 0.9542 | Seg IoU: 0.9860 | Seg Dice: 0.9929 | 21.9s
2026-04-03 08:43:12 - Epoch [44/100] LR: 1.34e-05/1.34e-04 | Loss: 0.7080 (seg=0.0063, cls=0.3509) | Cls Acc: 0.9616 | Seg IoU: 0.9862 | Seg Dice: 0.9930 | 22.1s
2026-04-03 08:43:33 - Epoch [45/100] LR: 1.31e-05/1.31e-04 | Loss: 0.6956 (seg=0.0059, cls=0.3449) | Cls Acc: 0.9616 | Seg IoU: 0.9871 | Seg Dice: 0.9935 | 21.3s
2026-04-03 08:43:33 - --------------------------------------------------
2026-04-03 08:43:37 - [Test] Cls — Acc: 0.6902 | P(macro): 0.5742 | R(macro): 0.5702 | F1(macro): 0.5719
2026-04-03 08:43:37 - [Test] Seg — Lesion IoU: 0.9899 | Lesion Dice: 0.9949
2026-04-03 08:43:37 - [Test] Classification Report:
              precision    recall  f1-score   support

      benign     0.3613    0.3333    0.3468       129
    no_tumor     0.7871    0.8071    0.7970       394

    accuracy                         0.6902       523
   macro avg     0.5742    0.5702    0.5719       523
weighted avg     0.6821    0.6902    0.6859       523

2026-04-03 08:43:37 - --------------------------------------------------
2026-04-03 08:43:59 - Epoch [46/100] LR: 1.28e-05/1.28e-04 | Loss: 0.7042 (seg=0.0056, cls=0.3493) | Cls Acc: 0.9641 | Seg IoU: 0.9876 | Seg Dice: 0.9938 | 21.8s
2026-04-03 08:44:19 - Epoch [47/100] LR: 1.24e-05/1.24e-04 | Loss: 0.6967 (seg=0.0055, cls=0.3456) | Cls Acc: 0.9673 | Seg IoU: 0.9878 | Seg Dice: 0.9939 | 21.0s
2026-04-03 08:44:42 - Epoch [48/100] LR: 1.21e-05/1.21e-04 | Loss: 0.6983 (seg=0.0052, cls=0.3466) | Cls Acc: 0.9649 | Seg IoU: 0.9885 | Seg Dice: 0.9942 | 22.1s
2026-04-03 08:45:03 - Epoch [49/100] LR: 1.18e-05/1.18e-04 | Loss: 0.6842 (seg=0.0050, cls=0.3396) | Cls Acc: 0.9714 | Seg IoU: 0.9888 | Seg Dice: 0.9944 | 21.4s
2026-04-03 08:45:25 - Epoch [50/100] LR: 1.14e-05/1.14e-04 | Loss: 0.6685 (seg=0.0048, cls=0.3318) | Cls Acc: 0.9706 | Seg IoU: 0.9894 | Seg Dice: 0.9947 | 21.9s
2026-04-03 08:45:25 - --------------------------------------------------
2026-04-03 08:45:28 - [Test] Cls — Acc: 0.6941 | P(macro): 0.5884 | R(macro): 0.5884 | F1(macro): 0.5884
2026-04-03 08:45:28 - [Test] Seg — Lesion IoU: 0.9895 | Lesion Dice: 0.9947
2026-04-03 08:45:28 - [Test] Classification Report:
              precision    recall  f1-score   support

      benign     0.3798    0.3798    0.3798       129
    no_tumor     0.7970    0.7970    0.7970       394

    accuracy                         0.6941       523
   macro avg     0.5884    0.5884    0.5884       523
weighted avg     0.6941    0.6941    0.6941       523

2026-04-03 08:45:28 - --------------------------------------------------
2026-04-03 08:45:50 - Epoch [51/100] LR: 1.11e-05/1.11e-04 | Loss: 0.6753 (seg=0.0047, cls=0.3353) | Cls Acc: 0.9714 | Seg IoU: 0.9896 | Seg Dice: 0.9948 | 22.1s
2026-04-03 08:46:12 - Epoch [52/100] LR: 1.08e-05/1.08e-04 | Loss: 0.6897 (seg=0.0044, cls=0.3427) | Cls Acc: 0.9714 | Seg IoU: 0.9902 | Seg Dice: 0.9951 | 21.8s
2026-04-03 08:46:33 - Epoch [53/100] LR: 1.04e-05/1.04e-04 | Loss: 0.6718 (seg=0.0044, cls=0.3337) | Cls Acc: 0.9714 | Seg IoU: 0.9902 | Seg Dice: 0.9951 | 21.2s
2026-04-03 08:46:54 - Epoch [54/100] LR: 1.01e-05/1.01e-04 | Loss: 0.6501 (seg=0.0042, cls=0.3229) | Cls Acc: 0.9763 | Seg IoU: 0.9906 | Seg Dice: 0.9953 | 21.1s
2026-04-03 08:47:16 - Epoch [55/100] LR: 9.76e-06/9.76e-05 | Loss: 0.6731 (seg=0.0042, cls=0.3344) | Cls Acc: 0.9739 | Seg IoU: 0.9906 | Seg Dice: 0.9953 | 21.7s
2026-04-03 08:47:16 - --------------------------------------------------
2026-04-03 08:47:19 - [Test] Cls — Acc: 0.6979 | P(macro): 0.5868 | R(macro): 0.5831 | F1(macro): 0.5848
2026-04-03 08:47:19 - [Test] Seg — Lesion IoU: 0.9924 | Lesion Dice: 0.9962
2026-04-03 08:47:19 - [Test] Classification Report:
              precision    recall  f1-score   support

      benign     0.3802    0.3566    0.3680       129
    no_tumor     0.7935    0.8096    0.8015       394

    accuracy                         0.6979       523
   macro avg     0.5868    0.5831    0.5848       523
weighted avg     0.6916    0.6979    0.6946       523

2026-04-03 08:47:19 - --------------------------------------------------
2026-04-03 08:47:40 - Epoch [56/100] LR: 9.42e-06/9.42e-05 | Loss: 0.6795 (seg=0.0040, cls=0.3378) | Cls Acc: 0.9730 | Seg IoU: 0.9913 | Seg Dice: 0.9956 | 21.1s
2026-04-03 08:48:01 - Epoch [57/100] LR: 9.09e-06/9.09e-05 | Loss: 0.6571 (seg=0.0041, cls=0.3265) | Cls Acc: 0.9755 | Seg IoU: 0.9907 | Seg Dice: 0.9953 | 21.4s
2026-04-03 08:48:22 - Epoch [58/100] LR: 8.75e-06/8.75e-05 | Loss: 0.6069 (seg=0.0038, cls=0.3016) | Cls Acc: 0.9869 | Seg IoU: 0.9916 | Seg Dice: 0.9958 | 21.3s
2026-04-03 08:48:43 - Epoch [59/100] LR: 8.42e-06/8.42e-05 | Loss: 0.6423 (seg=0.0037, cls=0.3193) | Cls Acc: 0.9779 | Seg IoU: 0.9919 | Seg Dice: 0.9959 | 21.0s
2026-04-03 08:49:05 - Epoch [60/100] LR: 8.09e-06/8.09e-05 | Loss: 0.6438 (seg=0.0036, cls=0.3201) | Cls Acc: 0.9812 | Seg IoU: 0.9920 | Seg Dice: 0.9960 | 21.3s
2026-04-03 08:49:05 - --------------------------------------------------
2026-04-03 08:49:08 - [Test] Cls — Acc: 0.7132 | P(macro): 0.5732 | R(macro): 0.5516 | F1(macro): 0.5531
2026-04-03 08:49:08 - [Test] Seg — Lesion IoU: 0.9935 | Lesion Dice: 0.9967
2026-04-03 08:49:08 - [Test] Classification Report:
              precision    recall  f1-score   support

      benign     0.3704    0.2326    0.2857       129
    no_tumor     0.7760    0.8706    0.8206       394

    accuracy                         0.7132       523
   macro avg     0.5732    0.5516    0.5531       523
weighted avg     0.6760    0.7132    0.6886       523

2026-04-03 08:49:08 - --------------------------------------------------
2026-04-03 08:49:29 - Epoch [61/100] LR: 7.76e-06/7.76e-05 | Loss: 0.6514 (seg=0.0036, cls=0.3239) | Cls Acc: 0.9763 | Seg IoU: 0.9920 | Seg Dice: 0.9960 | 21.7s
2026-04-03 08:49:50 - Epoch [62/100] LR: 7.43e-06/7.43e-05 | Loss: 0.6741 (seg=0.0034, cls=0.3353) | Cls Acc: 0.9722 | Seg IoU: 0.9925 | Seg Dice: 0.9962 | 20.8s
2026-04-03 08:50:11 - Epoch [63/100] LR: 7.11e-06/7.11e-05 | Loss: 0.6239 (seg=0.0034, cls=0.3102) | Cls Acc: 0.9804 | Seg IoU: 0.9924 | Seg Dice: 0.9962 | 21.0s
2026-04-03 08:50:31 - Epoch [64/100] LR: 6.78e-06/6.78e-05 | Loss: 0.6476 (seg=0.0033, cls=0.3221) | Cls Acc: 0.9804 | Seg IoU: 0.9926 | Seg Dice: 0.9963 | 20.0s
2026-04-03 08:50:52 - Epoch [65/100] LR: 6.47e-06/6.47e-05 | Loss: 0.6395 (seg=0.0033, cls=0.3181) | Cls Acc: 0.9820 | Seg IoU: 0.9927 | Seg Dice: 0.9964 | 21.0s
2026-04-03 08:50:52 - --------------------------------------------------
2026-04-03 08:50:55 - [Test] Cls — Acc: 0.7342 | P(macro): 0.6082 | R(macro): 0.5707 | F1(macro): 0.5752
2026-04-03 08:50:55 - [Test] Seg — Lesion IoU: 0.9943 | Lesion Dice: 0.9971
2026-04-03 08:50:55 - [Test] Classification Report:
              precision    recall  f1-score   support

      benign     0.4324    0.2481    0.3153       129
    no_tumor     0.7840    0.8934    0.8351       394

    accuracy                         0.7342       523
   macro avg     0.6082    0.5707    0.5752       523
weighted avg     0.6973    0.7342    0.7069       523

2026-04-03 08:50:55 - --------------------------------------------------
2026-04-03 08:51:16 - Epoch [66/100] LR: 6.16e-06/6.16e-05 | Loss: 0.6498 (seg=0.0032, cls=0.3233) | Cls Acc: 0.9788 | Seg IoU: 0.9930 | Seg Dice: 0.9965 | 21.3s
2026-04-03 08:51:37 - Epoch [67/100] LR: 5.85e-06/5.85e-05 | Loss: 0.6478 (seg=0.0032, cls=0.3223) | Cls Acc: 0.9779 | Seg IoU: 0.9929 | Seg Dice: 0.9964 | 20.9s
2026-04-03 08:51:58 - Epoch [68/100] LR: 5.55e-06/5.55e-05 | Loss: 0.6008 (seg=0.0031, cls=0.2989) | Cls Acc: 0.9877 | Seg IoU: 0.9931 | Seg Dice: 0.9965 | 20.6s
2026-04-03 08:52:19 - Epoch [69/100] LR: 5.25e-06/5.25e-05 | Loss: 0.6498 (seg=0.0031, cls=0.3233) | Cls Acc: 0.9763 | Seg IoU: 0.9931 | Seg Dice: 0.9965 | 20.9s
2026-04-03 08:52:39 - Epoch [70/100] LR: 4.96e-06/4.96e-05 | Loss: 0.6321 (seg=0.0031, cls=0.3145) | Cls Acc: 0.9820 | Seg IoU: 0.9932 | Seg Dice: 0.9966 | 20.4s
2026-04-03 08:52:39 - --------------------------------------------------
2026-04-03 08:52:42 - [Test] Cls — Acc: 0.7189 | P(macro): 0.5994 | R(macro): 0.5814 | F1(macro): 0.5865
2026-04-03 08:52:42 - [Test] Seg — Lesion IoU: 0.9944 | Lesion Dice: 0.9972
2026-04-03 08:52:42 - [Test] Classification Report:
              precision    recall  f1-score   support

      benign     0.4082    0.3101    0.3524       129
    no_tumor     0.7906    0.8528    0.8205       394

    accuracy                         0.7189       523
   macro avg     0.5994    0.5814    0.5865       523
weighted avg     0.6963    0.7189    0.7051       523

2026-04-03 08:52:42 - --------------------------------------------------
2026-04-03 08:53:03 - Epoch [71/100] LR: 4.67e-06/4.67e-05 | Loss: 0.6297 (seg=0.0031, cls=0.3133) | Cls Acc: 0.9837 | Seg IoU: 0.9932 | Seg Dice: 0.9966 | 20.8s
2026-04-03 08:53:23 - Epoch [72/100] LR: 4.39e-06/4.39e-05 | Loss: 0.6358 (seg=0.0030, cls=0.3164) | Cls Acc: 0.9796 | Seg IoU: 0.9933 | Seg Dice: 0.9966 | 20.1s
2026-04-03 08:53:43 - Epoch [73/100] LR: 4.12e-06/4.12e-05 | Loss: 0.6386 (seg=0.0030, cls=0.3178) | Cls Acc: 0.9812 | Seg IoU: 0.9933 | Seg Dice: 0.9966 | 20.1s
2026-04-03 08:54:03 - Epoch [74/100] LR: 3.85e-06/3.85e-05 | Loss: 0.6064 (seg=0.0028, cls=0.3018) | Cls Acc: 0.9869 | Seg IoU: 0.9938 | Seg Dice: 0.9969 | 20.2s
2026-04-03 08:54:24 - Epoch [75/100] LR: 3.59e-06/3.59e-05 | Loss: 0.6326 (seg=0.0028, cls=0.3149) | Cls Acc: 0.9788 | Seg IoU: 0.9937 | Seg Dice: 0.9968 | 20.5s
2026-04-03 08:54:24 - --------------------------------------------------
2026-04-03 08:54:26 - [Test] Cls — Acc: 0.7228 | P(macro): 0.5886 | R(macro): 0.5605 | F1(macro): 0.5633
2026-04-03 08:54:26 - [Test] Seg — Lesion IoU: 0.9949 | Lesion Dice: 0.9974
2026-04-03 08:54:26 - [Test] Classification Report:
              precision    recall  f1-score   support

      benign     0.3974    0.2403    0.2995       129
    no_tumor     0.7798    0.8807    0.8272       394

    accuracy                         0.7228       523
   macro avg     0.5886    0.5605    0.5633       523
weighted avg     0.6855    0.7228    0.6970       523

2026-04-03 08:54:26 - --------------------------------------------------
2026-04-03 08:54:47 - Epoch [76/100] LR: 3.34e-06/3.34e-05 | Loss: 0.6407 (seg=0.0028, cls=0.3190) | Cls Acc: 0.9820 | Seg IoU: 0.9938 | Seg Dice: 0.9969 | 20.4s
2026-04-03 08:55:08 - Epoch [77/100] LR: 3.10e-06/3.10e-05 | Loss: 0.6110 (seg=0.0028, cls=0.3041) | Cls Acc: 0.9902 | Seg IoU: 0.9939 | Seg Dice: 0.9969 | 20.9s
2026-04-03 08:55:29 - Epoch [78/100] LR: 2.86e-06/2.86e-05 | Loss: 0.6148 (seg=0.0027, cls=0.3060) | Cls Acc: 0.9812 | Seg IoU: 0.9939 | Seg Dice: 0.9970 | 21.6s
2026-04-03 08:55:50 - Epoch [79/100] LR: 2.64e-06/2.64e-05 | Loss: 0.5918 (seg=0.0028, cls=0.2945) | Cls Acc: 0.9902 | Seg IoU: 0.9939 | Seg Dice: 0.9969 | 20.6s
2026-04-03 08:56:10 - Epoch [80/100] LR: 2.42e-06/2.42e-05 | Loss: 0.6146 (seg=0.0028, cls=0.3059) | Cls Acc: 0.9877 | Seg IoU: 0.9938 | Seg Dice: 0.9969 | 20.4s
2026-04-03 08:56:10 - --------------------------------------------------
2026-04-03 08:56:13 - [Test] Cls — Acc: 0.7361 | P(macro): 0.6183 | R(macro): 0.5850 | F1(macro): 0.5918
2026-04-03 08:56:13 - [Test] Seg — Lesion IoU: 0.9952 | Lesion Dice: 0.9976
2026-04-03 08:56:13 - [Test] Classification Report:
              precision    recall  f1-score   support

      benign     0.4458    0.2868    0.3491       129
    no_tumor     0.7909    0.8832    0.8345       394

    accuracy                         0.7361       523
   macro avg     0.6183    0.5850    0.5918       523
weighted avg     0.7058    0.7361    0.7148       523

2026-04-03 08:56:13 - --------------------------------------------------
2026-04-03 08:56:34 - Epoch [81/100] LR: 2.21e-06/2.21e-05 | Loss: 0.5939 (seg=0.0027, cls=0.2956) | Cls Acc: 0.9902 | Seg IoU: 0.9941 | Seg Dice: 0.9970 | 20.8s
2026-04-03 08:56:54 - Epoch [82/100] LR: 2.01e-06/2.01e-05 | Loss: 0.6282 (seg=0.0027, cls=0.3128) | Cls Acc: 0.9820 | Seg IoU: 0.9941 | Seg Dice: 0.9971 | 20.8s
2026-04-03 08:57:15 - Epoch [83/100] LR: 1.82e-06/1.82e-05 | Loss: 0.6237 (seg=0.0027, cls=0.3105) | Cls Acc: 0.9812 | Seg IoU: 0.9940 | Seg Dice: 0.9970 | 20.7s
2026-04-03 08:57:36 - Epoch [84/100] LR: 1.64e-06/1.64e-05 | Loss: 0.6200 (seg=0.0027, cls=0.3087) | Cls Acc: 0.9861 | Seg IoU: 0.9941 | Seg Dice: 0.9970 | 20.8s
2026-04-03 08:57:57 - Epoch [85/100] LR: 1.47e-06/1.47e-05 | Loss: 0.6122 (seg=0.0026, cls=0.3048) | Cls Acc: 0.9837 | Seg IoU: 0.9942 | Seg Dice: 0.9971 | 21.4s
2026-04-03 08:57:57 - --------------------------------------------------
2026-04-03 08:58:00 - [Test] Cls — Acc: 0.7285 | P(macro): 0.6130 | R(macro): 0.5904 | F1(macro): 0.5967
2026-04-03 08:58:00 - [Test] Seg — Lesion IoU: 0.9954 | Lesion Dice: 0.9977
2026-04-03 08:58:00 - [Test] Classification Report:
              precision    recall  f1-score   support

      benign     0.4316    0.3178    0.3661       129
    no_tumor     0.7944    0.8629    0.8273       394

    accuracy                         0.7285       523
   macro avg     0.6130    0.5904    0.5967       523
weighted avg     0.7049    0.7285    0.7135       523

2026-04-03 08:58:00 - --------------------------------------------------
2026-04-03 08:58:21 - Epoch [86/100] LR: 1.31e-06/1.31e-05 | Loss: 0.6093 (seg=0.0026, cls=0.3034) | Cls Acc: 0.9886 | Seg IoU: 0.9942 | Seg Dice: 0.9971 | 20.7s
2026-04-03 08:58:41 - Epoch [87/100] LR: 1.16e-06/1.16e-05 | Loss: 0.5915 (seg=0.0027, cls=0.2944) | Cls Acc: 0.9910 | Seg IoU: 0.9941 | Seg Dice: 0.9970 | 20.5s
2026-04-03 08:59:02 - Epoch [88/100] LR: 1.02e-06/1.02e-05 | Loss: 0.5964 (seg=0.0026, cls=0.2969) | Cls Acc: 0.9918 | Seg IoU: 0.9943 | Seg Dice: 0.9971 | 20.2s
2026-04-03 08:59:22 - Epoch [89/100] LR: 8.90e-07/8.90e-06 | Loss: 0.6011 (seg=0.0026, cls=0.2992) | Cls Acc: 0.9853 | Seg IoU: 0.9942 | Seg Dice: 0.9971 | 20.4s
2026-04-03 08:59:42 - Epoch [90/100] LR: 7.72e-07/7.72e-06 | Loss: 0.5930 (seg=0.0026, cls=0.2952) | Cls Acc: 0.9886 | Seg IoU: 0.9944 | Seg Dice: 0.9972 | 20.2s
2026-04-03 08:59:42 - --------------------------------------------------
2026-04-03 08:59:45 - [Test] Cls — Acc: 0.7094 | P(macro): 0.5846 | R(macro): 0.5699 | F1(macro): 0.5738
2026-04-03 08:59:45 - [Test] Seg — Lesion IoU: 0.9953 | Lesion Dice: 0.9976
2026-04-03 08:59:45 - [Test] Classification Report:
              precision    recall  f1-score   support

      benign     0.3838    0.2946    0.3333       129
    no_tumor     0.7854    0.8452    0.8142       394

    accuracy                         0.7094       523
   macro avg     0.5846    0.5699    0.5738       523
weighted avg     0.6863    0.7094    0.6956       523

2026-04-03 08:59:45 - --------------------------------------------------
2026-04-03 09:00:05 - Epoch [91/100] LR: 6.64e-07/6.64e-06 | Loss: 0.6046 (seg=0.0026, cls=0.3010) | Cls Acc: 0.9820 | Seg IoU: 0.9943 | Seg Dice: 0.9971 | 20.2s
2026-04-03 09:00:25 - Epoch [92/100] LR: 5.67e-07/5.67e-06 | Loss: 0.6236 (seg=0.0026, cls=0.3105) | Cls Acc: 0.9845 | Seg IoU: 0.9944 | Seg Dice: 0.9972 | 20.1s
2026-04-03 09:00:46 - Epoch [93/100] LR: 4.81e-07/4.81e-06 | Loss: 0.6063 (seg=0.0027, cls=0.3018) | Cls Acc: 0.9869 | Seg IoU: 0.9941 | Seg Dice: 0.9971 | 20.3s
2026-04-03 09:01:06 - Epoch [94/100] LR: 4.07e-07/4.07e-06 | Loss: 0.6033 (seg=0.0026, cls=0.3004) | Cls Acc: 0.9886 | Seg IoU: 0.9942 | Seg Dice: 0.9971 | 20.4s
2026-04-03 09:01:26 - Epoch [95/100] LR: 3.44e-07/3.44e-06 | Loss: 0.6203 (seg=0.0025, cls=0.3089) | Cls Acc: 0.9869 | Seg IoU: 0.9944 | Seg Dice: 0.9972 | 20.4s
2026-04-03 09:01:26 - --------------------------------------------------
2026-04-03 09:01:29 - [Test] Cls — Acc: 0.7113 | P(macro): 0.5921 | R(macro): 0.5790 | F1(macro): 0.5831
2026-04-03 09:01:29 - [Test] Seg — Lesion IoU: 0.9955 | Lesion Dice: 0.9977
2026-04-03 09:01:29 - [Test] Classification Report:
              precision    recall  f1-score   support

      benign     0.3942    0.3178    0.3519       129
    no_tumor     0.7900    0.8401    0.8143       394

    accuracy                         0.7113       523
   macro avg     0.5921    0.5790    0.5831       523
weighted avg     0.6924    0.7113    0.7002       523

2026-04-03 09:01:29 - --------------------------------------------------
2026-04-03 09:01:50 - Epoch [96/100] LR: 2.92e-07/2.92e-06 | Loss: 0.5852 (seg=0.0025, cls=0.2913) | Cls Acc: 0.9918 | Seg IoU: 0.9944 | Seg Dice: 0.9972 | 20.6s
2026-04-03 09:02:10 - Epoch [97/100] LR: 2.52e-07/2.52e-06 | Loss: 0.6105 (seg=0.0026, cls=0.3040) | Cls Acc: 0.9886 | Seg IoU: 0.9944 | Seg Dice: 0.9972 | 20.7s
2026-04-03 09:02:31 - Epoch [98/100] LR: 2.23e-07/2.23e-06 | Loss: 0.6167 (seg=0.0026, cls=0.3070) | Cls Acc: 0.9853 | Seg IoU: 0.9942 | Seg Dice: 0.9971 | 20.6s
2026-04-03 09:02:51 - Epoch [99/100] LR: 2.06e-07/2.06e-06 | Loss: 0.5867 (seg=0.0025, cls=0.2921) | Cls Acc: 0.9902 | Seg IoU: 0.9943 | Seg Dice: 0.9972 | 20.4s
2026-04-03 09:03:12 - Epoch [100/100] LR: 2.00e-07/2.00e-06 | Loss: 0.6231 (seg=0.0026, cls=0.3103) | Cls Acc: 0.9820 | Seg IoU: 0.9943 | Seg Dice: 0.9972 | 20.5s
2026-04-03 09:03:12 - --------------------------------------------------
2026-04-03 09:03:15 - [Test] Cls — Acc: 0.7266 | P(macro): 0.6075 | R(macro): 0.5839 | F1(macro): 0.5898
2026-04-03 09:03:15 - [Test] Seg — Lesion IoU: 0.9954 | Lesion Dice: 0.9977
2026-04-03 09:03:15 - [Test] Classification Report:
              precision    recall  f1-score   support

      benign     0.4239    0.3023    0.3529       129
    no_tumor     0.7912    0.8655    0.8267       394

    accuracy                         0.7266       523
   macro avg     0.6075    0.5839    0.5898       523
weighted avg     0.7006    0.7266    0.7098       523

2026-04-03 09:03:15 - --------------------------------------------------
2026-04-03 09:03:15 - 
======================================================================
2026-04-03 09:03:15 - 训练完成! 最优模型: Epoch 15, F1: 0.6083
2026-04-03 09:03:15 - ======================================================================
2026-04-03 09:03:15 - 
加载最优权重进行最终测试...
2026-04-03 09:03:15 - ======================================================================
2026-04-03 09:03:15 - 最终测试结果 (最优权重, threshold=0.5)
2026-04-03 09:03:15 - ======================================================================
2026-04-03 09:03:18 - [Final Test] Cls — Acc: 0.6673 | P(macro): 0.6068 | R(macro): 0.6332 | F1(macro): 0.6083
2026-04-03 09:03:18 - [Final Test] Seg — Lesion IoU: 0.9737 | Lesion Dice: 0.9866
2026-04-03 09:03:18 - [Final Test] Classification Report:
              precision    recall  f1-score   support

      benign     0.3822    0.5659    0.4562       129
    no_tumor     0.8313    0.7005    0.7603       394

    accuracy                         0.6673       523
   macro avg     0.6068    0.6332    0.6083       523
weighted avg     0.7205    0.6673    0.6853       523

2026-04-03 09:03:18 - 
======================================================================
2026-04-03 09:03:18 - 阈值优化搜索
2026-04-03 09:03:18 - ======================================================================
2026-04-03 09:03:21 - 最优阈值: 0.575 (F1: 0.6253 vs 默认0.5 F1: 0.6083)
2026-04-03 09:03:24 - [Final Test (最优阈值)] Threshold: 0.575 | Acc: 0.7151 | P(macro): 0.6229 | R(macro): 0.6284 | F1(macro): 0.6253
2026-04-03 09:03:24 - [Final Test (最优阈值)] Classification Report:
              precision    recall  f1-score   support

      benign     0.4275    0.4574    0.4419       129
    no_tumor     0.8182    0.7995    0.8087       394

    accuracy                         0.7151       523
   macro avg     0.6229    0.6284    0.6253       523
weighted avg     0.7218    0.7151    0.7183       523

2026-04-03 09:03:24 - 训练脚本已复制到: /data1/ouyangxinglong/GBP-Cascade/0402/logs/20260402_task2_MaxViT_segcls_6/20260402_task2_MaxViT_segcls_6.py
