2026-03-18 16:42:31 - ============================================================
2026-03-18 16:42:31 - 实验名称: 20260318_task2_SwinTiny_baseline_1
2026-03-18 16:42:31 - 任务: Task 2 - 良性肿瘤(0) vs 非肿瘤性息肉(1)
2026-03-18 16:42:31 - 模型: Swin-Tiny (ImageNet预训练)
2026-03-18 16:42:31 - 修改: baseline (仅替换backbone, 全参数微调, 无数据增强)
2026-03-18 16:42:31 - 图像尺寸: 224
2026-03-18 16:42:31 - Batch Size: 32
2026-03-18 16:42:31 - 学习率: 0.001
2026-03-18 16:42:31 - Weight Decay: 0.0001
2026-03-18 16:42:31 - Epochs: 100
2026-03-18 16:42:31 - 设备: cuda
2026-03-18 16:42:31 - ============================================================
2026-03-18 16:42:31 - 训练集: 1303 张 (benign=309, no_tumor=994)
2026-03-18 16:42:31 - 测试集: 564 张 (benign=129, no_tumor=435)
2026-03-18 16:42:32 - 模型参数量: 27,520,892
2026-03-18 16:42:32 - 可训练参数量: 27,520,892
2026-03-18 16:42:32 - 
============================================================
2026-03-18 16:42:32 - 开始训练
2026-03-18 16:42:32 - ============================================================
2026-03-18 16:42:45 - Epoch [1/100] LR: 0.001000 | Loss: 0.6823 | Train Acc: 0.7314 | Time: 12.7s
2026-03-18 16:42:56 - Epoch [2/100] LR: 0.001000 | Loss: 0.5651 | Train Acc: 0.7583 | Time: 11.3s
2026-03-18 16:43:07 - Epoch [3/100] LR: 0.001000 | Loss: 0.5572 | Train Acc: 0.7629 | Time: 11.2s
2026-03-18 16:43:07 - ----------------------------------------
2026-03-18 16:43:08 - [Test] Acc: 0.7713 | Precision(macro): 0.3856 | Recall(macro): 0.5000 | F1(macro): 0.4354
2026-03-18 16:43:08 - [Test] Classification Report:
              precision    recall  f1-score   support

      benign     0.0000    0.0000    0.0000       129
    no_tumor     0.7713    1.0000    0.8709       435

    accuracy                         0.7713       564
   macro avg     0.3856    0.5000    0.4354       564
weighted avg     0.5949    0.7713    0.6717       564

2026-03-18 16:43:09 - *** 保存最优模型 (F1: 0.4354, Epoch: 3) ***
2026-03-18 16:43:09 - ----------------------------------------
2026-03-18 16:43:20 - Epoch [4/100] LR: 0.001000 | Loss: 0.5533 | Train Acc: 0.7629 | Time: 11.7s
2026-03-18 16:43:32 - Epoch [5/100] LR: 0.001000 | Loss: 0.5484 | Train Acc: 0.7629 | Time: 11.9s
2026-03-18 16:43:44 - Epoch [6/100] LR: 0.001000 | Loss: 0.5521 | Train Acc: 0.7621 | Time: 12.0s
2026-03-18 16:43:44 - ----------------------------------------
2026-03-18 16:43:46 - [Test] Acc: 0.7713 | Precision(macro): 0.3856 | Recall(macro): 0.5000 | F1(macro): 0.4354
2026-03-18 16:43:46 - [Test] Classification Report:
              precision    recall  f1-score   support

      benign     0.0000    0.0000    0.0000       129
    no_tumor     0.7713    1.0000    0.8709       435

    accuracy                         0.7713       564
   macro avg     0.3856    0.5000    0.4354       564
weighted avg     0.5949    0.7713    0.6717       564

2026-03-18 16:43:46 - ----------------------------------------
2026-03-18 16:43:58 - Epoch [7/100] LR: 0.001000 | Loss: 0.5503 | Train Acc: 0.7621 | Time: 12.1s
2026-03-18 16:44:10 - Epoch [8/100] LR: 0.001000 | Loss: 0.5513 | Train Acc: 0.7629 | Time: 12.3s
2026-03-18 16:44:23 - Epoch [9/100] LR: 0.001000 | Loss: 0.5616 | Train Acc: 0.7606 | Time: 12.1s
2026-03-18 16:44:23 - ----------------------------------------
2026-03-18 16:44:24 - [Test] Acc: 0.7713 | Precision(macro): 0.3856 | Recall(macro): 0.5000 | F1(macro): 0.4354
2026-03-18 16:44:24 - [Test] Classification Report:
              precision    recall  f1-score   support

      benign     0.0000    0.0000    0.0000       129
    no_tumor     0.7713    1.0000    0.8709       435

    accuracy                         0.7713       564
   macro avg     0.3856    0.5000    0.4354       564
weighted avg     0.5949    0.7713    0.6717       564

2026-03-18 16:44:24 - ----------------------------------------
2026-03-18 16:44:36 - Epoch [10/100] LR: 0.001000 | Loss: 0.5855 | Train Acc: 0.7429 | Time: 11.8s
2026-03-18 16:44:48 - Epoch [11/100] LR: 0.001000 | Loss: 0.5549 | Train Acc: 0.7629 | Time: 11.9s
2026-03-18 16:45:00 - Epoch [12/100] LR: 0.001000 | Loss: 0.5599 | Train Acc: 0.7629 | Time: 11.6s
2026-03-18 16:45:00 - ----------------------------------------
2026-03-18 16:45:01 - [Test] Acc: 0.7713 | Precision(macro): 0.3856 | Recall(macro): 0.5000 | F1(macro): 0.4354
2026-03-18 16:45:01 - [Test] Classification Report:
              precision    recall  f1-score   support

      benign     0.0000    0.0000    0.0000       129
    no_tumor     0.7713    1.0000    0.8709       435

    accuracy                         0.7713       564
   macro avg     0.3856    0.5000    0.4354       564
weighted avg     0.5949    0.7713    0.6717       564

2026-03-18 16:45:01 - ----------------------------------------
2026-03-18 16:45:13 - Epoch [13/100] LR: 0.001000 | Loss: 0.5516 | Train Acc: 0.7629 | Time: 11.7s
2026-03-18 16:45:25 - Epoch [14/100] LR: 0.001000 | Loss: 0.5531 | Train Acc: 0.7629 | Time: 11.8s
2026-03-18 16:45:37 - Epoch [15/100] LR: 0.001000 | Loss: 0.5504 | Train Acc: 0.7629 | Time: 11.6s
2026-03-18 16:45:37 - ----------------------------------------
2026-03-18 16:45:38 - [Test] Acc: 0.7713 | Precision(macro): 0.3856 | Recall(macro): 0.5000 | F1(macro): 0.4354
2026-03-18 16:45:38 - [Test] Classification Report:
              precision    recall  f1-score   support

      benign     0.0000    0.0000    0.0000       129
    no_tumor     0.7713    1.0000    0.8709       435

    accuracy                         0.7713       564
   macro avg     0.3856    0.5000    0.4354       564
weighted avg     0.5949    0.7713    0.6717       564

2026-03-18 16:45:38 - ----------------------------------------
2026-03-18 16:45:50 - Epoch [16/100] LR: 0.001000 | Loss: 0.5506 | Train Acc: 0.7629 | Time: 12.0s
2026-03-18 16:46:02 - Epoch [17/100] LR: 0.001000 | Loss: 0.5507 | Train Acc: 0.7629 | Time: 12.2s
2026-03-18 16:46:14 - Epoch [18/100] LR: 0.001000 | Loss: 0.5535 | Train Acc: 0.7629 | Time: 12.0s
2026-03-18 16:46:14 - ----------------------------------------
2026-03-18 16:46:15 - [Test] Acc: 0.7713 | Precision(macro): 0.3856 | Recall(macro): 0.5000 | F1(macro): 0.4354
2026-03-18 16:46:15 - [Test] Classification Report:
              precision    recall  f1-score   support

      benign     0.0000    0.0000    0.0000       129
    no_tumor     0.7713    1.0000    0.8709       435

    accuracy                         0.7713       564
   macro avg     0.3856    0.5000    0.4354       564
weighted avg     0.5949    0.7713    0.6717       564

2026-03-18 16:46:15 - ----------------------------------------
2026-03-18 16:46:26 - Epoch [19/100] LR: 0.001000 | Loss: 0.5548 | Train Acc: 0.7629 | Time: 11.1s
2026-03-18 16:46:38 - Epoch [20/100] LR: 0.001000 | Loss: 0.5489 | Train Acc: 0.7629 | Time: 11.6s
2026-03-18 16:46:49 - Epoch [21/100] LR: 0.001000 | Loss: 0.5509 | Train Acc: 0.7629 | Time: 11.4s
2026-03-18 16:46:49 - ----------------------------------------
2026-03-18 16:46:51 - [Test] Acc: 0.7713 | Precision(macro): 0.3856 | Recall(macro): 0.5000 | F1(macro): 0.4354
2026-03-18 16:46:51 - [Test] Classification Report:
              precision    recall  f1-score   support

      benign     0.0000    0.0000    0.0000       129
    no_tumor     0.7713    1.0000    0.8709       435

    accuracy                         0.7713       564
   macro avg     0.3856    0.5000    0.4354       564
weighted avg     0.5949    0.7713    0.6717       564

2026-03-18 16:46:51 - ----------------------------------------
2026-03-18 16:47:03 - Epoch [22/100] LR: 0.001000 | Loss: 0.5551 | Train Acc: 0.7629 | Time: 11.2s
2026-03-18 16:47:14 - Epoch [23/100] LR: 0.001000 | Loss: 0.5498 | Train Acc: 0.7629 | Time: 11.4s
2026-03-18 16:47:25 - Epoch [24/100] LR: 0.001000 | Loss: 0.5595 | Train Acc: 0.7606 | Time: 11.4s
2026-03-18 16:47:25 - ----------------------------------------
2026-03-18 16:47:27 - [Test] Acc: 0.7713 | Precision(macro): 0.3856 | Recall(macro): 0.5000 | F1(macro): 0.4354
2026-03-18 16:47:27 - [Test] Classification Report:
              precision    recall  f1-score   support

      benign     0.0000    0.0000    0.0000       129
    no_tumor     0.7713    1.0000    0.8709       435

    accuracy                         0.7713       564
   macro avg     0.3856    0.5000    0.4354       564
weighted avg     0.5949    0.7713    0.6717       564

2026-03-18 16:47:27 - ----------------------------------------
2026-03-18 16:47:37 - Epoch [25/100] LR: 0.001000 | Loss: 0.5537 | Train Acc: 0.7629 | Time: 9.9s
2026-03-18 16:47:49 - Epoch [26/100] LR: 0.001000 | Loss: 0.5570 | Train Acc: 0.7629 | Time: 11.5s
2026-03-18 16:48:00 - Epoch [27/100] LR: 0.001000 | Loss: 0.5558 | Train Acc: 0.7629 | Time: 11.3s
2026-03-18 16:48:00 - ----------------------------------------
2026-03-18 16:48:02 - [Test] Acc: 0.7713 | Precision(macro): 0.3856 | Recall(macro): 0.5000 | F1(macro): 0.4354
2026-03-18 16:48:02 - [Test] Classification Report:
              precision    recall  f1-score   support

      benign     0.0000    0.0000    0.0000       129
    no_tumor     0.7713    1.0000    0.8709       435

    accuracy                         0.7713       564
   macro avg     0.3856    0.5000    0.4354       564
weighted avg     0.5949    0.7713    0.6717       564

2026-03-18 16:48:02 - ----------------------------------------
2026-03-18 16:48:13 - Epoch [28/100] LR: 0.001000 | Loss: 0.5486 | Train Acc: 0.7629 | Time: 10.8s
2026-03-18 16:48:24 - Epoch [29/100] LR: 0.001000 | Loss: 0.5525 | Train Acc: 0.7629 | Time: 11.5s
2026-03-18 16:48:36 - Epoch [30/100] LR: 0.001000 | Loss: 0.5463 | Train Acc: 0.7629 | Time: 11.6s
2026-03-18 16:48:36 - ----------------------------------------
2026-03-18 16:48:38 - [Test] Acc: 0.7713 | Precision(macro): 0.3856 | Recall(macro): 0.5000 | F1(macro): 0.4354
2026-03-18 16:48:38 - [Test] Classification Report:
              precision    recall  f1-score   support

      benign     0.0000    0.0000    0.0000       129
    no_tumor     0.7713    1.0000    0.8709       435

    accuracy                         0.7713       564
   macro avg     0.3856    0.5000    0.4354       564
weighted avg     0.5949    0.7713    0.6717       564

2026-03-18 16:48:38 - ----------------------------------------
2026-03-18 16:48:49 - Epoch [31/100] LR: 0.001000 | Loss: 0.5531 | Train Acc: 0.7621 | Time: 10.7s
2026-03-18 16:49:00 - Epoch [32/100] LR: 0.001000 | Loss: 0.5522 | Train Acc: 0.7629 | Time: 11.4s
2026-03-18 16:49:11 - Epoch [33/100] LR: 0.001000 | Loss: 0.5497 | Train Acc: 0.7629 | Time: 11.3s
2026-03-18 16:49:11 - ----------------------------------------
2026-03-18 16:49:14 - [Test] Acc: 0.7713 | Precision(macro): 0.3856 | Recall(macro): 0.5000 | F1(macro): 0.4354
2026-03-18 16:49:14 - [Test] Classification Report:
              precision    recall  f1-score   support

      benign     0.0000    0.0000    0.0000       129
    no_tumor     0.7713    1.0000    0.8709       435

    accuracy                         0.7713       564
   macro avg     0.3856    0.5000    0.4354       564
weighted avg     0.5949    0.7713    0.6717       564

2026-03-18 16:49:14 - ----------------------------------------
2026-03-18 16:49:23 - Epoch [34/100] LR: 0.001000 | Loss: 0.5510 | Train Acc: 0.7629 | Time: 9.7s
2026-03-18 16:49:35 - Epoch [35/100] LR: 0.001000 | Loss: 0.5497 | Train Acc: 0.7629 | Time: 11.4s
2026-03-18 16:49:46 - Epoch [36/100] LR: 0.001000 | Loss: 0.5503 | Train Acc: 0.7629 | Time: 11.3s
2026-03-18 16:49:46 - ----------------------------------------
2026-03-18 16:49:48 - [Test] Acc: 0.7713 | Precision(macro): 0.3856 | Recall(macro): 0.5000 | F1(macro): 0.4354
2026-03-18 16:49:48 - [Test] Classification Report:
              precision    recall  f1-score   support

      benign     0.0000    0.0000    0.0000       129
    no_tumor     0.7713    1.0000    0.8709       435

    accuracy                         0.7713       564
   macro avg     0.3856    0.5000    0.4354       564
weighted avg     0.5949    0.7713    0.6717       564

2026-03-18 16:49:48 - ----------------------------------------
2026-03-18 16:49:59 - Epoch [37/100] LR: 0.001000 | Loss: 0.5500 | Train Acc: 0.7629 | Time: 10.6s
2026-03-18 16:50:10 - Epoch [38/100] LR: 0.001000 | Loss: 0.5474 | Train Acc: 0.7629 | Time: 11.5s
2026-03-18 16:50:22 - Epoch [39/100] LR: 0.001000 | Loss: 0.5505 | Train Acc: 0.7629 | Time: 11.3s
2026-03-18 16:50:22 - ----------------------------------------
2026-03-18 16:50:24 - [Test] Acc: 0.7713 | Precision(macro): 0.3856 | Recall(macro): 0.5000 | F1(macro): 0.4354
2026-03-18 16:50:24 - [Test] Classification Report:
              precision    recall  f1-score   support

      benign     0.0000    0.0000    0.0000       129
    no_tumor     0.7713    1.0000    0.8709       435

    accuracy                         0.7713       564
   macro avg     0.3856    0.5000    0.4354       564
weighted avg     0.5949    0.7713    0.6717       564

2026-03-18 16:50:24 - ----------------------------------------
2026-03-18 16:50:34 - Epoch [40/100] LR: 0.001000 | Loss: 0.5499 | Train Acc: 0.7629 | Time: 10.7s
2026-03-18 16:50:46 - Epoch [41/100] LR: 0.001000 | Loss: 0.5476 | Train Acc: 0.7629 | Time: 11.5s
2026-03-18 16:50:57 - Epoch [42/100] LR: 0.001000 | Loss: 0.5504 | Train Acc: 0.7629 | Time: 11.3s
2026-03-18 16:50:57 - ----------------------------------------
2026-03-18 16:50:59 - [Test] Acc: 0.7713 | Precision(macro): 0.3856 | Recall(macro): 0.5000 | F1(macro): 0.4354
2026-03-18 16:50:59 - [Test] Classification Report:
              precision    recall  f1-score   support

      benign     0.0000    0.0000    0.0000       129
    no_tumor     0.7713    1.0000    0.8709       435

    accuracy                         0.7713       564
   macro avg     0.3856    0.5000    0.4354       564
weighted avg     0.5949    0.7713    0.6717       564

2026-03-18 16:50:59 - ----------------------------------------
2026-03-18 16:51:09 - Epoch [43/100] LR: 0.001000 | Loss: 0.5517 | Train Acc: 0.7606 | Time: 9.8s
2026-03-18 16:51:20 - Epoch [44/100] LR: 0.001000 | Loss: 0.5493 | Train Acc: 0.7629 | Time: 11.5s
2026-03-18 16:51:32 - Epoch [45/100] LR: 0.001000 | Loss: 0.5519 | Train Acc: 0.7629 | Time: 11.5s
2026-03-18 16:51:32 - ----------------------------------------
2026-03-18 16:51:34 - [Test] Acc: 0.7713 | Precision(macro): 0.3856 | Recall(macro): 0.5000 | F1(macro): 0.4354
2026-03-18 16:51:34 - [Test] Classification Report:
              precision    recall  f1-score   support

      benign     0.0000    0.0000    0.0000       129
    no_tumor     0.7713    1.0000    0.8709       435

    accuracy                         0.7713       564
   macro avg     0.3856    0.5000    0.4354       564
weighted avg     0.5949    0.7713    0.6717       564

2026-03-18 16:51:34 - ----------------------------------------
2026-03-18 16:51:45 - Epoch [46/100] LR: 0.001000 | Loss: 0.5492 | Train Acc: 0.7629 | Time: 10.9s
2026-03-18 16:51:56 - Epoch [47/100] LR: 0.001000 | Loss: 0.5490 | Train Acc: 0.7629 | Time: 11.8s
2026-03-18 16:52:08 - Epoch [48/100] LR: 0.001000 | Loss: 0.5509 | Train Acc: 0.7629 | Time: 12.0s
2026-03-18 16:52:08 - ----------------------------------------
2026-03-18 16:52:11 - [Test] Acc: 0.7713 | Precision(macro): 0.3856 | Recall(macro): 0.5000 | F1(macro): 0.4354
2026-03-18 16:52:11 - [Test] Classification Report:
              precision    recall  f1-score   support

      benign     0.0000    0.0000    0.0000       129
    no_tumor     0.7713    1.0000    0.8709       435

    accuracy                         0.7713       564
   macro avg     0.3856    0.5000    0.4354       564
weighted avg     0.5949    0.7713    0.6717       564

2026-03-18 16:52:11 - ----------------------------------------
2026-03-18 16:52:22 - Epoch [49/100] LR: 0.001000 | Loss: 0.5472 | Train Acc: 0.7629 | Time: 11.1s
2026-03-18 16:52:34 - Epoch [50/100] LR: 0.001000 | Loss: 0.5516 | Train Acc: 0.7629 | Time: 12.2s
2026-03-18 16:52:46 - Epoch [51/100] LR: 0.001000 | Loss: 0.5497 | Train Acc: 0.7629 | Time: 12.1s
2026-03-18 16:52:46 - ----------------------------------------
2026-03-18 16:52:48 - [Test] Acc: 0.7713 | Precision(macro): 0.3856 | Recall(macro): 0.5000 | F1(macro): 0.4354
2026-03-18 16:52:48 - [Test] Classification Report:
              precision    recall  f1-score   support

      benign     0.0000    0.0000    0.0000       129
    no_tumor     0.7713    1.0000    0.8709       435

    accuracy                         0.7713       564
   macro avg     0.3856    0.5000    0.4354       564
weighted avg     0.5949    0.7713    0.6717       564

2026-03-18 16:52:48 - ----------------------------------------
2026-03-18 16:52:59 - Epoch [52/100] LR: 0.001000 | Loss: 0.5488 | Train Acc: 0.7629 | Time: 11.2s
2026-03-18 16:53:10 - Epoch [53/100] LR: 0.001000 | Loss: 0.5509 | Train Acc: 0.7629 | Time: 11.3s
2026-03-18 16:53:22 - Epoch [54/100] LR: 0.001000 | Loss: 0.5485 | Train Acc: 0.7629 | Time: 11.7s
2026-03-18 16:53:22 - ----------------------------------------
2026-03-18 16:53:24 - [Test] Acc: 0.7713 | Precision(macro): 0.3856 | Recall(macro): 0.5000 | F1(macro): 0.4354
2026-03-18 16:53:24 - [Test] Classification Report:
              precision    recall  f1-score   support

      benign     0.0000    0.0000    0.0000       129
    no_tumor     0.7713    1.0000    0.8709       435

    accuracy                         0.7713       564
   macro avg     0.3856    0.5000    0.4354       564
weighted avg     0.5949    0.7713    0.6717       564

2026-03-18 16:53:24 - ----------------------------------------
2026-03-18 16:53:35 - Epoch [55/100] LR: 0.001000 | Loss: 0.5515 | Train Acc: 0.7629 | Time: 11.6s
2026-03-18 16:53:47 - Epoch [56/100] LR: 0.001000 | Loss: 0.5498 | Train Acc: 0.7629 | Time: 11.6s
2026-03-18 16:53:59 - Epoch [57/100] LR: 0.001000 | Loss: 0.5484 | Train Acc: 0.7629 | Time: 11.6s
2026-03-18 16:53:59 - ----------------------------------------
2026-03-18 16:54:00 - [Test] Acc: 0.7713 | Precision(macro): 0.3856 | Recall(macro): 0.5000 | F1(macro): 0.4354
2026-03-18 16:54:00 - [Test] Classification Report:
              precision    recall  f1-score   support

      benign     0.0000    0.0000    0.0000       129
    no_tumor     0.7713    1.0000    0.8709       435

    accuracy                         0.7713       564
   macro avg     0.3856    0.5000    0.4354       564
weighted avg     0.5949    0.7713    0.6717       564

2026-03-18 16:54:00 - ----------------------------------------
2026-03-18 16:54:12 - Epoch [58/100] LR: 0.001000 | Loss: 0.5478 | Train Acc: 0.7629 | Time: 11.8s
2026-03-18 16:54:23 - Epoch [59/100] LR: 0.001000 | Loss: 0.5493 | Train Acc: 0.7629 | Time: 11.5s
2026-03-18 16:54:35 - Epoch [60/100] LR: 0.001000 | Loss: 0.5473 | Train Acc: 0.7629 | Time: 11.8s
2026-03-18 16:54:35 - ----------------------------------------
2026-03-18 16:54:37 - [Test] Acc: 0.7713 | Precision(macro): 0.3856 | Recall(macro): 0.5000 | F1(macro): 0.4354
2026-03-18 16:54:37 - [Test] Classification Report:
              precision    recall  f1-score   support

      benign     0.0000    0.0000    0.0000       129
    no_tumor     0.7713    1.0000    0.8709       435

    accuracy                         0.7713       564
   macro avg     0.3856    0.5000    0.4354       564
weighted avg     0.5949    0.7713    0.6717       564

2026-03-18 16:54:37 - ----------------------------------------
2026-03-18 16:54:49 - Epoch [61/100] LR: 0.001000 | Loss: 0.5485 | Train Acc: 0.7629 | Time: 12.3s
2026-03-18 16:55:01 - Epoch [62/100] LR: 0.001000 | Loss: 0.5487 | Train Acc: 0.7629 | Time: 11.6s
2026-03-18 16:55:13 - Epoch [63/100] LR: 0.001000 | Loss: 0.5477 | Train Acc: 0.7644 | Time: 11.7s
2026-03-18 16:55:13 - ----------------------------------------
2026-03-18 16:55:15 - [Test] Acc: 0.7713 | Precision(macro): 0.3856 | Recall(macro): 0.5000 | F1(macro): 0.4354
2026-03-18 16:55:15 - [Test] Classification Report:
              precision    recall  f1-score   support

      benign     0.0000    0.0000    0.0000       129
    no_tumor     0.7713    1.0000    0.8709       435

    accuracy                         0.7713       564
   macro avg     0.3856    0.5000    0.4354       564
weighted avg     0.5949    0.7713    0.6717       564

2026-03-18 16:55:15 - ----------------------------------------
2026-03-18 16:55:26 - Epoch [64/100] LR: 0.001000 | Loss: 0.5461 | Train Acc: 0.7629 | Time: 11.7s
2026-03-18 16:55:37 - Epoch [65/100] LR: 0.001000 | Loss: 0.5486 | Train Acc: 0.7629 | Time: 11.0s
2026-03-18 16:55:49 - Epoch [66/100] LR: 0.001000 | Loss: 0.5503 | Train Acc: 0.7629 | Time: 11.7s
2026-03-18 16:55:49 - ----------------------------------------
2026-03-18 16:55:51 - [Test] Acc: 0.7713 | Precision(macro): 0.3856 | Recall(macro): 0.5000 | F1(macro): 0.4354
2026-03-18 16:55:51 - [Test] Classification Report:
              precision    recall  f1-score   support

      benign     0.0000    0.0000    0.0000       129
    no_tumor     0.7713    1.0000    0.8709       435

    accuracy                         0.7713       564
   macro avg     0.3856    0.5000    0.4354       564
weighted avg     0.5949    0.7713    0.6717       564

2026-03-18 16:55:51 - ----------------------------------------
2026-03-18 16:56:03 - Epoch [67/100] LR: 0.001000 | Loss: 0.5498 | Train Acc: 0.7629 | Time: 11.7s
2026-03-18 16:56:14 - Epoch [68/100] LR: 0.001000 | Loss: 0.5474 | Train Acc: 0.7629 | Time: 10.9s
2026-03-18 16:56:26 - Epoch [69/100] LR: 0.001000 | Loss: 0.5474 | Train Acc: 0.7629 | Time: 11.8s
2026-03-18 16:56:26 - ----------------------------------------
2026-03-18 16:56:28 - [Test] Acc: 0.7713 | Precision(macro): 0.3856 | Recall(macro): 0.5000 | F1(macro): 0.4354
2026-03-18 16:56:28 - [Test] Classification Report:
              precision    recall  f1-score   support

      benign     0.0000    0.0000    0.0000       129
    no_tumor     0.7713    1.0000    0.8709       435

    accuracy                         0.7713       564
   macro avg     0.3856    0.5000    0.4354       564
weighted avg     0.5949    0.7713    0.6717       564

2026-03-18 16:56:28 - ----------------------------------------
2026-03-18 16:56:39 - Epoch [70/100] LR: 0.001000 | Loss: 0.5466 | Train Acc: 0.7629 | Time: 11.7s
2026-03-18 16:56:50 - Epoch [71/100] LR: 0.001000 | Loss: 0.5475 | Train Acc: 0.7629 | Time: 11.0s
2026-03-18 16:57:02 - Epoch [72/100] LR: 0.001000 | Loss: 0.5507 | Train Acc: 0.7629 | Time: 11.8s
2026-03-18 16:57:02 - ----------------------------------------
2026-03-18 16:57:04 - [Test] Acc: 0.7713 | Precision(macro): 0.3856 | Recall(macro): 0.5000 | F1(macro): 0.4354
2026-03-18 16:57:04 - [Test] Classification Report:
              precision    recall  f1-score   support

      benign     0.0000    0.0000    0.0000       129
    no_tumor     0.7713    1.0000    0.8709       435

    accuracy                         0.7713       564
   macro avg     0.3856    0.5000    0.4354       564
weighted avg     0.5949    0.7713    0.6717       564

2026-03-18 16:57:04 - ----------------------------------------
2026-03-18 16:57:16 - Epoch [73/100] LR: 0.001000 | Loss: 0.5480 | Train Acc: 0.7629 | Time: 11.7s
2026-03-18 16:57:26 - Epoch [74/100] LR: 0.001000 | Loss: 0.5489 | Train Acc: 0.7629 | Time: 10.2s
2026-03-18 16:57:38 - Epoch [75/100] LR: 0.001000 | Loss: 0.5478 | Train Acc: 0.7629 | Time: 11.7s
2026-03-18 16:57:38 - ----------------------------------------
2026-03-18 16:57:40 - [Test] Acc: 0.7713 | Precision(macro): 0.3856 | Recall(macro): 0.5000 | F1(macro): 0.4354
2026-03-18 16:57:40 - [Test] Classification Report:
              precision    recall  f1-score   support

      benign     0.0000    0.0000    0.0000       129
    no_tumor     0.7713    1.0000    0.8709       435

    accuracy                         0.7713       564
   macro avg     0.3856    0.5000    0.4354       564
weighted avg     0.5949    0.7713    0.6717       564

2026-03-18 16:57:40 - ----------------------------------------
2026-03-18 16:57:51 - Epoch [76/100] LR: 0.001000 | Loss: 0.5476 | Train Acc: 0.7629 | Time: 11.7s
2026-03-18 16:58:02 - Epoch [77/100] LR: 0.001000 | Loss: 0.5483 | Train Acc: 0.7629 | Time: 10.9s
2026-03-18 16:58:14 - Epoch [78/100] LR: 0.001000 | Loss: 0.5482 | Train Acc: 0.7629 | Time: 11.7s
2026-03-18 16:58:14 - ----------------------------------------
2026-03-18 16:58:16 - [Test] Acc: 0.7713 | Precision(macro): 0.3856 | Recall(macro): 0.5000 | F1(macro): 0.4354
2026-03-18 16:58:16 - [Test] Classification Report:
              precision    recall  f1-score   support

      benign     0.0000    0.0000    0.0000       129
    no_tumor     0.7713    1.0000    0.8709       435

    accuracy                         0.7713       564
   macro avg     0.3856    0.5000    0.4354       564
weighted avg     0.5949    0.7713    0.6717       564

2026-03-18 16:58:16 - ----------------------------------------
2026-03-18 16:58:28 - Epoch [79/100] LR: 0.001000 | Loss: 0.5486 | Train Acc: 0.7629 | Time: 11.9s
2026-03-18 16:58:39 - Epoch [80/100] LR: 0.001000 | Loss: 0.5475 | Train Acc: 0.7629 | Time: 11.0s
2026-03-18 16:58:51 - Epoch [81/100] LR: 0.001000 | Loss: 0.5465 | Train Acc: 0.7629 | Time: 11.7s
2026-03-18 16:58:51 - ----------------------------------------
2026-03-18 16:58:53 - [Test] Acc: 0.7713 | Precision(macro): 0.3856 | Recall(macro): 0.5000 | F1(macro): 0.4354
2026-03-18 16:58:53 - [Test] Classification Report:
              precision    recall  f1-score   support

      benign     0.0000    0.0000    0.0000       129
    no_tumor     0.7713    1.0000    0.8709       435

    accuracy                         0.7713       564
   macro avg     0.3856    0.5000    0.4354       564
weighted avg     0.5949    0.7713    0.6717       564

2026-03-18 16:58:53 - ----------------------------------------
2026-03-18 16:59:04 - Epoch [82/100] LR: 0.001000 | Loss: 0.5460 | Train Acc: 0.7629 | Time: 11.7s
2026-03-18 16:59:15 - Epoch [83/100] LR: 0.001000 | Loss: 0.5466 | Train Acc: 0.7629 | Time: 10.7s
2026-03-18 16:59:27 - Epoch [84/100] LR: 0.001000 | Loss: 0.5458 | Train Acc: 0.7629 | Time: 11.7s
2026-03-18 16:59:27 - ----------------------------------------
2026-03-18 16:59:29 - [Test] Acc: 0.7713 | Precision(macro): 0.3856 | Recall(macro): 0.5000 | F1(macro): 0.4354
2026-03-18 16:59:29 - [Test] Classification Report:
              precision    recall  f1-score   support

      benign     0.0000    0.0000    0.0000       129
    no_tumor     0.7713    1.0000    0.8709       435

    accuracy                         0.7713       564
   macro avg     0.3856    0.5000    0.4354       564
weighted avg     0.5949    0.7713    0.6717       564

2026-03-18 16:59:29 - ----------------------------------------
2026-03-18 16:59:41 - Epoch [85/100] LR: 0.001000 | Loss: 0.5474 | Train Acc: 0.7629 | Time: 11.7s
2026-03-18 16:59:52 - Epoch [86/100] LR: 0.001000 | Loss: 0.5471 | Train Acc: 0.7629 | Time: 10.9s
2026-03-18 17:00:03 - Epoch [87/100] LR: 0.001000 | Loss: 0.5467 | Train Acc: 0.7629 | Time: 11.4s
2026-03-18 17:00:03 - ----------------------------------------
2026-03-18 17:00:06 - [Test] Acc: 0.7713 | Precision(macro): 0.3856 | Recall(macro): 0.5000 | F1(macro): 0.4354
2026-03-18 17:00:06 - [Test] Classification Report:
              precision    recall  f1-score   support

      benign     0.0000    0.0000    0.0000       129
    no_tumor     0.7713    1.0000    0.8709       435

    accuracy                         0.7713       564
   macro avg     0.3856    0.5000    0.4354       564
weighted avg     0.5949    0.7713    0.6717       564

2026-03-18 17:00:06 - ----------------------------------------
2026-03-18 17:00:17 - Epoch [88/100] LR: 0.001000 | Loss: 0.5455 | Train Acc: 0.7629 | Time: 11.6s
2026-03-18 17:00:27 - Epoch [89/100] LR: 0.001000 | Loss: 0.5465 | Train Acc: 0.7629 | Time: 9.9s
2026-03-18 17:00:39 - Epoch [90/100] LR: 0.001000 | Loss: 0.5467 | Train Acc: 0.7629 | Time: 11.6s
2026-03-18 17:00:39 - ----------------------------------------
2026-03-18 17:00:41 - [Test] Acc: 0.7713 | Precision(macro): 0.3856 | Recall(macro): 0.5000 | F1(macro): 0.4354
2026-03-18 17:00:41 - [Test] Classification Report:
              precision    recall  f1-score   support

      benign     0.0000    0.0000    0.0000       129
    no_tumor     0.7713    1.0000    0.8709       435

    accuracy                         0.7713       564
   macro avg     0.3856    0.5000    0.4354       564
weighted avg     0.5949    0.7713    0.6717       564

2026-03-18 17:00:41 - ----------------------------------------
2026-03-18 17:00:52 - Epoch [91/100] LR: 0.001000 | Loss: 0.5464 | Train Acc: 0.7629 | Time: 11.7s
2026-03-18 17:01:02 - Epoch [92/100] LR: 0.001000 | Loss: 0.5467 | Train Acc: 0.7629 | Time: 10.1s
2026-03-18 17:01:14 - Epoch [93/100] LR: 0.001000 | Loss: 0.5462 | Train Acc: 0.7629 | Time: 11.8s
2026-03-18 17:01:14 - ----------------------------------------
2026-03-18 17:01:16 - [Test] Acc: 0.7713 | Precision(macro): 0.3856 | Recall(macro): 0.5000 | F1(macro): 0.4354
2026-03-18 17:01:16 - [Test] Classification Report:
              precision    recall  f1-score   support

      benign     0.0000    0.0000    0.0000       129
    no_tumor     0.7713    1.0000    0.8709       435

    accuracy                         0.7713       564
   macro avg     0.3856    0.5000    0.4354       564
weighted avg     0.5949    0.7713    0.6717       564

2026-03-18 17:01:16 - ----------------------------------------
2026-03-18 17:01:28 - Epoch [94/100] LR: 0.001000 | Loss: 0.5450 | Train Acc: 0.7629 | Time: 11.5s
2026-03-18 17:01:39 - Epoch [95/100] LR: 0.001000 | Loss: 0.5441 | Train Acc: 0.7629 | Time: 11.1s
2026-03-18 17:01:50 - Epoch [96/100] LR: 0.001000 | Loss: 0.5464 | Train Acc: 0.7629 | Time: 11.6s
2026-03-18 17:01:50 - ----------------------------------------
2026-03-18 17:01:52 - [Test] Acc: 0.7713 | Precision(macro): 0.3856 | Recall(macro): 0.5000 | F1(macro): 0.4354
2026-03-18 17:01:52 - [Test] Classification Report:
              precision    recall  f1-score   support

      benign     0.0000    0.0000    0.0000       129
    no_tumor     0.7713    1.0000    0.8709       435

    accuracy                         0.7713       564
   macro avg     0.3856    0.5000    0.4354       564
weighted avg     0.5949    0.7713    0.6717       564

2026-03-18 17:01:52 - ----------------------------------------
2026-03-18 17:01:58 - Epoch [97/100] LR: 0.001000 | Loss: 0.5455 | Train Acc: 0.7629 | Time: 5.6s
2026-03-18 17:02:03 - Epoch [98/100] LR: 0.001000 | Loss: 0.5466 | Train Acc: 0.7636 | Time: 4.7s
2026-03-18 17:02:07 - Epoch [99/100] LR: 0.001000 | Loss: 0.5469 | Train Acc: 0.7629 | Time: 4.9s
2026-03-18 17:02:07 - ----------------------------------------
2026-03-18 17:02:09 - [Test] Acc: 0.7713 | Precision(macro): 0.3856 | Recall(macro): 0.5000 | F1(macro): 0.4354
2026-03-18 17:02:09 - [Test] Classification Report:
              precision    recall  f1-score   support

      benign     0.0000    0.0000    0.0000       129
    no_tumor     0.7713    1.0000    0.8709       435

    accuracy                         0.7713       564
   macro avg     0.3856    0.5000    0.4354       564
weighted avg     0.5949    0.7713    0.6717       564

2026-03-18 17:02:09 - ----------------------------------------
2026-03-18 17:02:13 - Epoch [100/100] LR: 0.001000 | Loss: 0.5455 | Train Acc: 0.7629 | Time: 4.7s
2026-03-18 17:02:13 - ----------------------------------------
2026-03-18 17:02:14 - [Test] Acc: 0.7713 | Precision(macro): 0.3856 | Recall(macro): 0.5000 | F1(macro): 0.4354
2026-03-18 17:02:14 - [Test] Classification Report:
              precision    recall  f1-score   support

      benign     0.0000    0.0000    0.0000       129
    no_tumor     0.7713    1.0000    0.8709       435

    accuracy                         0.7713       564
   macro avg     0.3856    0.5000    0.4354       564
weighted avg     0.5949    0.7713    0.6717       564

2026-03-18 17:02:14 - ----------------------------------------
2026-03-18 17:02:14 - 
============================================================
2026-03-18 17:02:14 - 训练完成! 最优模型: Epoch 3, F1: 0.4354
2026-03-18 17:02:14 - ============================================================
2026-03-18 17:02:14 - 
加载最优权重进行最终测试...
2026-03-18 17:02:14 - ============================================================
2026-03-18 17:02:14 - 最终测试结果 (最优权重)
2026-03-18 17:02:14 - ============================================================
2026-03-18 17:02:16 - [Final Test] Acc: 0.7713 | Precision(macro): 0.3856 | Recall(macro): 0.5000 | F1(macro): 0.4354
2026-03-18 17:02:16 - [Final Test] Classification Report:
              precision    recall  f1-score   support

      benign     0.0000    0.0000    0.0000       129
    no_tumor     0.7713    1.0000    0.8709       435

    accuracy                         0.7713       564
   macro avg     0.3856    0.5000    0.4354       564
weighted avg     0.5949    0.7713    0.6717       564

2026-03-18 17:02:16 - 训练脚本已复制到: /data1/ouyangxinglong/GBP-Cascade/logs/20260318_task2_SwinTiny_baseline_1/20260318_task2_SwinTiny_baseline_1.py
