2026-04-09 05:34:24 - ======================================================================
2026-04-09 05:34:24 - 实验名称: 20260408_task2_SwinV2Tiny_segcls_21d
2026-04-09 05:34:24 - 模型: SwinV2-Tiny@256 + 4ch + BERT CrossAttn + BERT[CLS] + 10D ExtMeta + Gated Trimodal Fusion
2026-04-09 05:34:24 - 修改: 基于Exp#18, batch_size=32, backbone_lr=8e-5, head_lr=8e-4 (LR 4×缩放), 原始1:3数据, class_weight自动计算
2026-04-09 05:34:24 - 输入通道: 4
2026-04-09 05:34:24 - 图像尺寸: 256
2026-04-09 05:34:24 - 分割类别: 2
2026-04-09 05:34:24 - 分类类别: ['benign', 'no_tumor']
2026-04-09 05:34:24 - Batch Size: 32
2026-04-09 05:34:24 - Backbone LR: 8e-05
2026-04-09 05:34:24 - Head LR: 0.0008
2026-04-09 05:34:24 - Weight Decay: 0.05
2026-04-09 05:34:24 - Warmup Epochs: 10
2026-04-09 05:34:24 - Lambda Cls: 2.0
2026-04-09 05:34:24 - Label Smoothing: 0.1
2026-04-09 05:34:24 - Seed: 42
2026-04-09 05:34:24 - Epochs: 100
2026-04-09 05:34:24 - Grad Clip: 1.0
2026-04-09 05:34:24 - Meta Dim: 10
2026-04-09 05:34:24 - 设备: cuda
2026-04-09 05:34:24 - ======================================================================
2026-04-09 05:34:27 - 训练集: 1229 张 (benign=309, no_tumor=920)
2026-04-09 05:34:27 - 测试集: 523 张 (benign=129, no_tumor=394)
2026-04-09 05:34:41 - 模型参数量: 137,439,313 (含BERT)
2026-04-09 05:34:41 - 可训练参数量: 35,171,665 (BERT冻结)
2026-04-09 05:34:41 - 分类类别权重: benign=1.9887, no_tumor=0.6679 (自动计算)
2026-04-09 05:34:41 - 分割类别权重: bg=1.0, lesion=5.0
2026-04-09 05:34:41 - 
======================================================================
2026-04-09 05:34:41 - 开始训练
2026-04-09 05:34:41 - ======================================================================
2026-04-09 05:34:49 - Epoch [1/100] LR: 8.00e-06/8.00e-05 | Loss: 2.1890 (seg=0.7565, cls=0.7163) | Cls Acc: 0.5090 | Seg IoU: 0.6189 | Seg Dice: 0.6992 | 8.0s
2026-04-09 05:34:55 - Epoch [2/100] LR: 1.60e-05/1.60e-04 | Loss: 1.6978 (seg=0.3224, cls=0.6877) | Cls Acc: 0.5831 | Seg IoU: 0.8850 | Seg Dice: 0.9388 | 6.5s
2026-04-09 05:35:02 - Epoch [3/100] LR: 2.40e-05/2.40e-04 | Loss: 1.5029 (seg=0.2117, cls=0.6456) | Cls Acc: 0.6538 | Seg IoU: 0.9243 | Seg Dice: 0.9606 | 6.5s
2026-04-09 05:35:08 - Epoch [4/100] LR: 3.20e-05/3.20e-04 | Loss: 1.4256 (seg=0.1574, cls=0.6341) | Cls Acc: 0.6924 | Seg IoU: 0.9403 | Seg Dice: 0.9692 | 6.6s
2026-04-09 05:35:15 - Epoch [5/100] LR: 4.00e-05/4.00e-04 | Loss: 1.3700 (seg=0.1072, cls=0.6314) | Cls Acc: 0.6801 | Seg IoU: 0.9547 | Seg Dice: 0.9768 | 6.4s
2026-04-09 05:35:15 - --------------------------------------------------
2026-04-09 05:35:18 - [Test] Cls — Acc: 0.7285 | P(macro): 0.6454 | R(macro): 0.6582 | F1(macro): 0.6505
2026-04-09 05:35:18 - [Test] Seg — Lesion IoU: 0.9317 | Lesion Dice: 0.9646
2026-04-09 05:35:18 - [Test] Classification Report:
              precision    recall  f1-score   support

      benign     0.4558    0.5194    0.4855       129
    no_tumor     0.8351    0.7970    0.8156       394

    accuracy                         0.7285       523
   macro avg     0.6454    0.6582    0.6505       523
weighted avg     0.7415    0.7285    0.7342       523

2026-04-09 05:35:19 - *** 保存最优模型 (F1: 0.6505, Epoch: 5) ***
2026-04-09 05:35:19 - --------------------------------------------------
2026-04-09 05:35:25 - Epoch [6/100] LR: 4.80e-05/4.80e-04 | Loss: 1.3159 (seg=0.0656, cls=0.6251) | Cls Acc: 0.7056 | Seg IoU: 0.9646 | Seg Dice: 0.9820 | 6.6s
2026-04-09 05:35:32 - Epoch [7/100] LR: 5.60e-05/5.60e-04 | Loss: 1.2798 (seg=0.0461, cls=0.6168) | Cls Acc: 0.7072 | Seg IoU: 0.9678 | Seg Dice: 0.9836 | 6.5s
2026-04-09 05:35:38 - Epoch [8/100] LR: 6.40e-05/6.40e-04 | Loss: 1.2625 (seg=0.0374, cls=0.6126) | Cls Acc: 0.7105 | Seg IoU: 0.9679 | Seg Dice: 0.9837 | 6.5s
2026-04-09 05:35:45 - Epoch [9/100] LR: 7.20e-05/7.20e-04 | Loss: 1.2176 (seg=0.0295, cls=0.5941) | Cls Acc: 0.7451 | Seg IoU: 0.9700 | Seg Dice: 0.9848 | 6.3s
2026-04-09 05:35:51 - Epoch [10/100] LR: 8.00e-05/8.00e-04 | Loss: 1.1755 (seg=0.0247, cls=0.5754) | Cls Acc: 0.7541 | Seg IoU: 0.9710 | Seg Dice: 0.9853 | 6.4s
2026-04-09 05:35:51 - --------------------------------------------------
2026-04-09 05:35:54 - [Test] Cls — Acc: 0.7285 | P(macro): 0.6407 | R(macro): 0.6477 | F1(macro): 0.6438
2026-04-09 05:35:54 - [Test] Seg — Lesion IoU: 0.9639 | Lesion Dice: 0.9816
2026-04-09 05:35:54 - [Test] Classification Report:
              precision    recall  f1-score   support

      benign     0.4532    0.4884    0.4701       129
    no_tumor     0.8281    0.8071    0.8175       394

    accuracy                         0.7285       523
   macro avg     0.6407    0.6477    0.6438       523
weighted avg     0.7357    0.7285    0.7318       523

2026-04-09 05:35:54 - --------------------------------------------------
2026-04-09 05:36:00 - Epoch [11/100] LR: 8.00e-05/8.00e-04 | Loss: 1.1520 (seg=0.0211, cls=0.5654) | Cls Acc: 0.7763 | Seg IoU: 0.9742 | Seg Dice: 0.9869 | 6.5s
2026-04-09 05:36:07 - Epoch [12/100] LR: 7.99e-05/7.99e-04 | Loss: 1.1459 (seg=0.0215, cls=0.5622) | Cls Acc: 0.7944 | Seg IoU: 0.9674 | Seg Dice: 0.9834 | 6.5s
2026-04-09 05:36:13 - Epoch [13/100] LR: 7.98e-05/7.98e-04 | Loss: 1.0811 (seg=0.0184, cls=0.5313) | Cls Acc: 0.8092 | Seg IoU: 0.9731 | Seg Dice: 0.9864 | 6.5s
2026-04-09 05:36:20 - Epoch [14/100] LR: 7.96e-05/7.96e-04 | Loss: 1.0726 (seg=0.0164, cls=0.5281) | Cls Acc: 0.8199 | Seg IoU: 0.9764 | Seg Dice: 0.9880 | 6.7s
2026-04-09 05:36:26 - Epoch [15/100] LR: 7.94e-05/7.94e-04 | Loss: 0.9973 (seg=0.0143, cls=0.4915) | Cls Acc: 0.8528 | Seg IoU: 0.9793 | Seg Dice: 0.9895 | 6.5s
2026-04-09 05:36:26 - --------------------------------------------------
2026-04-09 05:36:29 - [Test] Cls — Acc: 0.7189 | P(macro): 0.6252 | R(macro): 0.6284 | F1(macro): 0.6267
2026-04-09 05:36:29 - [Test] Seg — Lesion IoU: 0.9805 | Lesion Dice: 0.9902
2026-04-09 05:36:29 - [Test] Classification Report:
              precision    recall  f1-score   support

      benign     0.4328    0.4496    0.4411       129
    no_tumor     0.8175    0.8071    0.8123       394

    accuracy                         0.7189       523
   macro avg     0.6252    0.6284    0.6267       523
weighted avg     0.7226    0.7189    0.7207       523

2026-04-09 05:36:29 - --------------------------------------------------
2026-04-09 05:36:36 - Epoch [16/100] LR: 7.91e-05/7.91e-04 | Loss: 1.0236 (seg=0.0133, cls=0.5051) | Cls Acc: 0.8380 | Seg IoU: 0.9805 | Seg Dice: 0.9901 | 6.6s
2026-04-09 05:36:42 - Epoch [17/100] LR: 7.88e-05/7.88e-04 | Loss: 1.0056 (seg=0.0136, cls=0.4960) | Cls Acc: 0.8438 | Seg IoU: 0.9783 | Seg Dice: 0.9890 | 6.7s
2026-04-09 05:36:49 - Epoch [18/100] LR: 7.85e-05/7.85e-04 | Loss: 0.9750 (seg=0.0166, cls=0.4792) | Cls Acc: 0.8586 | Seg IoU: 0.9701 | Seg Dice: 0.9848 | 6.5s
2026-04-09 05:36:55 - Epoch [19/100] LR: 7.81e-05/7.81e-04 | Loss: 0.9550 (seg=0.0136, cls=0.4707) | Cls Acc: 0.8577 | Seg IoU: 0.9765 | Seg Dice: 0.9881 | 6.6s
2026-04-09 05:37:02 - Epoch [20/100] LR: 7.76e-05/7.76e-04 | Loss: 0.9531 (seg=0.0123, cls=0.4704) | Cls Acc: 0.8676 | Seg IoU: 0.9797 | Seg Dice: 0.9897 | 6.5s
2026-04-09 05:37:02 - --------------------------------------------------
2026-04-09 05:37:05 - [Test] Cls — Acc: 0.7533 | P(macro): 0.6544 | R(macro): 0.6225 | F1(macro): 0.6324
2026-04-09 05:37:05 - [Test] Seg — Lesion IoU: 0.9802 | Lesion Dice: 0.9900
2026-04-09 05:37:05 - [Test] Classification Report:
              precision    recall  f1-score   support

      benign     0.5000    0.3643    0.4215       129
    no_tumor     0.8089    0.8807    0.8433       394

    accuracy                         0.7533       523
   macro avg     0.6544    0.6225    0.6324       523
weighted avg     0.7327    0.7533    0.7392       523

2026-04-09 05:37:05 - --------------------------------------------------
2026-04-09 05:37:11 - Epoch [21/100] LR: 7.71e-05/7.71e-04 | Loss: 0.8851 (seg=0.0116, cls=0.4368) | Cls Acc: 0.8964 | Seg IoU: 0.9798 | Seg Dice: 0.9898 | 6.4s
2026-04-09 05:37:17 - Epoch [22/100] LR: 7.66e-05/7.66e-04 | Loss: 0.8427 (seg=0.0115, cls=0.4156) | Cls Acc: 0.9013 | Seg IoU: 0.9803 | Seg Dice: 0.9900 | 6.4s
2026-04-09 05:37:24 - Epoch [23/100] LR: 7.60e-05/7.60e-04 | Loss: 0.8827 (seg=0.0113, cls=0.4357) | Cls Acc: 0.8980 | Seg IoU: 0.9801 | Seg Dice: 0.9899 | 6.5s
2026-04-09 05:37:30 - Epoch [24/100] LR: 7.54e-05/7.54e-04 | Loss: 0.8114 (seg=0.0135, cls=0.3989) | Cls Acc: 0.9268 | Seg IoU: 0.9748 | Seg Dice: 0.9872 | 6.5s
2026-04-09 05:37:37 - Epoch [25/100] LR: 7.47e-05/7.47e-04 | Loss: 0.8484 (seg=0.0121, cls=0.4181) | Cls Acc: 0.9046 | Seg IoU: 0.9763 | Seg Dice: 0.9880 | 6.4s
2026-04-09 05:37:37 - --------------------------------------------------
2026-04-09 05:37:39 - [Test] Cls — Acc: 0.7572 | P(macro): 0.6669 | R(macro): 0.6511 | F1(macro): 0.6576
2026-04-09 05:37:39 - [Test] Seg — Lesion IoU: 0.9819 | Lesion Dice: 0.9909
2026-04-09 05:37:39 - [Test] Classification Report:
              precision    recall  f1-score   support

      benign     0.5089    0.4419    0.4730       129
    no_tumor     0.8248    0.8604    0.8422       394

    accuracy                         0.7572       523
   macro avg     0.6669    0.6511    0.6576       523
weighted avg     0.7469    0.7572    0.7512       523

2026-04-09 05:37:43 - *** 保存最优模型 (F1: 0.6576, Epoch: 25) ***
2026-04-09 05:37:43 - --------------------------------------------------
2026-04-09 05:37:50 - Epoch [26/100] LR: 7.40e-05/7.40e-04 | Loss: 0.8260 (seg=0.0116, cls=0.4072) | Cls Acc: 0.9202 | Seg IoU: 0.9785 | Seg Dice: 0.9891 | 6.6s
2026-04-09 05:37:56 - Epoch [27/100] LR: 7.32e-05/7.32e-04 | Loss: 0.8257 (seg=0.0104, cls=0.4077) | Cls Acc: 0.9202 | Seg IoU: 0.9801 | Seg Dice: 0.9899 | 6.6s
2026-04-09 05:38:03 - Epoch [28/100] LR: 7.24e-05/7.24e-04 | Loss: 0.7972 (seg=0.0097, cls=0.3937) | Cls Acc: 0.9285 | Seg IoU: 0.9816 | Seg Dice: 0.9907 | 6.5s
2026-04-09 05:38:09 - Epoch [29/100] LR: 7.16e-05/7.16e-04 | Loss: 0.8013 (seg=0.0098, cls=0.3958) | Cls Acc: 0.9161 | Seg IoU: 0.9810 | Seg Dice: 0.9904 | 6.4s
2026-04-09 05:38:16 - Epoch [30/100] LR: 7.07e-05/7.07e-04 | Loss: 0.7824 (seg=0.0096, cls=0.3864) | Cls Acc: 0.9252 | Seg IoU: 0.9824 | Seg Dice: 0.9911 | 6.4s
2026-04-09 05:38:16 - --------------------------------------------------
2026-04-09 05:38:18 - [Test] Cls — Acc: 0.7438 | P(macro): 0.6407 | R(macro): 0.6162 | F1(macro): 0.6242
2026-04-09 05:38:18 - [Test] Seg — Lesion IoU: 0.9847 | Lesion Dice: 0.9923
2026-04-09 05:38:18 - [Test] Classification Report:
              precision    recall  f1-score   support

      benign     0.4747    0.3643    0.4123       129
    no_tumor     0.8066    0.8680    0.8362       394

    accuracy                         0.7438       523
   macro avg     0.6407    0.6162    0.6242       523
weighted avg     0.7248    0.7438    0.7316       523

2026-04-09 05:38:18 - --------------------------------------------------
2026-04-09 05:38:25 - Epoch [31/100] LR: 6.98e-05/6.98e-04 | Loss: 0.7487 (seg=0.0114, cls=0.3687) | Cls Acc: 0.9408 | Seg IoU: 0.9777 | Seg Dice: 0.9887 | 6.4s
2026-04-09 05:38:31 - Epoch [32/100] LR: 6.89e-05/6.89e-04 | Loss: 0.7726 (seg=0.0085, cls=0.3821) | Cls Acc: 0.9350 | Seg IoU: 0.9841 | Seg Dice: 0.9920 | 6.5s
2026-04-09 05:38:38 - Epoch [33/100] LR: 6.79e-05/6.79e-04 | Loss: 0.7519 (seg=0.0086, cls=0.3716) | Cls Acc: 0.9490 | Seg IoU: 0.9837 | Seg Dice: 0.9918 | 6.5s
2026-04-09 05:38:44 - Epoch [34/100] LR: 6.69e-05/6.69e-04 | Loss: 0.7432 (seg=0.0106, cls=0.3663) | Cls Acc: 0.9457 | Seg IoU: 0.9792 | Seg Dice: 0.9895 | 6.4s
2026-04-09 05:38:51 - Epoch [35/100] LR: 6.59e-05/6.59e-04 | Loss: 0.7995 (seg=0.0089, cls=0.3953) | Cls Acc: 0.9342 | Seg IoU: 0.9820 | Seg Dice: 0.9909 | 6.5s
2026-04-09 05:38:51 - --------------------------------------------------
2026-04-09 05:38:53 - [Test] Cls — Acc: 0.7151 | P(macro): 0.6269 | R(macro): 0.6362 | F1(macro): 0.6307
2026-04-09 05:38:53 - [Test] Seg — Lesion IoU: 0.9851 | Lesion Dice: 0.9925
2026-04-09 05:38:53 - [Test] Classification Report:
              precision    recall  f1-score   support

      benign     0.4306    0.4806    0.4542       129
    no_tumor     0.8232    0.7919    0.8072       394

    accuracy                         0.7151       523
   macro avg     0.6269    0.6362    0.6307       523
weighted avg     0.7264    0.7151    0.7202       523

2026-04-09 05:38:53 - --------------------------------------------------
2026-04-09 05:39:00 - Epoch [36/100] LR: 6.48e-05/6.48e-04 | Loss: 0.6941 (seg=0.0076, cls=0.3433) | Cls Acc: 0.9613 | Seg IoU: 0.9855 | Seg Dice: 0.9927 | 6.5s
2026-04-09 05:39:06 - Epoch [37/100] LR: 6.37e-05/6.37e-04 | Loss: 0.7295 (seg=0.0071, cls=0.3612) | Cls Acc: 0.9474 | Seg IoU: 0.9864 | Seg Dice: 0.9931 | 6.4s
2026-04-09 05:39:13 - Epoch [38/100] LR: 6.25e-05/6.25e-04 | Loss: 0.7167 (seg=0.0071, cls=0.3548) | Cls Acc: 0.9515 | Seg IoU: 0.9864 | Seg Dice: 0.9931 | 6.5s
2026-04-09 05:39:19 - Epoch [39/100] LR: 6.14e-05/6.14e-04 | Loss: 0.7187 (seg=0.0070, cls=0.3558) | Cls Acc: 0.9408 | Seg IoU: 0.9865 | Seg Dice: 0.9932 | 6.4s
2026-04-09 05:39:26 - Epoch [40/100] LR: 6.02e-05/6.02e-04 | Loss: 0.6904 (seg=0.0080, cls=0.3412) | Cls Acc: 0.9531 | Seg IoU: 0.9834 | Seg Dice: 0.9916 | 6.6s
2026-04-09 05:39:26 - --------------------------------------------------
2026-04-09 05:39:28 - [Test] Cls — Acc: 0.7380 | P(macro): 0.6460 | R(macro): 0.6437 | F1(macro): 0.6448
2026-04-09 05:39:28 - [Test] Seg — Lesion IoU: 0.9858 | Lesion Dice: 0.9929
2026-04-09 05:39:28 - [Test] Classification Report:
              precision    recall  f1-score   support

      benign     0.4683    0.4574    0.4627       129
    no_tumor     0.8237    0.8299    0.8268       394

    accuracy                         0.7380       523
   macro avg     0.6460    0.6437    0.6448       523
weighted avg     0.7360    0.7380    0.7370       523

2026-04-09 05:39:28 - --------------------------------------------------
2026-04-09 05:39:35 - Epoch [41/100] LR: 5.90e-05/5.90e-04 | Loss: 0.6998 (seg=0.0070, cls=0.3464) | Cls Acc: 0.9564 | Seg IoU: 0.9864 | Seg Dice: 0.9932 | 6.5s
2026-04-09 05:39:41 - Epoch [42/100] LR: 5.78e-05/5.78e-04 | Loss: 0.6520 (seg=0.0066, cls=0.3227) | Cls Acc: 0.9729 | Seg IoU: 0.9872 | Seg Dice: 0.9935 | 6.6s
2026-04-09 05:39:48 - Epoch [43/100] LR: 5.65e-05/5.65e-04 | Loss: 0.6342 (seg=0.0059, cls=0.3141) | Cls Acc: 0.9786 | Seg IoU: 0.9886 | Seg Dice: 0.9943 | 6.6s
2026-04-09 05:39:54 - Epoch [44/100] LR: 5.52e-05/5.52e-04 | Loss: 0.6596 (seg=0.0057, cls=0.3270) | Cls Acc: 0.9712 | Seg IoU: 0.9886 | Seg Dice: 0.9943 | 6.5s
2026-04-09 05:40:01 - Epoch [45/100] LR: 5.39e-05/5.39e-04 | Loss: 0.6682 (seg=0.0053, cls=0.3314) | Cls Acc: 0.9655 | Seg IoU: 0.9896 | Seg Dice: 0.9948 | 6.4s
2026-04-09 05:40:01 - --------------------------------------------------
2026-04-09 05:40:04 - [Test] Cls — Acc: 0.6902 | P(macro): 0.6059 | R(macro): 0.6198 | F1(macro): 0.6102
2026-04-09 05:40:04 - [Test] Seg — Lesion IoU: 0.9894 | Lesion Dice: 0.9947
2026-04-09 05:40:04 - [Test] Classification Report:
              precision    recall  f1-score   support

      benign     0.3949    0.4806    0.4336       129
    no_tumor     0.8169    0.7589    0.7868       394

    accuracy                         0.6902       523
   macro avg     0.6059    0.6198    0.6102       523
weighted avg     0.7128    0.6902    0.6997       523

2026-04-09 05:40:04 - --------------------------------------------------
2026-04-09 05:40:11 - Epoch [46/100] LR: 5.26e-05/5.26e-04 | Loss: 0.6861 (seg=0.0052, cls=0.3404) | Cls Acc: 0.9655 | Seg IoU: 0.9897 | Seg Dice: 0.9948 | 6.4s
2026-04-09 05:40:17 - Epoch [47/100] LR: 5.13e-05/5.13e-04 | Loss: 0.6604 (seg=0.0057, cls=0.3274) | Cls Acc: 0.9671 | Seg IoU: 0.9889 | Seg Dice: 0.9944 | 7.0s
2026-04-09 05:40:24 - Epoch [48/100] LR: 5.00e-05/5.00e-04 | Loss: 0.6609 (seg=0.0056, cls=0.3277) | Cls Acc: 0.9696 | Seg IoU: 0.9891 | Seg Dice: 0.9945 | 6.9s
2026-04-09 05:40:31 - Epoch [49/100] LR: 4.86e-05/4.86e-04 | Loss: 0.6433 (seg=0.0045, cls=0.3194) | Cls Acc: 0.9720 | Seg IoU: 0.9913 | Seg Dice: 0.9956 | 7.1s
2026-04-09 05:40:38 - Epoch [50/100] LR: 4.73e-05/4.73e-04 | Loss: 0.6123 (seg=0.0044, cls=0.3040) | Cls Acc: 0.9844 | Seg IoU: 0.9915 | Seg Dice: 0.9957 | 6.8s
2026-04-09 05:40:38 - --------------------------------------------------
2026-04-09 05:40:41 - [Test] Cls — Acc: 0.7285 | P(macro): 0.6158 | R(macro): 0.5956 | F1(macro): 0.6018
2026-04-09 05:40:41 - [Test] Seg — Lesion IoU: 0.9921 | Lesion Dice: 0.9960
2026-04-09 05:40:41 - [Test] Classification Report:
              precision    recall  f1-score   support

      benign     0.4343    0.3333    0.3772       129
    no_tumor     0.7972    0.8579    0.8264       394

    accuracy                         0.7285       523
   macro avg     0.6158    0.5956    0.6018       523
weighted avg     0.7077    0.7285    0.7156       523

2026-04-09 05:40:41 - --------------------------------------------------
2026-04-09 05:40:48 - Epoch [51/100] LR: 4.59e-05/4.59e-04 | Loss: 0.6110 (seg=0.0038, cls=0.3036) | Cls Acc: 0.9860 | Seg IoU: 0.9928 | Seg Dice: 0.9964 | 6.6s
2026-04-09 05:40:55 - Epoch [52/100] LR: 4.45e-05/4.45e-04 | Loss: 0.6340 (seg=0.0045, cls=0.3147) | Cls Acc: 0.9753 | Seg IoU: 0.9910 | Seg Dice: 0.9955 | 6.6s
2026-04-09 05:41:02 - Epoch [53/100] LR: 4.32e-05/4.32e-04 | Loss: 0.5977 (seg=0.0051, cls=0.2963) | Cls Acc: 0.9860 | Seg IoU: 0.9897 | Seg Dice: 0.9948 | 6.9s
2026-04-09 05:41:09 - Epoch [54/100] LR: 4.18e-05/4.18e-04 | Loss: 0.6381 (seg=0.0108, cls=0.3137) | Cls Acc: 0.9770 | Seg IoU: 0.9758 | Seg Dice: 0.9877 | 7.0s
2026-04-09 05:41:15 - Epoch [55/100] LR: 4.04e-05/4.04e-04 | Loss: 0.6069 (seg=0.0046, cls=0.3011) | Cls Acc: 0.9819 | Seg IoU: 0.9910 | Seg Dice: 0.9955 | 6.7s
2026-04-09 05:41:15 - --------------------------------------------------
2026-04-09 05:41:18 - [Test] Cls — Acc: 0.7342 | P(macro): 0.6328 | R(macro): 0.6203 | F1(macro): 0.6253
2026-04-09 05:41:18 - [Test] Seg — Lesion IoU: 0.9925 | Lesion Dice: 0.9962
2026-04-09 05:41:18 - [Test] Classification Report:
              precision    recall  f1-score   support

      benign     0.4554    0.3953    0.4232       129
    no_tumor     0.8102    0.8452    0.8273       394

    accuracy                         0.7342       523
   macro avg     0.6328    0.6203    0.6253       523
weighted avg     0.7227    0.7342    0.7277       523

2026-04-09 05:41:18 - --------------------------------------------------
2026-04-09 05:41:25 - Epoch [56/100] LR: 3.90e-05/3.90e-04 | Loss: 0.6340 (seg=0.0035, cls=0.3153) | Cls Acc: 0.9778 | Seg IoU: 0.9933 | Seg Dice: 0.9966 | 6.5s
2026-04-09 05:41:32 - Epoch [57/100] LR: 3.76e-05/3.76e-04 | Loss: 0.6246 (seg=0.0032, cls=0.3107) | Cls Acc: 0.9778 | Seg IoU: 0.9937 | Seg Dice: 0.9969 | 6.9s
2026-04-09 05:41:39 - Epoch [58/100] LR: 3.63e-05/3.63e-04 | Loss: 0.6024 (seg=0.0030, cls=0.2997) | Cls Acc: 0.9836 | Seg IoU: 0.9942 | Seg Dice: 0.9971 | 7.2s
2026-04-09 05:41:46 - Epoch [59/100] LR: 3.49e-05/3.49e-04 | Loss: 0.5753 (seg=0.0027, cls=0.2863) | Cls Acc: 0.9893 | Seg IoU: 0.9949 | Seg Dice: 0.9974 | 6.8s
2026-04-09 05:41:53 - Epoch [60/100] LR: 3.35e-05/3.35e-04 | Loss: 0.5895 (seg=0.0027, cls=0.2934) | Cls Acc: 0.9836 | Seg IoU: 0.9948 | Seg Dice: 0.9974 | 6.7s
2026-04-09 05:41:53 - --------------------------------------------------
2026-04-09 05:41:56 - [Test] Cls — Acc: 0.7380 | P(macro): 0.6417 | R(macro): 0.6332 | F1(macro): 0.6369
2026-04-09 05:41:56 - [Test] Seg — Lesion IoU: 0.9955 | Lesion Dice: 0.9977
2026-04-09 05:41:56 - [Test] Classification Report:
              precision    recall  f1-score   support

      benign     0.4661    0.4264    0.4453       129
    no_tumor     0.8173    0.8401    0.8285       394

    accuracy                         0.7380       523
   macro avg     0.6417    0.6332    0.6369       523
weighted avg     0.7307    0.7380    0.7340       523

2026-04-09 05:41:56 - --------------------------------------------------
2026-04-09 05:42:02 - Epoch [61/100] LR: 3.22e-05/3.22e-04 | Loss: 0.5593 (seg=0.0026, cls=0.2784) | Cls Acc: 0.9910 | Seg IoU: 0.9950 | Seg Dice: 0.9975 | 6.6s
2026-04-09 05:42:09 - Epoch [62/100] LR: 3.08e-05/3.08e-04 | Loss: 0.5930 (seg=0.0027, cls=0.2952) | Cls Acc: 0.9893 | Seg IoU: 0.9947 | Seg Dice: 0.9973 | 6.6s
2026-04-09 05:42:16 - Epoch [63/100] LR: 2.95e-05/2.95e-04 | Loss: 0.5951 (seg=0.0024, cls=0.2963) | Cls Acc: 0.9860 | Seg IoU: 0.9953 | Seg Dice: 0.9976 | 7.0s
2026-04-09 05:42:23 - Epoch [64/100] LR: 2.82e-05/2.82e-04 | Loss: 0.5819 (seg=0.0022, cls=0.2898) | Cls Acc: 0.9901 | Seg IoU: 0.9957 | Seg Dice: 0.9979 | 7.0s
2026-04-09 05:42:30 - Epoch [65/100] LR: 2.69e-05/2.69e-04 | Loss: 0.5748 (seg=0.0021, cls=0.2863) | Cls Acc: 0.9877 | Seg IoU: 0.9959 | Seg Dice: 0.9979 | 7.1s
2026-04-09 05:42:30 - --------------------------------------------------
2026-04-09 05:42:34 - [Test] Cls — Acc: 0.7438 | P(macro): 0.6377 | R(macro): 0.6084 | F1(macro): 0.6169
2026-04-09 05:42:34 - [Test] Seg — Lesion IoU: 0.9959 | Lesion Dice: 0.9980
2026-04-09 05:42:34 - [Test] Classification Report:
              precision    recall  f1-score   support

      benign     0.4731    0.3411    0.3964       129
    no_tumor     0.8023    0.8756    0.8374       394

    accuracy                         0.7438       523
   macro avg     0.6377    0.6084    0.6169       523
weighted avg     0.7211    0.7438    0.7286       523

2026-04-09 05:42:34 - --------------------------------------------------
2026-04-09 05:42:40 - Epoch [66/100] LR: 2.56e-05/2.56e-04 | Loss: 0.5609 (seg=0.0021, cls=0.2794) | Cls Acc: 0.9926 | Seg IoU: 0.9960 | Seg Dice: 0.9980 | 6.5s
2026-04-09 05:42:47 - Epoch [67/100] LR: 2.43e-05/2.43e-04 | Loss: 0.5553 (seg=0.0019, cls=0.2767) | Cls Acc: 0.9926 | Seg IoU: 0.9962 | Seg Dice: 0.9981 | 6.6s
2026-04-09 05:42:53 - Epoch [68/100] LR: 2.30e-05/2.30e-04 | Loss: 0.5712 (seg=0.0019, cls=0.2846) | Cls Acc: 0.9926 | Seg IoU: 0.9964 | Seg Dice: 0.9982 | 6.8s
2026-04-09 05:43:00 - Epoch [69/100] LR: 2.18e-05/2.18e-04 | Loss: 0.5637 (seg=0.0019, cls=0.2809) | Cls Acc: 0.9934 | Seg IoU: 0.9964 | Seg Dice: 0.9982 | 7.0s
2026-04-09 05:43:07 - Epoch [70/100] LR: 2.06e-05/2.06e-04 | Loss: 0.5689 (seg=0.0018, cls=0.2835) | Cls Acc: 0.9910 | Seg IoU: 0.9963 | Seg Dice: 0.9982 | 6.6s
2026-04-09 05:43:07 - --------------------------------------------------
2026-04-09 05:43:10 - [Test] Cls — Acc: 0.7457 | P(macro): 0.6377 | R(macro): 0.6018 | F1(macro): 0.6107
2026-04-09 05:43:10 - [Test] Seg — Lesion IoU: 0.9969 | Lesion Dice: 0.9985
2026-04-09 05:43:10 - [Test] Classification Report:
              precision    recall  f1-score   support

      benign     0.4767    0.3178    0.3814       129
    no_tumor     0.7986    0.8858    0.8400       394

    accuracy                         0.7457       523
   macro avg     0.6377    0.6018    0.6107       523
weighted avg     0.7192    0.7457    0.7268       523

2026-04-09 05:43:10 - --------------------------------------------------
2026-04-09 05:43:17 - Epoch [71/100] LR: 1.94e-05/1.94e-04 | Loss: 0.5627 (seg=0.0017, cls=0.2805) | Cls Acc: 0.9918 | Seg IoU: 0.9967 | Seg Dice: 0.9983 | 6.6s
2026-04-09 05:43:23 - Epoch [72/100] LR: 1.83e-05/1.83e-04 | Loss: 0.5906 (seg=0.0017, cls=0.2944) | Cls Acc: 0.9877 | Seg IoU: 0.9967 | Seg Dice: 0.9983 | 6.7s
2026-04-09 05:43:31 - Epoch [73/100] LR: 1.71e-05/1.71e-04 | Loss: 0.5892 (seg=0.0016, cls=0.2938) | Cls Acc: 0.9860 | Seg IoU: 0.9970 | Seg Dice: 0.9985 | 7.0s
2026-04-09 05:43:37 - Epoch [74/100] LR: 1.60e-05/1.60e-04 | Loss: 0.5497 (seg=0.0015, cls=0.2741) | Cls Acc: 0.9942 | Seg IoU: 0.9971 | Seg Dice: 0.9985 | 7.0s
2026-04-09 05:43:44 - Epoch [75/100] LR: 1.49e-05/1.49e-04 | Loss: 0.5789 (seg=0.0015, cls=0.2887) | Cls Acc: 0.9910 | Seg IoU: 0.9970 | Seg Dice: 0.9985 | 6.8s
2026-04-09 05:43:44 - --------------------------------------------------
2026-04-09 05:43:48 - [Test] Cls — Acc: 0.7495 | P(macro): 0.6496 | R(macro): 0.6226 | F1(macro): 0.6315
2026-04-09 05:43:48 - [Test] Seg — Lesion IoU: 0.9973 | Lesion Dice: 0.9987
2026-04-09 05:43:48 - [Test] Classification Report:
              precision    recall  f1-score   support

      benign     0.4898    0.3721    0.4229       129
    no_tumor     0.8094    0.8731    0.8400       394

    accuracy                         0.7495       523
   macro avg     0.6496    0.6226    0.6315       523
weighted avg     0.7306    0.7495    0.7372       523

2026-04-09 05:43:48 - --------------------------------------------------
2026-04-09 05:43:54 - Epoch [76/100] LR: 1.39e-05/1.39e-04 | Loss: 0.5666 (seg=0.0014, cls=0.2826) | Cls Acc: 0.9926 | Seg IoU: 0.9973 | Seg Dice: 0.9986 | 6.5s
2026-04-09 05:44:00 - Epoch [77/100] LR: 1.29e-05/1.29e-04 | Loss: 0.5749 (seg=0.0014, cls=0.2868) | Cls Acc: 0.9901 | Seg IoU: 0.9974 | Seg Dice: 0.9987 | 6.4s
2026-04-09 05:44:07 - Epoch [78/100] LR: 1.19e-05/1.19e-04 | Loss: 0.5758 (seg=0.0014, cls=0.2872) | Cls Acc: 0.9893 | Seg IoU: 0.9974 | Seg Dice: 0.9987 | 6.7s
2026-04-09 05:44:14 - Epoch [79/100] LR: 1.10e-05/1.10e-04 | Loss: 0.5548 (seg=0.0014, cls=0.2767) | Cls Acc: 0.9951 | Seg IoU: 0.9974 | Seg Dice: 0.9987 | 7.0s
2026-04-09 05:44:21 - Epoch [80/100] LR: 1.01e-05/1.01e-04 | Loss: 0.5521 (seg=0.0013, cls=0.2754) | Cls Acc: 0.9942 | Seg IoU: 0.9974 | Seg Dice: 0.9987 | 7.0s
2026-04-09 05:44:21 - --------------------------------------------------
2026-04-09 05:44:24 - [Test] Cls — Acc: 0.7476 | P(macro): 0.6380 | R(macro): 0.5953 | F1(macro): 0.6039
2026-04-09 05:44:24 - [Test] Seg — Lesion IoU: 0.9977 | Lesion Dice: 0.9989
2026-04-09 05:44:24 - [Test] Classification Report:
              precision    recall  f1-score   support

      benign     0.4810    0.2946    0.3654       129
    no_tumor     0.7950    0.8959    0.8425       394

    accuracy                         0.7476       523
   macro avg     0.6380    0.5953    0.6039       523
weighted avg     0.7176    0.7476    0.7248       523

2026-04-09 05:44:24 - --------------------------------------------------
2026-04-09 05:44:31 - Epoch [81/100] LR: 9.19e-06/9.19e-05 | Loss: 0.5379 (seg=0.0013, cls=0.2683) | Cls Acc: 0.9992 | Seg IoU: 0.9976 | Seg Dice: 0.9988 | 6.5s
2026-04-09 05:44:38 - Epoch [82/100] LR: 8.36e-06/8.36e-05 | Loss: 0.5488 (seg=0.0012, cls=0.2738) | Cls Acc: 0.9959 | Seg IoU: 0.9977 | Seg Dice: 0.9988 | 6.6s
2026-04-09 05:44:44 - Epoch [83/100] LR: 7.57e-06/7.57e-05 | Loss: 0.5528 (seg=0.0013, cls=0.2758) | Cls Acc: 0.9967 | Seg IoU: 0.9975 | Seg Dice: 0.9988 | 7.0s
2026-04-09 05:44:51 - Epoch [84/100] LR: 6.82e-06/6.82e-05 | Loss: 0.5440 (seg=0.0012, cls=0.2714) | Cls Acc: 0.9967 | Seg IoU: 0.9978 | Seg Dice: 0.9989 | 7.0s
2026-04-09 05:44:58 - Epoch [85/100] LR: 6.11e-06/6.11e-05 | Loss: 0.5549 (seg=0.0012, cls=0.2769) | Cls Acc: 0.9959 | Seg IoU: 0.9977 | Seg Dice: 0.9988 | 6.9s
2026-04-09 05:44:58 - --------------------------------------------------
2026-04-09 05:45:01 - [Test] Cls — Acc: 0.7017 | P(macro): 0.5939 | R(macro): 0.5909 | F1(macro): 0.5922
2026-04-09 05:45:01 - [Test] Seg — Lesion IoU: 0.9977 | Lesion Dice: 0.9989
2026-04-09 05:45:01 - [Test] Classification Report:
              precision    recall  f1-score   support

      benign     0.3902    0.3721    0.3810       129
    no_tumor     0.7975    0.8096    0.8035       394

    accuracy                         0.7017       523
   macro avg     0.5939    0.5909    0.5922       523
weighted avg     0.6970    0.7017    0.6993       523

2026-04-09 05:45:01 - --------------------------------------------------
2026-04-09 05:45:08 - Epoch [86/100] LR: 5.44e-06/5.44e-05 | Loss: 0.5462 (seg=0.0012, cls=0.2725) | Cls Acc: 0.9967 | Seg IoU: 0.9977 | Seg Dice: 0.9988 | 6.6s
2026-04-09 05:45:15 - Epoch [87/100] LR: 4.81e-06/4.81e-05 | Loss: 0.5558 (seg=0.0013, cls=0.2773) | Cls Acc: 0.9951 | Seg IoU: 0.9976 | Seg Dice: 0.9988 | 7.1s
2026-04-09 05:45:22 - Epoch [88/100] LR: 4.22e-06/4.22e-05 | Loss: 0.5442 (seg=0.0012, cls=0.2715) | Cls Acc: 0.9951 | Seg IoU: 0.9977 | Seg Dice: 0.9989 | 7.0s
2026-04-09 05:45:29 - Epoch [89/100] LR: 3.68e-06/3.68e-05 | Loss: 0.5481 (seg=0.0011, cls=0.2735) | Cls Acc: 0.9967 | Seg IoU: 0.9978 | Seg Dice: 0.9989 | 6.9s
2026-04-09 05:45:36 - Epoch [90/100] LR: 3.19e-06/3.19e-05 | Loss: 0.5487 (seg=0.0012, cls=0.2738) | Cls Acc: 0.9951 | Seg IoU: 0.9978 | Seg Dice: 0.9989 | 7.0s
2026-04-09 05:45:36 - --------------------------------------------------
2026-04-09 05:45:39 - [Test] Cls — Acc: 0.7247 | P(macro): 0.6095 | R(macro): 0.5905 | F1(macro): 0.5962
2026-04-09 05:45:39 - [Test] Seg — Lesion IoU: 0.9979 | Lesion Dice: 0.9990
2026-04-09 05:45:39 - [Test] Classification Report:
              precision    recall  f1-score   support

      benign     0.4242    0.3256    0.3684       129
    no_tumor     0.7948    0.8553    0.8240       394

    accuracy                         0.7247       523
   macro avg     0.6095    0.5905    0.5962       523
weighted avg     0.7034    0.7247    0.7116       523

2026-04-09 05:45:39 - --------------------------------------------------
2026-04-09 05:45:46 - Epoch [91/100] LR: 2.74e-06/2.74e-05 | Loss: 0.5409 (seg=0.0011, cls=0.2699) | Cls Acc: 0.9959 | Seg IoU: 0.9978 | Seg Dice: 0.9989 | 6.6s
2026-04-09 05:45:52 - Epoch [92/100] LR: 2.33e-06/2.33e-05 | Loss: 0.5607 (seg=0.0011, cls=0.2798) | Cls Acc: 0.9942 | Seg IoU: 0.9979 | Seg Dice: 0.9989 | 6.5s
2026-04-09 05:45:59 - Epoch [93/100] LR: 1.98e-06/1.98e-05 | Loss: 0.5371 (seg=0.0011, cls=0.2680) | Cls Acc: 0.9975 | Seg IoU: 0.9979 | Seg Dice: 0.9989 | 7.0s
2026-04-09 05:46:06 - Epoch [94/100] LR: 1.67e-06/1.67e-05 | Loss: 0.5487 (seg=0.0011, cls=0.2738) | Cls Acc: 0.9951 | Seg IoU: 0.9979 | Seg Dice: 0.9989 | 7.1s
2026-04-09 05:46:14 - Epoch [95/100] LR: 1.40e-06/1.40e-05 | Loss: 0.5448 (seg=0.0011, cls=0.2719) | Cls Acc: 0.9967 | Seg IoU: 0.9979 | Seg Dice: 0.9990 | 7.2s
2026-04-09 05:46:14 - --------------------------------------------------
2026-04-09 05:46:17 - [Test] Cls — Acc: 0.7342 | P(macro): 0.6233 | R(macro): 0.5994 | F1(macro): 0.6065
2026-04-09 05:46:17 - [Test] Seg — Lesion IoU: 0.9980 | Lesion Dice: 0.9990
2026-04-09 05:46:17 - [Test] Classification Report:
              precision    recall  f1-score   support

      benign     0.4479    0.3333    0.3822       129
    no_tumor     0.7986    0.8655    0.8307       394

    accuracy                         0.7342       523
   macro avg     0.6233    0.5994    0.6065       523
weighted avg     0.7121    0.7342    0.7201       523

2026-04-09 05:46:17 - --------------------------------------------------
2026-04-09 05:46:23 - Epoch [96/100] LR: 1.19e-06/1.19e-05 | Loss: 0.5397 (seg=0.0011, cls=0.2693) | Cls Acc: 0.9975 | Seg IoU: 0.9979 | Seg Dice: 0.9989 | 6.4s
2026-04-09 05:46:30 - Epoch [97/100] LR: 1.02e-06/1.02e-05 | Loss: 0.5441 (seg=0.0011, cls=0.2715) | Cls Acc: 0.9984 | Seg IoU: 0.9979 | Seg Dice: 0.9990 | 6.7s
2026-04-09 05:46:37 - Epoch [98/100] LR: 8.96e-07/8.96e-06 | Loss: 0.5375 (seg=0.0011, cls=0.2682) | Cls Acc: 0.9975 | Seg IoU: 0.9978 | Seg Dice: 0.9989 | 6.8s
2026-04-09 05:46:44 - Epoch [99/100] LR: 8.24e-07/8.24e-06 | Loss: 0.5503 (seg=0.0011, cls=0.2746) | Cls Acc: 0.9951 | Seg IoU: 0.9979 | Seg Dice: 0.9990 | 7.1s
2026-04-09 05:46:51 - Epoch [100/100] LR: 8.00e-07/8.00e-06 | Loss: 0.5394 (seg=0.0011, cls=0.2692) | Cls Acc: 0.9984 | Seg IoU: 0.9979 | Seg Dice: 0.9990 | 7.1s
2026-04-09 05:46:51 - --------------------------------------------------
2026-04-09 05:46:54 - [Test] Cls — Acc: 0.7342 | P(macro): 0.6207 | R(macro): 0.5942 | F1(macro): 0.6013
2026-04-09 05:46:54 - [Test] Seg — Lesion IoU: 0.9980 | Lesion Dice: 0.9990
2026-04-09 05:46:54 - [Test] Classification Report:
              precision    recall  f1-score   support

      benign     0.4457    0.3178    0.3710       129
    no_tumor     0.7958    0.8706    0.8315       394

    accuracy                         0.7342       523
   macro avg     0.6207    0.5942    0.6013       523
weighted avg     0.7095    0.7342    0.7179       523

2026-04-09 05:46:54 - --------------------------------------------------
2026-04-09 05:46:54 - 
======================================================================
2026-04-09 05:46:54 - 训练完成! 最优模型: Epoch 25, F1: 0.6576
2026-04-09 05:46:54 - ======================================================================
2026-04-09 05:46:54 - 
加载最优权重进行最终测试...
2026-04-09 05:46:55 - ======================================================================
2026-04-09 05:46:55 - 最终测试结果 (最优权重, threshold=0.5)
2026-04-09 05:46:55 - ======================================================================
2026-04-09 05:46:57 - [Final Test] Cls — Acc: 0.7572 | P(macro): 0.6669 | R(macro): 0.6511 | F1(macro): 0.6576
2026-04-09 05:46:57 - [Final Test] Seg — Lesion IoU: 0.9819 | Lesion Dice: 0.9909
2026-04-09 05:46:57 - [Final Test] Classification Report:
              precision    recall  f1-score   support

      benign     0.5089    0.4419    0.4730       129
    no_tumor     0.8248    0.8604    0.8422       394

    accuracy                         0.7572       523
   macro avg     0.6669    0.6511    0.6576       523
weighted avg     0.7469    0.7572    0.7512       523

2026-04-09 05:46:57 - 
======================================================================
2026-04-09 05:46:57 - 阈值优化搜索
2026-04-09 05:46:57 - ======================================================================
2026-04-09 05:47:01 - 最优阈值: 0.430 (F1: 0.6602 vs 默认0.5 F1: 0.6576)
2026-04-09 05:47:03 - [Final Test (最优阈值)] Threshold: 0.430 | Acc: 0.7514 | P(macro): 0.6630 | R(macro): 0.6578 | F1(macro): 0.6602
2026-04-09 05:47:03 - [Final Test (最优阈值)] Classification Report:
              precision    recall  f1-score   support

      benign     0.4959    0.4729    0.4841       129
    no_tumor     0.8300    0.8426    0.8363       394

    accuracy                         0.7514       523
   macro avg     0.6630    0.6578    0.6602       523
weighted avg     0.7476    0.7514    0.7494       523

2026-04-09 05:47:03 - 训练脚本已复制到: /data1/ouyangxinglong/GBP-Cascade/0408/logs/20260408_task2_SwinV2Tiny_segcls_21d/20260408_task2_SwinV2Tiny_segcls_21d.py
