2026-04-15 12:01:10 - ======================================================================
2026-04-15 12:01:10 - 实验名称: 20260414_task3_SwinV2Tiny_segcls_3
2026-04-15 12:01:10 - 模型: SwinV2-Tiny@256 + 4ch + UNetSeg + SegGuidedAttn + 10D_Meta + 3ClsCostSensitive + OrdinalScore
2026-04-15 12:01:10 - 修改: Exp-C: 在Exp-B基础上新增 Seg-Guided Attention (分割概率引导f2注意力池化) + 10D临床metadata(age/gender/size/echo/flow/morph/...) → MLP → 64D融合, 预期改善 benign recall
2026-04-15 12:01:10 - 图像尺寸: 256
2026-04-15 12:01:10 - 分类类别: ['malignant', 'benign', 'no_tumor']
2026-04-15 12:01:10 - Metadata: 10D → 64D MLP
2026-04-15 12:01:10 - Batch Size: 8 (2mal+2ben+4notumor)
2026-04-15 12:01:10 - Backbone LR: 2e-05 | Head LR: 0.0002
2026-04-15 12:01:10 - Epochs: 60 | Warmup: 5
2026-04-15 12:01:10 - Lambda Cls: 2.0 | Lambda Ord: 0.5
2026-04-15 12:01:10 - 代价惩罚权重: 0.5
2026-04-15 12:01:10 - Val 比例: 0.15
2026-04-15 12:01:10 - 设备: cuda
2026-04-15 12:01:10 - 代价矩阵:
2026-04-15 12:01:10 -   malignant:  [0.0, 1.0, 4.0]
2026-04-15 12:01:10 -   benign:     [1.0, 0.0, 2.0]
2026-04-15 12:01:10 -   no_tumor:   [1.5, 1.0, 0.0]
2026-04-15 12:01:10 - ======================================================================
2026-04-15 12:01:12 - 训练集: 907 张 (malignant=210, benign=235, no_tumor=462)
2026-04-15 12:01:12 - 验证集: 177 张 (malignant=62, benign=36, no_tumor=79)
2026-04-15 12:01:12 - 测试集: 456 张 (malignant=114, benign=114, no_tumor=228)
2026-04-15 12:01:12 - 训练集 metadata 缺失样本数: 577/907
2026-04-15 12:01:12 - Meta features: ['age', 'gender', 'size_mm', 'size_bin', 'flow_bin', 'morph_bin', 'echo_type', 'lesion_count', 'wall_thickness', 'us_diameter']
2026-04-15 12:01:12 - Meta stats: {'age': {'fill': 46.0, 'mean': 47.051, 'std': 15.928}, 'gender': {'fill': 0.0, 'mean': 0.481, 'std': 0.5}, 'size_mm': {'fill': 11.0, 'mean': 12.477, 'std': 6.024}, 'size_bin': {'fill': 1.0, 'mean': 0.85, 'std': 0.59}, 'flow_bin': {'fill': 2.0, 'mean': 1.361, 'std': 0.888}, 'morph_bin': {'fill': 1.0, 'mean': 0.965, 'std': 0.883}, 'echo_type': {'fill': 1.0, 'mean': 0.981, 'std': 0.434}, 'lesion_count': {'fill': 0.0, 'mean': 0.384, 'std': 0.486}, 'wall_thickness': {'fill': 3.0, 'mean': 3.496, 'std': 2.047}, 'us_diameter': {'fill': 11.0, 'mean': 16.479, 'std': 14.854}}
2026-04-15 12:01:20 - 模型参数量: 34,597,328
2026-04-15 12:01:20 - 可训练参数量: 34,597,328
2026-04-15 12:01:20 - ======================================================================
2026-04-15 12:01:20 - 开始训练
2026-04-15 12:01:20 - ======================================================================
2026-04-15 12:01:44 - Epoch [1/60] LR: 4.00e-06/4.00e-05 | Loss: 3.9479 (seg=0.7318 cls=1.5862 ord=0.0877) | Acc: 0.3921 | Dice: 0.3535 | 24s
2026-04-15 12:02:04 - Epoch [2/60] LR: 8.00e-06/8.00e-05 | Loss: 3.2477 (seg=0.4844 cls=1.3622 ord=0.0777) | Acc: 0.5545 | Dice: 0.5799 | 20s
2026-04-15 12:02:04 - --------------------------------------------------
2026-04-15 12:02:08 - [Val] Softmax F1: 0.4523 | Ordinal F1: 0.5160 (t1=0.37, t2=0.45) | Dice: 0.5536
2026-04-15 12:02:08 - *** 保存最优模型 (Val F1: 0.5160, Epoch: 2) ***
2026-04-15 12:02:08 - --------------------------------------------------
2026-04-15 12:02:28 - Epoch [3/60] LR: 1.20e-05/1.20e-04 | Loss: 2.8848 (seg=0.4402 cls=1.2070 ord=0.0613) | Acc: 0.6346 | Dice: 0.6171 | 20s
2026-04-15 12:02:48 - Epoch [4/60] LR: 1.60e-05/1.60e-04 | Loss: 2.6187 (seg=0.3923 cls=1.1011 ord=0.0483) | Acc: 0.6688 | Dice: 0.6530 | 20s
2026-04-15 12:02:48 - --------------------------------------------------
2026-04-15 12:02:51 - [Val] Softmax F1: 0.5514 | Ordinal F1: 0.5502 (t1=0.39, t2=0.61) | Dice: 0.6538
2026-04-15 12:02:52 - *** 保存最优模型 (Val F1: 0.5514, Epoch: 4) ***
2026-04-15 12:02:52 - --------------------------------------------------
2026-04-15 12:03:12 - Epoch [5/60] LR: 2.00e-05/2.00e-04 | Loss: 2.4555 (seg=0.3436 cls=1.0455 ord=0.0418) | Acc: 0.7179 | Dice: 0.6868 | 21s
2026-04-15 12:03:32 - Epoch [6/60] LR: 2.00e-05/2.00e-04 | Loss: 2.2458 (seg=0.3065 cls=0.9605 ord=0.0366) | Acc: 0.7511 | Dice: 0.7078 | 20s
2026-04-15 12:03:32 - --------------------------------------------------
2026-04-15 12:03:35 - [Val] Softmax F1: 0.6297 | Ordinal F1: 0.6212 (t1=0.43, t2=0.59) | Dice: 0.6815
2026-04-15 12:03:36 - *** 保存最优模型 (Val F1: 0.6297, Epoch: 6) ***
2026-04-15 12:03:36 - --------------------------------------------------
2026-04-15 12:03:56 - Epoch [7/60] LR: 1.99e-05/1.99e-04 | Loss: 2.0831 (seg=0.2845 cls=0.8916 ord=0.0309) | Acc: 0.7724 | Dice: 0.7267 | 20s
