nohup: ignoring input
2026-05-10 16:12:32 - ========================================================================
2026-05-10 16:12:32 - 实验: 20260510_task_risk_E_aux_cls  (实验 B — 非对称 target + 早停 + 温度校准)
2026-05-10 16:12:32 - 模型: SwinV2-Tiny@256 + 4ch + Trimodal + 1D Risk Head + 3-class Aux Head (asym target 1.0/0.35/0.0, λ_cls=0.5, early-stop, temp-scaled)
2026-05-10 16:12:32 - Ordinal targets: [1.0, 0.3499999940395355, 0.0]  (asymmetric)
2026-05-10 16:12:32 - Epochs: 25 | Patience: 5
2026-05-10 16:12:32 - 设备: cuda
2026-05-10 16:12:32 - ========================================================================
2026-05-10 16:12:32 - 初始化完成,开始构建数据流水线 ...
2026-05-10 16:12:32 - [1/4] 切分 train/val ...
2026-05-10 16:12:33 - [1/4] train=690 val=123 (0.5s)
2026-05-10 16:12:33 - [2/4] 装载 text_dict ...
2026-05-10 16:12:33 - [2/4] 共 1953 条
2026-05-10 16:12:33 - [3/4] 构造 train_dataset ...
2026-05-10 16:12:33 - [3/4] train_dataset OK (0.6s)
2026-05-10 16:12:35 - [3/4] eval datasets OK
2026-05-10 16:12:35 - Train: 690 张 (malignant=232, benign=227, no_tumor=231)
2026-05-10 16:12:35 - Val: 123 张 (malignant=39, benign=44, no_tumor=40)
2026-05-10 16:12:35 - Test-111: 342 张 (malignant=114, benign=114, no_tumor=114)
2026-05-10 16:12:35 - Test-112: 456 张 (malignant=114, benign=114, no_tumor=228)
2026-05-10 16:12:35 - [4/4] DataLoaders OK | train_batches=115
2026-05-10 16:12:35 - 构建模型 (BERT + SwinV2-Tiny + Trimodal + AuxCls, 离线加载) ...
Loading weights:   0%|          | 0/199 [00:00<?, ?it/s]Loading weights: 100%|██████████| 199/199 [00:00<00:00, 21024.34it/s]
[1mBertModel LOAD REPORT[0m from: bert-base-chinese
Key                                        | Status     |  | 
-------------------------------------------+------------+--+-
cls.predictions.transform.dense.bias       | UNEXPECTED |  | 
cls.seq_relationship.weight                | UNEXPECTED |  | 
cls.predictions.transform.LayerNorm.weight | UNEXPECTED |  | 
cls.predictions.transform.dense.weight     | UNEXPECTED |  | 
cls.seq_relationship.bias                  | UNEXPECTED |  | 
cls.predictions.bias                       | UNEXPECTED |  | 
cls.predictions.transform.LayerNorm.bias   | UNEXPECTED |  | 

Notes:
- UNEXPECTED:	can be ignored when loading from different task/architecture; not ok if you expect identical arch.
2026-05-10 16:12:54 - 模型构建完成 (19.0s)
2026-05-10 16:12:54 - 模型参数量: 137,439,699 (可训练 35,172,051)
2026-05-10 16:12:54 - ========================================================================
2026-05-10 16:12:54 - 开始训练 (含早停)
2026-05-10 16:12:54 - ========================================================================
2026-05-10 16:13:13 - Epoch [1/25] LR: 6.67e-06/6.67e-05 | Loss: 1.7556 (seg=0.5106 ord=0.4339 cls=0.7542) | Dice: 0.8273 | 19s
2026-05-10 16:13:28 - Epoch [2/25] LR: 1.33e-05/1.33e-04 | Loss: 1.1608 (seg=0.2091 ord=0.3582 cls=0.4707) | Dice: 0.9543 | 15s
2026-05-10 16:13:30 - [Val] ROC-AUC(risk): 0.9701 | cls_acc: 0.7724 (p_mal_mean=0.303 p_ben_mean=0.377 p_nt_mean=0.320)
2026-05-10 16:13:31 - *** 保存最优 (Val AUC: 0.9701, Epoch: 2) ***
2026-05-10 16:13:47 - Epoch [3/25] LR: 2.00e-05/2.00e-04 | Loss: 0.9542 (seg=0.1079 ord=0.3306 cls=0.3700) | Dice: 0.9735 | 15s
2026-05-10 16:14:02 - Epoch [4/25] LR: 1.99e-05/1.99e-04 | Loss: 0.8666 (seg=0.0573 ord=0.3216 cls=0.3324) | Dice: 0.9821 | 15s
2026-05-10 16:14:04 - [Val] ROC-AUC(risk): 0.9792 | cls_acc: 0.7398 (p_mal_mean=0.301 p_ben_mean=0.374 p_nt_mean=0.324)
2026-05-10 16:14:12 - *** 保存最优 (Val AUC: 0.9792, Epoch: 4) ***
2026-05-10 16:14:27 - Epoch [5/25] LR: 1.96e-05/1.96e-04 | Loss: 0.8231 (seg=0.0392 ord=0.3138 cls=0.3126) | Dice: 0.9838 | 16s
2026-05-10 16:14:43 - Epoch [6/25] LR: 1.91e-05/1.91e-04 | Loss: 0.8040 (seg=0.0310 ord=0.3098 cls=0.3068) | Dice: 0.9841 | 15s
2026-05-10 16:14:44 - [Val] ROC-AUC(risk): 0.9985 | cls_acc: 0.7398 (p_mal_mean=0.318 p_ben_mean=0.377 p_nt_mean=0.304)
2026-05-10 16:14:52 - *** 保存最优 (Val AUC: 0.9985, Epoch: 6) ***
2026-05-10 16:15:08 - Epoch [7/25] LR: 1.84e-05/1.84e-04 | Loss: 0.7634 (seg=0.0252 ord=0.3035 cls=0.2622) | Dice: 0.9864 | 16s
2026-05-10 16:15:23 - Epoch [8/25] LR: 1.76e-05/1.76e-04 | Loss: 0.7323 (seg=0.0220 ord=0.2949 cls=0.2410) | Dice: 0.9877 | 15s
2026-05-10 16:15:25 - [Val] ROC-AUC(risk): 0.9612 | cls_acc: 0.7642 (p_mal_mean=0.305 p_ben_mean=0.500 p_nt_mean=0.195)
2026-05-10 16:15:40 - Epoch [9/25] LR: 1.66e-05/1.66e-04 | Loss: 0.7261 (seg=0.0199 ord=0.2940 cls=0.2366) | Dice: 0.9879 | 15s
2026-05-10 16:15:56 - Epoch [10/25] LR: 1.55e-05/1.55e-04 | Loss: 0.6891 (seg=0.0177 ord=0.2864 cls=0.1973) | Dice: 0.9887 | 16s
2026-05-10 16:15:57 - [Val] ROC-AUC(risk): 0.9551 | cls_acc: 0.7317 (p_mal_mean=0.291 p_ben_mean=0.433 p_nt_mean=0.276)
2026-05-10 16:16:13 - Epoch [11/25] LR: 1.42e-05/1.42e-04 | Loss: 0.6828 (seg=0.0153 ord=0.2856 cls=0.1925) | Dice: 0.9901 | 16s
2026-05-10 16:16:28 - Epoch [12/25] LR: 1.29e-05/1.29e-04 | Loss: 0.6639 (seg=0.0142 ord=0.2806 cls=0.1770) | Dice: 0.9903 | 15s
2026-05-10 16:16:30 - [Val] ROC-AUC(risk): 0.9493 | cls_acc: 0.7561 (p_mal_mean=0.300 p_ben_mean=0.492 p_nt_mean=0.208)
2026-05-10 16:16:46 - Epoch [13/25] LR: 1.15e-05/1.15e-04 | Loss: 0.6677 (seg=0.0128 ord=0.2809 cls=0.1862) | Dice: 0.9911 | 16s
2026-05-10 16:17:02 - Epoch [14/25] LR: 1.01e-05/1.01e-04 | Loss: 0.6345 (seg=0.0118 ord=0.2768 cls=0.1383) | Dice: 0.9913 | 15s
2026-05-10 16:17:03 - [Val] ROC-AUC(risk): 0.8886 | cls_acc: 0.7236 (p_mal_mean=0.269 p_ben_mean=0.437 p_nt_mean=0.294)
2026-05-10 16:17:19 - Epoch [15/25] LR: 8.69e-06/8.69e-05 | Loss: 0.6273 (seg=0.0113 ord=0.2737 cls=0.1372) | Dice: 0.9917 | 16s
2026-05-10 16:17:34 - Epoch [16/25] LR: 7.31e-06/7.31e-05 | Loss: 0.6076 (seg=0.0098 ord=0.2692 cls=0.1188) | Dice: 0.9927 | 15s
2026-05-10 16:17:35 - [Val] ROC-AUC(risk): 0.9554 | cls_acc: 0.7398 (p_mal_mean=0.299 p_ben_mean=0.453 p_nt_mean=0.248)
2026-05-10 16:17:35 - ⏹ Early stopping triggered at epoch 16 (best epoch=6, best AUC=0.9985)
2026-05-10 16:17:35 - ========================================================================
2026-05-10 16:17:35 - 训练完成。Best Epoch: 6, Best Val AUC: 0.9985
2026-05-10 16:17:35 - ========================================================================
2026-05-10 16:17:38 - ========================================================================
2026-05-10 16:17:38 - [Temperature Scaling] T = 0.6155
2026-05-10 16:17:38 -   val Brier (before)= 0.0587
2026-05-10 16:17:38 -   val Brier (after) = 0.0505  (↓)
2026-05-10 16:17:38 - ========================================================================
2026-05-10 16:17:40 - 采用 E 阈值搜索结果 (E_soft_relaxed_0.10)
2026-05-10 16:17:40 -   → t_low=0.050 t_high=0.500
2026-05-10 16:17:40 -   → tau_nt=0.70 tau_mal=0.30 tau_ben=0.30
2026-05-10 16:17:40 -   → obj=0.9130 ben_to_low=0.091 nt_to_high=0.000 high_p=1.0000 low_p_nt=0.8261
2026-05-10 16:17:40 - ========================================================================
2026-05-10 16:17:40 - 阈值已保存: /data1/ouyangxinglong/GBP-Cascade/0510/logs/20260510_task_risk_E_aux_cls/thresholds.json
2026-05-10 16:17:43 - [Test-111] safety: {'mal_to_low': 0, 'high_recall': 1.0, 'high_precision': 0.9661016949152542, 'medium_share': 0.39473684210526316, 'binary_roc_auc': 1.0}
2026-05-10 16:17:46 - [Test-111] 诊断 — self-search: obj=0.8217 ben_to_low=0.333 nt_to_high=0.018
2026-05-10 16:17:46 - 评估已保存: /data1/ouyangxinglong/GBP-Cascade/0510/logs/20260510_task_risk_E_aux_cls/eval_111.json
2026-05-10 16:17:49 - [Test-112] safety: {'mal_to_low': 0, 'high_recall': 1.0, 'high_precision': 0.957983193277311, 'medium_share': 0.4144736842105263, 'binary_roc_auc': 1.0}
2026-05-10 16:17:53 - [Test-112] 诊断 — self-search: obj=0.8860 ben_to_low=0.333 nt_to_high=0.013
2026-05-10 16:17:53 - 评估已保存: /data1/ouyangxinglong/GBP-Cascade/0510/logs/20260510_task_risk_E_aux_cls/eval_112.json
2026-05-10 16:17:54 - 混淆矩阵图: /data1/ouyangxinglong/GBP-Cascade/0510/logs/20260510_task_risk_E_aux_cls/confusion_matrices.png
2026-05-10 16:17:54 - ========================================================================
2026-05-10 16:17:54 - 全部完成。
2026-05-10 16:17:54 -   best weight    : /data1/ouyangxinglong/GBP-Cascade/0510/logs/20260510_task_risk_E_aux_cls/20260510_task_risk_E_aux_cls_best.pth
2026-05-10 16:17:54 -   thresholds.json: /data1/ouyangxinglong/GBP-Cascade/0510/logs/20260510_task_risk_E_aux_cls/thresholds.json
2026-05-10 16:17:54 -   eval_111.json  : /data1/ouyangxinglong/GBP-Cascade/0510/logs/20260510_task_risk_E_aux_cls/eval_111.json
2026-05-10 16:17:54 -   eval_112.json  : /data1/ouyangxinglong/GBP-Cascade/0510/logs/20260510_task_risk_E_aux_cls/eval_112.json
2026-05-10 16:17:54 -   混淆矩阵图     : /data1/ouyangxinglong/GBP-Cascade/0510/logs/20260510_task_risk_E_aux_cls/confusion_matrices.png
2026-05-10 16:17:54 - ========================================================================
