nohup: ignoring input
2026-05-10 16:12:32 - ========================================================================
2026-05-10 16:12:32 - 实验: 20260510_task_risk_G_margin  (实验 B — 非对称 target + 早停 + 温度校准)
2026-05-10 16:12:32 - 模型: SwinV2-Tiny@256 + 4ch + Trimodal + 1D Risk Head (asym target 1.0/0.35/0.0, margin ranking λ=0.3 m=0.2, early-stop, temp-scaled)
2026-05-10 16:12:32 - Ordinal targets: [1.0, 0.3499999940395355, 0.0]  (asymmetric)
2026-05-10 16:12:32 - Epochs: 25 | Patience: 5
2026-05-10 16:12:32 - 设备: cuda
2026-05-10 16:12:32 - ========================================================================
2026-05-10 16:12:32 - 初始化完成,开始构建数据流水线 ...
2026-05-10 16:12:32 - [1/4] 切分 train/val ...
2026-05-10 16:12:33 - [1/4] train=690 val=123 (0.4s)
2026-05-10 16:12:33 - [2/4] 装载 text_dict ...
2026-05-10 16:12:33 - [2/4] 共 1953 条
2026-05-10 16:12:33 - [3/4] 构造 train_dataset ...
2026-05-10 16:12:33 - [3/4] train_dataset OK (0.6s)
2026-05-10 16:12:35 - [3/4] eval datasets OK
2026-05-10 16:12:35 - Train: 690 张 (malignant=232, benign=227, no_tumor=231)
2026-05-10 16:12:35 - Val: 123 张 (malignant=39, benign=44, no_tumor=40)
2026-05-10 16:12:35 - Test-111: 342 张 (malignant=114, benign=114, no_tumor=114)
2026-05-10 16:12:35 - Test-112: 456 张 (malignant=114, benign=114, no_tumor=228)
2026-05-10 16:12:35 - [4/4] DataLoaders OK | train_batches=115
2026-05-10 16:12:35 - 构建模型 (BERT + SwinV2-Tiny + Trimodal, 离线加载) ...
Loading weights:   0%|          | 0/199 [00:00<?, ?it/s]Loading weights: 100%|██████████| 199/199 [00:00<00:00, 3716.22it/s]
[1mBertModel LOAD REPORT[0m from: bert-base-chinese
Key                                        | Status     |  | 
-------------------------------------------+------------+--+-
cls.predictions.transform.LayerNorm.weight | UNEXPECTED |  | 
cls.predictions.transform.LayerNorm.bias   | UNEXPECTED |  | 
cls.seq_relationship.bias                  | UNEXPECTED |  | 
cls.seq_relationship.weight                | UNEXPECTED |  | 
cls.predictions.transform.dense.weight     | UNEXPECTED |  | 
cls.predictions.transform.dense.bias       | UNEXPECTED |  | 
cls.predictions.bias                       | UNEXPECTED |  | 

Notes:
- UNEXPECTED:	can be ignored when loading from different task/architecture; not ok if you expect identical arch.
2026-05-10 16:12:54 - 模型构建完成 (19.0s)
2026-05-10 16:12:54 - 模型参数量: 137,406,416 (可训练 35,138,768)
2026-05-10 16:12:54 - ========================================================================
2026-05-10 16:12:54 - 开始训练 (含早停)
2026-05-10 16:12:54 - ========================================================================
2026-05-10 16:13:13 - Epoch [1/25] LR: 6.67e-06/6.67e-05 | Loss: 1.4472 (seg=0.5198 ord=0.4322 rank=0.2103) | Dice: 0.8198 | 19s
2026-05-10 16:13:28 - Epoch [2/25] LR: 1.33e-05/1.33e-04 | Loss: 0.9531 (seg=0.2039 ord=0.3514 rank=0.1545) | Dice: 0.9548 | 15s
2026-05-10 16:13:30 - [Val] ROC-AUC: 0.9847 | profile=primary t_low=0.230 t_high=0.500 low_p=0.6061 high_recall=0.9744 M→低=0 med_share=0.341
2026-05-10 16:13:31 - *** 保存最优 (Val AUC: 0.9847, Epoch: 2) ***
2026-05-10 16:13:47 - Epoch [3/25] LR: 2.00e-05/2.00e-04 | Loss: 0.8001 (seg=0.1000 ord=0.3326 rank=0.1161) | Dice: 0.9746 | 15s
2026-05-10 16:14:03 - Epoch [4/25] LR: 1.99e-05/1.99e-04 | Loss: 0.7249 (seg=0.0549 ord=0.3200 rank=0.1004) | Dice: 0.9801 | 16s
2026-05-10 16:14:04 - [Val] ROC-AUC: 0.8990 | profile=unconstrained t_low=0.070 t_high=0.500 low_p=0.6571 high_recall=0.7436 M→低=2 med_share=0.472
2026-05-10 16:14:20 - Epoch [5/25] LR: 1.96e-05/1.96e-04 | Loss: 0.6959 (seg=0.0356 ord=0.3149 rank=0.1018) | Dice: 0.9827 | 16s
2026-05-10 16:14:36 - Epoch [6/25] LR: 1.91e-05/1.91e-04 | Loss: 0.6488 (seg=0.0243 ord=0.3011 rank=0.0743) | Dice: 0.9876 | 16s
2026-05-10 16:14:38 - [Val] ROC-AUC: 1.0000 | profile=primary t_low=0.230 t_high=0.500 low_p=0.5897 high_recall=1.0000 M→低=0 med_share=0.325
2026-05-10 16:14:41 - *** 保存最优 (Val AUC: 1.0000, Epoch: 6) ***
2026-05-10 16:14:56 - Epoch [7/25] LR: 1.84e-05/1.84e-04 | Loss: 0.6399 (seg=0.0192 ord=0.2995 rank=0.0727) | Dice: 0.9885 | 15s
2026-05-10 16:15:13 - Epoch [8/25] LR: 1.76e-05/1.76e-04 | Loss: 0.6323 (seg=0.0158 ord=0.2980 rank=0.0685) | Dice: 0.9901 | 16s
2026-05-10 16:15:14 - [Val] ROC-AUC: 1.0000 | profile=primary t_low=0.210 t_high=0.500 low_p=0.6250 high_recall=1.0000 M→低=0 med_share=0.317
2026-05-10 16:15:30 - Epoch [9/25] LR: 1.66e-05/1.66e-04 | Loss: 0.6147 (seg=0.0145 ord=0.2933 rank=0.0454) | Dice: 0.9897 | 16s
2026-05-10 16:15:45 - Epoch [10/25] LR: 1.55e-05/1.55e-04 | Loss: 0.5953 (seg=0.0126 ord=0.2845 rank=0.0459) | Dice: 0.9910 | 15s
2026-05-10 16:15:47 - [Val] ROC-AUC: 1.0000 | profile=primary t_low=0.250 t_high=0.500 low_p=0.5897 high_recall=1.0000 M→低=0 med_share=0.350
2026-05-10 16:16:02 - Epoch [11/25] LR: 1.42e-05/1.42e-04 | Loss: 0.6038 (seg=0.0114 ord=0.2888 rank=0.0492) | Dice: 0.9912 | 15s
2026-05-10 16:16:18 - Epoch [12/25] LR: 1.29e-05/1.29e-04 | Loss: 0.5796 (seg=0.0106 ord=0.2791 rank=0.0361) | Dice: 0.9912 | 16s
2026-05-10 16:16:19 - [Val] ROC-AUC: 0.9795 | profile=primary t_low=0.270 t_high=0.500 low_p=0.5682 high_recall=0.9744 M→低=1 med_share=0.333
2026-05-10 16:16:35 - Epoch [13/25] LR: 1.15e-05/1.15e-04 | Loss: 0.5652 (seg=0.0087 ord=0.2731 rank=0.0345) | Dice: 0.9933 | 16s
2026-05-10 16:16:50 - Epoch [14/25] LR: 1.01e-05/1.01e-04 | Loss: 0.5744 (seg=0.0081 ord=0.2784 rank=0.0314) | Dice: 0.9935 | 15s
2026-05-10 16:16:52 - [Val] ROC-AUC: 0.9841 | profile=primary t_low=0.150 t_high=0.500 low_p=0.5476 high_recall=0.9744 M→低=1 med_share=0.350
2026-05-10 16:17:07 - Epoch [15/25] LR: 8.69e-06/8.69e-05 | Loss: 0.5728 (seg=0.0076 ord=0.2778 rank=0.0320) | Dice: 0.9937 | 15s
2026-05-10 16:17:24 - Epoch [16/25] LR: 7.31e-06/7.31e-05 | Loss: 0.5700 (seg=0.0069 ord=0.2773 rank=0.0282) | Dice: 0.9944 | 16s
2026-05-10 16:17:25 - [Val] ROC-AUC: 0.9838 | profile=primary t_low=0.270 t_high=0.500 low_p=0.5745 high_recall=0.9744 M→低=1 med_share=0.293
2026-05-10 16:17:25 - ⏹ Early stopping triggered at epoch 16 (best epoch=6, best AUC=1.0000)
2026-05-10 16:17:25 - ========================================================================
2026-05-10 16:17:25 - 训练完成。Best Epoch: 6, Best Val AUC: 1.0000
2026-05-10 16:17:25 - ========================================================================
2026-05-10 16:17:28 - ========================================================================
2026-05-10 16:17:28 - [Temperature Scaling] T = 0.4137
2026-05-10 16:17:28 -   val Brier (before)= 0.0632
2026-05-10 16:17:28 -   val Brier (after) = 0.0413  (↓)
2026-05-10 16:17:28 - ========================================================================
2026-05-10 16:17:28 - G 软底线无解,退回 baseline 阈值
2026-05-10 16:17:28 -   → t_low=0.050, t_high=0.500
2026-05-10 16:17:28 - ========================================================================
2026-05-10 16:17:28 - 阈值已保存: /data1/ouyangxinglong/GBP-Cascade/0510/logs/20260510_task_risk_G_margin/thresholds.json
2026-05-10 16:17:31 - ========================================================================
2026-05-10 16:17:31 - [Test-111 (calib+val-thr)] 风险分层评估 (t_low=0.050, t_high=0.500)
2026-05-10 16:17:31 - ========================================================================
2026-05-10 16:17:31 - [Test-111 (calib+val-thr)] 3-band 混淆矩阵 (行=真实, 列=预测档)：
2026-05-10 16:17:31 -                band_high  band_med   band_low
2026-05-10 16:17:31 -   malignant           114         0          0
2026-05-10 16:17:31 -   benign                5        64         45
2026-05-10 16:17:31 -   no_tumor              7        23         84
2026-05-10 16:17:31 - [Test-111 (calib+val-thr)] 二值安全口径 (高风险 vs 非高风险)：
2026-05-10 16:17:31 -                pred_high  pred_other
2026-05-10 16:17:31 -   is_malignant       114          0
2026-05-10 16:17:31 -   not_mal             12        216
2026-05-10 16:17:31 - [Test-111 (calib+val-thr)] 关键安全指标：
2026-05-10 16:17:31 -   M → 低风险 漏诊 (硬底线 ≤ 1)：0
2026-05-10 16:17:31 -   高风险召回 (硬底线 ≥ 0.95) ：1.0000
2026-05-10 16:17:31 -   高风险精确率              ：0.9048
2026-05-10 16:17:31 -   中风险占比 (约束 ≤ 0.35)  ：0.2544
2026-05-10 16:17:31 -   二值 ROC-AUC (恶性 vs 其他)：0.9994
2026-05-10 16:17:31 - [Test-111 (calib+val-thr)] 每档统计：
2026-05-10 16:17:31 -   band_high   | n_pred= 126 | share=0.368 | P(vs malignant)=0.9048 | R(vs malignant)=1.0000
2026-05-10 16:17:31 -   band_medium | n_pred=  87 | share=0.254 | P(vs benign)=0.7356 | R(vs benign)=0.5614
2026-05-10 16:17:31 -   band_low    | n_pred= 129 | share=0.377 | P(vs no_tumor)=0.6512 | R(vs no_tumor)=0.7368
2026-05-10 16:17:31 - [Test-111 (calib+val-thr)] 风险分数分布：
2026-05-10 16:17:31 -   malignant  n= 114 mean=0.9993 std=0.0042 [0.9616, 1.0000]
2026-05-10 16:17:31 -   benign     n= 114 mean=0.1345 std=0.1769 [0.0000, 0.9902]
2026-05-10 16:17:31 -   no_tumor   n= 114 mean=0.0868 std=0.1988 [0.0000, 1.0000]
2026-05-10 16:17:31 - [Test-111 (calib+val-thr)] 校准 (Brier=0.0321)；分箱样本数: [162, 31, 14, 4, 5, 3, 2, 2, 1, 118]
2026-05-10 16:17:31 - ========================================================================
2026-05-10 16:17:31 - [Test-111] Brier raw=0.0520 calib=0.0321
2026-05-10 16:17:31 - [Test-111] 诊断 — 直接在校准后该集上搜阈值: profile=primary t_low=0.050 t_high=0.500 low_p=0.6512
2026-05-10 16:17:31 - 评估已保存: /data1/ouyangxinglong/GBP-Cascade/0510/logs/20260510_task_risk_G_margin/eval_111.json
2026-05-10 16:17:34 - ========================================================================
2026-05-10 16:17:34 - [Test-112 (calib+val-thr)] 风险分层评估 (t_low=0.050, t_high=0.500)
2026-05-10 16:17:34 - ========================================================================
2026-05-10 16:17:34 - [Test-112 (calib+val-thr)] 3-band 混淆矩阵 (行=真实, 列=预测档)：
2026-05-10 16:17:34 -                band_high  band_med   band_low
2026-05-10 16:17:34 -   malignant           114         0          0
2026-05-10 16:17:34 -   benign                5        64         45
2026-05-10 16:17:34 -   no_tumor             11        53        164
2026-05-10 16:17:34 - [Test-112 (calib+val-thr)] 二值安全口径 (高风险 vs 非高风险)：
2026-05-10 16:17:34 -                pred_high  pred_other
2026-05-10 16:17:34 -   is_malignant       114          0
2026-05-10 16:17:34 -   not_mal             16        326
2026-05-10 16:17:34 - [Test-112 (calib+val-thr)] 关键安全指标：
2026-05-10 16:17:34 -   M → 低风险 漏诊 (硬底线 ≤ 1)：0
2026-05-10 16:17:34 -   高风险召回 (硬底线 ≥ 0.95) ：1.0000
2026-05-10 16:17:34 -   高风险精确率              ：0.8769
2026-05-10 16:17:34 -   中风险占比 (约束 ≤ 0.35)  ：0.2566
2026-05-10 16:17:34 -   二值 ROC-AUC (恶性 vs 其他)：0.9992
2026-05-10 16:17:34 - [Test-112 (calib+val-thr)] 每档统计：
2026-05-10 16:17:34 -   band_high   | n_pred= 130 | share=0.285 | P(vs malignant)=0.8769 | R(vs malignant)=1.0000
2026-05-10 16:17:34 -   band_medium | n_pred= 117 | share=0.257 | P(vs benign)=0.5470 | R(vs benign)=0.5614
2026-05-10 16:17:34 -   band_low    | n_pred= 209 | share=0.458 | P(vs no_tumor)=0.7847 | R(vs no_tumor)=0.7193
2026-05-10 16:17:34 - [Test-112 (calib+val-thr)] 风险分数分布：
2026-05-10 16:17:34 -   malignant  n= 114 mean=0.9993 std=0.0042 [0.9616, 1.0000]
2026-05-10 16:17:34 -   benign     n= 114 mean=0.1345 std=0.1769 [0.0000, 0.9902]
2026-05-10 16:17:34 -   no_tumor   n= 228 mean=0.0805 std=0.1807 [0.0000, 1.0000]
2026-05-10 16:17:34 - [Test-112 (calib+val-thr)] 校准 (Brier=0.0319)；分箱样本数: [253, 44, 17, 6, 6, 4, 2, 3, 2, 119]
2026-05-10 16:17:34 - ========================================================================
2026-05-10 16:17:34 - [Test-112] Brier raw=0.0532 calib=0.0319
2026-05-10 16:17:34 - [Test-112] 诊断 — 直接在校准后该集上搜阈值: profile=primary t_low=0.050 t_high=0.500 low_p=0.7847
2026-05-10 16:17:34 - 评估已保存: /data1/ouyangxinglong/GBP-Cascade/0510/logs/20260510_task_risk_G_margin/eval_112.json
2026-05-10 16:17:35 - 混淆矩阵图: /data1/ouyangxinglong/GBP-Cascade/0510/logs/20260510_task_risk_G_margin/confusion_matrices.png
2026-05-10 16:17:35 - ========================================================================
2026-05-10 16:17:35 - 全部完成。
2026-05-10 16:17:35 -   best weight    : /data1/ouyangxinglong/GBP-Cascade/0510/logs/20260510_task_risk_G_margin/20260510_task_risk_G_margin_best.pth
2026-05-10 16:17:35 -   thresholds.json: /data1/ouyangxinglong/GBP-Cascade/0510/logs/20260510_task_risk_G_margin/thresholds.json
2026-05-10 16:17:35 -   eval_111.json  : /data1/ouyangxinglong/GBP-Cascade/0510/logs/20260510_task_risk_G_margin/eval_111.json
2026-05-10 16:17:35 -   eval_112.json  : /data1/ouyangxinglong/GBP-Cascade/0510/logs/20260510_task_risk_G_margin/eval_112.json
2026-05-10 16:17:35 -   混淆矩阵图     : /data1/ouyangxinglong/GBP-Cascade/0510/logs/20260510_task_risk_G_margin/confusion_matrices.png
2026-05-10 16:17:35 - ========================================================================
