nohup: ignoring input
2026-05-10 16:12:32 - ========================================================================
2026-05-10 16:12:32 - 实验: 20260510_task_risk_H_cascade  (实验 B — 非对称 target + 早停 + 温度校准)
2026-05-10 16:12:32 - 模型: SwinV2-Tiny@256 + 4ch + Trimodal + Cascade(tumor → mal) (2 BCE heads, mask-weighted stage2, dual temp scaling, cascade decision)
2026-05-10 16:12:32 - Ordinal targets: [1.0, 0.3499999940395355, 0.0]  (asymmetric)
2026-05-10 16:12:32 - Epochs: 25 | Patience: 5
2026-05-10 16:12:32 - 设备: cuda
2026-05-10 16:12:32 - ========================================================================
2026-05-10 16:12:32 - 初始化完成,开始构建数据流水线 ...
2026-05-10 16:12:32 - [1/4] 切分 train/val ...
2026-05-10 16:12:33 - [1/4] train=690 val=123 (0.4s)
2026-05-10 16:12:33 - [2/4] 装载 text_dict ...
2026-05-10 16:12:33 - [2/4] 共 1953 条
2026-05-10 16:12:33 - [3/4] 构造 train_dataset ...
2026-05-10 16:12:33 - [3/4] train_dataset OK (0.6s)
2026-05-10 16:12:35 - [3/4] eval datasets OK
2026-05-10 16:12:35 - Train: 690 张 (malignant=232, benign=227, no_tumor=231)
2026-05-10 16:12:35 - Val: 123 张 (malignant=39, benign=44, no_tumor=40)
2026-05-10 16:12:35 - Test-111: 342 张 (malignant=114, benign=114, no_tumor=114)
2026-05-10 16:12:35 - Test-112: 456 张 (malignant=114, benign=114, no_tumor=228)
2026-05-10 16:12:35 - [4/4] DataLoaders OK | train_batches=115
2026-05-10 16:12:35 - 构建模型 (BERT + SwinV2-Tiny + Trimodal + Cascade, 离线加载) ...
Loading weights:   0%|          | 0/199 [00:00<?, ?it/s]Loading weights: 100%|██████████| 199/199 [00:00<00:00, 12223.64it/s]
[1mBertModel LOAD REPORT[0m from: bert-base-chinese
Key                                        | Status     |  | 
-------------------------------------------+------------+--+-
cls.seq_relationship.weight                | UNEXPECTED |  | 
cls.predictions.transform.LayerNorm.bias   | UNEXPECTED |  | 
cls.predictions.transform.LayerNorm.weight | UNEXPECTED |  | 
cls.predictions.transform.dense.weight     | UNEXPECTED |  | 
cls.seq_relationship.bias                  | UNEXPECTED |  | 
cls.predictions.transform.dense.bias       | UNEXPECTED |  | 
cls.predictions.bias                       | UNEXPECTED |  | 

Notes:
- UNEXPECTED:	can be ignored when loading from different task/architecture; not ok if you expect identical arch.
2026-05-10 16:12:54 - 模型构建完成 (18.9s)
2026-05-10 16:12:54 - 模型参数量: 137,472,466 (可训练 35,204,818)
2026-05-10 16:12:54 - ========================================================================
2026-05-10 16:12:54 - 开始训练 (含早停)
2026-05-10 16:12:54 - ========================================================================
2026-05-10 16:13:13 - Epoch [1/25] LR: 6.67e-06/6.67e-05 | Loss: 1.3131 (seg=0.4943 tumor=0.5036 mal=0.3152) | Dice: 0.8395 | 19s
2026-05-10 16:13:28 - Epoch [2/25] LR: 1.33e-05/1.33e-04 | Loss: 0.6949 (seg=0.2166 tumor=0.4216 mal=0.0567) | Dice: 0.9558 | 15s
2026-05-10 16:13:30 - [Val] tumor_AUC: 0.8081 | mal_AUC(on tumor): 1.0000 | avg: 0.9041
2026-05-10 16:13:31 - *** 保存最优 (Val AUC: 0.9041, Epoch: 2) ***
2026-05-10 16:13:46 - Epoch [3/25] LR: 2.00e-05/2.00e-04 | Loss: 0.5235 (seg=0.1402 tumor=0.3622 mal=0.0212) | Dice: 0.9719 | 15s
2026-05-10 16:14:02 - Epoch [4/25] LR: 1.99e-05/1.99e-04 | Loss: 0.4290 (seg=0.0852 tumor=0.3359 mal=0.0079) | Dice: 0.9789 | 15s
2026-05-10 16:14:03 - [Val] tumor_AUC: 0.8328 | mal_AUC(on tumor): 1.0000 | avg: 0.9164
2026-05-10 16:14:12 - *** 保存最优 (Val AUC: 0.9164, Epoch: 4) ***
2026-05-10 16:14:27 - Epoch [5/25] LR: 1.96e-05/1.96e-04 | Loss: 0.3809 (seg=0.0588 tumor=0.3181 mal=0.0040) | Dice: 0.9823 | 15s
2026-05-10 16:14:43 - Epoch [6/25] LR: 1.91e-05/1.91e-04 | Loss: 0.3466 (seg=0.0456 tumor=0.2947 mal=0.0063) | Dice: 0.9837 | 16s
2026-05-10 16:14:45 - [Val] tumor_AUC: 0.8452 | mal_AUC(on tumor): 1.0000 | avg: 0.9226
2026-05-10 16:14:52 - *** 保存最优 (Val AUC: 0.9226, Epoch: 6) ***
2026-05-10 16:15:08 - Epoch [7/25] LR: 1.84e-05/1.84e-04 | Loss: 0.3164 (seg=0.0378 tumor=0.2756 mal=0.0030) | Dice: 0.9840 | 16s
2026-05-10 16:15:23 - Epoch [8/25] LR: 1.76e-05/1.76e-04 | Loss: 0.2847 (seg=0.0293 tumor=0.2540 mal=0.0014) | Dice: 0.9871 | 15s
2026-05-10 16:15:25 - [Val] tumor_AUC: 0.7994 | mal_AUC(on tumor): 1.0000 | avg: 0.8997
2026-05-10 16:15:41 - Epoch [9/25] LR: 1.66e-05/1.66e-04 | Loss: 0.2712 (seg=0.0287 tumor=0.2409 mal=0.0017) | Dice: 0.9838 | 16s
2026-05-10 16:15:56 - Epoch [10/25] LR: 1.55e-05/1.55e-04 | Loss: 0.2912 (seg=0.0231 tumor=0.2648 mal=0.0033) | Dice: 0.9878 | 15s
2026-05-10 16:15:58 - [Val] tumor_AUC: 0.8238 | mal_AUC(on tumor): 1.0000 | avg: 0.9119
2026-05-10 16:16:13 - Epoch [11/25] LR: 1.42e-05/1.42e-04 | Loss: 0.2629 (seg=0.0194 tumor=0.2420 mal=0.0016) | Dice: 0.9894 | 15s
2026-05-10 16:16:28 - Epoch [12/25] LR: 1.29e-05/1.29e-04 | Loss: 0.2365 (seg=0.0172 tumor=0.2170 mal=0.0023) | Dice: 0.9901 | 15s
2026-05-10 16:16:29 - [Val] tumor_AUC: 0.8208 | mal_AUC(on tumor): 1.0000 | avg: 0.9104
2026-05-10 16:16:44 - Epoch [13/25] LR: 1.15e-05/1.15e-04 | Loss: 0.2220 (seg=0.0152 tumor=0.2045 mal=0.0023) | Dice: 0.9909 | 15s
2026-05-10 16:16:59 - Epoch [14/25] LR: 1.01e-05/1.01e-04 | Loss: 0.1798 (seg=0.0131 tumor=0.1661 mal=0.0005) | Dice: 0.9917 | 15s
2026-05-10 16:17:00 - [Val] tumor_AUC: 0.8319 | mal_AUC(on tumor): 1.0000 | avg: 0.9160
2026-05-10 16:17:16 - Epoch [15/25] LR: 8.69e-06/8.69e-05 | Loss: 0.2030 (seg=0.0121 tumor=0.1795 mal=0.0114) | Dice: 0.9921 | 16s
2026-05-10 16:17:32 - Epoch [16/25] LR: 7.31e-06/7.31e-05 | Loss: 0.1646 (seg=0.0109 tumor=0.1469 mal=0.0067) | Dice: 0.9926 | 16s
2026-05-10 16:17:33 - [Val] tumor_AUC: 0.8190 | mal_AUC(on tumor): 1.0000 | avg: 0.9095
2026-05-10 16:17:33 - ⏹ Early stopping triggered at epoch 16 (best epoch=6, best AUC=0.9226)
2026-05-10 16:17:33 - ========================================================================
2026-05-10 16:17:33 - 训练完成。Best Epoch: 6, Best Val AUC: 0.9226
2026-05-10 16:17:33 - ========================================================================
2026-05-10 16:17:36 - ========================================================================
2026-05-10 16:17:36 - [Temperature Scaling] T_tumor = 2.2865, T_mal = 1.0119
2026-05-10 16:17:36 - ========================================================================
2026-05-10 16:17:36 - 采用 H cascade 阈值 (H_strict): tau1=0.160 tau2=0.500
2026-05-10 16:17:36 -   → tumor_recall=1.0000 high_p=0.9286 low_p_nt=1.0000 ben_to_low=0.000 nt_to_high=0.050 obj=0.9643
2026-05-10 16:17:36 - ========================================================================
2026-05-10 16:17:36 - 阈值已保存: /data1/ouyangxinglong/GBP-Cascade/0510/logs/20260510_task_risk_H_cascade/thresholds.json
Traceback (most recent call last):
  File "/data1/ouyangxinglong/GBP-Cascade/0510/scripts/20260510_task_risk_H_cascade.py", line 632, in <module>
    main()
  File "/data1/ouyangxinglong/GBP-Cascade/0510/scripts/20260510_task_risk_H_cascade.py", line 577, in main
    scores_calib = apply_temperature(pred["logits"], T_fit)
                                     ~~~~^^^^^^^^^^
KeyError: 'logits'
