2026-04-06 13:16:37 - ======================================================================
2026-04-06 13:16:37 - 实验名称: 20260406_task2_SwinV2Tiny_segcls_11
2026-04-06 13:16:37 - 模型: SwinV2-Tiny@256 + 4ch + SegAttn + ExtMeta(18D=6clinical+12morph)
2026-04-06 13:16:37 - 修改: Exp#4 + 12D形态学特征(area_ratio/circularity/eccentricity/solidity/...) + meta_dim=18 + meta_hidden=128 + 30ep
2026-04-06 13:16:37 - Batch Size: 8 | Epochs: 30
2026-04-06 13:16:37 - LR: backbone=2e-05, head=0.0002
2026-04-06 13:16:37 - Weight Decay: 0.05 | Label Smoothing: 0.1
2026-04-06 13:16:37 - Lambda Cls: 2.0 | Grad Clip: 1.0
2026-04-06 13:16:37 - Early Stopping Patience: 10
2026-04-06 13:16:37 - EMA: False (decay=0.9995)
2026-04-06 13:16:37 - Seed: 42 | Device: cuda
2026-04-06 13:16:37 - ======================================================================
2026-04-06 13:16:52 - 训练集: 1229 张
2026-04-06 13:16:52 - 测试集: 523 张
2026-04-06 13:17:11 - 模型参数量: 34,619,278
2026-04-06 13:17:11 - 分类权重: benign=1.9887, no_tumor=0.6679
2026-04-06 13:17:11 - 
======================================================================
2026-04-06 13:17:11 - 开始训练 (Early Stopping)
2026-04-06 13:17:11 - ======================================================================
2026-04-06 13:17:32 - Epoch [1/30] LR: 2.50e-06/2.50e-05 | Loss: 2.0777 (seg=0.6451, cls=0.7163) | Acc: 0.4714 | Dice: 0.7490 | 20.7s
2026-04-06 13:17:49 - Epoch [2/30] LR: 5.00e-06/5.00e-05 | Loss: 1.6778 (seg=0.2740, cls=0.7019) | Acc: 0.6364 | Dice: 0.9475 | 17.5s
2026-04-06 13:17:49 - --------------------------------------------------
2026-04-06 13:17:53 - [Test] Cls — Acc: 0.7686 | P(macro): 0.6813 | R(macro): 0.5962 | F1(macro): 0.6060
2026-04-06 13:17:53 - [Test] Seg — Lesion IoU: 0.9018 | Lesion Dice: 0.9483
2026-04-06 13:17:53 - [Test] Classification Report:
              precision    recall  f1-score   support

      benign     0.5690    0.2558    0.3529       129
    no_tumor     0.7935    0.9365    0.8591       394

    accuracy                         0.7686       523
   macro avg     0.6813    0.5962    0.6060       523
weighted avg     0.7382    0.7686    0.7343       523

2026-04-06 13:17:54 - *** 保存最优模型 (F1: 0.6060, Epoch: 2) ***
2026-04-06 13:17:54 - --------------------------------------------------
2026-04-06 13:18:10 - Epoch [3/30] LR: 7.50e-06/7.50e-05 | Loss: 1.5557 (seg=0.2011, cls=0.6773) | Acc: 0.6438 | Dice: 0.9634 | 16.2s
2026-04-06 13:18:26 - Epoch [4/30] LR: 1.00e-05/1.00e-04 | Loss: 1.4918 (seg=0.1566, cls=0.6676) | Acc: 0.6838 | Dice: 0.9707 | 16.1s
2026-04-06 13:18:26 - --------------------------------------------------
2026-04-06 13:18:29 - [Test] Cls — Acc: 0.6424 | P(macro): 0.5756 | R(macro): 0.5932 | F1(macro): 0.5753
2026-04-06 13:18:29 - [Test] Seg — Lesion IoU: 0.9408 | Lesion Dice: 0.9694
2026-04-06 13:18:29 - [Test] Classification Report:
              precision    recall  f1-score   support

      benign     0.3441    0.4961    0.4063       129
    no_tumor     0.8071    0.6904    0.7442       394

    accuracy                         0.6424       523
   macro avg     0.5756    0.5932    0.5753       523
weighted avg     0.6929    0.6424    0.6609       523

2026-04-06 13:18:29 - 无提升 (1/10)
2026-04-06 13:18:29 - --------------------------------------------------
2026-04-06 13:18:45 - Epoch [5/30] LR: 1.25e-05/1.25e-04 | Loss: 1.4428 (seg=0.1236, cls=0.6596) | Acc: 0.6879 | Dice: 0.9748 | 16.1s
2026-04-06 13:19:01 - Epoch [6/30] LR: 1.50e-05/1.50e-04 | Loss: 1.3711 (seg=0.0931, cls=0.6390) | Acc: 0.7108 | Dice: 0.9789 | 15.9s
2026-04-06 13:19:01 - --------------------------------------------------
2026-04-06 13:19:03 - [Test] Cls — Acc: 0.5602 | P(macro): 0.5816 | R(macro): 0.6091 | F1(macro): 0.5395
2026-04-06 13:19:03 - [Test] Seg — Lesion IoU: 0.9636 | Lesion Dice: 0.9814
2026-04-06 13:19:03 - [Test] Classification Report:
              precision    recall  f1-score   support

      benign     0.3216    0.7054    0.4417       129
    no_tumor     0.8417    0.5127    0.6372       394

    accuracy                         0.5602       523
   macro avg     0.5816    0.6091    0.5395       523
weighted avg     0.7134    0.5602    0.5890       523

2026-04-06 13:19:03 - 无提升 (2/10)
2026-04-06 13:19:03 - --------------------------------------------------
2026-04-06 13:19:19 - Epoch [7/30] LR: 1.75e-05/1.75e-04 | Loss: 1.3168 (seg=0.0699, cls=0.6235) | Acc: 0.7492 | Dice: 0.9821 | 16.3s
2026-04-06 13:19:35 - Epoch [8/30] LR: 2.00e-05/2.00e-04 | Loss: 1.2895 (seg=0.0536, cls=0.6179) | Acc: 0.7484 | Dice: 0.9825 | 15.8s
2026-04-06 13:19:35 - --------------------------------------------------
2026-04-06 13:19:37 - [Test] Cls — Acc: 0.7304 | P(macro): 0.6331 | R(macro): 0.6282 | F1(macro): 0.6304
2026-04-06 13:19:37 - [Test] Seg — Lesion IoU: 0.9698 | Lesion Dice: 0.9846
2026-04-06 13:19:37 - [Test] Classification Report:
              precision    recall  f1-score   support

      benign     0.4508    0.4264    0.4382       129
    no_tumor     0.8155    0.8299    0.8226       394

    accuracy                         0.7304       523
   macro avg     0.6331    0.6282    0.6304       523
weighted avg     0.7255    0.7304    0.7278       523

2026-04-06 13:19:38 - *** 保存最优模型 (F1: 0.6304, Epoch: 8) ***
2026-04-06 13:19:38 - --------------------------------------------------
2026-04-06 13:19:55 - Epoch [9/30] LR: 1.99e-05/1.99e-04 | Loss: 1.2266 (seg=0.0419, cls=0.5923) | Acc: 0.7688 | Dice: 0.9850 | 16.8s
2026-04-06 13:20:10 - Epoch [10/30] LR: 1.96e-05/1.96e-04 | Loss: 1.2335 (seg=0.0368, cls=0.5983) | Acc: 0.7614 | Dice: 0.9835 | 15.7s
2026-04-06 13:20:10 - --------------------------------------------------
2026-04-06 13:20:13 - [Test] Cls — Acc: 0.7419 | P(macro): 0.6452 | R(macro): 0.6332 | F1(macro): 0.6382
2026-04-06 13:20:13 - [Test] Seg — Lesion IoU: 0.9730 | Lesion Dice: 0.9863
2026-04-06 13:20:13 - [Test] Classification Report:
              precision    recall  f1-score   support

      benign     0.4737    0.4186    0.4444       129
    no_tumor     0.8166    0.8477    0.8319       394

    accuracy                         0.7419       523
   macro avg     0.6452    0.6332    0.6382       523
weighted avg     0.7320    0.7419    0.7363       523

2026-04-06 13:20:13 - *** 保存最优模型 (F1: 0.6382, Epoch: 10) ***
2026-04-06 13:20:13 - --------------------------------------------------
2026-04-06 13:20:29 - Epoch [11/30] LR: 1.91e-05/1.91e-04 | Loss: 1.1830 (seg=0.0299, cls=0.5766) | Acc: 0.7900 | Dice: 0.9866 | 15.6s
2026-04-06 13:20:45 - Epoch [12/30] LR: 1.84e-05/1.84e-04 | Loss: 1.1528 (seg=0.0278, cls=0.5625) | Acc: 0.7958 | Dice: 0.9845 | 15.6s
2026-04-06 13:20:45 - --------------------------------------------------
2026-04-06 13:20:47 - [Test] Cls — Acc: 0.6061 | P(macro): 0.6175 | R(macro): 0.6578 | F1(macro): 0.5838
2026-04-06 13:20:47 - [Test] Seg — Lesion IoU: 0.9754 | Lesion Dice: 0.9875
2026-04-06 13:20:47 - [Test] Classification Report:
              precision    recall  f1-score   support

      benign     0.3590    0.7597    0.4876       129
    no_tumor     0.8760    0.5558    0.6801       394

    accuracy                         0.6061       523
   macro avg     0.6175    0.6578    0.5838       523
weighted avg     0.7485    0.6061    0.6326       523

2026-04-06 13:20:47 - 无提升 (1/10)
2026-04-06 13:20:47 - --------------------------------------------------
2026-04-06 13:21:03 - Epoch [13/30] LR: 1.76e-05/1.76e-04 | Loss: 1.1678 (seg=0.0227, cls=0.5725) | Acc: 0.8056 | Dice: 0.9884 | 16.0s
2026-04-06 13:21:19 - Epoch [14/30] LR: 1.66e-05/1.66e-04 | Loss: 1.1261 (seg=0.0206, cls=0.5527) | Acc: 0.8129 | Dice: 0.9885 | 16.0s
2026-04-06 13:21:19 - --------------------------------------------------
2026-04-06 13:21:21 - [Test] Cls — Acc: 0.6826 | P(macro): 0.6047 | R(macro): 0.6225 | F1(macro): 0.6089
2026-04-06 13:21:21 - [Test] Seg — Lesion IoU: 0.9778 | Lesion Dice: 0.9888
2026-04-06 13:21:21 - [Test] Classification Report:
              precision    recall  f1-score   support

      benign     0.3892    0.5039    0.4392       129
    no_tumor     0.8202    0.7411    0.7787       394

    accuracy                         0.6826       523
   macro avg     0.6047    0.6225    0.6089       523
weighted avg     0.7139    0.6826    0.6949       523

2026-04-06 13:21:21 - 无提升 (2/10)
2026-04-06 13:21:21 - --------------------------------------------------
2026-04-06 13:21:37 - Epoch [15/30] LR: 1.55e-05/1.55e-04 | Loss: 1.0606 (seg=0.0188, cls=0.5209) | Acc: 0.8227 | Dice: 0.9887 | 15.9s
2026-04-06 13:21:53 - Epoch [16/30] LR: 1.42e-05/1.42e-04 | Loss: 1.0351 (seg=0.0183, cls=0.5084) | Acc: 0.8497 | Dice: 0.9881 | 16.2s
2026-04-06 13:21:53 - --------------------------------------------------
2026-04-06 13:21:56 - [Test] Cls — Acc: 0.6864 | P(macro): 0.5982 | R(macro): 0.6094 | F1(macro): 0.6019
2026-04-06 13:21:56 - [Test] Seg — Lesion IoU: 0.9788 | Lesion Dice: 0.9893
2026-04-06 13:21:56 - [Test] Classification Report:
              precision    recall  f1-score   support

      benign     0.3856    0.4574    0.4184       129
    no_tumor     0.8108    0.7614    0.7853       394

    accuracy                         0.6864       523
   macro avg     0.5982    0.6094    0.6019       523
weighted avg     0.7059    0.6864    0.6948       523

2026-04-06 13:21:56 - 无提升 (3/10)
2026-04-06 13:21:56 - --------------------------------------------------
2026-04-06 13:22:14 - Epoch [17/30] LR: 1.29e-05/1.29e-04 | Loss: 0.9952 (seg=0.0170, cls=0.4891) | Acc: 0.8636 | Dice: 0.9887 | 17.6s
2026-04-06 13:22:32 - Epoch [18/30] LR: 1.15e-05/1.15e-04 | Loss: 0.9679 (seg=0.0155, cls=0.4762) | Acc: 0.8742 | Dice: 0.9897 | 18.7s
2026-04-06 13:22:32 - --------------------------------------------------
2026-04-06 13:22:35 - [Test] Cls — Acc: 0.6826 | P(macro): 0.6000 | R(macro): 0.6147 | F1(macro): 0.6040
2026-04-06 13:22:35 - [Test] Seg — Lesion IoU: 0.9792 | Lesion Dice: 0.9895
2026-04-06 13:22:35 - [Test] Classification Report:
              precision    recall  f1-score   support

      benign     0.3851    0.4806    0.4276       129
    no_tumor     0.8149    0.7487    0.7804       394

    accuracy                         0.6826       523
   macro avg     0.6000    0.6147    0.6040       523
weighted avg     0.7089    0.6826    0.6934       523

2026-04-06 13:22:35 - 无提升 (4/10)
2026-04-06 13:22:35 - --------------------------------------------------
2026-04-06 13:22:55 - Epoch [19/30] LR: 1.01e-05/1.01e-04 | Loss: 0.9403 (seg=0.0146, cls=0.4628) | Acc: 0.8807 | Dice: 0.9904 | 19.8s
2026-04-06 13:23:14 - Epoch [20/30] LR: 8.69e-06/8.69e-05 | Loss: 0.9430 (seg=0.0139, cls=0.4645) | Acc: 0.8873 | Dice: 0.9907 | 18.8s
2026-04-06 13:23:14 - --------------------------------------------------
2026-04-06 13:23:16 - [Test] Cls — Acc: 0.7075 | P(macro): 0.6072 | R(macro): 0.6077 | F1(macro): 0.6074
2026-04-06 13:23:16 - [Test] Seg — Lesion IoU: 0.9790 | Lesion Dice: 0.9894
2026-04-06 13:23:16 - [Test] Classification Report:
              precision    recall  f1-score   support

      benign     0.4077    0.4109    0.4093       129
    no_tumor     0.8066    0.8046    0.8056       394

    accuracy                         0.7075       523
   macro avg     0.6072    0.6077    0.6074       523
weighted avg     0.7082    0.7075    0.7078       523

2026-04-06 13:23:16 - 无提升 (5/10)
2026-04-06 13:23:16 - --------------------------------------------------
2026-04-06 13:23:35 - Epoch [21/30] LR: 7.31e-06/7.31e-05 | Loss: 0.9007 (seg=0.0133, cls=0.4437) | Acc: 0.8995 | Dice: 0.9908 | 19.0s
2026-04-06 13:23:54 - Epoch [22/30] LR: 5.99e-06/5.99e-05 | Loss: 0.8760 (seg=0.0122, cls=0.4319) | Acc: 0.9167 | Dice: 0.9917 | 18.7s
2026-04-06 13:23:54 - --------------------------------------------------
2026-04-06 13:23:57 - [Test] Cls — Acc: 0.6902 | P(macro): 0.5981 | R(macro): 0.6067 | F1(macro): 0.6013
2026-04-06 13:23:57 - [Test] Seg — Lesion IoU: 0.9842 | Lesion Dice: 0.9920
2026-04-06 13:23:57 - [Test] Classification Report:
              precision    recall  f1-score   support

      benign     0.3878    0.4419    0.4130       129
    no_tumor     0.8085    0.7716    0.7896       394

    accuracy                         0.6902       523
   macro avg     0.5981    0.6067    0.6013       523
weighted avg     0.7047    0.6902    0.6967       523

2026-04-06 13:23:57 - 无提升 (6/10)
2026-04-06 13:23:57 - --------------------------------------------------
2026-04-06 13:24:15 - Epoch [23/30] LR: 4.75e-06/4.75e-05 | Loss: 0.8451 (seg=0.0120, cls=0.4165) | Acc: 0.9175 | Dice: 0.9914 | 18.6s
2026-04-06 13:24:34 - Epoch [24/30] LR: 3.62e-06/3.62e-05 | Loss: 0.8457 (seg=0.0119, cls=0.4169) | Acc: 0.9224 | Dice: 0.9912 | 18.9s
2026-04-06 13:24:34 - --------------------------------------------------
2026-04-06 13:24:37 - [Test] Cls — Acc: 0.6902 | P(macro): 0.5900 | R(macro): 0.5937 | F1(macro): 0.5916
2026-04-06 13:24:37 - [Test] Seg — Lesion IoU: 0.9814 | Lesion Dice: 0.9906
2026-04-06 13:24:37 - [Test] Classification Report:
              precision    recall  f1-score   support

      benign     0.3796    0.4031    0.3910       129
    no_tumor     0.8005    0.7843    0.7923       394

    accuracy                         0.6902       523
   macro avg     0.5900    0.5937    0.5916       523
weighted avg     0.6967    0.6902    0.6933       523

2026-04-06 13:24:37 - 无提升 (7/10)
2026-04-06 13:24:37 - --------------------------------------------------
2026-04-06 13:24:56 - Epoch [25/30] LR: 2.62e-06/2.62e-05 | Loss: 0.8153 (seg=0.0114, cls=0.4019) | Acc: 0.9297 | Dice: 0.9918 | 18.8s
2026-04-06 13:25:15 - Epoch [26/30] LR: 1.77e-06/1.77e-05 | Loss: 0.8372 (seg=0.0110, cls=0.4131) | Acc: 0.9355 | Dice: 0.9922 | 18.8s
2026-04-06 13:25:15 - --------------------------------------------------
2026-04-06 13:25:17 - [Test] Cls — Acc: 0.6807 | P(macro): 0.5768 | R(macro): 0.5795 | F1(macro): 0.5780
2026-04-06 13:25:17 - [Test] Seg — Lesion IoU: 0.9854 | Lesion Dice: 0.9926
2026-04-06 13:25:17 - [Test] Classification Report:
              precision    recall  f1-score   support

      benign     0.3603    0.3798    0.3698       129
    no_tumor     0.7933    0.7792    0.7862       394

    accuracy                         0.6807       523
   macro avg     0.5768    0.5795    0.5780       523
weighted avg     0.6865    0.6807    0.6835       523

2026-04-06 13:25:17 - 无提升 (8/10)
2026-04-06 13:25:17 - --------------------------------------------------
2026-04-06 13:25:34 - Epoch [27/30] LR: 1.09e-06/1.09e-05 | Loss: 0.8499 (seg=0.0109, cls=0.4195) | Acc: 0.9199 | Dice: 0.9923 | 16.9s
2026-04-06 13:25:51 - Epoch [28/30] LR: 6.01e-07/6.01e-06 | Loss: 0.7989 (seg=0.0107, cls=0.3941) | Acc: 0.9314 | Dice: 0.9924 | 16.8s
2026-04-06 13:25:51 - --------------------------------------------------
2026-04-06 13:25:53 - [Test] Cls — Acc: 0.7132 | P(macro): 0.6008 | R(macro): 0.5907 | F1(macro): 0.5944
2026-04-06 13:25:53 - [Test] Seg — Lesion IoU: 0.9853 | Lesion Dice: 0.9926
2026-04-06 13:25:53 - [Test] Classification Report:
              precision    recall  f1-score   support

      benign     0.4054    0.3488    0.3750       129
    no_tumor     0.7961    0.8325    0.8139       394

    accuracy                         0.7132       523
   macro avg     0.6008    0.5907    0.5944       523
weighted avg     0.6997    0.7132    0.7056       523

2026-04-06 13:25:53 - 无提升 (9/10)
2026-04-06 13:25:53 - --------------------------------------------------
2026-04-06 13:26:10 - Epoch [29/30] LR: 3.01e-07/3.01e-06 | Loss: 0.8335 (seg=0.0105, cls=0.4115) | Acc: 0.9346 | Dice: 0.9926 | 16.7s
2026-04-06 13:26:27 - Epoch [30/30] LR: 2.00e-07/2.00e-06 | Loss: 0.8140 (seg=0.0107, cls=0.4017) | Acc: 0.9338 | Dice: 0.9925 | 16.7s
2026-04-06 13:26:27 - --------------------------------------------------
2026-04-06 13:26:29 - [Test] Cls — Acc: 0.6845 | P(macro): 0.5800 | R(macro): 0.5821 | F1(macro): 0.5809
2026-04-06 13:26:29 - [Test] Seg — Lesion IoU: 0.9856 | Lesion Dice: 0.9928
2026-04-06 13:26:29 - [Test] Classification Report:
              precision    recall  f1-score   support

      benign     0.3657    0.3798    0.3726       129
    no_tumor     0.7943    0.7843    0.7893       394

    accuracy                         0.6845       523
   macro avg     0.5800    0.5821    0.5809       523
weighted avg     0.6886    0.6845    0.6865       523

2026-04-06 13:26:29 - 无提升 (10/10)
2026-04-06 13:26:29 - Early stopping at epoch 30 (patience=10)
2026-04-06 13:26:29 - 
======================================================================
2026-04-06 13:26:29 - 训练完成! 最优: Epoch 10, Test F1: 0.6382
2026-04-06 13:26:29 - ======================================================================
2026-04-06 13:26:29 - 
======================================================================
2026-04-06 13:26:29 - 最终测试结果 (最优权重)
2026-04-06 13:26:29 - ======================================================================
2026-04-06 13:26:32 - [Final Test] Cls — Acc: 0.7419 | P(macro): 0.6452 | R(macro): 0.6332 | F1(macro): 0.6382
2026-04-06 13:26:32 - [Final Test] Seg — Lesion IoU: 0.9730 | Lesion Dice: 0.9863
2026-04-06 13:26:32 - [Final Test] Classification Report:
              precision    recall  f1-score   support

      benign     0.4737    0.4186    0.4444       129
    no_tumor     0.8166    0.8477    0.8319       394

    accuracy                         0.7419       523
   macro avg     0.6452    0.6332    0.6382       523
weighted avg     0.7320    0.7419    0.7363       523

2026-04-06 13:26:34 - 最优阈值: 0.470 (F1: 0.6554 vs 默认 F1: 0.6382)
2026-04-06 13:26:37 - [Final Test (最优阈值)] Threshold: 0.470 | Acc: 0.7419 | P(macro): 0.6542 | R(macro): 0.6566 | F1(macro): 0.6554
2026-04-06 13:26:37 - [Final Test (最优阈值)] Classification Report:
              precision    recall  f1-score   support

      benign     0.4773    0.4884    0.4828       129
    no_tumor     0.8312    0.8249    0.8280       394

    accuracy                         0.7419       523
   macro avg     0.6542    0.6566    0.6554       523
weighted avg     0.7439    0.7419    0.7429       523

2026-04-06 13:26:37 - 脚本已复制到: /data1/ouyangxinglong/GBP-Cascade/0406/logs/20260406_task2_SwinV2Tiny_segcls_11/20260406_task2_SwinV2Tiny_segcls_11.py
