2026-03-26 05:42:14 - ============================================================
2026-03-26 05:42:14 - 实验名称: 20260326_task2_LAT_SwinV2Tiny_v1
2026-03-26 05:42:14 - 任务: Task 2 - 良性肿瘤(0) vs 非肿瘤性息肉(1)
2026-03-26 05:42:14 - 模型: Lesion-Aware Transformer (LAT) v1
2026-03-26 05:42:14 - 修改: SwinV2-Tiny 4ch + Mask-Guided Dual Pool + 12dim Morph Features + Transformer Fusion(2L/4H/256d) + SupCon(lam=0.1) + Precision-Focused Threshold
2026-03-26 05:42:14 - Fusion Dim: 256
2026-03-26 05:42:14 - 图像尺寸: train StrongSync256 + morph (4ch RGB+mask), test Sync256 + morph (4ch RGB+mask)
2026-03-26 05:42:14 - Batch Size: 16
2026-03-26 05:42:14 - LR - Backbone: 2e-05 | Fusion: 0.0001 | Head: 0.0002
2026-03-26 05:42:14 - Weight Decay: 0.05
2026-03-26 05:42:14 - Warmup Epochs: 8
2026-03-26 05:42:14 - Label Smoothing: 0.1
2026-03-26 05:42:14 - SupCon - Weight: 0.1 | Temp: 0.07
2026-03-26 05:42:14 - Precision Alpha (阈值优化): 0.6
2026-03-26 05:42:14 - Seed: 42 | Epochs: 100
2026-03-26 05:42:14 - Grad Clip: 1.0 | AMP: True
2026-03-26 05:42:14 - 设备: cuda
2026-03-26 05:42:14 - ============================================================
2026-03-26 05:42:14 - 训练集: 1229 张 (benign=309, no_tumor=920)
2026-03-26 05:42:14 - 测试集: 523 张 (benign=129, no_tumor=394)
2026-03-26 05:42:16 - 参数量: 28,966,469 | 可训练: 28,966,469
2026-03-26 05:42:16 - 类别权重: benign=1.9887, no_tumor=0.6679
2026-03-26 05:42:16 - 损失函数: CE(class_weight+LS=0.1) + 0.1*SupCon(tau=0.07)
2026-03-26 05:42:16 - 
============================================================
2026-03-26 05:42:16 - 开始训练
2026-03-26 05:42:16 - ============================================================
2026-03-26 05:42:30 - Epoch [  1/100] LR(2.50e-06/1.25e-05/2.50e-05) Factor:0.1250 | Loss:0.9224 CE:0.6101 SC:3.1225 | Acc:0.5066 | 14.2s
2026-03-26 05:42:42 - Epoch [  2/100] LR(5.00e-06/2.50e-05/5.00e-05) Factor:0.2500 | Loss:0.8321 CE:0.5553 SC:2.7678 | Acc:0.5387 | 12.6s
2026-03-26 05:42:55 - Epoch [  3/100] LR(7.50e-06/3.75e-05/7.50e-05) Factor:0.3750 | Loss:0.8152 CE:0.5434 SC:2.7177 | Acc:0.5658 | 12.7s
2026-03-26 05:43:08 - Epoch [  4/100] LR(1.00e-05/5.00e-05/1.00e-04) Factor:0.5000 | Loss:0.7986 CE:0.5278 SC:2.7079 | Acc:0.5954 | 12.7s
2026-03-26 05:43:21 - Epoch [  5/100] LR(1.25e-05/6.25e-05/1.25e-04) Factor:0.6250 | Loss:0.7726 CE:0.5025 SC:2.7009 | Acc:0.6316 | 12.6s
2026-03-26 05:43:21 - ----------------------------------------
2026-03-26 05:43:24 - [Test] Acc: 0.4092 | Prec(macro): 0.5745 | Rec(macro): 0.5688 | F1(macro): 0.4088
2026-03-26 05:43:24 - [Test] Classification Report:
              precision    recall  f1-score   support

      benign     0.2794    0.8837    0.4246       129
    no_tumor     0.8696    0.2538    0.3929       394

    accuracy                         0.4092       523
   macro avg     0.5745    0.5688    0.4088       523
weighted avg     0.7240    0.4092    0.4007       523

2026-03-26 05:43:25 - *** 保存最优模型 (F1: 0.4088, Epoch: 5) ***
2026-03-26 05:43:25 - ----------------------------------------
2026-03-26 05:43:37 - Epoch [  6/100] LR(1.50e-05/7.50e-05/1.50e-04) Factor:0.7500 | Loss:0.7818 CE:0.5126 SC:2.6911 | Acc:0.6365 | 12.6s
2026-03-26 05:43:50 - Epoch [  7/100] LR(1.75e-05/8.75e-05/1.75e-04) Factor:0.8750 | Loss:0.7531 CE:0.4855 SC:2.6762 | Acc:0.6711 | 12.9s
2026-03-26 05:44:03 - Epoch [  8/100] LR(2.00e-05/1.00e-04/2.00e-04) Factor:1.0000 | Loss:0.7512 CE:0.4847 SC:2.6646 | Acc:0.6916 | 12.8s
2026-03-26 05:44:16 - Epoch [  9/100] LR(2.00e-05/1.00e-04/2.00e-04) Factor:0.9997 | Loss:0.7192 CE:0.4556 SC:2.6362 | Acc:0.7163 | 12.9s
2026-03-26 05:44:29 - Epoch [ 10/100] LR(2.00e-05/9.99e-05/2.00e-04) Factor:0.9988 | Loss:0.6638 CE:0.4029 SC:2.6088 | Acc:0.7689 | 12.7s
2026-03-26 05:44:29 - ----------------------------------------
2026-03-26 05:44:32 - [Test] Acc: 0.5526 | Prec(macro): 0.5886 | Rec(macro): 0.6170 | F1(macro): 0.5366
2026-03-26 05:44:32 - [Test] Classification Report:
              precision    recall  f1-score   support

      benign     0.3232    0.7442    0.4507       129
    no_tumor     0.8540    0.4898    0.6226       394

    accuracy                         0.5526       523
   macro avg     0.5886    0.6170    0.5366       523
weighted avg     0.7231    0.5526    0.5802       523

2026-03-26 05:44:33 - *** 保存最优模型 (F1: 0.5366, Epoch: 10) ***
2026-03-26 05:44:33 - ----------------------------------------
2026-03-26 05:44:45 - Epoch [ 11/100] LR(1.99e-05/9.97e-05/1.99e-04) Factor:0.9974 | Loss:0.6578 CE:0.4000 SC:2.5774 | Acc:0.7821 | 12.6s
2026-03-26 05:44:58 - Epoch [ 12/100] LR(1.99e-05/9.95e-05/1.99e-04) Factor:0.9954 | Loss:0.6535 CE:0.3962 SC:2.5735 | Acc:0.7829 | 12.7s
2026-03-26 05:45:11 - Epoch [ 13/100] LR(1.99e-05/9.93e-05/1.99e-04) Factor:0.9928 | Loss:0.6369 CE:0.3817 SC:2.5521 | Acc:0.8076 | 12.9s
2026-03-26 05:45:24 - Epoch [ 14/100] LR(1.98e-05/9.90e-05/1.98e-04) Factor:0.9896 | Loss:0.6106 CE:0.3594 SC:2.5119 | Acc:0.8273 | 12.9s
2026-03-26 05:45:37 - Epoch [ 15/100] LR(1.97e-05/9.86e-05/1.97e-04) Factor:0.9859 | Loss:0.6103 CE:0.3590 SC:2.5131 | Acc:0.8363 | 12.7s
2026-03-26 05:45:37 - ----------------------------------------
2026-03-26 05:45:40 - [Test] Acc: 0.6845 | Prec(macro): 0.5764 | Rec(macro): 0.5768 | F1(macro): 0.5766
2026-03-26 05:45:40 - [Test] Classification Report:
              precision    recall  f1-score   support

      benign     0.3615    0.3643    0.3629       129
    no_tumor     0.7913    0.7893    0.7903       394

    accuracy                         0.6845       523
   macro avg     0.5764    0.5768    0.5766       523
weighted avg     0.6853    0.6845    0.6849       523

2026-03-26 05:45:41 - *** 保存最优模型 (F1: 0.5766, Epoch: 15) ***
2026-03-26 05:45:41 - ----------------------------------------
2026-03-26 05:45:53 - Epoch [ 16/100] LR(1.96e-05/9.82e-05/1.96e-04) Factor:0.9816 | Loss:0.5853 CE:0.3370 SC:2.4823 | Acc:0.8594 | 12.7s
2026-03-26 05:46:06 - Epoch [ 17/100] LR(1.95e-05/9.77e-05/1.95e-04) Factor:0.9768 | Loss:0.6041 CE:0.3555 SC:2.4859 | Acc:0.8512 | 12.5s
2026-03-26 05:46:19 - Epoch [ 18/100] LR(1.94e-05/9.71e-05/1.94e-04) Factor:0.9714 | Loss:0.6012 CE:0.3540 SC:2.4718 | Acc:0.8660 | 12.6s
2026-03-26 05:46:31 - Epoch [ 19/100] LR(1.93e-05/9.65e-05/1.93e-04) Factor:0.9655 | Loss:0.5684 CE:0.3261 SC:2.4225 | Acc:0.8701 | 12.6s
2026-03-26 05:46:44 - Epoch [ 20/100] LR(1.92e-05/9.59e-05/1.92e-04) Factor:0.9590 | Loss:0.6037 CE:0.3583 SC:2.4534 | Acc:0.8553 | 12.9s
2026-03-26 05:46:44 - ----------------------------------------
2026-03-26 05:46:48 - [Test] Acc: 0.7132 | Prec(macro): 0.6023 | Rec(macro): 0.5933 | F1(macro): 0.5968
2026-03-26 05:46:48 - [Test] Classification Report:
              precision    recall  f1-score   support

      benign     0.4071    0.3566    0.3802       129
    no_tumor     0.7976    0.8299    0.8134       394

    accuracy                         0.7132       523
   macro avg     0.6023    0.5933    0.5968       523
weighted avg     0.7012    0.7132    0.7066       523

2026-03-26 05:46:49 - *** 保存最优模型 (F1: 0.5968, Epoch: 20) ***
2026-03-26 05:46:49 - ----------------------------------------
2026-03-26 05:47:01 - Epoch [ 21/100] LR(1.90e-05/9.52e-05/1.90e-04) Factor:0.9520 | Loss:0.5622 CE:0.3222 SC:2.4008 | Acc:0.8840 | 12.8s
2026-03-26 05:47:14 - Epoch [ 22/100] LR(1.89e-05/9.45e-05/1.89e-04) Factor:0.9445 | Loss:0.5296 CE:0.2915 SC:2.3810 | Acc:0.9128 | 12.7s
2026-03-26 05:47:27 - Epoch [ 23/100] LR(1.87e-05/9.36e-05/1.87e-04) Factor:0.9365 | Loss:0.5425 CE:0.3032 SC:2.3923 | Acc:0.9054 | 12.8s
2026-03-26 05:47:40 - Epoch [ 24/100] LR(1.86e-05/9.28e-05/1.86e-04) Factor:0.9279 | Loss:0.5266 CE:0.2895 SC:2.3711 | Acc:0.9104 | 12.8s
2026-03-26 05:47:52 - Epoch [ 25/100] LR(1.84e-05/9.19e-05/1.84e-04) Factor:0.9189 | Loss:0.5308 CE:0.2943 SC:2.3651 | Acc:0.9145 | 12.7s
2026-03-26 05:47:52 - ----------------------------------------
2026-03-26 05:47:56 - [Test] Acc: 0.5717 | Prec(macro): 0.5427 | Rec(macro): 0.5567 | F1(macro): 0.5256
2026-03-26 05:47:56 - [Test] Classification Report:
              precision    recall  f1-score   support

      benign     0.2944    0.5271    0.3778       129
    no_tumor     0.7911    0.5863    0.6735       394

    accuracy                         0.5717       523
   macro avg     0.5427    0.5567    0.5256       523
weighted avg     0.6686    0.5717    0.6005       523

2026-03-26 05:47:56 - ----------------------------------------
2026-03-26 05:48:09 - Epoch [ 26/100] LR(1.82e-05/9.09e-05/1.82e-04) Factor:0.9094 | Loss:0.5162 CE:0.2802 SC:2.3599 | Acc:0.9169 | 12.7s
2026-03-26 05:48:22 - Epoch [ 27/100] LR(1.80e-05/8.99e-05/1.80e-04) Factor:0.8994 | Loss:0.5034 CE:0.2701 SC:2.3323 | Acc:0.9252 | 12.8s
2026-03-26 05:48:35 - Epoch [ 28/100] LR(1.78e-05/8.89e-05/1.78e-04) Factor:0.8890 | Loss:0.4957 CE:0.2648 SC:2.3090 | Acc:0.9342 | 12.9s
2026-03-26 05:48:47 - Epoch [ 29/100] LR(1.76e-05/8.78e-05/1.76e-04) Factor:0.8781 | Loss:0.5135 CE:0.2810 SC:2.3247 | Acc:0.9260 | 12.7s
2026-03-26 05:49:00 - Epoch [ 30/100] LR(1.73e-05/8.67e-05/1.73e-04) Factor:0.8668 | Loss:0.4924 CE:0.2592 SC:2.3313 | Acc:0.9383 | 12.8s
2026-03-26 05:49:00 - ----------------------------------------
2026-03-26 05:49:04 - [Test] Acc: 0.6807 | Prec(macro): 0.6002 | Rec(macro): 0.6160 | F1(macro): 0.6041
2026-03-26 05:49:04 - [Test] Classification Report:
              precision    recall  f1-score   support

      benign     0.3841    0.4884    0.4300       129
    no_tumor     0.8162    0.7437    0.7782       394

    accuracy                         0.6807       523
   macro avg     0.6002    0.6160    0.6041       523
weighted avg     0.7096    0.6807    0.6923       523

2026-03-26 05:49:05 - *** 保存最优模型 (F1: 0.6041, Epoch: 30) ***
2026-03-26 05:49:05 - ----------------------------------------
2026-03-26 05:49:17 - Epoch [ 31/100] LR(1.71e-05/8.55e-05/1.71e-04) Factor:0.8550 | Loss:0.4964 CE:0.2684 SC:2.2794 | Acc:0.9408 | 12.6s
2026-03-26 05:49:30 - Epoch [ 32/100] LR(1.69e-05/8.43e-05/1.69e-04) Factor:0.8429 | Loss:0.5133 CE:0.2798 SC:2.3347 | Acc:0.9350 | 12.8s
2026-03-26 05:49:43 - Epoch [ 33/100] LR(1.66e-05/8.30e-05/1.66e-04) Factor:0.8303 | Loss:0.5143 CE:0.2816 SC:2.3269 | Acc:0.9293 | 12.7s
2026-03-26 05:49:55 - Epoch [ 34/100] LR(1.63e-05/8.17e-05/1.63e-04) Factor:0.8174 | Loss:0.4802 CE:0.2510 SC:2.2912 | Acc:0.9474 | 12.6s
2026-03-26 05:50:08 - Epoch [ 35/100] LR(1.61e-05/8.04e-05/1.61e-04) Factor:0.8041 | Loss:0.4589 CE:0.2354 SC:2.2349 | Acc:0.9613 | 12.7s
2026-03-26 05:50:08 - ----------------------------------------
2026-03-26 05:50:12 - [Test] Acc: 0.6941 | Prec(macro): 0.5702 | Rec(macro): 0.5623 | F1(macro): 0.5649
2026-03-26 05:50:12 - [Test] Classification Report:
              precision    recall  f1-score   support

      benign     0.3578    0.3023    0.3277       129
    no_tumor     0.7826    0.8223    0.8020       394

    accuracy                         0.6941       523
   macro avg     0.5702    0.5623    0.5649       523
weighted avg     0.6778    0.6941    0.6850       523

2026-03-26 05:50:12 - ----------------------------------------
2026-03-26 05:50:24 - Epoch [ 36/100] LR(1.58e-05/7.90e-05/1.58e-04) Factor:0.7905 | Loss:0.4893 CE:0.2600 SC:2.2929 | Acc:0.9490 | 12.6s
2026-03-26 05:50:37 - Epoch [ 37/100] LR(1.55e-05/7.76e-05/1.55e-04) Factor:0.7765 | Loss:0.4877 CE:0.2599 SC:2.2772 | Acc:0.9482 | 12.7s
2026-03-26 05:50:50 - Epoch [ 38/100] LR(1.52e-05/7.62e-05/1.52e-04) Factor:0.7622 | Loss:0.4776 CE:0.2508 SC:2.2687 | Acc:0.9482 | 12.8s
2026-03-26 05:51:02 - Epoch [ 39/100] LR(1.50e-05/7.48e-05/1.50e-04) Factor:0.7476 | Loss:0.4857 CE:0.2572 SC:2.2851 | Acc:0.9498 | 12.7s
2026-03-26 05:51:15 - Epoch [ 40/100] LR(1.47e-05/7.33e-05/1.47e-04) Factor:0.7327 | Loss:0.4784 CE:0.2530 SC:2.2542 | Acc:0.9548 | 12.7s
2026-03-26 05:51:15 - ----------------------------------------
2026-03-26 05:51:19 - [Test] Acc: 0.7438 | Prec(macro): 0.6316 | Rec(macro): 0.5927 | F1(macro): 0.6008
2026-03-26 05:51:19 - [Test] Classification Report:
              precision    recall  f1-score   support

      benign     0.4691    0.2946    0.3619       129
    no_tumor     0.7941    0.8909    0.8397       394

    accuracy                         0.7438       523
   macro avg     0.6316    0.5927    0.6008       523
weighted avg     0.7140    0.7438    0.7219       523

2026-03-26 05:51:19 - ----------------------------------------
2026-03-26 05:51:32 - Epoch [ 41/100] LR(1.44e-05/7.18e-05/1.44e-04) Factor:0.7176 | Loss:0.4539 CE:0.2331 SC:2.2087 | Acc:0.9638 | 12.8s
2026-03-26 05:51:44 - Epoch [ 42/100] LR(1.40e-05/7.02e-05/1.40e-04) Factor:0.7022 | Loss:0.4573 CE:0.2347 SC:2.2258 | Acc:0.9613 | 12.7s
2026-03-26 05:51:57 - Epoch [ 43/100] LR(1.37e-05/6.87e-05/1.37e-04) Factor:0.6866 | Loss:0.4561 CE:0.2335 SC:2.2257 | Acc:0.9638 | 12.9s
2026-03-26 05:52:10 - Epoch [ 44/100] LR(1.34e-05/6.71e-05/1.34e-04) Factor:0.6708 | Loss:0.4505 CE:0.2309 SC:2.1968 | Acc:0.9679 | 12.8s
2026-03-26 05:52:23 - Epoch [ 45/100] LR(1.31e-05/6.55e-05/1.31e-04) Factor:0.6547 | Loss:0.4687 CE:0.2427 SC:2.2603 | Acc:0.9581 | 12.7s
2026-03-26 05:52:23 - ----------------------------------------
2026-03-26 05:52:26 - [Test] Acc: 0.7228 | Prec(macro): 0.6086 | Rec(macro): 0.5918 | F1(macro): 0.5972
2026-03-26 05:52:26 - [Test] Classification Report:
              precision    recall  f1-score   support

      benign     0.4216    0.3333    0.3723       129
    no_tumor     0.7957    0.8503    0.8221       394

    accuracy                         0.7228       523
   macro avg     0.6086    0.5918    0.5972       523
weighted avg     0.7034    0.7228    0.7111       523

2026-03-26 05:52:26 - ----------------------------------------
2026-03-26 05:52:39 - Epoch [ 46/100] LR(1.28e-05/6.39e-05/1.28e-04) Factor:0.6385 | Loss:0.4497 CE:0.2307 SC:2.1899 | Acc:0.9696 | 12.7s
2026-03-26 05:52:52 - Epoch [ 47/100] LR(1.24e-05/6.22e-05/1.24e-04) Factor:0.6222 | Loss:0.4378 CE:0.2221 SC:2.1576 | Acc:0.9729 | 12.7s
2026-03-26 05:53:04 - Epoch [ 48/100] LR(1.21e-05/6.06e-05/1.21e-04) Factor:0.6057 | Loss:0.4404 CE:0.2227 SC:2.1775 | Acc:0.9720 | 12.7s
2026-03-26 05:53:17 - Epoch [ 49/100] LR(1.18e-05/5.89e-05/1.18e-04) Factor:0.5891 | Loss:0.4692 CE:0.2442 SC:2.2501 | Acc:0.9630 | 12.8s
2026-03-26 05:53:30 - Epoch [ 50/100] LR(1.14e-05/5.72e-05/1.14e-04) Factor:0.5724 | Loss:0.4338 CE:0.2165 SC:2.1737 | Acc:0.9720 | 12.8s
2026-03-26 05:53:30 - ----------------------------------------
2026-03-26 05:53:33 - [Test] Acc: 0.7342 | Prec(macro): 0.6141 | Rec(macro): 0.5812 | F1(macro): 0.5874
2026-03-26 05:53:33 - [Test] Classification Report:
              precision    recall  f1-score   support

      benign     0.4390    0.2791    0.3412       129
    no_tumor     0.7891    0.8832    0.8335       394

    accuracy                         0.7342       523
   macro avg     0.6141    0.5812    0.5874       523
weighted avg     0.7028    0.7342    0.7121       523

2026-03-26 05:53:33 - ----------------------------------------
2026-03-26 05:53:46 - Epoch [ 51/100] LR(1.11e-05/5.56e-05/1.11e-04) Factor:0.5556 | Loss:0.4457 CE:0.2272 SC:2.1855 | Acc:0.9679 | 12.7s
2026-03-26 05:53:59 - Epoch [ 52/100] LR(1.08e-05/5.39e-05/1.08e-04) Factor:0.5388 | Loss:0.4288 CE:0.2163 SC:2.1246 | Acc:0.9811 | 12.9s
2026-03-26 05:54:12 - Epoch [ 53/100] LR(1.04e-05/5.22e-05/1.04e-04) Factor:0.5219 | Loss:0.4270 CE:0.2129 SC:2.1405 | Acc:0.9778 | 12.7s
2026-03-26 05:54:24 - Epoch [ 54/100] LR(1.01e-05/5.05e-05/1.01e-04) Factor:0.5050 | Loss:0.4331 CE:0.2170 SC:2.1609 | Acc:0.9762 | 12.6s
2026-03-26 05:54:37 - Epoch [ 55/100] LR(9.76e-06/4.88e-05/9.76e-05) Factor:0.4881 | Loss:0.4385 CE:0.2213 SC:2.1713 | Acc:0.9745 | 12.7s
2026-03-26 05:54:37 - ----------------------------------------
2026-03-26 05:54:41 - [Test] Acc: 0.7113 | Prec(macro): 0.5921 | Rec(macro): 0.5790 | F1(macro): 0.5831
2026-03-26 05:54:41 - [Test] Classification Report:
              precision    recall  f1-score   support

      benign     0.3942    0.3178    0.3519       129
    no_tumor     0.7900    0.8401    0.8143       394

    accuracy                         0.7113       523
   macro avg     0.5921    0.5790    0.5831       523
weighted avg     0.6924    0.7113    0.7002       523

2026-03-26 05:54:41 - ----------------------------------------
2026-03-26 05:54:54 - Epoch [ 56/100] LR(9.42e-06/4.71e-05/9.42e-05) Factor:0.4712 | Loss:0.4361 CE:0.2204 SC:2.1568 | Acc:0.9778 | 12.8s
2026-03-26 05:55:07 - Epoch [ 57/100] LR(9.09e-06/4.54e-05/9.09e-05) Factor:0.4544 | Loss:0.4146 CE:0.2028 SC:2.1177 | Acc:0.9803 | 12.9s
2026-03-26 05:55:19 - Epoch [ 58/100] LR(8.75e-06/4.38e-05/8.75e-05) Factor:0.4376 | Loss:0.4381 CE:0.2219 SC:2.1618 | Acc:0.9778 | 12.6s
2026-03-26 05:55:32 - Epoch [ 59/100] LR(8.42e-06/4.21e-05/8.42e-05) Factor:0.4209 | Loss:0.4532 CE:0.2348 SC:2.1836 | Acc:0.9712 | 12.7s
2026-03-26 05:55:45 - Epoch [ 60/100] LR(8.09e-06/4.04e-05/8.09e-05) Factor:0.4043 | Loss:0.4442 CE:0.2252 SC:2.1899 | Acc:0.9770 | 12.8s
2026-03-26 05:55:45 - ----------------------------------------
2026-03-26 05:55:49 - [Test] Acc: 0.7304 | Prec(macro): 0.6127 | Rec(macro): 0.5864 | F1(macro): 0.5928
2026-03-26 05:55:49 - [Test] Classification Report:
              precision    recall  f1-score   support

      benign     0.4333    0.3023    0.3562       129
    no_tumor     0.7921    0.8706    0.8295       394

    accuracy                         0.7304       523
   macro avg     0.6127    0.5864    0.5928       523
weighted avg     0.7036    0.7304    0.7128       523

2026-03-26 05:55:49 - ----------------------------------------
2026-03-26 05:56:01 - Epoch [ 61/100] LR(7.76e-06/3.88e-05/7.76e-05) Factor:0.3878 | Loss:0.4237 CE:0.2112 SC:2.1244 | Acc:0.9794 | 12.6s
2026-03-26 05:56:14 - Epoch [ 62/100] LR(7.43e-06/3.71e-05/7.43e-05) Factor:0.3715 | Loss:0.4296 CE:0.2147 SC:2.1491 | Acc:0.9794 | 12.5s
2026-03-26 05:56:27 - Epoch [ 63/100] LR(7.11e-06/3.55e-05/7.11e-05) Factor:0.3553 | Loss:0.4077 CE:0.2005 SC:2.0724 | Acc:0.9868 | 12.8s
2026-03-26 05:56:39 - Epoch [ 64/100] LR(6.78e-06/3.39e-05/6.78e-05) Factor:0.3392 | Loss:0.4332 CE:0.2159 SC:2.1731 | Acc:0.9753 | 12.8s
2026-03-26 05:56:52 - Epoch [ 65/100] LR(6.47e-06/3.23e-05/6.47e-05) Factor:0.3234 | Loss:0.4134 CE:0.2020 SC:2.1144 | Acc:0.9819 | 12.8s
2026-03-26 05:56:52 - ----------------------------------------
2026-03-26 05:56:56 - [Test] Acc: 0.7208 | Prec(macro): 0.6064 | Rec(macro): 0.5905 | F1(macro): 0.5957
2026-03-26 05:56:56 - [Test] Classification Report:
              precision    recall  f1-score   support

      benign     0.4175    0.3333    0.3707       129
    no_tumor     0.7952    0.8477    0.8206       394

    accuracy                         0.7208       523
   macro avg     0.6064    0.5905    0.5957       523
weighted avg     0.7021    0.7208    0.7097       523

2026-03-26 05:56:56 - ----------------------------------------
2026-03-26 05:57:09 - Epoch [ 66/100] LR(6.16e-06/3.08e-05/6.16e-05) Factor:0.3078 | Loss:0.4159 CE:0.2029 SC:2.1307 | Acc:0.9827 | 12.8s
2026-03-26 05:57:22 - Epoch [ 67/100] LR(5.85e-06/2.92e-05/5.85e-05) Factor:0.2924 | Loss:0.4108 CE:0.2016 SC:2.0913 | Acc:0.9860 | 12.8s
2026-03-26 05:57:34 - Epoch [ 68/100] LR(5.55e-06/2.77e-05/5.55e-05) Factor:0.2773 | Loss:0.4203 CE:0.2098 SC:2.1046 | Acc:0.9836 | 12.9s
2026-03-26 05:57:47 - Epoch [ 69/100] LR(5.25e-06/2.62e-05/5.25e-05) Factor:0.2624 | Loss:0.4044 CE:0.1947 SC:2.0964 | Acc:0.9877 | 12.9s
2026-03-26 05:58:00 - Epoch [ 70/100] LR(4.96e-06/2.48e-05/4.96e-05) Factor:0.2478 | Loss:0.4228 CE:0.2118 SC:2.1100 | Acc:0.9827 | 12.8s
2026-03-26 05:58:00 - ----------------------------------------
2026-03-26 05:58:04 - [Test] Acc: 0.7247 | Prec(macro): 0.6095 | Rec(macro): 0.5905 | F1(macro): 0.5962
2026-03-26 05:58:04 - [Test] Classification Report:
              precision    recall  f1-score   support

      benign     0.4242    0.3256    0.3684       129
    no_tumor     0.7948    0.8553    0.8240       394

    accuracy                         0.7247       523
   macro avg     0.6095    0.5905    0.5962       523
weighted avg     0.7034    0.7247    0.7116       523

2026-03-26 05:58:04 - ----------------------------------------
2026-03-26 05:58:16 - Epoch [ 71/100] LR(4.67e-06/2.34e-05/4.67e-05) Factor:0.2335 | Loss:0.4151 CE:0.2068 SC:2.0822 | Acc:0.9877 | 12.5s
2026-03-26 05:58:29 - Epoch [ 72/100] LR(4.39e-06/2.20e-05/4.39e-05) Factor:0.2195 | Loss:0.4291 CE:0.2164 SC:2.1267 | Acc:0.9827 | 12.8s
2026-03-26 05:58:42 - Epoch [ 73/100] LR(4.12e-06/2.06e-05/4.12e-05) Factor:0.2059 | Loss:0.3910 CE:0.1849 SC:2.0614 | Acc:0.9893 | 12.9s
2026-03-26 05:58:55 - Epoch [ 74/100] LR(3.85e-06/1.93e-05/3.85e-05) Factor:0.1926 | Loss:0.3951 CE:0.1899 SC:2.0514 | Acc:0.9901 | 12.9s
2026-03-26 05:59:07 - Epoch [ 75/100] LR(3.59e-06/1.80e-05/3.59e-05) Factor:0.1797 | Loss:0.4078 CE:0.2012 SC:2.0663 | Acc:0.9901 | 12.7s
2026-03-26 05:59:07 - ----------------------------------------
2026-03-26 05:59:11 - [Test] Acc: 0.7400 | Prec(macro): 0.6206 | Rec(macro): 0.5798 | F1(macro): 0.5859
2026-03-26 05:59:11 - [Test] Classification Report:
              precision    recall  f1-score   support

      benign     0.4533    0.2636    0.3333       129
    no_tumor     0.7879    0.8959    0.8385       394

    accuracy                         0.7400       523
   macro avg     0.6206    0.5798    0.5859       523
weighted avg     0.7054    0.7400    0.7139       523

2026-03-26 05:59:11 - ----------------------------------------
2026-03-26 05:59:24 - Epoch [ 76/100] LR(3.34e-06/1.67e-05/3.34e-05) Factor:0.1671 | Loss:0.4240 CE:0.2116 SC:2.1237 | Acc:0.9803 | 12.9s
2026-03-26 05:59:37 - Epoch [ 77/100] LR(3.10e-06/1.55e-05/3.10e-05) Factor:0.1550 | Loss:0.4020 CE:0.1938 SC:2.0818 | Acc:0.9885 | 12.7s
2026-03-26 05:59:49 - Epoch [ 78/100] LR(2.86e-06/1.43e-05/2.86e-05) Factor:0.1432 | Loss:0.3969 CE:0.1905 SC:2.0635 | Acc:0.9901 | 12.7s
2026-03-26 06:00:02 - Epoch [ 79/100] LR(2.64e-06/1.32e-05/2.64e-05) Factor:0.1319 | Loss:0.3849 CE:0.1819 SC:2.0300 | Acc:0.9934 | 13.0s
2026-03-26 06:00:15 - Epoch [ 80/100] LR(2.42e-06/1.21e-05/2.42e-05) Factor:0.1210 | Loss:0.3951 CE:0.1893 SC:2.0580 | Acc:0.9918 | 12.8s
2026-03-26 06:00:15 - ----------------------------------------
2026-03-26 06:00:19 - [Test] Acc: 0.7017 | Prec(macro): 0.5871 | Rec(macro): 0.5804 | F1(macro): 0.5831
2026-03-26 06:00:19 - [Test] Classification Report:
              precision    recall  f1-score   support

      benign     0.3826    0.3411    0.3607       129
    no_tumor     0.7917    0.8198    0.8055       394

    accuracy                         0.7017       523
   macro avg     0.5871    0.5804    0.5831       523
weighted avg     0.6908    0.7017    0.6958       523

2026-03-26 06:00:19 - ----------------------------------------
2026-03-26 06:00:32 - Epoch [ 81/100] LR(2.21e-06/1.11e-05/2.21e-05) Factor:0.1106 | Loss:0.3962 CE:0.1918 SC:2.0440 | Acc:0.9926 | 12.7s
2026-03-26 06:00:44 - Epoch [ 82/100] LR(2.01e-06/1.01e-05/2.01e-05) Factor:0.1006 | Loss:0.4243 CE:0.2107 SC:2.1353 | Acc:0.9836 | 12.8s
2026-03-26 06:00:57 - Epoch [ 83/100] LR(1.82e-06/9.11e-06/1.82e-05) Factor:0.0911 | Loss:0.3939 CE:0.1892 SC:2.0467 | Acc:0.9918 | 12.8s
2026-03-26 06:01:10 - Epoch [ 84/100] LR(1.64e-06/8.21e-06/1.64e-05) Factor:0.0821 | Loss:0.4081 CE:0.2003 SC:2.0780 | Acc:0.9885 | 13.0s
2026-03-26 06:01:23 - Epoch [ 85/100] LR(1.47e-06/7.35e-06/1.47e-05) Factor:0.0735 | Loss:0.3990 CE:0.1936 SC:2.0536 | Acc:0.9885 | 12.8s
2026-03-26 06:01:23 - ----------------------------------------
2026-03-26 06:01:27 - [Test] Acc: 0.7266 | Prec(macro): 0.6045 | Rec(macro): 0.5787 | F1(macro): 0.5843
2026-03-26 06:01:27 - [Test] Classification Report:
              precision    recall  f1-score   support

      benign     0.4205    0.2868    0.3410       129
    no_tumor     0.7885    0.8706    0.8275       394

    accuracy                         0.7266       523
   macro avg     0.6045    0.5787    0.5843       523
weighted avg     0.6977    0.7266    0.7075       523

2026-03-26 06:01:27 - ----------------------------------------
2026-03-26 06:01:40 - Epoch [ 86/100] LR(1.31e-06/6.55e-06/1.31e-05) Factor:0.0655 | Loss:0.3788 CE:0.1770 SC:2.0186 | Acc:0.9951 | 12.8s
2026-03-26 06:01:52 - Epoch [ 87/100] LR(1.16e-06/5.80e-06/1.16e-05) Factor:0.0580 | Loss:0.4018 CE:0.1945 SC:2.0733 | Acc:0.9901 | 12.8s
2026-03-26 06:02:05 - Epoch [ 88/100] LR(1.02e-06/5.10e-06/1.02e-05) Factor:0.0510 | Loss:0.4002 CE:0.1939 SC:2.0626 | Acc:0.9901 | 12.8s
2026-03-26 06:02:18 - Epoch [ 89/100] LR(8.90e-07/4.45e-06/8.90e-06) Factor:0.0445 | Loss:0.3970 CE:0.1920 SC:2.0501 | Acc:0.9901 | 12.6s
2026-03-26 06:02:31 - Epoch [ 90/100] LR(7.72e-07/3.86e-06/7.72e-06) Factor:0.0386 | Loss:0.3909 CE:0.1861 SC:2.0474 | Acc:0.9926 | 12.7s
2026-03-26 06:02:31 - ----------------------------------------
2026-03-26 06:02:34 - [Test] Acc: 0.7266 | Prec(macro): 0.6045 | Rec(macro): 0.5787 | F1(macro): 0.5843
2026-03-26 06:02:34 - [Test] Classification Report:
              precision    recall  f1-score   support

      benign     0.4205    0.2868    0.3410       129
    no_tumor     0.7885    0.8706    0.8275       394

    accuracy                         0.7266       523
   macro avg     0.6045    0.5787    0.5843       523
weighted avg     0.6977    0.7266    0.7075       523

2026-03-26 06:02:34 - ----------------------------------------
2026-03-26 06:02:47 - Epoch [ 91/100] LR(6.64e-07/3.32e-06/6.64e-06) Factor:0.0332 | Loss:0.4066 CE:0.2005 SC:2.0612 | Acc:0.9918 | 12.6s
2026-03-26 06:02:59 - Epoch [ 92/100] LR(5.67e-07/2.84e-06/5.67e-06) Factor:0.0284 | Loss:0.3919 CE:0.1893 SC:2.0259 | Acc:0.9926 | 12.5s
2026-03-26 06:03:12 - Epoch [ 93/100] LR(4.81e-07/2.41e-06/4.81e-06) Factor:0.0241 | Loss:0.3998 CE:0.1966 SC:2.0321 | Acc:0.9934 | 12.8s
2026-03-26 06:03:25 - Epoch [ 94/100] LR(4.07e-07/2.04e-06/4.07e-06) Factor:0.0204 | Loss:0.4070 CE:0.1996 SC:2.0740 | Acc:0.9885 | 12.7s
2026-03-26 06:03:38 - Epoch [ 95/100] LR(3.44e-07/1.72e-06/3.44e-06) Factor:0.0172 | Loss:0.3909 CE:0.1879 SC:2.0299 | Acc:0.9926 | 12.8s
2026-03-26 06:03:38 - ----------------------------------------
2026-03-26 06:03:41 - [Test] Acc: 0.7304 | Prec(macro): 0.6099 | Rec(macro): 0.5812 | F1(macro): 0.5873
2026-03-26 06:03:41 - [Test] Classification Report:
              precision    recall  f1-score   support

      benign     0.4302    0.2868    0.3442       129
    no_tumor     0.7895    0.8756    0.8303       394

    accuracy                         0.7304       523
   macro avg     0.6099    0.5812    0.5873       523
weighted avg     0.7009    0.7304    0.7104       523

2026-03-26 06:03:41 - ----------------------------------------
2026-03-26 06:03:54 - Epoch [ 96/100] LR(2.92e-07/1.46e-06/2.92e-06) Factor:0.0146 | Loss:0.3996 CE:0.1951 SC:2.0446 | Acc:0.9918 | 12.7s
2026-03-26 06:04:07 - Epoch [ 97/100] LR(2.52e-07/1.26e-06/2.52e-06) Factor:0.0126 | Loss:0.4088 CE:0.2024 SC:2.0636 | Acc:0.9885 | 12.7s
2026-03-26 06:04:19 - Epoch [ 98/100] LR(2.23e-07/1.12e-06/2.23e-06) Factor:0.0112 | Loss:0.3812 CE:0.1790 SC:2.0225 | Acc:0.9951 | 12.5s
2026-03-26 06:04:32 - Epoch [ 99/100] LR(2.06e-07/1.03e-06/2.06e-06) Factor:0.0103 | Loss:0.3931 CE:0.1908 SC:2.0231 | Acc:0.9942 | 12.7s
2026-03-26 06:04:45 - Epoch [100/100] LR(2.00e-07/1.00e-06/2.00e-06) Factor:0.0100 | Loss:0.4062 CE:0.1998 SC:2.0646 | Acc:0.9885 | 12.7s
2026-03-26 06:04:45 - ----------------------------------------
2026-03-26 06:04:48 - [Test] Acc: 0.7323 | Prec(macro): 0.6154 | Rec(macro): 0.5877 | F1(macro): 0.5944
2026-03-26 06:04:48 - [Test] Classification Report:
              precision    recall  f1-score   support

      benign     0.4382    0.3023    0.3578       129
    no_tumor     0.7926    0.8731    0.8309       394

    accuracy                         0.7323       523
   macro avg     0.6154    0.5877    0.5944       523
weighted avg     0.7052    0.7323    0.7142       523

2026-03-26 06:04:48 - ----------------------------------------
2026-03-26 06:04:48 - 
============================================================
2026-03-26 06:04:48 - 训练完成! 最优: Epoch 30, F1: 0.6041
2026-03-26 06:04:48 - ============================================================
2026-03-26 06:04:48 - 
加载最优权重进行最终测试...
2026-03-26 06:04:52 - ============================================================
2026-03-26 06:04:52 - 最终测试 (threshold=0.5)
2026-03-26 06:04:52 - ============================================================
2026-03-26 06:04:52 - [Final] Acc: 0.6807 | Prec(macro): 0.6002 | Rec(macro): 0.6160 | F1(macro): 0.6041
2026-03-26 06:04:52 - [Final] Classification Report:
              precision    recall  f1-score   support

      benign     0.3841    0.4884    0.4300       129
    no_tumor     0.8162    0.7437    0.7782       394

    accuracy                         0.6807       523
   macro avg     0.6002    0.6160    0.6041       523
weighted avg     0.7096    0.6807    0.6923       523

2026-03-26 06:04:52 - 
============================================================
2026-03-26 06:04:52 - 标准阈值优化 (最大化 macro F1)
2026-03-26 06:04:52 - ============================================================
2026-03-26 06:04:53 - F1最优阈值: 0.565 (F1: 0.6119)
2026-03-26 06:04:53 - [Final(F1阈值)] Acc: 0.6902 | Prec(macro): 0.6075 | Rec(macro): 0.6224 | F1(macro): 0.6119
2026-03-26 06:04:53 - [Final(F1阈值)] Classification Report:
              precision    recall  f1-score   support

      benign     0.3962    0.4884    0.4375       129
    no_tumor     0.8187    0.7563    0.7863       394

    accuracy                         0.6902       523
   macro avg     0.6075    0.6224    0.6119       523
weighted avg     0.7145    0.6902    0.7003       523

2026-03-26 06:04:53 - 
============================================================
2026-03-26 06:04:53 - 精确度导向阈值优化 (0.6*F1 + 0.4*benign_prec)
2026-03-26 06:04:53 - 目标: 宁愿把良性判断成无 -> 提高 benign precision
2026-03-26 06:04:53 - ============================================================
2026-03-26 06:04:53 - 精确度导向阈值: 0.565 (F1: 0.6119, benign_prec: 0.3962)
2026-03-26 06:04:53 - [Final(精确度导向)] Acc: 0.6902 | Prec(macro): 0.6075 | Rec(macro): 0.6224 | F1(macro): 0.6119
2026-03-26 06:04:53 - [Final(精确度导向)] Classification Report:
              precision    recall  f1-score   support

      benign     0.3962    0.4884    0.4375       129
    no_tumor     0.8187    0.7563    0.7863       394

    accuracy                         0.6902       523
   macro avg     0.6075    0.6224    0.6119       523
weighted avg     0.7145    0.6902    0.7003       523

2026-03-26 06:04:53 - 脚本已复制到: /data1/ouyangxinglong/GBP-Cascade/0323/logs/20260326_task2_LAT_SwinV2Tiny_v1/task2_lat_v1.py
