2026-03-18 16:41:56 - ============================================================
2026-03-18 16:41:56 - 实验名称: 20260318_task2_ConvNeXtTiny_baseline_1
2026-03-18 16:41:56 - 任务: Task 2 - 良性肿瘤(0) vs 非肿瘤性息肉(1)
2026-03-18 16:41:56 - 模型: ConvNeXt-Tiny (ImageNet预训练)
2026-03-18 16:41:56 - 修改: baseline (仅替换backbone, 全参数微调, 无数据增强)
2026-03-18 16:41:56 - 图像尺寸: 224
2026-03-18 16:41:56 - Batch Size: 32
2026-03-18 16:41:56 - 学习率: 0.001
2026-03-18 16:41:56 - Weight Decay: 0.0001
2026-03-18 16:41:56 - Epochs: 100
2026-03-18 16:41:56 - 设备: cuda
2026-03-18 16:41:56 - ============================================================
2026-03-18 16:41:56 - 训练集: 1303 张 (benign=309, no_tumor=994)
2026-03-18 16:41:56 - 测试集: 564 张 (benign=129, no_tumor=435)
2026-03-18 16:41:57 - 模型参数量: 27,821,666
2026-03-18 16:41:57 - 可训练参数量: 27,821,666
2026-03-18 16:41:57 - 
============================================================
2026-03-18 16:41:57 - 开始训练
2026-03-18 16:41:57 - ============================================================
2026-03-18 16:42:04 - Epoch [1/100] LR: 0.001000 | Loss: 0.5955 | Train Acc: 0.7337 | Time: 6.4s
2026-03-18 16:42:09 - Epoch [2/100] LR: 0.001000 | Loss: 0.5538 | Train Acc: 0.7629 | Time: 5.4s
2026-03-18 16:42:14 - Epoch [3/100] LR: 0.001000 | Loss: 0.5567 | Train Acc: 0.7629 | Time: 4.9s
2026-03-18 16:42:14 - ----------------------------------------
2026-03-18 16:42:15 - [Test] Acc: 0.7713 | Precision(macro): 0.3856 | Recall(macro): 0.5000 | F1(macro): 0.4354
2026-03-18 16:42:15 - [Test] Classification Report:
              precision    recall  f1-score   support

      benign     0.0000    0.0000    0.0000       129
    no_tumor     0.7713    1.0000    0.8709       435

    accuracy                         0.7713       564
   macro avg     0.3856    0.5000    0.4354       564
weighted avg     0.5949    0.7713    0.6717       564

2026-03-18 16:42:15 - *** 保存最优模型 (F1: 0.4354, Epoch: 3) ***
2026-03-18 16:42:15 - ----------------------------------------
2026-03-18 16:42:20 - Epoch [4/100] LR: 0.001000 | Loss: 0.5576 | Train Acc: 0.7629 | Time: 4.9s
2026-03-18 16:42:25 - Epoch [5/100] LR: 0.001000 | Loss: 0.5553 | Train Acc: 0.7629 | Time: 5.2s
2026-03-18 16:42:31 - Epoch [6/100] LR: 0.001000 | Loss: 0.5550 | Train Acc: 0.7629 | Time: 5.2s
2026-03-18 16:42:31 - ----------------------------------------
2026-03-18 16:42:32 - [Test] Acc: 0.7713 | Precision(macro): 0.3856 | Recall(macro): 0.5000 | F1(macro): 0.4354
2026-03-18 16:42:32 - [Test] Classification Report:
              precision    recall  f1-score   support

      benign     0.0000    0.0000    0.0000       129
    no_tumor     0.7713    1.0000    0.8709       435

    accuracy                         0.7713       564
   macro avg     0.3856    0.5000    0.4354       564
weighted avg     0.5949    0.7713    0.6717       564

2026-03-18 16:42:32 - ----------------------------------------
2026-03-18 16:42:42 - Epoch [7/100] LR: 0.001000 | Loss: 0.5509 | Train Acc: 0.7629 | Time: 10.2s
2026-03-18 16:42:54 - Epoch [8/100] LR: 0.001000 | Loss: 0.5557 | Train Acc: 0.7629 | Time: 12.1s
2026-03-18 16:43:06 - Epoch [9/100] LR: 0.001000 | Loss: 0.5560 | Train Acc: 0.7629 | Time: 12.1s
2026-03-18 16:43:06 - ----------------------------------------
2026-03-18 16:43:08 - [Test] Acc: 0.7713 | Precision(macro): 0.3856 | Recall(macro): 0.5000 | F1(macro): 0.4354
2026-03-18 16:43:08 - [Test] Classification Report:
              precision    recall  f1-score   support

      benign     0.0000    0.0000    0.0000       129
    no_tumor     0.7713    1.0000    0.8709       435

    accuracy                         0.7713       564
   macro avg     0.3856    0.5000    0.4354       564
weighted avg     0.5949    0.7713    0.6717       564

2026-03-18 16:43:08 - ----------------------------------------
2026-03-18 16:43:20 - Epoch [10/100] LR: 0.001000 | Loss: 0.5547 | Train Acc: 0.7629 | Time: 12.2s
2026-03-18 16:43:32 - Epoch [11/100] LR: 0.001000 | Loss: 0.5523 | Train Acc: 0.7629 | Time: 12.0s
2026-03-18 16:43:44 - Epoch [12/100] LR: 0.001000 | Loss: 0.5499 | Train Acc: 0.7629 | Time: 12.1s
2026-03-18 16:43:44 - ----------------------------------------
2026-03-18 16:43:46 - [Test] Acc: 0.7713 | Precision(macro): 0.3856 | Recall(macro): 0.5000 | F1(macro): 0.4354
2026-03-18 16:43:46 - [Test] Classification Report:
              precision    recall  f1-score   support

      benign     0.0000    0.0000    0.0000       129
    no_tumor     0.7713    1.0000    0.8709       435

    accuracy                         0.7713       564
   macro avg     0.3856    0.5000    0.4354       564
weighted avg     0.5949    0.7713    0.6717       564

2026-03-18 16:43:46 - ----------------------------------------
2026-03-18 16:43:58 - Epoch [13/100] LR: 0.001000 | Loss: 0.5516 | Train Acc: 0.7629 | Time: 12.2s
2026-03-18 16:44:10 - Epoch [14/100] LR: 0.001000 | Loss: 0.5510 | Train Acc: 0.7629 | Time: 12.2s
2026-03-18 16:44:22 - Epoch [15/100] LR: 0.001000 | Loss: 0.5511 | Train Acc: 0.7629 | Time: 12.1s
2026-03-18 16:44:22 - ----------------------------------------
2026-03-18 16:44:23 - [Test] Acc: 0.7713 | Precision(macro): 0.3856 | Recall(macro): 0.5000 | F1(macro): 0.4354
2026-03-18 16:44:24 - [Test] Classification Report:
              precision    recall  f1-score   support

      benign     0.0000    0.0000    0.0000       129
    no_tumor     0.7713    1.0000    0.8709       435

    accuracy                         0.7713       564
   macro avg     0.3856    0.5000    0.4354       564
weighted avg     0.5949    0.7713    0.6717       564

2026-03-18 16:44:24 - ----------------------------------------
2026-03-18 16:44:35 - Epoch [16/100] LR: 0.001000 | Loss: 0.5509 | Train Acc: 0.7629 | Time: 11.7s
2026-03-18 16:44:47 - Epoch [17/100] LR: 0.001000 | Loss: 0.5496 | Train Acc: 0.7629 | Time: 12.1s
2026-03-18 16:44:59 - Epoch [18/100] LR: 0.001000 | Loss: 0.5490 | Train Acc: 0.7629 | Time: 11.9s
2026-03-18 16:44:59 - ----------------------------------------
2026-03-18 16:45:00 - [Test] Acc: 0.7713 | Precision(macro): 0.3856 | Recall(macro): 0.5000 | F1(macro): 0.4354
2026-03-18 16:45:00 - [Test] Classification Report:
              precision    recall  f1-score   support

      benign     0.0000    0.0000    0.0000       129
    no_tumor     0.7713    1.0000    0.8709       435

    accuracy                         0.7713       564
   macro avg     0.3856    0.5000    0.4354       564
weighted avg     0.5949    0.7713    0.6717       564

2026-03-18 16:45:00 - ----------------------------------------
2026-03-18 16:45:12 - Epoch [19/100] LR: 0.001000 | Loss: 0.5498 | Train Acc: 0.7613 | Time: 11.9s
2026-03-18 16:45:24 - Epoch [20/100] LR: 0.001000 | Loss: 0.5504 | Train Acc: 0.7629 | Time: 12.1s
2026-03-18 16:45:36 - Epoch [21/100] LR: 0.001000 | Loss: 0.5530 | Train Acc: 0.7629 | Time: 11.8s
2026-03-18 16:45:36 - ----------------------------------------
2026-03-18 16:45:38 - [Test] Acc: 0.7713 | Precision(macro): 0.3856 | Recall(macro): 0.5000 | F1(macro): 0.4354
2026-03-18 16:45:38 - [Test] Classification Report:
              precision    recall  f1-score   support

      benign     0.0000    0.0000    0.0000       129
    no_tumor     0.7713    1.0000    0.8709       435

    accuracy                         0.7713       564
   macro avg     0.3856    0.5000    0.4354       564
weighted avg     0.5949    0.7713    0.6717       564

2026-03-18 16:45:38 - ----------------------------------------
2026-03-18 16:45:50 - Epoch [22/100] LR: 0.001000 | Loss: 0.5499 | Train Acc: 0.7629 | Time: 12.3s
2026-03-18 16:46:02 - Epoch [23/100] LR: 0.001000 | Loss: 0.5487 | Train Acc: 0.7629 | Time: 12.3s
2026-03-18 16:46:14 - Epoch [24/100] LR: 0.001000 | Loss: 0.5488 | Train Acc: 0.7629 | Time: 12.1s
2026-03-18 16:46:14 - ----------------------------------------
2026-03-18 16:46:16 - [Test] Acc: 0.7713 | Precision(macro): 0.3856 | Recall(macro): 0.5000 | F1(macro): 0.4354
2026-03-18 16:46:16 - [Test] Classification Report:
              precision    recall  f1-score   support

      benign     0.0000    0.0000    0.0000       129
    no_tumor     0.7713    1.0000    0.8709       435

    accuracy                         0.7713       564
   macro avg     0.3856    0.5000    0.4354       564
weighted avg     0.5949    0.7713    0.6717       564

2026-03-18 16:46:16 - ----------------------------------------
2026-03-18 16:46:28 - Epoch [25/100] LR: 0.001000 | Loss: 0.5483 | Train Acc: 0.7629 | Time: 12.0s
2026-03-18 16:46:40 - Epoch [26/100] LR: 0.001000 | Loss: 0.5490 | Train Acc: 0.7629 | Time: 11.8s
2026-03-18 16:46:51 - Epoch [27/100] LR: 0.001000 | Loss: 0.5492 | Train Acc: 0.7629 | Time: 11.5s
2026-03-18 16:46:51 - ----------------------------------------
2026-03-18 16:46:53 - [Test] Acc: 0.7713 | Precision(macro): 0.3856 | Recall(macro): 0.5000 | F1(macro): 0.4354
2026-03-18 16:46:53 - [Test] Classification Report:
              precision    recall  f1-score   support

      benign     0.0000    0.0000    0.0000       129
    no_tumor     0.7713    1.0000    0.8709       435

    accuracy                         0.7713       564
   macro avg     0.3856    0.5000    0.4354       564
weighted avg     0.5949    0.7713    0.6717       564

2026-03-18 16:46:53 - ----------------------------------------
2026-03-18 16:47:05 - Epoch [28/100] LR: 0.001000 | Loss: 0.5507 | Train Acc: 0.7629 | Time: 11.7s
2026-03-18 16:47:17 - Epoch [29/100] LR: 0.001000 | Loss: 0.5476 | Train Acc: 0.7629 | Time: 11.8s
2026-03-18 16:47:28 - Epoch [30/100] LR: 0.001000 | Loss: 0.5473 | Train Acc: 0.7629 | Time: 11.1s
2026-03-18 16:47:28 - ----------------------------------------
2026-03-18 16:47:30 - [Test] Acc: 0.7713 | Precision(macro): 0.3856 | Recall(macro): 0.5000 | F1(macro): 0.4354
2026-03-18 16:47:30 - [Test] Classification Report:
              precision    recall  f1-score   support

      benign     0.0000    0.0000    0.0000       129
    no_tumor     0.7713    1.0000    0.8709       435

    accuracy                         0.7713       564
   macro avg     0.3856    0.5000    0.4354       564
weighted avg     0.5949    0.7713    0.6717       564

2026-03-18 16:47:30 - ----------------------------------------
2026-03-18 16:47:42 - Epoch [31/100] LR: 0.001000 | Loss: 0.5481 | Train Acc: 0.7629 | Time: 11.6s
2026-03-18 16:47:53 - Epoch [32/100] LR: 0.001000 | Loss: 0.5487 | Train Acc: 0.7629 | Time: 11.7s
2026-03-18 16:48:04 - Epoch [33/100] LR: 0.001000 | Loss: 0.5485 | Train Acc: 0.7629 | Time: 11.0s
2026-03-18 16:48:04 - ----------------------------------------
2026-03-18 16:48:06 - [Test] Acc: 0.7713 | Precision(macro): 0.3856 | Recall(macro): 0.5000 | F1(macro): 0.4354
2026-03-18 16:48:06 - [Test] Classification Report:
              precision    recall  f1-score   support

      benign     0.0000    0.0000    0.0000       129
    no_tumor     0.7713    1.0000    0.8709       435

    accuracy                         0.7713       564
   macro avg     0.3856    0.5000    0.4354       564
weighted avg     0.5949    0.7713    0.6717       564

2026-03-18 16:48:06 - ----------------------------------------
2026-03-18 16:48:18 - Epoch [34/100] LR: 0.001000 | Loss: 0.5459 | Train Acc: 0.7629 | Time: 11.7s
2026-03-18 16:48:30 - Epoch [35/100] LR: 0.001000 | Loss: 0.5492 | Train Acc: 0.7629 | Time: 11.8s
2026-03-18 16:48:41 - Epoch [36/100] LR: 0.001000 | Loss: 0.5465 | Train Acc: 0.7629 | Time: 11.2s
2026-03-18 16:48:41 - ----------------------------------------
2026-03-18 16:48:43 - [Test] Acc: 0.7713 | Precision(macro): 0.3856 | Recall(macro): 0.5000 | F1(macro): 0.4354
2026-03-18 16:48:43 - [Test] Classification Report:
              precision    recall  f1-score   support

      benign     0.0000    0.0000    0.0000       129
    no_tumor     0.7713    1.0000    0.8709       435

    accuracy                         0.7713       564
   macro avg     0.3856    0.5000    0.4354       564
weighted avg     0.5949    0.7713    0.6717       564

2026-03-18 16:48:43 - ----------------------------------------
2026-03-18 16:48:54 - Epoch [37/100] LR: 0.001000 | Loss: 0.5489 | Train Acc: 0.7629 | Time: 11.8s
2026-03-18 16:49:06 - Epoch [38/100] LR: 0.001000 | Loss: 0.5458 | Train Acc: 0.7621 | Time: 11.6s
2026-03-18 16:49:17 - Epoch [39/100] LR: 0.001000 | Loss: 0.5497 | Train Acc: 0.7629 | Time: 10.8s
2026-03-18 16:49:17 - ----------------------------------------
2026-03-18 16:49:19 - [Test] Acc: 0.7713 | Precision(macro): 0.3856 | Recall(macro): 0.5000 | F1(macro): 0.4354
2026-03-18 16:49:19 - [Test] Classification Report:
              precision    recall  f1-score   support

      benign     0.0000    0.0000    0.0000       129
    no_tumor     0.7713    1.0000    0.8709       435

    accuracy                         0.7713       564
   macro avg     0.3856    0.5000    0.4354       564
weighted avg     0.5949    0.7713    0.6717       564

2026-03-18 16:49:19 - ----------------------------------------
2026-03-18 16:49:31 - Epoch [40/100] LR: 0.001000 | Loss: 0.5483 | Train Acc: 0.7629 | Time: 11.7s
2026-03-18 16:49:43 - Epoch [41/100] LR: 0.001000 | Loss: 0.5493 | Train Acc: 0.7629 | Time: 11.8s
2026-03-18 16:49:53 - Epoch [42/100] LR: 0.001000 | Loss: 0.5456 | Train Acc: 0.7629 | Time: 10.9s
2026-03-18 16:49:53 - ----------------------------------------
2026-03-18 16:49:55 - [Test] Acc: 0.7713 | Precision(macro): 0.3856 | Recall(macro): 0.5000 | F1(macro): 0.4354
2026-03-18 16:49:55 - [Test] Classification Report:
              precision    recall  f1-score   support

      benign     0.0000    0.0000    0.0000       129
    no_tumor     0.7713    1.0000    0.8709       435

    accuracy                         0.7713       564
   macro avg     0.3856    0.5000    0.4354       564
weighted avg     0.5949    0.7713    0.6717       564

2026-03-18 16:49:55 - ----------------------------------------
2026-03-18 16:50:07 - Epoch [43/100] LR: 0.001000 | Loss: 0.5431 | Train Acc: 0.7629 | Time: 11.7s
2026-03-18 16:50:19 - Epoch [44/100] LR: 0.001000 | Loss: 0.5496 | Train Acc: 0.7629 | Time: 11.7s
2026-03-18 16:50:30 - Epoch [45/100] LR: 0.001000 | Loss: 0.5457 | Train Acc: 0.7629 | Time: 11.1s
2026-03-18 16:50:30 - ----------------------------------------
2026-03-18 16:50:31 - [Test] Acc: 0.7713 | Precision(macro): 0.3856 | Recall(macro): 0.5000 | F1(macro): 0.4354
2026-03-18 16:50:31 - [Test] Classification Report:
              precision    recall  f1-score   support

      benign     0.0000    0.0000    0.0000       129
    no_tumor     0.7713    1.0000    0.8709       435

    accuracy                         0.7713       564
   macro avg     0.3856    0.5000    0.4354       564
weighted avg     0.5949    0.7713    0.6717       564

2026-03-18 16:50:31 - ----------------------------------------
2026-03-18 16:50:43 - Epoch [46/100] LR: 0.001000 | Loss: 0.5442 | Train Acc: 0.7629 | Time: 11.8s
2026-03-18 16:50:55 - Epoch [47/100] LR: 0.001000 | Loss: 0.5425 | Train Acc: 0.7629 | Time: 11.7s
2026-03-18 16:51:06 - Epoch [48/100] LR: 0.001000 | Loss: 0.5416 | Train Acc: 0.7629 | Time: 11.0s
2026-03-18 16:51:06 - ----------------------------------------
2026-03-18 16:51:08 - [Test] Acc: 0.7713 | Precision(macro): 0.3856 | Recall(macro): 0.5000 | F1(macro): 0.4354
2026-03-18 16:51:08 - [Test] Classification Report:
              precision    recall  f1-score   support

      benign     0.0000    0.0000    0.0000       129
    no_tumor     0.7713    1.0000    0.8709       435

    accuracy                         0.7713       564
   macro avg     0.3856    0.5000    0.4354       564
weighted avg     0.5949    0.7713    0.6717       564

2026-03-18 16:51:08 - ----------------------------------------
2026-03-18 16:51:20 - Epoch [49/100] LR: 0.001000 | Loss: 0.5400 | Train Acc: 0.7629 | Time: 11.7s
2026-03-18 16:51:32 - Epoch [50/100] LR: 0.001000 | Loss: 0.5427 | Train Acc: 0.7621 | Time: 11.7s
2026-03-18 16:51:43 - Epoch [51/100] LR: 0.001000 | Loss: 0.5389 | Train Acc: 0.7621 | Time: 11.1s
2026-03-18 16:51:43 - ----------------------------------------
2026-03-18 16:51:44 - [Test] Acc: 0.7713 | Precision(macro): 0.3856 | Recall(macro): 0.5000 | F1(macro): 0.4354
2026-03-18 16:51:44 - [Test] Classification Report:
              precision    recall  f1-score   support

      benign     0.0000    0.0000    0.0000       129
    no_tumor     0.7713    1.0000    0.8709       435

    accuracy                         0.7713       564
   macro avg     0.3856    0.5000    0.4354       564
weighted avg     0.5949    0.7713    0.6717       564

2026-03-18 16:51:44 - ----------------------------------------
2026-03-18 16:51:56 - Epoch [52/100] LR: 0.001000 | Loss: 0.5402 | Train Acc: 0.7629 | Time: 11.9s
2026-03-18 16:52:08 - Epoch [53/100] LR: 0.001000 | Loss: 0.5373 | Train Acc: 0.7629 | Time: 12.1s
2026-03-18 16:52:20 - Epoch [54/100] LR: 0.001000 | Loss: 0.5401 | Train Acc: 0.7629 | Time: 11.3s
2026-03-18 16:52:20 - ----------------------------------------
2026-03-18 16:52:22 - [Test] Acc: 0.7713 | Precision(macro): 0.3856 | Recall(macro): 0.5000 | F1(macro): 0.4354
2026-03-18 16:52:22 - [Test] Classification Report:
              precision    recall  f1-score   support

      benign     0.0000    0.0000    0.0000       129
    no_tumor     0.7713    1.0000    0.8709       435

    accuracy                         0.7713       564
   macro avg     0.3856    0.5000    0.4354       564
weighted avg     0.5949    0.7713    0.6717       564

2026-03-18 16:52:22 - ----------------------------------------
2026-03-18 16:52:34 - Epoch [55/100] LR: 0.001000 | Loss: 0.5433 | Train Acc: 0.7629 | Time: 12.3s
2026-03-18 16:52:46 - Epoch [56/100] LR: 0.001000 | Loss: 0.5389 | Train Acc: 0.7629 | Time: 12.2s
2026-03-18 16:52:58 - Epoch [57/100] LR: 0.001000 | Loss: 0.5372 | Train Acc: 0.7629 | Time: 12.0s
2026-03-18 16:52:58 - ----------------------------------------
2026-03-18 16:53:00 - [Test] Acc: 0.7713 | Precision(macro): 0.3856 | Recall(macro): 0.5000 | F1(macro): 0.4354
2026-03-18 16:53:00 - [Test] Classification Report:
              precision    recall  f1-score   support

      benign     0.0000    0.0000    0.0000       129
    no_tumor     0.7713    1.0000    0.8709       435

    accuracy                         0.7713       564
   macro avg     0.3856    0.5000    0.4354       564
weighted avg     0.5949    0.7713    0.6717       564

2026-03-18 16:53:00 - ----------------------------------------
2026-03-18 16:53:12 - Epoch [58/100] LR: 0.001000 | Loss: 0.5390 | Train Acc: 0.7629 | Time: 12.2s
2026-03-18 16:53:23 - Epoch [59/100] LR: 0.001000 | Loss: 0.5372 | Train Acc: 0.7644 | Time: 11.1s
2026-03-18 16:53:35 - Epoch [60/100] LR: 0.001000 | Loss: 0.5324 | Train Acc: 0.7629 | Time: 11.7s
2026-03-18 16:53:35 - ----------------------------------------
2026-03-18 16:53:36 - [Test] Acc: 0.7713 | Precision(macro): 0.3856 | Recall(macro): 0.5000 | F1(macro): 0.4354
2026-03-18 16:53:36 - [Test] Classification Report:
              precision    recall  f1-score   support

      benign     0.0000    0.0000    0.0000       129
    no_tumor     0.7713    1.0000    0.8709       435

    accuracy                         0.7713       564
   macro avg     0.3856    0.5000    0.4354       564
weighted avg     0.5949    0.7713    0.6717       564

2026-03-18 16:53:36 - ----------------------------------------
2026-03-18 16:53:48 - Epoch [61/100] LR: 0.001000 | Loss: 0.5323 | Train Acc: 0.7629 | Time: 12.1s
2026-03-18 16:54:00 - Epoch [62/100] LR: 0.001000 | Loss: 0.5328 | Train Acc: 0.7629 | Time: 11.3s
2026-03-18 16:54:12 - Epoch [63/100] LR: 0.001000 | Loss: 0.5294 | Train Acc: 0.7629 | Time: 11.8s
2026-03-18 16:54:12 - ----------------------------------------
2026-03-18 16:54:13 - [Test] Acc: 0.7713 | Precision(macro): 0.3856 | Recall(macro): 0.5000 | F1(macro): 0.4354
2026-03-18 16:54:13 - [Test] Classification Report:
              precision    recall  f1-score   support

      benign     0.0000    0.0000    0.0000       129
    no_tumor     0.7713    1.0000    0.8709       435

    accuracy                         0.7713       564
   macro avg     0.3856    0.5000    0.4354       564
weighted avg     0.5949    0.7713    0.6717       564

2026-03-18 16:54:13 - ----------------------------------------
2026-03-18 16:54:25 - Epoch [64/100] LR: 0.001000 | Loss: 0.5369 | Train Acc: 0.7629 | Time: 11.9s
2026-03-18 16:54:37 - Epoch [65/100] LR: 0.001000 | Loss: 0.5329 | Train Acc: 0.7629 | Time: 12.0s
2026-03-18 16:54:49 - Epoch [66/100] LR: 0.001000 | Loss: 0.5328 | Train Acc: 0.7629 | Time: 12.4s
2026-03-18 16:54:49 - ----------------------------------------
2026-03-18 16:54:52 - [Test] Acc: 0.7713 | Precision(macro): 0.3856 | Recall(macro): 0.5000 | F1(macro): 0.4354
2026-03-18 16:54:52 - [Test] Classification Report:
              precision    recall  f1-score   support

      benign     0.0000    0.0000    0.0000       129
    no_tumor     0.7713    1.0000    0.8709       435

    accuracy                         0.7713       564
   macro avg     0.3856    0.5000    0.4354       564
weighted avg     0.5949    0.7713    0.6717       564

2026-03-18 16:54:52 - ----------------------------------------
2026-03-18 16:55:04 - Epoch [67/100] LR: 0.001000 | Loss: 0.5303 | Train Acc: 0.7629 | Time: 12.1s
2026-03-18 16:55:15 - Epoch [68/100] LR: 0.001000 | Loss: 0.5292 | Train Acc: 0.7629 | Time: 11.3s
2026-03-18 16:55:27 - Epoch [69/100] LR: 0.001000 | Loss: 0.5391 | Train Acc: 0.7629 | Time: 12.1s
2026-03-18 16:55:27 - ----------------------------------------
2026-03-18 16:55:29 - [Test] Acc: 0.7713 | Precision(macro): 0.3856 | Recall(macro): 0.5000 | F1(macro): 0.4354
2026-03-18 16:55:29 - [Test] Classification Report:
              precision    recall  f1-score   support

      benign     0.0000    0.0000    0.0000       129
    no_tumor     0.7713    1.0000    0.8709       435

    accuracy                         0.7713       564
   macro avg     0.3856    0.5000    0.4354       564
weighted avg     0.5949    0.7713    0.6717       564

2026-03-18 16:55:29 - ----------------------------------------
2026-03-18 16:55:41 - Epoch [70/100] LR: 0.001000 | Loss: 0.5251 | Train Acc: 0.7629 | Time: 12.0s
2026-03-18 16:55:52 - Epoch [71/100] LR: 0.001000 | Loss: 0.5350 | Train Acc: 0.7629 | Time: 11.4s
2026-03-18 16:56:04 - Epoch [72/100] LR: 0.001000 | Loss: 0.5278 | Train Acc: 0.7629 | Time: 11.8s
2026-03-18 16:56:04 - ----------------------------------------
2026-03-18 16:56:06 - [Test] Acc: 0.7713 | Precision(macro): 0.3856 | Recall(macro): 0.5000 | F1(macro): 0.4354
2026-03-18 16:56:06 - [Test] Classification Report:
              precision    recall  f1-score   support

      benign     0.0000    0.0000    0.0000       129
    no_tumor     0.7713    1.0000    0.8709       435

    accuracy                         0.7713       564
   macro avg     0.3856    0.5000    0.4354       564
weighted avg     0.5949    0.7713    0.6717       564

2026-03-18 16:56:06 - ----------------------------------------
2026-03-18 16:56:18 - Epoch [73/100] LR: 0.001000 | Loss: 0.5239 | Train Acc: 0.7629 | Time: 11.9s
2026-03-18 16:56:29 - Epoch [74/100] LR: 0.001000 | Loss: 0.5219 | Train Acc: 0.7629 | Time: 11.3s
2026-03-18 16:56:41 - Epoch [75/100] LR: 0.001000 | Loss: 0.5184 | Train Acc: 0.7629 | Time: 11.9s
2026-03-18 16:56:41 - ----------------------------------------
2026-03-18 16:56:43 - [Test] Acc: 0.7713 | Precision(macro): 0.3856 | Recall(macro): 0.5000 | F1(macro): 0.4354
2026-03-18 16:56:43 - [Test] Classification Report:
              precision    recall  f1-score   support

      benign     0.0000    0.0000    0.0000       129
    no_tumor     0.7713    1.0000    0.8709       435

    accuracy                         0.7713       564
   macro avg     0.3856    0.5000    0.4354       564
weighted avg     0.5949    0.7713    0.6717       564

2026-03-18 16:56:43 - ----------------------------------------
2026-03-18 16:56:55 - Epoch [76/100] LR: 0.001000 | Loss: 0.5228 | Train Acc: 0.7629 | Time: 12.1s
2026-03-18 16:57:06 - Epoch [77/100] LR: 0.001000 | Loss: 0.5246 | Train Acc: 0.7629 | Time: 11.3s
2026-03-18 16:57:18 - Epoch [78/100] LR: 0.001000 | Loss: 0.5190 | Train Acc: 0.7629 | Time: 12.0s
2026-03-18 16:57:18 - ----------------------------------------
2026-03-18 16:57:20 - [Test] Acc: 0.7713 | Precision(macro): 0.3856 | Recall(macro): 0.5000 | F1(macro): 0.4354
2026-03-18 16:57:20 - [Test] Classification Report:
              precision    recall  f1-score   support

      benign     0.0000    0.0000    0.0000       129
    no_tumor     0.7713    1.0000    0.8709       435

    accuracy                         0.7713       564
   macro avg     0.3856    0.5000    0.4354       564
weighted avg     0.5949    0.7713    0.6717       564

2026-03-18 16:57:20 - ----------------------------------------
2026-03-18 16:57:32 - Epoch [79/100] LR: 0.001000 | Loss: 0.5185 | Train Acc: 0.7629 | Time: 12.1s
2026-03-18 16:57:44 - Epoch [80/100] LR: 0.001000 | Loss: 0.5110 | Train Acc: 0.7629 | Time: 11.2s
2026-03-18 16:57:56 - Epoch [81/100] LR: 0.001000 | Loss: 0.5173 | Train Acc: 0.7629 | Time: 12.0s
2026-03-18 16:57:56 - ----------------------------------------
2026-03-18 16:57:57 - [Test] Acc: 0.7713 | Precision(macro): 0.3856 | Recall(macro): 0.5000 | F1(macro): 0.4354
2026-03-18 16:57:57 - [Test] Classification Report:
              precision    recall  f1-score   support

      benign     0.0000    0.0000    0.0000       129
    no_tumor     0.7713    1.0000    0.8709       435

    accuracy                         0.7713       564
   macro avg     0.3856    0.5000    0.4354       564
weighted avg     0.5949    0.7713    0.6717       564

2026-03-18 16:57:57 - ----------------------------------------
2026-03-18 16:58:10 - Epoch [82/100] LR: 0.001000 | Loss: 0.5227 | Train Acc: 0.7629 | Time: 12.1s
2026-03-18 16:58:21 - Epoch [83/100] LR: 0.001000 | Loss: 0.5092 | Train Acc: 0.7629 | Time: 11.3s
2026-03-18 16:58:33 - Epoch [84/100] LR: 0.001000 | Loss: 0.5062 | Train Acc: 0.7629 | Time: 11.9s
2026-03-18 16:58:33 - ----------------------------------------
2026-03-18 16:58:34 - [Test] Acc: 0.7713 | Precision(macro): 0.3856 | Recall(macro): 0.5000 | F1(macro): 0.4354
2026-03-18 16:58:34 - [Test] Classification Report:
              precision    recall  f1-score   support

      benign     0.0000    0.0000    0.0000       129
    no_tumor     0.7713    1.0000    0.8709       435

    accuracy                         0.7713       564
   macro avg     0.3856    0.5000    0.4354       564
weighted avg     0.5949    0.7713    0.6717       564

2026-03-18 16:58:34 - ----------------------------------------
2026-03-18 16:58:46 - Epoch [85/100] LR: 0.001000 | Loss: 0.5030 | Train Acc: 0.7629 | Time: 11.7s
2026-03-18 16:58:58 - Epoch [86/100] LR: 0.001000 | Loss: 0.5070 | Train Acc: 0.7629 | Time: 11.3s
2026-03-18 16:59:10 - Epoch [87/100] LR: 0.001000 | Loss: 0.4926 | Train Acc: 0.7629 | Time: 12.0s
2026-03-18 16:59:10 - ----------------------------------------
2026-03-18 16:59:11 - [Test] Acc: 0.7713 | Precision(macro): 0.3856 | Recall(macro): 0.5000 | F1(macro): 0.4354
2026-03-18 16:59:11 - [Test] Classification Report:
              precision    recall  f1-score   support

      benign     0.0000    0.0000    0.0000       129
    no_tumor     0.7713    1.0000    0.8709       435

    accuracy                         0.7713       564
   macro avg     0.3856    0.5000    0.4354       564
weighted avg     0.5949    0.7713    0.6717       564

2026-03-18 16:59:11 - ----------------------------------------
2026-03-18 16:59:23 - Epoch [88/100] LR: 0.001000 | Loss: 0.5080 | Train Acc: 0.7629 | Time: 11.9s
2026-03-18 16:59:34 - Epoch [89/100] LR: 0.001000 | Loss: 0.4933 | Train Acc: 0.7629 | Time: 10.6s
2026-03-18 16:59:46 - Epoch [90/100] LR: 0.001000 | Loss: 0.4808 | Train Acc: 0.7629 | Time: 11.9s
2026-03-18 16:59:46 - ----------------------------------------
2026-03-18 16:59:47 - [Test] Acc: 0.7713 | Precision(macro): 0.3856 | Recall(macro): 0.5000 | F1(macro): 0.4354
2026-03-18 16:59:47 - [Test] Classification Report:
              precision    recall  f1-score   support

      benign     0.0000    0.0000    0.0000       129
    no_tumor     0.7713    1.0000    0.8709       435

    accuracy                         0.7713       564
   macro avg     0.3856    0.5000    0.4354       564
weighted avg     0.5949    0.7713    0.6717       564

2026-03-18 16:59:47 - ----------------------------------------
2026-03-18 16:59:59 - Epoch [91/100] LR: 0.001000 | Loss: 0.5221 | Train Acc: 0.7629 | Time: 12.1s
2026-03-18 17:00:10 - Epoch [92/100] LR: 0.001000 | Loss: 0.5156 | Train Acc: 0.7629 | Time: 10.5s
2026-03-18 17:00:22 - Epoch [93/100] LR: 0.001000 | Loss: 0.5038 | Train Acc: 0.7629 | Time: 11.9s
2026-03-18 17:00:22 - ----------------------------------------
2026-03-18 17:00:24 - [Test] Acc: 0.7713 | Precision(macro): 0.3856 | Recall(macro): 0.5000 | F1(macro): 0.4354
2026-03-18 17:00:24 - [Test] Classification Report:
              precision    recall  f1-score   support

      benign     0.0000    0.0000    0.0000       129
    no_tumor     0.7713    1.0000    0.8709       435

    accuracy                         0.7713       564
   macro avg     0.3856    0.5000    0.4354       564
weighted avg     0.5949    0.7713    0.6717       564

2026-03-18 17:00:24 - ----------------------------------------
2026-03-18 17:00:36 - Epoch [94/100] LR: 0.001000 | Loss: 0.5000 | Train Acc: 0.7636 | Time: 11.9s
2026-03-18 17:00:47 - Epoch [95/100] LR: 0.001000 | Loss: 0.4843 | Train Acc: 0.7636 | Time: 11.2s
2026-03-18 17:00:59 - Epoch [96/100] LR: 0.001000 | Loss: 0.4822 | Train Acc: 0.7636 | Time: 11.9s
2026-03-18 17:00:59 - ----------------------------------------
2026-03-18 17:01:01 - [Test] Acc: 0.7677 | Precision(macro): 0.5742 | Recall(macro): 0.5059 | F1(macro): 0.4558
2026-03-18 17:01:01 - [Test] Classification Report:
              precision    recall  f1-score   support

      benign     0.3750    0.0233    0.0438       129
    no_tumor     0.7734    0.9885    0.8678       435

    accuracy                         0.7677       564
   macro avg     0.5742    0.5059    0.4558       564
weighted avg     0.6823    0.7677    0.6793       564

2026-03-18 17:01:02 - *** 保存最优模型 (F1: 0.4558, Epoch: 96) ***
2026-03-18 17:01:02 - ----------------------------------------
2026-03-18 17:01:14 - Epoch [97/100] LR: 0.001000 | Loss: 0.4605 | Train Acc: 0.7705 | Time: 12.1s
2026-03-18 17:01:25 - Epoch [98/100] LR: 0.001000 | Loss: 0.4712 | Train Acc: 0.7652 | Time: 11.1s
2026-03-18 17:01:37 - Epoch [99/100] LR: 0.001000 | Loss: 0.4586 | Train Acc: 0.7652 | Time: 12.0s
2026-03-18 17:01:37 - ----------------------------------------
2026-03-18 17:01:39 - [Test] Acc: 0.7429 | Precision(macro): 0.5024 | Recall(macro): 0.5007 | F1(macro): 0.4692
2026-03-18 17:01:39 - [Test] Classification Report:
              precision    recall  f1-score   support

      benign     0.2333    0.0543    0.0881       129
    no_tumor     0.7715    0.9471    0.8504       435

    accuracy                         0.7429       564
   macro avg     0.5024    0.5007    0.4692       564
weighted avg     0.6484    0.7429    0.6760       564

2026-03-18 17:01:39 - *** 保存最优模型 (F1: 0.4692, Epoch: 99) ***
2026-03-18 17:01:39 - ----------------------------------------
2026-03-18 17:01:51 - Epoch [100/100] LR: 0.001000 | Loss: 0.4328 | Train Acc: 0.7866 | Time: 11.8s
2026-03-18 17:01:51 - ----------------------------------------
2026-03-18 17:01:52 - [Test] Acc: 0.7039 | Precision(macro): 0.5042 | Recall(macro): 0.5027 | F1(macro): 0.4945
2026-03-18 17:01:52 - [Test] Classification Report:
              precision    recall  f1-score   support

      benign     0.2361    0.1318    0.1692       129
    no_tumor     0.7724    0.8736    0.8198       435

    accuracy                         0.7039       564
   macro avg     0.5042    0.5027    0.4945       564
weighted avg     0.6497    0.7039    0.6710       564

2026-03-18 17:01:53 - *** 保存最优模型 (F1: 0.4945, Epoch: 100) ***
2026-03-18 17:01:53 - ----------------------------------------
2026-03-18 17:01:53 - 
============================================================
2026-03-18 17:01:53 - 训练完成! 最优模型: Epoch 100, F1: 0.4945
2026-03-18 17:01:53 - ============================================================
2026-03-18 17:01:53 - 
加载最优权重进行最终测试...
2026-03-18 17:01:53 - ============================================================
2026-03-18 17:01:53 - 最终测试结果 (最优权重)
2026-03-18 17:01:53 - ============================================================
2026-03-18 17:01:55 - [Final Test] Acc: 0.7039 | Precision(macro): 0.5042 | Recall(macro): 0.5027 | F1(macro): 0.4945
2026-03-18 17:01:55 - [Final Test] Classification Report:
              precision    recall  f1-score   support

      benign     0.2361    0.1318    0.1692       129
    no_tumor     0.7724    0.8736    0.8198       435

    accuracy                         0.7039       564
   macro avg     0.5042    0.5027    0.4945       564
weighted avg     0.6497    0.7039    0.6710       564

2026-03-18 17:01:55 - 训练脚本已复制到: /data1/ouyangxinglong/GBP-Cascade/logs/20260318_task2_ConvNeXtTiny_baseline_1/20260318_task2_ConvNeXtTiny_baseline_1.py
