2026-03-19 10:46:55 - ============================================================
2026-03-19 10:46:55 - 实验名称: 20260319_task2_ConvNeXtTiny_adamw_warmupcosine_classweight_img320_3
2026-03-19 10:46:55 - 任务: Task 2 - 良性肿瘤(0) vs 非肿瘤性息肉(1)
2026-03-19 10:46:55 - 模型: ConvNeXt-Tiny (ImageNet预训练)
2026-03-19 10:46:55 - 修改: AdamW + diff lr + warmup cosine + weakaug + class weight + label smoothing + img320
2026-03-19 10:46:55 - 图像尺寸: train Resize320 + HFlip + RandomAffine + LightColorJitter, test Resize320
2026-03-19 10:46:55 - Batch Size: 8
2026-03-19 10:46:55 - Backbone LR: 5e-05
2026-03-19 10:46:55 - Head LR: 0.0005
2026-03-19 10:46:55 - Weight Decay: 0.05
2026-03-19 10:46:55 - Warmup Epochs: 5
2026-03-19 10:46:55 - Min LR Ratio: 0.05
2026-03-19 10:46:55 - Label Smoothing: 0.1
2026-03-19 10:46:55 - Epochs: 60
2026-03-19 10:46:55 - Grad Clip: 1.0
2026-03-19 10:46:55 - 设备: cuda
2026-03-19 10:46:55 - ============================================================
2026-03-19 10:46:56 - 训练集: 1303 张 (benign=309, no_tumor=994)
2026-03-19 10:46:56 - 测试集: 564 张 (benign=129, no_tumor=435)
2026-03-19 10:46:56 - 模型参数量: 27,821,666
2026-03-19 10:46:56 - 可训练参数量: 27,821,666
2026-03-19 10:46:56 - 类别权重: benign=2.1084, no_tumor=0.6554
2026-03-19 10:46:56 - 损失函数: CrossEntropyLoss(class_weight + label_smoothing=0.1)
2026-03-19 10:46:56 - 
============================================================
2026-03-19 10:46:56 - 开始训练
2026-03-19 10:46:56 - ============================================================
2026-03-19 10:47:04 - Epoch [1/60] LR(backbone/head): 1.000000e-05/1.000000e-04 | WarmupCosineFactor: 0.2000 | Loss: 0.7187 | Train Acc: 0.5794 | Time: 7.5s
2026-03-19 10:47:10 - Epoch [2/60] LR(backbone/head): 2.000000e-05/2.000000e-04 | WarmupCosineFactor: 0.4000 | Loss: 0.6860 | Train Acc: 0.6408 | Time: 6.3s
2026-03-19 10:47:17 - Epoch [3/60] LR(backbone/head): 3.000000e-05/3.000000e-04 | WarmupCosineFactor: 0.6000 | Loss: 0.6392 | Train Acc: 0.7176 | Time: 6.4s
2026-03-19 10:47:17 - ----------------------------------------
2026-03-19 10:47:18 - [Test] Acc: 0.6383 | Precision(macro): 0.5640 | Recall(macro): 0.5828 | F1(macro): 0.5615
2026-03-19 10:47:18 - [Test] Classification Report:
              precision    recall  f1-score   support

      benign     0.3116    0.4806    0.3780       129
    no_tumor     0.8164    0.6851    0.7450       435

    accuracy                         0.6383       564
   macro avg     0.5640    0.5828    0.5615       564
weighted avg     0.7010    0.6383    0.6611       564

2026-03-19 10:47:19 - *** 保存最优模型 (F1: 0.5615, Epoch: 3) ***
2026-03-19 10:47:19 - ----------------------------------------
2026-03-19 10:47:25 - Epoch [4/60] LR(backbone/head): 4.000000e-05/4.000000e-04 | WarmupCosineFactor: 0.8000 | Loss: 0.6065 | Train Acc: 0.7498 | Time: 6.2s
2026-03-19 10:47:31 - Epoch [5/60] LR(backbone/head): 5.000000e-05/5.000000e-04 | WarmupCosineFactor: 1.0000 | Loss: 0.5574 | Train Acc: 0.8066 | Time: 6.6s
2026-03-19 10:47:38 - Epoch [6/60] LR(backbone/head): 4.996127e-05/4.996127e-04 | WarmupCosineFactor: 0.9992 | Loss: 0.4865 | Train Acc: 0.8688 | Time: 6.2s
2026-03-19 10:47:38 - ----------------------------------------
2026-03-19 10:47:39 - [Test] Acc: 0.6454 | Precision(macro): 0.5591 | Recall(macro): 0.5738 | F1(macro): 0.5587
2026-03-19 10:47:39 - [Test] Classification Report:
              precision    recall  f1-score   support

      benign     0.3081    0.4419    0.3631       129
    no_tumor     0.8100    0.7057    0.7543       435

    accuracy                         0.6454       564
   macro avg     0.5591    0.5738    0.5587       564
weighted avg     0.6952    0.6454    0.6648       564

2026-03-19 10:47:39 - ----------------------------------------
2026-03-19 10:47:45 - Epoch [7/60] LR(backbone/head): 4.984519e-05/4.984519e-04 | WarmupCosineFactor: 0.9969 | Loss: 0.4376 | Train Acc: 0.9018 | Time: 6.3s
2026-03-19 10:47:52 - Epoch [8/60] LR(backbone/head): 4.965215e-05/4.965215e-04 | WarmupCosineFactor: 0.9930 | Loss: 0.3935 | Train Acc: 0.9424 | Time: 6.7s
2026-03-19 10:47:58 - Epoch [9/60] LR(backbone/head): 4.938278e-05/4.938278e-04 | WarmupCosineFactor: 0.9877 | Loss: 0.3763 | Train Acc: 0.9593 | Time: 6.1s
2026-03-19 10:47:58 - ----------------------------------------
2026-03-19 10:47:59 - [Test] Acc: 0.6543 | Precision(macro): 0.5627 | Recall(macro): 0.5768 | F1(macro): 0.5637
2026-03-19 10:47:59 - [Test] Classification Report:
              precision    recall  f1-score   support

      benign     0.3146    0.4341    0.3648       129
    no_tumor     0.8109    0.7195    0.7625       435

    accuracy                         0.6543       564
   macro avg     0.5627    0.5768    0.5637       564
weighted avg     0.6974    0.6543    0.6715       564

2026-03-19 10:48:00 - *** 保存最优模型 (F1: 0.5637, Epoch: 9) ***
2026-03-19 10:48:00 - ----------------------------------------
2026-03-19 10:48:06 - Epoch [10/60] LR(backbone/head): 4.903796e-05/4.903796e-04 | WarmupCosineFactor: 0.9808 | Loss: 0.3625 | Train Acc: 0.9678 | Time: 6.2s
2026-03-19 10:48:13 - Epoch [11/60] LR(backbone/head): 4.861880e-05/4.861880e-04 | WarmupCosineFactor: 0.9724 | Loss: 0.3555 | Train Acc: 0.9655 | Time: 6.4s
2026-03-19 10:48:19 - Epoch [12/60] LR(backbone/head): 4.812669e-05/4.812669e-04 | WarmupCosineFactor: 0.9625 | Loss: 0.3565 | Train Acc: 0.9701 | Time: 6.3s
2026-03-19 10:48:19 - ----------------------------------------
2026-03-19 10:48:20 - [Test] Acc: 0.7340 | Precision(macro): 0.6068 | Recall(macro): 0.5931 | F1(macro): 0.5981
2026-03-19 10:48:20 - [Test] Classification Report:
              precision    recall  f1-score   support

      benign     0.4019    0.3333    0.3644       129
    no_tumor     0.8118    0.8529    0.8318       435

    accuracy                         0.7340       564
   macro avg     0.6068    0.5931    0.5981       564
weighted avg     0.7181    0.7340    0.7249       564

2026-03-19 10:48:21 - *** 保存最优模型 (F1: 0.5981, Epoch: 12) ***
2026-03-19 10:48:21 - ----------------------------------------
2026-03-19 10:48:27 - Epoch [13/60] LR(backbone/head): 4.756321e-05/4.756321e-04 | WarmupCosineFactor: 0.9513 | Loss: 0.3425 | Train Acc: 0.9762 | Time: 6.3s
2026-03-19 10:48:33 - Epoch [14/60] LR(backbone/head): 4.693022e-05/4.693022e-04 | WarmupCosineFactor: 0.9386 | Loss: 0.3390 | Train Acc: 0.9731 | Time: 6.4s
2026-03-19 10:48:40 - Epoch [15/60] LR(backbone/head): 4.622977e-05/4.622977e-04 | WarmupCosineFactor: 0.9246 | Loss: 0.3255 | Train Acc: 0.9831 | Time: 7.0s
2026-03-19 10:48:40 - ----------------------------------------
2026-03-19 10:48:42 - [Test] Acc: 0.7553 | Precision(macro): 0.6358 | Recall(macro): 0.6096 | F1(macro): 0.6182
2026-03-19 10:48:42 - [Test] Classification Report:
              precision    recall  f1-score   support

      benign     0.4536    0.3411    0.3894       129
    no_tumor     0.8180    0.8782    0.8470       435

    accuracy                         0.7553       564
   macro avg     0.6358    0.6096    0.6182       564
weighted avg     0.7346    0.7553    0.7423       564

2026-03-19 10:48:43 - *** 保存最优模型 (F1: 0.6182, Epoch: 15) ***
2026-03-19 10:48:43 - ----------------------------------------
2026-03-19 10:48:49 - Epoch [16/60] LR(backbone/head): 4.546415e-05/4.546415e-04 | WarmupCosineFactor: 0.9093 | Loss: 0.3146 | Train Acc: 0.9877 | Time: 6.2s
2026-03-19 10:48:55 - Epoch [17/60] LR(backbone/head): 4.463586e-05/4.463586e-04 | WarmupCosineFactor: 0.8927 | Loss: 0.3071 | Train Acc: 0.9916 | Time: 6.5s
2026-03-19 10:49:02 - Epoch [18/60] LR(backbone/head): 4.374760e-05/4.374760e-04 | WarmupCosineFactor: 0.8750 | Loss: 0.3163 | Train Acc: 0.9870 | Time: 6.6s
2026-03-19 10:49:02 - ----------------------------------------
2026-03-19 10:49:03 - [Test] Acc: 0.7057 | Precision(macro): 0.5917 | Recall(macro): 0.5965 | F1(macro): 0.5938
2026-03-19 10:49:03 - [Test] Classification Report:
              precision    recall  f1-score   support

      benign     0.3669    0.3953    0.3806       129
    no_tumor     0.8165    0.7977    0.8070       435

    accuracy                         0.7057       564
   macro avg     0.5917    0.5965    0.5938       564
weighted avg     0.7136    0.7057    0.7095       564

2026-03-19 10:49:03 - ----------------------------------------
2026-03-19 10:49:10 - Epoch [19/60] LR(backbone/head): 4.280227e-05/4.280227e-04 | WarmupCosineFactor: 0.8560 | Loss: 0.3027 | Train Acc: 0.9939 | Time: 6.3s
2026-03-19 10:49:16 - Epoch [20/60] LR(backbone/head): 4.180294e-05/4.180294e-04 | WarmupCosineFactor: 0.8361 | Loss: 0.3060 | Train Acc: 0.9916 | Time: 6.2s
2026-03-19 10:49:22 - Epoch [21/60] LR(backbone/head): 4.075289e-05/4.075289e-04 | WarmupCosineFactor: 0.8151 | Loss: 0.3043 | Train Acc: 0.9916 | Time: 6.2s
2026-03-19 10:49:22 - ----------------------------------------
2026-03-19 10:49:23 - [Test] Acc: 0.7660 | Precision(macro): 0.6536 | Recall(macro): 0.6220 | F1(macro): 0.6323
2026-03-19 10:49:23 - [Test] Classification Report:
              precision    recall  f1-score   support

      benign     0.4842    0.3566    0.4107       129
    no_tumor     0.8230    0.8874    0.8540       435

    accuracy                         0.7660       564
   macro avg     0.6536    0.6220    0.6323       564
weighted avg     0.7455    0.7660    0.7526       564

2026-03-19 10:49:24 - *** 保存最优模型 (F1: 0.6323, Epoch: 21) ***
2026-03-19 10:49:24 - ----------------------------------------
2026-03-19 10:49:30 - Epoch [22/60] LR(backbone/head): 3.965553e-05/3.965553e-04 | WarmupCosineFactor: 0.7931 | Loss: 0.3029 | Train Acc: 0.9908 | Time: 6.1s
2026-03-19 10:49:37 - Epoch [23/60] LR(backbone/head): 3.851444e-05/3.851444e-04 | WarmupCosineFactor: 0.7703 | Loss: 0.3055 | Train Acc: 0.9923 | Time: 6.5s
2026-03-19 10:49:43 - Epoch [24/60] LR(backbone/head): 3.733335e-05/3.733335e-04 | WarmupCosineFactor: 0.7467 | Loss: 0.3095 | Train Acc: 0.9900 | Time: 6.7s
2026-03-19 10:49:43 - ----------------------------------------
2026-03-19 10:49:45 - [Test] Acc: 0.7660 | Precision(macro): 0.6553 | Recall(macro): 0.6274 | F1(macro): 0.6372
2026-03-19 10:49:45 - [Test] Classification Report:
              precision    recall  f1-score   support

      benign     0.4848    0.3721    0.4211       129
    no_tumor     0.8258    0.8828    0.8533       435

    accuracy                         0.7660       564
   macro avg     0.6553    0.6274    0.6372       564
weighted avg     0.7478    0.7660    0.7545       564

2026-03-19 10:49:45 - *** 保存最优模型 (F1: 0.6372, Epoch: 24) ***
2026-03-19 10:49:45 - ----------------------------------------
2026-03-19 10:49:52 - Epoch [25/60] LR(backbone/head): 3.611611e-05/3.611611e-04 | WarmupCosineFactor: 0.7223 | Loss: 0.3030 | Train Acc: 0.9954 | Time: 6.7s
2026-03-19 10:49:58 - Epoch [26/60] LR(backbone/head): 3.486668e-05/3.486668e-04 | WarmupCosineFactor: 0.6973 | Loss: 0.2999 | Train Acc: 0.9931 | Time: 6.2s
2026-03-19 10:50:04 - Epoch [27/60] LR(backbone/head): 3.358915e-05/3.358915e-04 | WarmupCosineFactor: 0.6718 | Loss: 0.3025 | Train Acc: 0.9946 | Time: 6.3s
2026-03-19 10:50:04 - ----------------------------------------
2026-03-19 10:50:06 - [Test] Acc: 0.7358 | Precision(macro): 0.6194 | Recall(macro): 0.6133 | F1(macro): 0.6160
2026-03-19 10:50:06 - [Test] Classification Report:
              precision    recall  f1-score   support

      benign     0.4167    0.3876    0.4016       129
    no_tumor     0.8221    0.8391    0.8305       435

    accuracy                         0.7358       564
   macro avg     0.6194    0.6133    0.6160       564
weighted avg     0.7293    0.7358    0.7324       564

2026-03-19 10:50:06 - ----------------------------------------
2026-03-19 10:50:13 - Epoch [28/60] LR(backbone/head): 3.228769e-05/3.228769e-04 | WarmupCosineFactor: 0.6458 | Loss: 0.2955 | Train Acc: 0.9962 | Time: 6.5s
2026-03-19 10:50:19 - Epoch [29/60] LR(backbone/head): 3.096652e-05/3.096652e-04 | WarmupCosineFactor: 0.6193 | Loss: 0.2915 | Train Acc: 0.9985 | Time: 6.6s
2026-03-19 10:50:26 - Epoch [30/60] LR(backbone/head): 2.962998e-05/2.962998e-04 | WarmupCosineFactor: 0.5926 | Loss: 0.2925 | Train Acc: 0.9946 | Time: 6.7s
2026-03-19 10:50:26 - ----------------------------------------
2026-03-19 10:50:27 - [Test] Acc: 0.7394 | Precision(macro): 0.6117 | Recall(macro): 0.5938 | F1(macro): 0.5999
2026-03-19 10:50:27 - [Test] Classification Report:
              precision    recall  f1-score   support

      benign     0.4118    0.3256    0.3636       129
    no_tumor     0.8117    0.8621    0.8361       435

    accuracy                         0.7394       564
   macro avg     0.6117    0.5938    0.5999       564
weighted avg     0.7202    0.7394    0.7281       564

2026-03-19 10:50:27 - ----------------------------------------
2026-03-19 10:50:34 - Epoch [31/60] LR(backbone/head): 2.828241e-05/2.828241e-04 | WarmupCosineFactor: 0.5656 | Loss: 0.3005 | Train Acc: 0.9946 | Time: 6.4s
2026-03-19 10:50:40 - Epoch [32/60] LR(backbone/head): 2.692821e-05/2.692821e-04 | WarmupCosineFactor: 0.5386 | Loss: 0.2947 | Train Acc: 0.9954 | Time: 6.2s
2026-03-19 10:50:46 - Epoch [33/60] LR(backbone/head): 2.557179e-05/2.557179e-04 | WarmupCosineFactor: 0.5114 | Loss: 0.2900 | Train Acc: 1.0000 | Time: 6.6s
2026-03-19 10:50:46 - ----------------------------------------
2026-03-19 10:50:48 - [Test] Acc: 0.7518 | Precision(macro): 0.6369 | Recall(macro): 0.6210 | F1(macro): 0.6272
2026-03-19 10:50:48 - [Test] Classification Report:
              precision    recall  f1-score   support

      benign     0.4495    0.3798    0.4118       129
    no_tumor     0.8242    0.8621    0.8427       435

    accuracy                         0.7518       564
   macro avg     0.6369    0.6210    0.6272       564
weighted avg     0.7385    0.7518    0.7441       564

2026-03-19 10:50:48 - ----------------------------------------
2026-03-19 10:50:54 - Epoch [34/60] LR(backbone/head): 2.421759e-05/2.421759e-04 | WarmupCosineFactor: 0.4844 | Loss: 0.2981 | Train Acc: 0.9962 | Time: 6.2s
2026-03-19 10:51:00 - Epoch [35/60] LR(backbone/head): 2.287002e-05/2.287002e-04 | WarmupCosineFactor: 0.4574 | Loss: 0.2944 | Train Acc: 0.9946 | Time: 6.3s
2026-03-19 10:51:07 - Epoch [36/60] LR(backbone/head): 2.153348e-05/2.153348e-04 | WarmupCosineFactor: 0.4307 | Loss: 0.2934 | Train Acc: 0.9969 | Time: 6.4s
2026-03-19 10:51:07 - ----------------------------------------
2026-03-19 10:51:08 - [Test] Acc: 0.7074 | Precision(macro): 0.6030 | Recall(macro): 0.6140 | F1(macro): 0.6071
2026-03-19 10:51:08 - [Test] Classification Report:
              precision    recall  f1-score   support

      benign     0.3800    0.4419    0.4086       129
    no_tumor     0.8261    0.7862    0.8057       435

    accuracy                         0.7074       564
   macro avg     0.6030    0.6140    0.6071       564
weighted avg     0.7241    0.7074    0.7148       564

2026-03-19 10:51:08 - ----------------------------------------
2026-03-19 10:51:14 - Epoch [37/60] LR(backbone/head): 2.021231e-05/2.021231e-04 | WarmupCosineFactor: 0.4042 | Loss: 0.2879 | Train Acc: 0.9992 | Time: 6.2s
2026-03-19 10:51:21 - Epoch [38/60] LR(backbone/head): 1.891085e-05/1.891085e-04 | WarmupCosineFactor: 0.3782 | Loss: 0.2924 | Train Acc: 0.9969 | Time: 6.6s
2026-03-19 10:51:27 - Epoch [39/60] LR(backbone/head): 1.763332e-05/1.763332e-04 | WarmupCosineFactor: 0.3527 | Loss: 0.2880 | Train Acc: 0.9992 | Time: 6.3s
2026-03-19 10:51:27 - ----------------------------------------
2026-03-19 10:51:28 - [Test] Acc: 0.7589 | Precision(macro): 0.6410 | Recall(macro): 0.6119 | F1(macro): 0.6212
2026-03-19 10:51:29 - [Test] Classification Report:
              precision    recall  f1-score   support

      benign     0.4632    0.3411    0.3929       129
    no_tumor     0.8188    0.8828    0.8496       435

    accuracy                         0.7589       564
   macro avg     0.6410    0.6119    0.6212       564
weighted avg     0.7374    0.7589    0.7451       564

2026-03-19 10:51:29 - ----------------------------------------
2026-03-19 10:51:35 - Epoch [40/60] LR(backbone/head): 1.638389e-05/1.638389e-04 | WarmupCosineFactor: 0.3277 | Loss: 0.2886 | Train Acc: 0.9977 | Time: 6.3s
2026-03-19 10:51:41 - Epoch [41/60] LR(backbone/head): 1.516665e-05/1.516665e-04 | WarmupCosineFactor: 0.3033 | Loss: 0.2893 | Train Acc: 0.9985 | Time: 6.5s
2026-03-19 10:51:48 - Epoch [42/60] LR(backbone/head): 1.398556e-05/1.398556e-04 | WarmupCosineFactor: 0.2797 | Loss: 0.2890 | Train Acc: 0.9992 | Time: 6.3s
2026-03-19 10:51:48 - ----------------------------------------
2026-03-19 10:51:49 - [Test] Acc: 0.7145 | Precision(macro): 0.6075 | Recall(macro): 0.6159 | F1(macro): 0.6110
2026-03-19 10:51:49 - [Test] Classification Report:
              precision    recall  f1-score   support

      benign     0.3889    0.4341    0.4103       129
    no_tumor     0.8262    0.7977    0.8117       435

    accuracy                         0.7145       564
   macro avg     0.6075    0.6159    0.6110       564
weighted avg     0.7262    0.7145    0.7199       564

2026-03-19 10:51:49 - ----------------------------------------
2026-03-19 10:51:56 - Epoch [43/60] LR(backbone/head): 1.284447e-05/1.284447e-04 | WarmupCosineFactor: 0.2569 | Loss: 0.2855 | Train Acc: 1.0000 | Time: 6.4s
2026-03-19 10:52:02 - Epoch [44/60] LR(backbone/head): 1.174711e-05/1.174711e-04 | WarmupCosineFactor: 0.2349 | Loss: 0.2865 | Train Acc: 0.9992 | Time: 6.6s
2026-03-19 10:52:08 - Epoch [45/60] LR(backbone/head): 1.069706e-05/1.069706e-04 | WarmupCosineFactor: 0.2139 | Loss: 0.2909 | Train Acc: 0.9992 | Time: 6.2s
2026-03-19 10:52:08 - ----------------------------------------
2026-03-19 10:52:10 - [Test] Acc: 0.7606 | Precision(macro): 0.6476 | Recall(macro): 0.6240 | F1(macro): 0.6325
2026-03-19 10:52:10 - [Test] Classification Report:
              precision    recall  f1-score   support

      benign     0.4706    0.3721    0.4156       129
    no_tumor     0.8247    0.8759    0.8495       435

    accuracy                         0.7606       564
   macro avg     0.6476    0.6240    0.6325       564
weighted avg     0.7437    0.7606    0.7503       564

2026-03-19 10:52:10 - ----------------------------------------
2026-03-19 10:52:16 - Epoch [46/60] LR(backbone/head): 9.697733e-06/9.697733e-05 | WarmupCosineFactor: 0.1940 | Loss: 0.2905 | Train Acc: 0.9985 | Time: 6.3s
2026-03-19 10:52:23 - Epoch [47/60] LR(backbone/head): 8.752398e-06/8.752398e-05 | WarmupCosineFactor: 0.1750 | Loss: 0.2872 | Train Acc: 1.0000 | Time: 6.6s
2026-03-19 10:52:29 - Epoch [48/60] LR(backbone/head): 7.864137e-06/7.864137e-05 | WarmupCosineFactor: 0.1573 | Loss: 0.2872 | Train Acc: 0.9985 | Time: 6.3s
2026-03-19 10:52:29 - ----------------------------------------
2026-03-19 10:52:30 - [Test] Acc: 0.7553 | Precision(macro): 0.6392 | Recall(macro): 0.6178 | F1(macro): 0.6256
2026-03-19 10:52:30 - [Test] Classification Report:
              precision    recall  f1-score   support

      benign     0.4563    0.3643    0.4052       129
    no_tumor     0.8221    0.8713    0.8460       435

    accuracy                         0.7553       564
   macro avg     0.6392    0.6178    0.6256       564
weighted avg     0.7385    0.7553    0.7452       564

2026-03-19 10:52:30 - ----------------------------------------
2026-03-19 10:52:37 - Epoch [49/60] LR(backbone/head): 7.035846e-06/7.035846e-05 | WarmupCosineFactor: 0.1407 | Loss: 0.2938 | Train Acc: 0.9992 | Time: 6.3s
2026-03-19 10:52:43 - Epoch [50/60] LR(backbone/head): 6.270229e-06/6.270229e-05 | WarmupCosineFactor: 0.1254 | Loss: 0.2876 | Train Acc: 0.9985 | Time: 6.2s
2026-03-19 10:52:49 - Epoch [51/60] LR(backbone/head): 5.569781e-06/5.569781e-05 | WarmupCosineFactor: 0.1114 | Loss: 0.2857 | Train Acc: 1.0000 | Time: 6.3s
2026-03-19 10:52:49 - ----------------------------------------
2026-03-19 10:52:51 - [Test] Acc: 0.7270 | Precision(macro): 0.6145 | Recall(macro): 0.6158 | F1(macro): 0.6151
2026-03-19 10:52:51 - [Test] Classification Report:
              precision    recall  f1-score   support

      benign     0.4046    0.4109    0.4077       129
    no_tumor     0.8245    0.8207    0.8226       435

    accuracy                         0.7270       564
   macro avg     0.6145    0.6158    0.6151       564
weighted avg     0.7284    0.7270    0.7277       564

2026-03-19 10:52:51 - ----------------------------------------
2026-03-19 10:52:57 - Epoch [52/60] LR(backbone/head): 4.936787e-06/4.936787e-05 | WarmupCosineFactor: 0.0987 | Loss: 0.2847 | Train Acc: 1.0000 | Time: 6.3s
2026-03-19 10:53:03 - Epoch [53/60] LR(backbone/head): 4.373313e-06/4.373313e-05 | WarmupCosineFactor: 0.0875 | Loss: 0.2896 | Train Acc: 1.0000 | Time: 6.4s
2026-03-19 10:53:10 - Epoch [54/60] LR(backbone/head): 3.881196e-06/3.881196e-05 | WarmupCosineFactor: 0.0776 | Loss: 0.2877 | Train Acc: 1.0000 | Time: 6.4s
2026-03-19 10:53:10 - ----------------------------------------
2026-03-19 10:53:11 - [Test] Acc: 0.7642 | Precision(macro): 0.6500 | Recall(macro): 0.6181 | F1(macro): 0.6283
2026-03-19 10:53:11 - [Test] Classification Report:
              precision    recall  f1-score   support

      benign     0.4787    0.3488    0.4036       129
    no_tumor     0.8213    0.8874    0.8530       435

    accuracy                         0.7642       564
   macro avg     0.6500    0.6181    0.6283       564
weighted avg     0.7429    0.7642    0.7502       564

2026-03-19 10:53:11 - ----------------------------------------
2026-03-19 10:53:17 - Epoch [55/60] LR(backbone/head): 3.462042e-06/3.462042e-05 | WarmupCosineFactor: 0.0692 | Loss: 0.2918 | Train Acc: 0.9985 | Time: 6.2s
2026-03-19 10:53:24 - Epoch [56/60] LR(backbone/head): 3.117217e-06/3.117217e-05 | WarmupCosineFactor: 0.0623 | Loss: 0.2890 | Train Acc: 0.9992 | Time: 6.2s
2026-03-19 10:53:30 - Epoch [57/60] LR(backbone/head): 2.847846e-06/2.847846e-05 | WarmupCosineFactor: 0.0570 | Loss: 0.2884 | Train Acc: 0.9992 | Time: 6.2s
2026-03-19 10:53:30 - ----------------------------------------
2026-03-19 10:53:31 - [Test] Acc: 0.7606 | Precision(macro): 0.6456 | Recall(macro): 0.6185 | F1(macro): 0.6277
2026-03-19 10:53:31 - [Test] Classification Report:
              precision    recall  f1-score   support

      benign     0.4694    0.3566    0.4053       129
    no_tumor     0.8219    0.8805    0.8502       435

    accuracy                         0.7606       564
   macro avg     0.6456    0.6185    0.6277       564
weighted avg     0.7413    0.7606    0.7484       564

2026-03-19 10:53:31 - ----------------------------------------
2026-03-19 10:53:38 - Epoch [58/60] LR(backbone/head): 2.654809e-06/2.654809e-05 | WarmupCosineFactor: 0.0531 | Loss: 0.2872 | Train Acc: 1.0000 | Time: 6.3s
2026-03-19 10:53:44 - Epoch [59/60] LR(backbone/head): 2.538734e-06/2.538734e-05 | WarmupCosineFactor: 0.0508 | Loss: 0.2877 | Train Acc: 1.0000 | Time: 6.4s
2026-03-19 10:53:50 - Epoch [60/60] LR(backbone/head): 2.500000e-06/2.500000e-05 | WarmupCosineFactor: 0.0500 | Loss: 0.2911 | Train Acc: 0.9992 | Time: 6.4s
2026-03-19 10:53:50 - ----------------------------------------
2026-03-19 10:53:52 - [Test] Acc: 0.7553 | Precision(macro): 0.6370 | Recall(macro): 0.6123 | F1(macro): 0.6207
2026-03-19 10:53:52 - [Test] Classification Report:
              precision    recall  f1-score   support

      benign     0.4545    0.3488    0.3947       129
    no_tumor     0.8194    0.8759    0.8467       435

    accuracy                         0.7553       564
   macro avg     0.6370    0.6123    0.6207       564
weighted avg     0.7359    0.7553    0.7433       564

2026-03-19 10:53:52 - ----------------------------------------
2026-03-19 10:53:52 - 
============================================================
2026-03-19 10:53:52 - 训练完成! 最优模型: Epoch 24, F1: 0.6372
2026-03-19 10:53:52 - ============================================================
2026-03-19 10:53:52 - 
加载最优权重进行最终测试...
2026-03-19 10:53:52 - ============================================================
2026-03-19 10:53:52 - 最终测试结果 (最优权重)
2026-03-19 10:53:52 - ============================================================
2026-03-19 10:53:54 - [Final Test] Acc: 0.7660 | Precision(macro): 0.6553 | Recall(macro): 0.6274 | F1(macro): 0.6372
2026-03-19 10:53:54 - [Final Test] Classification Report:
              precision    recall  f1-score   support

      benign     0.4848    0.3721    0.4211       129
    no_tumor     0.8258    0.8828    0.8533       435

    accuracy                         0.7660       564
   macro avg     0.6553    0.6274    0.6372       564
weighted avg     0.7478    0.7660    0.7545       564

2026-03-19 10:53:54 - 训练脚本已复制到: /data1/ouyangxinglong/GBP-Cascade/logs/20260319_task2_ConvNeXtTiny_adamw_warmupcosine_classweight_img320_3/20260319_task2_ConvNeXtTiny_adamw_warmupcosine_classweight_img320_3.py
