2026-04-03 09:52:16 - ======================================================================
2026-04-03 09:52:16 - 实验: 20260402_task2_SwinV2Tiny_segcls_9
2026-04-03 09:52:16 - 模型: SwinV2-Tiny@256 + 4ch + SegAttn + Meta + SupConLoss
2026-04-03 09:52:16 - SupCon: temp=0.07, lambda_con=0.5
2026-04-03 09:52:16 - lambda_cls=2.0, epochs=50
2026-04-03 09:52:16 - ======================================================================
2026-04-03 09:52:17 - 训练集: 1229 | 测试集: 523
2026-04-03 09:52:44 - 参数量: 34,637,774
2026-04-03 09:52:44 - 
开始训练
2026-04-03 09:53:04 - Epoch [1/50] Loss: 2.9592 (seg=0.5391, cls=0.7202, con=1.9591) | Acc: 0.6152 | Dice: 0.8140 | 19.9s
2026-04-03 09:53:20 - Epoch [2/50] Loss: 2.5937 (seg=0.2251, cls=0.6972, con=1.9481) | Acc: 0.6103 | Dice: 0.9586 | 15.6s
2026-04-03 09:53:20 - --------------------------------------------------
2026-04-03 09:53:23 - [Test] Cls — Acc: 0.6367 | P(macro): 0.5912 | R(macro): 0.6181 | F1(macro): 0.5860
2026-04-03 09:53:23 - [Test] Seg — Lesion IoU: 0.9378 | Lesion Dice: 0.9679
2026-04-03 09:53:23 - [Test] Classification Report:
              precision    recall  f1-score   support

      benign     0.3555    0.5814    0.4412       129
    no_tumor     0.8269    0.6548    0.7309       394

    accuracy                         0.6367       523
   macro avg     0.5912    0.6181    0.5860       523
weighted avg     0.7106    0.6367    0.6594       523

2026-04-03 09:53:23 - *** 保存最优模型 (F1: 0.5860, Epoch: 2) ***
2026-04-03 09:53:23 - --------------------------------------------------
2026-04-03 09:53:39 - Epoch [3/50] Loss: 2.4771 (seg=0.1549, cls=0.6753, con=1.9434) | Acc: 0.6642 | Dice: 0.9688 | 15.4s
2026-04-03 09:53:55 - Epoch [4/50] Loss: 2.4111 (seg=0.1084, cls=0.6665, con=1.9394) | Acc: 0.6904 | Dice: 0.9755 | 16.4s
2026-04-03 09:53:55 - --------------------------------------------------
2026-04-03 09:53:58 - [Test] Cls — Acc: 0.6176 | P(macro): 0.6020 | R(macro): 0.6367 | F1(macro): 0.5838
2026-04-03 09:53:58 - [Test] Seg — Lesion IoU: 0.9531 | Lesion Dice: 0.9759
2026-04-03 09:53:58 - [Test] Classification Report:
              precision    recall  f1-score   support

      benign     0.3551    0.6744    0.4652       129
    no_tumor     0.8489    0.5990    0.7024       394

    accuracy                         0.6176       523
   macro avg     0.6020    0.6367    0.5838       523
weighted avg     0.7271    0.6176    0.6439       523

2026-04-03 09:53:58 - --------------------------------------------------
2026-04-03 09:54:14 - Epoch [5/50] Loss: 2.3364 (seg=0.0771, cls=0.6456, con=1.9360) | Acc: 0.7116 | Dice: 0.9793 | 16.6s
2026-04-03 09:54:29 - Epoch [6/50] Loss: 2.3002 (seg=0.0578, cls=0.6368, con=1.9379) | Acc: 0.7353 | Dice: 0.9819 | 15.2s
2026-04-03 09:54:29 - --------------------------------------------------
2026-04-03 09:54:32 - [Test] Cls — Acc: 0.6099 | P(macro): 0.6153 | R(macro): 0.6551 | F1(macro): 0.5855
2026-04-03 09:54:32 - [Test] Seg — Lesion IoU: 0.9655 | Lesion Dice: 0.9824
2026-04-03 09:54:32 - [Test] Classification Report:
              precision    recall  f1-score   support

      benign     0.3596    0.7442    0.4848       129
    no_tumor     0.8711    0.5660    0.6862       394

    accuracy                         0.6099       523
   macro avg     0.6153    0.6551    0.5855       523
weighted avg     0.7449    0.6099    0.6365       523

2026-04-03 09:54:32 - --------------------------------------------------
2026-04-03 09:54:48 - Epoch [7/50] Loss: 2.2583 (seg=0.0465, cls=0.6231, con=1.9310) | Acc: 0.7516 | Dice: 0.9822 | 15.8s
2026-04-03 09:55:03 - Epoch [8/50] Loss: 2.2154 (seg=0.0381, cls=0.6062, con=1.9296) | Acc: 0.7565 | Dice: 0.9832 | 15.5s
2026-04-03 09:55:03 - --------------------------------------------------
2026-04-03 09:55:06 - [Test] Cls — Acc: 0.7304 | P(macro): 0.6182 | R(macro): 0.5969 | F1(macro): 0.6033
2026-04-03 09:55:06 - [Test] Seg — Lesion IoU: 0.9645 | Lesion Dice: 0.9819
2026-04-03 09:55:06 - [Test] Classification Report:
              precision    recall  f1-score   support

      benign     0.4388    0.3333    0.3789       129
    no_tumor     0.7976    0.8604    0.8278       394

    accuracy                         0.7304       523
   macro avg     0.6182    0.5969    0.6033       523
weighted avg     0.7091    0.7304    0.7171       523

2026-04-03 09:55:07 - *** 保存最优模型 (F1: 0.6033, Epoch: 8) ***
2026-04-03 09:55:07 - --------------------------------------------------
2026-04-03 09:55:23 - Epoch [9/50] Loss: 2.1604 (seg=0.0326, cls=0.5865, con=1.9095) | Acc: 0.7884 | Dice: 0.9845 | 16.0s
2026-04-03 09:55:39 - Epoch [10/50] Loss: 2.1128 (seg=0.0281, cls=0.5662, con=1.9046) | Acc: 0.7884 | Dice: 0.9859 | 16.1s
2026-04-03 09:55:39 - --------------------------------------------------
2026-04-03 09:55:41 - [Test] Cls — Acc: 0.6883 | P(macro): 0.5966 | R(macro): 0.6054 | F1(macro): 0.5998
2026-04-03 09:55:41 - [Test] Seg — Lesion IoU: 0.9648 | Lesion Dice: 0.9821
2026-04-03 09:55:41 - [Test] Classification Report:
              precision    recall  f1-score   support

      benign     0.3851    0.4419    0.4116       129
    no_tumor     0.8080    0.7690    0.7880       394

    accuracy                         0.6883       523
   macro avg     0.5966    0.6054    0.5998       523
weighted avg     0.7037    0.6883    0.6952       523

2026-04-03 09:55:41 - --------------------------------------------------
2026-04-03 09:55:56 - Epoch [11/50] Loss: 2.0975 (seg=0.0249, cls=0.5589, con=1.9098) | Acc: 0.7892 | Dice: 0.9869 | 15.4s
2026-04-03 09:56:12 - Epoch [12/50] Loss: 2.0947 (seg=0.0244, cls=0.5619, con=1.8929) | Acc: 0.8096 | Dice: 0.9850 | 15.8s
2026-04-03 09:56:12 - --------------------------------------------------
2026-04-03 09:56:14 - [Test] Cls — Acc: 0.7706 | P(macro): 0.6846 | R(macro): 0.6053 | F1(macro): 0.6172
2026-04-03 09:56:14 - [Test] Seg — Lesion IoU: 0.9762 | Lesion Dice: 0.9880
2026-04-03 09:56:14 - [Test] Classification Report:
              precision    recall  f1-score   support

      benign     0.5714    0.2791    0.3750       129
    no_tumor     0.7978    0.9315    0.8595       394

    accuracy                         0.7706       523
   macro avg     0.6846    0.6053    0.6172       523
weighted avg     0.7420    0.7706    0.7400       523

2026-04-03 09:56:15 - *** 保存最优模型 (F1: 0.6172, Epoch: 12) ***
2026-04-03 09:56:15 - --------------------------------------------------
2026-04-03 09:56:31 - Epoch [13/50] Loss: 2.0283 (seg=0.0239, cls=0.5305, con=1.8867) | Acc: 0.8325 | Dice: 0.9834 | 16.4s
2026-04-03 09:56:47 - Epoch [14/50] Loss: 2.0060 (seg=0.0198, cls=0.5249, con=1.8727) | Acc: 0.8342 | Dice: 0.9872 | 15.5s
2026-04-03 09:56:47 - --------------------------------------------------
2026-04-03 09:56:50 - [Test] Cls — Acc: 0.6558 | P(macro): 0.5910 | R(macro): 0.6126 | F1(macro): 0.5919
2026-04-03 09:56:50 - [Test] Seg — Lesion IoU: 0.9778 | Lesion Dice: 0.9887
2026-04-03 09:56:50 - [Test] Classification Report:
              precision    recall  f1-score   support

      benign     0.3636    0.5271    0.4304       129
    no_tumor     0.8185    0.6980    0.7534       394

    accuracy                         0.6558       523
   macro avg     0.5910    0.6126    0.5919       523
weighted avg     0.7063    0.6558    0.6737       523

2026-04-03 09:56:50 - --------------------------------------------------
2026-04-03 09:57:05 - Epoch [15/50] Loss: 1.9853 (seg=0.0191, cls=0.5163, con=1.8671) | Acc: 0.8456 | Dice: 0.9863 | 15.8s
2026-04-03 09:57:21 - Epoch [16/50] Loss: 1.9572 (seg=0.0177, cls=0.5063, con=1.8540) | Acc: 0.8440 | Dice: 0.9874 | 15.6s
2026-04-03 09:57:21 - --------------------------------------------------
2026-04-03 09:57:24 - [Test] Cls — Acc: 0.6424 | P(macro): 0.5721 | R(macro): 0.5880 | F1(macro): 0.5721
2026-04-03 09:57:24 - [Test] Seg — Lesion IoU: 0.9717 | Lesion Dice: 0.9857
2026-04-03 09:57:24 - [Test] Classification Report:
              precision    recall  f1-score   support

      benign     0.3407    0.4806    0.3987       129
    no_tumor     0.8035    0.6954    0.7456       394

    accuracy                         0.6424       523
   macro avg     0.5721    0.5880    0.5721       523
weighted avg     0.6894    0.6424    0.6600       523

2026-04-03 09:57:24 - --------------------------------------------------
2026-04-03 09:57:39 - Epoch [17/50] Loss: 1.9249 (seg=0.0172, cls=0.4923, con=1.8464) | Acc: 0.8709 | Dice: 0.9874 | 15.7s
2026-04-03 09:57:55 - Epoch [18/50] Loss: 1.9008 (seg=0.0167, cls=0.4843, con=1.8312) | Acc: 0.8725 | Dice: 0.9874 | 15.5s
2026-04-03 09:57:55 - --------------------------------------------------
2026-04-03 09:57:57 - [Test] Cls — Acc: 0.7553 | P(macro): 0.6523 | R(macro): 0.6029 | F1(macro): 0.6131
2026-04-03 09:57:57 - [Test] Seg — Lesion IoU: 0.9762 | Lesion Dice: 0.9879
2026-04-03 09:57:57 - [Test] Classification Report:
              precision    recall  f1-score   support

      benign     0.5065    0.3023    0.3786       129
    no_tumor     0.7982    0.9036    0.8476       394

    accuracy                         0.7553       523
   macro avg     0.6523    0.6029    0.6131       523
weighted avg     0.7263    0.7553    0.7319       523

2026-04-03 09:57:57 - --------------------------------------------------
2026-04-03 09:58:13 - Epoch [19/50] Loss: 1.8533 (seg=0.0157, cls=0.4661, con=1.8106) | Acc: 0.8971 | Dice: 0.9876 | 16.0s
2026-04-03 09:58:29 - Epoch [20/50] Loss: 1.8236 (seg=0.0147, cls=0.4527, con=1.8073) | Acc: 0.8962 | Dice: 0.9886 | 16.0s
2026-04-03 09:58:29 - --------------------------------------------------
2026-04-03 09:58:31 - [Test] Cls — Acc: 0.7132 | P(macro): 0.6069 | R(macro): 0.6011 | F1(macro): 0.6036
2026-04-03 09:58:31 - [Test] Seg — Lesion IoU: 0.9791 | Lesion Dice: 0.9894
2026-04-03 09:58:31 - [Test] Classification Report:
              precision    recall  f1-score   support

      benign     0.4118    0.3798    0.3952       129
    no_tumor     0.8020    0.8223    0.8120       394

    accuracy                         0.7132       523
   macro avg     0.6069    0.6011    0.6036       523
weighted avg     0.7057    0.7132    0.7092       523

2026-04-03 09:58:31 - --------------------------------------------------
2026-04-03 09:58:48 - Epoch [21/50] Loss: 1.7717 (seg=0.0144, cls=0.4415, con=1.7486) | Acc: 0.9142 | Dice: 0.9876 | 16.1s
2026-04-03 09:59:04 - Epoch [22/50] Loss: 1.7747 (seg=0.0123, cls=0.4405, con=1.7626) | Acc: 0.9085 | Dice: 0.9901 | 16.4s
2026-04-03 09:59:04 - --------------------------------------------------
2026-04-03 09:59:06 - [Test] Cls — Acc: 0.7342 | P(macro): 0.6220 | R(macro): 0.5968 | F1(macro): 0.6039
2026-04-03 09:59:06 - [Test] Seg — Lesion IoU: 0.9807 | Lesion Dice: 0.9902
2026-04-03 09:59:06 - [Test] Classification Report:
              precision    recall  f1-score   support

      benign     0.4468    0.3256    0.3767       129
    no_tumor     0.7972    0.8680    0.8311       394

    accuracy                         0.7342       523
   macro avg     0.6220    0.5968    0.6039       523
weighted avg     0.7108    0.7342    0.7190       523

2026-04-03 09:59:06 - --------------------------------------------------
2026-04-03 09:59:22 - Epoch [23/50] Loss: 1.7322 (seg=0.0118, cls=0.4239, con=1.7452) | Acc: 0.9224 | Dice: 0.9901 | 15.7s
2026-04-03 09:59:38 - Epoch [24/50] Loss: 1.6960 (seg=0.0121, cls=0.4069, con=1.7402) | Acc: 0.9297 | Dice: 0.9892 | 16.3s
2026-04-03 09:59:38 - --------------------------------------------------
2026-04-03 09:59:41 - [Test] Cls — Acc: 0.7457 | P(macro): 0.6367 | R(macro): 0.5992 | F1(macro): 0.6080
2026-04-03 09:59:41 - [Test] Seg — Lesion IoU: 0.9737 | Lesion Dice: 0.9866
2026-04-03 09:59:41 - [Test] Classification Report:
              precision    recall  f1-score   support

      benign     0.4762    0.3101    0.3756       129
    no_tumor     0.7973    0.8883    0.8403       394

    accuracy                         0.7457       523
   macro avg     0.6367    0.5992    0.6080       523
weighted avg     0.7181    0.7457    0.7257       523

2026-04-03 09:59:41 - --------------------------------------------------
2026-04-03 09:59:57 - Epoch [25/50] Loss: 1.7141 (seg=0.0113, cls=0.4155, con=1.7434) | Acc: 0.9297 | Dice: 0.9900 | 16.0s
2026-04-03 10:00:13 - Epoch [26/50] Loss: 1.6348 (seg=0.0103, cls=0.3898, con=1.6896) | Acc: 0.9469 | Dice: 0.9906 | 15.6s
2026-04-03 10:00:13 - --------------------------------------------------
2026-04-03 10:00:16 - [Test] Cls — Acc: 0.6902 | P(macro): 0.5850 | R(macro): 0.5859 | F1(macro): 0.5854
2026-04-03 10:00:16 - [Test] Seg — Lesion IoU: 0.9822 | Lesion Dice: 0.9910
2026-04-03 10:00:16 - [Test] Classification Report:
              precision    recall  f1-score   support

      benign     0.3740    0.3798    0.3769       129
    no_tumor     0.7959    0.7919    0.7939       394

    accuracy                         0.6902       523
   macro avg     0.5850    0.5859    0.5854       523
weighted avg     0.6919    0.6902    0.6910       523

2026-04-03 10:00:16 - --------------------------------------------------
2026-04-03 10:00:32 - Epoch [27/50] Loss: 1.6842 (seg=0.0099, cls=0.4087, con=1.7139) | Acc: 0.9314 | Dice: 0.9914 | 16.1s
2026-04-03 10:00:48 - Epoch [28/50] Loss: 1.6369 (seg=0.0091, cls=0.3974, con=1.6662) | Acc: 0.9518 | Dice: 0.9920 | 16.5s
2026-04-03 10:00:48 - --------------------------------------------------
2026-04-03 10:00:50 - [Test] Cls — Acc: 0.6883 | P(macro): 0.5743 | R(macro): 0.5716 | F1(macro): 0.5728
2026-04-03 10:00:50 - [Test] Seg — Lesion IoU: 0.9852 | Lesion Dice: 0.9926
2026-04-03 10:00:50 - [Test] Classification Report:
              precision    recall  f1-score   support

      benign     0.3607    0.3411    0.3506       129
    no_tumor     0.7880    0.8020    0.7950       394

    accuracy                         0.6883       523
   macro avg     0.5743    0.5716    0.5728       523
weighted avg     0.6826    0.6883    0.6854       523

2026-04-03 10:00:50 - --------------------------------------------------
2026-04-03 10:01:06 - Epoch [29/50] Loss: 1.6086 (seg=0.0083, cls=0.3836, con=1.6660) | Acc: 0.9510 | Dice: 0.9924 | 15.5s
2026-04-03 10:01:22 - Epoch [30/50] Loss: 1.6073 (seg=0.0080, cls=0.3822, con=1.6697) | Acc: 0.9502 | Dice: 0.9927 | 16.9s
2026-04-03 10:01:22 - --------------------------------------------------
2026-04-03 10:01:25 - [Test] Cls — Acc: 0.7055 | P(macro): 0.5910 | R(macro): 0.5830 | F1(macro): 0.5860
2026-04-03 10:01:25 - [Test] Seg — Lesion IoU: 0.9861 | Lesion Dice: 0.9930
2026-04-03 10:01:25 - [Test] Classification Report:
              precision    recall  f1-score   support

      benign     0.3894    0.3411    0.3636       129
    no_tumor     0.7927    0.8249    0.8085       394

    accuracy                         0.7055       523
   macro avg     0.5910    0.5830    0.5860       523
weighted avg     0.6932    0.7055    0.6987       523

2026-04-03 10:01:25 - --------------------------------------------------
2026-04-03 10:01:41 - Epoch [31/50] Loss: 1.5845 (seg=0.0076, cls=0.3769, con=1.6463) | Acc: 0.9485 | Dice: 0.9928 | 16.0s
2026-04-03 10:01:57 - Epoch [32/50] Loss: 1.5499 (seg=0.0071, cls=0.3653, con=1.6246) | Acc: 0.9641 | Dice: 0.9934 | 16.1s
2026-04-03 10:01:57 - --------------------------------------------------
2026-04-03 10:01:59 - [Test] Cls — Acc: 0.6769 | P(macro): 0.5790 | R(macro): 0.5848 | F1(macro): 0.5812
2026-04-03 10:01:59 - [Test] Seg — Lesion IoU: 0.9765 | Lesion Dice: 0.9881
2026-04-03 10:01:59 - [Test] Classification Report:
              precision    recall  f1-score   support

      benign     0.3611    0.4031    0.3810       129
    no_tumor     0.7968    0.7665    0.7814       394

    accuracy                         0.6769       523
   macro avg     0.5790    0.5848    0.5812       523
weighted avg     0.6894    0.6769    0.6826       523

2026-04-03 10:01:59 - --------------------------------------------------
2026-04-03 10:02:15 - Epoch [33/50] Loss: 1.5503 (seg=0.0067, cls=0.3634, con=1.6334) | Acc: 0.9608 | Dice: 0.9935 | 15.5s
2026-04-03 10:02:30 - Epoch [34/50] Loss: 1.5251 (seg=0.0060, cls=0.3561, con=1.6138) | Acc: 0.9632 | Dice: 0.9944 | 15.7s
2026-04-03 10:02:30 - --------------------------------------------------
2026-04-03 10:02:33 - [Test] Cls — Acc: 0.7075 | P(macro): 0.5843 | R(macro): 0.5712 | F1(macro): 0.5750
2026-04-03 10:02:33 - [Test] Seg — Lesion IoU: 0.9899 | Lesion Dice: 0.9949
2026-04-03 10:02:33 - [Test] Classification Report:
              precision    recall  f1-score   support

      benign     0.3824    0.3023    0.3377       129
    no_tumor     0.7862    0.8401    0.8123       394

    accuracy                         0.7075       523
   macro avg     0.5843    0.5712    0.5750       523
weighted avg     0.6866    0.7075    0.6952       523

2026-04-03 10:02:33 - --------------------------------------------------
2026-04-03 10:02:48 - Epoch [35/50] Loss: 1.5376 (seg=0.0058, cls=0.3607, con=1.6210) | Acc: 0.9657 | Dice: 0.9945 | 15.5s
2026-04-03 10:03:03 - Epoch [36/50] Loss: 1.5680 (seg=0.0057, cls=0.3659, con=1.6610) | Acc: 0.9567 | Dice: 0.9945 | 15.0s
2026-04-03 10:03:03 - --------------------------------------------------
2026-04-03 10:03:05 - [Test] Cls — Acc: 0.6960 | P(macro): 0.5760 | R(macro): 0.5688 | F1(macro): 0.5714
2026-04-03 10:03:05 - [Test] Seg — Lesion IoU: 0.9913 | Lesion Dice: 0.9956
2026-04-03 10:03:05 - [Test] Classification Report:
              precision    recall  f1-score   support

      benign     0.3661    0.3178    0.3402       129
    no_tumor     0.7859    0.8198    0.8025       394

    accuracy                         0.6960       523
   macro avg     0.5760    0.5688    0.5714       523
weighted avg     0.6823    0.6960    0.6885       523

2026-04-03 10:03:05 - --------------------------------------------------
2026-04-03 10:03:21 - Epoch [37/50] Loss: 1.4529 (seg=0.0054, cls=0.3348, con=1.5560) | Acc: 0.9820 | Dice: 0.9949 | 15.5s
2026-04-03 10:03:37 - Epoch [38/50] Loss: 1.4782 (seg=0.0052, cls=0.3432, con=1.5734) | Acc: 0.9690 | Dice: 0.9950 | 16.4s
2026-04-03 10:03:37 - --------------------------------------------------
2026-04-03 10:03:40 - [Test] Cls — Acc: 0.7285 | P(macro): 0.6056 | R(macro): 0.5774 | F1(macro): 0.5829
2026-04-03 10:03:40 - [Test] Seg — Lesion IoU: 0.9911 | Lesion Dice: 0.9955
2026-04-03 10:03:40 - [Test] Classification Report:
              precision    recall  f1-score   support

      benign     0.4235    0.2791    0.3364       129
    no_tumor     0.7877    0.8756    0.8293       394

    accuracy                         0.7285       523
   macro avg     0.6056    0.5774    0.5829       523
weighted avg     0.6979    0.7285    0.7078       523

2026-04-03 10:03:40 - --------------------------------------------------
2026-04-03 10:03:56 - Epoch [39/50] Loss: 1.5425 (seg=0.0051, cls=0.3614, con=1.6293) | Acc: 0.9616 | Dice: 0.9951 | 16.3s
2026-04-03 10:04:12 - Epoch [40/50] Loss: 1.4603 (seg=0.0047, cls=0.3345, con=1.5732) | Acc: 0.9739 | Dice: 0.9955 | 16.0s
2026-04-03 10:04:12 - --------------------------------------------------
2026-04-03 10:04:14 - [Test] Cls — Acc: 0.7380 | P(macro): 0.6174 | R(macro): 0.5785 | F1(macro): 0.5844
2026-04-03 10:04:14 - [Test] Seg — Lesion IoU: 0.9919 | Lesion Dice: 0.9959
2026-04-03 10:04:14 - [Test] Classification Report:
              precision    recall  f1-score   support

      benign     0.4474    0.2636    0.3317       129
    no_tumor     0.7875    0.8934    0.8371       394

    accuracy                         0.7380       523
   macro avg     0.6174    0.5785    0.5844       523
weighted avg     0.7036    0.7380    0.7124       523

2026-04-03 10:04:14 - --------------------------------------------------
2026-04-03 10:04:30 - Epoch [41/50] Loss: 1.4976 (seg=0.0046, cls=0.3453, con=1.6047) | Acc: 0.9722 | Dice: 0.9956 | 15.5s
2026-04-03 10:04:46 - Epoch [42/50] Loss: 1.4793 (seg=0.0045, cls=0.3414, con=1.5839) | Acc: 0.9714 | Dice: 0.9957 | 16.3s
2026-04-03 10:04:46 - --------------------------------------------------
2026-04-03 10:04:48 - [Test] Cls — Acc: 0.7323 | P(macro): 0.6112 | R(macro): 0.5799 | F1(macro): 0.5859
2026-04-03 10:04:48 - [Test] Seg — Lesion IoU: 0.9925 | Lesion Dice: 0.9963
2026-04-03 10:04:48 - [Test] Classification Report:
              precision    recall  f1-score   support

      benign     0.4337    0.2791    0.3396       129
    no_tumor     0.7886    0.8807    0.8321       394

    accuracy                         0.7323       523
   macro avg     0.6112    0.5799    0.5859       523
weighted avg     0.7011    0.7323    0.7107       523

2026-04-03 10:04:48 - --------------------------------------------------
2026-04-03 10:05:04 - Epoch [43/50] Loss: 1.4357 (seg=0.0045, cls=0.3327, con=1.5316) | Acc: 0.9755 | Dice: 0.9957 | 15.6s
2026-04-03 10:05:19 - Epoch [44/50] Loss: 1.4812 (seg=0.0044, cls=0.3465, con=1.5675) | Acc: 0.9681 | Dice: 0.9959 | 15.6s
2026-04-03 10:05:19 - --------------------------------------------------
2026-04-03 10:05:22 - [Test] Cls — Acc: 0.7304 | P(macro): 0.6113 | R(macro): 0.5838 | F1(macro): 0.5901
2026-04-03 10:05:22 - [Test] Seg — Lesion IoU: 0.9925 | Lesion Dice: 0.9962
2026-04-03 10:05:22 - [Test] Classification Report:
              precision    recall  f1-score   support

      benign     0.4318    0.2946    0.3502       129
    no_tumor     0.7908    0.8731    0.8299       394

    accuracy                         0.7304       523
   macro avg     0.6113    0.5838    0.5901       523
weighted avg     0.7023    0.7304    0.7116       523

2026-04-03 10:05:22 - --------------------------------------------------
2026-04-03 10:05:37 - Epoch [45/50] Loss: 1.4660 (seg=0.0043, cls=0.3369, con=1.5755) | Acc: 0.9706 | Dice: 0.9958 | 15.4s
2026-04-03 10:05:53 - Epoch [46/50] Loss: 1.5055 (seg=0.0043, cls=0.3493, con=1.6050) | Acc: 0.9673 | Dice: 0.9958 | 15.7s
2026-04-03 10:05:53 - --------------------------------------------------
2026-04-03 10:05:56 - [Test] Cls — Acc: 0.7361 | P(macro): 0.6183 | R(macro): 0.5850 | F1(macro): 0.5918
2026-04-03 10:05:56 - [Test] Seg — Lesion IoU: 0.9926 | Lesion Dice: 0.9963
2026-04-03 10:05:56 - [Test] Classification Report:
              precision    recall  f1-score   support

      benign     0.4458    0.2868    0.3491       129
    no_tumor     0.7909    0.8832    0.8345       394

    accuracy                         0.7361       523
   macro avg     0.6183    0.5850    0.5918       523
weighted avg     0.7058    0.7361    0.7148       523

2026-04-03 10:05:56 - --------------------------------------------------
2026-04-03 10:06:12 - Epoch [47/50] Loss: 1.5507 (seg=0.0042, cls=0.3554, con=1.6714) | Acc: 0.9673 | Dice: 0.9960 | 15.9s
2026-04-03 10:06:28 - Epoch [48/50] Loss: 1.4567 (seg=0.0042, cls=0.3362, con=1.5602) | Acc: 0.9730 | Dice: 0.9960 | 16.4s
2026-04-03 10:06:28 - --------------------------------------------------
2026-04-03 10:06:30 - [Test] Cls — Acc: 0.7342 | P(macro): 0.6168 | R(macro): 0.5864 | F1(macro): 0.5931
2026-04-03 10:06:30 - [Test] Seg — Lesion IoU: 0.9927 | Lesion Dice: 0.9964
2026-04-03 10:06:30 - [Test] Classification Report:
              precision    recall  f1-score   support

      benign     0.4419    0.2946    0.3535       129
    no_tumor     0.7918    0.8782    0.8327       394

    accuracy                         0.7342       523
   macro avg     0.6168    0.5864    0.5931       523
weighted avg     0.7055    0.7342    0.7145       523

2026-04-03 10:06:30 - --------------------------------------------------
2026-04-03 10:06:45 - Epoch [49/50] Loss: 1.5043 (seg=0.0041, cls=0.3517, con=1.5935) | Acc: 0.9681 | Dice: 0.9960 | 15.2s
2026-04-03 10:07:01 - Epoch [50/50] Loss: 1.4881 (seg=0.0041, cls=0.3426, con=1.5974) | Acc: 0.9657 | Dice: 0.9961 | 15.2s
2026-04-03 10:07:01 - --------------------------------------------------
2026-04-03 10:07:03 - [Test] Cls — Acc: 0.7361 | P(macro): 0.6209 | R(macro): 0.5902 | F1(macro): 0.5974
2026-04-03 10:07:03 - [Test] Seg — Lesion IoU: 0.9928 | Lesion Dice: 0.9964
2026-04-03 10:07:03 - [Test] Classification Report:
              precision    recall  f1-score   support

      benign     0.4483    0.3023    0.3611       129
    no_tumor     0.7936    0.8782    0.8337       394

    accuracy                         0.7361       523
   macro avg     0.6209    0.5902    0.5974       523
weighted avg     0.7084    0.7361    0.7172       523

2026-04-03 10:07:03 - --------------------------------------------------
2026-04-03 10:07:03 - 
训练完成! 最优: Epoch 12, F1: 0.6172
2026-04-03 10:07:03 - ======================================================================
2026-04-03 10:07:05 - [Final Test] Cls — Acc: 0.7706 | P(macro): 0.6846 | R(macro): 0.6053 | F1(macro): 0.6172
2026-04-03 10:07:05 - [Final Test] Seg — Lesion IoU: 0.9762 | Lesion Dice: 0.9880
2026-04-03 10:07:05 - [Final Test] Classification Report:
              precision    recall  f1-score   support

      benign     0.5714    0.2791    0.3750       129
    no_tumor     0.7978    0.9315    0.8595       394

    accuracy                         0.7706       523
   macro avg     0.6846    0.6053    0.6172       523
weighted avg     0.7420    0.7706    0.7400       523

2026-04-03 10:07:07 - 最优阈值: 0.395 (F1: 0.6333)
2026-04-03 10:07:10 - [Final Test (最优阈值)] Threshold: 0.395 | Acc: 0.7361 | P(macro): 0.6384 | R(macro): 0.6294 | F1(macro): 0.6333
2026-04-03 10:07:10 - [Final Test (最优阈值)] Classification Report:
              precision    recall  f1-score   support

      benign     0.4615    0.4186    0.4390       129
    no_tumor     0.8153    0.8401    0.8275       394

    accuracy                         0.7361       523
   macro avg     0.6384    0.6294    0.6333       523
weighted avg     0.7280    0.7361    0.7317       523

