2026-03-23 13:33:44 - ============================================================
2026-03-23 13:33:44 - 实验名称: 20260323_task2_SwinV2_seed1024
2026-03-23 13:33:44 - 任务: Task 2 - 良性肿瘤(0) vs 非肿瘤性息肉(1)
2026-03-23 13:33:44 - 模型: Swin-V2-Tiny (ImageNet, 4ch, drop=0.3)
2026-03-23 13:33:44 - 修改: 全图4ch + BalancedSampler + 修复Mixup + 强增强 + seed=1024
2026-03-23 13:33:44 - 输入通道: 4
2026-03-23 13:33:44 - 图像尺寸: train Full_img → StrongSync + mask, test Full_img → Resize256 + mask
2026-03-23 13:33:44 - Batch Size: 8
2026-03-23 13:33:44 - Backbone LR: 2e-05
2026-03-23 13:33:44 - Head LR: 0.0002
2026-03-23 13:33:44 - Weight Decay: 0.05
2026-03-23 13:33:44 - Warmup Epochs: 8
2026-03-23 13:33:44 - Min LR Ratio: 0.01
2026-03-23 13:33:44 - Label Smoothing: 0.1
2026-03-23 13:33:44 - Seed: 1024
2026-03-23 13:33:44 - Epochs: 100
2026-03-23 13:33:44 - Grad Clip: 1.0
2026-03-23 13:33:44 - 设备: cuda
2026-03-23 13:33:44 - ============================================================
2026-03-23 13:33:44 - 训练集: 1229 张 (benign=309, no_tumor=920)
2026-03-23 13:33:44 - 测试集: 523 张 (benign=129, no_tumor=394)
2026-03-23 13:33:46 - 模型参数量: 27,581,228
2026-03-23 13:33:46 - 可训练参数量: 27,581,228
2026-03-23 13:33:46 - 类别权重: benign=1.9887, no_tumor=0.6679
2026-03-23 13:33:46 - 损失函数: CE(class_weight+LS=0.1) + Weighted Mixup + BalancedSampler [seed=1024]
2026-03-23 13:33:46 - 
============================================================
2026-03-23 13:33:46 - 开始训练
2026-03-23 13:33:46 - ============================================================
2026-03-23 13:33:59 - Epoch [1/100] LR(backbone/head): 2.500000e-06/2.500000e-05 | WarmupCosineFactor: 0.1250 | Loss: 0.7897 | Train Acc: 0.4886 | Time: 13.0s
2026-03-23 13:34:11 - Epoch [2/100] LR(backbone/head): 5.000000e-06/5.000000e-05 | WarmupCosineFactor: 0.2500 | Loss: 0.7536 | Train Acc: 0.4975 | Time: 11.7s
2026-03-23 13:34:23 - Epoch [3/100] LR(backbone/head): 7.500000e-06/7.500000e-05 | WarmupCosineFactor: 0.3750 | Loss: 0.7286 | Train Acc: 0.5057 | Time: 11.9s
2026-03-23 13:34:34 - Epoch [4/100] LR(backbone/head): 1.000000e-05/1.000000e-04 | WarmupCosineFactor: 0.5000 | Loss: 0.7160 | Train Acc: 0.5098 | Time: 11.7s
2026-03-23 13:34:46 - Epoch [5/100] LR(backbone/head): 1.250000e-05/1.250000e-04 | WarmupCosineFactor: 0.6250 | Loss: 0.7203 | Train Acc: 0.5163 | Time: 11.6s
2026-03-23 13:34:46 - ----------------------------------------
2026-03-23 13:34:48 - [Test] Acc: 0.2467 | Precision(macro): 0.1233 | Recall(macro): 0.5000 | F1(macro): 0.1979
2026-03-23 13:34:48 - [Test] Classification Report:
              precision    recall  f1-score   support

      benign     0.2467    1.0000    0.3957       129
    no_tumor     0.0000    0.0000    0.0000       394

    accuracy                         0.2467       523
   macro avg     0.1233    0.5000    0.1979       523
weighted avg     0.0608    0.2467    0.0976       523

2026-03-23 13:34:48 - *** 保存最优模型 (F1: 0.1979, Epoch: 5) ***
2026-03-23 13:34:48 - ----------------------------------------
2026-03-23 13:35:00 - Epoch [6/100] LR(backbone/head): 1.500000e-05/1.500000e-04 | WarmupCosineFactor: 0.7500 | Loss: 0.6790 | Train Acc: 0.5359 | Time: 11.7s
2026-03-23 13:35:12 - Epoch [7/100] LR(backbone/head): 1.750000e-05/1.750000e-04 | WarmupCosineFactor: 0.8750 | Loss: 0.6820 | Train Acc: 0.5596 | Time: 12.3s
2026-03-23 13:35:24 - Epoch [8/100] LR(backbone/head): 2.000000e-05/2.000000e-04 | WarmupCosineFactor: 1.0000 | Loss: 0.6867 | Train Acc: 0.5596 | Time: 12.0s
2026-03-23 13:35:36 - Epoch [9/100] LR(backbone/head): 1.999423e-05/1.999423e-04 | WarmupCosineFactor: 0.9997 | Loss: 0.6845 | Train Acc: 0.5449 | Time: 12.0s
2026-03-23 13:35:48 - Epoch [10/100] LR(backbone/head): 1.997692e-05/1.997692e-04 | WarmupCosineFactor: 0.9988 | Loss: 0.6414 | Train Acc: 0.5882 | Time: 11.8s
2026-03-23 13:35:48 - ----------------------------------------
2026-03-23 13:35:50 - [Test] Acc: 0.3040 | Precision(macro): 0.5326 | Recall(macro): 0.5146 | F1(macro): 0.2869
2026-03-23 13:35:50 - [Test] Classification Report:
              precision    recall  f1-score   support

      benign     0.2526    0.9302    0.3974       129
    no_tumor     0.8125    0.0990    0.1765       394

    accuracy                         0.3040       523
   macro avg     0.5326    0.5146    0.2869       523
weighted avg     0.6744    0.3040    0.2310       523

2026-03-23 13:35:50 - *** 保存最优模型 (F1: 0.2869, Epoch: 10) ***
2026-03-23 13:35:50 - ----------------------------------------
2026-03-23 13:36:02 - Epoch [11/100] LR(backbone/head): 1.994810e-05/1.994810e-04 | WarmupCosineFactor: 0.9974 | Loss: 0.6466 | Train Acc: 0.5891 | Time: 11.8s
2026-03-23 13:36:14 - Epoch [12/100] LR(backbone/head): 1.990779e-05/1.990779e-04 | WarmupCosineFactor: 0.9954 | Loss: 0.6311 | Train Acc: 0.6119 | Time: 11.7s
2026-03-23 13:36:26 - Epoch [13/100] LR(backbone/head): 1.985605e-05/1.985605e-04 | WarmupCosineFactor: 0.9928 | Loss: 0.6444 | Train Acc: 0.6111 | Time: 11.9s
2026-03-23 13:36:37 - Epoch [14/100] LR(backbone/head): 1.979293e-05/1.979293e-04 | WarmupCosineFactor: 0.9896 | Loss: 0.6123 | Train Acc: 0.5980 | Time: 11.8s
2026-03-23 13:36:49 - Epoch [15/100] LR(backbone/head): 1.971851e-05/1.971851e-04 | WarmupCosineFactor: 0.9859 | Loss: 0.6084 | Train Acc: 0.6291 | Time: 11.9s
2026-03-23 13:36:49 - ----------------------------------------
2026-03-23 13:36:51 - [Test] Acc: 0.4933 | Precision(macro): 0.5688 | Recall(macro): 0.5855 | F1(macro): 0.4866
2026-03-23 13:36:51 - [Test] Classification Report:
              precision    recall  f1-score   support

      benign     0.2964    0.7674    0.4276       129
    no_tumor     0.8413    0.4036    0.5455       394

    accuracy                         0.4933       523
   macro avg     0.5688    0.5855    0.4866       523
weighted avg     0.7069    0.4933    0.5164       523

2026-03-23 13:36:51 - *** 保存最优模型 (F1: 0.4866, Epoch: 15) ***
2026-03-23 13:36:51 - ----------------------------------------
2026-03-23 13:37:03 - Epoch [16/100] LR(backbone/head): 1.963288e-05/1.963288e-04 | WarmupCosineFactor: 0.9816 | Loss: 0.5846 | Train Acc: 0.6471 | Time: 12.1s
2026-03-23 13:37:15 - Epoch [17/100] LR(backbone/head): 1.953613e-05/1.953613e-04 | WarmupCosineFactor: 0.9768 | Loss: 0.5684 | Train Acc: 0.6601 | Time: 11.7s
2026-03-23 13:37:27 - Epoch [18/100] LR(backbone/head): 1.942838e-05/1.942838e-04 | WarmupCosineFactor: 0.9714 | Loss: 0.5496 | Train Acc: 0.6814 | Time: 11.7s
2026-03-23 13:37:39 - Epoch [19/100] LR(backbone/head): 1.930976e-05/1.930976e-04 | WarmupCosineFactor: 0.9655 | Loss: 0.5964 | Train Acc: 0.6503 | Time: 12.2s
2026-03-23 13:37:51 - Epoch [20/100] LR(backbone/head): 1.918039e-05/1.918039e-04 | WarmupCosineFactor: 0.9590 | Loss: 0.5511 | Train Acc: 0.6315 | Time: 12.0s
2026-03-23 13:37:51 - ----------------------------------------
2026-03-23 13:37:52 - [Test] Acc: 0.6214 | Precision(macro): 0.5913 | Recall(macro): 0.6210 | F1(macro): 0.5796
2026-03-23 13:37:52 - [Test] Classification Report:
              precision    recall  f1-score   support

      benign     0.3493    0.6202    0.4469       129
    no_tumor     0.8333    0.6218    0.7122       394

    accuracy                         0.6214       523
   macro avg     0.5913    0.6210    0.5796       523
weighted avg     0.7140    0.6214    0.6468       523

2026-03-23 13:37:53 - *** 保存最优模型 (F1: 0.5796, Epoch: 20) ***
2026-03-23 13:37:53 - ----------------------------------------
2026-03-23 13:38:05 - Epoch [21/100] LR(backbone/head): 1.904044e-05/1.904044e-04 | WarmupCosineFactor: 0.9520 | Loss: 0.5444 | Train Acc: 0.6642 | Time: 12.2s
2026-03-23 13:38:17 - Epoch [22/100] LR(backbone/head): 1.889006e-05/1.889006e-04 | WarmupCosineFactor: 0.9445 | Loss: 0.5282 | Train Acc: 0.7132 | Time: 12.0s
2026-03-23 13:38:29 - Epoch [23/100] LR(backbone/head): 1.872944e-05/1.872944e-04 | WarmupCosineFactor: 0.9365 | Loss: 0.5184 | Train Acc: 0.6961 | Time: 11.8s
2026-03-23 13:38:40 - Epoch [24/100] LR(backbone/head): 1.855875e-05/1.855875e-04 | WarmupCosineFactor: 0.9279 | Loss: 0.5092 | Train Acc: 0.6912 | Time: 11.7s
2026-03-23 13:38:53 - Epoch [25/100] LR(backbone/head): 1.837820e-05/1.837820e-04 | WarmupCosineFactor: 0.9189 | Loss: 0.5524 | Train Acc: 0.6757 | Time: 12.3s
2026-03-23 13:38:53 - ----------------------------------------
2026-03-23 13:38:54 - [Test] Acc: 0.6252 | Precision(macro): 0.5614 | Recall(macro): 0.5766 | F1(macro): 0.5588
2026-03-23 13:38:54 - [Test] Classification Report:
              precision    recall  f1-score   support

      benign     0.3246    0.4806    0.3875       129
    no_tumor     0.7982    0.6726    0.7300       394

    accuracy                         0.6252       523
   macro avg     0.5614    0.5766    0.5588       523
weighted avg     0.6814    0.6252    0.6455       523

2026-03-23 13:38:54 - ----------------------------------------
2026-03-23 13:39:06 - Epoch [26/100] LR(backbone/head): 1.818800e-05/1.818800e-04 | WarmupCosineFactor: 0.9094 | Loss: 0.5053 | Train Acc: 0.7042 | Time: 11.8s
2026-03-23 13:39:18 - Epoch [27/100] LR(backbone/head): 1.798837e-05/1.798837e-04 | WarmupCosineFactor: 0.8994 | Loss: 0.4925 | Train Acc: 0.7141 | Time: 11.7s
2026-03-23 13:39:30 - Epoch [28/100] LR(backbone/head): 1.777954e-05/1.777954e-04 | WarmupCosineFactor: 0.8890 | Loss: 0.4700 | Train Acc: 0.7181 | Time: 12.0s
2026-03-23 13:39:42 - Epoch [29/100] LR(backbone/head): 1.756176e-05/1.756176e-04 | WarmupCosineFactor: 0.8781 | Loss: 0.4560 | Train Acc: 0.7100 | Time: 11.8s
2026-03-23 13:39:53 - Epoch [30/100] LR(backbone/head): 1.733528e-05/1.733528e-04 | WarmupCosineFactor: 0.8668 | Loss: 0.4642 | Train Acc: 0.7247 | Time: 11.9s
2026-03-23 13:39:53 - ----------------------------------------
2026-03-23 13:39:55 - [Test] Acc: 0.6692 | Precision(macro): 0.5868 | Recall(macro): 0.6006 | F1(macro): 0.5899
2026-03-23 13:39:55 - [Test] Classification Report:
              precision    recall  f1-score   support

      benign     0.3659    0.4651    0.4096       129
    no_tumor     0.8078    0.7360    0.7703       394

    accuracy                         0.6692       523
   macro avg     0.5868    0.6006    0.5899       523
weighted avg     0.6988    0.6692    0.6813       523

2026-03-23 13:39:56 - *** 保存最优模型 (F1: 0.5899, Epoch: 30) ***
2026-03-23 13:39:56 - ----------------------------------------
2026-03-23 13:40:07 - Epoch [31/100] LR(backbone/head): 1.710036e-05/1.710036e-04 | WarmupCosineFactor: 0.8550 | Loss: 0.4764 | Train Acc: 0.7181 | Time: 11.7s
2026-03-23 13:40:19 - Epoch [32/100] LR(backbone/head): 1.685728e-05/1.685728e-04 | WarmupCosineFactor: 0.8429 | Loss: 0.4688 | Train Acc: 0.7312 | Time: 12.0s
2026-03-23 13:40:31 - Epoch [33/100] LR(backbone/head): 1.660632e-05/1.660632e-04 | WarmupCosineFactor: 0.8303 | Loss: 0.4941 | Train Acc: 0.7304 | Time: 11.7s
2026-03-23 13:40:43 - Epoch [34/100] LR(backbone/head): 1.634777e-05/1.634777e-04 | WarmupCosineFactor: 0.8174 | Loss: 0.4722 | Train Acc: 0.7435 | Time: 11.6s
2026-03-23 13:40:54 - Epoch [35/100] LR(backbone/head): 1.608194e-05/1.608194e-04 | WarmupCosineFactor: 0.8041 | Loss: 0.4522 | Train Acc: 0.7345 | Time: 11.7s
2026-03-23 13:40:54 - ----------------------------------------
2026-03-23 13:40:56 - [Test] Acc: 0.6711 | Precision(macro): 0.5797 | Recall(macro): 0.5888 | F1(macro): 0.5825
2026-03-23 13:40:56 - [Test] Classification Report:
              precision    recall  f1-score   support

      benign     0.3595    0.4264    0.3901       129
    no_tumor     0.8000    0.7513    0.7749       394

    accuracy                         0.6711       523
   macro avg     0.5797    0.5888    0.5825       523
weighted avg     0.6913    0.6711    0.6800       523

2026-03-23 13:40:56 - ----------------------------------------
2026-03-23 13:41:08 - Epoch [36/100] LR(backbone/head): 1.580914e-05/1.580914e-04 | WarmupCosineFactor: 0.7905 | Loss: 0.4485 | Train Acc: 0.7206 | Time: 11.7s
2026-03-23 13:41:19 - Epoch [37/100] LR(backbone/head): 1.552967e-05/1.552967e-04 | WarmupCosineFactor: 0.7765 | Loss: 0.4349 | Train Acc: 0.7255 | Time: 11.7s
2026-03-23 13:41:31 - Epoch [38/100] LR(backbone/head): 1.524388e-05/1.524388e-04 | WarmupCosineFactor: 0.7622 | Loss: 0.4332 | Train Acc: 0.7288 | Time: 11.7s
2026-03-23 13:41:43 - Epoch [39/100] LR(backbone/head): 1.495209e-05/1.495209e-04 | WarmupCosineFactor: 0.7476 | Loss: 0.4530 | Train Acc: 0.7557 | Time: 11.8s
2026-03-23 13:41:55 - Epoch [40/100] LR(backbone/head): 1.465464e-05/1.465464e-04 | WarmupCosineFactor: 0.7327 | Loss: 0.3985 | Train Acc: 0.7770 | Time: 11.8s
2026-03-23 13:41:55 - ----------------------------------------
2026-03-23 13:41:56 - [Test] Acc: 0.7055 | Precision(macro): 0.5876 | Recall(macro): 0.5778 | F1(macro): 0.5812
2026-03-23 13:41:56 - [Test] Classification Report:
              precision    recall  f1-score   support

      benign     0.3853    0.3256    0.3529       129
    no_tumor     0.7899    0.8299    0.8094       394

    accuracy                         0.7055       523
   macro avg     0.5876    0.5778    0.5812       523
weighted avg     0.6901    0.7055    0.6968       523

2026-03-23 13:41:56 - ----------------------------------------
2026-03-23 13:42:08 - Epoch [41/100] LR(backbone/head): 1.435189e-05/1.435189e-04 | WarmupCosineFactor: 0.7176 | Loss: 0.3970 | Train Acc: 0.7606 | Time: 11.8s
2026-03-23 13:42:20 - Epoch [42/100] LR(backbone/head): 1.404417e-05/1.404417e-04 | WarmupCosineFactor: 0.7022 | Loss: 0.3981 | Train Acc: 0.7688 | Time: 11.8s
2026-03-23 13:42:32 - Epoch [43/100] LR(backbone/head): 1.373186e-05/1.373186e-04 | WarmupCosineFactor: 0.6866 | Loss: 0.4345 | Train Acc: 0.7647 | Time: 11.9s
2026-03-23 13:42:43 - Epoch [44/100] LR(backbone/head): 1.341531e-05/1.341531e-04 | WarmupCosineFactor: 0.6708 | Loss: 0.4126 | Train Acc: 0.7279 | Time: 11.7s
2026-03-23 13:42:55 - Epoch [45/100] LR(backbone/head): 1.309489e-05/1.309489e-04 | WarmupCosineFactor: 0.6547 | Loss: 0.3766 | Train Acc: 0.7810 | Time: 11.8s
2026-03-23 13:42:55 - ----------------------------------------
2026-03-23 13:42:57 - [Test] Acc: 0.7113 | Precision(macro): 0.6123 | Recall(macro): 0.6129 | F1(macro): 0.6126
2026-03-23 13:42:57 - [Test] Classification Report:
              precision    recall  f1-score   support

      benign     0.4154    0.4186    0.4170       129
    no_tumor     0.8092    0.8071    0.8081       394

    accuracy                         0.7113       523
   macro avg     0.6123    0.6129    0.6126       523
weighted avg     0.7120    0.7113    0.7117       523

2026-03-23 13:42:57 - *** 保存最优模型 (F1: 0.6126, Epoch: 45) ***
2026-03-23 13:42:57 - ----------------------------------------
2026-03-23 13:43:09 - Epoch [46/100] LR(backbone/head): 1.277099e-05/1.277099e-04 | WarmupCosineFactor: 0.6385 | Loss: 0.3852 | Train Acc: 0.7794 | Time: 12.0s
2026-03-23 13:43:21 - Epoch [47/100] LR(backbone/head): 1.244397e-05/1.244397e-04 | WarmupCosineFactor: 0.6222 | Loss: 0.4212 | Train Acc: 0.7541 | Time: 11.8s
2026-03-23 13:43:33 - Epoch [48/100] LR(backbone/head): 1.211421e-05/1.211421e-04 | WarmupCosineFactor: 0.6057 | Loss: 0.4206 | Train Acc: 0.7190 | Time: 11.7s
2026-03-23 13:43:44 - Epoch [49/100] LR(backbone/head): 1.178211e-05/1.178211e-04 | WarmupCosineFactor: 0.5891 | Loss: 0.3833 | Train Acc: 0.7900 | Time: 11.8s
2026-03-23 13:43:56 - Epoch [50/100] LR(backbone/head): 1.144805e-05/1.144805e-04 | WarmupCosineFactor: 0.5724 | Loss: 0.3844 | Train Acc: 0.7492 | Time: 11.5s
2026-03-23 13:43:56 - ----------------------------------------
2026-03-23 13:43:57 - [Test] Acc: 0.7132 | Precision(macro): 0.5959 | Recall(macro): 0.5828 | F1(macro): 0.5871
2026-03-23 13:43:57 - [Test] Classification Report:
              precision    recall  f1-score   support

      benign     0.4000    0.3256    0.3590       129
    no_tumor     0.7919    0.8401    0.8153       394

    accuracy                         0.7132       523
   macro avg     0.5959    0.5828    0.5871       523
weighted avg     0.6952    0.7132    0.7027       523

2026-03-23 13:43:57 - ----------------------------------------
2026-03-23 13:44:09 - Epoch [51/100] LR(backbone/head): 1.111242e-05/1.111242e-04 | WarmupCosineFactor: 0.5556 | Loss: 0.3707 | Train Acc: 0.7737 | Time: 11.6s
2026-03-23 13:44:21 - Epoch [52/100] LR(backbone/head): 1.077560e-05/1.077560e-04 | WarmupCosineFactor: 0.5388 | Loss: 0.3645 | Train Acc: 0.8023 | Time: 11.7s
2026-03-23 13:44:33 - Epoch [53/100] LR(backbone/head): 1.043800e-05/1.043800e-04 | WarmupCosineFactor: 0.5219 | Loss: 0.3892 | Train Acc: 0.7802 | Time: 11.8s
2026-03-23 13:44:44 - Epoch [54/100] LR(backbone/head): 1.010000e-05/1.010000e-04 | WarmupCosineFactor: 0.5050 | Loss: 0.3913 | Train Acc: 0.7500 | Time: 11.9s
2026-03-23 13:44:56 - Epoch [55/100] LR(backbone/head): 9.762003e-06/9.762003e-05 | WarmupCosineFactor: 0.4881 | Loss: 0.3977 | Train Acc: 0.7614 | Time: 11.9s
2026-03-23 13:44:56 - ----------------------------------------
2026-03-23 13:44:58 - [Test] Acc: 0.6960 | Precision(macro): 0.5815 | Recall(macro): 0.5766 | F1(macro): 0.5786
2026-03-23 13:44:58 - [Test] Classification Report:
              precision    recall  f1-score   support

      benign     0.3729    0.3411    0.3563       129
    no_tumor     0.7901    0.8122    0.8010       394

    accuracy                         0.6960       523
   macro avg     0.5815    0.5766    0.5786       523
weighted avg     0.6872    0.6960    0.6913       523

2026-03-23 13:44:58 - ----------------------------------------
2026-03-23 13:45:10 - Epoch [56/100] LR(backbone/head): 9.424400e-06/9.424400e-05 | WarmupCosineFactor: 0.4712 | Loss: 0.3804 | Train Acc: 0.7557 | Time: 11.8s
2026-03-23 13:45:21 - Epoch [57/100] LR(backbone/head): 9.087585e-06/9.087585e-05 | WarmupCosineFactor: 0.4544 | Loss: 0.3766 | Train Acc: 0.7721 | Time: 11.7s
2026-03-23 13:45:33 - Epoch [58/100] LR(backbone/head): 8.751950e-06/8.751950e-05 | WarmupCosineFactor: 0.4376 | Loss: 0.3877 | Train Acc: 0.7680 | Time: 11.6s
2026-03-23 13:45:45 - Epoch [59/100] LR(backbone/head): 8.417887e-06/8.417887e-05 | WarmupCosineFactor: 0.4209 | Loss: 0.3871 | Train Acc: 0.7761 | Time: 12.1s
2026-03-23 13:45:57 - Epoch [60/100] LR(backbone/head): 8.085785e-06/8.085785e-05 | WarmupCosineFactor: 0.4043 | Loss: 0.3668 | Train Acc: 0.8015 | Time: 11.7s
2026-03-23 13:45:57 - ----------------------------------------
2026-03-23 13:45:58 - [Test] Acc: 0.6826 | Precision(macro): 0.5653 | Recall(macro): 0.5625 | F1(macro): 0.5637
2026-03-23 13:45:58 - [Test] Classification Report:
              precision    recall  f1-score   support

      benign     0.3471    0.3256    0.3360       129
    no_tumor     0.7836    0.7995    0.7915       394

    accuracy                         0.6826       523
   macro avg     0.5653    0.5625    0.5637       523
weighted avg     0.6759    0.6826    0.6791       523

2026-03-23 13:45:58 - ----------------------------------------
2026-03-23 13:46:10 - Epoch [61/100] LR(backbone/head): 7.756032e-06/7.756032e-05 | WarmupCosineFactor: 0.3878 | Loss: 0.3447 | Train Acc: 0.7516 | Time: 11.7s
2026-03-23 13:46:22 - Epoch [62/100] LR(backbone/head): 7.429012e-06/7.429012e-05 | WarmupCosineFactor: 0.3715 | Loss: 0.3700 | Train Acc: 0.7819 | Time: 11.7s
2026-03-23 13:46:33 - Epoch [63/100] LR(backbone/head): 7.105106e-06/7.105106e-05 | WarmupCosineFactor: 0.3553 | Loss: 0.3693 | Train Acc: 0.8031 | Time: 11.8s
2026-03-23 13:46:45 - Epoch [64/100] LR(backbone/head): 6.784692e-06/6.784692e-05 | WarmupCosineFactor: 0.3392 | Loss: 0.3917 | Train Acc: 0.7508 | Time: 11.6s
2026-03-23 13:46:57 - Epoch [65/100] LR(backbone/head): 6.468143e-06/6.468143e-05 | WarmupCosineFactor: 0.3234 | Loss: 0.3628 | Train Acc: 0.7917 | Time: 11.8s
2026-03-23 13:46:57 - ----------------------------------------
2026-03-23 13:46:58 - [Test] Acc: 0.7036 | Precision(macro): 0.6066 | Recall(macro): 0.6104 | F1(macro): 0.6083
2026-03-23 13:46:58 - [Test] Classification Report:
              precision    recall  f1-score   support

      benign     0.4044    0.4264    0.4151       129
    no_tumor     0.8088    0.7944    0.8015       394

    accuracy                         0.7036       523
   macro avg     0.6066    0.6104    0.6083       523
weighted avg     0.7090    0.7036    0.7062       523

2026-03-23 13:46:58 - ----------------------------------------
2026-03-23 13:47:10 - Epoch [66/100] LR(backbone/head): 6.155829e-06/6.155829e-05 | WarmupCosineFactor: 0.3078 | Loss: 0.3730 | Train Acc: 0.7688 | Time: 11.6s
2026-03-23 13:47:22 - Epoch [67/100] LR(backbone/head): 5.848114e-06/5.848114e-05 | WarmupCosineFactor: 0.2924 | Loss: 0.3532 | Train Acc: 0.7949 | Time: 11.7s
2026-03-23 13:47:33 - Epoch [68/100] LR(backbone/head): 5.545356e-06/5.545356e-05 | WarmupCosineFactor: 0.2773 | Loss: 0.3425 | Train Acc: 0.7704 | Time: 11.8s
2026-03-23 13:47:45 - Epoch [69/100] LR(backbone/head): 5.247909e-06/5.247909e-05 | WarmupCosineFactor: 0.2624 | Loss: 0.3534 | Train Acc: 0.8252 | Time: 11.8s
2026-03-23 13:47:57 - Epoch [70/100] LR(backbone/head): 4.956119e-06/4.956119e-05 | WarmupCosineFactor: 0.2478 | Loss: 0.3612 | Train Acc: 0.7721 | Time: 11.6s
2026-03-23 13:47:57 - ----------------------------------------
2026-03-23 13:47:58 - [Test] Acc: 0.7094 | Precision(macro): 0.5917 | Recall(macro): 0.5803 | F1(macro): 0.5841
2026-03-23 13:47:58 - [Test] Classification Report:
              precision    recall  f1-score   support

      benign     0.3925    0.3256    0.3559       129
    no_tumor     0.7909    0.8350    0.8123       394

    accuracy                         0.7094       523
   macro avg     0.5917    0.5803    0.5841       523
weighted avg     0.6926    0.7094    0.6998       523

2026-03-23 13:47:58 - ----------------------------------------
2026-03-23 13:48:10 - Epoch [71/100] LR(backbone/head): 4.670326e-06/4.670326e-05 | WarmupCosineFactor: 0.2335 | Loss: 0.3156 | Train Acc: 0.8096 | Time: 11.8s
2026-03-23 13:48:22 - Epoch [72/100] LR(backbone/head): 4.390865e-06/4.390865e-05 | WarmupCosineFactor: 0.2195 | Loss: 0.3475 | Train Acc: 0.7827 | Time: 11.9s
2026-03-23 13:48:34 - Epoch [73/100] LR(backbone/head): 4.118060e-06/4.118060e-05 | WarmupCosineFactor: 0.2059 | Loss: 0.3371 | Train Acc: 0.7900 | Time: 11.9s
2026-03-23 13:48:46 - Epoch [74/100] LR(backbone/head): 3.852229e-06/3.852229e-05 | WarmupCosineFactor: 0.1926 | Loss: 0.3400 | Train Acc: 0.8015 | Time: 11.9s
2026-03-23 13:48:58 - Epoch [75/100] LR(backbone/head): 3.593684e-06/3.593684e-05 | WarmupCosineFactor: 0.1797 | Loss: 0.3347 | Train Acc: 0.7786 | Time: 11.8s
2026-03-23 13:48:58 - ----------------------------------------
2026-03-23 13:48:59 - [Test] Acc: 0.7323 | Precision(macro): 0.6067 | Recall(macro): 0.5721 | F1(macro): 0.5769
2026-03-23 13:48:59 - [Test] Classification Report:
              precision    recall  f1-score   support

      benign     0.4286    0.2558    0.3204       129
    no_tumor     0.7848    0.8883    0.8333       394

    accuracy                         0.7323       523
   macro avg     0.6067    0.5721    0.5769       523
weighted avg     0.6969    0.7323    0.7068       523

2026-03-23 13:48:59 - ----------------------------------------
2026-03-23 13:49:11 - Epoch [76/100] LR(backbone/head): 3.342724e-06/3.342724e-05 | WarmupCosineFactor: 0.1671 | Loss: 0.3429 | Train Acc: 0.7884 | Time: 11.7s
2026-03-23 13:49:23 - Epoch [77/100] LR(backbone/head): 3.099643e-06/3.099643e-05 | WarmupCosineFactor: 0.1550 | Loss: 0.3312 | Train Acc: 0.7745 | Time: 11.9s
2026-03-23 13:49:34 - Epoch [78/100] LR(backbone/head): 2.864724e-06/2.864724e-05 | WarmupCosineFactor: 0.1432 | Loss: 0.3369 | Train Acc: 0.7958 | Time: 11.8s
2026-03-23 13:49:46 - Epoch [79/100] LR(backbone/head): 2.638241e-06/2.638241e-05 | WarmupCosineFactor: 0.1319 | Loss: 0.3529 | Train Acc: 0.7810 | Time: 11.7s
2026-03-23 13:49:58 - Epoch [80/100] LR(backbone/head): 2.420458e-06/2.420458e-05 | WarmupCosineFactor: 0.1210 | Loss: 0.3442 | Train Acc: 0.7917 | Time: 11.9s
2026-03-23 13:49:58 - ----------------------------------------
2026-03-23 13:49:59 - [Test] Acc: 0.7132 | Precision(macro): 0.5908 | Recall(macro): 0.5750 | F1(macro): 0.5794
2026-03-23 13:49:59 - [Test] Classification Report:
              precision    recall  f1-score   support

      benign     0.3939    0.3023    0.3421       129
    no_tumor     0.7877    0.8477    0.8166       394

    accuracy                         0.7132       523
   macro avg     0.5908    0.5750    0.5794       523
weighted avg     0.6906    0.7132    0.6996       523

2026-03-23 13:49:59 - ----------------------------------------
2026-03-23 13:50:11 - Epoch [81/100] LR(backbone/head): 2.211629e-06/2.211629e-05 | WarmupCosineFactor: 0.1106 | Loss: 0.3205 | Train Acc: 0.7843 | Time: 11.7s
2026-03-23 13:50:23 - Epoch [82/100] LR(backbone/head): 2.011998e-06/2.011998e-05 | WarmupCosineFactor: 0.1006 | Loss: 0.3401 | Train Acc: 0.7859 | Time: 11.6s
2026-03-23 13:50:35 - Epoch [83/100] LR(backbone/head): 1.821797e-06/1.821797e-05 | WarmupCosineFactor: 0.0911 | Loss: 0.3350 | Train Acc: 0.7835 | Time: 11.8s
2026-03-23 13:50:46 - Epoch [84/100] LR(backbone/head): 1.641248e-06/1.641248e-05 | WarmupCosineFactor: 0.0821 | Loss: 0.3481 | Train Acc: 0.7917 | Time: 11.7s
2026-03-23 13:50:58 - Epoch [85/100] LR(backbone/head): 1.470561e-06/1.470561e-05 | WarmupCosineFactor: 0.0735 | Loss: 0.3520 | Train Acc: 0.7663 | Time: 11.9s
2026-03-23 13:50:58 - ----------------------------------------
2026-03-23 13:51:00 - [Test] Acc: 0.7247 | Precision(macro): 0.6002 | Recall(macro): 0.5748 | F1(macro): 0.5799
2026-03-23 13:51:00 - [Test] Classification Report:
              precision    recall  f1-score   support

      benign     0.4138    0.2791    0.3333       129
    no_tumor     0.7867    0.8706    0.8265       394

    accuracy                         0.7247       523
   macro avg     0.6002    0.5748    0.5799       523
weighted avg     0.6947    0.7247    0.7049       523

2026-03-23 13:51:00 - ----------------------------------------
2026-03-23 13:51:11 - Epoch [86/100] LR(backbone/head): 1.309936e-06/1.309936e-05 | WarmupCosineFactor: 0.0655 | Loss: 0.3340 | Train Acc: 0.8080 | Time: 11.7s
2026-03-23 13:51:23 - Epoch [87/100] LR(backbone/head): 1.159560e-06/1.159560e-05 | WarmupCosineFactor: 0.0580 | Loss: 0.3674 | Train Acc: 0.7819 | Time: 11.4s
2026-03-23 13:51:34 - Epoch [88/100] LR(backbone/head): 1.019608e-06/1.019608e-05 | WarmupCosineFactor: 0.0510 | Loss: 0.3366 | Train Acc: 0.8211 | Time: 11.4s
2026-03-23 13:51:46 - Epoch [89/100] LR(backbone/head): 8.902434e-07/8.902434e-06 | WarmupCosineFactor: 0.0445 | Loss: 0.3452 | Train Acc: 0.7819 | Time: 11.7s
2026-03-23 13:51:58 - Epoch [90/100] LR(backbone/head): 7.716169e-07/7.716169e-06 | WarmupCosineFactor: 0.0386 | Loss: 0.3128 | Train Acc: 0.7851 | Time: 11.9s
2026-03-23 13:51:58 - ----------------------------------------
2026-03-23 13:51:59 - [Test] Acc: 0.7247 | Precision(macro): 0.6095 | Recall(macro): 0.5905 | F1(macro): 0.5962
2026-03-23 13:51:59 - [Test] Classification Report:
              precision    recall  f1-score   support

      benign     0.4242    0.3256    0.3684       129
    no_tumor     0.7948    0.8553    0.8240       394

    accuracy                         0.7247       523
   macro avg     0.6095    0.5905    0.5962       523
weighted avg     0.7034    0.7247    0.7116       523

2026-03-23 13:51:59 - ----------------------------------------
2026-03-23 13:52:11 - Epoch [91/100] LR(backbone/head): 6.638668e-07/6.638668e-06 | WarmupCosineFactor: 0.0332 | Loss: 0.3042 | Train Acc: 0.8194 | Time: 11.6s
2026-03-23 13:52:23 - Epoch [92/100] LR(backbone/head): 5.671189e-07/5.671189e-06 | WarmupCosineFactor: 0.0284 | Loss: 0.3557 | Train Acc: 0.7696 | Time: 11.8s
2026-03-23 13:52:34 - Epoch [93/100] LR(backbone/head): 4.814858e-07/4.814858e-06 | WarmupCosineFactor: 0.0241 | Loss: 0.3423 | Train Acc: 0.7917 | Time: 11.6s
2026-03-23 13:52:46 - Epoch [94/100] LR(backbone/head): 4.070675e-07/4.070675e-06 | WarmupCosineFactor: 0.0204 | Loss: 0.3426 | Train Acc: 0.7827 | Time: 11.7s
2026-03-23 13:52:58 - Epoch [95/100] LR(backbone/head): 3.439508e-07/3.439508e-06 | WarmupCosineFactor: 0.0172 | Loss: 0.3250 | Train Acc: 0.7990 | Time: 11.9s
2026-03-23 13:52:58 - ----------------------------------------
2026-03-23 13:52:59 - [Test] Acc: 0.7285 | Precision(macro): 0.6086 | Recall(macro): 0.5826 | F1(macro): 0.5886
2026-03-23 13:52:59 - [Test] Classification Report:
              precision    recall  f1-score   support

      benign     0.4270    0.2946    0.3486       129
    no_tumor     0.7903    0.8706    0.8285       394

    accuracy                         0.7285       523
   macro avg     0.6086    0.5826    0.5886       523
weighted avg     0.7007    0.7285    0.7101       523

2026-03-23 13:52:59 - ----------------------------------------
2026-03-23 13:53:11 - Epoch [96/100] LR(backbone/head): 2.922091e-07/2.922091e-06 | WarmupCosineFactor: 0.0146 | Loss: 0.3457 | Train Acc: 0.7843 | Time: 11.8s
2026-03-23 13:53:23 - Epoch [97/100] LR(backbone/head): 2.519029e-07/2.519029e-06 | WarmupCosineFactor: 0.0126 | Loss: 0.3233 | Train Acc: 0.8194 | Time: 11.6s
2026-03-23 13:53:34 - Epoch [98/100] LR(backbone/head): 2.230792e-07/2.230792e-06 | WarmupCosineFactor: 0.0112 | Loss: 0.3302 | Train Acc: 0.7958 | Time: 11.8s
2026-03-23 13:53:46 - Epoch [99/100] LR(backbone/head): 2.057715e-07/2.057715e-06 | WarmupCosineFactor: 0.0103 | Loss: 0.3321 | Train Acc: 0.7868 | Time: 11.9s
2026-03-23 13:53:58 - Epoch [100/100] LR(backbone/head): 2.000000e-07/2.000000e-06 | WarmupCosineFactor: 0.0100 | Loss: 0.3273 | Train Acc: 0.7712 | Time: 11.8s
2026-03-23 13:53:58 - ----------------------------------------
2026-03-23 13:54:00 - [Test] Acc: 0.7285 | Precision(macro): 0.6086 | Recall(macro): 0.5826 | F1(macro): 0.5886
2026-03-23 13:54:00 - [Test] Classification Report:
              precision    recall  f1-score   support

      benign     0.4270    0.2946    0.3486       129
    no_tumor     0.7903    0.8706    0.8285       394

    accuracy                         0.7285       523
   macro avg     0.6086    0.5826    0.5886       523
weighted avg     0.7007    0.7285    0.7101       523

2026-03-23 13:54:00 - ----------------------------------------
2026-03-23 13:54:00 - 
============================================================
2026-03-23 13:54:00 - 训练完成! 最优模型: Epoch 45, F1: 0.6126
2026-03-23 13:54:00 - ============================================================
2026-03-23 13:54:00 - 
加载最优权重进行最终测试...
2026-03-23 13:54:00 - ============================================================
2026-03-23 13:54:00 - 最终测试结果 (最优权重, threshold=0.5)
2026-03-23 13:54:00 - ============================================================
2026-03-23 13:54:01 - [Final Test] Acc: 0.7113 | Precision(macro): 0.6123 | Recall(macro): 0.6129 | F1(macro): 0.6126
2026-03-23 13:54:01 - [Final Test] Classification Report:
              precision    recall  f1-score   support

      benign     0.4154    0.4186    0.4170       129
    no_tumor     0.8092    0.8071    0.8081       394

    accuracy                         0.7113       523
   macro avg     0.6123    0.6129    0.6126       523
weighted avg     0.7120    0.7113    0.7117       523

2026-03-23 13:54:01 - 
============================================================
2026-03-23 13:54:01 - 阈值优化搜索 (在测试集上寻找最优 F1 的分类阈值)
2026-03-23 13:54:01 - ============================================================
2026-03-23 13:54:03 - 最优阈值: 0.745 (F1: 0.6328 vs 默认0.5 F1: 0.6126)
2026-03-23 13:54:04 - [Final Test (最优阈值)] Threshold: 0.745 | Acc: 0.7457 | Precision(macro): 0.6461 | Recall(macro): 0.6253 | F1(macro): 0.6328
2026-03-23 13:54:04 - [Final Test (最优阈值)] Classification Report:
              precision    recall  f1-score   support

      benign     0.4808    0.3876    0.4292       129
    no_tumor     0.8115    0.8629    0.8364       394

    accuracy                         0.7457       523
   macro avg     0.6461    0.6253    0.6328       523
weighted avg     0.7299    0.7457    0.7360       523

2026-03-23 13:54:04 - 训练脚本已复制到: /data1/ouyangxinglong/GBP-Cascade/logs/20260323_task2_SwinV2_seed1024/20260323_task2_multiseed_train.py
