2026-04-15 14:13:12 - ======================================================================
2026-04-15 14:13:12 - 实验名称: 20260415_task2_SwinV2Tiny_segcls_18_2
2026-04-15 14:13:12 - 模型: SwinV2-Tiny@256 + 4ch + BERT CrossAttn + BERT[CLS] + 10D ExtMeta + Gated Trimodal Fusion
2026-04-15 14:13:12 - 修改: Exp#18_2: 优先不漏benign; 训练用benign偏置采样(target=0.60) + benign_loss_weight=1.25; 模型选择标准改为: 满足benign漏检约束时最大化no_tumor召回
2026-04-15 14:13:12 - 输入通道: 4
2026-04-15 14:13:12 - 图像尺寸: 256
2026-04-15 14:13:12 - 分割类别: 2
2026-04-15 14:13:12 - 分类类别: ['benign', 'no_tumor']
2026-04-15 14:13:12 - Batch Size: 8
2026-04-15 14:13:12 - Backbone LR: 2e-05
2026-04-15 14:13:12 - Head LR: 0.0002
2026-04-15 14:13:12 - Weight Decay: 0.05
2026-04-15 14:13:12 - Warmup Epochs: 10
2026-04-15 14:13:12 - Lambda Cls: 2.0
2026-04-15 14:13:12 - Label Smoothing: 0.1
2026-04-15 14:13:12 - Benign目标采样占比: 0.60
2026-04-15 14:13:12 - Benign分类损失权重: 1.25
2026-04-15 14:13:12 - Benign漏检率约束: <= 5.00%
2026-04-15 14:13:12 - 高置信no_tumor阈值: 0.90
2026-04-15 14:13:12 - 校准分箱数: 10
2026-04-15 14:13:12 - Seed: 42
2026-04-15 14:13:12 - Epochs: 100
2026-04-15 14:13:12 - Grad Clip: 1.0
2026-04-15 14:13:12 - 设备: cuda
2026-04-15 14:13:12 - ======================================================================
2026-04-15 14:13:14 - 训练集: 1229 张 (benign=309, no_tumor=920)
2026-04-15 14:13:14 - 采样策略: WeightedRandomSampler target benign ratio=0.60
2026-04-15 14:13:14 - 测试集: 523 张 (benign=129, no_tumor=394)
2026-04-15 14:13:17 - 模型参数量: 137,439,313 (含BERT)
2026-04-15 14:13:17 - 可训练参数量: 35,171,665 (BERT冻结)
2026-04-15 14:13:17 - 分类类别权重: benign=1.2500, no_tumor=1.0000
2026-04-15 14:13:17 - 分割类别权重: bg=1.0, lesion=5.0
2026-04-15 14:13:17 - 
======================================================================
2026-04-15 14:13:17 - 开始训练
2026-04-15 14:13:17 - ======================================================================
2026-04-15 14:13:41 - Epoch [1/100] LR: 2.00e-06/2.00e-05 | Loss: 2.0065 (seg=0.7061, cls=0.6502) | Cls Acc: 0.6103 | Seg IoU: 0.6493 | Seg Dice: 0.7279 | 24.3s
2026-04-15 14:14:05 - Epoch [2/100] LR: 4.00e-06/4.00e-05 | Loss: 1.5407 (seg=0.2874, cls=0.6267) | Cls Acc: 0.6209 | Seg IoU: 0.8973 | Seg Dice: 0.9457 | 23.1s
2026-04-15 14:14:26 - Epoch [3/100] LR: 6.00e-06/6.00e-05 | Loss: 1.4069 (seg=0.2128, cls=0.5971) | Cls Acc: 0.6601 | Seg IoU: 0.9208 | Seg Dice: 0.9586 | 21.8s
2026-04-15 14:14:49 - Epoch [4/100] LR: 8.00e-06/8.00e-05 | Loss: 1.3069 (seg=0.1671, cls=0.5699) | Cls Acc: 0.6993 | Seg IoU: 0.9378 | Seg Dice: 0.9678 | 22.4s
2026-04-15 14:15:11 - Epoch [5/100] LR: 1.00e-05/1.00e-04 | Loss: 1.2110 (seg=0.1282, cls=0.5414) | Cls Acc: 0.7467 | Seg IoU: 0.9507 | Seg Dice: 0.9747 | 22.1s
2026-04-15 14:15:11 - --------------------------------------------------
2026-04-15 14:15:16 - [Test] Cls — Acc: 0.6788 | P(macro): 0.6176 | R(macro): 0.6460 | F1(macro): 0.6205
2026-04-15 14:15:16 - [Test] Seg — Lesion IoU: 0.9284 | Lesion Dice: 0.9628
2026-04-15 14:15:16 - [Test] Classification Report:
              precision    recall  f1-score   support

      benign     0.3968    0.5814    0.4717       129
    no_tumor     0.8383    0.7107    0.7692       394

    accuracy                         0.6788       523
   macro avg     0.6176    0.6460    0.6205       523
weighted avg     0.7294    0.6788    0.6958       523

2026-04-15 14:15:23 - [Policy] threshold=0.114 | benign漏检率=4.65% | no_tumor召回=11.42% | no_tumor精度=88.24% | F1(macro)=0.3058
2026-04-15 14:15:24 - *** 保存最优模型(临床策略) (Epoch=5, benign漏检=4.65%, no_tumor召回=11.42%) ***
2026-04-15 14:15:24 - --------------------------------------------------
2026-04-15 14:15:47 - Epoch [6/100] LR: 1.20e-05/1.20e-04 | Loss: 1.1398 (seg=0.0927, cls=0.5236) | Cls Acc: 0.7598 | Seg IoU: 0.9583 | Seg Dice: 0.9787 | 22.9s
2026-04-15 14:16:09 - Epoch [7/100] LR: 1.40e-05/1.40e-04 | Loss: 1.1463 (seg=0.0684, cls=0.5389) | Cls Acc: 0.7541 | Seg IoU: 0.9641 | Seg Dice: 0.9817 | 22.0s
2026-04-15 14:16:30 - Epoch [8/100] LR: 1.60e-05/1.60e-04 | Loss: 1.0857 (seg=0.0516, cls=0.5171) | Cls Acc: 0.7721 | Seg IoU: 0.9690 | Seg Dice: 0.9842 | 21.5s
2026-04-15 14:16:52 - Epoch [9/100] LR: 1.80e-05/1.80e-04 | Loss: 0.9667 (seg=0.0407, cls=0.4630) | Cls Acc: 0.8194 | Seg IoU: 0.9708 | Seg Dice: 0.9852 | 21.6s
2026-04-15 14:17:14 - Epoch [10/100] LR: 2.00e-05/2.00e-04 | Loss: 0.9924 (seg=0.0330, cls=0.4797) | Cls Acc: 0.8064 | Seg IoU: 0.9730 | Seg Dice: 0.9863 | 22.1s
2026-04-15 14:17:14 - --------------------------------------------------
2026-04-15 14:17:19 - [Test] Cls — Acc: 0.5258 | P(macro): 0.6002 | R(macro): 0.6253 | F1(macro): 0.5188
2026-04-15 14:17:19 - [Test] Seg — Lesion IoU: 0.9719 | Lesion Dice: 0.9858
2026-04-15 14:17:19 - [Test] Classification Report:
              precision    recall  f1-score   support

      benign     0.3202    0.8217    0.4609       129
    no_tumor     0.8802    0.4289    0.5768       394

    accuracy                         0.5258       523
   macro avg     0.6002    0.6253    0.5188       523
weighted avg     0.7421    0.5258    0.5482       523

2026-04-15 14:17:26 - [Policy] threshold=0.113 | benign漏检率=4.65% | no_tumor召回=12.94% | no_tumor精度=89.47% | F1(macro)=0.3198
2026-04-15 14:17:29 - *** 保存最优模型(临床策略) (Epoch=10, benign漏检=4.65%, no_tumor召回=12.94%) ***
2026-04-15 14:17:29 - --------------------------------------------------
2026-04-15 14:17:50 - Epoch [11/100] LR: 2.00e-05/2.00e-04 | Loss: 0.9970 (seg=0.0269, cls=0.4850) | Cls Acc: 0.8031 | Seg IoU: 0.9753 | Seg Dice: 0.9875 | 21.6s
2026-04-15 14:18:12 - Epoch [12/100] LR: 2.00e-05/2.00e-04 | Loss: 0.9614 (seg=0.0240, cls=0.4687) | Cls Acc: 0.8064 | Seg IoU: 0.9720 | Seg Dice: 0.9857 | 22.0s
2026-04-15 14:18:34 - Epoch [13/100] LR: 1.99e-05/1.99e-04 | Loss: 0.8890 (seg=0.0205, cls=0.4343) | Cls Acc: 0.8391 | Seg IoU: 0.9741 | Seg Dice: 0.9869 | 21.7s
2026-04-15 14:18:56 - Epoch [14/100] LR: 1.99e-05/1.99e-04 | Loss: 0.9013 (seg=0.0179, cls=0.4417) | Cls Acc: 0.8268 | Seg IoU: 0.9764 | Seg Dice: 0.9880 | 21.8s
2026-04-15 14:19:18 - Epoch [15/100] LR: 1.98e-05/1.98e-04 | Loss: 0.8437 (seg=0.0159, cls=0.4139) | Cls Acc: 0.8546 | Seg IoU: 0.9783 | Seg Dice: 0.9890 | 21.7s
2026-04-15 14:19:18 - --------------------------------------------------
2026-04-15 14:19:23 - [Test] Cls — Acc: 0.6807 | P(macro): 0.6282 | R(macro): 0.6629 | F1(macro): 0.6297
2026-04-15 14:19:23 - [Test] Seg — Lesion IoU: 0.9659 | Lesion Dice: 0.9826
2026-04-15 14:19:23 - [Test] Classification Report:
              precision    recall  f1-score   support

      benign     0.4050    0.6279    0.4924       129
    no_tumor     0.8514    0.6980    0.7671       394

    accuracy                         0.6807       523
   macro avg     0.6282    0.6629    0.6297       523
weighted avg     0.7413    0.6807    0.6993       523

2026-04-15 14:19:29 - [Policy] threshold=0.046 | benign漏检率=4.65% | no_tumor召回=8.63% | no_tumor精度=85.00% | F1(macro)=0.2793
2026-04-15 14:19:29 - --------------------------------------------------
2026-04-15 14:19:51 - Epoch [16/100] LR: 1.98e-05/1.98e-04 | Loss: 0.8558 (seg=0.0145, cls=0.4206) | Cls Acc: 0.8562 | Seg IoU: 0.9788 | Seg Dice: 0.9893 | 21.3s
2026-04-15 14:20:12 - Epoch [17/100] LR: 1.97e-05/1.97e-04 | Loss: 0.7872 (seg=0.0171, cls=0.3850) | Cls Acc: 0.8791 | Seg IoU: 0.9703 | Seg Dice: 0.9849 | 21.4s
2026-04-15 14:20:34 - Epoch [18/100] LR: 1.96e-05/1.96e-04 | Loss: 0.7695 (seg=0.0119, cls=0.3788) | Cls Acc: 0.8864 | Seg IoU: 0.9818 | Seg Dice: 0.9908 | 21.7s
2026-04-15 14:20:55 - Epoch [19/100] LR: 1.95e-05/1.95e-04 | Loss: 0.7314 (seg=0.0108, cls=0.3603) | Cls Acc: 0.8962 | Seg IoU: 0.9822 | Seg Dice: 0.9910 | 21.4s
2026-04-15 14:21:16 - Epoch [20/100] LR: 1.94e-05/1.94e-04 | Loss: 0.7197 (seg=0.0113, cls=0.3542) | Cls Acc: 0.9044 | Seg IoU: 0.9791 | Seg Dice: 0.9894 | 21.4s
2026-04-15 14:21:16 - --------------------------------------------------
2026-04-15 14:21:22 - [Test] Cls — Acc: 0.7400 | P(macro): 0.6397 | R(macro): 0.6241 | F1(macro): 0.6301
2026-04-15 14:21:22 - [Test] Seg — Lesion IoU: 0.9714 | Lesion Dice: 0.9855
2026-04-15 14:21:22 - [Test] Classification Report:
              precision    recall  f1-score   support

      benign     0.4679    0.3953    0.4286       129
    no_tumor     0.8116    0.8528    0.8317       394

    accuracy                         0.7400       523
   macro avg     0.6397    0.6241    0.6301       523
weighted avg     0.7268    0.7400    0.7323       523

2026-04-15 14:21:28 - [Policy] threshold=0.037 | benign漏检率=4.65% | no_tumor召回=12.69% | no_tumor精度=89.29% | F1(macro)=0.3175
2026-04-15 14:21:28 - --------------------------------------------------
2026-04-15 14:21:51 - Epoch [21/100] LR: 1.93e-05/1.93e-04 | Loss: 0.7113 (seg=0.0120, cls=0.3497) | Cls Acc: 0.9060 | Seg IoU: 0.9775 | Seg Dice: 0.9885 | 22.3s
2026-04-15 14:22:13 - Epoch [22/100] LR: 1.91e-05/1.91e-04 | Loss: 0.6717 (seg=0.0083, cls=0.3317) | Cls Acc: 0.9101 | Seg IoU: 0.9849 | Seg Dice: 0.9924 | 22.1s
2026-04-15 14:22:35 - Epoch [23/100] LR: 1.90e-05/1.90e-04 | Loss: 0.6298 (seg=0.0075, cls=0.3112) | Cls Acc: 0.9289 | Seg IoU: 0.9864 | Seg Dice: 0.9931 | 21.8s
2026-04-15 14:22:56 - Epoch [24/100] LR: 1.88e-05/1.88e-04 | Loss: 0.6654 (seg=0.0073, cls=0.3290) | Cls Acc: 0.9232 | Seg IoU: 0.9860 | Seg Dice: 0.9929 | 21.9s
2026-04-15 14:23:18 - Epoch [25/100] LR: 1.87e-05/1.87e-04 | Loss: 0.6453 (seg=0.0068, cls=0.3192) | Cls Acc: 0.9314 | Seg IoU: 0.9872 | Seg Dice: 0.9935 | 21.9s
2026-04-15 14:23:18 - --------------------------------------------------
2026-04-15 14:23:24 - [Test] Cls — Acc: 0.7036 | P(macro): 0.5856 | R(macro): 0.5765 | F1(macro): 0.5797
2026-04-15 14:23:24 - [Test] Seg — Lesion IoU: 0.9887 | Lesion Dice: 0.9943
2026-04-15 14:23:24 - [Test] Classification Report:
              precision    recall  f1-score   support

      benign     0.3818    0.3256    0.3515       129
    no_tumor     0.7893    0.8274    0.8079       394

    accuracy                         0.7036       523
   macro avg     0.5856    0.5765    0.5797       523
weighted avg     0.6888    0.7036    0.6953       523

2026-04-15 14:23:31 - [Policy] threshold=0.058 | benign漏检率=3.88% | no_tumor召回=7.36% | no_tumor精度=85.29% | F1(macro)=0.2684
2026-04-15 14:23:31 - --------------------------------------------------
2026-04-15 14:23:53 - Epoch [26/100] LR: 1.85e-05/1.85e-04 | Loss: 0.6785 (seg=0.0053, cls=0.3366) | Cls Acc: 0.9167 | Seg IoU: 0.9900 | Seg Dice: 0.9950 | 22.1s
2026-04-15 14:24:15 - Epoch [27/100] LR: 1.83e-05/1.83e-04 | Loss: 0.6646 (seg=0.0060, cls=0.3293) | Cls Acc: 0.9167 | Seg IoU: 0.9886 | Seg Dice: 0.9943 | 22.5s
2026-04-15 14:24:38 - Epoch [28/100] LR: 1.81e-05/1.81e-04 | Loss: 0.6173 (seg=0.0056, cls=0.3058) | Cls Acc: 0.9355 | Seg IoU: 0.9888 | Seg Dice: 0.9944 | 22.4s
2026-04-15 14:25:00 - Epoch [29/100] LR: 1.79e-05/1.79e-04 | Loss: 0.6291 (seg=0.0041, cls=0.3125) | Cls Acc: 0.9355 | Seg IoU: 0.9919 | Seg Dice: 0.9959 | 22.0s
2026-04-15 14:25:22 - Epoch [30/100] LR: 1.77e-05/1.77e-04 | Loss: 0.5738 (seg=0.0038, cls=0.2850) | Cls Acc: 0.9469 | Seg IoU: 0.9927 | Seg Dice: 0.9963 | 22.4s
2026-04-15 14:25:22 - --------------------------------------------------
2026-04-15 14:25:28 - [Test] Cls — Acc: 0.7247 | P(macro): 0.6232 | R(macro): 0.6165 | F1(macro): 0.6195
2026-04-15 14:25:28 - [Test] Seg — Lesion IoU: 0.9934 | Lesion Dice: 0.9967
2026-04-15 14:25:28 - [Test] Classification Report:
              precision    recall  f1-score   support

      benign     0.4370    0.4031    0.4194       129
    no_tumor     0.8094    0.8299    0.8195       394

    accuracy                         0.7247       523
   macro avg     0.6232    0.6165    0.6195       523
weighted avg     0.7175    0.7247    0.7208       523

2026-04-15 14:25:34 - [Policy] threshold=0.054 | benign漏检率=4.65% | no_tumor召回=17.51% | no_tumor精度=92.00% | F1(macro)=0.3603
2026-04-15 14:25:37 - *** 保存最优模型(临床策略) (Epoch=30, benign漏检=4.65%, no_tumor召回=17.51%) ***
2026-04-15 14:25:37 - --------------------------------------------------
2026-04-15 14:26:00 - Epoch [31/100] LR: 1.75e-05/1.75e-04 | Loss: 0.6005 (seg=0.0031, cls=0.2987) | Cls Acc: 0.9420 | Seg IoU: 0.9940 | Seg Dice: 0.9970 | 22.7s
2026-04-15 14:26:23 - Epoch [32/100] LR: 1.72e-05/1.72e-04 | Loss: 0.6068 (seg=0.0029, cls=0.3020) | Cls Acc: 0.9436 | Seg IoU: 0.9943 | Seg Dice: 0.9971 | 22.6s
2026-04-15 14:26:46 - Epoch [33/100] LR: 1.70e-05/1.70e-04 | Loss: 0.5650 (seg=0.0025, cls=0.2813) | Cls Acc: 0.9542 | Seg IoU: 0.9951 | Seg Dice: 0.9975 | 23.1s
2026-04-15 14:27:08 - Epoch [34/100] LR: 1.67e-05/1.67e-04 | Loss: 0.5661 (seg=0.0023, cls=0.2819) | Cls Acc: 0.9477 | Seg IoU: 0.9954 | Seg Dice: 0.9977 | 22.4s
2026-04-15 14:27:30 - Epoch [35/100] LR: 1.65e-05/1.65e-04 | Loss: 0.5697 (seg=0.0022, cls=0.2838) | Cls Acc: 0.9534 | Seg IoU: 0.9956 | Seg Dice: 0.9978 | 21.9s
2026-04-15 14:27:30 - --------------------------------------------------
2026-04-15 14:27:35 - [Test] Cls — Acc: 0.7361 | P(macro): 0.6472 | R(macro): 0.6502 | F1(macro): 0.6486
2026-04-15 14:27:35 - [Test] Seg — Lesion IoU: 0.9958 | Lesion Dice: 0.9979
2026-04-15 14:27:35 - [Test] Classification Report:
              precision    recall  f1-score   support

      benign     0.4662    0.4806    0.4733       129
    no_tumor     0.8282    0.8198    0.8240       394

    accuracy                         0.7361       523
   macro avg     0.6472    0.6502    0.6486       523
weighted avg     0.7389    0.7361    0.7375       523

2026-04-15 14:27:42 - [Policy] threshold=0.040 | benign漏检率=4.65% | no_tumor召回=5.58% | no_tumor精度=78.57% | F1(macro)=0.2492
2026-04-15 14:27:42 - --------------------------------------------------
2026-04-15 14:28:04 - Epoch [36/100] LR: 1.62e-05/1.62e-04 | Loss: 0.5956 (seg=0.0019, cls=0.2969) | Cls Acc: 0.9469 | Seg IoU: 0.9962 | Seg Dice: 0.9981 | 22.1s
2026-04-15 14:28:26 - Epoch [37/100] LR: 1.59e-05/1.59e-04 | Loss: 0.5446 (seg=0.0018, cls=0.2714) | Cls Acc: 0.9583 | Seg IoU: 0.9962 | Seg Dice: 0.9981 | 22.1s
2026-04-15 14:28:48 - Epoch [38/100] LR: 1.56e-05/1.56e-04 | Loss: 0.5158 (seg=0.0017, cls=0.2571) | Cls Acc: 0.9665 | Seg IoU: 0.9966 | Seg Dice: 0.9983 | 21.8s
2026-04-15 14:29:10 - Epoch [39/100] LR: 1.53e-05/1.53e-04 | Loss: 0.5280 (seg=0.0016, cls=0.2632) | Cls Acc: 0.9616 | Seg IoU: 0.9967 | Seg Dice: 0.9984 | 22.1s
2026-04-15 14:29:34 - Epoch [40/100] LR: 1.50e-05/1.50e-04 | Loss: 0.5520 (seg=0.0014, cls=0.2753) | Cls Acc: 0.9567 | Seg IoU: 0.9971 | Seg Dice: 0.9986 | 23.9s
2026-04-15 14:29:34 - --------------------------------------------------
2026-04-15 14:29:39 - [Test] Cls — Acc: 0.6711 | P(macro): 0.5865 | R(macro): 0.5992 | F1(macro): 0.5897
2026-04-15 14:29:39 - [Test] Seg — Lesion IoU: 0.9968 | Lesion Dice: 0.9984
2026-04-15 14:29:39 - [Test] Classification Report:
              precision    recall  f1-score   support

      benign     0.3665    0.4574    0.4069       129
    no_tumor     0.8066    0.7411    0.7725       394

    accuracy                         0.6711       523
   macro avg     0.5865    0.5992    0.5897       523
weighted avg     0.6981    0.6711    0.6823       523

2026-04-15 14:29:46 - [Policy] threshold=0.049 | benign漏检率=4.65% | no_tumor召回=10.15% | no_tumor精度=86.96% | F1(macro)=0.2939
2026-04-15 14:29:46 - --------------------------------------------------
2026-04-15 14:30:10 - Epoch [41/100] LR: 1.47e-05/1.47e-04 | Loss: 0.5077 (seg=0.0014, cls=0.2532) | Cls Acc: 0.9665 | Seg IoU: 0.9973 | Seg Dice: 0.9986 | 23.7s
2026-04-15 14:30:32 - Epoch [42/100] LR: 1.44e-05/1.44e-04 | Loss: 0.5395 (seg=0.0013, cls=0.2691) | Cls Acc: 0.9624 | Seg IoU: 0.9974 | Seg Dice: 0.9987 | 22.0s
2026-04-15 14:30:54 - Epoch [43/100] LR: 1.41e-05/1.41e-04 | Loss: 0.5111 (seg=0.0011, cls=0.2550) | Cls Acc: 0.9665 | Seg IoU: 0.9978 | Seg Dice: 0.9989 | 22.0s
2026-04-15 14:31:15 - Epoch [44/100] LR: 1.38e-05/1.38e-04 | Loss: 0.5141 (seg=0.0012, cls=0.2565) | Cls Acc: 0.9681 | Seg IoU: 0.9977 | Seg Dice: 0.9988 | 21.7s
2026-04-15 14:31:37 - Epoch [45/100] LR: 1.35e-05/1.35e-04 | Loss: 0.4961 (seg=0.0011, cls=0.2475) | Cls Acc: 0.9722 | Seg IoU: 0.9978 | Seg Dice: 0.9989 | 22.0s
2026-04-15 14:31:37 - --------------------------------------------------
2026-04-15 14:31:43 - [Test] Cls — Acc: 0.7476 | P(macro): 0.6380 | R(macro): 0.5953 | F1(macro): 0.6039
2026-04-15 14:31:43 - [Test] Seg — Lesion IoU: 0.9971 | Lesion Dice: 0.9985
2026-04-15 14:31:43 - [Test] Classification Report:
              precision    recall  f1-score   support

      benign     0.4810    0.2946    0.3654       129
    no_tumor     0.7950    0.8959    0.8425       394

    accuracy                         0.7476       523
   macro avg     0.6380    0.5953    0.6039       523
weighted avg     0.7176    0.7476    0.7248       523

2026-04-15 14:31:50 - [Policy] threshold=0.050 | benign漏检率=4.65% | no_tumor召回=2.54% | no_tumor精度=62.50% | F1(macro)=0.2178
2026-04-15 14:31:50 - --------------------------------------------------
2026-04-15 14:32:11 - Epoch [46/100] LR: 1.32e-05/1.32e-04 | Loss: 0.5129 (seg=0.0010, cls=0.2560) | Cls Acc: 0.9665 | Seg IoU: 0.9981 | Seg Dice: 0.9990 | 21.3s
2026-04-15 14:32:33 - Epoch [47/100] LR: 1.28e-05/1.28e-04 | Loss: 0.4845 (seg=0.0010, cls=0.2417) | Cls Acc: 0.9722 | Seg IoU: 0.9979 | Seg Dice: 0.9990 | 21.6s
2026-04-15 14:32:54 - Epoch [48/100] LR: 1.25e-05/1.25e-04 | Loss: 0.5330 (seg=0.0008, cls=0.2661) | Cls Acc: 0.9624 | Seg IoU: 0.9983 | Seg Dice: 0.9991 | 21.7s
2026-04-15 14:33:16 - Epoch [49/100] LR: 1.22e-05/1.22e-04 | Loss: 0.5108 (seg=0.0008, cls=0.2550) | Cls Acc: 0.9722 | Seg IoU: 0.9983 | Seg Dice: 0.9992 | 21.6s
2026-04-15 14:33:38 - Epoch [50/100] LR: 1.18e-05/1.18e-04 | Loss: 0.5214 (seg=0.0008, cls=0.2603) | Cls Acc: 0.9673 | Seg IoU: 0.9984 | Seg Dice: 0.9992 | 22.3s
2026-04-15 14:33:38 - --------------------------------------------------
2026-04-15 14:33:44 - [Test] Cls — Acc: 0.7476 | P(macro): 0.6416 | R(macro): 0.6057 | F1(macro): 0.6149
2026-04-15 14:33:44 - [Test] Seg — Lesion IoU: 0.9981 | Lesion Dice: 0.9991
2026-04-15 14:33:44 - [Test] Classification Report:
              precision    recall  f1-score   support

      benign     0.4828    0.3256    0.3889       129
    no_tumor     0.8005    0.8858    0.8410       394

    accuracy                         0.7476       523
   macro avg     0.6416    0.6057    0.6149       523
weighted avg     0.7221    0.7476    0.7295       523

2026-04-15 14:33:50 - [Policy] threshold=0.056 | benign漏检率=1.55% | no_tumor召回=2.28% | no_tumor精度=81.82% | F1(macro)=0.2204
2026-04-15 14:33:50 - --------------------------------------------------
2026-04-15 14:34:12 - Epoch [51/100] LR: 1.15e-05/1.15e-04 | Loss: 0.4941 (seg=0.0008, cls=0.2467) | Cls Acc: 0.9739 | Seg IoU: 0.9984 | Seg Dice: 0.9992 | 21.8s
2026-04-15 14:34:34 - Epoch [52/100] LR: 1.11e-05/1.11e-04 | Loss: 0.4673 (seg=0.0007, cls=0.2333) | Cls Acc: 0.9788 | Seg IoU: 0.9986 | Seg Dice: 0.9993 | 21.4s
2026-04-15 14:34:55 - Epoch [53/100] LR: 1.08e-05/1.08e-04 | Loss: 0.4575 (seg=0.0008, cls=0.2283) | Cls Acc: 0.9812 | Seg IoU: 0.9984 | Seg Dice: 0.9992 | 21.7s
2026-04-15 14:35:17 - Epoch [54/100] LR: 1.04e-05/1.04e-04 | Loss: 0.4938 (seg=0.0007, cls=0.2465) | Cls Acc: 0.9714 | Seg IoU: 0.9985 | Seg Dice: 0.9992 | 22.1s
2026-04-15 14:35:39 - Epoch [55/100] LR: 1.01e-05/1.01e-04 | Loss: 0.4560 (seg=0.0007, cls=0.2277) | Cls Acc: 0.9820 | Seg IoU: 0.9987 | Seg Dice: 0.9993 | 21.8s
2026-04-15 14:35:39 - --------------------------------------------------
2026-04-15 14:35:45 - [Test] Cls — Acc: 0.7094 | P(macro): 0.6176 | R(macro): 0.6246 | F1(macro): 0.6206
2026-04-15 14:35:45 - [Test] Seg — Lesion IoU: 0.9983 | Lesion Dice: 0.9992
2026-04-15 14:35:45 - [Test] Classification Report:
              precision    recall  f1-score   support

      benign     0.4184    0.4574    0.4370       129
    no_tumor     0.8168    0.7919    0.8041       394

    accuracy                         0.7094       523
   macro avg     0.6176    0.6246    0.6206       523
weighted avg     0.7185    0.7094    0.7136       523

2026-04-15 14:35:51 - [Policy] threshold=0.049 | benign漏检率=4.65% | no_tumor召回=5.08% | no_tumor精度=76.92% | F1(macro)=0.2441
2026-04-15 14:35:51 - --------------------------------------------------
2026-04-15 14:36:12 - Epoch [56/100] LR: 9.75e-06/9.75e-05 | Loss: 0.4508 (seg=0.0006, cls=0.2251) | Cls Acc: 0.9820 | Seg IoU: 0.9989 | Seg Dice: 0.9994 | 21.3s
2026-04-15 14:36:34 - Epoch [57/100] LR: 9.41e-06/9.41e-05 | Loss: 0.4291 (seg=0.0006, cls=0.2143) | Cls Acc: 0.9886 | Seg IoU: 0.9987 | Seg Dice: 0.9993 | 21.4s
2026-04-15 14:36:56 - Epoch [58/100] LR: 9.07e-06/9.07e-05 | Loss: 0.4677 (seg=0.0006, cls=0.2335) | Cls Acc: 0.9804 | Seg IoU: 0.9987 | Seg Dice: 0.9994 | 21.8s
2026-04-15 14:37:17 - Epoch [59/100] LR: 8.72e-06/8.72e-05 | Loss: 0.4609 (seg=0.0006, cls=0.2302) | Cls Acc: 0.9788 | Seg IoU: 0.9988 | Seg Dice: 0.9994 | 21.5s
2026-04-15 14:37:38 - Epoch [60/100] LR: 8.38e-06/8.38e-05 | Loss: 0.4755 (seg=0.0006, cls=0.2374) | Cls Acc: 0.9788 | Seg IoU: 0.9988 | Seg Dice: 0.9994 | 21.3s
2026-04-15 14:37:38 - --------------------------------------------------
2026-04-15 14:37:44 - [Test] Cls — Acc: 0.7189 | P(macro): 0.6252 | R(macro): 0.6284 | F1(macro): 0.6267
2026-04-15 14:37:44 - [Test] Seg — Lesion IoU: 0.9986 | Lesion Dice: 0.9993
2026-04-15 14:37:44 - [Test] Classification Report:
              precision    recall  f1-score   support

      benign     0.4328    0.4496    0.4411       129
    no_tumor     0.8175    0.8071    0.8123       394

    accuracy                         0.7189       523
   macro avg     0.6252    0.6284    0.6267       523
weighted avg     0.7226    0.7189    0.7207       523

2026-04-15 14:37:50 - [Policy] threshold=0.058 | benign漏检率=3.88% | no_tumor召回=9.39% | no_tumor精度=88.10% | F1(macro)=0.2881
2026-04-15 14:37:50 - --------------------------------------------------
2026-04-15 14:38:11 - Epoch [61/100] LR: 8.04e-06/8.04e-05 | Loss: 0.4418 (seg=0.0005, cls=0.2207) | Cls Acc: 0.9877 | Seg IoU: 0.9990 | Seg Dice: 0.9995 | 21.3s
2026-04-15 14:38:33 - Epoch [62/100] LR: 7.70e-06/7.70e-05 | Loss: 0.4400 (seg=0.0005, cls=0.2198) | Cls Acc: 0.9861 | Seg IoU: 0.9990 | Seg Dice: 0.9995 | 21.4s
2026-04-15 14:38:54 - Epoch [63/100] LR: 7.37e-06/7.37e-05 | Loss: 0.4231 (seg=0.0005, cls=0.2113) | Cls Acc: 0.9910 | Seg IoU: 0.9990 | Seg Dice: 0.9995 | 21.2s
2026-04-15 14:39:16 - Epoch [64/100] LR: 7.04e-06/7.04e-05 | Loss: 0.4450 (seg=0.0005, cls=0.2223) | Cls Acc: 0.9853 | Seg IoU: 0.9990 | Seg Dice: 0.9995 | 21.6s
2026-04-15 14:39:37 - Epoch [65/100] LR: 6.71e-06/6.71e-05 | Loss: 0.4351 (seg=0.0005, cls=0.2173) | Cls Acc: 0.9886 | Seg IoU: 0.9990 | Seg Dice: 0.9995 | 21.3s
2026-04-15 14:39:37 - --------------------------------------------------
2026-04-15 14:39:42 - [Test] Cls — Acc: 0.7419 | P(macro): 0.6411 | R(macro): 0.6227 | F1(macro): 0.6295
2026-04-15 14:39:42 - [Test] Seg — Lesion IoU: 0.9989 | Lesion Dice: 0.9994
2026-04-15 14:39:42 - [Test] Classification Report:
              precision    recall  f1-score   support

      benign     0.4717    0.3876    0.4255       129
    no_tumor     0.8106    0.8579    0.8335       394

    accuracy                         0.7419       523
   macro avg     0.6411    0.6227    0.6295       523
weighted avg     0.7270    0.7419    0.7329       523

2026-04-15 14:39:49 - [Policy] threshold=0.050 | benign漏检率=3.10% | no_tumor召回=1.78% | no_tumor精度=63.64% | F1(macro)=0.2123
2026-04-15 14:39:49 - --------------------------------------------------
2026-04-15 14:40:11 - Epoch [66/100] LR: 6.39e-06/6.39e-05 | Loss: 0.4371 (seg=0.0005, cls=0.2183) | Cls Acc: 0.9886 | Seg IoU: 0.9990 | Seg Dice: 0.9995 | 22.0s
2026-04-15 14:40:32 - Epoch [67/100] LR: 6.07e-06/6.07e-05 | Loss: 0.4530 (seg=0.0004, cls=0.2263) | Cls Acc: 0.9837 | Seg IoU: 0.9991 | Seg Dice: 0.9995 | 21.7s
2026-04-15 14:40:55 - Epoch [68/100] LR: 5.76e-06/5.76e-05 | Loss: 0.4425 (seg=0.0004, cls=0.2211) | Cls Acc: 0.9894 | Seg IoU: 0.9991 | Seg Dice: 0.9996 | 22.0s
2026-04-15 14:41:17 - Epoch [69/100] LR: 5.45e-06/5.45e-05 | Loss: 0.4548 (seg=0.0004, cls=0.2272) | Cls Acc: 0.9820 | Seg IoU: 0.9992 | Seg Dice: 0.9996 | 22.0s
2026-04-15 14:41:39 - Epoch [70/100] LR: 5.15e-06/5.15e-05 | Loss: 0.4317 (seg=0.0004, cls=0.2156) | Cls Acc: 0.9886 | Seg IoU: 0.9992 | Seg Dice: 0.9996 | 22.4s
2026-04-15 14:41:39 - --------------------------------------------------
2026-04-15 14:41:44 - [Test] Cls — Acc: 0.7055 | P(macro): 0.5840 | R(macro): 0.5726 | F1(macro): 0.5761
2026-04-15 14:41:44 - [Test] Seg — Lesion IoU: 0.9989 | Lesion Dice: 0.9994
2026-04-15 14:41:44 - [Test] Classification Report:
              precision    recall  f1-score   support

      benign     0.3810    0.3101    0.3419       129
    no_tumor     0.7871    0.8350    0.8103       394

    accuracy                         0.7055       523
   macro avg     0.5840    0.5726    0.5761       523
weighted avg     0.6869    0.7055    0.6948       523

2026-04-15 14:41:51 - [Policy] threshold=0.051 | benign漏检率=4.65% | no_tumor召回=2.54% | no_tumor精度=62.50% | F1(macro)=0.2178
2026-04-15 14:41:51 - --------------------------------------------------
2026-04-15 14:42:13 - Epoch [71/100] LR: 4.85e-06/4.85e-05 | Loss: 0.4448 (seg=0.0004, cls=0.2222) | Cls Acc: 0.9869 | Seg IoU: 0.9992 | Seg Dice: 0.9996 | 21.7s
2026-04-15 14:42:35 - Epoch [72/100] LR: 4.56e-06/4.56e-05 | Loss: 0.4195 (seg=0.0004, cls=0.2096) | Cls Acc: 0.9910 | Seg IoU: 0.9992 | Seg Dice: 0.9996 | 22.1s
2026-04-15 14:42:57 - Epoch [73/100] LR: 4.28e-06/4.28e-05 | Loss: 0.4369 (seg=0.0004, cls=0.2183) | Cls Acc: 0.9877 | Seg IoU: 0.9992 | Seg Dice: 0.9996 | 21.7s
2026-04-15 14:43:19 - Epoch [74/100] LR: 4.00e-06/4.00e-05 | Loss: 0.4193 (seg=0.0004, cls=0.2095) | Cls Acc: 0.9918 | Seg IoU: 0.9991 | Seg Dice: 0.9996 | 22.0s
2026-04-15 14:43:41 - Epoch [75/100] LR: 3.74e-06/3.74e-05 | Loss: 0.4359 (seg=0.0004, cls=0.2178) | Cls Acc: 0.9886 | Seg IoU: 0.9992 | Seg Dice: 0.9996 | 22.2s
2026-04-15 14:43:41 - --------------------------------------------------
2026-04-15 14:43:46 - [Test] Cls — Acc: 0.7151 | P(macro): 0.5965 | R(macro): 0.5815 | F1(macro): 0.5861
2026-04-15 14:43:46 - [Test] Seg — Lesion IoU: 0.9990 | Lesion Dice: 0.9995
2026-04-15 14:43:46 - [Test] Classification Report:
              precision    recall  f1-score   support

      benign     0.4020    0.3178    0.3550       129
    no_tumor     0.7910    0.8452    0.8172       394

    accuracy                         0.7151       523
   macro avg     0.5965    0.5815    0.5861       523
weighted avg     0.6950    0.7151    0.7032       523

2026-04-15 14:43:53 - [Policy] threshold=0.055 | benign漏检率=3.88% | no_tumor召回=4.31% | no_tumor精度=77.27% | F1(macro)=0.2377
2026-04-15 14:43:53 - --------------------------------------------------
2026-04-15 14:44:15 - Epoch [76/100] LR: 3.48e-06/3.48e-05 | Loss: 0.4247 (seg=0.0004, cls=0.2121) | Cls Acc: 0.9918 | Seg IoU: 0.9993 | Seg Dice: 0.9996 | 21.9s
2026-04-15 14:44:37 - Epoch [77/100] LR: 3.22e-06/3.22e-05 | Loss: 0.4175 (seg=0.0003, cls=0.2086) | Cls Acc: 0.9926 | Seg IoU: 0.9994 | Seg Dice: 0.9997 | 21.8s
2026-04-15 14:44:59 - Epoch [78/100] LR: 2.98e-06/2.98e-05 | Loss: 0.4411 (seg=0.0004, cls=0.2204) | Cls Acc: 0.9845 | Seg IoU: 0.9993 | Seg Dice: 0.9996 | 22.3s
2026-04-15 14:45:21 - Epoch [79/100] LR: 2.74e-06/2.74e-05 | Loss: 0.4132 (seg=0.0003, cls=0.2064) | Cls Acc: 0.9935 | Seg IoU: 0.9993 | Seg Dice: 0.9996 | 22.0s
2026-04-15 14:45:44 - Epoch [80/100] LR: 2.52e-06/2.52e-05 | Loss: 0.4214 (seg=0.0004, cls=0.2105) | Cls Acc: 0.9902 | Seg IoU: 0.9993 | Seg Dice: 0.9996 | 23.3s
2026-04-15 14:45:44 - --------------------------------------------------
2026-04-15 14:45:49 - [Test] Cls — Acc: 0.7323 | P(macro): 0.6097 | R(macro): 0.5773 | F1(macro): 0.5829
2026-04-15 14:45:49 - [Test] Seg — Lesion IoU: 0.9991 | Lesion Dice: 0.9995
2026-04-15 14:45:49 - [Test] Classification Report:
              precision    recall  f1-score   support

      benign     0.4321    0.2713    0.3333       129
    no_tumor     0.7873    0.8832    0.8325       394

    accuracy                         0.7323       523
   macro avg     0.6097    0.5773    0.5829       523
weighted avg     0.6997    0.7323    0.7094       523

2026-04-15 14:45:56 - [Policy] threshold=0.056 | benign漏检率=3.88% | no_tumor召回=4.82% | no_tumor精度=79.17% | F1(macro)=0.2429
2026-04-15 14:45:56 - --------------------------------------------------
2026-04-15 14:46:20 - Epoch [81/100] LR: 2.30e-06/2.30e-05 | Loss: 0.4043 (seg=0.0003, cls=0.2020) | Cls Acc: 0.9943 | Seg IoU: 0.9993 | Seg Dice: 0.9996 | 23.9s
2026-04-15 14:46:42 - Epoch [82/100] LR: 2.09e-06/2.09e-05 | Loss: 0.4316 (seg=0.0003, cls=0.2156) | Cls Acc: 0.9894 | Seg IoU: 0.9993 | Seg Dice: 0.9997 | 22.0s
2026-04-15 14:47:04 - Epoch [83/100] LR: 1.89e-06/1.89e-05 | Loss: 0.4138 (seg=0.0004, cls=0.2067) | Cls Acc: 0.9935 | Seg IoU: 0.9992 | Seg Dice: 0.9996 | 22.1s
2026-04-15 14:47:26 - Epoch [84/100] LR: 1.70e-06/1.70e-05 | Loss: 0.3910 (seg=0.0003, cls=0.1954) | Cls Acc: 0.9984 | Seg IoU: 0.9993 | Seg Dice: 0.9997 | 22.3s
2026-04-15 14:47:48 - Epoch [85/100] LR: 1.53e-06/1.53e-05 | Loss: 0.4156 (seg=0.0003, cls=0.2077) | Cls Acc: 0.9926 | Seg IoU: 0.9994 | Seg Dice: 0.9997 | 21.9s
2026-04-15 14:47:48 - --------------------------------------------------
2026-04-15 14:47:54 - [Test] Cls — Acc: 0.7361 | P(macro): 0.6170 | R(macro): 0.5824 | F1(macro): 0.5889
2026-04-15 14:47:54 - [Test] Seg — Lesion IoU: 0.9992 | Lesion Dice: 0.9996
2026-04-15 14:47:54 - [Test] Classification Report:
              precision    recall  f1-score   support

      benign     0.4444    0.2791    0.3429       129
    no_tumor     0.7896    0.8858    0.8349       394

    accuracy                         0.7361       523
   macro avg     0.6170    0.5824    0.5889       523
weighted avg     0.7045    0.7361    0.7136       523

2026-04-15 14:48:00 - [Policy] threshold=0.057 | benign漏检率=2.33% | no_tumor召回=4.57% | no_tumor精度=85.71% | F1(macro)=0.2431
2026-04-15 14:48:00 - --------------------------------------------------
2026-04-15 14:48:23 - Epoch [86/100] LR: 1.36e-06/1.36e-05 | Loss: 0.4053 (seg=0.0003, cls=0.2025) | Cls Acc: 0.9951 | Seg IoU: 0.9993 | Seg Dice: 0.9997 | 22.3s
2026-04-15 14:48:45 - Epoch [87/100] LR: 1.20e-06/1.20e-05 | Loss: 0.4255 (seg=0.0003, cls=0.2126) | Cls Acc: 0.9902 | Seg IoU: 0.9994 | Seg Dice: 0.9997 | 22.0s
2026-04-15 14:49:06 - Epoch [88/100] LR: 1.06e-06/1.06e-05 | Loss: 0.4171 (seg=0.0003, cls=0.2084) | Cls Acc: 0.9918 | Seg IoU: 0.9994 | Seg Dice: 0.9997 | 21.9s
2026-04-15 14:49:28 - Epoch [89/100] LR: 9.21e-07/9.21e-06 | Loss: 0.4231 (seg=0.0003, cls=0.2114) | Cls Acc: 0.9902 | Seg IoU: 0.9994 | Seg Dice: 0.9997 | 21.8s
2026-04-15 14:49:50 - Epoch [90/100] LR: 7.97e-07/7.97e-06 | Loss: 0.4165 (seg=0.0003, cls=0.2081) | Cls Acc: 0.9918 | Seg IoU: 0.9994 | Seg Dice: 0.9997 | 22.0s
2026-04-15 14:49:50 - --------------------------------------------------
2026-04-15 14:49:55 - [Test] Cls — Acc: 0.7361 | P(macro): 0.6129 | R(macro): 0.5746 | F1(macro): 0.5798
2026-04-15 14:49:55 - [Test] Seg — Lesion IoU: 0.9991 | Lesion Dice: 0.9996
2026-04-15 14:49:55 - [Test] Classification Report:
              precision    recall  f1-score   support

      benign     0.4400    0.2558    0.3235       129
    no_tumor     0.7857    0.8934    0.8361       394

    accuracy                         0.7361       523
   macro avg     0.6129    0.5746    0.5798       523
weighted avg     0.7004    0.7361    0.7097       523

2026-04-15 14:50:02 - [Policy] threshold=0.058 | benign漏检率=4.65% | no_tumor召回=4.57% | no_tumor精度=75.00% | F1(macro)=0.2389
2026-04-15 14:50:02 - --------------------------------------------------
2026-04-15 14:50:24 - Epoch [91/100] LR: 6.85e-07/6.85e-06 | Loss: 0.3923 (seg=0.0003, cls=0.1960) | Cls Acc: 0.9975 | Seg IoU: 0.9994 | Seg Dice: 0.9997 | 21.9s
2026-04-15 14:50:46 - Epoch [92/100] LR: 5.84e-07/5.84e-06 | Loss: 0.4166 (seg=0.0003, cls=0.2082) | Cls Acc: 0.9935 | Seg IoU: 0.9994 | Seg Dice: 0.9997 | 21.9s
2026-04-15 14:51:08 - Epoch [93/100] LR: 4.94e-07/4.94e-06 | Loss: 0.4170 (seg=0.0003, cls=0.2083) | Cls Acc: 0.9918 | Seg IoU: 0.9993 | Seg Dice: 0.9997 | 22.2s
2026-04-15 14:51:29 - Epoch [94/100] LR: 4.16e-07/4.16e-06 | Loss: 0.4057 (seg=0.0003, cls=0.2027) | Cls Acc: 0.9959 | Seg IoU: 0.9994 | Seg Dice: 0.9997 | 21.3s
2026-04-15 14:51:51 - Epoch [95/100] LR: 3.50e-07/3.50e-06 | Loss: 0.4056 (seg=0.0003, cls=0.2026) | Cls Acc: 0.9959 | Seg IoU: 0.9994 | Seg Dice: 0.9997 | 21.9s
2026-04-15 14:51:51 - --------------------------------------------------
2026-04-15 14:51:56 - [Test] Cls — Acc: 0.7228 | P(macro): 0.5959 | R(macro): 0.5709 | F1(macro): 0.5755
2026-04-15 14:51:56 - [Test] Seg — Lesion IoU: 0.9992 | Lesion Dice: 0.9996
2026-04-15 14:51:56 - [Test] Classification Report:
              precision    recall  f1-score   support

      benign     0.4070    0.2713    0.3256       129
    no_tumor     0.7849    0.8706    0.8255       394

    accuracy                         0.7228       523
   macro avg     0.5959    0.5709    0.5755       523
weighted avg     0.6917    0.7228    0.7022       523

2026-04-15 14:52:03 - [Policy] threshold=0.057 | benign漏检率=3.88% | no_tumor召回=4.31% | no_tumor精度=77.27% | F1(macro)=0.2377
2026-04-15 14:52:03 - --------------------------------------------------
2026-04-15 14:52:24 - Epoch [96/100] LR: 2.96e-07/2.96e-06 | Loss: 0.4112 (seg=0.0003, cls=0.2055) | Cls Acc: 0.9918 | Seg IoU: 0.9993 | Seg Dice: 0.9996 | 21.4s
2026-04-15 14:52:46 - Epoch [97/100] LR: 2.54e-07/2.54e-06 | Loss: 0.4173 (seg=0.0003, cls=0.2085) | Cls Acc: 0.9918 | Seg IoU: 0.9994 | Seg Dice: 0.9997 | 21.6s
2026-04-15 14:53:07 - Epoch [98/100] LR: 2.24e-07/2.24e-06 | Loss: 0.4189 (seg=0.0003, cls=0.2093) | Cls Acc: 0.9910 | Seg IoU: 0.9994 | Seg Dice: 0.9997 | 21.3s
2026-04-15 14:53:29 - Epoch [99/100] LR: 2.06e-07/2.06e-06 | Loss: 0.4102 (seg=0.0003, cls=0.2049) | Cls Acc: 0.9935 | Seg IoU: 0.9994 | Seg Dice: 0.9997 | 21.5s
2026-04-15 14:53:50 - Epoch [100/100] LR: 2.00e-07/2.00e-06 | Loss: 0.3968 (seg=0.0003, cls=0.1983) | Cls Acc: 0.9975 | Seg IoU: 0.9994 | Seg Dice: 0.9997 | 21.3s
2026-04-15 14:53:50 - --------------------------------------------------
2026-04-15 14:53:55 - [Test] Cls — Acc: 0.7323 | P(macro): 0.6097 | R(macro): 0.5773 | F1(macro): 0.5829
2026-04-15 14:53:55 - [Test] Seg — Lesion IoU: 0.9992 | Lesion Dice: 0.9996
2026-04-15 14:53:55 - [Test] Classification Report:
              precision    recall  f1-score   support

      benign     0.4321    0.2713    0.3333       129
    no_tumor     0.7873    0.8832    0.8325       394

    accuracy                         0.7323       523
   macro avg     0.6097    0.5773    0.5829       523
weighted avg     0.6997    0.7323    0.7094       523

2026-04-15 14:54:02 - [Policy] threshold=0.056 | benign漏检率=3.10% | no_tumor召回=4.57% | no_tumor精度=81.82% | F1(macro)=0.2417
2026-04-15 14:54:02 - --------------------------------------------------
2026-04-15 14:54:02 - 
======================================================================
2026-04-15 14:54:02 - 训练完成! 最优模型(Epoch 30) | benign漏检=4.65% | no_tumor召回=17.51%
2026-04-15 14:54:02 - ======================================================================
2026-04-15 14:54:02 - 
加载最优权重进行最终测试...
2026-04-15 14:54:03 - ======================================================================
2026-04-15 14:54:03 - 最终测试结果 (threshold=0.5)
2026-04-15 14:54:03 - ======================================================================
2026-04-15 14:54:08 - [Final Test] Cls — Acc: 0.7247 | P(macro): 0.6232 | R(macro): 0.6165 | F1(macro): 0.6195
2026-04-15 14:54:08 - [Final Test] Seg — Lesion IoU: 0.9934 | Lesion Dice: 0.9967
2026-04-15 14:54:08 - [Final Test] Classification Report:
              precision    recall  f1-score   support

      benign     0.4370    0.4031    0.4194       129
    no_tumor     0.8094    0.8299    0.8195       394

    accuracy                         0.7247       523
   macro avg     0.6232    0.6165    0.6195       523
weighted avg     0.7175    0.7247    0.7208       523

2026-04-15 14:54:08 - 
======================================================================
2026-04-15 14:54:08 - 阈值优化搜索 (宏F1)
2026-04-15 14:54:08 - ======================================================================
2026-04-15 14:54:13 - F1最优阈值: 0.185 (F1: 0.6258)
2026-04-15 14:54:19 - [Final Test (最优F1阈值)] Threshold: 0.185 | Acc: 0.7113 | P(macro): 0.6221 | R(macro): 0.6311 | F1(macro): 0.6258
2026-04-15 14:54:19 - [Final Test (最优F1阈值)] Classification Report:
              precision    recall  f1-score   support

      benign     0.4236    0.4729    0.4469       129
    no_tumor     0.8206    0.7893    0.8047       394

    accuracy                         0.7113       523
   macro avg     0.6221    0.6311    0.6258       523
weighted avg     0.7227    0.7113    0.7164       523

2026-04-15 14:54:19 - 
======================================================================
2026-04-15 14:54:19 - 临床约束阈值评估
2026-04-15 14:54:19 - ======================================================================
2026-04-15 14:54:25 - 临床阈值: 0.054 | benign漏检率=4.65% | benign召回=95.35% | no_tumor召回=17.51% | no_tumor精度=92.00% | no_tumor筛出率=14.34% | constraint_ok=True
2026-04-15 14:54:31 - [Final Test (临床阈值, benign漏检<=5%)] Threshold: 0.054 | Acc: 0.3671 | P(macro): 0.5973 | R(macro): 0.5643 | F1(macro): 0.3603
2026-04-15 14:54:31 - [Final Test (临床阈值, benign漏检<=5%)] Classification Report:
              precision    recall  f1-score   support

      benign     0.2746    0.9535    0.4263       129
    no_tumor     0.9200    0.1751    0.2942       394

    accuracy                         0.3671       523
   macro avg     0.5973    0.5643    0.3603       523
weighted avg     0.7608    0.3671    0.3268       523

2026-04-15 14:54:31 - 测试集概率已保存: /data1/ouyangxinglong/GBP-Cascade/0408/logs/20260415_task2_SwinV2Tiny_segcls_18_2/20260415_task2_SwinV2Tiny_segcls_18_2_test_probs.csv
2026-04-15 14:54:31 - 
======================================================================
2026-04-15 14:54:31 - no_tumor 置信度-准确率校准
2026-04-15 14:54:31 - ======================================================================
2026-04-15 14:54:31 - P(no_tumor)>=0.90: 358/523 (68.45%) | 真实no_tumor比例=82.12% (命中294例)
2026-04-15 14:54:31 - 校准统计: ECE=0.1971 | Brier=0.2306 | 有效分箱=10/10
2026-04-15 14:54:31 -   Bin[0.00,0.10) n= 82 | conf=0.051 | acc=0.512
2026-04-15 14:54:31 -   Bin[0.10,0.20) n= 15 | conf=0.146 | acc=0.800
2026-04-15 14:54:31 -   Bin[0.20,0.30) n=  8 | conf=0.252 | acc=0.750
2026-04-15 14:54:31 -   Bin[0.30,0.40) n=  9 | conf=0.368 | acc=0.333
2026-04-15 14:54:31 -   Bin[0.40,0.50) n=  5 | conf=0.451 | acc=0.800
2026-04-15 14:54:31 -   Bin[0.50,0.60) n=  7 | conf=0.569 | acc=0.857
2026-04-15 14:54:31 -   Bin[0.60,0.70) n=  9 | conf=0.630 | acc=0.556
2026-04-15 14:54:31 -   Bin[0.70,0.80) n=  6 | conf=0.761 | acc=0.833
2026-04-15 14:54:31 -   Bin[0.80,0.90) n= 24 | conf=0.860 | acc=0.708
2026-04-15 14:54:31 -   Bin[0.90,1.00) n=358 | conf=0.940 | acc=0.821
2026-04-15 14:54:31 - 校准分箱明细已保存: /data1/ouyangxinglong/GBP-Cascade/0408/logs/20260415_task2_SwinV2Tiny_segcls_18_2/20260415_task2_SwinV2Tiny_segcls_18_2_no_tumor_reliability.csv
2026-04-15 14:54:32 - 校准曲线已保存: /data1/ouyangxinglong/GBP-Cascade/0408/logs/20260415_task2_SwinV2Tiny_segcls_18_2/20260415_task2_SwinV2Tiny_segcls_18_2_no_tumor_reliability.png
2026-04-15 14:54:32 - 训练脚本已复制到: /data1/ouyangxinglong/GBP-Cascade/0408/logs/20260415_task2_SwinV2Tiny_segcls_18_2/20260415_task2_SwinV2Tiny_segcls_18_2.py
