2026-04-09 05:34:24 - ======================================================================
2026-04-09 05:34:24 - 实验名称: 20260408_task2_SwinV2Tiny_segcls_21a
2026-04-09 05:34:24 - 模型: SwinV2-Tiny@256 + 4ch + BERT CrossAttn + BERT[CLS] + 10D ExtMeta + Gated Trimodal Fusion + 1:1 Physical Undersampling
2026-04-09 05:34:24 - 修改: 基于Exp#20b, batch_size=16, backbone_lr=4e-5, head_lr=4e-4 (LR 2×缩放), 物理欠采样: train 309:309=618, test 129:129=258, cls class_weight=[1.0,1.0]
2026-04-09 05:34:24 - 输入通道: 4
2026-04-09 05:34:24 - 图像尺寸: 256
2026-04-09 05:34:24 - 分割类别: 2
2026-04-09 05:34:24 - 分类类别: ['benign', 'no_tumor']
2026-04-09 05:34:24 - Batch Size: 16
2026-04-09 05:34:24 - Backbone LR: 4e-05
2026-04-09 05:34:24 - Head LR: 0.0004
2026-04-09 05:34:24 - Weight Decay: 0.05
2026-04-09 05:34:24 - Warmup Epochs: 10
2026-04-09 05:34:24 - Lambda Cls: 2.0
2026-04-09 05:34:24 - Label Smoothing: 0.1
2026-04-09 05:34:24 - Seed: 42
2026-04-09 05:34:24 - Epochs: 100
2026-04-09 05:34:24 - Grad Clip: 1.0
2026-04-09 05:34:24 - Meta Dim: 10
2026-04-09 05:34:24 - 设备: cuda
2026-04-09 05:34:24 - ======================================================================
2026-04-09 05:34:28 - 训练集 (欠采样后): 618 张 (benign=309, no_tumor=309)
2026-04-09 05:34:28 - 测试集 (欠采样后): 258 张 (benign=129, no_tumor=129)
2026-04-09 05:34:35 - 模型参数量: 137,439,313 (含BERT)
2026-04-09 05:34:35 - 可训练参数量: 35,171,665 (BERT冻结)
2026-04-09 05:34:35 - 分类类别权重: benign=1.0000, no_tumor=1.0000 (数据已平衡)
2026-04-09 05:34:35 - 分割类别权重: bg=1.0, lesion=5.0
2026-04-09 05:34:35 - 
======================================================================
2026-04-09 05:34:35 - 开始训练
2026-04-09 05:34:35 - ======================================================================
2026-04-09 05:34:56 - Epoch [1/100] LR: 4.00e-06/4.00e-05 | Loss: 2.3248 (seg=0.9168, cls=0.7040) | Cls Acc: 0.4803 | Seg IoU: 0.3990 | Seg Dice: 0.4983 | 20.4s
2026-04-09 05:35:15 - Epoch [2/100] LR: 8.00e-06/8.00e-05 | Loss: 1.8099 (seg=0.4610, cls=0.6744) | Cls Acc: 0.5740 | Seg IoU: 0.8694 | Seg Dice: 0.9300 | 19.6s
2026-04-09 05:35:35 - Epoch [3/100] LR: 1.20e-05/1.20e-04 | Loss: 1.5799 (seg=0.2807, cls=0.6496) | Cls Acc: 0.6349 | Seg IoU: 0.8970 | Seg Dice: 0.9456 | 19.8s
2026-04-09 05:35:54 - Epoch [4/100] LR: 1.60e-05/1.60e-04 | Loss: 1.4978 (seg=0.2261, cls=0.6358) | Cls Acc: 0.6595 | Seg IoU: 0.9180 | Seg Dice: 0.9571 | 19.2s
2026-04-09 05:36:14 - Epoch [5/100] LR: 2.00e-05/2.00e-04 | Loss: 1.3806 (seg=0.1836, cls=0.5985) | Cls Acc: 0.7023 | Seg IoU: 0.9317 | Seg Dice: 0.9646 | 19.6s
2026-04-09 05:36:14 - --------------------------------------------------
2026-04-09 05:36:19 - [Test] Cls — Acc: 0.6357 | P(macro): 0.7204 | R(macro): 0.6357 | F1(macro): 0.5969
2026-04-09 05:36:19 - [Test] Seg — Lesion IoU: 0.9309 | Lesion Dice: 0.9642
2026-04-09 05:36:19 - [Test] Classification Report:
              precision    recall  f1-score   support

      benign     0.8571    0.3256    0.4719       129
    no_tumor     0.5837    0.9457    0.7219       129

    accuracy                         0.6357       258
   macro avg     0.7204    0.6357    0.5969       258
weighted avg     0.7204    0.6357    0.5969       258

2026-04-09 05:36:21 - *** 保存最优模型 (F1: 0.5969, Epoch: 5) ***
2026-04-09 05:36:21 - --------------------------------------------------
2026-04-09 05:36:41 - Epoch [6/100] LR: 2.40e-05/2.40e-04 | Loss: 1.2820 (seg=0.1521, cls=0.5649) | Cls Acc: 0.7303 | Seg IoU: 0.9358 | Seg Dice: 0.9667 | 20.4s
2026-04-09 05:37:02 - Epoch [7/100] LR: 2.80e-05/2.80e-04 | Loss: 1.2574 (seg=0.1295, cls=0.5639) | Cls Acc: 0.7467 | Seg IoU: 0.9455 | Seg Dice: 0.9719 | 20.3s
2026-04-09 05:37:22 - Epoch [8/100] LR: 3.20e-05/3.20e-04 | Loss: 1.2045 (seg=0.1098, cls=0.5473) | Cls Acc: 0.7582 | Seg IoU: 0.9506 | Seg Dice: 0.9746 | 20.0s
2026-04-09 05:37:41 - Epoch [9/100] LR: 3.60e-05/3.60e-04 | Loss: 1.1666 (seg=0.0908, cls=0.5379) | Cls Acc: 0.7549 | Seg IoU: 0.9583 | Seg Dice: 0.9787 | 19.8s
2026-04-09 05:38:01 - Epoch [10/100] LR: 4.00e-05/4.00e-04 | Loss: 1.1401 (seg=0.0779, cls=0.5311) | Cls Acc: 0.7664 | Seg IoU: 0.9585 | Seg Dice: 0.9788 | 19.4s
2026-04-09 05:38:01 - --------------------------------------------------
2026-04-09 05:38:05 - [Test] Cls — Acc: 0.6628 | P(macro): 0.6702 | R(macro): 0.6628 | F1(macro): 0.6591
2026-04-09 05:38:05 - [Test] Seg — Lesion IoU: 0.9276 | Lesion Dice: 0.9624
2026-04-09 05:38:05 - [Test] Classification Report:
              precision    recall  f1-score   support

      benign     0.7059    0.5581    0.6234       129
    no_tumor     0.6346    0.7674    0.6947       129

    accuracy                         0.6628       258
   macro avg     0.6702    0.6628    0.6591       258
weighted avg     0.6702    0.6628    0.6591       258

2026-04-09 05:38:09 - *** 保存最优模型 (F1: 0.6591, Epoch: 10) ***
2026-04-09 05:38:09 - --------------------------------------------------
2026-04-09 05:38:28 - Epoch [11/100] LR: 4.00e-05/4.00e-04 | Loss: 1.0866 (seg=0.0678, cls=0.5094) | Cls Acc: 0.7878 | Seg IoU: 0.9594 | Seg Dice: 0.9793 | 19.2s
2026-04-09 05:38:48 - Epoch [12/100] LR: 4.00e-05/4.00e-04 | Loss: 1.0738 (seg=0.0580, cls=0.5079) | Cls Acc: 0.7862 | Seg IoU: 0.9645 | Seg Dice: 0.9819 | 19.8s
2026-04-09 05:39:08 - Epoch [13/100] LR: 3.99e-05/3.99e-04 | Loss: 1.0426 (seg=0.0499, cls=0.4963) | Cls Acc: 0.7993 | Seg IoU: 0.9643 | Seg Dice: 0.9818 | 20.2s
2026-04-09 05:39:27 - Epoch [14/100] LR: 3.98e-05/3.98e-04 | Loss: 1.0191 (seg=0.0468, cls=0.4861) | Cls Acc: 0.8092 | Seg IoU: 0.9589 | Seg Dice: 0.9790 | 19.4s
2026-04-09 05:39:47 - Epoch [15/100] LR: 3.97e-05/3.97e-04 | Loss: 0.9456 (seg=0.0398, cls=0.4529) | Cls Acc: 0.8322 | Seg IoU: 0.9675 | Seg Dice: 0.9835 | 19.7s
2026-04-09 05:39:47 - --------------------------------------------------
2026-04-09 05:39:52 - [Test] Cls — Acc: 0.5814 | P(macro): 0.6213 | R(macro): 0.5814 | F1(macro): 0.5439
2026-04-09 05:39:52 - [Test] Seg — Lesion IoU: 0.9621 | Lesion Dice: 0.9807
2026-04-09 05:39:52 - [Test] Classification Report:
              precision    recall  f1-score   support

      benign     0.5517    0.8682    0.6747       129
    no_tumor     0.6909    0.2946    0.4130       129

    accuracy                         0.5814       258
   macro avg     0.6213    0.5814    0.5439       258
weighted avg     0.6213    0.5814    0.5439       258

2026-04-09 05:39:52 - --------------------------------------------------
2026-04-09 05:40:12 - Epoch [16/100] LR: 3.96e-05/3.96e-04 | Loss: 0.8958 (seg=0.0379, cls=0.4290) | Cls Acc: 0.8470 | Seg IoU: 0.9655 | Seg Dice: 0.9824 | 20.1s
2026-04-09 05:40:32 - Epoch [17/100] LR: 3.94e-05/3.94e-04 | Loss: 0.8898 (seg=0.0366, cls=0.4266) | Cls Acc: 0.8651 | Seg IoU: 0.9620 | Seg Dice: 0.9806 | 19.5s
2026-04-09 05:40:52 - Epoch [18/100] LR: 3.92e-05/3.92e-04 | Loss: 0.8920 (seg=0.0322, cls=0.4299) | Cls Acc: 0.8536 | Seg IoU: 0.9680 | Seg Dice: 0.9838 | 20.0s
2026-04-09 05:41:11 - Epoch [19/100] LR: 3.90e-05/3.90e-04 | Loss: 0.8484 (seg=0.0294, cls=0.4095) | Cls Acc: 0.8799 | Seg IoU: 0.9707 | Seg Dice: 0.9851 | 19.5s
2026-04-09 05:41:31 - Epoch [20/100] LR: 3.88e-05/3.88e-04 | Loss: 0.9188 (seg=0.0298, cls=0.4445) | Cls Acc: 0.8487 | Seg IoU: 0.9614 | Seg Dice: 0.9803 | 19.7s
2026-04-09 05:41:31 - --------------------------------------------------
2026-04-09 05:41:36 - [Test] Cls — Acc: 0.6279 | P(macro): 0.6290 | R(macro): 0.6279 | F1(macro): 0.6271
2026-04-09 05:41:36 - [Test] Seg — Lesion IoU: 0.9670 | Lesion Dice: 0.9832
2026-04-09 05:41:36 - [Test] Classification Report:
              precision    recall  f1-score   support

      benign     0.6410    0.5814    0.6098       129
    no_tumor     0.6170    0.6744    0.6444       129

    accuracy                         0.6279       258
   macro avg     0.6290    0.6279    0.6271       258
weighted avg     0.6290    0.6279    0.6271       258

2026-04-09 05:41:36 - --------------------------------------------------
2026-04-09 05:41:55 - Epoch [21/100] LR: 3.86e-05/3.86e-04 | Loss: 0.8013 (seg=0.0252, cls=0.3880) | Cls Acc: 0.8832 | Seg IoU: 0.9741 | Seg Dice: 0.9869 | 18.6s
2026-04-09 05:42:15 - Epoch [22/100] LR: 3.83e-05/3.83e-04 | Loss: 0.7715 (seg=0.0249, cls=0.3733) | Cls Acc: 0.8947 | Seg IoU: 0.9700 | Seg Dice: 0.9848 | 19.9s
2026-04-09 05:42:35 - Epoch [23/100] LR: 3.80e-05/3.80e-04 | Loss: 0.7638 (seg=0.0232, cls=0.3703) | Cls Acc: 0.9046 | Seg IoU: 0.9721 | Seg Dice: 0.9859 | 19.9s
2026-04-09 05:42:55 - Epoch [24/100] LR: 3.77e-05/3.77e-04 | Loss: 0.7392 (seg=0.0216, cls=0.3588) | Cls Acc: 0.8947 | Seg IoU: 0.9738 | Seg Dice: 0.9867 | 20.1s
2026-04-09 05:43:14 - Epoch [25/100] LR: 3.73e-05/3.73e-04 | Loss: 0.6970 (seg=0.0199, cls=0.3385) | Cls Acc: 0.9243 | Seg IoU: 0.9759 | Seg Dice: 0.9878 | 19.2s
2026-04-09 05:43:14 - --------------------------------------------------
2026-04-09 05:43:20 - [Test] Cls — Acc: 0.6357 | P(macro): 0.6458 | R(macro): 0.6357 | F1(macro): 0.6292
2026-04-09 05:43:20 - [Test] Seg — Lesion IoU: 0.9604 | Lesion Dice: 0.9798
2026-04-09 05:43:20 - [Test] Classification Report:
              precision    recall  f1-score   support

      benign     0.6074    0.7674    0.6781       129
    no_tumor     0.6842    0.5039    0.5804       129

    accuracy                         0.6357       258
   macro avg     0.6458    0.6357    0.6292       258
weighted avg     0.6458    0.6357    0.6292       258

2026-04-09 05:43:20 - --------------------------------------------------
2026-04-09 05:43:39 - Epoch [26/100] LR: 3.70e-05/3.70e-04 | Loss: 0.6395 (seg=0.0198, cls=0.3099) | Cls Acc: 0.9490 | Seg IoU: 0.9733 | Seg Dice: 0.9865 | 18.4s
2026-04-09 05:43:57 - Epoch [27/100] LR: 3.66e-05/3.66e-04 | Loss: 0.7423 (seg=0.0392, cls=0.3515) | Cls Acc: 0.9112 | Seg IoU: 0.9298 | Seg Dice: 0.9632 | 18.1s
2026-04-09 05:44:16 - Epoch [28/100] LR: 3.62e-05/3.62e-04 | Loss: 0.6873 (seg=0.0206, cls=0.3333) | Cls Acc: 0.9178 | Seg IoU: 0.9711 | Seg Dice: 0.9854 | 19.6s
2026-04-09 05:44:37 - Epoch [29/100] LR: 3.58e-05/3.58e-04 | Loss: 0.6666 (seg=0.0190, cls=0.3238) | Cls Acc: 0.9342 | Seg IoU: 0.9711 | Seg Dice: 0.9853 | 20.6s
2026-04-09 05:44:57 - Epoch [30/100] LR: 3.54e-05/3.54e-04 | Loss: 0.6730 (seg=0.0162, cls=0.3284) | Cls Acc: 0.9243 | Seg IoU: 0.9766 | Seg Dice: 0.9881 | 19.9s
2026-04-09 05:44:57 - --------------------------------------------------
2026-04-09 05:45:01 - [Test] Cls — Acc: 0.5736 | P(macro): 0.5907 | R(macro): 0.5736 | F1(macro): 0.5526
2026-04-09 05:45:01 - [Test] Seg — Lesion IoU: 0.9718 | Lesion Dice: 0.9857
2026-04-09 05:45:01 - [Test] Classification Report:
              precision    recall  f1-score   support

      benign     0.6301    0.3566    0.4554       129
    no_tumor     0.5514    0.7907    0.6497       129

    accuracy                         0.5736       258
   macro avg     0.5907    0.5736    0.5526       258
weighted avg     0.5907    0.5736    0.5526       258

2026-04-09 05:45:01 - --------------------------------------------------
2026-04-09 05:45:21 - Epoch [31/100] LR: 3.49e-05/3.49e-04 | Loss: 0.6113 (seg=0.0170, cls=0.2972) | Cls Acc: 0.9523 | Seg IoU: 0.9733 | Seg Dice: 0.9864 | 19.9s
2026-04-09 05:45:38 - Epoch [32/100] LR: 3.44e-05/3.44e-04 | Loss: 0.6249 (seg=0.0165, cls=0.3042) | Cls Acc: 0.9441 | Seg IoU: 0.9719 | Seg Dice: 0.9858 | 16.8s
2026-04-09 05:45:57 - Epoch [33/100] LR: 3.40e-05/3.40e-04 | Loss: 0.6677 (seg=0.0193, cls=0.3242) | Cls Acc: 0.9326 | Seg IoU: 0.9695 | Seg Dice: 0.9845 | 19.3s
2026-04-09 05:46:17 - Epoch [34/100] LR: 3.34e-05/3.34e-04 | Loss: 0.6255 (seg=0.0156, cls=0.3049) | Cls Acc: 0.9375 | Seg IoU: 0.9740 | Seg Dice: 0.9868 | 20.0s
2026-04-09 05:46:37 - Epoch [35/100] LR: 3.29e-05/3.29e-04 | Loss: 0.5719 (seg=0.0140, cls=0.2789) | Cls Acc: 0.9539 | Seg IoU: 0.9754 | Seg Dice: 0.9875 | 19.6s
2026-04-09 05:46:37 - --------------------------------------------------
2026-04-09 05:46:42 - [Test] Cls — Acc: 0.5620 | P(macro): 0.5653 | R(macro): 0.5620 | F1(macro): 0.5564
2026-04-09 05:46:42 - [Test] Seg — Lesion IoU: 0.9781 | Lesion Dice: 0.9889
2026-04-09 05:46:42 - [Test] Classification Report:
              precision    recall  f1-score   support

      benign     0.5800    0.4496    0.5066       129
    no_tumor     0.5506    0.6744    0.6063       129

    accuracy                         0.5620       258
   macro avg     0.5653    0.5620    0.5564       258
weighted avg     0.5653    0.5620    0.5564       258

2026-04-09 05:46:42 - --------------------------------------------------
2026-04-09 05:47:02 - Epoch [36/100] LR: 3.24e-05/3.24e-04 | Loss: 0.6147 (seg=0.0127, cls=0.3010) | Cls Acc: 0.9408 | Seg IoU: 0.9793 | Seg Dice: 0.9895 | 19.8s
2026-04-09 05:47:21 - Epoch [37/100] LR: 3.18e-05/3.18e-04 | Loss: 0.6885 (seg=0.0118, cls=0.3384) | Cls Acc: 0.9194 | Seg IoU: 0.9803 | Seg Dice: 0.9900 | 18.4s
2026-04-09 05:47:41 - Epoch [38/100] LR: 3.13e-05/3.13e-04 | Loss: 0.5144 (seg=0.0113, cls=0.2515) | Cls Acc: 0.9704 | Seg IoU: 0.9814 | Seg Dice: 0.9906 | 20.2s
2026-04-09 05:48:00 - Epoch [39/100] LR: 3.07e-05/3.07e-04 | Loss: 0.5817 (seg=0.0110, cls=0.2853) | Cls Acc: 0.9490 | Seg IoU: 0.9810 | Seg Dice: 0.9904 | 19.2s
2026-04-09 05:48:19 - Epoch [40/100] LR: 3.01e-05/3.01e-04 | Loss: 0.5806 (seg=0.0104, cls=0.2851) | Cls Acc: 0.9622 | Seg IoU: 0.9823 | Seg Dice: 0.9911 | 18.7s
2026-04-09 05:48:19 - --------------------------------------------------
2026-04-09 05:48:24 - [Test] Cls — Acc: 0.6085 | P(macro): 0.6172 | R(macro): 0.6085 | F1(macro): 0.6012
2026-04-09 05:48:24 - [Test] Seg — Lesion IoU: 0.9814 | Lesion Dice: 0.9906
2026-04-09 05:48:24 - [Test] Classification Report:
              precision    recall  f1-score   support

      benign     0.6489    0.4729    0.5471       129
    no_tumor     0.5854    0.7442    0.6553       129

    accuracy                         0.6085       258
   macro avg     0.6172    0.6085    0.6012       258
weighted avg     0.6172    0.6085    0.6012       258

2026-04-09 05:48:24 - --------------------------------------------------
2026-04-09 05:48:44 - Epoch [41/100] LR: 2.95e-05/2.95e-04 | Loss: 0.5640 (seg=0.0114, cls=0.2763) | Cls Acc: 0.9539 | Seg IoU: 0.9803 | Seg Dice: 0.9901 | 20.0s
2026-04-09 05:49:04 - Epoch [42/100] LR: 2.89e-05/2.89e-04 | Loss: 0.5025 (seg=0.0110, cls=0.2458) | Cls Acc: 0.9720 | Seg IoU: 0.9790 | Seg Dice: 0.9894 | 19.6s
2026-04-09 05:49:24 - Epoch [43/100] LR: 2.83e-05/2.83e-04 | Loss: 0.5118 (seg=0.0101, cls=0.2508) | Cls Acc: 0.9737 | Seg IoU: 0.9814 | Seg Dice: 0.9906 | 20.2s
2026-04-09 05:49:45 - Epoch [44/100] LR: 2.76e-05/2.76e-04 | Loss: 0.5449 (seg=0.0085, cls=0.2682) | Cls Acc: 0.9622 | Seg IoU: 0.9844 | Seg Dice: 0.9922 | 20.5s
2026-04-09 05:50:05 - Epoch [45/100] LR: 2.70e-05/2.70e-04 | Loss: 0.5164 (seg=0.0079, cls=0.2543) | Cls Acc: 0.9638 | Seg IoU: 0.9859 | Seg Dice: 0.9929 | 20.7s
2026-04-09 05:50:05 - --------------------------------------------------
2026-04-09 05:50:11 - [Test] Cls — Acc: 0.6008 | P(macro): 0.6109 | R(macro): 0.6008 | F1(macro): 0.5914
2026-04-09 05:50:11 - [Test] Seg — Lesion IoU: 0.9851 | Lesion Dice: 0.9925
2026-04-09 05:50:11 - [Test] Classification Report:
              precision    recall  f1-score   support

      benign     0.6444    0.4496    0.5297       129
    no_tumor     0.5774    0.7519    0.6532       129

    accuracy                         0.6008       258
   macro avg     0.6109    0.6008    0.5914       258
weighted avg     0.6109    0.6008    0.5914       258

2026-04-09 05:50:11 - --------------------------------------------------
2026-04-09 05:50:30 - Epoch [46/100] LR: 2.63e-05/2.63e-04 | Loss: 0.4686 (seg=0.0074, cls=0.2306) | Cls Acc: 0.9852 | Seg IoU: 0.9863 | Seg Dice: 0.9931 | 19.7s
2026-04-09 05:50:50 - Epoch [47/100] LR: 2.57e-05/2.57e-04 | Loss: 0.5054 (seg=0.0071, cls=0.2491) | Cls Acc: 0.9753 | Seg IoU: 0.9870 | Seg Dice: 0.9935 | 20.0s
2026-04-09 05:51:11 - Epoch [48/100] LR: 2.50e-05/2.50e-04 | Loss: 0.5136 (seg=0.0067, cls=0.2534) | Cls Acc: 0.9688 | Seg IoU: 0.9874 | Seg Dice: 0.9937 | 20.3s
2026-04-09 05:51:31 - Epoch [49/100] LR: 2.43e-05/2.43e-04 | Loss: 0.5223 (seg=0.0065, cls=0.2579) | Cls Acc: 0.9671 | Seg IoU: 0.9880 | Seg Dice: 0.9940 | 20.6s
2026-04-09 05:51:51 - Epoch [50/100] LR: 2.36e-05/2.36e-04 | Loss: 0.5054 (seg=0.0060, cls=0.2497) | Cls Acc: 0.9753 | Seg IoU: 0.9887 | Seg Dice: 0.9943 | 19.4s
2026-04-09 05:51:51 - --------------------------------------------------
2026-04-09 05:51:55 - [Test] Cls — Acc: 0.5930 | P(macro): 0.5943 | R(macro): 0.5930 | F1(macro): 0.5916
2026-04-09 05:51:55 - [Test] Seg — Lesion IoU: 0.9888 | Lesion Dice: 0.9944
2026-04-09 05:51:55 - [Test] Classification Report:
              precision    recall  f1-score   support

      benign     0.6053    0.5349    0.5679       129
    no_tumor     0.5833    0.6512    0.6154       129

    accuracy                         0.5930       258
   macro avg     0.5943    0.5930    0.5916       258
weighted avg     0.5943    0.5930    0.5916       258

2026-04-09 05:51:55 - --------------------------------------------------
2026-04-09 05:52:16 - Epoch [51/100] LR: 2.30e-05/2.30e-04 | Loss: 0.5015 (seg=0.0058, cls=0.2479) | Cls Acc: 0.9753 | Seg IoU: 0.9893 | Seg Dice: 0.9946 | 21.1s
2026-04-09 05:52:37 - Epoch [52/100] LR: 2.23e-05/2.23e-04 | Loss: 0.4875 (seg=0.0059, cls=0.2408) | Cls Acc: 0.9786 | Seg IoU: 0.9890 | Seg Dice: 0.9945 | 21.1s
2026-04-09 05:52:57 - Epoch [53/100] LR: 2.16e-05/2.16e-04 | Loss: 0.4780 (seg=0.0059, cls=0.2360) | Cls Acc: 0.9770 | Seg IoU: 0.9887 | Seg Dice: 0.9943 | 20.0s
2026-04-09 05:53:17 - Epoch [54/100] LR: 2.09e-05/2.09e-04 | Loss: 0.4692 (seg=0.0052, cls=0.2320) | Cls Acc: 0.9819 | Seg IoU: 0.9905 | Seg Dice: 0.9952 | 19.9s
2026-04-09 05:53:37 - Epoch [55/100] LR: 2.02e-05/2.02e-04 | Loss: 0.4875 (seg=0.0050, cls=0.2412) | Cls Acc: 0.9803 | Seg IoU: 0.9904 | Seg Dice: 0.9952 | 19.7s
2026-04-09 05:53:37 - --------------------------------------------------
2026-04-09 05:53:42 - [Test] Cls — Acc: 0.5814 | P(macro): 0.5824 | R(macro): 0.5814 | F1(macro): 0.5802
2026-04-09 05:53:42 - [Test] Seg — Lesion IoU: 0.9918 | Lesion Dice: 0.9959
2026-04-09 05:53:42 - [Test] Classification Report:
              precision    recall  f1-score   support

      benign     0.5734    0.6357    0.6029       129
    no_tumor     0.5913    0.5271    0.5574       129

    accuracy                         0.5814       258
   macro avg     0.5824    0.5814    0.5802       258
weighted avg     0.5824    0.5814    0.5802       258

2026-04-09 05:53:42 - --------------------------------------------------
2026-04-09 05:54:03 - Epoch [56/100] LR: 1.95e-05/1.95e-04 | Loss: 0.5129 (seg=0.0044, cls=0.2542) | Cls Acc: 0.9753 | Seg IoU: 0.9919 | Seg Dice: 0.9959 | 20.2s
2026-04-09 05:54:23 - Epoch [57/100] LR: 1.88e-05/1.88e-04 | Loss: 0.4725 (seg=0.0043, cls=0.2341) | Cls Acc: 0.9819 | Seg IoU: 0.9920 | Seg Dice: 0.9960 | 20.2s
2026-04-09 05:54:43 - Epoch [58/100] LR: 1.81e-05/1.81e-04 | Loss: 0.4393 (seg=0.0039, cls=0.2177) | Cls Acc: 0.9901 | Seg IoU: 0.9929 | Seg Dice: 0.9964 | 19.6s
2026-04-09 05:55:02 - Epoch [59/100] LR: 1.74e-05/1.74e-04 | Loss: 0.4623 (seg=0.0037, cls=0.2293) | Cls Acc: 0.9885 | Seg IoU: 0.9933 | Seg Dice: 0.9966 | 19.6s
2026-04-09 05:55:22 - Epoch [60/100] LR: 1.68e-05/1.68e-04 | Loss: 0.4687 (seg=0.0036, cls=0.2326) | Cls Acc: 0.9819 | Seg IoU: 0.9934 | Seg Dice: 0.9967 | 20.0s
2026-04-09 05:55:22 - --------------------------------------------------
2026-04-09 05:55:28 - [Test] Cls — Acc: 0.6163 | P(macro): 0.6175 | R(macro): 0.6163 | F1(macro): 0.6153
2026-04-09 05:55:28 - [Test] Seg — Lesion IoU: 0.9920 | Lesion Dice: 0.9960
2026-04-09 05:55:28 - [Test] Classification Report:
              precision    recall  f1-score   support

      benign     0.6056    0.6667    0.6347       129
    no_tumor     0.6293    0.5659    0.5959       129

    accuracy                         0.6163       258
   macro avg     0.6175    0.6163    0.6153       258
weighted avg     0.6175    0.6163    0.6153       258

2026-04-09 05:55:28 - --------------------------------------------------
2026-04-09 05:55:48 - Epoch [61/100] LR: 1.61e-05/1.61e-04 | Loss: 0.4393 (seg=0.0035, cls=0.2179) | Cls Acc: 0.9901 | Seg IoU: 0.9935 | Seg Dice: 0.9967 | 20.3s
2026-04-09 05:56:08 - Epoch [62/100] LR: 1.54e-05/1.54e-04 | Loss: 0.4547 (seg=0.0032, cls=0.2258) | Cls Acc: 0.9852 | Seg IoU: 0.9943 | Seg Dice: 0.9972 | 20.3s
2026-04-09 05:56:27 - Epoch [63/100] LR: 1.47e-05/1.47e-04 | Loss: 0.4390 (seg=0.0032, cls=0.2179) | Cls Acc: 0.9885 | Seg IoU: 0.9939 | Seg Dice: 0.9969 | 19.3s
2026-04-09 05:56:48 - Epoch [64/100] LR: 1.41e-05/1.41e-04 | Loss: 0.4535 (seg=0.0029, cls=0.2253) | Cls Acc: 0.9885 | Seg IoU: 0.9947 | Seg Dice: 0.9973 | 20.3s
2026-04-09 05:57:08 - Epoch [65/100] LR: 1.34e-05/1.34e-04 | Loss: 0.4286 (seg=0.0026, cls=0.2130) | Cls Acc: 0.9951 | Seg IoU: 0.9953 | Seg Dice: 0.9976 | 20.1s
2026-04-09 05:57:08 - --------------------------------------------------
2026-04-09 05:57:13 - [Test] Cls — Acc: 0.6357 | P(macro): 0.6384 | R(macro): 0.6357 | F1(macro): 0.6339
2026-04-09 05:57:13 - [Test] Seg — Lesion IoU: 0.9949 | Lesion Dice: 0.9974
2026-04-09 05:57:13 - [Test] Classification Report:
              precision    recall  f1-score   support

      benign     0.6577    0.5659    0.6083       129
    no_tumor     0.6190    0.7054    0.6594       129

    accuracy                         0.6357       258
   macro avg     0.6384    0.6357    0.6339       258
weighted avg     0.6384    0.6357    0.6339       258

2026-04-09 05:57:13 - --------------------------------------------------
2026-04-09 05:57:34 - Epoch [66/100] LR: 1.28e-05/1.28e-04 | Loss: 0.4443 (seg=0.0026, cls=0.2208) | Cls Acc: 0.9868 | Seg IoU: 0.9951 | Seg Dice: 0.9976 | 20.4s
2026-04-09 05:57:54 - Epoch [67/100] LR: 1.21e-05/1.21e-04 | Loss: 0.4338 (seg=0.0026, cls=0.2156) | Cls Acc: 0.9934 | Seg IoU: 0.9953 | Seg Dice: 0.9976 | 20.0s
2026-04-09 05:58:13 - Epoch [68/100] LR: 1.15e-05/1.15e-04 | Loss: 0.4726 (seg=0.0025, cls=0.2351) | Cls Acc: 0.9803 | Seg IoU: 0.9955 | Seg Dice: 0.9978 | 19.0s
2026-04-09 05:58:33 - Epoch [69/100] LR: 1.09e-05/1.09e-04 | Loss: 0.4435 (seg=0.0024, cls=0.2205) | Cls Acc: 0.9885 | Seg IoU: 0.9957 | Seg Dice: 0.9978 | 19.8s
2026-04-09 05:58:52 - Epoch [70/100] LR: 1.03e-05/1.03e-04 | Loss: 0.4630 (seg=0.0022, cls=0.2304) | Cls Acc: 0.9868 | Seg IoU: 0.9961 | Seg Dice: 0.9980 | 19.4s
2026-04-09 05:58:52 - --------------------------------------------------
2026-04-09 05:58:58 - [Test] Cls — Acc: 0.6047 | P(macro): 0.6135 | R(macro): 0.6047 | F1(macro): 0.5968
2026-04-09 05:58:58 - [Test] Seg — Lesion IoU: 0.9953 | Lesion Dice: 0.9976
2026-04-09 05:58:58 - [Test] Classification Report:
              precision    recall  f1-score   support

      benign     0.6452    0.4651    0.5405       129
    no_tumor     0.5818    0.7442    0.6531       129

    accuracy                         0.6047       258
   macro avg     0.6135    0.6047    0.5968       258
weighted avg     0.6135    0.6047    0.5968       258

2026-04-09 05:58:58 - --------------------------------------------------
2026-04-09 05:59:17 - Epoch [71/100] LR: 9.71e-06/9.71e-05 | Loss: 0.4445 (seg=0.0023, cls=0.2211) | Cls Acc: 0.9901 | Seg IoU: 0.9959 | Seg Dice: 0.9980 | 18.5s
2026-04-09 05:59:37 - Epoch [72/100] LR: 9.13e-06/9.13e-05 | Loss: 0.4650 (seg=0.0021, cls=0.2314) | Cls Acc: 0.9852 | Seg IoU: 0.9962 | Seg Dice: 0.9981 | 20.5s
2026-04-09 05:59:56 - Epoch [73/100] LR: 8.56e-06/8.56e-05 | Loss: 0.4428 (seg=0.0020, cls=0.2204) | Cls Acc: 0.9918 | Seg IoU: 0.9963 | Seg Dice: 0.9982 | 18.7s
2026-04-09 06:00:16 - Epoch [74/100] LR: 8.01e-06/8.01e-05 | Loss: 0.4731 (seg=0.0020, cls=0.2356) | Cls Acc: 0.9852 | Seg IoU: 0.9964 | Seg Dice: 0.9982 | 19.9s
2026-04-09 06:00:37 - Epoch [75/100] LR: 7.47e-06/7.47e-05 | Loss: 0.4575 (seg=0.0019, cls=0.2278) | Cls Acc: 0.9868 | Seg IoU: 0.9965 | Seg Dice: 0.9982 | 20.8s
2026-04-09 06:00:37 - --------------------------------------------------
2026-04-09 06:00:42 - [Test] Cls — Acc: 0.6202 | P(macro): 0.6206 | R(macro): 0.6202 | F1(macro): 0.6198
2026-04-09 06:00:42 - [Test] Seg — Lesion IoU: 0.9956 | Lesion Dice: 0.9978
2026-04-09 06:00:42 - [Test] Classification Report:
              precision    recall  f1-score   support

      benign     0.6131    0.6512    0.6316       129
    no_tumor     0.6281    0.5891    0.6080       129

    accuracy                         0.6202       258
   macro avg     0.6206    0.6202    0.6198       258
weighted avg     0.6206    0.6202    0.6198       258

2026-04-09 06:00:42 - --------------------------------------------------
2026-04-09 06:01:02 - Epoch [76/100] LR: 6.95e-06/6.95e-05 | Loss: 0.4619 (seg=0.0020, cls=0.2300) | Cls Acc: 0.9885 | Seg IoU: 0.9965 | Seg Dice: 0.9982 | 20.3s
2026-04-09 06:01:23 - Epoch [77/100] LR: 6.45e-06/6.45e-05 | Loss: 0.4381 (seg=0.0019, cls=0.2181) | Cls Acc: 0.9901 | Seg IoU: 0.9966 | Seg Dice: 0.9983 | 20.2s
2026-04-09 06:01:42 - Epoch [78/100] LR: 5.96e-06/5.96e-05 | Loss: 0.4599 (seg=0.0018, cls=0.2290) | Cls Acc: 0.9819 | Seg IoU: 0.9968 | Seg Dice: 0.9984 | 19.0s
2026-04-09 06:02:02 - Epoch [79/100] LR: 5.49e-06/5.49e-05 | Loss: 0.4138 (seg=0.0018, cls=0.2060) | Cls Acc: 0.9967 | Seg IoU: 0.9968 | Seg Dice: 0.9984 | 20.1s
2026-04-09 06:02:22 - Epoch [80/100] LR: 5.03e-06/5.03e-05 | Loss: 0.4221 (seg=0.0017, cls=0.2102) | Cls Acc: 0.9951 | Seg IoU: 0.9969 | Seg Dice: 0.9984 | 20.4s
2026-04-09 06:02:22 - --------------------------------------------------
2026-04-09 06:02:27 - [Test] Cls — Acc: 0.6124 | P(macro): 0.6134 | R(macro): 0.6124 | F1(macro): 0.6116
2026-04-09 06:02:27 - [Test] Seg — Lesion IoU: 0.9962 | Lesion Dice: 0.9981
2026-04-09 06:02:27 - [Test] Classification Report:
              precision    recall  f1-score   support

      benign     0.6028    0.6589    0.6296       129
    no_tumor     0.6239    0.5659    0.5935       129

    accuracy                         0.6124       258
   macro avg     0.6134    0.6124    0.6116       258
weighted avg     0.6134    0.6124    0.6116       258

2026-04-09 06:02:27 - --------------------------------------------------
2026-04-09 06:02:46 - Epoch [81/100] LR: 4.60e-06/4.60e-05 | Loss: 0.4317 (seg=0.0017, cls=0.2150) | Cls Acc: 0.9918 | Seg IoU: 0.9970 | Seg Dice: 0.9985 | 19.5s
2026-04-09 06:03:07 - Epoch [82/100] LR: 4.18e-06/4.18e-05 | Loss: 0.4573 (seg=0.0017, cls=0.2278) | Cls Acc: 0.9868 | Seg IoU: 0.9969 | Seg Dice: 0.9984 | 20.5s
2026-04-09 06:03:28 - Epoch [83/100] LR: 3.79e-06/3.79e-05 | Loss: 0.4164 (seg=0.0017, cls=0.2074) | Cls Acc: 0.9951 | Seg IoU: 0.9970 | Seg Dice: 0.9985 | 21.0s
2026-04-09 06:03:49 - Epoch [84/100] LR: 3.41e-06/3.41e-05 | Loss: 0.4312 (seg=0.0017, cls=0.2147) | Cls Acc: 0.9918 | Seg IoU: 0.9970 | Seg Dice: 0.9985 | 21.0s
2026-04-09 06:04:09 - Epoch [85/100] LR: 3.05e-06/3.05e-05 | Loss: 0.4101 (seg=0.0016, cls=0.2042) | Cls Acc: 0.9951 | Seg IoU: 0.9971 | Seg Dice: 0.9985 | 20.0s
2026-04-09 06:04:09 - --------------------------------------------------
2026-04-09 06:04:15 - [Test] Cls — Acc: 0.5969 | P(macro): 0.5969 | R(macro): 0.5969 | F1(macro): 0.5969
2026-04-09 06:04:15 - [Test] Seg — Lesion IoU: 0.9964 | Lesion Dice: 0.9982
2026-04-09 06:04:15 - [Test] Classification Report:
              precision    recall  f1-score   support

      benign     0.5954    0.6047    0.6000       129
    no_tumor     0.5984    0.5891    0.5938       129

    accuracy                         0.5969       258
   macro avg     0.5969    0.5969    0.5969       258
weighted avg     0.5969    0.5969    0.5969       258

2026-04-09 06:04:15 - --------------------------------------------------
2026-04-09 06:04:37 - Epoch [86/100] LR: 2.72e-06/2.72e-05 | Loss: 0.4175 (seg=0.0016, cls=0.2079) | Cls Acc: 0.9951 | Seg IoU: 0.9970 | Seg Dice: 0.9985 | 22.3s
2026-04-09 06:05:00 - Epoch [87/100] LR: 2.40e-06/2.40e-05 | Loss: 0.4048 (seg=0.0016, cls=0.2016) | Cls Acc: 1.0000 | Seg IoU: 0.9971 | Seg Dice: 0.9985 | 22.5s
2026-04-09 06:05:22 - Epoch [88/100] LR: 2.11e-06/2.11e-05 | Loss: 0.4282 (seg=0.0016, cls=0.2133) | Cls Acc: 0.9951 | Seg IoU: 0.9971 | Seg Dice: 0.9985 | 22.7s
2026-04-09 06:05:45 - Epoch [89/100] LR: 1.84e-06/1.84e-05 | Loss: 0.4257 (seg=0.0015, cls=0.2121) | Cls Acc: 0.9951 | Seg IoU: 0.9973 | Seg Dice: 0.9986 | 22.6s
2026-04-09 06:06:06 - Epoch [90/100] LR: 1.59e-06/1.59e-05 | Loss: 0.4128 (seg=0.0015, cls=0.2056) | Cls Acc: 0.9984 | Seg IoU: 0.9972 | Seg Dice: 0.9986 | 20.8s
2026-04-09 06:06:06 - --------------------------------------------------
2026-04-09 06:06:12 - [Test] Cls — Acc: 0.5814 | P(macro): 0.5815 | R(macro): 0.5814 | F1(macro): 0.5813
2026-04-09 06:06:12 - [Test] Seg — Lesion IoU: 0.9965 | Lesion Dice: 0.9982
2026-04-09 06:06:12 - [Test] Classification Report:
              precision    recall  f1-score   support

      benign     0.5840    0.5659    0.5748       129
    no_tumor     0.5789    0.5969    0.5878       129

    accuracy                         0.5814       258
   macro avg     0.5815    0.5814    0.5813       258
weighted avg     0.5815    0.5814    0.5813       258

2026-04-09 06:06:12 - --------------------------------------------------
2026-04-09 06:06:34 - Epoch [91/100] LR: 1.37e-06/1.37e-05 | Loss: 0.4239 (seg=0.0016, cls=0.2112) | Cls Acc: 0.9934 | Seg IoU: 0.9972 | Seg Dice: 0.9986 | 22.2s
2026-04-09 06:06:57 - Epoch [92/100] LR: 1.17e-06/1.17e-05 | Loss: 0.4291 (seg=0.0015, cls=0.2138) | Cls Acc: 0.9918 | Seg IoU: 0.9972 | Seg Dice: 0.9986 | 22.3s
2026-04-09 06:07:18 - Epoch [93/100] LR: 9.88e-07/9.88e-06 | Loss: 0.4297 (seg=0.0016, cls=0.2140) | Cls Acc: 0.9901 | Seg IoU: 0.9971 | Seg Dice: 0.9985 | 21.6s
2026-04-09 06:07:40 - Epoch [94/100] LR: 8.33e-07/8.33e-06 | Loss: 0.4374 (seg=0.0015, cls=0.2180) | Cls Acc: 0.9918 | Seg IoU: 0.9975 | Seg Dice: 0.9987 | 21.6s
2026-04-09 06:08:02 - Epoch [95/100] LR: 7.01e-07/7.01e-06 | Loss: 0.4044 (seg=0.0015, cls=0.2014) | Cls Acc: 1.0000 | Seg IoU: 0.9972 | Seg Dice: 0.9986 | 22.3s
2026-04-09 06:08:02 - --------------------------------------------------
2026-04-09 06:08:09 - [Test] Cls — Acc: 0.5853 | P(macro): 0.5857 | R(macro): 0.5853 | F1(macro): 0.5848
2026-04-09 06:08:09 - [Test] Seg — Lesion IoU: 0.9966 | Lesion Dice: 0.9983
2026-04-09 06:08:09 - [Test] Classification Report:
              precision    recall  f1-score   support

      benign     0.5917    0.5504    0.5703       129
    no_tumor     0.5797    0.6202    0.5993       129

    accuracy                         0.5853       258
   macro avg     0.5857    0.5853    0.5848       258
weighted avg     0.5857    0.5853    0.5848       258

2026-04-09 06:08:09 - --------------------------------------------------
2026-04-09 06:08:29 - Epoch [96/100] LR: 5.93e-07/5.93e-06 | Loss: 0.4102 (seg=0.0016, cls=0.2043) | Cls Acc: 0.9967 | Seg IoU: 0.9972 | Seg Dice: 0.9986 | 20.8s
2026-04-09 06:08:50 - Epoch [97/100] LR: 5.08e-07/5.08e-06 | Loss: 0.4264 (seg=0.0016, cls=0.2124) | Cls Acc: 0.9934 | Seg IoU: 0.9972 | Seg Dice: 0.9986 | 20.9s
2026-04-09 06:09:11 - Epoch [98/100] LR: 4.48e-07/4.48e-06 | Loss: 0.4281 (seg=0.0015, cls=0.2133) | Cls Acc: 0.9934 | Seg IoU: 0.9973 | Seg Dice: 0.9986 | 20.7s
2026-04-09 06:09:31 - Epoch [99/100] LR: 4.12e-07/4.12e-06 | Loss: 0.4388 (seg=0.0016, cls=0.2186) | Cls Acc: 0.9901 | Seg IoU: 0.9971 | Seg Dice: 0.9986 | 20.4s
2026-04-09 06:09:51 - Epoch [100/100] LR: 4.00e-07/4.00e-06 | Loss: 0.4382 (seg=0.0015, cls=0.2183) | Cls Acc: 0.9901 | Seg IoU: 0.9973 | Seg Dice: 0.9987 | 19.6s
2026-04-09 06:09:51 - --------------------------------------------------
2026-04-09 06:09:57 - [Test] Cls — Acc: 0.5891 | P(macro): 0.5895 | R(macro): 0.5891 | F1(macro): 0.5888
2026-04-09 06:09:57 - [Test] Seg — Lesion IoU: 0.9966 | Lesion Dice: 0.9983
2026-04-09 06:09:57 - [Test] Classification Report:
              precision    recall  f1-score   support

      benign     0.5950    0.5581    0.5760       129
    no_tumor     0.5839    0.6202    0.6015       129

    accuracy                         0.5891       258
   macro avg     0.5895    0.5891    0.5888       258
weighted avg     0.5895    0.5891    0.5888       258

2026-04-09 06:09:57 - --------------------------------------------------
2026-04-09 06:09:57 - 
======================================================================
2026-04-09 06:09:57 - 训练完成! 最优模型: Epoch 10, F1: 0.6591
2026-04-09 06:09:57 - ======================================================================
2026-04-09 06:09:57 - 
加载最优权重进行最终测试...
2026-04-09 06:09:58 - ======================================================================
2026-04-09 06:09:58 - 最终测试结果 (最优权重, threshold=0.5)
2026-04-09 06:09:58 - ======================================================================
2026-04-09 06:10:03 - [Final Test] Cls — Acc: 0.6628 | P(macro): 0.6702 | R(macro): 0.6628 | F1(macro): 0.6591
2026-04-09 06:10:03 - [Final Test] Seg — Lesion IoU: 0.9276 | Lesion Dice: 0.9624
2026-04-09 06:10:03 - [Final Test] Classification Report:
              precision    recall  f1-score   support

      benign     0.7059    0.5581    0.6234       129
    no_tumor     0.6346    0.7674    0.6947       129

    accuracy                         0.6628       258
   macro avg     0.6702    0.6628    0.6591       258
weighted avg     0.6702    0.6628    0.6591       258

2026-04-09 06:10:03 - 
======================================================================
2026-04-09 06:10:03 - 阈值优化搜索
2026-04-09 06:10:03 - ======================================================================
2026-04-09 06:10:10 - 最优阈值: 0.445 (F1: 0.6691 vs 默认0.5 F1: 0.6591)
2026-04-09 06:10:15 - [Final Test (最优阈值)] Threshold: 0.445 | Acc: 0.6705 | P(macro): 0.6736 | R(macro): 0.6705 | F1(macro): 0.6691
2026-04-09 06:10:15 - [Final Test (最优阈值)] Classification Report:
              precision    recall  f1-score   support

      benign     0.6964    0.6047    0.6473       129
    no_tumor     0.6507    0.7364    0.6909       129

    accuracy                         0.6705       258
   macro avg     0.6736    0.6705    0.6691       258
weighted avg     0.6736    0.6705    0.6691       258

2026-04-09 06:10:15 - 训练脚本已复制到: /data1/ouyangxinglong/GBP-Cascade/0408/logs/20260408_task2_SwinV2Tiny_segcls_21a/20260408_task2_SwinV2Tiny_segcls_21a.py
