2026-03-18 16:14:07 - ============================================================
2026-03-18 16:14:07 - 实验名称: 20260315_task2_Resnet18_baseline_1
2026-03-18 16:14:07 - 任务: Task 2 - 良性肿瘤(0) vs 非肿瘤性息肉(1)
2026-03-18 16:14:07 - 模型: ResNet18 (ImageNet预训练)
2026-03-18 16:14:07 - 修改: baseline (无数据增强，全参数微调)
2026-03-18 16:14:07 - 图像尺寸: 224
2026-03-18 16:14:07 - Batch Size: 32
2026-03-18 16:14:07 - 学习率: 0.001
2026-03-18 16:14:07 - Weight Decay: 0.0001
2026-03-18 16:14:07 - Epochs: 100
2026-03-18 16:14:07 - 设备: cuda
2026-03-18 16:14:07 - ============================================================
2026-03-18 16:14:07 - 训练集: 1303 张 (benign=309, no_tumor=994)
2026-03-18 16:14:07 - 测试集: 564 张 (benign=129, no_tumor=435)
2026-03-18 16:14:08 - 模型参数量: 11,177,538
2026-03-18 16:14:08 - 可训练参数量: 11,177,538
2026-03-18 16:14:08 - 
============================================================
2026-03-18 16:14:08 - 开始训练
2026-03-18 16:14:08 - ============================================================
2026-03-18 16:14:10 - Epoch [1/100] LR: 0.001000 | Loss: 0.7427 | Train Acc: 0.7206 | Time: 2.9s
2026-03-18 16:14:12 - Epoch [2/100] LR: 0.001000 | Loss: 0.5387 | Train Acc: 0.7613 | Time: 2.0s
2026-03-18 16:14:15 - Epoch [3/100] LR: 0.001000 | Loss: 0.5359 | Train Acc: 0.7544 | Time: 2.2s
2026-03-18 16:14:15 - ----------------------------------------
2026-03-18 16:14:16 - [Test] Acc: 0.7216 | Precision(macro): 0.5118 | Recall(macro): 0.5060 | F1(macro): 0.4924
2026-03-18 16:14:16 - [Test] Classification Report:
              precision    recall  f1-score   support

      benign     0.2500    0.1085    0.1514       129
    no_tumor     0.7736    0.9034    0.8335       435

    accuracy                         0.7216       564
   macro avg     0.5118    0.5060    0.4924       564
weighted avg     0.6539    0.7216    0.6775       564

2026-03-18 16:14:16 - *** 保存最优模型 (F1: 0.4924, Epoch: 3) ***
2026-03-18 16:14:16 - ----------------------------------------
2026-03-18 16:14:18 - Epoch [4/100] LR: 0.001000 | Loss: 0.5291 | Train Acc: 0.7536 | Time: 2.0s
2026-03-18 16:14:20 - Epoch [5/100] LR: 0.001000 | Loss: 0.5305 | Train Acc: 0.7629 | Time: 2.1s
2026-03-18 16:14:22 - Epoch [6/100] LR: 0.001000 | Loss: 0.4787 | Train Acc: 0.7913 | Time: 2.1s
2026-03-18 16:14:22 - ----------------------------------------
2026-03-18 16:14:23 - [Test] Acc: 0.7535 | Precision(macro): 0.4257 | Recall(macro): 0.4912 | F1(macro): 0.4367
2026-03-18 16:14:23 - [Test] Classification Report:
              precision    recall  f1-score   support

      benign     0.0833    0.0078    0.0142       129
    no_tumor     0.7681    0.9747    0.8592       435

    accuracy                         0.7535       564
   macro avg     0.4257    0.4912    0.4367       564
weighted avg     0.6115    0.7535    0.6659       564

2026-03-18 16:14:23 - ----------------------------------------
2026-03-18 16:14:25 - Epoch [7/100] LR: 0.001000 | Loss: 0.4560 | Train Acc: 0.8074 | Time: 2.1s
2026-03-18 16:14:27 - Epoch [8/100] LR: 0.001000 | Loss: 0.4148 | Train Acc: 0.8196 | Time: 2.0s
2026-03-18 16:14:29 - Epoch [9/100] LR: 0.001000 | Loss: 0.4113 | Train Acc: 0.8196 | Time: 2.0s
2026-03-18 16:14:29 - ----------------------------------------
2026-03-18 16:14:30 - [Test] Acc: 0.7589 | Precision(macro): 0.6167 | Recall(macro): 0.5601 | F1(macro): 0.5622
2026-03-18 16:14:30 - [Test] Classification Report:
              precision    recall  f1-score   support

      benign     0.4386    0.1938    0.2688       129
    no_tumor     0.7949    0.9264    0.8556       435

    accuracy                         0.7589       564
   macro avg     0.6167    0.5601    0.5622       564
weighted avg     0.7134    0.7589    0.7214       564

2026-03-18 16:14:31 - *** 保存最优模型 (F1: 0.5622, Epoch: 9) ***
2026-03-18 16:14:31 - ----------------------------------------
2026-03-18 16:14:33 - Epoch [10/100] LR: 0.001000 | Loss: 0.3572 | Train Acc: 0.8465 | Time: 2.3s
2026-03-18 16:14:35 - Epoch [11/100] LR: 0.001000 | Loss: 0.2872 | Train Acc: 0.8749 | Time: 2.2s
2026-03-18 16:14:37 - Epoch [12/100] LR: 0.001000 | Loss: 0.2798 | Train Acc: 0.8833 | Time: 2.0s
2026-03-18 16:14:37 - ----------------------------------------
2026-03-18 16:14:38 - [Test] Acc: 0.7713 | Precision(macro): 0.6506 | Recall(macro): 0.5763 | F1(macro): 0.5830
2026-03-18 16:14:38 - [Test] Classification Report:
              precision    recall  f1-score   support

      benign     0.5000    0.2171    0.3027       129
    no_tumor     0.8012    0.9356    0.8632       435

    accuracy                         0.7713       564
   macro avg     0.6506    0.5763    0.5830       564
weighted avg     0.7323    0.7713    0.7350       564

2026-03-18 16:14:38 - *** 保存最优模型 (F1: 0.5830, Epoch: 12) ***
2026-03-18 16:14:38 - ----------------------------------------
2026-03-18 16:14:41 - Epoch [13/100] LR: 0.001000 | Loss: 0.2358 | Train Acc: 0.9110 | Time: 2.1s
2026-03-18 16:14:43 - Epoch [14/100] LR: 0.001000 | Loss: 0.2088 | Train Acc: 0.9179 | Time: 2.1s
2026-03-18 16:14:45 - Epoch [15/100] LR: 0.001000 | Loss: 0.1398 | Train Acc: 0.9401 | Time: 2.0s
2026-03-18 16:14:45 - ----------------------------------------
2026-03-18 16:14:46 - [Test] Acc: 0.7589 | Precision(macro): 0.5877 | Recall(macro): 0.5274 | F1(macro): 0.5099
2026-03-18 16:14:46 - [Test] Classification Report:
              precision    recall  f1-score   support

      benign     0.3939    0.1008    0.1605       129
    no_tumor     0.7815    0.9540    0.8592       435

    accuracy                         0.7589       564
   macro avg     0.5877    0.5274    0.5099       564
weighted avg     0.6929    0.7589    0.6994       564

2026-03-18 16:14:46 - ----------------------------------------
2026-03-18 16:14:48 - Epoch [16/100] LR: 0.001000 | Loss: 0.1607 | Train Acc: 0.9394 | Time: 2.0s
2026-03-18 16:14:50 - Epoch [17/100] LR: 0.001000 | Loss: 0.1050 | Train Acc: 0.9624 | Time: 2.1s
2026-03-18 16:14:52 - Epoch [18/100] LR: 0.001000 | Loss: 0.0912 | Train Acc: 0.9662 | Time: 2.1s
2026-03-18 16:14:52 - ----------------------------------------
2026-03-18 16:14:53 - [Test] Acc: 0.7305 | Precision(macro): 0.5801 | Recall(macro): 0.5581 | F1(macro): 0.5617
2026-03-18 16:14:53 - [Test] Classification Report:
              precision    recall  f1-score   support

      benign     0.3647    0.2403    0.2897       129
    no_tumor     0.7954    0.8759    0.8337       435

    accuracy                         0.7305       564
   macro avg     0.5801    0.5581    0.5617       564
weighted avg     0.6969    0.7305    0.7093       564

2026-03-18 16:14:53 - ----------------------------------------
2026-03-18 16:14:55 - Epoch [19/100] LR: 0.001000 | Loss: 0.0791 | Train Acc: 0.9708 | Time: 2.0s
2026-03-18 16:14:57 - Epoch [20/100] LR: 0.001000 | Loss: 0.1035 | Train Acc: 0.9670 | Time: 2.1s
2026-03-18 16:14:59 - Epoch [21/100] LR: 0.001000 | Loss: 0.0489 | Train Acc: 0.9870 | Time: 2.0s
2026-03-18 16:14:59 - ----------------------------------------
2026-03-18 16:15:00 - [Test] Acc: 0.7305 | Precision(macro): 0.5864 | Recall(macro): 0.5663 | F1(macro): 0.5708
2026-03-18 16:15:00 - [Test] Classification Report:
              precision    recall  f1-score   support

      benign     0.3736    0.2636    0.3091       129
    no_tumor     0.7992    0.8690    0.8326       435

    accuracy                         0.7305       564
   macro avg     0.5864    0.5663    0.5708       564
weighted avg     0.7018    0.7305    0.7129       564

2026-03-18 16:15:00 - ----------------------------------------
2026-03-18 16:15:03 - Epoch [22/100] LR: 0.001000 | Loss: 0.0300 | Train Acc: 0.9923 | Time: 2.1s
2026-03-18 16:15:05 - Epoch [23/100] LR: 0.001000 | Loss: 0.0890 | Train Acc: 0.9716 | Time: 2.1s
2026-03-18 16:15:07 - Epoch [24/100] LR: 0.001000 | Loss: 0.0598 | Train Acc: 0.9785 | Time: 2.1s
2026-03-18 16:15:07 - ----------------------------------------
2026-03-18 16:15:08 - [Test] Acc: 0.7163 | Precision(macro): 0.5339 | Recall(macro): 0.5216 | F1(macro): 0.5176
2026-03-18 16:15:08 - [Test] Classification Report:
              precision    recall  f1-score   support

      benign     0.2877    0.1628    0.2079       129
    no_tumor     0.7800    0.8805    0.8272       435

    accuracy                         0.7163       564
   macro avg     0.5339    0.5216    0.5176       564
weighted avg     0.6674    0.7163    0.6856       564

2026-03-18 16:15:08 - ----------------------------------------
2026-03-18 16:15:10 - Epoch [25/100] LR: 0.001000 | Loss: 0.1170 | Train Acc: 0.9624 | Time: 2.1s
2026-03-18 16:15:12 - Epoch [26/100] LR: 0.001000 | Loss: 0.1177 | Train Acc: 0.9601 | Time: 2.0s
2026-03-18 16:15:14 - Epoch [27/100] LR: 0.001000 | Loss: 0.0360 | Train Acc: 0.9923 | Time: 2.1s
2026-03-18 16:15:14 - ----------------------------------------
2026-03-18 16:15:15 - [Test] Acc: 0.6543 | Precision(macro): 0.5571 | Recall(macro): 0.5686 | F1(macro): 0.5582
2026-03-18 16:15:15 - [Test] Classification Report:
              precision    recall  f1-score   support

      benign     0.3081    0.4109    0.3522       129
    no_tumor     0.8061    0.7264    0.7642       435

    accuracy                         0.6543       564
   macro avg     0.5571    0.5686    0.5582       564
weighted avg     0.6922    0.6543    0.6700       564

2026-03-18 16:15:15 - ----------------------------------------
2026-03-18 16:15:17 - Epoch [28/100] LR: 0.001000 | Loss: 0.0410 | Train Acc: 0.9847 | Time: 2.1s
2026-03-18 16:15:19 - Epoch [29/100] LR: 0.001000 | Loss: 0.0198 | Train Acc: 0.9931 | Time: 2.1s
2026-03-18 16:15:22 - Epoch [30/100] LR: 0.001000 | Loss: 0.0269 | Train Acc: 0.9908 | Time: 2.1s
2026-03-18 16:15:22 - ----------------------------------------
2026-03-18 16:15:23 - [Test] Acc: 0.6543 | Precision(macro): 0.5260 | Recall(macro): 0.5277 | F1(macro): 0.5265
2026-03-18 16:15:23 - [Test] Classification Report:
              precision    recall  f1-score   support

      benign     0.2676    0.2946    0.2804       129
    no_tumor     0.7844    0.7609    0.7725       435

    accuracy                         0.6543       564
   macro avg     0.5260    0.5277    0.5265       564
weighted avg     0.6662    0.6543    0.6599       564

2026-03-18 16:15:23 - ----------------------------------------
2026-03-18 16:15:25 - Epoch [31/100] LR: 0.001000 | Loss: 0.0325 | Train Acc: 0.9900 | Time: 2.0s
2026-03-18 16:15:27 - Epoch [32/100] LR: 0.001000 | Loss: 0.0216 | Train Acc: 0.9916 | Time: 2.1s
2026-03-18 16:15:29 - Epoch [33/100] LR: 0.001000 | Loss: 0.0715 | Train Acc: 0.9724 | Time: 2.0s
2026-03-18 16:15:29 - ----------------------------------------
2026-03-18 16:15:30 - [Test] Acc: 0.5018 | Precision(macro): 0.5231 | Recall(macro): 0.5325 | F1(macro): 0.4734
2026-03-18 16:15:30 - [Test] Classification Report:
              precision    recall  f1-score   support

      benign     0.2500    0.5891    0.3510       129
    no_tumor     0.7962    0.4759    0.5957       435

    accuracy                         0.5018       564
   macro avg     0.5231    0.5325    0.4734       564
weighted avg     0.6712    0.5018    0.5397       564

2026-03-18 16:15:30 - ----------------------------------------
2026-03-18 16:15:32 - Epoch [34/100] LR: 0.001000 | Loss: 0.0803 | Train Acc: 0.9754 | Time: 2.1s
2026-03-18 16:15:34 - Epoch [35/100] LR: 0.001000 | Loss: 0.0572 | Train Acc: 0.9816 | Time: 2.0s
2026-03-18 16:15:36 - Epoch [36/100] LR: 0.001000 | Loss: 0.0303 | Train Acc: 0.9900 | Time: 2.1s
2026-03-18 16:15:36 - ----------------------------------------
2026-03-18 16:15:37 - [Test] Acc: 0.6897 | Precision(macro): 0.5550 | Recall(macro): 0.5535 | F1(macro): 0.5542
2026-03-18 16:15:37 - [Test] Classification Report:
              precision    recall  f1-score   support

      benign     0.3145    0.3023    0.3083       129
    no_tumor     0.7955    0.8046    0.8000       435

    accuracy                         0.6897       564
   macro avg     0.5550    0.5535    0.5542       564
weighted avg     0.6855    0.6897    0.6875       564

2026-03-18 16:15:37 - ----------------------------------------
2026-03-18 16:15:39 - Epoch [37/100] LR: 0.001000 | Loss: 0.0227 | Train Acc: 0.9908 | Time: 2.0s
2026-03-18 16:15:42 - Epoch [38/100] LR: 0.001000 | Loss: 0.0246 | Train Acc: 0.9923 | Time: 2.3s
2026-03-18 16:15:44 - Epoch [39/100] LR: 0.001000 | Loss: 0.0086 | Train Acc: 0.9962 | Time: 2.0s
2026-03-18 16:15:44 - ----------------------------------------
2026-03-18 16:15:45 - [Test] Acc: 0.7589 | Precision(macro): 0.5621 | Recall(macro): 0.5138 | F1(macro): 0.4830
2026-03-18 16:15:45 - [Test] Classification Report:
              precision    recall  f1-score   support

      benign     0.3478    0.0620    0.1053       129
    no_tumor     0.7763    0.9655    0.8607       435

    accuracy                         0.7589       564
   macro avg     0.5621    0.5138    0.4830       564
weighted avg     0.6783    0.7589    0.6879       564

2026-03-18 16:15:45 - ----------------------------------------
2026-03-18 16:15:47 - Epoch [40/100] LR: 0.001000 | Loss: 0.0335 | Train Acc: 0.9885 | Time: 2.0s
2026-03-18 16:15:49 - Epoch [41/100] LR: 0.001000 | Loss: 0.0430 | Train Acc: 0.9854 | Time: 2.1s
2026-03-18 16:15:51 - Epoch [42/100] LR: 0.001000 | Loss: 0.0351 | Train Acc: 0.9854 | Time: 2.3s
2026-03-18 16:15:51 - ----------------------------------------
2026-03-18 16:15:52 - [Test] Acc: 0.6472 | Precision(macro): 0.4776 | Recall(macro): 0.4795 | F1(macro): 0.4781
2026-03-18 16:15:52 - [Test] Classification Report:
              precision    recall  f1-score   support

      benign     0.1930    0.1705    0.1811       129
    no_tumor     0.7622    0.7885    0.7751       435

    accuracy                         0.6472       564
   macro avg     0.4776    0.4795    0.4781       564
weighted avg     0.6320    0.6472    0.6393       564

2026-03-18 16:15:52 - ----------------------------------------
2026-03-18 16:15:54 - Epoch [43/100] LR: 0.001000 | Loss: 0.0745 | Train Acc: 0.9716 | Time: 2.1s
2026-03-18 16:15:56 - Epoch [44/100] LR: 0.001000 | Loss: 0.0349 | Train Acc: 0.9877 | Time: 2.0s
2026-03-18 16:15:58 - Epoch [45/100] LR: 0.001000 | Loss: 0.0253 | Train Acc: 0.9923 | Time: 2.1s
2026-03-18 16:15:58 - ----------------------------------------
2026-03-18 16:15:59 - [Test] Acc: 0.6844 | Precision(macro): 0.4976 | Recall(macro): 0.4982 | F1(macro): 0.4939
2026-03-18 16:15:59 - [Test] Classification Report:
              precision    recall  f1-score   support

      benign     0.2247    0.1550    0.1835       129
    no_tumor     0.7705    0.8414    0.8044       435

    accuracy                         0.6844       564
   macro avg     0.4976    0.4982    0.4939       564
weighted avg     0.6457    0.6844    0.6624       564

2026-03-18 16:15:59 - ----------------------------------------
2026-03-18 16:16:02 - Epoch [46/100] LR: 0.001000 | Loss: 0.0675 | Train Acc: 0.9800 | Time: 2.5s
2026-03-18 16:16:04 - Epoch [47/100] LR: 0.001000 | Loss: 0.0290 | Train Acc: 0.9908 | Time: 2.1s
2026-03-18 16:16:06 - Epoch [48/100] LR: 0.001000 | Loss: 0.0115 | Train Acc: 0.9985 | Time: 2.1s
2026-03-18 16:16:06 - ----------------------------------------
2026-03-18 16:16:07 - [Test] Acc: 0.7128 | Precision(macro): 0.4953 | Recall(macro): 0.4975 | F1(macro): 0.4830
2026-03-18 16:16:07 - [Test] Classification Report:
              precision    recall  f1-score   support

      benign     0.2203    0.1008    0.1383       129
    no_tumor     0.7703    0.8943    0.8277       435

    accuracy                         0.7128       564
   macro avg     0.4953    0.4975    0.4830       564
weighted avg     0.6445    0.7128    0.6700       564

2026-03-18 16:16:07 - ----------------------------------------
2026-03-18 16:16:09 - Epoch [49/100] LR: 0.001000 | Loss: 0.0535 | Train Acc: 0.9816 | Time: 2.4s
2026-03-18 16:16:11 - Epoch [50/100] LR: 0.001000 | Loss: 0.0469 | Train Acc: 0.9823 | Time: 2.0s
2026-03-18 16:16:14 - Epoch [51/100] LR: 0.001000 | Loss: 0.0461 | Train Acc: 0.9831 | Time: 2.1s
2026-03-18 16:16:14 - ----------------------------------------
2026-03-18 16:16:15 - [Test] Acc: 0.7340 | Precision(macro): 0.5805 | Recall(macro): 0.5549 | F1(macro): 0.5579
2026-03-18 16:16:15 - [Test] Classification Report:
              precision    recall  f1-score   support

      benign     0.3671    0.2248    0.2788       129
    no_tumor     0.7938    0.8851    0.8370       435

    accuracy                         0.7340       564
   macro avg     0.5805    0.5549    0.5579       564
weighted avg     0.6962    0.7340    0.7093       564

2026-03-18 16:16:15 - ----------------------------------------
2026-03-18 16:16:17 - Epoch [52/100] LR: 0.001000 | Loss: 0.0279 | Train Acc: 0.9893 | Time: 2.1s
2026-03-18 16:16:19 - Epoch [53/100] LR: 0.001000 | Loss: 0.0480 | Train Acc: 0.9839 | Time: 2.1s
2026-03-18 16:16:21 - Epoch [54/100] LR: 0.001000 | Loss: 0.0275 | Train Acc: 0.9885 | Time: 2.0s
2026-03-18 16:16:21 - ----------------------------------------
2026-03-18 16:16:22 - [Test] Acc: 0.7376 | Precision(macro): 0.5761 | Recall(macro): 0.5463 | F1(macro): 0.5467
2026-03-18 16:16:22 - [Test] Classification Report:
              precision    recall  f1-score   support

      benign     0.3623    0.1938    0.2525       129
    no_tumor     0.7899    0.8989    0.8409       435

    accuracy                         0.7376       564
   macro avg     0.5761    0.5463    0.5467       564
weighted avg     0.6921    0.7376    0.7063       564

2026-03-18 16:16:22 - ----------------------------------------
2026-03-18 16:16:24 - Epoch [55/100] LR: 0.001000 | Loss: 0.0415 | Train Acc: 0.9885 | Time: 2.0s
2026-03-18 16:16:26 - Epoch [56/100] LR: 0.001000 | Loss: 0.0378 | Train Acc: 0.9893 | Time: 2.0s
2026-03-18 16:16:28 - Epoch [57/100] LR: 0.001000 | Loss: 0.0256 | Train Acc: 0.9923 | Time: 2.1s
2026-03-18 16:16:28 - ----------------------------------------
2026-03-18 16:16:29 - [Test] Acc: 0.7057 | Precision(macro): 0.5316 | Recall(macro): 0.5229 | F1(macro): 0.5213
2026-03-18 16:16:29 - [Test] Classification Report:
              precision    recall  f1-score   support

      benign     0.2824    0.1860    0.2243       129
    no_tumor     0.7808    0.8598    0.8184       435

    accuracy                         0.7057       564
   macro avg     0.5316    0.5229    0.5213       564
weighted avg     0.6668    0.7057    0.6825       564

2026-03-18 16:16:29 - ----------------------------------------
2026-03-18 16:16:31 - Epoch [58/100] LR: 0.001000 | Loss: 0.0117 | Train Acc: 0.9939 | Time: 2.1s
2026-03-18 16:16:33 - Epoch [59/100] LR: 0.001000 | Loss: 0.0132 | Train Acc: 0.9954 | Time: 2.1s
2026-03-18 16:16:35 - Epoch [60/100] LR: 0.001000 | Loss: 0.0128 | Train Acc: 0.9969 | Time: 2.1s
2026-03-18 16:16:35 - ----------------------------------------
2026-03-18 16:16:37 - [Test] Acc: 0.7004 | Precision(macro): 0.5763 | Recall(macro): 0.5767 | F1(macro): 0.5765
2026-03-18 16:16:37 - [Test] Classification Report:
              precision    recall  f1-score   support

      benign     0.3462    0.3488    0.3475       129
    no_tumor     0.8065    0.8046    0.8055       435

    accuracy                         0.7004       564
   macro avg     0.5763    0.5767    0.5765       564
weighted avg     0.7012    0.7004    0.7008       564

2026-03-18 16:16:37 - ----------------------------------------
2026-03-18 16:16:39 - Epoch [61/100] LR: 0.001000 | Loss: 0.0080 | Train Acc: 0.9977 | Time: 2.1s
2026-03-18 16:16:41 - Epoch [62/100] LR: 0.001000 | Loss: 0.0107 | Train Acc: 0.9977 | Time: 2.0s
2026-03-18 16:16:43 - Epoch [63/100] LR: 0.001000 | Loss: 0.0140 | Train Acc: 0.9954 | Time: 2.0s
2026-03-18 16:16:43 - ----------------------------------------
2026-03-18 16:16:44 - [Test] Acc: 0.7163 | Precision(macro): 0.5405 | Recall(macro): 0.5271 | F1(macro): 0.5249
2026-03-18 16:16:44 - [Test] Classification Report:
              precision    recall  f1-score   support

      benign     0.2987    0.1783    0.2233       129
    no_tumor     0.7823    0.8759    0.8265       435

    accuracy                         0.7163       564
   macro avg     0.5405    0.5271    0.5249       564
weighted avg     0.6717    0.7163    0.6885       564

2026-03-18 16:16:44 - ----------------------------------------
2026-03-18 16:16:46 - Epoch [64/100] LR: 0.001000 | Loss: 0.0268 | Train Acc: 0.9885 | Time: 2.0s
2026-03-18 16:16:48 - Epoch [65/100] LR: 0.001000 | Loss: 0.0327 | Train Acc: 0.9885 | Time: 2.2s
2026-03-18 16:16:50 - Epoch [66/100] LR: 0.001000 | Loss: 0.0500 | Train Acc: 0.9816 | Time: 2.1s
2026-03-18 16:16:50 - ----------------------------------------
2026-03-18 16:16:51 - [Test] Acc: 0.6915 | Precision(macro): 0.5143 | Recall(macro): 0.5110 | F1(macro): 0.5087
2026-03-18 16:16:51 - [Test] Classification Report:
              precision    recall  f1-score   support

      benign     0.2527    0.1783    0.2091       129
    no_tumor     0.7759    0.8437    0.8084       435

    accuracy                         0.6915       564
   macro avg     0.5143    0.5110    0.5087       564
weighted avg     0.6562    0.6915    0.6713       564

2026-03-18 16:16:51 - ----------------------------------------
2026-03-18 16:16:53 - Epoch [67/100] LR: 0.001000 | Loss: 0.0556 | Train Acc: 0.9800 | Time: 2.1s
2026-03-18 16:16:55 - Epoch [68/100] LR: 0.001000 | Loss: 0.0582 | Train Acc: 0.9808 | Time: 2.0s
2026-03-18 16:16:57 - Epoch [69/100] LR: 0.001000 | Loss: 0.0175 | Train Acc: 0.9954 | Time: 2.1s
2026-03-18 16:16:57 - ----------------------------------------
2026-03-18 16:16:58 - [Test] Acc: 0.7447 | Precision(macro): 0.5524 | Recall(macro): 0.5209 | F1(macro): 0.5061
2026-03-18 16:16:58 - [Test] Classification Report:
              precision    recall  f1-score   support

      benign     0.3256    0.1085    0.1628       129
    no_tumor     0.7793    0.9333    0.8494       435

    accuracy                         0.7447       564
   macro avg     0.5524    0.5209    0.5061       564
weighted avg     0.6755    0.7447    0.6923       564

2026-03-18 16:16:58 - ----------------------------------------
2026-03-18 16:17:00 - Epoch [70/100] LR: 0.001000 | Loss: 0.0118 | Train Acc: 0.9969 | Time: 2.0s
2026-03-18 16:17:02 - Epoch [71/100] LR: 0.001000 | Loss: 0.0041 | Train Acc: 0.9992 | Time: 2.1s
2026-03-18 16:17:04 - Epoch [72/100] LR: 0.001000 | Loss: 0.0016 | Train Acc: 1.0000 | Time: 2.1s
2026-03-18 16:17:04 - ----------------------------------------
2026-03-18 16:17:05 - [Test] Acc: 0.7535 | Precision(macro): 0.5552 | Recall(macro): 0.5158 | F1(macro): 0.4912
2026-03-18 16:17:05 - [Test] Classification Report:
              precision    recall  f1-score   support

      benign     0.3333    0.0775    0.1258       129
    no_tumor     0.7772    0.9540    0.8566       435

    accuracy                         0.7535       564
   macro avg     0.5552    0.5158    0.4912       564
weighted avg     0.6756    0.7535    0.6894       564

2026-03-18 16:17:05 - ----------------------------------------
2026-03-18 16:17:08 - Epoch [73/100] LR: 0.001000 | Loss: 0.0015 | Train Acc: 1.0000 | Time: 2.1s
2026-03-18 16:17:10 - Epoch [74/100] LR: 0.001000 | Loss: 0.0007 | Train Acc: 1.0000 | Time: 2.1s
2026-03-18 16:17:12 - Epoch [75/100] LR: 0.001000 | Loss: 0.0005 | Train Acc: 1.0000 | Time: 2.1s
2026-03-18 16:17:12 - ----------------------------------------
2026-03-18 16:17:13 - [Test] Acc: 0.7642 | Precision(macro): 0.6081 | Recall(macro): 0.5308 | F1(macro): 0.5131
2026-03-18 16:17:13 - [Test] Classification Report:
              precision    recall  f1-score   support

      benign     0.4333    0.1008    0.1635       129
    no_tumor     0.7828    0.9609    0.8627       435

    accuracy                         0.7642       564
   macro avg     0.6081    0.5308    0.5131       564
weighted avg     0.7028    0.7642    0.7028       564

2026-03-18 16:17:13 - ----------------------------------------
2026-03-18 16:17:15 - Epoch [76/100] LR: 0.001000 | Loss: 0.0203 | Train Acc: 0.9946 | Time: 2.1s
2026-03-18 16:17:17 - Epoch [77/100] LR: 0.001000 | Loss: 0.0708 | Train Acc: 0.9731 | Time: 2.2s
2026-03-18 16:17:19 - Epoch [78/100] LR: 0.001000 | Loss: 0.0833 | Train Acc: 0.9724 | Time: 2.0s
2026-03-18 16:17:19 - ----------------------------------------
2026-03-18 16:17:20 - [Test] Acc: 0.6968 | Precision(macro): 0.5051 | Recall(macro): 0.5035 | F1(macro): 0.4979
2026-03-18 16:17:20 - [Test] Classification Report:
              precision    recall  f1-score   support

      benign     0.2375    0.1473    0.1818       129
    no_tumor     0.7727    0.8598    0.8139       435

    accuracy                         0.6968       564
   macro avg     0.5051    0.5035    0.4979       564
weighted avg     0.6503    0.6968    0.6693       564

2026-03-18 16:17:20 - ----------------------------------------
2026-03-18 16:17:22 - Epoch [79/100] LR: 0.001000 | Loss: 0.0602 | Train Acc: 0.9770 | Time: 2.1s
2026-03-18 16:17:24 - Epoch [80/100] LR: 0.001000 | Loss: 0.0416 | Train Acc: 0.9870 | Time: 2.1s
2026-03-18 16:17:27 - Epoch [81/100] LR: 0.001000 | Loss: 0.0453 | Train Acc: 0.9847 | Time: 2.1s
2026-03-18 16:17:27 - ----------------------------------------
2026-03-18 16:17:28 - [Test] Acc: 0.7128 | Precision(macro): 0.5803 | Recall(macro): 0.5739 | F1(macro): 0.5764
2026-03-18 16:17:28 - [Test] Classification Report:
              precision    recall  f1-score   support

      benign     0.3565    0.3178    0.3361       129
    no_tumor     0.8040    0.8299    0.8167       435

    accuracy                         0.7128       564
   macro avg     0.5803    0.5739    0.5764       564
weighted avg     0.7017    0.7128    0.7068       564

2026-03-18 16:17:28 - ----------------------------------------
2026-03-18 16:17:30 - Epoch [82/100] LR: 0.001000 | Loss: 0.0238 | Train Acc: 0.9908 | Time: 2.1s
2026-03-18 16:17:32 - Epoch [83/100] LR: 0.001000 | Loss: 0.0097 | Train Acc: 0.9954 | Time: 2.0s
2026-03-18 16:17:34 - Epoch [84/100] LR: 0.001000 | Loss: 0.0143 | Train Acc: 0.9946 | Time: 2.4s
2026-03-18 16:17:34 - ----------------------------------------
2026-03-18 16:17:35 - [Test] Acc: 0.7535 | Precision(macro): 0.5552 | Recall(macro): 0.5158 | F1(macro): 0.4912
2026-03-18 16:17:35 - [Test] Classification Report:
              precision    recall  f1-score   support

      benign     0.3333    0.0775    0.1258       129
    no_tumor     0.7772    0.9540    0.8566       435

    accuracy                         0.7535       564
   macro avg     0.5552    0.5158    0.4912       564
weighted avg     0.6756    0.7535    0.6894       564

2026-03-18 16:17:35 - ----------------------------------------
2026-03-18 16:17:37 - Epoch [85/100] LR: 0.001000 | Loss: 0.0102 | Train Acc: 0.9977 | Time: 2.2s
2026-03-18 16:17:40 - Epoch [86/100] LR: 0.001000 | Loss: 0.0068 | Train Acc: 0.9985 | Time: 2.1s
2026-03-18 16:17:42 - Epoch [87/100] LR: 0.001000 | Loss: 0.0068 | Train Acc: 0.9969 | Time: 2.5s
2026-03-18 16:17:42 - ----------------------------------------
2026-03-18 16:17:43 - [Test] Acc: 0.7216 | Precision(macro): 0.5066 | Recall(macro): 0.5033 | F1(macro): 0.4880
2026-03-18 16:17:43 - [Test] Classification Report:
              precision    recall  f1-score   support

      benign     0.2407    0.1008    0.1421       129
    no_tumor     0.7725    0.9057    0.8339       435

    accuracy                         0.7216       564
   macro avg     0.5066    0.5033    0.4880       564
weighted avg     0.6509    0.7216    0.6756       564

2026-03-18 16:17:43 - ----------------------------------------
2026-03-18 16:17:45 - Epoch [88/100] LR: 0.001000 | Loss: 0.0096 | Train Acc: 0.9977 | Time: 2.2s
2026-03-18 16:17:47 - Epoch [89/100] LR: 0.001000 | Loss: 0.0077 | Train Acc: 0.9954 | Time: 2.1s
2026-03-18 16:17:50 - Epoch [90/100] LR: 0.001000 | Loss: 0.0052 | Train Acc: 0.9985 | Time: 2.3s
2026-03-18 16:17:50 - ----------------------------------------
2026-03-18 16:17:51 - [Test] Acc: 0.7394 | Precision(macro): 0.5647 | Recall(macro): 0.5338 | F1(macro): 0.5288
2026-03-18 16:17:51 - [Test] Classification Report:
              precision    recall  f1-score   support

      benign     0.3448    0.1550    0.2139       129
    no_tumor     0.7846    0.9126    0.8438       435

    accuracy                         0.7394       564
   macro avg     0.5647    0.5338    0.5288       564
weighted avg     0.6840    0.7394    0.6997       564

2026-03-18 16:17:51 - ----------------------------------------
2026-03-18 16:17:53 - Epoch [91/100] LR: 0.001000 | Loss: 0.0017 | Train Acc: 1.0000 | Time: 2.0s
2026-03-18 16:17:55 - Epoch [92/100] LR: 0.001000 | Loss: 0.0005 | Train Acc: 1.0000 | Time: 2.1s
2026-03-18 16:17:57 - Epoch [93/100] LR: 0.001000 | Loss: 0.0004 | Train Acc: 1.0000 | Time: 2.0s
2026-03-18 16:17:57 - ----------------------------------------
2026-03-18 16:17:58 - [Test] Acc: 0.7553 | Precision(macro): 0.5837 | Recall(macro): 0.5306 | F1(macro): 0.5174
2026-03-18 16:17:58 - [Test] Classification Report:
              precision    recall  f1-score   support

      benign     0.3846    0.1163    0.1786       129
    no_tumor     0.7829    0.9448    0.8562       435

    accuracy                         0.7553       564
   macro avg     0.5837    0.5306    0.5174       564
weighted avg     0.6918    0.7553    0.7012       564

2026-03-18 16:17:58 - ----------------------------------------
2026-03-18 16:18:00 - Epoch [94/100] LR: 0.001000 | Loss: 0.0003 | Train Acc: 1.0000 | Time: 2.0s
2026-03-18 16:18:02 - Epoch [95/100] LR: 0.001000 | Loss: 0.0005 | Train Acc: 1.0000 | Time: 2.1s
2026-03-18 16:18:04 - Epoch [96/100] LR: 0.001000 | Loss: 0.0002 | Train Acc: 1.0000 | Time: 2.1s
2026-03-18 16:18:04 - ----------------------------------------
2026-03-18 16:18:06 - [Test] Acc: 0.7411 | Precision(macro): 0.5575 | Recall(macro): 0.5268 | F1(macro): 0.5174
2026-03-18 16:18:06 - [Test] Classification Report:
              precision    recall  f1-score   support

      benign     0.3333    0.1318    0.1889       129
    no_tumor     0.7817    0.9218    0.8460       435

    accuracy                         0.7411       564
   macro avg     0.5575    0.5268    0.5174       564
weighted avg     0.6791    0.7411    0.6957       564

2026-03-18 16:18:06 - ----------------------------------------
2026-03-18 16:18:08 - Epoch [97/100] LR: 0.001000 | Loss: 0.0001 | Train Acc: 1.0000 | Time: 2.2s
2026-03-18 16:18:10 - Epoch [98/100] LR: 0.001000 | Loss: 0.0005 | Train Acc: 1.0000 | Time: 2.1s
2026-03-18 16:18:12 - Epoch [99/100] LR: 0.001000 | Loss: 0.0005 | Train Acc: 1.0000 | Time: 2.3s
2026-03-18 16:18:12 - ----------------------------------------
2026-03-18 16:18:13 - [Test] Acc: 0.7411 | Precision(macro): 0.5679 | Recall(macro): 0.5350 | F1(macro): 0.5300
2026-03-18 16:18:13 - [Test] Classification Report:
              precision    recall  f1-score   support

      benign     0.3509    0.1550    0.2151       129
    no_tumor     0.7850    0.9149    0.8450       435

    accuracy                         0.7411       564
   macro avg     0.5679    0.5350    0.5300       564
weighted avg     0.6857    0.7411    0.7009       564

2026-03-18 16:18:13 - ----------------------------------------
2026-03-18 16:18:16 - Epoch [100/100] LR: 0.001000 | Loss: 0.0003 | Train Acc: 1.0000 | Time: 2.8s
2026-03-18 16:18:16 - ----------------------------------------
2026-03-18 16:18:17 - [Test] Acc: 0.7518 | Precision(macro): 0.5700 | Recall(macro): 0.5255 | F1(macro): 0.5104
2026-03-18 16:18:17 - [Test] Classification Report:
              precision    recall  f1-score   support

      benign     0.3590    0.1085    0.1667       129
    no_tumor     0.7810    0.9425    0.8542       435

    accuracy                         0.7518       564
   macro avg     0.5700    0.5255    0.5104       564
weighted avg     0.6844    0.7518    0.6969       564

2026-03-18 16:18:17 - ----------------------------------------
2026-03-18 16:18:17 - 
============================================================
2026-03-18 16:18:17 - 训练完成! 最优模型: Epoch 12, F1: 0.5830
2026-03-18 16:18:17 - ============================================================
2026-03-18 16:18:17 - 
加载最优权重进行最终测试...
2026-03-18 16:18:17 - ============================================================
2026-03-18 16:18:17 - 最终测试结果 (最优权重)
2026-03-18 16:18:17 - ============================================================
2026-03-18 16:18:19 - [Final Test] Acc: 0.7713 | Precision(macro): 0.6506 | Recall(macro): 0.5763 | F1(macro): 0.5830
2026-03-18 16:18:19 - [Final Test] Classification Report:
              precision    recall  f1-score   support

      benign     0.5000    0.2171    0.3027       129
    no_tumor     0.8012    0.9356    0.8632       435

    accuracy                         0.7713       564
   macro avg     0.6506    0.5763    0.5830       564
weighted avg     0.7323    0.7713    0.7350       564

2026-03-18 16:18:19 - 训练脚本已复制到: /data1/ouyangxinglong/GBP-Cascade/logs/20260315_task2_Resnet18_baseline_1/20260315_task2_Resnet18_baseline_1.py
