2026-04-20 14:23:00 - ======================================================================
2026-04-20 14:23:00 - 实验名称: 20260420_task2_SwinV2Tiny_segcls_18_0414_bn_nt
2026-04-20 14:23:00 - 模型: SwinV2-Tiny@256 + 4ch + BERT CrossAttn + BERT[CLS] + 10D ExtMeta + Gated Trimodal Fusion
2026-04-20 14:23:00 - 修改: 全模态融合 + 0414dataset二分类过滤: 保留benign/no_tumor, 映射 benign(1)->0, no_tumor(2)->1; img(CrossAttn+SegAttn→256D) + text(BERT[CLS]→128D) + clinical(10D→96D) → GatedTrimodalFusion → 256D → MLP → 2类 + warmup=10ep
2026-04-20 14:23:00 - 输入通道: 4
2026-04-20 14:23:00 - 图像尺寸: 256
2026-04-20 14:23:00 - 分割类别: 2
2026-04-20 14:23:00 - 分类类别: ['benign', 'no_tumor']
2026-04-20 14:23:00 - Batch Size: 8
2026-04-20 14:23:00 - Backbone LR: 2e-05
2026-04-20 14:23:00 - Head LR: 0.0002
2026-04-20 14:23:00 - Weight Decay: 0.05
2026-04-20 14:23:00 - Warmup Epochs: 10
2026-04-20 14:23:00 - Lambda Cls: 2.0
2026-04-20 14:23:00 - Label Smoothing: 0.1
2026-04-20 14:23:00 - Seed: 42
2026-04-20 14:23:00 - Epochs: 100
2026-04-20 14:23:00 - Grad Clip: 1.0
2026-04-20 14:23:00 - Meta Dim: 10
2026-04-20 14:23:00 - Benign漏检率上限(临床约束): 10.00%
2026-04-20 14:23:00 - 高置信no_tumor阈值: 0.90
2026-04-20 14:23:00 - 校准分箱数: 10
2026-04-20 14:23:00 - 设备: cuda
2026-04-20 14:23:00 - ======================================================================
2026-04-20 14:23:02 - 训练集: 812 张 (benign=271, no_tumor=541)
2026-04-20 14:23:02 - 测试集: 342 张 (benign=114, no_tumor=228)
2026-04-20 14:23:06 - 模型参数量: 137,439,313 (含BERT)
2026-04-20 14:23:06 - 可训练参数量: 35,171,665 (BERT冻结)
2026-04-20 14:23:06 - 分类类别权重: benign=1.4982, no_tumor=0.7505
2026-04-20 14:23:06 - 分割类别权重: bg=1.0, lesion=5.0
2026-04-20 14:23:06 - 
======================================================================
2026-04-20 14:23:06 - 开始训练
2026-04-20 14:23:06 - ======================================================================
2026-04-20 14:23:22 - Epoch [1/100] LR: 2.00e-06/2.00e-05 | Loss: 2.2828 (seg=0.8548, cls=0.7140) | Cls Acc: 0.4839 | Seg IoU: 0.4790 | Seg Dice: 0.5723 | 16.1s
2026-04-20 14:23:36 - Epoch [2/100] LR: 4.00e-06/4.00e-05 | Loss: 1.7575 (seg=0.3804, cls=0.6886) | Cls Acc: 0.5780 | Seg IoU: 0.8646 | Seg Dice: 0.9270 | 14.5s
2026-04-20 14:23:51 - Epoch [3/100] LR: 6.00e-06/6.00e-05 | Loss: 1.5524 (seg=0.2572, cls=0.6476) | Cls Acc: 0.6498 | Seg IoU: 0.9038 | Seg Dice: 0.9494 | 14.4s
2026-04-20 14:24:06 - Epoch [4/100] LR: 8.00e-06/8.00e-05 | Loss: 1.4432 (seg=0.2011, cls=0.6210) | Cls Acc: 0.7042 | Seg IoU: 0.9242 | Seg Dice: 0.9605 | 14.9s
2026-04-20 14:24:21 - Epoch [5/100] LR: 1.00e-05/1.00e-04 | Loss: 1.3512 (seg=0.1530, cls=0.5991) | Cls Acc: 0.7153 | Seg IoU: 0.9366 | Seg Dice: 0.9671 | 14.8s
2026-04-20 14:24:21 - --------------------------------------------------
2026-04-20 14:24:24 - [Test] Cls — Acc: 0.6930 | P(macro): 0.6493 | R(macro): 0.6382 | F1(macro): 0.6421
2026-04-20 14:24:24 - [Test] Seg — Lesion IoU: 0.9264 | Lesion Dice: 0.9617
2026-04-20 14:24:24 - [Test] Classification Report:
              precision    recall  f1-score   support

      benign     0.5455    0.4737    0.5070       114
    no_tumor     0.7531    0.8026    0.7771       228

    accuracy                         0.6930       342
   macro avg     0.6493    0.6382    0.6421       342
weighted avg     0.6839    0.6930    0.6871       342

2026-04-20 14:24:25 - *** 保存最优模型 (F1: 0.6421, Epoch: 5) ***
2026-04-20 14:24:25 - --------------------------------------------------
2026-04-20 14:24:40 - Epoch [6/100] LR: 1.20e-05/1.20e-04 | Loss: 1.2779 (seg=0.1133, cls=0.5823) | Cls Acc: 0.7339 | Seg IoU: 0.9496 | Seg Dice: 0.9741 | 14.8s
2026-04-20 14:24:55 - Epoch [7/100] LR: 1.40e-05/1.40e-04 | Loss: 1.2378 (seg=0.0899, cls=0.5740) | Cls Acc: 0.7463 | Seg IoU: 0.9535 | Seg Dice: 0.9761 | 14.6s
2026-04-20 14:25:09 - Epoch [8/100] LR: 1.60e-05/1.60e-04 | Loss: 1.2235 (seg=0.0704, cls=0.5765) | Cls Acc: 0.7327 | Seg IoU: 0.9616 | Seg Dice: 0.9804 | 14.6s
2026-04-20 14:25:24 - Epoch [9/100] LR: 1.80e-05/1.80e-04 | Loss: 1.1679 (seg=0.0574, cls=0.5553) | Cls Acc: 0.7636 | Seg IoU: 0.9608 | Seg Dice: 0.9799 | 14.6s
2026-04-20 14:25:38 - Epoch [10/100] LR: 2.00e-05/2.00e-04 | Loss: 1.1292 (seg=0.0447, cls=0.5422) | Cls Acc: 0.7871 | Seg IoU: 0.9664 | Seg Dice: 0.9829 | 14.5s
2026-04-20 14:25:38 - --------------------------------------------------
2026-04-20 14:25:42 - [Test] Cls — Acc: 0.6901 | P(macro): 0.6496 | R(macro): 0.6469 | F1(macro): 0.6482
2026-04-20 14:25:42 - [Test] Seg — Lesion IoU: 0.9636 | Lesion Dice: 0.9814
2026-04-20 14:25:42 - [Test] Classification Report:
              precision    recall  f1-score   support

      benign     0.5364    0.5175    0.5268       114
    no_tumor     0.7629    0.7763    0.7696       228

    accuracy                         0.6901       342
   macro avg     0.6496    0.6469    0.6482       342
weighted avg     0.6874    0.6901    0.6886       342

2026-04-20 14:25:45 - *** 保存最优模型 (F1: 0.6482, Epoch: 10) ***
2026-04-20 14:25:45 - --------------------------------------------------
2026-04-20 14:26:00 - Epoch [11/100] LR: 2.00e-05/2.00e-04 | Loss: 1.1164 (seg=0.0370, cls=0.5397) | Cls Acc: 0.7760 | Seg IoU: 0.9687 | Seg Dice: 0.9841 | 14.5s
2026-04-20 14:26:14 - Epoch [12/100] LR: 2.00e-05/2.00e-04 | Loss: 1.0356 (seg=0.0313, cls=0.5021) | Cls Acc: 0.8218 | Seg IoU: 0.9706 | Seg Dice: 0.9850 | 14.6s
2026-04-20 14:26:29 - Epoch [13/100] LR: 1.99e-05/1.99e-04 | Loss: 1.0272 (seg=0.0278, cls=0.4997) | Cls Acc: 0.8156 | Seg IoU: 0.9695 | Seg Dice: 0.9845 | 15.0s
2026-04-20 14:26:44 - Epoch [14/100] LR: 1.99e-05/1.99e-04 | Loss: 0.9653 (seg=0.0270, cls=0.4692) | Cls Acc: 0.8441 | Seg IoU: 0.9670 | Seg Dice: 0.9832 | 15.1s
2026-04-20 14:26:59 - Epoch [15/100] LR: 1.98e-05/1.98e-04 | Loss: 0.9391 (seg=0.0223, cls=0.4584) | Cls Acc: 0.8577 | Seg IoU: 0.9734 | Seg Dice: 0.9865 | 14.8s
2026-04-20 14:26:59 - --------------------------------------------------
2026-04-20 14:27:03 - [Test] Cls — Acc: 0.6988 | P(macro): 0.6559 | R(macro): 0.6425 | F1(macro): 0.6470
2026-04-20 14:27:03 - [Test] Seg — Lesion IoU: 0.9760 | Lesion Dice: 0.9878
2026-04-20 14:27:03 - [Test] Classification Report:
              precision    recall  f1-score   support

      benign     0.5567    0.4737    0.5118       114
    no_tumor     0.7551    0.8114    0.7822       228

    accuracy                         0.6988       342
   macro avg     0.6559    0.6425    0.6470       342
weighted avg     0.6890    0.6988    0.6921       342

2026-04-20 14:27:03 - --------------------------------------------------
2026-04-20 14:27:18 - Epoch [16/100] LR: 1.98e-05/1.98e-04 | Loss: 0.9306 (seg=0.0198, cls=0.4554) | Cls Acc: 0.8663 | Seg IoU: 0.9770 | Seg Dice: 0.9884 | 15.0s
2026-04-20 14:27:33 - Epoch [17/100] LR: 1.97e-05/1.97e-04 | Loss: 0.9348 (seg=0.0194, cls=0.4577) | Cls Acc: 0.8713 | Seg IoU: 0.9727 | Seg Dice: 0.9862 | 15.0s
2026-04-20 14:27:48 - Epoch [18/100] LR: 1.96e-05/1.96e-04 | Loss: 0.8615 (seg=0.0186, cls=0.4215) | Cls Acc: 0.8923 | Seg IoU: 0.9720 | Seg Dice: 0.9858 | 14.8s
2026-04-20 14:28:03 - Epoch [19/100] LR: 1.95e-05/1.95e-04 | Loss: 0.8623 (seg=0.0177, cls=0.4223) | Cls Acc: 0.8849 | Seg IoU: 0.9733 | Seg Dice: 0.9865 | 14.9s
2026-04-20 14:28:17 - Epoch [20/100] LR: 1.94e-05/1.94e-04 | Loss: 0.9500 (seg=0.0378, cls=0.4561) | Cls Acc: 0.8750 | Seg IoU: 0.9294 | Seg Dice: 0.9626 | 14.7s
2026-04-20 14:28:17 - --------------------------------------------------
2026-04-20 14:28:21 - [Test] Cls — Acc: 0.6784 | P(macro): 0.6262 | R(macro): 0.6053 | F1(macro): 0.6091
2026-04-20 14:28:21 - [Test] Seg — Lesion IoU: 0.8972 | Lesion Dice: 0.9457
2026-04-20 14:28:21 - [Test] Classification Report:
              precision    recall  f1-score   support

      benign     0.5238    0.3860    0.4444       114
    no_tumor     0.7287    0.8246    0.7737       228

    accuracy                         0.6784       342
   macro avg     0.6262    0.6053    0.6091       342
weighted avg     0.6604    0.6784    0.6639       342

2026-04-20 14:28:21 - --------------------------------------------------
2026-04-20 14:28:36 - Epoch [21/100] LR: 1.93e-05/1.93e-04 | Loss: 0.8317 (seg=0.0258, cls=0.4030) | Cls Acc: 0.8973 | Seg IoU: 0.9509 | Seg Dice: 0.9747 | 14.7s
2026-04-20 14:28:50 - Epoch [22/100] LR: 1.91e-05/1.91e-04 | Loss: 0.8301 (seg=0.0143, cls=0.4079) | Cls Acc: 0.8911 | Seg IoU: 0.9758 | Seg Dice: 0.9878 | 14.5s
2026-04-20 14:29:05 - Epoch [23/100] LR: 1.90e-05/1.90e-04 | Loss: 0.8442 (seg=0.0131, cls=0.4156) | Cls Acc: 0.8985 | Seg IoU: 0.9772 | Seg Dice: 0.9884 | 14.9s
2026-04-20 14:29:20 - Epoch [24/100] LR: 1.88e-05/1.88e-04 | Loss: 0.7996 (seg=0.0123, cls=0.3937) | Cls Acc: 0.9134 | Seg IoU: 0.9777 | Seg Dice: 0.9887 | 15.0s
2026-04-20 14:29:35 - Epoch [25/100] LR: 1.87e-05/1.87e-04 | Loss: 0.8027 (seg=0.0109, cls=0.3959) | Cls Acc: 0.9097 | Seg IoU: 0.9803 | Seg Dice: 0.9900 | 15.2s
2026-04-20 14:29:35 - --------------------------------------------------
2026-04-20 14:29:39 - [Test] Cls — Acc: 0.6374 | P(macro): 0.5866 | R(macro): 0.5833 | F1(macro): 0.5846
2026-04-20 14:29:39 - [Test] Seg — Lesion IoU: 0.9816 | Lesion Dice: 0.9907
2026-04-20 14:29:39 - [Test] Classification Report:
              precision    recall  f1-score   support

      benign     0.4528    0.4211    0.4364       114
    no_tumor     0.7203    0.7456    0.7328       228

    accuracy                         0.6374       342
   macro avg     0.5866    0.5833    0.5846       342
weighted avg     0.6312    0.6374    0.6340       342

2026-04-20 14:29:39 - --------------------------------------------------
2026-04-20 14:29:54 - Epoch [26/100] LR: 1.85e-05/1.85e-04 | Loss: 0.7522 (seg=0.0120, cls=0.3701) | Cls Acc: 0.9233 | Seg IoU: 0.9757 | Seg Dice: 0.9877 | 14.7s
2026-04-20 14:30:08 - Epoch [27/100] LR: 1.83e-05/1.83e-04 | Loss: 0.7359 (seg=0.0120, cls=0.3619) | Cls Acc: 0.9233 | Seg IoU: 0.9756 | Seg Dice: 0.9876 | 14.6s
2026-04-20 14:30:23 - Epoch [28/100] LR: 1.81e-05/1.81e-04 | Loss: 0.7610 (seg=0.0110, cls=0.3750) | Cls Acc: 0.9171 | Seg IoU: 0.9786 | Seg Dice: 0.9892 | 14.4s
2026-04-20 14:30:37 - Epoch [29/100] LR: 1.79e-05/1.79e-04 | Loss: 0.7347 (seg=0.0084, cls=0.3632) | Cls Acc: 0.9257 | Seg IoU: 0.9837 | Seg Dice: 0.9918 | 14.8s
2026-04-20 14:30:52 - Epoch [30/100] LR: 1.77e-05/1.77e-04 | Loss: 0.6733 (seg=0.0075, cls=0.3329) | Cls Acc: 0.9505 | Seg IoU: 0.9856 | Seg Dice: 0.9927 | 14.6s
2026-04-20 14:30:52 - --------------------------------------------------
2026-04-20 14:30:56 - [Test] Cls — Acc: 0.6754 | P(macro): 0.6271 | R(macro): 0.6162 | F1(macro): 0.6196
2026-04-20 14:30:56 - [Test] Seg — Lesion IoU: 0.9844 | Lesion Dice: 0.9921
2026-04-20 14:30:56 - [Test] Classification Report:
              precision    recall  f1-score   support

      benign     0.5155    0.4386    0.4739       114
    no_tumor     0.7388    0.7939    0.7653       228

    accuracy                         0.6754       342
   macro avg     0.6271    0.6162    0.6196       342
weighted avg     0.6643    0.6754    0.6682       342

2026-04-20 14:30:56 - --------------------------------------------------
2026-04-20 14:31:10 - Epoch [31/100] LR: 1.75e-05/1.75e-04 | Loss: 0.7008 (seg=0.0078, cls=0.3465) | Cls Acc: 0.9307 | Seg IoU: 0.9839 | Seg Dice: 0.9919 | 14.6s
2026-04-20 14:31:25 - Epoch [32/100] LR: 1.72e-05/1.72e-04 | Loss: 0.7330 (seg=0.0070, cls=0.3630) | Cls Acc: 0.9418 | Seg IoU: 0.9860 | Seg Dice: 0.9930 | 14.5s
2026-04-20 14:31:39 - Epoch [33/100] LR: 1.70e-05/1.70e-04 | Loss: 0.6862 (seg=0.0062, cls=0.3400) | Cls Acc: 0.9418 | Seg IoU: 0.9875 | Seg Dice: 0.9937 | 14.5s
2026-04-20 14:31:54 - Epoch [34/100] LR: 1.67e-05/1.67e-04 | Loss: 0.6177 (seg=0.0057, cls=0.3060) | Cls Acc: 0.9480 | Seg IoU: 0.9888 | Seg Dice: 0.9943 | 14.5s
2026-04-20 14:32:08 - Epoch [35/100] LR: 1.65e-05/1.65e-04 | Loss: 0.7359 (seg=0.0058, cls=0.3650) | Cls Acc: 0.9344 | Seg IoU: 0.9881 | Seg Dice: 0.9940 | 14.4s
2026-04-20 14:32:08 - --------------------------------------------------
2026-04-20 14:32:12 - [Test] Cls — Acc: 0.6462 | P(macro): 0.6253 | R(macro): 0.6382 | F1(macro): 0.6252
2026-04-20 14:32:12 - [Test] Seg — Lesion IoU: 0.9901 | Lesion Dice: 0.9950
2026-04-20 14:32:12 - [Test] Classification Report:
              precision    recall  f1-score   support

      benign     0.4762    0.6140    0.5364       114
    no_tumor     0.7744    0.6623    0.7139       228

    accuracy                         0.6462       342
   macro avg     0.6253    0.6382    0.6252       342
weighted avg     0.6750    0.6462    0.6548       342

2026-04-20 14:32:12 - --------------------------------------------------
2026-04-20 14:32:27 - Epoch [36/100] LR: 1.62e-05/1.62e-04 | Loss: 0.6513 (seg=0.0049, cls=0.3232) | Cls Acc: 0.9493 | Seg IoU: 0.9905 | Seg Dice: 0.9952 | 14.8s
2026-04-20 14:32:41 - Epoch [37/100] LR: 1.59e-05/1.59e-04 | Loss: 0.6564 (seg=0.0046, cls=0.3259) | Cls Acc: 0.9517 | Seg IoU: 0.9909 | Seg Dice: 0.9954 | 14.2s
2026-04-20 14:32:55 - Epoch [38/100] LR: 1.56e-05/1.56e-04 | Loss: 0.6355 (seg=0.0044, cls=0.3155) | Cls Acc: 0.9542 | Seg IoU: 0.9910 | Seg Dice: 0.9955 | 14.5s
2026-04-20 14:33:11 - Epoch [39/100] LR: 1.53e-05/1.53e-04 | Loss: 0.6527 (seg=0.0039, cls=0.3244) | Cls Acc: 0.9505 | Seg IoU: 0.9922 | Seg Dice: 0.9961 | 15.5s
2026-04-20 14:33:26 - Epoch [40/100] LR: 1.50e-05/1.50e-04 | Loss: 0.6126 (seg=0.0035, cls=0.3046) | Cls Acc: 0.9616 | Seg IoU: 0.9931 | Seg Dice: 0.9965 | 14.7s
2026-04-20 14:33:26 - --------------------------------------------------
2026-04-20 14:33:29 - [Test] Cls — Acc: 0.6023 | P(macro): 0.5780 | R(macro): 0.5855 | F1(macro): 0.5768
2026-04-20 14:33:29 - [Test] Seg — Lesion IoU: 0.9946 | Lesion Dice: 0.9973
2026-04-20 14:33:29 - [Test] Classification Report:
              precision    recall  f1-score   support

      benign     0.4236    0.5351    0.4729       114
    no_tumor     0.7323    0.6360    0.6808       228

    accuracy                         0.6023       342
   macro avg     0.5780    0.5855    0.5768       342
weighted avg     0.6294    0.6023    0.6115       342

2026-04-20 14:33:29 - --------------------------------------------------
2026-04-20 14:33:44 - Epoch [41/100] LR: 1.47e-05/1.47e-04 | Loss: 0.6140 (seg=0.0031, cls=0.3054) | Cls Acc: 0.9653 | Seg IoU: 0.9938 | Seg Dice: 0.9969 | 14.8s
2026-04-20 14:33:59 - Epoch [42/100] LR: 1.44e-05/1.44e-04 | Loss: 0.6206 (seg=0.0031, cls=0.3088) | Cls Acc: 0.9579 | Seg IoU: 0.9938 | Seg Dice: 0.9969 | 14.9s
2026-04-20 14:34:14 - Epoch [43/100] LR: 1.41e-05/1.41e-04 | Loss: 0.6571 (seg=0.0028, cls=0.3272) | Cls Acc: 0.9493 | Seg IoU: 0.9945 | Seg Dice: 0.9972 | 15.0s
2026-04-20 14:34:29 - Epoch [44/100] LR: 1.38e-05/1.38e-04 | Loss: 0.6161 (seg=0.0025, cls=0.3068) | Cls Acc: 0.9641 | Seg IoU: 0.9950 | Seg Dice: 0.9975 | 14.9s
2026-04-20 14:34:44 - Epoch [45/100] LR: 1.35e-05/1.35e-04 | Loss: 0.6534 (seg=0.0024, cls=0.3255) | Cls Acc: 0.9567 | Seg IoU: 0.9950 | Seg Dice: 0.9975 | 14.5s
2026-04-20 14:34:44 - --------------------------------------------------
2026-04-20 14:34:47 - [Test] Cls — Acc: 0.7164 | P(macro): 0.6775 | R(macro): 0.6623 | F1(macro): 0.6676
2026-04-20 14:34:47 - [Test] Seg — Lesion IoU: 0.9956 | Lesion Dice: 0.9978
2026-04-20 14:34:47 - [Test] Classification Report:
              precision    recall  f1-score   support

      benign     0.5876    0.5000    0.5403       114
    no_tumor     0.7673    0.8246    0.7949       228

    accuracy                         0.7164       342
   macro avg     0.6775    0.6623    0.6676       342
weighted avg     0.7074    0.7164    0.7100       342

2026-04-20 14:34:51 - *** 保存最优模型 (F1: 0.6676, Epoch: 45) ***
2026-04-20 14:34:51 - --------------------------------------------------
2026-04-20 14:35:06 - Epoch [46/100] LR: 1.32e-05/1.32e-04 | Loss: 0.5984 (seg=0.0023, cls=0.2981) | Cls Acc: 0.9616 | Seg IoU: 0.9954 | Seg Dice: 0.9977 | 14.6s
2026-04-20 14:35:20 - Epoch [47/100] LR: 1.28e-05/1.28e-04 | Loss: 0.6075 (seg=0.0021, cls=0.3027) | Cls Acc: 0.9666 | Seg IoU: 0.9957 | Seg Dice: 0.9978 | 14.5s
2026-04-20 14:35:35 - Epoch [48/100] LR: 1.25e-05/1.25e-04 | Loss: 0.5498 (seg=0.0020, cls=0.2739) | Cls Acc: 0.9802 | Seg IoU: 0.9960 | Seg Dice: 0.9980 | 14.9s
2026-04-20 14:35:50 - Epoch [49/100] LR: 1.22e-05/1.22e-04 | Loss: 0.5937 (seg=0.0019, cls=0.2959) | Cls Acc: 0.9703 | Seg IoU: 0.9960 | Seg Dice: 0.9980 | 14.9s
2026-04-20 14:36:05 - Epoch [50/100] LR: 1.18e-05/1.18e-04 | Loss: 0.5569 (seg=0.0018, cls=0.2775) | Cls Acc: 0.9752 | Seg IoU: 0.9963 | Seg Dice: 0.9982 | 14.8s
2026-04-20 14:36:05 - --------------------------------------------------
2026-04-20 14:36:08 - [Test] Cls — Acc: 0.6754 | P(macro): 0.6263 | R(macro): 0.6140 | F1(macro): 0.6176
2026-04-20 14:36:08 - [Test] Seg — Lesion IoU: 0.9964 | Lesion Dice: 0.9982
2026-04-20 14:36:08 - [Test] Classification Report:
              precision    recall  f1-score   support

      benign     0.5158    0.4298    0.4689       114
    no_tumor     0.7368    0.7982    0.7663       228

    accuracy                         0.6754       342
   macro avg     0.6263    0.6140    0.6176       342
weighted avg     0.6632    0.6754    0.6672       342

2026-04-20 14:36:08 - --------------------------------------------------
2026-04-20 14:36:23 - Epoch [51/100] LR: 1.15e-05/1.15e-04 | Loss: 0.5805 (seg=0.0017, cls=0.2894) | Cls Acc: 0.9740 | Seg IoU: 0.9966 | Seg Dice: 0.9983 | 14.8s
2026-04-20 14:36:38 - Epoch [52/100] LR: 1.11e-05/1.11e-04 | Loss: 0.5972 (seg=0.0016, cls=0.2978) | Cls Acc: 0.9666 | Seg IoU: 0.9967 | Seg Dice: 0.9983 | 14.6s
2026-04-20 14:36:53 - Epoch [53/100] LR: 1.08e-05/1.08e-04 | Loss: 0.5862 (seg=0.0016, cls=0.2923) | Cls Acc: 0.9740 | Seg IoU: 0.9967 | Seg Dice: 0.9984 | 14.8s
2026-04-20 14:37:07 - Epoch [54/100] LR: 1.04e-05/1.04e-04 | Loss: 0.5327 (seg=0.0015, cls=0.2656) | Cls Acc: 0.9839 | Seg IoU: 0.9970 | Seg Dice: 0.9985 | 15.0s
2026-04-20 14:37:22 - Epoch [55/100] LR: 1.01e-05/1.01e-04 | Loss: 0.5854 (seg=0.0014, cls=0.2920) | Cls Acc: 0.9715 | Seg IoU: 0.9971 | Seg Dice: 0.9985 | 14.8s
2026-04-20 14:37:22 - --------------------------------------------------
2026-04-20 14:37:26 - [Test] Cls — Acc: 0.6696 | P(macro): 0.6267 | R(macro): 0.6250 | F1(macro): 0.6258
2026-04-20 14:37:26 - [Test] Seg — Lesion IoU: 0.9973 | Lesion Dice: 0.9987
2026-04-20 14:37:26 - [Test] Classification Report:
              precision    recall  f1-score   support

      benign     0.5045    0.4912    0.4978       114
    no_tumor     0.7489    0.7588    0.7538       228

    accuracy                         0.6696       342
   macro avg     0.6267    0.6250    0.6258       342
weighted avg     0.6674    0.6696    0.6685       342

2026-04-20 14:37:26 - --------------------------------------------------
2026-04-20 14:37:41 - Epoch [56/100] LR: 9.75e-06/9.75e-05 | Loss: 0.5587 (seg=0.0013, cls=0.2787) | Cls Acc: 0.9765 | Seg IoU: 0.9974 | Seg Dice: 0.9987 | 14.9s
2026-04-20 14:37:55 - Epoch [57/100] LR: 9.41e-06/9.41e-05 | Loss: 0.5236 (seg=0.0013, cls=0.2612) | Cls Acc: 0.9839 | Seg IoU: 0.9974 | Seg Dice: 0.9987 | 14.7s
2026-04-20 14:38:10 - Epoch [58/100] LR: 9.07e-06/9.07e-05 | Loss: 0.5327 (seg=0.0012, cls=0.2657) | Cls Acc: 0.9839 | Seg IoU: 0.9975 | Seg Dice: 0.9987 | 15.0s
2026-04-20 14:38:25 - Epoch [59/100] LR: 8.72e-06/8.72e-05 | Loss: 0.5473 (seg=0.0012, cls=0.2731) | Cls Acc: 0.9802 | Seg IoU: 0.9976 | Seg Dice: 0.9988 | 15.0s
2026-04-20 14:38:40 - Epoch [60/100] LR: 8.38e-06/8.38e-05 | Loss: 0.5396 (seg=0.0012, cls=0.2692) | Cls Acc: 0.9814 | Seg IoU: 0.9975 | Seg Dice: 0.9987 | 15.0s
2026-04-20 14:38:40 - --------------------------------------------------
2026-04-20 14:38:44 - [Test] Cls — Acc: 0.6491 | P(macro): 0.5941 | R(macro): 0.5855 | F1(macro): 0.5877
2026-04-20 14:38:44 - [Test] Seg — Lesion IoU: 0.9977 | Lesion Dice: 0.9989
2026-04-20 14:38:44 - [Test] Classification Report:
              precision    recall  f1-score   support

      benign     0.4688    0.3947    0.4286       114
    no_tumor     0.7195    0.7763    0.7468       228

    accuracy                         0.6491       342
   macro avg     0.5941    0.5855    0.5877       342
weighted avg     0.6359    0.6491    0.6407       342

2026-04-20 14:38:44 - --------------------------------------------------
2026-04-20 14:38:59 - Epoch [61/100] LR: 8.04e-06/8.04e-05 | Loss: 0.5235 (seg=0.0011, cls=0.2612) | Cls Acc: 0.9851 | Seg IoU: 0.9977 | Seg Dice: 0.9989 | 14.7s
2026-04-20 14:39:14 - Epoch [62/100] LR: 7.70e-06/7.70e-05 | Loss: 0.5119 (seg=0.0011, cls=0.2554) | Cls Acc: 0.9864 | Seg IoU: 0.9978 | Seg Dice: 0.9989 | 14.9s
2026-04-20 14:39:28 - Epoch [63/100] LR: 7.37e-06/7.37e-05 | Loss: 0.5489 (seg=0.0011, cls=0.2739) | Cls Acc: 0.9814 | Seg IoU: 0.9978 | Seg Dice: 0.9989 | 14.7s
2026-04-20 14:39:44 - Epoch [64/100] LR: 7.04e-06/7.04e-05 | Loss: 0.5324 (seg=0.0010, cls=0.2657) | Cls Acc: 0.9851 | Seg IoU: 0.9979 | Seg Dice: 0.9990 | 15.6s
2026-04-20 14:39:59 - Epoch [65/100] LR: 6.71e-06/6.71e-05 | Loss: 0.5294 (seg=0.0010, cls=0.2642) | Cls Acc: 0.9839 | Seg IoU: 0.9978 | Seg Dice: 0.9989 | 15.0s
2026-04-20 14:39:59 - --------------------------------------------------
2026-04-20 14:40:02 - [Test] Cls — Acc: 0.6579 | P(macro): 0.6013 | R(macro): 0.5877 | F1(macro): 0.5902
2026-04-20 14:40:02 - [Test] Seg — Lesion IoU: 0.9981 | Lesion Dice: 0.9990
2026-04-20 14:40:02 - [Test] Classification Report:
              precision    recall  f1-score   support

      benign     0.4831    0.3772    0.4236       114
    no_tumor     0.7194    0.7982    0.7568       228

    accuracy                         0.6579       342
   macro avg     0.6013    0.5877    0.5902       342
weighted avg     0.6406    0.6579    0.6457       342

2026-04-20 14:40:02 - --------------------------------------------------
2026-04-20 14:40:17 - Epoch [66/100] LR: 6.39e-06/6.39e-05 | Loss: 0.5225 (seg=0.0009, cls=0.2608) | Cls Acc: 0.9889 | Seg IoU: 0.9980 | Seg Dice: 0.9990 | 15.0s
2026-04-20 14:40:32 - Epoch [67/100] LR: 6.07e-06/6.07e-05 | Loss: 0.5041 (seg=0.0009, cls=0.2516) | Cls Acc: 0.9889 | Seg IoU: 0.9981 | Seg Dice: 0.9990 | 14.7s
2026-04-20 14:40:47 - Epoch [68/100] LR: 5.76e-06/5.76e-05 | Loss: 0.5136 (seg=0.0009, cls=0.2563) | Cls Acc: 0.9864 | Seg IoU: 0.9980 | Seg Dice: 0.9990 | 15.1s
2026-04-20 14:41:02 - Epoch [69/100] LR: 5.45e-06/5.45e-05 | Loss: 0.5290 (seg=0.0009, cls=0.2641) | Cls Acc: 0.9851 | Seg IoU: 0.9982 | Seg Dice: 0.9991 | 14.9s
2026-04-20 14:41:17 - Epoch [70/100] LR: 5.15e-06/5.15e-05 | Loss: 0.5096 (seg=0.0008, cls=0.2544) | Cls Acc: 0.9889 | Seg IoU: 0.9983 | Seg Dice: 0.9991 | 15.0s
2026-04-20 14:41:17 - --------------------------------------------------
2026-04-20 14:41:21 - [Test] Cls — Acc: 0.6170 | P(macro): 0.5841 | R(macro): 0.5899 | F1(macro): 0.5849
2026-04-20 14:41:21 - [Test] Seg — Lesion IoU: 0.9982 | Lesion Dice: 0.9991
2026-04-20 14:41:21 - [Test] Classification Report:
              precision    recall  f1-score   support

      benign     0.4361    0.5088    0.4696       114
    no_tumor     0.7321    0.6711    0.7002       228

    accuracy                         0.6170       342
   macro avg     0.5841    0.5899    0.5849       342
weighted avg     0.6334    0.6170    0.6234       342

2026-04-20 14:41:21 - --------------------------------------------------
2026-04-20 14:41:35 - Epoch [71/100] LR: 4.85e-06/4.85e-05 | Loss: 0.5392 (seg=0.0009, cls=0.2692) | Cls Acc: 0.9802 | Seg IoU: 0.9982 | Seg Dice: 0.9991 | 14.7s
2026-04-20 14:41:50 - Epoch [72/100] LR: 4.56e-06/4.56e-05 | Loss: 0.5142 (seg=0.0008, cls=0.2567) | Cls Acc: 0.9901 | Seg IoU: 0.9982 | Seg Dice: 0.9991 | 14.9s
2026-04-20 14:42:05 - Epoch [73/100] LR: 4.28e-06/4.28e-05 | Loss: 0.5168 (seg=0.0008, cls=0.2580) | Cls Acc: 0.9876 | Seg IoU: 0.9983 | Seg Dice: 0.9991 | 14.9s
2026-04-20 14:42:20 - Epoch [74/100] LR: 4.00e-06/4.00e-05 | Loss: 0.5054 (seg=0.0008, cls=0.2523) | Cls Acc: 0.9901 | Seg IoU: 0.9984 | Seg Dice: 0.9992 | 15.1s
2026-04-20 14:42:35 - Epoch [75/100] LR: 3.74e-06/3.74e-05 | Loss: 0.5210 (seg=0.0007, cls=0.2601) | Cls Acc: 0.9851 | Seg IoU: 0.9985 | Seg Dice: 0.9992 | 15.1s
2026-04-20 14:42:35 - --------------------------------------------------
2026-04-20 14:42:39 - [Test] Cls — Acc: 0.6491 | P(macro): 0.5941 | R(macro): 0.5855 | F1(macro): 0.5877
2026-04-20 14:42:39 - [Test] Seg — Lesion IoU: 0.9985 | Lesion Dice: 0.9992
2026-04-20 14:42:39 - [Test] Classification Report:
              precision    recall  f1-score   support

      benign     0.4688    0.3947    0.4286       114
    no_tumor     0.7195    0.7763    0.7468       228

    accuracy                         0.6491       342
   macro avg     0.5941    0.5855    0.5877       342
weighted avg     0.6359    0.6491    0.6407       342

2026-04-20 14:42:39 - --------------------------------------------------
2026-04-20 14:42:54 - Epoch [76/100] LR: 3.48e-06/3.48e-05 | Loss: 0.5405 (seg=0.0008, cls=0.2699) | Cls Acc: 0.9839 | Seg IoU: 0.9984 | Seg Dice: 0.9992 | 14.7s
2026-04-20 14:43:08 - Epoch [77/100] LR: 3.22e-06/3.22e-05 | Loss: 0.4929 (seg=0.0007, cls=0.2461) | Cls Acc: 0.9926 | Seg IoU: 0.9984 | Seg Dice: 0.9992 | 14.7s
2026-04-20 14:43:23 - Epoch [78/100] LR: 2.98e-06/2.98e-05 | Loss: 0.4934 (seg=0.0007, cls=0.2463) | Cls Acc: 0.9926 | Seg IoU: 0.9985 | Seg Dice: 0.9992 | 14.7s
2026-04-20 14:43:38 - Epoch [79/100] LR: 2.74e-06/2.74e-05 | Loss: 0.5023 (seg=0.0007, cls=0.2508) | Cls Acc: 0.9889 | Seg IoU: 0.9985 | Seg Dice: 0.9993 | 15.1s
2026-04-20 14:43:53 - Epoch [80/100] LR: 2.52e-06/2.52e-05 | Loss: 0.4949 (seg=0.0007, cls=0.2471) | Cls Acc: 0.9901 | Seg IoU: 0.9985 | Seg Dice: 0.9993 | 15.2s
2026-04-20 14:43:53 - --------------------------------------------------
2026-04-20 14:43:57 - [Test] Cls — Acc: 0.6637 | P(macro): 0.6089 | R(macro): 0.5943 | F1(macro): 0.5972
2026-04-20 14:43:57 - [Test] Seg — Lesion IoU: 0.9985 | Lesion Dice: 0.9993
2026-04-20 14:43:57 - [Test] Classification Report:
              precision    recall  f1-score   support

      benign     0.4944    0.3860    0.4335       114
    no_tumor     0.7233    0.8026    0.7609       228

    accuracy                         0.6637       342
   macro avg     0.6089    0.5943    0.5972       342
weighted avg     0.6470    0.6637    0.6518       342

2026-04-20 14:43:57 - --------------------------------------------------
2026-04-20 14:44:12 - Epoch [81/100] LR: 2.30e-06/2.30e-05 | Loss: 0.4871 (seg=0.0007, cls=0.2432) | Cls Acc: 0.9950 | Seg IoU: 0.9986 | Seg Dice: 0.9993 | 15.2s
2026-04-20 14:44:27 - Epoch [82/100] LR: 2.09e-06/2.09e-05 | Loss: 0.4911 (seg=0.0006, cls=0.2453) | Cls Acc: 0.9938 | Seg IoU: 0.9987 | Seg Dice: 0.9993 | 14.8s
2026-04-20 14:44:42 - Epoch [83/100] LR: 1.89e-06/1.89e-05 | Loss: 0.5251 (seg=0.0007, cls=0.2622) | Cls Acc: 0.9864 | Seg IoU: 0.9986 | Seg Dice: 0.9993 | 14.8s
2026-04-20 14:44:57 - Epoch [84/100] LR: 1.70e-06/1.70e-05 | Loss: 0.4794 (seg=0.0006, cls=0.2394) | Cls Acc: 0.9950 | Seg IoU: 0.9987 | Seg Dice: 0.9994 | 15.0s
2026-04-20 14:45:12 - Epoch [85/100] LR: 1.53e-06/1.53e-05 | Loss: 0.4923 (seg=0.0006, cls=0.2459) | Cls Acc: 0.9926 | Seg IoU: 0.9987 | Seg Dice: 0.9993 | 15.1s
2026-04-20 14:45:12 - --------------------------------------------------
2026-04-20 14:45:15 - [Test] Cls — Acc: 0.6550 | P(macro): 0.5947 | R(macro): 0.5789 | F1(macro): 0.5806
2026-04-20 14:45:15 - [Test] Seg — Lesion IoU: 0.9986 | Lesion Dice: 0.9993
2026-04-20 14:45:15 - [Test] Classification Report:
              precision    recall  f1-score   support

      benign     0.4762    0.3509    0.4040       114
    no_tumor     0.7132    0.8070    0.7572       228

    accuracy                         0.6550       342
   macro avg     0.5947    0.5789    0.5806       342
weighted avg     0.6342    0.6550    0.6395       342

2026-04-20 14:45:15 - --------------------------------------------------
2026-04-20 14:45:30 - Epoch [86/100] LR: 1.36e-06/1.36e-05 | Loss: 0.4692 (seg=0.0006, cls=0.2343) | Cls Acc: 0.9975 | Seg IoU: 0.9987 | Seg Dice: 0.9993 | 14.6s
2026-04-20 14:45:45 - Epoch [87/100] LR: 1.20e-06/1.20e-05 | Loss: 0.4716 (seg=0.0006, cls=0.2355) | Cls Acc: 0.9975 | Seg IoU: 0.9986 | Seg Dice: 0.9993 | 14.5s
2026-04-20 14:45:59 - Epoch [88/100] LR: 1.06e-06/1.06e-05 | Loss: 0.5179 (seg=0.0006, cls=0.2586) | Cls Acc: 0.9864 | Seg IoU: 0.9986 | Seg Dice: 0.9993 | 14.7s
2026-04-20 14:46:14 - Epoch [89/100] LR: 9.21e-07/9.21e-06 | Loss: 0.4873 (seg=0.0006, cls=0.2434) | Cls Acc: 0.9926 | Seg IoU: 0.9988 | Seg Dice: 0.9994 | 14.4s
2026-04-20 14:46:28 - Epoch [90/100] LR: 7.97e-07/7.97e-06 | Loss: 0.4904 (seg=0.0007, cls=0.2448) | Cls Acc: 0.9913 | Seg IoU: 0.9986 | Seg Dice: 0.9993 | 14.6s
2026-04-20 14:46:28 - --------------------------------------------------
2026-04-20 14:46:32 - [Test] Cls — Acc: 0.6520 | P(macro): 0.5937 | R(macro): 0.5811 | F1(macro): 0.5832
2026-04-20 14:46:32 - [Test] Seg — Lesion IoU: 0.9987 | Lesion Dice: 0.9993
2026-04-20 14:46:32 - [Test] Classification Report:
              precision    recall  f1-score   support

      benign     0.4719    0.3684    0.4138       114
    no_tumor     0.7154    0.7939    0.7526       228

    accuracy                         0.6520       342
   macro avg     0.5937    0.5811    0.5832       342
weighted avg     0.6342    0.6520    0.6397       342

2026-04-20 14:46:32 - --------------------------------------------------
2026-04-20 14:46:46 - Epoch [91/100] LR: 6.85e-07/6.85e-06 | Loss: 0.5072 (seg=0.0006, cls=0.2533) | Cls Acc: 0.9901 | Seg IoU: 0.9987 | Seg Dice: 0.9993 | 14.5s
2026-04-20 14:47:01 - Epoch [92/100] LR: 5.84e-07/5.84e-06 | Loss: 0.4933 (seg=0.0007, cls=0.2463) | Cls Acc: 0.9926 | Seg IoU: 0.9986 | Seg Dice: 0.9993 | 14.8s
2026-04-20 14:47:16 - Epoch [93/100] LR: 4.94e-07/4.94e-06 | Loss: 0.4949 (seg=0.0006, cls=0.2471) | Cls Acc: 0.9926 | Seg IoU: 0.9987 | Seg Dice: 0.9994 | 14.5s
2026-04-20 14:47:30 - Epoch [94/100] LR: 4.16e-07/4.16e-06 | Loss: 0.4924 (seg=0.0006, cls=0.2459) | Cls Acc: 0.9938 | Seg IoU: 0.9988 | Seg Dice: 0.9994 | 14.5s
2026-04-20 14:47:45 - Epoch [95/100] LR: 3.50e-07/3.50e-06 | Loss: 0.5022 (seg=0.0006, cls=0.2508) | Cls Acc: 0.9901 | Seg IoU: 0.9986 | Seg Dice: 0.9993 | 14.3s
2026-04-20 14:47:45 - --------------------------------------------------
2026-04-20 14:47:48 - [Test] Cls — Acc: 0.6520 | P(macro): 0.5925 | R(macro): 0.5789 | F1(macro): 0.5808
2026-04-20 14:47:48 - [Test] Seg — Lesion IoU: 0.9987 | Lesion Dice: 0.9994
2026-04-20 14:47:48 - [Test] Classification Report:
              precision    recall  f1-score   support

      benign     0.4713    0.3596    0.4080       114
    no_tumor     0.7137    0.7982    0.7536       228

    accuracy                         0.6520       342
   macro avg     0.5925    0.5789    0.5808       342
weighted avg     0.6329    0.6520    0.6384       342

2026-04-20 14:47:48 - --------------------------------------------------
2026-04-20 14:48:03 - Epoch [96/100] LR: 2.96e-07/2.96e-06 | Loss: 0.5085 (seg=0.0006, cls=0.2540) | Cls Acc: 0.9913 | Seg IoU: 0.9987 | Seg Dice: 0.9993 | 14.6s
2026-04-20 14:48:18 - Epoch [97/100] LR: 2.54e-07/2.54e-06 | Loss: 0.4892 (seg=0.0006, cls=0.2443) | Cls Acc: 0.9913 | Seg IoU: 0.9987 | Seg Dice: 0.9994 | 14.8s
2026-04-20 14:48:32 - Epoch [98/100] LR: 2.24e-07/2.24e-06 | Loss: 0.5110 (seg=0.0006, cls=0.2552) | Cls Acc: 0.9889 | Seg IoU: 0.9987 | Seg Dice: 0.9994 | 14.4s
2026-04-20 14:48:47 - Epoch [99/100] LR: 2.06e-07/2.06e-06 | Loss: 0.4870 (seg=0.0006, cls=0.2432) | Cls Acc: 0.9938 | Seg IoU: 0.9987 | Seg Dice: 0.9993 | 14.4s
2026-04-20 14:49:01 - Epoch [100/100] LR: 2.00e-07/2.00e-06 | Loss: 0.5181 (seg=0.0006, cls=0.2587) | Cls Acc: 0.9864 | Seg IoU: 0.9987 | Seg Dice: 0.9994 | 14.4s
2026-04-20 14:49:01 - --------------------------------------------------
2026-04-20 14:49:05 - [Test] Cls — Acc: 0.6579 | P(macro): 0.6034 | R(macro): 0.5921 | F1(macro): 0.5947
2026-04-20 14:49:05 - [Test] Seg — Lesion IoU: 0.9987 | Lesion Dice: 0.9993
2026-04-20 14:49:05 - [Test] Classification Report:
              precision    recall  f1-score   support

      benign     0.4839    0.3947    0.4348       114
    no_tumor     0.7229    0.7895    0.7547       228

    accuracy                         0.6579       342
   macro avg     0.6034    0.5921    0.5947       342
weighted avg     0.6432    0.6579    0.6481       342

2026-04-20 14:49:05 - --------------------------------------------------
2026-04-20 14:49:05 - 
======================================================================
2026-04-20 14:49:05 - 训练完成! 最优模型: Epoch 45, F1: 0.6676
2026-04-20 14:49:05 - ======================================================================
2026-04-20 14:49:05 - 
加载最优权重进行最终测试...
2026-04-20 14:49:05 - ======================================================================
2026-04-20 14:49:05 - 最终测试结果 (最优权重, threshold=0.5)
2026-04-20 14:49:05 - ======================================================================
2026-04-20 14:49:09 - [Final Test] Cls — Acc: 0.7164 | P(macro): 0.6775 | R(macro): 0.6623 | F1(macro): 0.6676
2026-04-20 14:49:09 - [Final Test] Seg — Lesion IoU: 0.9956 | Lesion Dice: 0.9978
2026-04-20 14:49:09 - [Final Test] Classification Report:
              precision    recall  f1-score   support

      benign     0.5876    0.5000    0.5403       114
    no_tumor     0.7673    0.8246    0.7949       228

    accuracy                         0.7164       342
   macro avg     0.6775    0.6623    0.6676       342
weighted avg     0.7074    0.7164    0.7100       342

2026-04-20 14:49:09 - 
======================================================================
2026-04-20 14:49:09 - 阈值优化搜索
2026-04-20 14:49:09 - ======================================================================
2026-04-20 14:49:13 - 最优阈值: 0.495 (F1: 0.6676 vs 默认0.5 F1: 0.6676)
2026-04-20 14:49:17 - 
======================================================================
2026-04-20 14:49:17 - 临床约束阈值搜索 (benign漏检≤目标, 尽量筛出no_tumor)
2026-04-20 14:49:17 - ======================================================================
2026-04-20 14:49:18 - 约束满足: threshold=0.082 | benign漏检率=8.77% | no_tumor召回=21.05% | no_tumor精度=82.76% | no_tumor筛出率=16.96% | F1(macro)=0.4291
2026-04-20 14:49:22 - [Final Test (临床约束阈值, benign漏检<=10%)] Threshold: 0.082 | Acc: 0.4444 | P(macro): 0.5969 | R(macro): 0.5614 | F1(macro): 0.4291
2026-04-20 14:49:22 - [Final Test (临床约束阈值, benign漏检<=10%)] Classification Report:
              precision    recall  f1-score   support

      benign     0.3662    0.9123    0.5226       114
    no_tumor     0.8276    0.2105    0.3357       228

    accuracy                         0.4444       342
   macro avg     0.5969    0.5614    0.4291       342
weighted avg     0.6738    0.4444    0.3980       342

2026-04-20 14:49:22 - 测试集概率已保存: /data1/ouyangxinglong/GBP-Cascade/0408/0420/logs/20260420_task2_SwinV2Tiny_segcls_18_0414_bn_nt/20260420_task2_SwinV2Tiny_segcls_18_0414_bn_nt_test_probs.csv
2026-04-20 14:49:22 - 
======================================================================
2026-04-20 14:49:22 - no_tumor 置信度-准确率校准 (Reliability Diagram)
2026-04-20 14:49:22 - ======================================================================
2026-04-20 14:49:22 - P(no_tumor)>=0.90: 175/342 (51.17%) | 真实no_tumor比例=77.71% (命中136例)
2026-04-20 14:49:22 - 校准统计: ECE=0.1932 | Brier=0.2426 | 有效分箱=10/10
2026-04-20 14:49:22 -   Bin[0.00,0.10) n= 69 | conf=0.036 | acc=0.391
2026-04-20 14:49:22 -   Bin[0.10,0.20) n= 16 | conf=0.143 | acc=0.500
2026-04-20 14:49:22 -   Bin[0.20,0.30) n=  2 | conf=0.243 | acc=0.500
2026-04-20 14:49:22 -   Bin[0.30,0.40) n=  4 | conf=0.355 | acc=0.250
2026-04-20 14:49:22 -   Bin[0.40,0.50) n=  6 | conf=0.446 | acc=0.500
2026-04-20 14:49:22 -   Bin[0.50,0.60) n= 12 | conf=0.557 | acc=0.833
2026-04-20 14:49:22 -   Bin[0.60,0.70) n=  8 | conf=0.655 | acc=0.500
2026-04-20 14:49:22 -   Bin[0.70,0.80) n= 12 | conf=0.746 | acc=0.833
2026-04-20 14:49:22 -   Bin[0.80,0.90) n= 38 | conf=0.869 | acc=0.737
2026-04-20 14:49:22 -   Bin[0.90,1.00) n=175 | conf=0.914 | acc=0.777
2026-04-20 14:49:22 - 校准分箱明细已保存: /data1/ouyangxinglong/GBP-Cascade/0408/0420/logs/20260420_task2_SwinV2Tiny_segcls_18_0414_bn_nt/20260420_task2_SwinV2Tiny_segcls_18_0414_bn_nt_no_tumor_reliability.csv
2026-04-20 14:49:23 - 校准曲线已保存: /data1/ouyangxinglong/GBP-Cascade/0408/0420/logs/20260420_task2_SwinV2Tiny_segcls_18_0414_bn_nt/20260420_task2_SwinV2Tiny_segcls_18_0414_bn_nt_no_tumor_reliability.png
2026-04-20 14:49:23 - 训练脚本已复制到: /data1/ouyangxinglong/GBP-Cascade/0408/0420/logs/20260420_task2_SwinV2Tiny_segcls_18_0414_bn_nt/20260420_task2_SwinV2Tiny_segcls_18_0414_bn_nt.py
