2026-04-01 07:52:01 - ============================================================
2026-04-01 07:52:01 - 实验名称: 20260323_task2_SwinV2Tiny_full4ch_strongaug_7
2026-04-01 07:52:01 - 任务: Task 2 - 良性肿瘤(0) vs 非肿瘤性息肉(1)
2026-04-01 07:52:01 - 模型: Swin-V2-Tiny (ImageNet, 4ch) + metadata fusion
2026-04-01 07:52:01 - 修改: 全图(不裁ROI)+病灶mask 4ch + metadata(age/sex/size_mm/size_bin/flow_bin/morph_bin) + flatten后融合 + 强增强 + Mixup/CutMix + 100ep
2026-04-01 07:52:01 - 输入通道: 4
2026-04-01 07:52:01 - 图像尺寸: train Full_img → StrongSync(RRC+Rot20+Shear+ColorJitter+Blur+Erase+Noise) + mask, test Full_img → Resize256 + mask
2026-04-01 07:52:01 - Batch Size: 8
2026-04-01 07:52:01 - Backbone LR: 2e-05
2026-04-01 07:52:01 - Head LR: 0.0002
2026-04-01 07:52:01 - Weight Decay: 0.05
2026-04-01 07:52:01 - Warmup Epochs: 8
2026-04-01 07:52:01 - Min LR Ratio: 0.01
2026-04-01 07:52:01 - Label Smoothing: 0.1
2026-04-01 07:52:01 - Seed: 42
2026-04-01 07:52:01 - Epochs: 100
2026-04-01 07:52:01 - Grad Clip: 1.0
2026-04-01 07:52:01 - 设备: cuda
2026-04-01 07:52:01 - ============================================================
2026-04-01 07:52:02 - 训练集: 1229 张 (benign=309, no_tumor=920)
2026-04-01 07:52:02 - 测试集: 523 张 (benign=129, no_tumor=394)
2026-04-01 07:52:02 - Metadata特征: ['age', 'gender', 'size_mm', 'size_bin', 'flow_bin', 'morph_bin'] (dim=6, train_missing_any=9, test_missing_any=5)
2026-04-01 07:52:13 - 模型参数量: 27,905,068
2026-04-01 07:52:13 - 可训练参数量: 27,905,068
2026-04-01 07:52:13 - 类别权重: benign=1.9887, no_tumor=0.6679
2026-04-01 07:52:13 - 损失函数: CrossEntropyLoss(class_weight + LS=0.1) + Mixup/CutMix
2026-04-01 07:52:13 - 
============================================================
2026-04-01 07:52:13 - 开始训练
2026-04-01 07:52:13 - ============================================================
2026-04-01 07:52:26 - Epoch [1/100] LR(backbone/head): 2.500000e-06/2.500000e-05 | WarmupCosineFactor: 0.1250 | Loss: 0.6954 | Train Acc: 0.6773 | Time: 13.0s
2026-04-01 07:52:38 - Epoch [2/100] LR(backbone/head): 5.000000e-06/5.000000e-05 | WarmupCosineFactor: 0.2500 | Loss: 0.6751 | Train Acc: 0.6438 | Time: 12.2s
2026-04-01 07:52:51 - Epoch [3/100] LR(backbone/head): 7.500000e-06/7.500000e-05 | WarmupCosineFactor: 0.3750 | Loss: 0.6860 | Train Acc: 0.6708 | Time: 12.2s
2026-04-01 07:53:03 - Epoch [4/100] LR(backbone/head): 1.000000e-05/1.000000e-04 | WarmupCosineFactor: 0.5000 | Loss: 0.6640 | Train Acc: 0.6332 | Time: 12.3s
2026-04-01 07:53:15 - Epoch [5/100] LR(backbone/head): 1.250000e-05/1.250000e-04 | WarmupCosineFactor: 0.6250 | Loss: 0.6413 | Train Acc: 0.6699 | Time: 12.4s
2026-04-01 07:53:15 - ----------------------------------------
2026-04-01 07:53:17 - [Test] Acc: 0.7457 | Precision(macro): 0.6298 | Recall(macro): 0.5810 | F1(macro): 0.5873
2026-04-01 07:53:17 - [Test] Classification Report:
              precision    recall  f1-score   support

      benign     0.4714    0.2558    0.3317       129
    no_tumor     0.7881    0.9061    0.8430       394

    accuracy                         0.7457       523
   macro avg     0.6298    0.5810    0.5873       523
weighted avg     0.7100    0.7457    0.7169       523

2026-04-01 07:53:17 - *** 保存最优模型 (F1: 0.5873, Epoch: 5) ***
2026-04-01 07:53:17 - ----------------------------------------
2026-04-01 07:53:29 - Epoch [6/100] LR(backbone/head): 1.500000e-05/1.500000e-04 | WarmupCosineFactor: 0.7500 | Loss: 0.6339 | Train Acc: 0.6609 | Time: 12.2s
2026-04-01 07:53:42 - Epoch [7/100] LR(backbone/head): 1.750000e-05/1.750000e-04 | WarmupCosineFactor: 0.8750 | Loss: 0.6306 | Train Acc: 0.6724 | Time: 12.3s
2026-04-01 07:53:54 - Epoch [8/100] LR(backbone/head): 2.000000e-05/2.000000e-04 | WarmupCosineFactor: 1.0000 | Loss: 0.6163 | Train Acc: 0.6708 | Time: 12.4s
2026-04-01 07:54:06 - Epoch [9/100] LR(backbone/head): 1.999423e-05/1.999423e-04 | WarmupCosineFactor: 0.9997 | Loss: 0.6132 | Train Acc: 0.6757 | Time: 12.3s
2026-04-01 07:54:19 - Epoch [10/100] LR(backbone/head): 1.997692e-05/1.997692e-04 | WarmupCosineFactor: 0.9988 | Loss: 0.5941 | Train Acc: 0.6985 | Time: 12.6s
2026-04-01 07:54:19 - ----------------------------------------
2026-04-01 07:54:21 - [Test] Acc: 0.7304 | Precision(macro): 0.6271 | Recall(macro): 0.6151 | F1(macro): 0.6199
2026-04-01 07:54:21 - [Test] Classification Report:
              precision    recall  f1-score   support

      benign     0.4464    0.3876    0.4149       129
    no_tumor     0.8078    0.8426    0.8248       394

    accuracy                         0.7304       523
   macro avg     0.6271    0.6151    0.6199       523
weighted avg     0.7187    0.7304    0.7237       523

2026-04-01 07:54:21 - *** 保存最优模型 (F1: 0.6199, Epoch: 10) ***
2026-04-01 07:54:21 - ----------------------------------------
2026-04-01 07:54:33 - Epoch [11/100] LR(backbone/head): 1.994810e-05/1.994810e-04 | WarmupCosineFactor: 0.9974 | Loss: 0.5763 | Train Acc: 0.7369 | Time: 12.1s
2026-04-01 07:54:46 - Epoch [12/100] LR(backbone/head): 1.990779e-05/1.990779e-04 | WarmupCosineFactor: 0.9954 | Loss: 0.5976 | Train Acc: 0.6912 | Time: 12.5s
2026-04-01 07:54:58 - Epoch [13/100] LR(backbone/head): 1.985605e-05/1.985605e-04 | WarmupCosineFactor: 0.9928 | Loss: 0.5821 | Train Acc: 0.7304 | Time: 12.5s
2026-04-01 07:55:11 - Epoch [14/100] LR(backbone/head): 1.979293e-05/1.979293e-04 | WarmupCosineFactor: 0.9896 | Loss: 0.5477 | Train Acc: 0.7361 | Time: 12.4s
2026-04-01 07:55:23 - Epoch [15/100] LR(backbone/head): 1.971851e-05/1.971851e-04 | WarmupCosineFactor: 0.9859 | Loss: 0.5547 | Train Acc: 0.7451 | Time: 12.5s
2026-04-01 07:55:23 - ----------------------------------------
2026-04-01 07:55:25 - [Test] Acc: 0.7533 | Precision(macro): 0.6559 | Recall(macro): 0.6277 | F1(macro): 0.6371
2026-04-01 07:55:25 - [Test] Classification Report:
              precision    recall  f1-score   support

      benign     0.5000    0.3798    0.4317       129
    no_tumor     0.8118    0.8756    0.8425       394

    accuracy                         0.7533       523
   macro avg     0.6559    0.6277    0.6371       523
weighted avg     0.7349    0.7533    0.7412       523

2026-04-01 07:55:25 - *** 保存最优模型 (F1: 0.6371, Epoch: 15) ***
2026-04-01 07:55:25 - ----------------------------------------
2026-04-01 07:55:38 - Epoch [16/100] LR(backbone/head): 1.963288e-05/1.963288e-04 | WarmupCosineFactor: 0.9816 | Loss: 0.5311 | Train Acc: 0.7377 | Time: 12.7s
2026-04-01 07:55:50 - Epoch [17/100] LR(backbone/head): 1.953613e-05/1.953613e-04 | WarmupCosineFactor: 0.9768 | Loss: 0.5141 | Train Acc: 0.7680 | Time: 12.4s
2026-04-01 07:56:03 - Epoch [18/100] LR(backbone/head): 1.942838e-05/1.942838e-04 | WarmupCosineFactor: 0.9714 | Loss: 0.5270 | Train Acc: 0.7361 | Time: 12.1s
2026-04-01 07:56:15 - Epoch [19/100] LR(backbone/head): 1.930976e-05/1.930976e-04 | WarmupCosineFactor: 0.9655 | Loss: 0.4951 | Train Acc: 0.7655 | Time: 12.4s
2026-04-01 07:56:27 - Epoch [20/100] LR(backbone/head): 1.918039e-05/1.918039e-04 | WarmupCosineFactor: 0.9590 | Loss: 0.5313 | Train Acc: 0.7655 | Time: 12.2s
2026-04-01 07:56:27 - ----------------------------------------
2026-04-01 07:56:29 - [Test] Acc: 0.7323 | Precision(macro): 0.6364 | Recall(macro): 0.6320 | F1(macro): 0.6341
2026-04-01 07:56:29 - [Test] Classification Report:
              precision    recall  f1-score   support

      benign     0.4553    0.4341    0.4444       129
    no_tumor     0.8175    0.8299    0.8237       394

    accuracy                         0.7323       523
   macro avg     0.6364    0.6320    0.6341       523
weighted avg     0.7282    0.7323    0.7301       523

2026-04-01 07:56:29 - ----------------------------------------
2026-04-01 07:56:41 - Epoch [21/100] LR(backbone/head): 1.904044e-05/1.904044e-04 | WarmupCosineFactor: 0.9520 | Loss: 0.5118 | Train Acc: 0.7868 | Time: 12.3s
2026-04-01 07:56:54 - Epoch [22/100] LR(backbone/head): 1.889006e-05/1.889006e-04 | WarmupCosineFactor: 0.9445 | Loss: 0.5124 | Train Acc: 0.7533 | Time: 12.6s
2026-04-01 07:57:06 - Epoch [23/100] LR(backbone/head): 1.872944e-05/1.872944e-04 | WarmupCosineFactor: 0.9365 | Loss: 0.4646 | Train Acc: 0.7868 | Time: 12.5s
2026-04-01 07:57:19 - Epoch [24/100] LR(backbone/head): 1.855875e-05/1.855875e-04 | WarmupCosineFactor: 0.9279 | Loss: 0.4815 | Train Acc: 0.7696 | Time: 12.6s
2026-04-01 07:57:31 - Epoch [25/100] LR(backbone/head): 1.837820e-05/1.837820e-04 | WarmupCosineFactor: 0.9189 | Loss: 0.4879 | Train Acc: 0.7908 | Time: 12.0s
2026-04-01 07:57:31 - ----------------------------------------
2026-04-01 07:57:32 - [Test] Acc: 0.7342 | Precision(macro): 0.6305 | Recall(macro): 0.6150 | F1(macro): 0.6208
2026-04-01 07:57:32 - [Test] Classification Report:
              precision    recall  f1-score   support

      benign     0.4537    0.3798    0.4135       129
    no_tumor     0.8072    0.8503    0.8282       394

    accuracy                         0.7342       523
   macro avg     0.6305    0.6150    0.6208       523
weighted avg     0.7200    0.7342    0.7259       523

2026-04-01 07:57:32 - ----------------------------------------
2026-04-01 07:57:45 - Epoch [26/100] LR(backbone/head): 1.818800e-05/1.818800e-04 | WarmupCosineFactor: 0.9094 | Loss: 0.4919 | Train Acc: 0.7761 | Time: 12.4s
2026-04-01 07:57:57 - Epoch [27/100] LR(backbone/head): 1.798837e-05/1.798837e-04 | WarmupCosineFactor: 0.8994 | Loss: 0.4699 | Train Acc: 0.7859 | Time: 12.5s
2026-04-01 07:58:10 - Epoch [28/100] LR(backbone/head): 1.777954e-05/1.777954e-04 | WarmupCosineFactor: 0.8890 | Loss: 0.4627 | Train Acc: 0.7753 | Time: 12.4s
2026-04-01 07:58:22 - Epoch [29/100] LR(backbone/head): 1.756176e-05/1.756176e-04 | WarmupCosineFactor: 0.8781 | Loss: 0.4592 | Train Acc: 0.7900 | Time: 12.2s
2026-04-01 07:58:34 - Epoch [30/100] LR(backbone/head): 1.733528e-05/1.733528e-04 | WarmupCosineFactor: 0.8668 | Loss: 0.4234 | Train Acc: 0.8178 | Time: 12.5s
2026-04-01 07:58:34 - ----------------------------------------
2026-04-01 07:58:36 - [Test] Acc: 0.6654 | Precision(macro): 0.5974 | Recall(macro): 0.6189 | F1(macro): 0.5996
2026-04-01 07:58:36 - [Test] Classification Report:
              precision    recall  f1-score   support

      benign     0.3736    0.5271    0.4373       129
    no_tumor     0.8211    0.7107    0.7619       394

    accuracy                         0.6654       523
   macro avg     0.5974    0.6189    0.5996       523
weighted avg     0.7107    0.6654    0.6818       523

2026-04-01 07:58:36 - ----------------------------------------
2026-04-01 07:58:48 - Epoch [31/100] LR(backbone/head): 1.710036e-05/1.710036e-04 | WarmupCosineFactor: 0.8550 | Loss: 0.4589 | Train Acc: 0.7859 | Time: 12.5s
2026-04-01 07:59:01 - Epoch [32/100] LR(backbone/head): 1.685728e-05/1.685728e-04 | WarmupCosineFactor: 0.8429 | Loss: 0.4281 | Train Acc: 0.8129 | Time: 12.9s
2026-04-01 07:59:14 - Epoch [33/100] LR(backbone/head): 1.660632e-05/1.660632e-04 | WarmupCosineFactor: 0.8303 | Loss: 0.4473 | Train Acc: 0.7974 | Time: 12.5s
2026-04-01 07:59:26 - Epoch [34/100] LR(backbone/head): 1.634777e-05/1.634777e-04 | WarmupCosineFactor: 0.8174 | Loss: 0.4132 | Train Acc: 0.8227 | Time: 12.3s
2026-04-01 07:59:38 - Epoch [35/100] LR(backbone/head): 1.608194e-05/1.608194e-04 | WarmupCosineFactor: 0.8041 | Loss: 0.4295 | Train Acc: 0.7998 | Time: 12.0s
2026-04-01 07:59:38 - ----------------------------------------
2026-04-01 07:59:40 - [Test] Acc: 0.7361 | Precision(macro): 0.6196 | Recall(macro): 0.5876 | F1(macro): 0.5946
2026-04-01 07:59:40 - [Test] Classification Report:
              precision    recall  f1-score   support

      benign     0.4471    0.2946    0.3551       129
    no_tumor     0.7922    0.8807    0.8341       394

    accuracy                         0.7361       523
   macro avg     0.6196    0.5876    0.5946       523
weighted avg     0.7071    0.7361    0.7160       523

2026-04-01 07:59:40 - ----------------------------------------
2026-04-01 07:59:52 - Epoch [36/100] LR(backbone/head): 1.580914e-05/1.580914e-04 | WarmupCosineFactor: 0.7905 | Loss: 0.4251 | Train Acc: 0.8178 | Time: 12.2s
2026-04-01 08:00:04 - Epoch [37/100] LR(backbone/head): 1.552967e-05/1.552967e-04 | WarmupCosineFactor: 0.7765 | Loss: 0.4654 | Train Acc: 0.7974 | Time: 12.5s
2026-04-01 08:00:17 - Epoch [38/100] LR(backbone/head): 1.524388e-05/1.524388e-04 | WarmupCosineFactor: 0.7622 | Loss: 0.4243 | Train Acc: 0.7925 | Time: 12.4s
2026-04-01 08:00:29 - Epoch [39/100] LR(backbone/head): 1.495209e-05/1.495209e-04 | WarmupCosineFactor: 0.7476 | Loss: 0.4162 | Train Acc: 0.7770 | Time: 12.3s
2026-04-01 08:00:41 - Epoch [40/100] LR(backbone/head): 1.465464e-05/1.465464e-04 | WarmupCosineFactor: 0.7327 | Loss: 0.3831 | Train Acc: 0.8096 | Time: 12.3s
2026-04-01 08:00:41 - ----------------------------------------
2026-04-01 08:00:43 - [Test] Acc: 0.7342 | Precision(macro): 0.6269 | Recall(macro): 0.6072 | F1(macro): 0.6139
2026-04-01 08:00:43 - [Test] Classification Report:
              precision    recall  f1-score   support

      benign     0.4510    0.3566    0.3983       129
    no_tumor     0.8029    0.8579    0.8294       394

    accuracy                         0.7342       523
   macro avg     0.6269    0.6072    0.6139       523
weighted avg     0.7161    0.7342    0.7231       523

2026-04-01 08:00:43 - ----------------------------------------
2026-04-01 08:00:55 - Epoch [41/100] LR(backbone/head): 1.435189e-05/1.435189e-04 | WarmupCosineFactor: 0.7176 | Loss: 0.3807 | Train Acc: 0.8382 | Time: 12.5s
2026-04-01 08:01:08 - Epoch [42/100] LR(backbone/head): 1.404417e-05/1.404417e-04 | WarmupCosineFactor: 0.7022 | Loss: 0.3714 | Train Acc: 0.8480 | Time: 12.5s
2026-04-01 08:01:20 - Epoch [43/100] LR(backbone/head): 1.373186e-05/1.373186e-04 | WarmupCosineFactor: 0.6866 | Loss: 0.4086 | Train Acc: 0.8284 | Time: 12.1s
2026-04-01 08:01:32 - Epoch [44/100] LR(backbone/head): 1.341531e-05/1.341531e-04 | WarmupCosineFactor: 0.6708 | Loss: 0.3605 | Train Acc: 0.8472 | Time: 12.2s
2026-04-01 08:01:44 - Epoch [45/100] LR(backbone/head): 1.309489e-05/1.309489e-04 | WarmupCosineFactor: 0.6547 | Loss: 0.3403 | Train Acc: 0.8350 | Time: 12.0s
2026-04-01 08:01:44 - ----------------------------------------
2026-04-01 08:01:46 - [Test] Acc: 0.6922 | Precision(macro): 0.5554 | Recall(macro): 0.5454 | F1(macro): 0.5471
2026-04-01 08:01:46 - [Test] Classification Report:
              precision    recall  f1-score   support

      benign     0.3367    0.2558    0.2907       129
    no_tumor     0.7741    0.8350    0.8034       394

    accuracy                         0.6922       523
   macro avg     0.5554    0.5454    0.5471       523
weighted avg     0.6662    0.6922    0.6770       523

2026-04-01 08:01:46 - ----------------------------------------
2026-04-01 08:01:58 - Epoch [46/100] LR(backbone/head): 1.277099e-05/1.277099e-04 | WarmupCosineFactor: 0.6385 | Loss: 0.3665 | Train Acc: 0.8366 | Time: 12.1s
2026-04-01 08:02:10 - Epoch [47/100] LR(backbone/head): 1.244397e-05/1.244397e-04 | WarmupCosineFactor: 0.6222 | Loss: 0.3534 | Train Acc: 0.8162 | Time: 12.3s
2026-04-01 08:02:23 - Epoch [48/100] LR(backbone/head): 1.211421e-05/1.211421e-04 | WarmupCosineFactor: 0.6057 | Loss: 0.3613 | Train Acc: 0.8382 | Time: 12.2s
2026-04-01 08:02:35 - Epoch [49/100] LR(backbone/head): 1.178211e-05/1.178211e-04 | WarmupCosineFactor: 0.5891 | Loss: 0.3477 | Train Acc: 0.8154 | Time: 12.2s
2026-04-01 08:02:47 - Epoch [50/100] LR(backbone/head): 1.144805e-05/1.144805e-04 | WarmupCosineFactor: 0.5724 | Loss: 0.3545 | Train Acc: 0.8292 | Time: 12.5s
2026-04-01 08:02:47 - ----------------------------------------
2026-04-01 08:02:49 - [Test] Acc: 0.7285 | Precision(macro): 0.6101 | Recall(macro): 0.5852 | F1(macro): 0.5913
2026-04-01 08:02:49 - [Test] Classification Report:
              precision    recall  f1-score   support

      benign     0.4286    0.3023    0.3545       129
    no_tumor     0.7917    0.8680    0.8281       394

    accuracy                         0.7285       523
   macro avg     0.6101    0.5852    0.5913       523
weighted avg     0.7021    0.7285    0.7113       523

2026-04-01 08:02:49 - ----------------------------------------
2026-04-01 08:03:01 - Epoch [51/100] LR(backbone/head): 1.111242e-05/1.111242e-04 | WarmupCosineFactor: 0.5556 | Loss: 0.3245 | Train Acc: 0.8227 | Time: 12.4s
2026-04-01 08:03:13 - Epoch [52/100] LR(backbone/head): 1.077560e-05/1.077560e-04 | WarmupCosineFactor: 0.5388 | Loss: 0.3510 | Train Acc: 0.8358 | Time: 12.0s
2026-04-01 08:03:26 - Epoch [53/100] LR(backbone/head): 1.043800e-05/1.043800e-04 | WarmupCosineFactor: 0.5219 | Loss: 0.3596 | Train Acc: 0.8431 | Time: 12.2s
2026-04-01 08:03:38 - Epoch [54/100] LR(backbone/head): 1.010000e-05/1.010000e-04 | WarmupCosineFactor: 0.5050 | Loss: 0.3319 | Train Acc: 0.8366 | Time: 12.4s
2026-04-01 08:03:50 - Epoch [55/100] LR(backbone/head): 9.762003e-06/9.762003e-05 | WarmupCosineFactor: 0.4881 | Loss: 0.3443 | Train Acc: 0.8407 | Time: 12.4s
2026-04-01 08:03:50 - ----------------------------------------
2026-04-01 08:03:52 - [Test] Acc: 0.7533 | Precision(macro): 0.6401 | Recall(macro): 0.5652 | F1(macro): 0.5653
2026-04-01 08:03:52 - [Test] Classification Report:
              precision    recall  f1-score   support

      benign     0.5000    0.1938    0.2793       129
    no_tumor     0.7801    0.9365    0.8512       394

    accuracy                         0.7533       523
   macro avg     0.6401    0.5652    0.5653       523
weighted avg     0.7110    0.7533    0.7102       523

2026-04-01 08:03:52 - ----------------------------------------
2026-04-01 08:04:04 - Epoch [56/100] LR(backbone/head): 9.424400e-06/9.424400e-05 | WarmupCosineFactor: 0.4712 | Loss: 0.3299 | Train Acc: 0.8325 | Time: 12.7s
2026-04-01 08:04:17 - Epoch [57/100] LR(backbone/head): 9.087585e-06/9.087585e-05 | WarmupCosineFactor: 0.4544 | Loss: 0.3554 | Train Acc: 0.8186 | Time: 12.8s
2026-04-01 08:04:29 - Epoch [58/100] LR(backbone/head): 8.751950e-06/8.751950e-05 | WarmupCosineFactor: 0.4376 | Loss: 0.3186 | Train Acc: 0.8325 | Time: 12.1s
2026-04-01 08:04:42 - Epoch [59/100] LR(backbone/head): 8.417887e-06/8.417887e-05 | WarmupCosineFactor: 0.4209 | Loss: 0.3664 | Train Acc: 0.8562 | Time: 12.3s
2026-04-01 08:04:54 - Epoch [60/100] LR(backbone/head): 8.085785e-06/8.085785e-05 | WarmupCosineFactor: 0.4043 | Loss: 0.3049 | Train Acc: 0.8546 | Time: 12.2s
2026-04-01 08:04:54 - ----------------------------------------
2026-04-01 08:04:55 - [Test] Acc: 0.7361 | Precision(macro): 0.6183 | Recall(macro): 0.5850 | F1(macro): 0.5918
2026-04-01 08:04:55 - [Test] Classification Report:
              precision    recall  f1-score   support

      benign     0.4458    0.2868    0.3491       129
    no_tumor     0.7909    0.8832    0.8345       394

    accuracy                         0.7361       523
   macro avg     0.6183    0.5850    0.5918       523
weighted avg     0.7058    0.7361    0.7148       523

2026-04-01 08:04:55 - ----------------------------------------
2026-04-01 08:05:08 - Epoch [61/100] LR(backbone/head): 7.756032e-06/7.756032e-05 | WarmupCosineFactor: 0.3878 | Loss: 0.3540 | Train Acc: 0.8039 | Time: 12.4s
2026-04-01 08:05:20 - Epoch [62/100] LR(backbone/head): 7.429012e-06/7.429012e-05 | WarmupCosineFactor: 0.3715 | Loss: 0.3340 | Train Acc: 0.8391 | Time: 12.2s
2026-04-01 08:05:32 - Epoch [63/100] LR(backbone/head): 7.105106e-06/7.105106e-05 | WarmupCosineFactor: 0.3553 | Loss: 0.3341 | Train Acc: 0.8570 | Time: 12.4s
2026-04-01 08:05:45 - Epoch [64/100] LR(backbone/head): 6.784692e-06/6.784692e-05 | WarmupCosineFactor: 0.3392 | Loss: 0.3203 | Train Acc: 0.8513 | Time: 12.1s
2026-04-01 08:05:57 - Epoch [65/100] LR(backbone/head): 6.468143e-06/6.468143e-05 | WarmupCosineFactor: 0.3234 | Loss: 0.3292 | Train Acc: 0.8570 | Time: 12.2s
2026-04-01 08:05:57 - ----------------------------------------
2026-04-01 08:05:59 - [Test] Acc: 0.7533 | Precision(macro): 0.6431 | Recall(macro): 0.5782 | F1(macro): 0.5835
2026-04-01 08:05:59 - [Test] Classification Report:
              precision    recall  f1-score   support

      benign     0.5000    0.2326    0.3175       129
    no_tumor     0.7862    0.9239    0.8495       394

    accuracy                         0.7533       523
   macro avg     0.6431    0.5782    0.5835       523
weighted avg     0.7156    0.7533    0.7183       523

2026-04-01 08:05:59 - ----------------------------------------
2026-04-01 08:06:11 - Epoch [66/100] LR(backbone/head): 6.155829e-06/6.155829e-05 | WarmupCosineFactor: 0.3078 | Loss: 0.2890 | Train Acc: 0.8178 | Time: 12.1s
2026-04-01 08:06:23 - Epoch [67/100] LR(backbone/head): 5.848114e-06/5.848114e-05 | WarmupCosineFactor: 0.2924 | Loss: 0.3208 | Train Acc: 0.8431 | Time: 12.9s
2026-04-01 08:06:36 - Epoch [68/100] LR(backbone/head): 5.545356e-06/5.545356e-05 | WarmupCosineFactor: 0.2773 | Loss: 0.3463 | Train Acc: 0.8096 | Time: 12.3s
2026-04-01 08:06:48 - Epoch [69/100] LR(backbone/head): 5.247909e-06/5.247909e-05 | WarmupCosineFactor: 0.2624 | Loss: 0.2841 | Train Acc: 0.8317 | Time: 12.0s
2026-04-01 08:07:00 - Epoch [70/100] LR(backbone/head): 4.956119e-06/4.956119e-05 | WarmupCosineFactor: 0.2478 | Loss: 0.3325 | Train Acc: 0.8227 | Time: 12.2s
2026-04-01 08:07:00 - ----------------------------------------
2026-04-01 08:07:02 - [Test] Acc: 0.7495 | Precision(macro): 0.6346 | Recall(macro): 0.5757 | F1(macro): 0.5805
2026-04-01 08:07:02 - [Test] Classification Report:
              precision    recall  f1-score   support

      benign     0.4839    0.2326    0.3141       129
    no_tumor     0.7852    0.9188    0.8468       394

    accuracy                         0.7495       523
   macro avg     0.6346    0.5757    0.5805       523
weighted avg     0.7109    0.7495    0.7154       523

2026-04-01 08:07:02 - ----------------------------------------
2026-04-01 08:07:14 - Epoch [71/100] LR(backbone/head): 4.670326e-06/4.670326e-05 | WarmupCosineFactor: 0.2335 | Loss: 0.3197 | Train Acc: 0.8513 | Time: 12.5s
2026-04-01 08:07:26 - Epoch [72/100] LR(backbone/head): 4.390865e-06/4.390865e-05 | WarmupCosineFactor: 0.2195 | Loss: 0.2947 | Train Acc: 0.8472 | Time: 12.2s
2026-04-01 08:07:38 - Epoch [73/100] LR(backbone/head): 4.118060e-06/4.118060e-05 | WarmupCosineFactor: 0.2059 | Loss: 0.2974 | Train Acc: 0.8309 | Time: 12.1s
2026-04-01 08:07:51 - Epoch [74/100] LR(backbone/head): 3.852229e-06/3.852229e-05 | WarmupCosineFactor: 0.1926 | Loss: 0.2926 | Train Acc: 0.8595 | Time: 12.4s
2026-04-01 08:08:03 - Epoch [75/100] LR(backbone/head): 3.593684e-06/3.593684e-05 | WarmupCosineFactor: 0.1797 | Loss: 0.3196 | Train Acc: 0.8562 | Time: 12.1s
2026-04-01 08:08:03 - ----------------------------------------
2026-04-01 08:08:04 - [Test] Acc: 0.7457 | Precision(macro): 0.6265 | Recall(macro): 0.5731 | F1(macro): 0.5775
2026-04-01 08:08:04 - [Test] Classification Report:
              precision    recall  f1-score   support

      benign     0.4688    0.2326    0.3109       129
    no_tumor     0.7843    0.9137    0.8441       394

    accuracy                         0.7457       523
   macro avg     0.6265    0.5731    0.5775       523
weighted avg     0.7065    0.7457    0.7126       523

2026-04-01 08:08:04 - ----------------------------------------
2026-04-01 08:08:17 - Epoch [76/100] LR(backbone/head): 3.342724e-06/3.342724e-05 | WarmupCosineFactor: 0.1671 | Loss: 0.2866 | Train Acc: 0.8693 | Time: 12.3s
2026-04-01 08:08:29 - Epoch [77/100] LR(backbone/head): 3.099643e-06/3.099643e-05 | WarmupCosineFactor: 0.1550 | Loss: 0.2948 | Train Acc: 0.8423 | Time: 12.2s
2026-04-01 08:08:42 - Epoch [78/100] LR(backbone/head): 2.864724e-06/2.864724e-05 | WarmupCosineFactor: 0.1432 | Loss: 0.2976 | Train Acc: 0.8464 | Time: 12.7s
2026-04-01 08:08:54 - Epoch [79/100] LR(backbone/head): 2.638241e-06/2.638241e-05 | WarmupCosineFactor: 0.1319 | Loss: 0.2868 | Train Acc: 0.8652 | Time: 12.4s
2026-04-01 08:09:06 - Epoch [80/100] LR(backbone/head): 2.420458e-06/2.420458e-05 | WarmupCosineFactor: 0.1210 | Loss: 0.2904 | Train Acc: 0.8570 | Time: 12.4s
2026-04-01 08:09:06 - ----------------------------------------
2026-04-01 08:09:08 - [Test] Acc: 0.7572 | Precision(macro): 0.6536 | Recall(macro): 0.5912 | F1(macro): 0.5997
2026-04-01 08:09:08 - [Test] Classification Report:
              precision    recall  f1-score   support

      benign     0.5152    0.2636    0.3487       129
    no_tumor     0.7921    0.9188    0.8508       394

    accuracy                         0.7572       523
   macro avg     0.6536    0.5912    0.5997       523
weighted avg     0.7238    0.7572    0.7269       523

2026-04-01 08:09:08 - ----------------------------------------
2026-04-01 08:09:20 - Epoch [81/100] LR(backbone/head): 2.211629e-06/2.211629e-05 | WarmupCosineFactor: 0.1106 | Loss: 0.3214 | Train Acc: 0.8366 | Time: 12.4s
2026-04-01 08:09:33 - Epoch [82/100] LR(backbone/head): 2.011998e-06/2.011998e-05 | WarmupCosineFactor: 0.1006 | Loss: 0.3121 | Train Acc: 0.8350 | Time: 12.3s
2026-04-01 08:09:45 - Epoch [83/100] LR(backbone/head): 1.821797e-06/1.821797e-05 | WarmupCosineFactor: 0.0911 | Loss: 0.2809 | Train Acc: 0.8448 | Time: 12.5s
2026-04-01 08:09:58 - Epoch [84/100] LR(backbone/head): 1.641248e-06/1.641248e-05 | WarmupCosineFactor: 0.0821 | Loss: 0.2757 | Train Acc: 0.8693 | Time: 12.5s
2026-04-01 08:10:10 - Epoch [85/100] LR(backbone/head): 1.470561e-06/1.470561e-05 | WarmupCosineFactor: 0.0735 | Loss: 0.3074 | Train Acc: 0.8685 | Time: 12.3s
2026-04-01 08:10:10 - ----------------------------------------
2026-04-01 08:10:12 - [Test] Acc: 0.7457 | Precision(macro): 0.6254 | Recall(macro): 0.5705 | F1(macro): 0.5741
2026-04-01 08:10:12 - [Test] Classification Report:
              precision    recall  f1-score   support

      benign     0.4677    0.2248    0.3037       129
    no_tumor     0.7831    0.9162    0.8444       394

    accuracy                         0.7457       523
   macro avg     0.6254    0.5705    0.5741       523
weighted avg     0.7053    0.7457    0.7111       523

2026-04-01 08:10:12 - ----------------------------------------
2026-04-01 08:10:24 - Epoch [86/100] LR(backbone/head): 1.309936e-06/1.309936e-05 | WarmupCosineFactor: 0.0655 | Loss: 0.2529 | Train Acc: 0.8358 | Time: 12.4s
2026-04-01 08:10:36 - Epoch [87/100] LR(backbone/head): 1.159560e-06/1.159560e-05 | WarmupCosineFactor: 0.0580 | Loss: 0.2900 | Train Acc: 0.8668 | Time: 12.2s
2026-04-01 08:10:48 - Epoch [88/100] LR(backbone/head): 1.019608e-06/1.019608e-05 | WarmupCosineFactor: 0.0510 | Loss: 0.3017 | Train Acc: 0.8603 | Time: 12.3s
2026-04-01 08:11:01 - Epoch [89/100] LR(backbone/head): 8.902434e-07/8.902434e-06 | WarmupCosineFactor: 0.0445 | Loss: 0.3126 | Train Acc: 0.8554 | Time: 12.5s
2026-04-01 08:11:13 - Epoch [90/100] LR(backbone/head): 7.716169e-07/7.716169e-06 | WarmupCosineFactor: 0.0386 | Loss: 0.2803 | Train Acc: 0.8652 | Time: 12.2s
2026-04-01 08:11:13 - ----------------------------------------
2026-04-01 08:11:15 - [Test] Acc: 0.7323 | Precision(macro): 0.6034 | Recall(macro): 0.5669 | F1(macro): 0.5705
2026-04-01 08:11:15 - [Test] Classification Report:
              precision    recall  f1-score   support

      benign     0.4247    0.2403    0.3069       129
    no_tumor     0.7822    0.8934    0.8341       394

    accuracy                         0.7323       523
   macro avg     0.6034    0.5669    0.5705       523
weighted avg     0.6940    0.7323    0.7041       523

2026-04-01 08:11:15 - ----------------------------------------
2026-04-01 08:11:26 - Epoch [91/100] LR(backbone/head): 6.638668e-07/6.638668e-06 | WarmupCosineFactor: 0.0332 | Loss: 0.2608 | Train Acc: 0.8374 | Time: 11.9s
2026-04-01 08:11:39 - Epoch [92/100] LR(backbone/head): 5.671189e-07/5.671189e-06 | WarmupCosineFactor: 0.0284 | Loss: 0.3015 | Train Acc: 0.8521 | Time: 12.2s
2026-04-01 08:11:51 - Epoch [93/100] LR(backbone/head): 4.814858e-07/4.814858e-06 | WarmupCosineFactor: 0.0241 | Loss: 0.2960 | Train Acc: 0.8464 | Time: 11.9s
2026-04-01 08:12:03 - Epoch [94/100] LR(backbone/head): 4.070675e-07/4.070675e-06 | WarmupCosineFactor: 0.0204 | Loss: 0.2857 | Train Acc: 0.8578 | Time: 12.6s
2026-04-01 08:12:15 - Epoch [95/100] LR(backbone/head): 3.439508e-07/3.439508e-06 | WarmupCosineFactor: 0.0172 | Loss: 0.3396 | Train Acc: 0.8521 | Time: 12.3s
2026-04-01 08:12:15 - ----------------------------------------
2026-04-01 08:12:17 - [Test] Acc: 0.7342 | Precision(macro): 0.6082 | Recall(macro): 0.5707 | F1(macro): 0.5752
2026-04-01 08:12:17 - [Test] Classification Report:
              precision    recall  f1-score   support

      benign     0.4324    0.2481    0.3153       129
    no_tumor     0.7840    0.8934    0.8351       394

    accuracy                         0.7342       523
   macro avg     0.6082    0.5707    0.5752       523
weighted avg     0.6973    0.7342    0.7069       523

2026-04-01 08:12:17 - ----------------------------------------
2026-04-01 08:12:30 - Epoch [96/100] LR(backbone/head): 2.922091e-07/2.922091e-06 | WarmupCosineFactor: 0.0146 | Loss: 0.2923 | Train Acc: 0.8619 | Time: 13.0s
2026-04-01 08:12:43 - Epoch [97/100] LR(backbone/head): 2.519029e-07/2.519029e-06 | WarmupCosineFactor: 0.0126 | Loss: 0.3111 | Train Acc: 0.8627 | Time: 12.6s
2026-04-01 08:12:55 - Epoch [98/100] LR(backbone/head): 2.230792e-07/2.230792e-06 | WarmupCosineFactor: 0.0112 | Loss: 0.2819 | Train Acc: 0.8309 | Time: 12.2s
2026-04-01 08:13:07 - Epoch [99/100] LR(backbone/head): 2.057715e-07/2.057715e-06 | WarmupCosineFactor: 0.0103 | Loss: 0.2834 | Train Acc: 0.8407 | Time: 12.3s
2026-04-01 08:13:19 - Epoch [100/100] LR(backbone/head): 2.000000e-07/2.000000e-06 | WarmupCosineFactor: 0.0100 | Loss: 0.2689 | Train Acc: 0.8619 | Time: 12.1s
2026-04-01 08:13:19 - ----------------------------------------
2026-04-01 08:13:21 - [Test] Acc: 0.7361 | Precision(macro): 0.6143 | Recall(macro): 0.5772 | F1(macro): 0.5829
2026-04-01 08:13:21 - [Test] Classification Report:
              precision    recall  f1-score   support

      benign     0.4416    0.2636    0.3301       129
    no_tumor     0.7870    0.8909    0.8357       394

    accuracy                         0.7361       523
   macro avg     0.6143    0.5772    0.5829       523
weighted avg     0.7018    0.7361    0.7110       523

2026-04-01 08:13:21 - ----------------------------------------
2026-04-01 08:13:21 - 
============================================================
2026-04-01 08:13:21 - 训练完成! 最优模型: Epoch 15, F1: 0.6371
2026-04-01 08:13:21 - ============================================================
2026-04-01 08:13:21 - 
加载最优权重进行最终测试...
2026-04-01 08:13:21 - ============================================================
2026-04-01 08:13:21 - 最终测试结果 (最优权重, threshold=0.5)
2026-04-01 08:13:21 - ============================================================
2026-04-01 08:13:23 - [Final Test] Acc: 0.7533 | Precision(macro): 0.6559 | Recall(macro): 0.6277 | F1(macro): 0.6371
2026-04-01 08:13:23 - [Final Test] Classification Report:
              precision    recall  f1-score   support

      benign     0.5000    0.3798    0.4317       129
    no_tumor     0.8118    0.8756    0.8425       394

    accuracy                         0.7533       523
   macro avg     0.6559    0.6277    0.6371       523
weighted avg     0.7349    0.7533    0.7412       523

2026-04-01 08:13:23 - 
============================================================
2026-04-01 08:13:23 - 阈值优化搜索 (在测试集上寻找最优 F1 的分类阈值)
2026-04-01 08:13:23 - ============================================================
2026-04-01 08:13:24 - 最优阈值: 0.505 (F1: 0.6388 vs 默认0.5 F1: 0.6371)
2026-04-01 08:13:24 - 训练脚本已复制到: /data1/ouyangxinglong/GBP-Cascade/logs/20260323_task2_SwinV2Tiny_full4ch_strongaug_7/20260401_task2_SwinV2Tiny_full4ch_strongaug_7_text_13.py
