2026-03-19 11:15:50 - ============================================================
2026-03-19 11:15:50 - 实验名称: 20260319_task2_ConvNeXtTiny_adamw_warmupcosine_weightedsampler_img320_4
2026-03-19 11:15:50 - 任务: Task 2 - 良性肿瘤(0) vs 非肿瘤性息肉(1)
2026-03-19 11:15:50 - 模型: ConvNeXt-Tiny (ImageNet预训练)
2026-03-19 11:15:50 - 修改: AdamW + diff lr + warmup cosine + weakaug + WeightedRandomSampler + label smoothing + img320
2026-03-19 11:15:50 - 图像尺寸: train Resize320 + HFlip + RandomAffine + LightColorJitter, test Resize320
2026-03-19 11:15:50 - Batch Size: 8
2026-03-19 11:15:50 - Backbone LR: 5e-05
2026-03-19 11:15:50 - Head LR: 0.0005
2026-03-19 11:15:50 - Weight Decay: 0.05
2026-03-19 11:15:50 - Warmup Epochs: 5
2026-03-19 11:15:50 - Min LR Ratio: 0.05
2026-03-19 11:15:50 - Label Smoothing: 0.1
2026-03-19 11:15:50 - Weighted Sampler: True
2026-03-19 11:15:50 - Seed: 42
2026-03-19 11:15:50 - Epochs: 60
2026-03-19 11:15:50 - Grad Clip: 1.0
2026-03-19 11:15:50 - 设备: cuda
2026-03-19 11:15:50 - ============================================================
2026-03-19 11:15:50 - 训练集: 1303 张 (benign=309, no_tumor=994)
2026-03-19 11:15:50 - 测试集: 564 张 (benign=129, no_tumor=435)
2026-03-19 11:15:51 - 模型参数量: 27,821,666
2026-03-19 11:15:51 - 可训练参数量: 27,821,666
2026-03-19 11:15:51 - 类别权重: benign=2.1084, no_tumor=0.6554
2026-03-19 11:15:51 - 损失函数: CrossEntropyLoss(label_smoothing=0.1)
2026-03-19 11:15:51 - 
============================================================
2026-03-19 11:15:51 - 开始训练
2026-03-19 11:15:51 - ============================================================
2026-03-19 11:15:59 - Epoch [1/60] LR(backbone/head): 1.000000e-05/1.000000e-04 | WarmupCosineFactor: 0.2000 | Loss: 0.6614 | Train Acc: 0.6094 | Time: 7.5s
2026-03-19 11:16:05 - Epoch [2/60] LR(backbone/head): 2.000000e-05/2.000000e-04 | WarmupCosineFactor: 0.4000 | Loss: 0.5909 | Train Acc: 0.7160 | Time: 6.3s
2026-03-19 11:16:12 - Epoch [3/60] LR(backbone/head): 3.000000e-05/3.000000e-04 | WarmupCosineFactor: 0.6000 | Loss: 0.5123 | Train Acc: 0.7866 | Time: 6.7s
2026-03-19 11:16:12 - ----------------------------------------
2026-03-19 11:16:13 - [Test] Acc: 0.4911 | Precision(macro): 0.5143 | Recall(macro): 0.5202 | F1(macro): 0.4630
2026-03-19 11:16:13 - [Test] Classification Report:
              precision    recall  f1-score   support

      benign     0.2418    0.5736    0.3402       129
    no_tumor     0.7868    0.4667    0.5859       435

    accuracy                         0.4911       564
   macro avg     0.5143    0.5202    0.4630       564
weighted avg     0.6622    0.4911    0.5297       564

2026-03-19 11:16:13 - *** 保存最优模型 (F1: 0.4630, Epoch: 3) ***
2026-03-19 11:16:13 - ----------------------------------------
2026-03-19 11:16:20 - Epoch [4/60] LR(backbone/head): 4.000000e-05/4.000000e-04 | WarmupCosineFactor: 0.8000 | Loss: 0.4456 | Train Acc: 0.8442 | Time: 6.2s
2026-03-19 11:16:26 - Epoch [5/60] LR(backbone/head): 5.000000e-05/5.000000e-04 | WarmupCosineFactor: 1.0000 | Loss: 0.3851 | Train Acc: 0.8833 | Time: 6.2s
2026-03-19 11:16:32 - Epoch [6/60] LR(backbone/head): 4.996127e-05/4.996127e-04 | WarmupCosineFactor: 0.9992 | Loss: 0.3304 | Train Acc: 0.9263 | Time: 6.5s
2026-03-19 11:16:32 - ----------------------------------------
2026-03-19 11:16:34 - [Test] Acc: 0.7606 | Precision(macro): 0.6373 | Recall(macro): 0.5967 | F1(macro): 0.6065
2026-03-19 11:16:34 - [Test] Classification Report:
              precision    recall  f1-score   support

      benign     0.4634    0.2946    0.3602       129
    no_tumor     0.8112    0.8989    0.8528       435

    accuracy                         0.7606       564
   macro avg     0.6373    0.5967    0.6065       564
weighted avg     0.7317    0.7606    0.7401       564

2026-03-19 11:16:34 - *** 保存最优模型 (F1: 0.6065, Epoch: 6) ***
2026-03-19 11:16:34 - ----------------------------------------
2026-03-19 11:16:40 - Epoch [7/60] LR(backbone/head): 4.984519e-05/4.984519e-04 | WarmupCosineFactor: 0.9969 | Loss: 0.3083 | Train Acc: 0.9432 | Time: 6.3s
2026-03-19 11:16:47 - Epoch [8/60] LR(backbone/head): 4.965215e-05/4.965215e-04 | WarmupCosineFactor: 0.9930 | Loss: 0.2814 | Train Acc: 0.9601 | Time: 6.3s
2026-03-19 11:16:53 - Epoch [9/60] LR(backbone/head): 4.938278e-05/4.938278e-04 | WarmupCosineFactor: 0.9877 | Loss: 0.2720 | Train Acc: 0.9670 | Time: 6.6s
2026-03-19 11:16:53 - ----------------------------------------
2026-03-19 11:16:55 - [Test] Acc: 0.7713 | Precision(macro): 0.6581 | Recall(macro): 0.6091 | F1(macro): 0.6212
2026-03-19 11:16:55 - [Test] Classification Report:
              precision    recall  f1-score   support

      benign     0.5000    0.3101    0.3828       129
    no_tumor     0.8161    0.9080    0.8596       435

    accuracy                         0.7713       564
   macro avg     0.6581    0.6091    0.6212       564
weighted avg     0.7438    0.7713    0.7506       564

2026-03-19 11:16:55 - *** 保存最优模型 (F1: 0.6212, Epoch: 9) ***
2026-03-19 11:16:55 - ----------------------------------------
2026-03-19 11:17:01 - Epoch [10/60] LR(backbone/head): 4.903796e-05/4.903796e-04 | WarmupCosineFactor: 0.9808 | Loss: 0.2634 | Train Acc: 0.9724 | Time: 6.2s
2026-03-19 11:17:07 - Epoch [11/60] LR(backbone/head): 4.861880e-05/4.861880e-04 | WarmupCosineFactor: 0.9724 | Loss: 0.2378 | Train Acc: 0.9908 | Time: 6.3s
2026-03-19 11:17:14 - Epoch [12/60] LR(backbone/head): 4.812669e-05/4.812669e-04 | WarmupCosineFactor: 0.9625 | Loss: 0.2355 | Train Acc: 0.9831 | Time: 6.7s
2026-03-19 11:17:14 - ----------------------------------------
2026-03-19 11:17:15 - [Test] Acc: 0.6844 | Precision(macro): 0.5744 | Recall(macro): 0.5827 | F1(macro): 0.5772
2026-03-19 11:17:15 - [Test] Classification Report:
              precision    recall  f1-score   support

      benign     0.3377    0.3953    0.3643       129
    no_tumor     0.8111    0.7701    0.7901       435

    accuracy                         0.6844       564
   macro avg     0.5744    0.5827    0.5772       564
weighted avg     0.7029    0.6844    0.6927       564

2026-03-19 11:17:15 - ----------------------------------------
2026-03-19 11:17:22 - Epoch [13/60] LR(backbone/head): 4.756321e-05/4.756321e-04 | WarmupCosineFactor: 0.9513 | Loss: 0.2465 | Train Acc: 0.9708 | Time: 6.3s
2026-03-19 11:17:28 - Epoch [14/60] LR(backbone/head): 4.693022e-05/4.693022e-04 | WarmupCosineFactor: 0.9386 | Loss: 0.2258 | Train Acc: 0.9877 | Time: 6.3s
2026-03-19 11:17:34 - Epoch [15/60] LR(backbone/head): 4.622977e-05/4.622977e-04 | WarmupCosineFactor: 0.9246 | Loss: 0.2194 | Train Acc: 0.9870 | Time: 6.2s
2026-03-19 11:17:34 - ----------------------------------------
2026-03-19 11:17:36 - [Test] Acc: 0.7181 | Precision(macro): 0.6092 | Recall(macro): 0.6155 | F1(macro): 0.6119
2026-03-19 11:17:36 - [Test] Classification Report:
              precision    recall  f1-score   support

      benign     0.3929    0.4264    0.4089       129
    no_tumor     0.8255    0.8046    0.8149       435

    accuracy                         0.7181       564
   macro avg     0.6092    0.6155    0.6119       564
weighted avg     0.7265    0.7181    0.7220       564

2026-03-19 11:17:36 - ----------------------------------------
2026-03-19 11:17:42 - Epoch [16/60] LR(backbone/head): 4.546415e-05/4.546415e-04 | WarmupCosineFactor: 0.9093 | Loss: 0.2191 | Train Acc: 0.9885 | Time: 6.2s
2026-03-19 11:17:48 - Epoch [17/60] LR(backbone/head): 4.463586e-05/4.463586e-04 | WarmupCosineFactor: 0.8927 | Loss: 0.2122 | Train Acc: 0.9931 | Time: 6.3s
2026-03-19 11:17:54 - Epoch [18/60] LR(backbone/head): 4.374760e-05/4.374760e-04 | WarmupCosineFactor: 0.8750 | Loss: 0.2161 | Train Acc: 0.9916 | Time: 6.2s
2026-03-19 11:17:54 - ----------------------------------------
2026-03-19 11:17:56 - [Test] Acc: 0.7518 | Precision(macro): 0.6230 | Recall(macro): 0.5910 | F1(macro): 0.5992
2026-03-19 11:17:56 - [Test] Classification Report:
              precision    recall  f1-score   support

      benign     0.4368    0.2946    0.3519       129
    no_tumor     0.8092    0.8874    0.8465       435

    accuracy                         0.7518       564
   macro avg     0.6230    0.5910    0.5992       564
weighted avg     0.7240    0.7518    0.7334       564

2026-03-19 11:17:56 - ----------------------------------------
2026-03-19 11:18:02 - Epoch [19/60] LR(backbone/head): 4.280227e-05/4.280227e-04 | WarmupCosineFactor: 0.8560 | Loss: 0.2094 | Train Acc: 0.9923 | Time: 6.4s
2026-03-19 11:18:09 - Epoch [20/60] LR(backbone/head): 4.180294e-05/4.180294e-04 | WarmupCosineFactor: 0.8361 | Loss: 0.2131 | Train Acc: 0.9916 | Time: 6.2s
2026-03-19 11:18:15 - Epoch [21/60] LR(backbone/head): 4.075289e-05/4.075289e-04 | WarmupCosineFactor: 0.8151 | Loss: 0.2075 | Train Acc: 0.9954 | Time: 6.3s
2026-03-19 11:18:15 - ----------------------------------------
2026-03-19 11:18:17 - [Test] Acc: 0.7092 | Precision(macro): 0.5948 | Recall(macro): 0.5988 | F1(macro): 0.5966
2026-03-19 11:18:17 - [Test] Classification Report:
              precision    recall  f1-score   support

      benign     0.3723    0.3953    0.3835       129
    no_tumor     0.8173    0.8023    0.8097       435

    accuracy                         0.7092       564
   macro avg     0.5948    0.5988    0.5966       564
weighted avg     0.7155    0.7092    0.7122       564

2026-03-19 11:18:17 - ----------------------------------------
2026-03-19 11:18:23 - Epoch [22/60] LR(backbone/head): 3.965553e-05/3.965553e-04 | WarmupCosineFactor: 0.7931 | Loss: 0.2123 | Train Acc: 0.9939 | Time: 6.5s
2026-03-19 11:18:30 - Epoch [23/60] LR(backbone/head): 3.851444e-05/3.851444e-04 | WarmupCosineFactor: 0.7703 | Loss: 0.2069 | Train Acc: 0.9969 | Time: 6.3s
2026-03-19 11:18:36 - Epoch [24/60] LR(backbone/head): 3.733335e-05/3.733335e-04 | WarmupCosineFactor: 0.7467 | Loss: 0.2104 | Train Acc: 0.9931 | Time: 6.3s
2026-03-19 11:18:36 - ----------------------------------------
2026-03-19 11:18:38 - [Test] Acc: 0.7482 | Precision(macro): 0.6260 | Recall(macro): 0.6050 | F1(macro): 0.6122
2026-03-19 11:18:38 - [Test] Classification Report:
              precision    recall  f1-score   support

      benign     0.4356    0.3411    0.3826       129
    no_tumor     0.8164    0.8690    0.8419       435

    accuracy                         0.7482       564
   macro avg     0.6260    0.6050    0.6122       564
weighted avg     0.7293    0.7482    0.7368       564

2026-03-19 11:18:38 - ----------------------------------------
2026-03-19 11:18:44 - Epoch [25/60] LR(backbone/head): 3.611611e-05/3.611611e-04 | WarmupCosineFactor: 0.7223 | Loss: 0.2155 | Train Acc: 0.9931 | Time: 6.5s
2026-03-19 11:18:51 - Epoch [26/60] LR(backbone/head): 3.486668e-05/3.486668e-04 | WarmupCosineFactor: 0.6973 | Loss: 0.2074 | Train Acc: 0.9946 | Time: 6.6s
2026-03-19 11:18:57 - Epoch [27/60] LR(backbone/head): 3.358915e-05/3.358915e-04 | WarmupCosineFactor: 0.6718 | Loss: 0.2040 | Train Acc: 0.9962 | Time: 6.2s
2026-03-19 11:18:57 - ----------------------------------------
2026-03-19 11:18:58 - [Test] Acc: 0.7447 | Precision(macro): 0.6171 | Recall(macro): 0.5945 | F1(macro): 0.6016
2026-03-19 11:18:58 - [Test] Classification Report:
              precision    recall  f1-score   support

      benign     0.4227    0.3178    0.3628       129
    no_tumor     0.8116    0.8713    0.8404       435

    accuracy                         0.7447       564
   macro avg     0.6171    0.5945    0.6016       564
weighted avg     0.7226    0.7447    0.7311       564

2026-03-19 11:18:58 - ----------------------------------------
2026-03-19 11:19:05 - Epoch [28/60] LR(backbone/head): 3.228769e-05/3.228769e-04 | WarmupCosineFactor: 0.6458 | Loss: 0.2075 | Train Acc: 0.9946 | Time: 6.2s
2026-03-19 11:19:11 - Epoch [29/60] LR(backbone/head): 3.096652e-05/3.096652e-04 | WarmupCosineFactor: 0.6193 | Loss: 0.2067 | Train Acc: 0.9946 | Time: 6.8s
2026-03-19 11:19:18 - Epoch [30/60] LR(backbone/head): 2.962998e-05/2.962998e-04 | WarmupCosineFactor: 0.5926 | Loss: 0.2048 | Train Acc: 0.9977 | Time: 6.8s
2026-03-19 11:19:18 - ----------------------------------------
2026-03-19 11:19:19 - [Test] Acc: 0.7606 | Precision(macro): 0.6436 | Recall(macro): 0.6131 | F1(macro): 0.6227
2026-03-19 11:19:19 - [Test] Classification Report:
              precision    recall  f1-score   support

      benign     0.4681    0.3411    0.3946       129
    no_tumor     0.8191    0.8851    0.8508       435

    accuracy                         0.7606       564
   macro avg     0.6436    0.6131    0.6227       564
weighted avg     0.7389    0.7606    0.7465       564

2026-03-19 11:19:20 - *** 保存最优模型 (F1: 0.6227, Epoch: 30) ***
2026-03-19 11:19:20 - ----------------------------------------
2026-03-19 11:19:27 - Epoch [31/60] LR(backbone/head): 2.828241e-05/2.828241e-04 | WarmupCosineFactor: 0.5656 | Loss: 0.2034 | Train Acc: 0.9969 | Time: 6.7s
2026-03-19 11:19:33 - Epoch [32/60] LR(backbone/head): 2.692821e-05/2.692821e-04 | WarmupCosineFactor: 0.5386 | Loss: 0.2040 | Train Acc: 0.9977 | Time: 6.2s
2026-03-19 11:19:39 - Epoch [33/60] LR(backbone/head): 2.557179e-05/2.557179e-04 | WarmupCosineFactor: 0.5114 | Loss: 0.2065 | Train Acc: 0.9962 | Time: 6.3s
2026-03-19 11:19:39 - ----------------------------------------
2026-03-19 11:19:41 - [Test] Acc: 0.7270 | Precision(macro): 0.6053 | Recall(macro): 0.5994 | F1(macro): 0.6020
2026-03-19 11:19:41 - [Test] Classification Report:
              precision    recall  f1-score   support

      benign     0.3950    0.3643    0.3790       129
    no_tumor     0.8157    0.8345    0.8250       435

    accuracy                         0.7270       564
   macro avg     0.6053    0.5994    0.6020       564
weighted avg     0.7195    0.7270    0.7230       564

2026-03-19 11:19:41 - ----------------------------------------
2026-03-19 11:19:47 - Epoch [34/60] LR(backbone/head): 2.421759e-05/2.421759e-04 | WarmupCosineFactor: 0.4844 | Loss: 0.2048 | Train Acc: 0.9977 | Time: 6.4s
2026-03-19 11:19:54 - Epoch [35/60] LR(backbone/head): 2.287002e-05/2.287002e-04 | WarmupCosineFactor: 0.4574 | Loss: 0.2027 | Train Acc: 0.9969 | Time: 6.3s
2026-03-19 11:20:00 - Epoch [36/60] LR(backbone/head): 2.153348e-05/2.153348e-04 | WarmupCosineFactor: 0.4307 | Loss: 0.1994 | Train Acc: 1.0000 | Time: 6.3s
2026-03-19 11:20:00 - ----------------------------------------
2026-03-19 11:20:02 - [Test] Acc: 0.7110 | Precision(macro): 0.5980 | Recall(macro): 0.6027 | F1(macro): 0.6001
2026-03-19 11:20:02 - [Test] Classification Report:
              precision    recall  f1-score   support

      benign     0.3768    0.4031    0.3895       129
    no_tumor     0.8192    0.8023    0.8107       435

    accuracy                         0.7110       564
   macro avg     0.5980    0.6027    0.6001       564
weighted avg     0.7181    0.7110    0.7144       564

2026-03-19 11:20:02 - ----------------------------------------
2026-03-19 11:20:08 - Epoch [37/60] LR(backbone/head): 2.021231e-05/2.021231e-04 | WarmupCosineFactor: 0.4042 | Loss: 0.2071 | Train Acc: 0.9962 | Time: 6.4s
2026-03-19 11:20:14 - Epoch [38/60] LR(backbone/head): 1.891085e-05/1.891085e-04 | WarmupCosineFactor: 0.3782 | Loss: 0.2058 | Train Acc: 0.9962 | Time: 6.4s
2026-03-19 11:20:21 - Epoch [39/60] LR(backbone/head): 1.763332e-05/1.763332e-04 | WarmupCosineFactor: 0.3527 | Loss: 0.2025 | Train Acc: 0.9985 | Time: 6.3s
2026-03-19 11:20:21 - ----------------------------------------
2026-03-19 11:20:22 - [Test] Acc: 0.7482 | Precision(macro): 0.6312 | Recall(macro): 0.6159 | F1(macro): 0.6219
2026-03-19 11:20:22 - [Test] Classification Report:
              precision    recall  f1-score   support

      benign     0.4404    0.3721    0.4034       129
    no_tumor     0.8220    0.8598    0.8404       435

    accuracy                         0.7482       564
   macro avg     0.6312    0.6159    0.6219       564
weighted avg     0.7347    0.7482    0.7405       564

2026-03-19 11:20:22 - ----------------------------------------
2026-03-19 11:20:29 - Epoch [40/60] LR(backbone/head): 1.638389e-05/1.638389e-04 | WarmupCosineFactor: 0.3277 | Loss: 0.2006 | Train Acc: 0.9992 | Time: 6.4s
2026-03-19 11:20:35 - Epoch [41/60] LR(backbone/head): 1.516665e-05/1.516665e-04 | WarmupCosineFactor: 0.3033 | Loss: 0.2031 | Train Acc: 0.9985 | Time: 6.3s
2026-03-19 11:20:41 - Epoch [42/60] LR(backbone/head): 1.398556e-05/1.398556e-04 | WarmupCosineFactor: 0.2797 | Loss: 0.1999 | Train Acc: 0.9992 | Time: 6.2s
2026-03-19 11:20:41 - ----------------------------------------
2026-03-19 11:20:43 - [Test] Acc: 0.7553 | Precision(macro): 0.6358 | Recall(macro): 0.6096 | F1(macro): 0.6182
2026-03-19 11:20:43 - [Test] Classification Report:
              precision    recall  f1-score   support

      benign     0.4536    0.3411    0.3894       129
    no_tumor     0.8180    0.8782    0.8470       435

    accuracy                         0.7553       564
   macro avg     0.6358    0.6096    0.6182       564
weighted avg     0.7346    0.7553    0.7423       564

2026-03-19 11:20:43 - ----------------------------------------
2026-03-19 11:20:49 - Epoch [43/60] LR(backbone/head): 1.284447e-05/1.284447e-04 | WarmupCosineFactor: 0.2569 | Loss: 0.2047 | Train Acc: 0.9969 | Time: 6.5s
2026-03-19 11:20:56 - Epoch [44/60] LR(backbone/head): 1.174711e-05/1.174711e-04 | WarmupCosineFactor: 0.2349 | Loss: 0.2015 | Train Acc: 0.9985 | Time: 6.6s
2026-03-19 11:21:02 - Epoch [45/60] LR(backbone/head): 1.069706e-05/1.069706e-04 | WarmupCosineFactor: 0.2139 | Loss: 0.2021 | Train Acc: 0.9985 | Time: 6.2s
2026-03-19 11:21:02 - ----------------------------------------
2026-03-19 11:21:04 - [Test] Acc: 0.7766 | Precision(macro): 0.6680 | Recall(macro): 0.6098 | F1(macro): 0.6230
2026-03-19 11:21:04 - [Test] Classification Report:
              precision    recall  f1-score   support

      benign     0.5200    0.3023    0.3824       129
    no_tumor     0.8160    0.9172    0.8636       435

    accuracy                         0.7766       564
   macro avg     0.6680    0.6098    0.6230       564
weighted avg     0.7483    0.7766    0.7536       564

2026-03-19 11:21:04 - *** 保存最优模型 (F1: 0.6230, Epoch: 45) ***
2026-03-19 11:21:04 - ----------------------------------------
2026-03-19 11:21:11 - Epoch [46/60] LR(backbone/head): 9.697733e-06/9.697733e-05 | WarmupCosineFactor: 0.1940 | Loss: 0.1989 | Train Acc: 1.0000 | Time: 6.3s
2026-03-19 11:21:17 - Epoch [47/60] LR(backbone/head): 8.752398e-06/8.752398e-05 | WarmupCosineFactor: 0.1750 | Loss: 0.1988 | Train Acc: 1.0000 | Time: 6.3s
2026-03-19 11:21:24 - Epoch [48/60] LR(backbone/head): 7.864137e-06/7.864137e-05 | WarmupCosineFactor: 0.1573 | Loss: 0.2024 | Train Acc: 0.9985 | Time: 6.7s
2026-03-19 11:21:24 - ----------------------------------------
2026-03-19 11:21:25 - [Test] Acc: 0.7535 | Precision(macro): 0.6368 | Recall(macro): 0.6167 | F1(macro): 0.6241
2026-03-19 11:21:25 - [Test] Classification Report:
              precision    recall  f1-score   support

      benign     0.4519    0.3643    0.4034       129
    no_tumor     0.8217    0.8690    0.8447       435

    accuracy                         0.7535       564
   macro avg     0.6368    0.6167    0.6241       564
weighted avg     0.7372    0.7535    0.7438       564

2026-03-19 11:21:26 - *** 保存最优模型 (F1: 0.6241, Epoch: 48) ***
2026-03-19 11:21:26 - ----------------------------------------
2026-03-19 11:21:32 - Epoch [49/60] LR(backbone/head): 7.035846e-06/7.035846e-05 | WarmupCosineFactor: 0.1407 | Loss: 0.1996 | Train Acc: 0.9992 | Time: 6.3s
2026-03-19 11:21:38 - Epoch [50/60] LR(backbone/head): 6.270229e-06/6.270229e-05 | WarmupCosineFactor: 0.1254 | Loss: 0.2024 | Train Acc: 0.9977 | Time: 6.3s
2026-03-19 11:21:45 - Epoch [51/60] LR(backbone/head): 5.569781e-06/5.569781e-05 | WarmupCosineFactor: 0.1114 | Loss: 0.1992 | Train Acc: 1.0000 | Time: 6.5s
2026-03-19 11:21:45 - ----------------------------------------
2026-03-19 11:21:46 - [Test] Acc: 0.7730 | Precision(macro): 0.6632 | Recall(macro): 0.6184 | F1(macro): 0.6309
2026-03-19 11:21:46 - [Test] Classification Report:
              precision    recall  f1-score   support

      benign     0.5059    0.3333    0.4019       129
    no_tumor     0.8205    0.9034    0.8600       435

    accuracy                         0.7730       564
   macro avg     0.6632    0.6184    0.6309       564
weighted avg     0.7485    0.7730    0.7552       564

2026-03-19 11:21:46 - *** 保存最优模型 (F1: 0.6309, Epoch: 51) ***
2026-03-19 11:21:46 - ----------------------------------------
2026-03-19 11:21:53 - Epoch [52/60] LR(backbone/head): 4.936787e-06/4.936787e-05 | WarmupCosineFactor: 0.0987 | Loss: 0.1986 | Train Acc: 1.0000 | Time: 6.7s
2026-03-19 11:21:59 - Epoch [53/60] LR(backbone/head): 4.373313e-06/4.373313e-05 | WarmupCosineFactor: 0.0875 | Loss: 0.1987 | Train Acc: 1.0000 | Time: 6.2s
2026-03-19 11:22:06 - Epoch [54/60] LR(backbone/head): 3.881196e-06/3.881196e-05 | WarmupCosineFactor: 0.0776 | Loss: 0.1987 | Train Acc: 1.0000 | Time: 6.2s
2026-03-19 11:22:06 - ----------------------------------------
2026-03-19 11:22:07 - [Test] Acc: 0.7660 | Precision(macro): 0.6545 | Recall(macro): 0.6247 | F1(macro): 0.6348
2026-03-19 11:22:07 - [Test] Classification Report:
              precision    recall  f1-score   support

      benign     0.4845    0.3643    0.4159       129
    no_tumor     0.8244    0.8851    0.8537       435

    accuracy                         0.7660       564
   macro avg     0.6545    0.6247    0.6348       564
weighted avg     0.7467    0.7660    0.7535       564

2026-03-19 11:22:08 - *** 保存最优模型 (F1: 0.6348, Epoch: 54) ***
2026-03-19 11:22:08 - ----------------------------------------
2026-03-19 11:22:14 - Epoch [55/60] LR(backbone/head): 3.462042e-06/3.462042e-05 | WarmupCosineFactor: 0.0692 | Loss: 0.1987 | Train Acc: 1.0000 | Time: 6.2s
2026-03-19 11:22:20 - Epoch [56/60] LR(backbone/head): 3.117217e-06/3.117217e-05 | WarmupCosineFactor: 0.0623 | Loss: 0.2019 | Train Acc: 0.9985 | Time: 6.2s
2026-03-19 11:22:27 - Epoch [57/60] LR(backbone/head): 2.847846e-06/2.847846e-05 | WarmupCosineFactor: 0.0570 | Loss: 0.1989 | Train Acc: 1.0000 | Time: 6.5s
2026-03-19 11:22:27 - ----------------------------------------
2026-03-19 11:22:28 - [Test] Acc: 0.7837 | Precision(macro): 0.6834 | Recall(macro): 0.6198 | F1(macro): 0.6350
2026-03-19 11:22:28 - [Test] Classification Report:
              precision    recall  f1-score   support

      benign     0.5467    0.3178    0.4020       129
    no_tumor     0.8200    0.9218    0.8680       435

    accuracy                         0.7837       564
   macro avg     0.6834    0.6198    0.6350       564
weighted avg     0.7575    0.7837    0.7614       564

2026-03-19 11:22:29 - *** 保存最优模型 (F1: 0.6350, Epoch: 57) ***
2026-03-19 11:22:29 - ----------------------------------------
2026-03-19 11:22:35 - Epoch [58/60] LR(backbone/head): 2.654809e-06/2.654809e-05 | WarmupCosineFactor: 0.0531 | Loss: 0.2011 | Train Acc: 0.9985 | Time: 6.3s
2026-03-19 11:22:42 - Epoch [59/60] LR(backbone/head): 2.538734e-06/2.538734e-05 | WarmupCosineFactor: 0.0508 | Loss: 0.2001 | Train Acc: 0.9992 | Time: 6.2s
2026-03-19 11:22:48 - Epoch [60/60] LR(backbone/head): 2.500000e-06/2.500000e-05 | WarmupCosineFactor: 0.0500 | Loss: 0.2004 | Train Acc: 0.9992 | Time: 6.6s
2026-03-19 11:22:48 - ----------------------------------------
2026-03-19 11:22:50 - [Test] Acc: 0.7624 | Precision(macro): 0.6463 | Recall(macro): 0.6142 | F1(macro): 0.6242
2026-03-19 11:22:50 - [Test] Classification Report:
              precision    recall  f1-score   support

      benign     0.4731    0.3411    0.3964       129
    no_tumor     0.8195    0.8874    0.8521       435

    accuracy                         0.7624       564
   macro avg     0.6463    0.6142    0.6242       564
weighted avg     0.7403    0.7624    0.7479       564

2026-03-19 11:22:50 - ----------------------------------------
2026-03-19 11:22:50 - 
============================================================
2026-03-19 11:22:50 - 训练完成! 最优模型: Epoch 57, F1: 0.6350
2026-03-19 11:22:50 - ============================================================
2026-03-19 11:22:50 - 
加载最优权重进行最终测试...
2026-03-19 11:22:50 - ============================================================
2026-03-19 11:22:50 - 最终测试结果 (最优权重)
2026-03-19 11:22:50 - ============================================================
2026-03-19 11:22:51 - [Final Test] Acc: 0.7837 | Precision(macro): 0.6834 | Recall(macro): 0.6198 | F1(macro): 0.6350
2026-03-19 11:22:51 - [Final Test] Classification Report:
              precision    recall  f1-score   support

      benign     0.5467    0.3178    0.4020       129
    no_tumor     0.8200    0.9218    0.8680       435

    accuracy                         0.7837       564
   macro avg     0.6834    0.6198    0.6350       564
weighted avg     0.7575    0.7837    0.7614       564

2026-03-19 11:22:51 - 训练脚本已复制到: /data1/ouyangxinglong/GBP-Cascade/logs/20260319_task2_ConvNeXtTiny_adamw_warmupcosine_weightedsampler_img320_4/20260319_task2_ConvNeXtTiny_adamw_warmupcosine_weightedsampler_img320_4.py
