2026-04-06 13:50:07 - ======================================================================
2026-04-06 13:50:07 - 实验: 20260406_task2_SwinV2Tiny_segcls_14
2026-04-06 13:50:07 - 模型: SwinV2-Tiny@256 + 4ch + SegAttn + ExtMeta(18D) + 5Fold + TTA
2026-04-06 13:50:07 - 修改: 5-Fold CV + EarlyStopping(patience=8) + EMA(0.9995) + 18D ExtMeta + TTA(5views) + 集成推理
2026-04-06 13:50:07 - K-Fold: 5 folds
2026-04-06 13:50:07 - 每 fold: 30 epochs, patience=8
2026-04-06 13:50:07 - EMA decay: 0.9995
2026-04-06 13:50:07 - ======================================================================
2026-04-06 13:50:37 - 训练集: 1229 张
2026-04-06 13:50:37 - 测试集: 523 张
2026-04-06 13:50:37 - 
======================================================================
2026-04-06 13:50:37 - Fold 1/5
2026-04-06 13:50:37 - ======================================================================
2026-04-06 13:50:37 - Fold 1: Train=983, Val=246
2026-04-06 13:51:20 -   Fold1 Epoch [1/30] Loss: 2.1527 | Acc: 0.3801 | Dice: 0.7078 | 21.0s
2026-04-06 13:51:22 - [Fold1 Val(EMA)] Cls — Acc: 0.2520 | P(macro): 0.1260 | R(macro): 0.5000 | F1(macro): 0.2013
2026-04-06 13:51:22 - [Fold1 Val(EMA)] Seg — Lesion IoU: 0.0040 | Lesion Dice: 0.0079
2026-04-06 13:51:22 - [Fold1 Val(EMA)] Classification Report:
              precision    recall  f1-score   support

      benign     0.2520    1.0000    0.4026        62
    no_tumor     0.0000    0.0000    0.0000       184

    accuracy                         0.2520       246
   macro avg     0.1260    0.5000    0.2013       246
weighted avg     0.0635    0.2520    0.1015       246

2026-04-06 13:51:24 -   *** Fold1 Best: F1=0.2013 @ Epoch 1 ***
2026-04-06 13:51:41 -   Fold1 Epoch [2/30] Loss: 1.7132 | Acc: 0.6270 | Dice: 0.9413 | 17.0s
2026-04-06 13:51:42 - [Fold1 Val(EMA)] Cls — Acc: 0.2520 | P(macro): 0.1260 | R(macro): 0.5000 | F1(macro): 0.2013
2026-04-06 13:51:42 - [Fold1 Val(EMA)] Seg — Lesion IoU: 0.0040 | Lesion Dice: 0.0080
2026-04-06 13:51:42 - [Fold1 Val(EMA)] Classification Report:
              precision    recall  f1-score   support

      benign     0.2520    1.0000    0.4026        62
    no_tumor     0.0000    0.0000    0.0000       184

    accuracy                         0.2520       246
   macro avg     0.1260    0.5000    0.2013       246
weighted avg     0.0635    0.2520    0.1015       246

2026-04-06 13:51:59 -   Fold1 Epoch [3/30] Loss: 1.5926 | Acc: 0.6352 | Dice: 0.9600 | 16.6s
2026-04-06 13:52:02 - [Fold1 Val(EMA)] Cls — Acc: 0.2520 | P(macro): 0.1260 | R(macro): 0.5000 | F1(macro): 0.2013
2026-04-06 13:52:02 - [Fold1 Val(EMA)] Seg — Lesion IoU: 0.0040 | Lesion Dice: 0.0080
2026-04-06 13:52:02 - [Fold1 Val(EMA)] Classification Report:
              precision    recall  f1-score   support

      benign     0.2520    1.0000    0.4026        62
    no_tumor     0.0000    0.0000    0.0000       184

    accuracy                         0.2520       246
   macro avg     0.1260    0.5000    0.2013       246
weighted avg     0.0635    0.2520    0.1015       246

2026-04-06 13:52:19 -   Fold1 Epoch [4/30] Loss: 1.5000 | Acc: 0.6639 | Dice: 0.9678 | 17.7s
2026-04-06 13:52:22 - [Fold1 Val(EMA)] Cls — Acc: 0.2520 | P(macro): 0.1260 | R(macro): 0.5000 | F1(macro): 0.2013
2026-04-06 13:52:22 - [Fold1 Val(EMA)] Seg — Lesion IoU: 0.0040 | Lesion Dice: 0.0080
2026-04-06 13:52:22 - [Fold1 Val(EMA)] Classification Report:
              precision    recall  f1-score   support

      benign     0.2520    1.0000    0.4026        62
    no_tumor     0.0000    0.0000    0.0000       184

    accuracy                         0.2520       246
   macro avg     0.1260    0.5000    0.2013       246
weighted avg     0.0635    0.2520    0.1015       246

2026-04-06 13:52:40 -   Fold1 Epoch [5/30] Loss: 1.4409 | Acc: 0.6947 | Dice: 0.9736 | 18.0s
2026-04-06 13:52:41 - [Fold1 Val(EMA)] Cls — Acc: 0.2520 | P(macro): 0.1260 | R(macro): 0.5000 | F1(macro): 0.2013
2026-04-06 13:52:41 - [Fold1 Val(EMA)] Seg — Lesion IoU: 0.0040 | Lesion Dice: 0.0081
2026-04-06 13:52:42 - [Fold1 Val(EMA)] Classification Report:
              precision    recall  f1-score   support

      benign     0.2520    1.0000    0.4026        62
    no_tumor     0.0000    0.0000    0.0000       184

    accuracy                         0.2520       246
   macro avg     0.1260    0.5000    0.2013       246
weighted avg     0.0635    0.2520    0.1015       246

2026-04-06 13:52:59 -   Fold1 Epoch [6/30] Loss: 1.3721 | Acc: 0.7059 | Dice: 0.9762 | 17.6s
2026-04-06 13:53:02 - [Fold1 Val(EMA)] Cls — Acc: 0.2520 | P(macro): 0.1260 | R(macro): 0.5000 | F1(macro): 0.2013
2026-04-06 13:53:02 - [Fold1 Val(EMA)] Seg — Lesion IoU: 0.0041 | Lesion Dice: 0.0081
2026-04-06 13:53:02 - [Fold1 Val(EMA)] Classification Report:
              precision    recall  f1-score   support

      benign     0.2520    1.0000    0.4026        62
    no_tumor     0.0000    0.0000    0.0000       184

    accuracy                         0.2520       246
   macro avg     0.1260    0.5000    0.2013       246
weighted avg     0.0635    0.2520    0.1015       246

2026-04-06 13:53:19 -   Fold1 Epoch [7/30] Loss: 1.3804 | Acc: 0.7039 | Dice: 0.9800 | 17.1s
2026-04-06 13:53:22 - [Fold1 Val(EMA)] Cls — Acc: 0.2520 | P(macro): 0.1260 | R(macro): 0.5000 | F1(macro): 0.2013
2026-04-06 13:53:22 - [Fold1 Val(EMA)] Seg — Lesion IoU: 0.0041 | Lesion Dice: 0.0081
2026-04-06 13:53:22 - [Fold1 Val(EMA)] Classification Report:
              precision    recall  f1-score   support

      benign     0.2520    1.0000    0.4026        62
    no_tumor     0.0000    0.0000    0.0000       184

    accuracy                         0.2520       246
   macro avg     0.1260    0.5000    0.2013       246
weighted avg     0.0635    0.2520    0.1015       246

2026-04-06 13:53:39 -   Fold1 Epoch [8/30] Loss: 1.2975 | Acc: 0.7090 | Dice: 0.9824 | 17.6s
2026-04-06 13:53:41 - [Fold1 Val(EMA)] Cls — Acc: 0.2520 | P(macro): 0.1260 | R(macro): 0.5000 | F1(macro): 0.2013
2026-04-06 13:53:41 - [Fold1 Val(EMA)] Seg — Lesion IoU: 0.0041 | Lesion Dice: 0.0082
2026-04-06 13:53:41 - [Fold1 Val(EMA)] Classification Report:
              precision    recall  f1-score   support

      benign     0.2520    1.0000    0.4026        62
    no_tumor     0.0000    0.0000    0.0000       184

    accuracy                         0.2520       246
   macro avg     0.1260    0.5000    0.2013       246
weighted avg     0.0635    0.2520    0.1015       246

2026-04-06 13:53:56 -   Fold1 Epoch [9/30] Loss: 1.2609 | Acc: 0.7480 | Dice: 0.9833 | 15.6s
2026-04-06 13:53:58 - [Fold1 Val(EMA)] Cls — Acc: 0.2520 | P(macro): 0.1260 | R(macro): 0.5000 | F1(macro): 0.2013
2026-04-06 13:53:58 - [Fold1 Val(EMA)] Seg — Lesion IoU: 0.0041 | Lesion Dice: 0.0082
2026-04-06 13:53:58 - [Fold1 Val(EMA)] Classification Report:
              precision    recall  f1-score   support

      benign     0.2520    1.0000    0.4026        62
    no_tumor     0.0000    0.0000    0.0000       184

    accuracy                         0.2520       246
   macro avg     0.1260    0.5000    0.2013       246
weighted avg     0.0635    0.2520    0.1015       246

2026-04-06 13:53:58 -   Fold1 Early stopping @ Epoch 9
2026-04-06 13:53:58 - 
Fold 1 最优: Epoch 1, Val F1: 0.2013
2026-04-06 13:54:02 - [Fold1 Test] Cls — Acc: 0.2447 | P(macro): 0.1226 | R(macro): 0.4961 | F1(macro): 0.1966
2026-04-06 13:54:02 - [Fold1 Test] Seg — Lesion IoU: 0.0042 | Lesion Dice: 0.0083
2026-04-06 13:54:02 - [Fold1 Test] Classification Report:
              precision    recall  f1-score   support

      benign     0.2452    0.9922    0.3932       129
    no_tumor     0.0000    0.0000    0.0000       394

    accuracy                         0.2447       523
   macro avg     0.1226    0.4961    0.1966       523
weighted avg     0.0605    0.2447    0.0970       523

2026-04-06 13:54:02 -   Fold1 权重已保存: /data1/ouyangxinglong/GBP-Cascade/0406/logs/20260406_task2_SwinV2Tiny_segcls_14/fold1_best.pth
2026-04-06 13:54:02 - 
======================================================================
2026-04-06 13:54:02 - Fold 2/5
2026-04-06 13:54:02 - ======================================================================
2026-04-06 13:54:02 - Fold 2: Train=983, Val=246
2026-04-06 13:54:40 -   Fold2 Epoch [1/30] Loss: 2.0629 | Acc: 0.6332 | Dice: 0.6585 | 16.4s
2026-04-06 13:54:41 - [Fold2 Val(EMA)] Cls — Acc: 0.7480 | P(macro): 0.3740 | R(macro): 0.5000 | F1(macro): 0.4279
2026-04-06 13:54:41 - [Fold2 Val(EMA)] Seg — Lesion IoU: 0.0142 | Lesion Dice: 0.0280
2026-04-06 13:54:41 - [Fold2 Val(EMA)] Classification Report:
              precision    recall  f1-score   support

      benign     0.0000    0.0000    0.0000        62
    no_tumor     0.7480    1.0000    0.8558       184

    accuracy                         0.7480       246
   macro avg     0.3740    0.5000    0.4279       246
weighted avg     0.5595    0.7480    0.6401       246

2026-04-06 13:54:43 -   *** Fold2 Best: F1=0.4279 @ Epoch 1 ***
2026-04-06 13:55:00 -   Fold2 Epoch [2/30] Loss: 1.6109 | Acc: 0.7234 | Dice: 0.9518 | 16.3s
2026-04-06 13:55:02 - [Fold2 Val(EMA)] Cls — Acc: 0.7480 | P(macro): 0.3740 | R(macro): 0.5000 | F1(macro): 0.4279
2026-04-06 13:55:02 - [Fold2 Val(EMA)] Seg — Lesion IoU: 0.0142 | Lesion Dice: 0.0280
2026-04-06 13:55:02 - [Fold2 Val(EMA)] Classification Report:
              precision    recall  f1-score   support

      benign     0.0000    0.0000    0.0000        62
    no_tumor     0.7480    1.0000    0.8558       184

    accuracy                         0.7480       246
   macro avg     0.3740    0.5000    0.4279       246
weighted avg     0.5595    0.7480    0.6401       246

2026-04-06 13:55:18 -   Fold2 Epoch [3/30] Loss: 1.5142 | Acc: 0.5820 | Dice: 0.9671 | 15.7s
2026-04-06 13:55:20 - [Fold2 Val(EMA)] Cls — Acc: 0.7480 | P(macro): 0.3740 | R(macro): 0.5000 | F1(macro): 0.4279
2026-04-06 13:55:20 - [Fold2 Val(EMA)] Seg — Lesion IoU: 0.0142 | Lesion Dice: 0.0280
2026-04-06 13:55:20 - [Fold2 Val(EMA)] Classification Report:
              precision    recall  f1-score   support

      benign     0.0000    0.0000    0.0000        62
    no_tumor     0.7480    1.0000    0.8558       184

    accuracy                         0.7480       246
   macro avg     0.3740    0.5000    0.4279       246
weighted avg     0.5595    0.7480    0.6401       246

2026-04-06 13:55:36 -   Fold2 Epoch [4/30] Loss: 1.4423 | Acc: 0.6824 | Dice: 0.9715 | 15.9s
2026-04-06 13:55:37 - [Fold2 Val(EMA)] Cls — Acc: 0.7480 | P(macro): 0.3740 | R(macro): 0.5000 | F1(macro): 0.4279
2026-04-06 13:55:37 - [Fold2 Val(EMA)] Seg — Lesion IoU: 0.0142 | Lesion Dice: 0.0281
2026-04-06 13:55:37 - [Fold2 Val(EMA)] Classification Report:
              precision    recall  f1-score   support

      benign     0.0000    0.0000    0.0000        62
    no_tumor     0.7480    1.0000    0.8558       184

    accuracy                         0.7480       246
   macro avg     0.3740    0.5000    0.4279       246
weighted avg     0.5595    0.7480    0.6401       246

2026-04-06 13:55:54 -   Fold2 Epoch [5/30] Loss: 1.3918 | Acc: 0.6701 | Dice: 0.9731 | 16.4s
2026-04-06 13:55:55 - [Fold2 Val(EMA)] Cls — Acc: 0.7480 | P(macro): 0.3740 | R(macro): 0.5000 | F1(macro): 0.4279
2026-04-06 13:55:55 - [Fold2 Val(EMA)] Seg — Lesion IoU: 0.0143 | Lesion Dice: 0.0281
2026-04-06 13:55:55 - [Fold2 Val(EMA)] Classification Report:
              precision    recall  f1-score   support

      benign     0.0000    0.0000    0.0000        62
    no_tumor     0.7480    1.0000    0.8558       184

    accuracy                         0.7480       246
   macro avg     0.3740    0.5000    0.4279       246
weighted avg     0.5595    0.7480    0.6401       246

2026-04-06 13:56:11 -   Fold2 Epoch [6/30] Loss: 1.3598 | Acc: 0.7018 | Dice: 0.9722 | 15.8s
2026-04-06 13:56:13 - [Fold2 Val(EMA)] Cls — Acc: 0.7480 | P(macro): 0.3740 | R(macro): 0.5000 | F1(macro): 0.4279
2026-04-06 13:56:13 - [Fold2 Val(EMA)] Seg — Lesion IoU: 0.0143 | Lesion Dice: 0.0281
2026-04-06 13:56:13 - [Fold2 Val(EMA)] Classification Report:
              precision    recall  f1-score   support

      benign     0.0000    0.0000    0.0000        62
    no_tumor     0.7480    1.0000    0.8558       184

    accuracy                         0.7480       246
   macro avg     0.3740    0.5000    0.4279       246
weighted avg     0.5595    0.7480    0.6401       246

2026-04-06 13:56:30 -   Fold2 Epoch [7/30] Loss: 1.2734 | Acc: 0.7264 | Dice: 0.9781 | 16.4s
2026-04-06 13:56:32 - [Fold2 Val(EMA)] Cls — Acc: 0.7480 | P(macro): 0.3740 | R(macro): 0.5000 | F1(macro): 0.4279
2026-04-06 13:56:32 - [Fold2 Val(EMA)] Seg — Lesion IoU: 0.0143 | Lesion Dice: 0.0282
2026-04-06 13:56:32 - [Fold2 Val(EMA)] Classification Report:
              precision    recall  f1-score   support

      benign     0.0000    0.0000    0.0000        62
    no_tumor     0.7480    1.0000    0.8558       184

    accuracy                         0.7480       246
   macro avg     0.3740    0.5000    0.4279       246
weighted avg     0.5595    0.7480    0.6401       246

2026-04-06 13:56:48 -   Fold2 Epoch [8/30] Loss: 1.2843 | Acc: 0.7295 | Dice: 0.9793 | 16.4s
2026-04-06 13:56:51 - [Fold2 Val(EMA)] Cls — Acc: 0.7480 | P(macro): 0.3740 | R(macro): 0.5000 | F1(macro): 0.4279
2026-04-06 13:56:51 - [Fold2 Val(EMA)] Seg — Lesion IoU: 0.0143 | Lesion Dice: 0.0282
2026-04-06 13:56:51 - [Fold2 Val(EMA)] Classification Report:
              precision    recall  f1-score   support

      benign     0.0000    0.0000    0.0000        62
    no_tumor     0.7480    1.0000    0.8558       184

    accuracy                         0.7480       246
   macro avg     0.3740    0.5000    0.4279       246
weighted avg     0.5595    0.7480    0.6401       246

2026-04-06 13:57:07 -   Fold2 Epoch [9/30] Loss: 1.1933 | Acc: 0.7766 | Dice: 0.9823 | 16.2s
2026-04-06 13:57:09 - [Fold2 Val(EMA)] Cls — Acc: 0.7480 | P(macro): 0.3740 | R(macro): 0.5000 | F1(macro): 0.4279
2026-04-06 13:57:09 - [Fold2 Val(EMA)] Seg — Lesion IoU: 0.0143 | Lesion Dice: 0.0282
2026-04-06 13:57:09 - [Fold2 Val(EMA)] Classification Report:
              precision    recall  f1-score   support

      benign     0.0000    0.0000    0.0000        62
    no_tumor     0.7480    1.0000    0.8558       184

    accuracy                         0.7480       246
   macro avg     0.3740    0.5000    0.4279       246
weighted avg     0.5595    0.7480    0.6401       246

2026-04-06 13:57:09 -   Fold2 Early stopping @ Epoch 9
2026-04-06 13:57:09 - 
Fold 2 最优: Epoch 1, Val F1: 0.4279
2026-04-06 13:57:12 - [Fold2 Test] Cls — Acc: 0.7533 | P(macro): 0.3767 | R(macro): 0.5000 | F1(macro): 0.4297
2026-04-06 13:57:12 - [Fold2 Test] Seg — Lesion IoU: 0.0134 | Lesion Dice: 0.0263
2026-04-06 13:57:12 - [Fold2 Test] Classification Report:
              precision    recall  f1-score   support

      benign     0.0000    0.0000    0.0000       129
    no_tumor     0.7533    1.0000    0.8593       394

    accuracy                         0.7533       523
   macro avg     0.3767    0.5000    0.4297       523
weighted avg     0.5675    0.7533    0.6474       523

2026-04-06 13:57:12 -   Fold2 权重已保存: /data1/ouyangxinglong/GBP-Cascade/0406/logs/20260406_task2_SwinV2Tiny_segcls_14/fold2_best.pth
2026-04-06 13:57:12 - 
======================================================================
2026-04-06 13:57:12 - Fold 3/5
2026-04-06 13:57:12 - ======================================================================
2026-04-06 13:57:12 - Fold 3: Train=983, Val=246
2026-04-06 13:57:49 -   Fold3 Epoch [1/30] Loss: 2.3032 | Acc: 0.5287 | Dice: 0.6265 | 16.4s
2026-04-06 13:57:51 - [Fold3 Val(EMA)] Cls — Acc: 0.3862 | P(macro): 0.4670 | R(macro): 0.4613 | F1(macro): 0.3825
2026-04-06 13:57:51 - [Fold3 Val(EMA)] Seg — Lesion IoU: 0.0160 | Lesion Dice: 0.0314
2026-04-06 13:57:51 - [Fold3 Val(EMA)] Classification Report:
              precision    recall  f1-score   support

      benign     0.2303    0.6129    0.3348        62
    no_tumor     0.7037    0.3098    0.4302       184

    accuracy                         0.3862       246
   macro avg     0.4670    0.4613    0.3825       246
weighted avg     0.5844    0.3862    0.4061       246

2026-04-06 13:57:54 -   *** Fold3 Best: F1=0.3825 @ Epoch 1 ***
2026-04-06 13:58:10 -   Fold3 Epoch [2/30] Loss: 1.8370 | Acc: 0.5533 | Dice: 0.9267 | 16.5s
2026-04-06 13:58:12 - [Fold3 Val(EMA)] Cls — Acc: 0.3862 | P(macro): 0.4670 | R(macro): 0.4613 | F1(macro): 0.3825
2026-04-06 13:58:12 - [Fold3 Val(EMA)] Seg — Lesion IoU: 0.0160 | Lesion Dice: 0.0314
2026-04-06 13:58:12 - [Fold3 Val(EMA)] Classification Report:
              precision    recall  f1-score   support

      benign     0.2303    0.6129    0.3348        62
    no_tumor     0.7037    0.3098    0.4302       184

    accuracy                         0.3862       246
   macro avg     0.4670    0.4613    0.3825       246
weighted avg     0.5844    0.3862    0.4061       246

2026-04-06 13:58:28 -   Fold3 Epoch [3/30] Loss: 1.6769 | Acc: 0.6455 | Dice: 0.9513 | 16.0s
2026-04-06 13:58:30 - [Fold3 Val(EMA)] Cls — Acc: 0.3862 | P(macro): 0.4670 | R(macro): 0.4613 | F1(macro): 0.3825
2026-04-06 13:58:30 - [Fold3 Val(EMA)] Seg — Lesion IoU: 0.0160 | Lesion Dice: 0.0315
2026-04-06 13:58:30 - [Fold3 Val(EMA)] Classification Report:
              precision    recall  f1-score   support

      benign     0.2303    0.6129    0.3348        62
    no_tumor     0.7037    0.3098    0.4302       184

    accuracy                         0.3862       246
   macro avg     0.4670    0.4613    0.3825       246
weighted avg     0.5844    0.3862    0.4061       246

2026-04-06 13:58:46 -   Fold3 Epoch [4/30] Loss: 1.5803 | Acc: 0.6824 | Dice: 0.9602 | 15.8s
2026-04-06 13:58:48 - [Fold3 Val(EMA)] Cls — Acc: 0.3862 | P(macro): 0.4670 | R(macro): 0.4613 | F1(macro): 0.3825
2026-04-06 13:58:48 - [Fold3 Val(EMA)] Seg — Lesion IoU: 0.0160 | Lesion Dice: 0.0315
2026-04-06 13:58:48 - [Fold3 Val(EMA)] Classification Report:
              precision    recall  f1-score   support

      benign     0.2303    0.6129    0.3348        62
    no_tumor     0.7037    0.3098    0.4302       184

    accuracy                         0.3862       246
   macro avg     0.4670    0.4613    0.3825       246
weighted avg     0.5844    0.3862    0.4061       246

2026-04-06 13:59:03 -   Fold3 Epoch [5/30] Loss: 1.5104 | Acc: 0.6578 | Dice: 0.9693 | 15.2s
2026-04-06 13:59:04 - [Fold3 Val(EMA)] Cls — Acc: 0.3902 | P(macro): 0.4695 | R(macro): 0.4641 | F1(macro): 0.3862
2026-04-06 13:59:04 - [Fold3 Val(EMA)] Seg — Lesion IoU: 0.0160 | Lesion Dice: 0.0315
2026-04-06 13:59:04 - [Fold3 Val(EMA)] Classification Report:
              precision    recall  f1-score   support

      benign     0.2317    0.6129    0.3363        62
    no_tumor     0.7073    0.3152    0.4361       184

    accuracy                         0.3902       246
   macro avg     0.4695    0.4641    0.3862       246
weighted avg     0.5874    0.3902    0.4109       246

2026-04-06 13:59:07 -   *** Fold3 Best: F1=0.3862 @ Epoch 5 ***
2026-04-06 13:59:23 -   Fold3 Epoch [6/30] Loss: 1.4270 | Acc: 0.7193 | Dice: 0.9717 | 15.9s
2026-04-06 13:59:24 - [Fold3 Val(EMA)] Cls — Acc: 0.3902 | P(macro): 0.4695 | R(macro): 0.4641 | F1(macro): 0.3862
2026-04-06 13:59:24 - [Fold3 Val(EMA)] Seg — Lesion IoU: 0.0161 | Lesion Dice: 0.0315
2026-04-06 13:59:24 - [Fold3 Val(EMA)] Classification Report:
              precision    recall  f1-score   support

      benign     0.2317    0.6129    0.3363        62
    no_tumor     0.7073    0.3152    0.4361       184

    accuracy                         0.3902       246
   macro avg     0.4695    0.4641    0.3862       246
weighted avg     0.5874    0.3902    0.4109       246

2026-04-06 13:59:40 -   Fold3 Epoch [7/30] Loss: 1.3749 | Acc: 0.7162 | Dice: 0.9764 | 16.2s
2026-04-06 13:59:42 - [Fold3 Val(EMA)] Cls — Acc: 0.3902 | P(macro): 0.4695 | R(macro): 0.4641 | F1(macro): 0.3862
2026-04-06 13:59:42 - [Fold3 Val(EMA)] Seg — Lesion IoU: 0.0161 | Lesion Dice: 0.0316
2026-04-06 13:59:43 - [Fold3 Val(EMA)] Classification Report:
              precision    recall  f1-score   support

      benign     0.2317    0.6129    0.3363        62
    no_tumor     0.7073    0.3152    0.4361       184

    accuracy                         0.3902       246
   macro avg     0.4695    0.4641    0.3862       246
weighted avg     0.5874    0.3902    0.4109       246

2026-04-06 13:59:59 -   Fold3 Epoch [8/30] Loss: 1.3261 | Acc: 0.7480 | Dice: 0.9792 | 16.4s
2026-04-06 14:00:01 - [Fold3 Val(EMA)] Cls — Acc: 0.3943 | P(macro): 0.4720 | R(macro): 0.4668 | F1(macro): 0.3899
2026-04-06 14:00:01 - [Fold3 Val(EMA)] Seg — Lesion IoU: 0.0161 | Lesion Dice: 0.0316
2026-04-06 14:00:01 - [Fold3 Val(EMA)] Classification Report:
              precision    recall  f1-score   support

      benign     0.2331    0.6129    0.3378        62
    no_tumor     0.7108    0.3207    0.4419       184

    accuracy                         0.3943       246
   macro avg     0.4720    0.4668    0.3899       246
weighted avg     0.5904    0.3943    0.4157       246

2026-04-06 14:00:03 -   *** Fold3 Best: F1=0.3899 @ Epoch 8 ***
2026-04-06 14:00:20 -   Fold3 Epoch [9/30] Loss: 1.2714 | Acc: 0.7531 | Dice: 0.9807 | 16.9s
2026-04-06 14:00:22 - [Fold3 Val(EMA)] Cls — Acc: 0.3984 | P(macro): 0.4744 | R(macro): 0.4695 | F1(macro): 0.3935
2026-04-06 14:00:22 - [Fold3 Val(EMA)] Seg — Lesion IoU: 0.0161 | Lesion Dice: 0.0316
2026-04-06 14:00:22 - [Fold3 Val(EMA)] Classification Report:
              precision    recall  f1-score   support

      benign     0.2346    0.6129    0.3393        62
    no_tumor     0.7143    0.3261    0.4478       184

    accuracy                         0.3984       246
   macro avg     0.4744    0.4695    0.3935       246
weighted avg     0.5934    0.3984    0.4204       246

2026-04-06 14:00:24 -   *** Fold3 Best: F1=0.3935 @ Epoch 9 ***
2026-04-06 14:00:41 -   Fold3 Epoch [10/30] Loss: 1.2210 | Acc: 0.7838 | Dice: 0.9825 | 16.2s
2026-04-06 14:00:43 - [Fold3 Val(EMA)] Cls — Acc: 0.3984 | P(macro): 0.4744 | R(macro): 0.4695 | F1(macro): 0.3935
2026-04-06 14:00:43 - [Fold3 Val(EMA)] Seg — Lesion IoU: 0.0161 | Lesion Dice: 0.0317
2026-04-06 14:00:43 - [Fold3 Val(EMA)] Classification Report:
              precision    recall  f1-score   support

      benign     0.2346    0.6129    0.3393        62
    no_tumor     0.7143    0.3261    0.4478       184

    accuracy                         0.3984       246
   macro avg     0.4744    0.4695    0.3935       246
weighted avg     0.5934    0.3984    0.4204       246

2026-04-06 14:00:59 -   Fold3 Epoch [11/30] Loss: 1.1919 | Acc: 0.7982 | Dice: 0.9819 | 16.4s
2026-04-06 14:01:01 - [Fold3 Val(EMA)] Cls — Acc: 0.4024 | P(macro): 0.4768 | R(macro): 0.4722 | F1(macro): 0.3972
2026-04-06 14:01:01 - [Fold3 Val(EMA)] Seg — Lesion IoU: 0.0161 | Lesion Dice: 0.0317
2026-04-06 14:01:01 - [Fold3 Val(EMA)] Classification Report:
              precision    recall  f1-score   support

      benign     0.2360    0.6129    0.3408        62
    no_tumor     0.7176    0.3315    0.4535       184

    accuracy                         0.4024       246
   macro avg     0.4768    0.4722    0.3972       246
weighted avg     0.5963    0.4024    0.4251       246

2026-04-06 14:01:03 -   *** Fold3 Best: F1=0.3972 @ Epoch 11 ***
2026-04-06 14:01:20 -   Fold3 Epoch [12/30] Loss: 1.1907 | Acc: 0.7766 | Dice: 0.9835 | 16.8s
2026-04-06 14:01:21 - [Fold3 Val(EMA)] Cls — Acc: 0.4024 | P(macro): 0.4768 | R(macro): 0.4722 | F1(macro): 0.3972
2026-04-06 14:01:21 - [Fold3 Val(EMA)] Seg — Lesion IoU: 0.0161 | Lesion Dice: 0.0317
2026-04-06 14:01:21 - [Fold3 Val(EMA)] Classification Report:
              precision    recall  f1-score   support

      benign     0.2360    0.6129    0.3408        62
    no_tumor     0.7176    0.3315    0.4535       184

    accuracy                         0.4024       246
   macro avg     0.4768    0.4722    0.3972       246
weighted avg     0.5963    0.4024    0.4251       246

2026-04-06 14:01:38 -   Fold3 Epoch [13/30] Loss: 1.1964 | Acc: 0.7941 | Dice: 0.9846 | 16.7s
2026-04-06 14:01:40 - [Fold3 Val(EMA)] Cls — Acc: 0.4024 | P(macro): 0.4768 | R(macro): 0.4722 | F1(macro): 0.3972
2026-04-06 14:01:40 - [Fold3 Val(EMA)] Seg — Lesion IoU: 0.0162 | Lesion Dice: 0.0318
2026-04-06 14:01:40 - [Fold3 Val(EMA)] Classification Report:
              precision    recall  f1-score   support

      benign     0.2360    0.6129    0.3408        62
    no_tumor     0.7176    0.3315    0.4535       184

    accuracy                         0.4024       246
   macro avg     0.4768    0.4722    0.3972       246
weighted avg     0.5963    0.4024    0.4251       246

2026-04-06 14:01:56 -   Fold3 Epoch [14/30] Loss: 1.1130 | Acc: 0.8217 | Dice: 0.9855 | 15.9s
2026-04-06 14:01:58 - [Fold3 Val(EMA)] Cls — Acc: 0.4024 | P(macro): 0.4768 | R(macro): 0.4722 | F1(macro): 0.3972
2026-04-06 14:01:58 - [Fold3 Val(EMA)] Seg — Lesion IoU: 0.0162 | Lesion Dice: 0.0318
2026-04-06 14:01:58 - [Fold3 Val(EMA)] Classification Report:
              precision    recall  f1-score   support

      benign     0.2360    0.6129    0.3408        62
    no_tumor     0.7176    0.3315    0.4535       184

    accuracy                         0.4024       246
   macro avg     0.4768    0.4722    0.3972       246
weighted avg     0.5963    0.4024    0.4251       246

2026-04-06 14:02:14 -   Fold3 Epoch [15/30] Loss: 1.1010 | Acc: 0.8145 | Dice: 0.9855 | 16.3s
2026-04-06 14:02:17 - [Fold3 Val(EMA)] Cls — Acc: 0.4065 | P(macro): 0.4792 | R(macro): 0.4749 | F1(macro): 0.4008
2026-04-06 14:02:17 - [Fold3 Val(EMA)] Seg — Lesion IoU: 0.0162 | Lesion Dice: 0.0318
2026-04-06 14:02:17 - [Fold3 Val(EMA)] Classification Report:
              precision    recall  f1-score   support

      benign     0.2375    0.6129    0.3423        62
    no_tumor     0.7209    0.3370    0.4593       184

    accuracy                         0.4065       246
   macro avg     0.4792    0.4749    0.4008       246
weighted avg     0.5991    0.4065    0.4298       246

2026-04-06 14:02:19 -   *** Fold3 Best: F1=0.4008 @ Epoch 15 ***
2026-04-06 14:02:35 -   Fold3 Epoch [16/30] Loss: 1.0483 | Acc: 0.8309 | Dice: 0.9863 | 15.7s
2026-04-06 14:02:37 - [Fold3 Val(EMA)] Cls — Acc: 0.4106 | P(macro): 0.4816 | R(macro): 0.4776 | F1(macro): 0.4044
2026-04-06 14:02:37 - [Fold3 Val(EMA)] Seg — Lesion IoU: 0.0162 | Lesion Dice: 0.0319
2026-04-06 14:02:37 - [Fold3 Val(EMA)] Classification Report:
              precision    recall  f1-score   support

      benign     0.2390    0.6129    0.3439        62
    no_tumor     0.7241    0.3424    0.4649       184

    accuracy                         0.4106       246
   macro avg     0.4816    0.4776    0.4044       246
weighted avg     0.6019    0.4106    0.4344       246

2026-04-06 14:02:40 -   *** Fold3 Best: F1=0.4044 @ Epoch 16 ***
2026-04-06 14:02:56 -   Fold3 Epoch [17/30] Loss: 1.0325 | Acc: 0.8709 | Dice: 0.9849 | 16.2s
2026-04-06 14:02:58 - [Fold3 Val(EMA)] Cls — Acc: 0.4106 | P(macro): 0.4816 | R(macro): 0.4776 | F1(macro): 0.4044
2026-04-06 14:02:58 - [Fold3 Val(EMA)] Seg — Lesion IoU: 0.0162 | Lesion Dice: 0.0319
2026-04-06 14:02:58 - [Fold3 Val(EMA)] Classification Report:
              precision    recall  f1-score   support

      benign     0.2390    0.6129    0.3439        62
    no_tumor     0.7241    0.3424    0.4649       184

    accuracy                         0.4106       246
   macro avg     0.4816    0.4776    0.4044       246
weighted avg     0.6019    0.4106    0.4344       246

2026-04-06 14:03:14 -   Fold3 Epoch [18/30] Loss: 0.9856 | Acc: 0.8863 | Dice: 0.9862 | 16.0s
2026-04-06 14:03:16 - [Fold3 Val(EMA)] Cls — Acc: 0.4106 | P(macro): 0.4816 | R(macro): 0.4776 | F1(macro): 0.4044
2026-04-06 14:03:16 - [Fold3 Val(EMA)] Seg — Lesion IoU: 0.0163 | Lesion Dice: 0.0319
2026-04-06 14:03:16 - [Fold3 Val(EMA)] Classification Report:
              precision    recall  f1-score   support

      benign     0.2390    0.6129    0.3439        62
    no_tumor     0.7241    0.3424    0.4649       184

    accuracy                         0.4106       246
   macro avg     0.4816    0.4776    0.4044       246
weighted avg     0.6019    0.4106    0.4344       246

2026-04-06 14:03:32 -   Fold3 Epoch [19/30] Loss: 0.9494 | Acc: 0.8842 | Dice: 0.9871 | 16.1s
2026-04-06 14:03:34 - [Fold3 Val(EMA)] Cls — Acc: 0.4106 | P(macro): 0.4816 | R(macro): 0.4776 | F1(macro): 0.4044
2026-04-06 14:03:34 - [Fold3 Val(EMA)] Seg — Lesion IoU: 0.0163 | Lesion Dice: 0.0320
2026-04-06 14:03:34 - [Fold3 Val(EMA)] Classification Report:
              precision    recall  f1-score   support

      benign     0.2390    0.6129    0.3439        62
    no_tumor     0.7241    0.3424    0.4649       184

    accuracy                         0.4106       246
   macro avg     0.4816    0.4776    0.4044       246
weighted avg     0.6019    0.4106    0.4344       246

2026-04-06 14:03:51 -   Fold3 Epoch [20/30] Loss: 0.9401 | Acc: 0.8822 | Dice: 0.9880 | 16.5s
2026-04-06 14:03:53 - [Fold3 Val(EMA)] Cls — Acc: 0.4106 | P(macro): 0.4816 | R(macro): 0.4776 | F1(macro): 0.4044
2026-04-06 14:03:53 - [Fold3 Val(EMA)] Seg — Lesion IoU: 0.0163 | Lesion Dice: 0.0320
2026-04-06 14:03:53 - [Fold3 Val(EMA)] Classification Report:
              precision    recall  f1-score   support

      benign     0.2390    0.6129    0.3439        62
    no_tumor     0.7241    0.3424    0.4649       184

    accuracy                         0.4106       246
   macro avg     0.4816    0.4776    0.4044       246
weighted avg     0.6019    0.4106    0.4344       246

2026-04-06 14:04:10 -   Fold3 Epoch [21/30] Loss: 0.9130 | Acc: 0.9006 | Dice: 0.9882 | 16.6s
2026-04-06 14:04:11 - [Fold3 Val(EMA)] Cls — Acc: 0.4106 | P(macro): 0.4816 | R(macro): 0.4776 | F1(macro): 0.4044
2026-04-06 14:04:11 - [Fold3 Val(EMA)] Seg — Lesion IoU: 0.0163 | Lesion Dice: 0.0320
2026-04-06 14:04:11 - [Fold3 Val(EMA)] Classification Report:
              precision    recall  f1-score   support

      benign     0.2390    0.6129    0.3439        62
    no_tumor     0.7241    0.3424    0.4649       184

    accuracy                         0.4106       246
   macro avg     0.4816    0.4776    0.4044       246
weighted avg     0.6019    0.4106    0.4344       246

2026-04-06 14:04:28 -   Fold3 Epoch [22/30] Loss: 0.8968 | Acc: 0.8965 | Dice: 0.9890 | 16.7s
2026-04-06 14:04:30 - [Fold3 Val(EMA)] Cls — Acc: 0.4106 | P(macro): 0.4816 | R(macro): 0.4776 | F1(macro): 0.4044
2026-04-06 14:04:30 - [Fold3 Val(EMA)] Seg — Lesion IoU: 0.0163 | Lesion Dice: 0.0321
2026-04-06 14:04:30 - [Fold3 Val(EMA)] Classification Report:
              precision    recall  f1-score   support

      benign     0.2390    0.6129    0.3439        62
    no_tumor     0.7241    0.3424    0.4649       184

    accuracy                         0.4106       246
   macro avg     0.4816    0.4776    0.4044       246
weighted avg     0.6019    0.4106    0.4344       246

2026-04-06 14:04:47 -   Fold3 Epoch [23/30] Loss: 0.8807 | Acc: 0.9211 | Dice: 0.9888 | 16.5s
2026-04-06 14:04:49 - [Fold3 Val(EMA)] Cls — Acc: 0.4106 | P(macro): 0.4816 | R(macro): 0.4776 | F1(macro): 0.4044
2026-04-06 14:04:49 - [Fold3 Val(EMA)] Seg — Lesion IoU: 0.0164 | Lesion Dice: 0.0321
2026-04-06 14:04:49 - [Fold3 Val(EMA)] Classification Report:
              precision    recall  f1-score   support

      benign     0.2390    0.6129    0.3439        62
    no_tumor     0.7241    0.3424    0.4649       184

    accuracy                         0.4106       246
   macro avg     0.4816    0.4776    0.4044       246
weighted avg     0.6019    0.4106    0.4344       246

2026-04-06 14:05:07 -   Fold3 Epoch [24/30] Loss: 0.8697 | Acc: 0.9006 | Dice: 0.9888 | 18.4s
2026-04-06 14:05:10 - [Fold3 Val(EMA)] Cls — Acc: 0.4106 | P(macro): 0.4816 | R(macro): 0.4776 | F1(macro): 0.4044
2026-04-06 14:05:10 - [Fold3 Val(EMA)] Seg — Lesion IoU: 0.0164 | Lesion Dice: 0.0322
2026-04-06 14:05:10 - [Fold3 Val(EMA)] Classification Report:
              precision    recall  f1-score   support

      benign     0.2390    0.6129    0.3439        62
    no_tumor     0.7241    0.3424    0.4649       184

    accuracy                         0.4106       246
   macro avg     0.4816    0.4776    0.4044       246
weighted avg     0.6019    0.4106    0.4344       246

2026-04-06 14:05:10 -   Fold3 Early stopping @ Epoch 24
2026-04-06 14:05:10 - 
Fold 3 最优: Epoch 16, Val F1: 0.4044
2026-04-06 14:05:13 - [Fold3 Test] Cls — Acc: 0.4187 | P(macro): 0.5062 | R(macro): 0.5073 | F1(macro): 0.4148
2026-04-06 14:05:13 - [Fold3 Test] Seg — Lesion IoU: 0.0143 | Lesion Dice: 0.0282
2026-04-06 14:05:13 - [Fold3 Test] Classification Report:
              precision    recall  f1-score   support

      benign     0.2507    0.6822    0.3667       129
    no_tumor     0.7616    0.3325    0.4629       394

    accuracy                         0.4187       523
   macro avg     0.5062    0.5073    0.4148       523
weighted avg     0.6356    0.4187    0.4392       523

2026-04-06 14:05:13 -   Fold3 权重已保存: /data1/ouyangxinglong/GBP-Cascade/0406/logs/20260406_task2_SwinV2Tiny_segcls_14/fold3_best.pth
2026-04-06 14:05:13 - 
======================================================================
2026-04-06 14:05:13 - Fold 4/5
2026-04-06 14:05:13 - ======================================================================
2026-04-06 14:05:13 - Fold 4: Train=983, Val=246
2026-04-06 14:05:54 -   Fold4 Epoch [1/30] Loss: 2.0878 | Acc: 0.6373 | Dice: 0.6376 | 17.3s
2026-04-06 14:05:55 - [Fold4 Val(EMA)] Cls — Acc: 0.6911 | P(macro): 0.5168 | R(macro): 0.5101 | F1(macro): 0.5003
2026-04-06 14:05:55 - [Fold4 Val(EMA)] Seg — Lesion IoU: 0.0109 | Lesion Dice: 0.0215
2026-04-06 14:05:55 - [Fold4 Val(EMA)] Classification Report:
              precision    recall  f1-score   support

      benign     0.2812    0.1452    0.1915        62
    no_tumor     0.7523    0.8750    0.8090       184

    accuracy                         0.6911       246
   macro avg     0.5168    0.5101    0.5003       246
weighted avg     0.6336    0.6911    0.6534       246

2026-04-06 14:05:58 -   *** Fold4 Best: F1=0.5003 @ Epoch 1 ***
2026-04-06 14:06:14 -   Fold4 Epoch [2/30] Loss: 1.6721 | Acc: 0.5820 | Dice: 0.9492 | 16.4s
2026-04-06 14:06:17 - [Fold4 Val(EMA)] Cls — Acc: 0.6911 | P(macro): 0.5168 | R(macro): 0.5101 | F1(macro): 0.5003
2026-04-06 14:06:17 - [Fold4 Val(EMA)] Seg — Lesion IoU: 0.0109 | Lesion Dice: 0.0215
2026-04-06 14:06:17 - [Fold4 Val(EMA)] Classification Report:
              precision    recall  f1-score   support

      benign     0.2812    0.1452    0.1915        62
    no_tumor     0.7523    0.8750    0.8090       184

    accuracy                         0.6911       246
   macro avg     0.5168    0.5101    0.5003       246
weighted avg     0.6336    0.6911    0.6534       246

2026-04-06 14:06:34 -   Fold4 Epoch [3/30] Loss: 1.5484 | Acc: 0.6445 | Dice: 0.9675 | 17.1s
2026-04-06 14:06:36 - [Fold4 Val(EMA)] Cls — Acc: 0.6911 | P(macro): 0.5168 | R(macro): 0.5101 | F1(macro): 0.5003
2026-04-06 14:06:36 - [Fold4 Val(EMA)] Seg — Lesion IoU: 0.0109 | Lesion Dice: 0.0216
2026-04-06 14:06:36 - [Fold4 Val(EMA)] Classification Report:
              precision    recall  f1-score   support

      benign     0.2812    0.1452    0.1915        62
    no_tumor     0.7523    0.8750    0.8090       184

    accuracy                         0.6911       246
   macro avg     0.5168    0.5101    0.5003       246
weighted avg     0.6336    0.6911    0.6534       246

2026-04-06 14:06:52 -   Fold4 Epoch [4/30] Loss: 1.4820 | Acc: 0.6752 | Dice: 0.9730 | 16.4s
2026-04-06 14:06:54 - [Fold4 Val(EMA)] Cls — Acc: 0.6911 | P(macro): 0.5168 | R(macro): 0.5101 | F1(macro): 0.5003
2026-04-06 14:06:54 - [Fold4 Val(EMA)] Seg — Lesion IoU: 0.0110 | Lesion Dice: 0.0216
2026-04-06 14:06:54 - [Fold4 Val(EMA)] Classification Report:
              precision    recall  f1-score   support

      benign     0.2812    0.1452    0.1915        62
    no_tumor     0.7523    0.8750    0.8090       184

    accuracy                         0.6911       246
   macro avg     0.5168    0.5101    0.5003       246
weighted avg     0.6336    0.6911    0.6534       246

2026-04-06 14:07:10 -   Fold4 Epoch [5/30] Loss: 1.4195 | Acc: 0.6629 | Dice: 0.9779 | 16.7s
2026-04-06 14:07:12 - [Fold4 Val(EMA)] Cls — Acc: 0.6911 | P(macro): 0.5168 | R(macro): 0.5101 | F1(macro): 0.5003
2026-04-06 14:07:12 - [Fold4 Val(EMA)] Seg — Lesion IoU: 0.0110 | Lesion Dice: 0.0217
2026-04-06 14:07:12 - [Fold4 Val(EMA)] Classification Report:
              precision    recall  f1-score   support

      benign     0.2812    0.1452    0.1915        62
    no_tumor     0.7523    0.8750    0.8090       184

    accuracy                         0.6911       246
   macro avg     0.5168    0.5101    0.5003       246
weighted avg     0.6336    0.6911    0.6534       246

2026-04-06 14:07:29 -   Fold4 Epoch [6/30] Loss: 1.4063 | Acc: 0.6916 | Dice: 0.9794 | 17.1s
2026-04-06 14:07:32 - [Fold4 Val(EMA)] Cls — Acc: 0.6911 | P(macro): 0.5168 | R(macro): 0.5101 | F1(macro): 0.5003
2026-04-06 14:07:32 - [Fold4 Val(EMA)] Seg — Lesion IoU: 0.0110 | Lesion Dice: 0.0217
2026-04-06 14:07:32 - [Fold4 Val(EMA)] Classification Report:
              precision    recall  f1-score   support

      benign     0.2812    0.1452    0.1915        62
    no_tumor     0.7523    0.8750    0.8090       184

    accuracy                         0.6911       246
   macro avg     0.5168    0.5101    0.5003       246
weighted avg     0.6336    0.6911    0.6534       246

2026-04-06 14:07:48 -   Fold4 Epoch [7/30] Loss: 1.3215 | Acc: 0.7275 | Dice: 0.9802 | 16.3s
2026-04-06 14:07:50 - [Fold4 Val(EMA)] Cls — Acc: 0.6911 | P(macro): 0.5168 | R(macro): 0.5101 | F1(macro): 0.5003
2026-04-06 14:07:50 - [Fold4 Val(EMA)] Seg — Lesion IoU: 0.0110 | Lesion Dice: 0.0218
2026-04-06 14:07:50 - [Fold4 Val(EMA)] Classification Report:
              precision    recall  f1-score   support

      benign     0.2812    0.1452    0.1915        62
    no_tumor     0.7523    0.8750    0.8090       184

    accuracy                         0.6911       246
   macro avg     0.5168    0.5101    0.5003       246
weighted avg     0.6336    0.6911    0.6534       246

2026-04-06 14:08:07 -   Fold4 Epoch [8/30] Loss: 1.3167 | Acc: 0.6977 | Dice: 0.9817 | 16.9s
2026-04-06 14:08:08 - [Fold4 Val(EMA)] Cls — Acc: 0.6911 | P(macro): 0.5168 | R(macro): 0.5101 | F1(macro): 0.5003
2026-04-06 14:08:08 - [Fold4 Val(EMA)] Seg — Lesion IoU: 0.0111 | Lesion Dice: 0.0218
2026-04-06 14:08:08 - [Fold4 Val(EMA)] Classification Report:
              precision    recall  f1-score   support

      benign     0.2812    0.1452    0.1915        62
    no_tumor     0.7523    0.8750    0.8090       184

    accuracy                         0.6911       246
   macro avg     0.5168    0.5101    0.5003       246
weighted avg     0.6336    0.6911    0.6534       246

2026-04-06 14:08:25 -   Fold4 Epoch [9/30] Loss: 1.2677 | Acc: 0.7295 | Dice: 0.9846 | 16.7s
2026-04-06 14:08:27 - [Fold4 Val(EMA)] Cls — Acc: 0.6951 | P(macro): 0.5219 | R(macro): 0.5128 | F1(macro): 0.5028
2026-04-06 14:08:27 - [Fold4 Val(EMA)] Seg — Lesion IoU: 0.0111 | Lesion Dice: 0.0219
2026-04-06 14:08:27 - [Fold4 Val(EMA)] Classification Report:
              precision    recall  f1-score   support

      benign     0.2903    0.1452    0.1935        62
    no_tumor     0.7535    0.8804    0.8120       184

    accuracy                         0.6951       246
   macro avg     0.5219    0.5128    0.5028       246
weighted avg     0.6368    0.6951    0.6562       246

2026-04-06 14:08:29 -   *** Fold4 Best: F1=0.5028 @ Epoch 9 ***
2026-04-06 14:08:46 -   Fold4 Epoch [10/30] Loss: 1.2682 | Acc: 0.7418 | Dice: 0.9833 | 16.6s
2026-04-06 14:08:48 - [Fold4 Val(EMA)] Cls — Acc: 0.6951 | P(macro): 0.5219 | R(macro): 0.5128 | F1(macro): 0.5028
2026-04-06 14:08:48 - [Fold4 Val(EMA)] Seg — Lesion IoU: 0.0111 | Lesion Dice: 0.0219
2026-04-06 14:08:48 - [Fold4 Val(EMA)] Classification Report:
              precision    recall  f1-score   support

      benign     0.2903    0.1452    0.1935        62
    no_tumor     0.7535    0.8804    0.8120       184

    accuracy                         0.6951       246
   macro avg     0.5219    0.5128    0.5028       246
weighted avg     0.6368    0.6951    0.6562       246

2026-04-06 14:09:05 -   Fold4 Epoch [11/30] Loss: 1.2183 | Acc: 0.7797 | Dice: 0.9829 | 17.3s
2026-04-06 14:09:07 - [Fold4 Val(EMA)] Cls — Acc: 0.6951 | P(macro): 0.5219 | R(macro): 0.5128 | F1(macro): 0.5028
2026-04-06 14:09:07 - [Fold4 Val(EMA)] Seg — Lesion IoU: 0.0111 | Lesion Dice: 0.0220
2026-04-06 14:09:07 - [Fold4 Val(EMA)] Classification Report:
              precision    recall  f1-score   support

      benign     0.2903    0.1452    0.1935        62
    no_tumor     0.7535    0.8804    0.8120       184

    accuracy                         0.6951       246
   macro avg     0.5219    0.5128    0.5028       246
weighted avg     0.6368    0.6951    0.6562       246

2026-04-06 14:09:24 -   Fold4 Epoch [12/30] Loss: 1.1696 | Acc: 0.7951 | Dice: 0.9839 | 16.7s
2026-04-06 14:09:27 - [Fold4 Val(EMA)] Cls — Acc: 0.6992 | P(macro): 0.5273 | R(macro): 0.5155 | F1(macro): 0.5053
2026-04-06 14:09:27 - [Fold4 Val(EMA)] Seg — Lesion IoU: 0.0112 | Lesion Dice: 0.0221
2026-04-06 14:09:27 - [Fold4 Val(EMA)] Classification Report:
              precision    recall  f1-score   support

      benign     0.3000    0.1452    0.1957        62
    no_tumor     0.7546    0.8859    0.8150       184

    accuracy                         0.6992       246
   macro avg     0.5273    0.5155    0.5053       246
weighted avg     0.6400    0.6992    0.6589       246

2026-04-06 14:09:29 -   *** Fold4 Best: F1=0.5053 @ Epoch 12 ***
2026-04-06 14:09:46 -   Fold4 Epoch [13/30] Loss: 1.1386 | Acc: 0.8023 | Dice: 0.9869 | 17.1s
2026-04-06 14:09:48 - [Fold4 Val(EMA)] Cls — Acc: 0.6992 | P(macro): 0.5273 | R(macro): 0.5155 | F1(macro): 0.5053
2026-04-06 14:09:48 - [Fold4 Val(EMA)] Seg — Lesion IoU: 0.0112 | Lesion Dice: 0.0221
2026-04-06 14:09:48 - [Fold4 Val(EMA)] Classification Report:
              precision    recall  f1-score   support

      benign     0.3000    0.1452    0.1957        62
    no_tumor     0.7546    0.8859    0.8150       184

    accuracy                         0.6992       246
   macro avg     0.5273    0.5155    0.5053       246
weighted avg     0.6400    0.6992    0.6589       246

2026-04-06 14:10:06 -   Fold4 Epoch [14/30] Loss: 1.1140 | Acc: 0.7889 | Dice: 0.9876 | 17.5s
2026-04-06 14:10:07 - [Fold4 Val(EMA)] Cls — Acc: 0.6992 | P(macro): 0.5273 | R(macro): 0.5155 | F1(macro): 0.5053
2026-04-06 14:10:07 - [Fold4 Val(EMA)] Seg — Lesion IoU: 0.0112 | Lesion Dice: 0.0222
2026-04-06 14:10:07 - [Fold4 Val(EMA)] Classification Report:
              precision    recall  f1-score   support

      benign     0.3000    0.1452    0.1957        62
    no_tumor     0.7546    0.8859    0.8150       184

    accuracy                         0.6992       246
   macro avg     0.5273    0.5155    0.5053       246
weighted avg     0.6400    0.6992    0.6589       246

2026-04-06 14:10:24 -   Fold4 Epoch [15/30] Loss: 1.1043 | Acc: 0.8145 | Dice: 0.9886 | 16.9s
2026-04-06 14:10:26 - [Fold4 Val(EMA)] Cls — Acc: 0.6992 | P(macro): 0.5273 | R(macro): 0.5155 | F1(macro): 0.5053
2026-04-06 14:10:26 - [Fold4 Val(EMA)] Seg — Lesion IoU: 0.0113 | Lesion Dice: 0.0223
2026-04-06 14:10:26 - [Fold4 Val(EMA)] Classification Report:
              precision    recall  f1-score   support

      benign     0.3000    0.1452    0.1957        62
    no_tumor     0.7546    0.8859    0.8150       184

    accuracy                         0.6992       246
   macro avg     0.5273    0.5155    0.5053       246
weighted avg     0.6400    0.6992    0.6589       246

2026-04-06 14:10:42 -   Fold4 Epoch [16/30] Loss: 1.0724 | Acc: 0.8207 | Dice: 0.9879 | 16.3s
2026-04-06 14:10:44 - [Fold4 Val(EMA)] Cls — Acc: 0.6992 | P(macro): 0.5273 | R(macro): 0.5155 | F1(macro): 0.5053
2026-04-06 14:10:44 - [Fold4 Val(EMA)] Seg — Lesion IoU: 0.0113 | Lesion Dice: 0.0223
2026-04-06 14:10:44 - [Fold4 Val(EMA)] Classification Report:
              precision    recall  f1-score   support

      benign     0.3000    0.1452    0.1957        62
    no_tumor     0.7546    0.8859    0.8150       184

    accuracy                         0.6992       246
   macro avg     0.5273    0.5155    0.5053       246
weighted avg     0.6400    0.6992    0.6589       246

2026-04-06 14:11:00 -   Fold4 Epoch [17/30] Loss: 1.0787 | Acc: 0.8248 | Dice: 0.9886 | 15.9s
2026-04-06 14:11:02 - [Fold4 Val(EMA)] Cls — Acc: 0.6992 | P(macro): 0.5273 | R(macro): 0.5155 | F1(macro): 0.5053
2026-04-06 14:11:02 - [Fold4 Val(EMA)] Seg — Lesion IoU: 0.0113 | Lesion Dice: 0.0224
2026-04-06 14:11:02 - [Fold4 Val(EMA)] Classification Report:
              precision    recall  f1-score   support

      benign     0.3000    0.1452    0.1957        62
    no_tumor     0.7546    0.8859    0.8150       184

    accuracy                         0.6992       246
   macro avg     0.5273    0.5155    0.5053       246
weighted avg     0.6400    0.6992    0.6589       246

2026-04-06 14:11:19 -   Fold4 Epoch [18/30] Loss: 1.0397 | Acc: 0.8432 | Dice: 0.9885 | 16.5s
2026-04-06 14:11:21 - [Fold4 Val(EMA)] Cls — Acc: 0.7073 | P(macro): 0.5392 | R(macro): 0.5210 | F1(macro): 0.5104
2026-04-06 14:11:21 - [Fold4 Val(EMA)] Seg — Lesion IoU: 0.0114 | Lesion Dice: 0.0225
2026-04-06 14:11:21 - [Fold4 Val(EMA)] Classification Report:
              precision    recall  f1-score   support

      benign     0.3214    0.1452    0.2000        62
    no_tumor     0.7569    0.8967    0.8209       184

    accuracy                         0.7073       246
   macro avg     0.5392    0.5210    0.5104       246
weighted avg     0.6471    0.7073    0.6644       246

2026-04-06 14:11:23 -   *** Fold4 Best: F1=0.5104 @ Epoch 18 ***
2026-04-06 14:11:40 -   Fold4 Epoch [19/30] Loss: 0.9760 | Acc: 0.8781 | Dice: 0.9892 | 16.7s
2026-04-06 14:11:42 - [Fold4 Val(EMA)] Cls — Acc: 0.7114 | P(macro): 0.5457 | R(macro): 0.5237 | F1(macro): 0.5130
2026-04-06 14:11:42 - [Fold4 Val(EMA)] Seg — Lesion IoU: 0.0114 | Lesion Dice: 0.0225
2026-04-06 14:11:42 - [Fold4 Val(EMA)] Classification Report:
              precision    recall  f1-score   support

      benign     0.3333    0.1452    0.2022        62
    no_tumor     0.7580    0.9022    0.8238       184

    accuracy                         0.7114       246
   macro avg     0.5457    0.5237    0.5130       246
weighted avg     0.6510    0.7114    0.6672       246

2026-04-06 14:11:45 -   *** Fold4 Best: F1=0.5130 @ Epoch 19 ***
2026-04-06 14:12:01 -   Fold4 Epoch [20/30] Loss: 0.9599 | Acc: 0.8791 | Dice: 0.9892 | 16.7s
2026-04-06 14:12:03 - [Fold4 Val(EMA)] Cls — Acc: 0.7114 | P(macro): 0.5457 | R(macro): 0.5237 | F1(macro): 0.5130
2026-04-06 14:12:03 - [Fold4 Val(EMA)] Seg — Lesion IoU: 0.0114 | Lesion Dice: 0.0226
2026-04-06 14:12:03 - [Fold4 Val(EMA)] Classification Report:
              precision    recall  f1-score   support

      benign     0.3333    0.1452    0.2022        62
    no_tumor     0.7580    0.9022    0.8238       184

    accuracy                         0.7114       246
   macro avg     0.5457    0.5237    0.5130       246
weighted avg     0.6510    0.7114    0.6672       246

2026-04-06 14:12:20 -   Fold4 Epoch [21/30] Loss: 0.9462 | Acc: 0.8822 | Dice: 0.9902 | 16.8s
2026-04-06 14:12:22 - [Fold4 Val(EMA)] Cls — Acc: 0.7114 | P(macro): 0.5457 | R(macro): 0.5237 | F1(macro): 0.5130
2026-04-06 14:12:22 - [Fold4 Val(EMA)] Seg — Lesion IoU: 0.0115 | Lesion Dice: 0.0227
2026-04-06 14:12:22 - [Fold4 Val(EMA)] Classification Report:
              precision    recall  f1-score   support

      benign     0.3333    0.1452    0.2022        62
    no_tumor     0.7580    0.9022    0.8238       184

    accuracy                         0.7114       246
   macro avg     0.5457    0.5237    0.5130       246
weighted avg     0.6510    0.7114    0.6672       246

2026-04-06 14:12:38 -   Fold4 Epoch [22/30] Loss: 0.9327 | Acc: 0.8934 | Dice: 0.9910 | 16.3s
2026-04-06 14:12:41 - [Fold4 Val(EMA)] Cls — Acc: 0.7114 | P(macro): 0.5378 | R(macro): 0.5183 | F1(macro): 0.5043
2026-04-06 14:12:41 - [Fold4 Val(EMA)] Seg — Lesion IoU: 0.0115 | Lesion Dice: 0.0227
2026-04-06 14:12:41 - [Fold4 Val(EMA)] Classification Report:
              precision    recall  f1-score   support

      benign     0.3200    0.1290    0.1839        62
    no_tumor     0.7557    0.9076    0.8247       184

    accuracy                         0.7114       246
   macro avg     0.5378    0.5183    0.5043       246
weighted avg     0.6459    0.7114    0.6632       246

2026-04-06 14:12:58 -   Fold4 Epoch [23/30] Loss: 0.9069 | Acc: 0.9016 | Dice: 0.9911 | 17.1s
2026-04-06 14:12:59 - [Fold4 Val(EMA)] Cls — Acc: 0.7154 | P(macro): 0.5450 | R(macro): 0.5210 | F1(macro): 0.5068
2026-04-06 14:12:59 - [Fold4 Val(EMA)] Seg — Lesion IoU: 0.0115 | Lesion Dice: 0.0228
2026-04-06 14:12:59 - [Fold4 Val(EMA)] Classification Report:
              precision    recall  f1-score   support

      benign     0.3333    0.1290    0.1860        62
    no_tumor     0.7568    0.9130    0.8276       184

    accuracy                         0.7154       246
   macro avg     0.5450    0.5210    0.5068       246
weighted avg     0.6500    0.7154    0.6659       246

2026-04-06 14:13:15 -   Fold4 Epoch [24/30] Loss: 0.8722 | Acc: 0.9129 | Dice: 0.9907 | 16.0s
2026-04-06 14:13:17 - [Fold4 Val(EMA)] Cls — Acc: 0.7154 | P(macro): 0.5450 | R(macro): 0.5210 | F1(macro): 0.5068
2026-04-06 14:13:17 - [Fold4 Val(EMA)] Seg — Lesion IoU: 0.0116 | Lesion Dice: 0.0228
2026-04-06 14:13:17 - [Fold4 Val(EMA)] Classification Report:
              precision    recall  f1-score   support

      benign     0.3333    0.1290    0.1860        62
    no_tumor     0.7568    0.9130    0.8276       184

    accuracy                         0.7154       246
   macro avg     0.5450    0.5210    0.5068       246
weighted avg     0.6500    0.7154    0.6659       246

2026-04-06 14:13:34 -   Fold4 Epoch [25/30] Loss: 0.8476 | Acc: 0.9180 | Dice: 0.9912 | 17.2s
2026-04-06 14:13:37 - [Fold4 Val(EMA)] Cls — Acc: 0.7154 | P(macro): 0.5450 | R(macro): 0.5210 | F1(macro): 0.5068
2026-04-06 14:13:37 - [Fold4 Val(EMA)] Seg — Lesion IoU: 0.0116 | Lesion Dice: 0.0229
2026-04-06 14:13:37 - [Fold4 Val(EMA)] Classification Report:
              precision    recall  f1-score   support

      benign     0.3333    0.1290    0.1860        62
    no_tumor     0.7568    0.9130    0.8276       184

    accuracy                         0.7154       246
   macro avg     0.5450    0.5210    0.5068       246
weighted avg     0.6500    0.7154    0.6659       246

2026-04-06 14:13:54 -   Fold4 Epoch [26/30] Loss: 0.8334 | Acc: 0.9252 | Dice: 0.9914 | 17.0s
2026-04-06 14:13:55 - [Fold4 Val(EMA)] Cls — Acc: 0.7195 | P(macro): 0.5528 | R(macro): 0.5238 | F1(macro): 0.5094
2026-04-06 14:13:55 - [Fold4 Val(EMA)] Seg — Lesion IoU: 0.0116 | Lesion Dice: 0.0230
2026-04-06 14:13:55 - [Fold4 Val(EMA)] Classification Report:
              precision    recall  f1-score   support

      benign     0.3478    0.1290    0.1882        62
    no_tumor     0.7578    0.9185    0.8305       184

    accuracy                         0.7195       246
   macro avg     0.5528    0.5238    0.5094       246
weighted avg     0.6545    0.7195    0.6686       246

2026-04-06 14:14:12 -   Fold4 Epoch [27/30] Loss: 0.8535 | Acc: 0.9150 | Dice: 0.9917 | 17.1s
2026-04-06 14:14:14 - [Fold4 Val(EMA)] Cls — Acc: 0.7195 | P(macro): 0.5528 | R(macro): 0.5238 | F1(macro): 0.5094
2026-04-06 14:14:14 - [Fold4 Val(EMA)] Seg — Lesion IoU: 0.0117 | Lesion Dice: 0.0231
2026-04-06 14:14:14 - [Fold4 Val(EMA)] Classification Report:
              precision    recall  f1-score   support

      benign     0.3478    0.1290    0.1882        62
    no_tumor     0.7578    0.9185    0.8305       184

    accuracy                         0.7195       246
   macro avg     0.5528    0.5238    0.5094       246
weighted avg     0.6545    0.7195    0.6686       246

2026-04-06 14:14:15 -   Fold4 Early stopping @ Epoch 27
2026-04-06 14:14:15 - 
Fold 4 最优: Epoch 19, Val F1: 0.5130
2026-04-06 14:14:18 - [Fold4 Test] Cls — Acc: 0.7132 | P(macro): 0.5460 | R(macro): 0.5255 | F1(macro): 0.5176
2026-04-06 14:14:18 - [Fold4 Test] Seg — Lesion IoU: 0.0100 | Lesion Dice: 0.0197
2026-04-06 14:14:18 - [Fold4 Test] Classification Report:
              precision    recall  f1-score   support

      benign     0.3279    0.1550    0.2105       129
    no_tumor     0.7641    0.8959    0.8248       394

    accuracy                         0.7132       523
   macro avg     0.5460    0.5255    0.5176       523
weighted avg     0.6565    0.7132    0.6733       523

2026-04-06 14:14:18 -   Fold4 权重已保存: /data1/ouyangxinglong/GBP-Cascade/0406/logs/20260406_task2_SwinV2Tiny_segcls_14/fold4_best.pth
2026-04-06 14:14:18 - 
======================================================================
2026-04-06 14:14:18 - Fold 5/5
2026-04-06 14:14:18 - ======================================================================
2026-04-06 14:14:18 - Fold 5: Train=984, Val=245
2026-04-06 14:14:57 -   Fold5 Epoch [1/30] Loss: 2.1765 | Acc: 0.4583 | Dice: 0.7117 | 16.1s
2026-04-06 14:14:59 - [Fold5 Val(EMA)] Cls — Acc: 0.3551 | P(macro): 0.4824 | R(macro): 0.4830 | F1(macro): 0.3550
2026-04-06 14:14:59 - [Fold5 Val(EMA)] Seg — Lesion IoU: 0.0205 | Lesion Dice: 0.0401
2026-04-06 14:14:59 - [Fold5 Val(EMA)] Classification Report:
              precision    recall  f1-score   support

      benign     0.2406    0.7377    0.3629        61
    no_tumor     0.7241    0.2283    0.3471       184

    accuracy                         0.3551       245
   macro avg     0.4824    0.4830    0.3550       245
weighted avg     0.6038    0.3551    0.3510       245

2026-04-06 14:15:02 -   *** Fold5 Best: F1=0.3550 @ Epoch 1 ***
2026-04-06 14:15:20 -   Fold5 Epoch [2/30] Loss: 1.7574 | Acc: 0.5915 | Dice: 0.9413 | 18.1s
2026-04-06 14:15:22 - [Fold5 Val(EMA)] Cls — Acc: 0.3551 | P(macro): 0.4824 | R(macro): 0.4830 | F1(macro): 0.3550
2026-04-06 14:15:22 - [Fold5 Val(EMA)] Seg — Lesion IoU: 0.0205 | Lesion Dice: 0.0402
2026-04-06 14:15:22 - [Fold5 Val(EMA)] Classification Report:
              precision    recall  f1-score   support

      benign     0.2406    0.7377    0.3629        61
    no_tumor     0.7241    0.2283    0.3471       184

    accuracy                         0.3551       245
   macro avg     0.4824    0.4830    0.3550       245
weighted avg     0.6038    0.3551    0.3510       245

2026-04-06 14:15:39 -   Fold5 Epoch [3/30] Loss: 1.6359 | Acc: 0.6606 | Dice: 0.9583 | 16.8s
2026-04-06 14:15:41 - [Fold5 Val(EMA)] Cls — Acc: 0.3551 | P(macro): 0.4824 | R(macro): 0.4830 | F1(macro): 0.3550
2026-04-06 14:15:41 - [Fold5 Val(EMA)] Seg — Lesion IoU: 0.0206 | Lesion Dice: 0.0402
2026-04-06 14:15:41 - [Fold5 Val(EMA)] Classification Report:
              precision    recall  f1-score   support

      benign     0.2406    0.7377    0.3629        61
    no_tumor     0.7241    0.2283    0.3471       184

    accuracy                         0.3551       245
   macro avg     0.4824    0.4830    0.3550       245
weighted avg     0.6038    0.3551    0.3510       245

2026-04-06 14:15:59 -   Fold5 Epoch [4/30] Loss: 1.5415 | Acc: 0.6535 | Dice: 0.9676 | 18.0s
2026-04-06 14:16:01 - [Fold5 Val(EMA)] Cls — Acc: 0.3551 | P(macro): 0.4824 | R(macro): 0.4830 | F1(macro): 0.3550
2026-04-06 14:16:01 - [Fold5 Val(EMA)] Seg — Lesion IoU: 0.0206 | Lesion Dice: 0.0403
2026-04-06 14:16:01 - [Fold5 Val(EMA)] Classification Report:
              precision    recall  f1-score   support

      benign     0.2406    0.7377    0.3629        61
    no_tumor     0.7241    0.2283    0.3471       184

    accuracy                         0.3551       245
   macro avg     0.4824    0.4830    0.3550       245
weighted avg     0.6038    0.3551    0.3510       245

2026-04-06 14:16:18 -   Fold5 Epoch [5/30] Loss: 1.5181 | Acc: 0.6677 | Dice: 0.9695 | 16.6s
2026-04-06 14:16:20 - [Fold5 Val(EMA)] Cls — Acc: 0.3633 | P(macro): 0.4883 | R(macro): 0.4884 | F1(macro): 0.3633
2026-04-06 14:16:20 - [Fold5 Val(EMA)] Seg — Lesion IoU: 0.0206 | Lesion Dice: 0.0404
2026-04-06 14:16:20 - [Fold5 Val(EMA)] Classification Report:
              precision    recall  f1-score   support

      benign     0.2432    0.7377    0.3659        61
    no_tumor     0.7333    0.2391    0.3607       184

    accuracy                         0.3633       245
   macro avg     0.4883    0.4884    0.3633       245
weighted avg     0.6113    0.3633    0.3619       245

2026-04-06 14:16:22 -   *** Fold5 Best: F1=0.3633 @ Epoch 5 ***
2026-04-06 14:16:39 -   Fold5 Epoch [6/30] Loss: 1.4415 | Acc: 0.6931 | Dice: 0.9757 | 17.7s
2026-04-06 14:16:41 - [Fold5 Val(EMA)] Cls — Acc: 0.3633 | P(macro): 0.4883 | R(macro): 0.4884 | F1(macro): 0.3633
2026-04-06 14:16:41 - [Fold5 Val(EMA)] Seg — Lesion IoU: 0.0207 | Lesion Dice: 0.0404
2026-04-06 14:16:41 - [Fold5 Val(EMA)] Classification Report:
              precision    recall  f1-score   support

      benign     0.2432    0.7377    0.3659        61
    no_tumor     0.7333    0.2391    0.3607       184

    accuracy                         0.3633       245
   macro avg     0.4883    0.4884    0.3633       245
weighted avg     0.6113    0.3633    0.3619       245

2026-04-06 14:16:59 -   Fold5 Epoch [7/30] Loss: 1.3819 | Acc: 0.6921 | Dice: 0.9792 | 17.9s
2026-04-06 14:17:01 - [Fold5 Val(EMA)] Cls — Acc: 0.3633 | P(macro): 0.4883 | R(macro): 0.4884 | F1(macro): 0.3633
2026-04-06 14:17:01 - [Fold5 Val(EMA)] Seg — Lesion IoU: 0.0207 | Lesion Dice: 0.0405
2026-04-06 14:17:01 - [Fold5 Val(EMA)] Classification Report:
              precision    recall  f1-score   support

      benign     0.2432    0.7377    0.3659        61
    no_tumor     0.7333    0.2391    0.3607       184

    accuracy                         0.3633       245
   macro avg     0.4883    0.4884    0.3633       245
weighted avg     0.6113    0.3633    0.3619       245

2026-04-06 14:17:18 -   Fold5 Epoch [8/30] Loss: 1.3634 | Acc: 0.7002 | Dice: 0.9798 | 16.6s
2026-04-06 14:17:20 - [Fold5 Val(EMA)] Cls — Acc: 0.3633 | P(macro): 0.4883 | R(macro): 0.4884 | F1(macro): 0.3633
2026-04-06 14:17:20 - [Fold5 Val(EMA)] Seg — Lesion IoU: 0.0207 | Lesion Dice: 0.0406
2026-04-06 14:17:20 - [Fold5 Val(EMA)] Classification Report:
              precision    recall  f1-score   support

      benign     0.2432    0.7377    0.3659        61
    no_tumor     0.7333    0.2391    0.3607       184

    accuracy                         0.3633       245
   macro avg     0.4883    0.4884    0.3633       245
weighted avg     0.6113    0.3633    0.3619       245

2026-04-06 14:17:37 -   Fold5 Epoch [9/30] Loss: 1.2939 | Acc: 0.7266 | Dice: 0.9822 | 17.7s
2026-04-06 14:17:39 - [Fold5 Val(EMA)] Cls — Acc: 0.3633 | P(macro): 0.4883 | R(macro): 0.4884 | F1(macro): 0.3633
2026-04-06 14:17:39 - [Fold5 Val(EMA)] Seg — Lesion IoU: 0.0208 | Lesion Dice: 0.0406
2026-04-06 14:17:39 - [Fold5 Val(EMA)] Classification Report:
              precision    recall  f1-score   support

      benign     0.2432    0.7377    0.3659        61
    no_tumor     0.7333    0.2391    0.3607       184

    accuracy                         0.3633       245
   macro avg     0.4883    0.4884    0.3633       245
weighted avg     0.6113    0.3633    0.3619       245

2026-04-06 14:17:58 -   Fold5 Epoch [10/30] Loss: 1.2622 | Acc: 0.7287 | Dice: 0.9843 | 18.2s
2026-04-06 14:18:00 - [Fold5 Val(EMA)] Cls — Acc: 0.3673 | P(macro): 0.4911 | R(macro): 0.4911 | F1(macro): 0.3673
2026-04-06 14:18:00 - [Fold5 Val(EMA)] Seg — Lesion IoU: 0.0208 | Lesion Dice: 0.0407
2026-04-06 14:18:00 - [Fold5 Val(EMA)] Classification Report:
              precision    recall  f1-score   support

      benign     0.2446    0.7377    0.3673        61
    no_tumor     0.7377    0.2446    0.3673       184

    accuracy                         0.3673       245
   macro avg     0.4911    0.4911    0.3673       245
weighted avg     0.6149    0.3673    0.3673       245

2026-04-06 14:18:02 -   *** Fold5 Best: F1=0.3673 @ Epoch 10 ***
2026-04-06 14:18:20 -   Fold5 Epoch [11/30] Loss: 1.2389 | Acc: 0.7419 | Dice: 0.9859 | 17.8s
2026-04-06 14:18:22 - [Fold5 Val(EMA)] Cls — Acc: 0.3714 | P(macro): 0.4939 | R(macro): 0.4939 | F1(macro): 0.3714
2026-04-06 14:18:22 - [Fold5 Val(EMA)] Seg — Lesion IoU: 0.0208 | Lesion Dice: 0.0407
2026-04-06 14:18:22 - [Fold5 Val(EMA)] Classification Report:
              precision    recall  f1-score   support

      benign     0.2459    0.7377    0.3689        61
    no_tumor     0.7419    0.2500    0.3740       184

    accuracy                         0.3714       245
   macro avg     0.4939    0.4939    0.3714       245
weighted avg     0.6184    0.3714    0.3727       245

2026-04-06 14:18:24 -   *** Fold5 Best: F1=0.3714 @ Epoch 11 ***
2026-04-06 14:18:41 -   Fold5 Epoch [12/30] Loss: 1.2152 | Acc: 0.7581 | Dice: 0.9872 | 16.7s
2026-04-06 14:18:43 - [Fold5 Val(EMA)] Cls — Acc: 0.3755 | P(macro): 0.4966 | R(macro): 0.4966 | F1(macro): 0.3755
2026-04-06 14:18:43 - [Fold5 Val(EMA)] Seg — Lesion IoU: 0.0209 | Lesion Dice: 0.0408
2026-04-06 14:18:43 - [Fold5 Val(EMA)] Classification Report:
              precision    recall  f1-score   support

      benign     0.2473    0.7377    0.3704        61
    no_tumor     0.7460    0.2554    0.3806       184

    accuracy                         0.3755       245
   macro avg     0.4966    0.4966    0.3755       245
weighted avg     0.6218    0.3755    0.3780       245

2026-04-06 14:18:46 -   *** Fold5 Best: F1=0.3755 @ Epoch 12 ***
2026-04-06 14:19:03 -   Fold5 Epoch [13/30] Loss: 1.1585 | Acc: 0.7967 | Dice: 0.9875 | 17.0s
2026-04-06 14:19:05 - [Fold5 Val(EMA)] Cls — Acc: 0.3755 | P(macro): 0.4966 | R(macro): 0.4966 | F1(macro): 0.3755
2026-04-06 14:19:05 - [Fold5 Val(EMA)] Seg — Lesion IoU: 0.0209 | Lesion Dice: 0.0409
2026-04-06 14:19:05 - [Fold5 Val(EMA)] Classification Report:
              precision    recall  f1-score   support

      benign     0.2473    0.7377    0.3704        61
    no_tumor     0.7460    0.2554    0.3806       184

    accuracy                         0.3755       245
   macro avg     0.4966    0.4966    0.3755       245
weighted avg     0.6218    0.3755    0.3780       245

2026-04-06 14:19:21 -   Fold5 Epoch [14/30] Loss: 1.1274 | Acc: 0.7907 | Dice: 0.9873 | 16.6s
2026-04-06 14:19:24 - [Fold5 Val(EMA)] Cls — Acc: 0.3755 | P(macro): 0.4966 | R(macro): 0.4966 | F1(macro): 0.3755
2026-04-06 14:19:24 - [Fold5 Val(EMA)] Seg — Lesion IoU: 0.0209 | Lesion Dice: 0.0409
2026-04-06 14:19:24 - [Fold5 Val(EMA)] Classification Report:
              precision    recall  f1-score   support

      benign     0.2473    0.7377    0.3704        61
    no_tumor     0.7460    0.2554    0.3806       184

    accuracy                         0.3755       245
   macro avg     0.4966    0.4966    0.3755       245
weighted avg     0.6218    0.3755    0.3780       245

2026-04-06 14:19:41 -   Fold5 Epoch [15/30] Loss: 1.0990 | Acc: 0.8242 | Dice: 0.9869 | 17.1s
2026-04-06 14:19:43 - [Fold5 Val(EMA)] Cls — Acc: 0.3796 | P(macro): 0.4993 | R(macro): 0.4993 | F1(macro): 0.3795
2026-04-06 14:19:43 - [Fold5 Val(EMA)] Seg — Lesion IoU: 0.0210 | Lesion Dice: 0.0410
2026-04-06 14:19:43 - [Fold5 Val(EMA)] Classification Report:
              precision    recall  f1-score   support

      benign     0.2486    0.7377    0.3719        61
    no_tumor     0.7500    0.2609    0.3871       184

    accuracy                         0.3796       245
   macro avg     0.4993    0.4993    0.3795       245
weighted avg     0.6252    0.3796    0.3833       245

2026-04-06 14:19:45 -   *** Fold5 Best: F1=0.3795 @ Epoch 15 ***
2026-04-06 14:20:02 -   Fold5 Epoch [16/30] Loss: 1.0247 | Acc: 0.8587 | Dice: 0.9882 | 17.1s
2026-04-06 14:20:05 - [Fold5 Val(EMA)] Cls — Acc: 0.3796 | P(macro): 0.4993 | R(macro): 0.4993 | F1(macro): 0.3795
2026-04-06 14:20:05 - [Fold5 Val(EMA)] Seg — Lesion IoU: 0.0210 | Lesion Dice: 0.0410
2026-04-06 14:20:05 - [Fold5 Val(EMA)] Classification Report:
              precision    recall  f1-score   support

      benign     0.2486    0.7377    0.3719        61
    no_tumor     0.7500    0.2609    0.3871       184

    accuracy                         0.3796       245
   macro avg     0.4993    0.4993    0.3795       245
weighted avg     0.6252    0.3796    0.3833       245

2026-04-06 14:20:21 -   Fold5 Epoch [17/30] Loss: 0.9685 | Acc: 0.8709 | Dice: 0.9895 | 16.1s
2026-04-06 14:20:23 - [Fold5 Val(EMA)] Cls — Acc: 0.3796 | P(macro): 0.4993 | R(macro): 0.4993 | F1(macro): 0.3795
2026-04-06 14:20:23 - [Fold5 Val(EMA)] Seg — Lesion IoU: 0.0210 | Lesion Dice: 0.0411
2026-04-06 14:20:23 - [Fold5 Val(EMA)] Classification Report:
              precision    recall  f1-score   support

      benign     0.2486    0.7377    0.3719        61
    no_tumor     0.7500    0.2609    0.3871       184

    accuracy                         0.3796       245
   macro avg     0.4993    0.4993    0.3795       245
weighted avg     0.6252    0.3796    0.3833       245

2026-04-06 14:20:40 -   Fold5 Epoch [18/30] Loss: 1.0163 | Acc: 0.8516 | Dice: 0.9891 | 16.5s
2026-04-06 14:20:41 - [Fold5 Val(EMA)] Cls — Acc: 0.3878 | P(macro): 0.5045 | R(macro): 0.5047 | F1(macro): 0.3875
2026-04-06 14:20:41 - [Fold5 Val(EMA)] Seg — Lesion IoU: 0.0210 | Lesion Dice: 0.0412
2026-04-06 14:20:41 - [Fold5 Val(EMA)] Classification Report:
              precision    recall  f1-score   support

      benign     0.2514    0.7377    0.3750        61
    no_tumor     0.7576    0.2717    0.4000       184

    accuracy                         0.3878       245
   macro avg     0.5045    0.5047    0.3875       245
weighted avg     0.6315    0.3878    0.3938       245

2026-04-06 14:20:44 -   *** Fold5 Best: F1=0.3875 @ Epoch 18 ***
2026-04-06 14:21:00 -   Fold5 Epoch [19/30] Loss: 0.9388 | Acc: 0.8913 | Dice: 0.9894 | 16.1s
2026-04-06 14:21:02 - [Fold5 Val(EMA)] Cls — Acc: 0.3878 | P(macro): 0.5045 | R(macro): 0.5047 | F1(macro): 0.3875
2026-04-06 14:21:02 - [Fold5 Val(EMA)] Seg — Lesion IoU: 0.0211 | Lesion Dice: 0.0412
2026-04-06 14:21:02 - [Fold5 Val(EMA)] Classification Report:
              precision    recall  f1-score   support

      benign     0.2514    0.7377    0.3750        61
    no_tumor     0.7576    0.2717    0.4000       184

    accuracy                         0.3878       245
   macro avg     0.5045    0.5047    0.3875       245
weighted avg     0.6315    0.3878    0.3938       245

2026-04-06 14:21:18 -   Fold5 Epoch [20/30] Loss: 0.9124 | Acc: 0.8811 | Dice: 0.9896 | 16.1s
2026-04-06 14:21:20 - [Fold5 Val(EMA)] Cls — Acc: 0.3878 | P(macro): 0.5045 | R(macro): 0.5047 | F1(macro): 0.3875
2026-04-06 14:21:20 - [Fold5 Val(EMA)] Seg — Lesion IoU: 0.0211 | Lesion Dice: 0.0413
2026-04-06 14:21:20 - [Fold5 Val(EMA)] Classification Report:
              precision    recall  f1-score   support

      benign     0.2514    0.7377    0.3750        61
    no_tumor     0.7576    0.2717    0.4000       184

    accuracy                         0.3878       245
   macro avg     0.5045    0.5047    0.3875       245
weighted avg     0.6315    0.3878    0.3938       245

2026-04-06 14:21:36 -   Fold5 Epoch [21/30] Loss: 0.9233 | Acc: 0.8760 | Dice: 0.9904 | 16.2s
2026-04-06 14:21:38 - [Fold5 Val(EMA)] Cls — Acc: 0.3918 | P(macro): 0.5070 | R(macro): 0.5074 | F1(macro): 0.3915
2026-04-06 14:21:38 - [Fold5 Val(EMA)] Seg — Lesion IoU: 0.0212 | Lesion Dice: 0.0414
2026-04-06 14:21:38 - [Fold5 Val(EMA)] Classification Report:
              precision    recall  f1-score   support

      benign     0.2528    0.7377    0.3766        61
    no_tumor     0.7612    0.2772    0.4064       184

    accuracy                         0.3918       245
   macro avg     0.5070    0.5074    0.3915       245
weighted avg     0.6346    0.3918    0.3990       245

2026-04-06 14:21:40 -   *** Fold5 Best: F1=0.3915 @ Epoch 21 ***
2026-04-06 14:21:57 -   Fold5 Epoch [22/30] Loss: 0.8797 | Acc: 0.9014 | Dice: 0.9906 | 16.7s
2026-04-06 14:21:59 - [Fold5 Val(EMA)] Cls — Acc: 0.3918 | P(macro): 0.5070 | R(macro): 0.5074 | F1(macro): 0.3915
2026-04-06 14:21:59 - [Fold5 Val(EMA)] Seg — Lesion IoU: 0.0212 | Lesion Dice: 0.0414
2026-04-06 14:21:59 - [Fold5 Val(EMA)] Classification Report:
              precision    recall  f1-score   support

      benign     0.2528    0.7377    0.3766        61
    no_tumor     0.7612    0.2772    0.4064       184

    accuracy                         0.3918       245
   macro avg     0.5070    0.5074    0.3915       245
weighted avg     0.6346    0.3918    0.3990       245

2026-04-06 14:22:15 -   Fold5 Epoch [23/30] Loss: 0.8719 | Acc: 0.9106 | Dice: 0.9908 | 16.3s
2026-04-06 14:22:17 - [Fold5 Val(EMA)] Cls — Acc: 0.3918 | P(macro): 0.5070 | R(macro): 0.5074 | F1(macro): 0.3915
2026-04-06 14:22:17 - [Fold5 Val(EMA)] Seg — Lesion IoU: 0.0212 | Lesion Dice: 0.0415
2026-04-06 14:22:17 - [Fold5 Val(EMA)] Classification Report:
              precision    recall  f1-score   support

      benign     0.2528    0.7377    0.3766        61
    no_tumor     0.7612    0.2772    0.4064       184

    accuracy                         0.3918       245
   macro avg     0.5070    0.5074    0.3915       245
weighted avg     0.6346    0.3918    0.3990       245

2026-04-06 14:22:34 -   Fold5 Epoch [24/30] Loss: 0.8712 | Acc: 0.9136 | Dice: 0.9909 | 16.7s
2026-04-06 14:22:35 - [Fold5 Val(EMA)] Cls — Acc: 0.3918 | P(macro): 0.5070 | R(macro): 0.5074 | F1(macro): 0.3915
2026-04-06 14:22:35 - [Fold5 Val(EMA)] Seg — Lesion IoU: 0.0213 | Lesion Dice: 0.0416
2026-04-06 14:22:35 - [Fold5 Val(EMA)] Classification Report:
              precision    recall  f1-score   support

      benign     0.2528    0.7377    0.3766        61
    no_tumor     0.7612    0.2772    0.4064       184

    accuracy                         0.3918       245
   macro avg     0.5070    0.5074    0.3915       245
weighted avg     0.6346    0.3918    0.3990       245

2026-04-06 14:22:52 -   Fold5 Epoch [25/30] Loss: 0.8404 | Acc: 0.9167 | Dice: 0.9914 | 16.3s
2026-04-06 14:22:53 - [Fold5 Val(EMA)] Cls — Acc: 0.3918 | P(macro): 0.5070 | R(macro): 0.5074 | F1(macro): 0.3915
2026-04-06 14:22:53 - [Fold5 Val(EMA)] Seg — Lesion IoU: 0.0213 | Lesion Dice: 0.0416
2026-04-06 14:22:53 - [Fold5 Val(EMA)] Classification Report:
              precision    recall  f1-score   support

      benign     0.2528    0.7377    0.3766        61
    no_tumor     0.7612    0.2772    0.4064       184

    accuracy                         0.3918       245
   macro avg     0.5070    0.5074    0.3915       245
weighted avg     0.6346    0.3918    0.3990       245

2026-04-06 14:23:09 -   Fold5 Epoch [26/30] Loss: 0.8458 | Acc: 0.9217 | Dice: 0.9913 | 16.0s
2026-04-06 14:23:12 - [Fold5 Val(EMA)] Cls — Acc: 0.3918 | P(macro): 0.5070 | R(macro): 0.5074 | F1(macro): 0.3915
2026-04-06 14:23:12 - [Fold5 Val(EMA)] Seg — Lesion IoU: 0.0213 | Lesion Dice: 0.0417
2026-04-06 14:23:12 - [Fold5 Val(EMA)] Classification Report:
              precision    recall  f1-score   support

      benign     0.2528    0.7377    0.3766        61
    no_tumor     0.7612    0.2772    0.4064       184

    accuracy                         0.3918       245
   macro avg     0.5070    0.5074    0.3915       245
weighted avg     0.6346    0.3918    0.3990       245

2026-04-06 14:23:29 -   Fold5 Epoch [27/30] Loss: 0.8145 | Acc: 0.9289 | Dice: 0.9914 | 17.7s
2026-04-06 14:23:31 - [Fold5 Val(EMA)] Cls — Acc: 0.3918 | P(macro): 0.5070 | R(macro): 0.5074 | F1(macro): 0.3915
2026-04-06 14:23:31 - [Fold5 Val(EMA)] Seg — Lesion IoU: 0.0214 | Lesion Dice: 0.0418
2026-04-06 14:23:31 - [Fold5 Val(EMA)] Classification Report:
              precision    recall  f1-score   support

      benign     0.2528    0.7377    0.3766        61
    no_tumor     0.7612    0.2772    0.4064       184

    accuracy                         0.3918       245
   macro avg     0.5070    0.5074    0.3915       245
weighted avg     0.6346    0.3918    0.3990       245

2026-04-06 14:23:47 -   Fold5 Epoch [28/30] Loss: 0.7962 | Acc: 0.9197 | Dice: 0.9916 | 15.7s
2026-04-06 14:23:49 - [Fold5 Val(EMA)] Cls — Acc: 0.3918 | P(macro): 0.5070 | R(macro): 0.5074 | F1(macro): 0.3915
2026-04-06 14:23:49 - [Fold5 Val(EMA)] Seg — Lesion IoU: 0.0214 | Lesion Dice: 0.0418
2026-04-06 14:23:49 - [Fold5 Val(EMA)] Classification Report:
              precision    recall  f1-score   support

      benign     0.2528    0.7377    0.3766        61
    no_tumor     0.7612    0.2772    0.4064       184

    accuracy                         0.3918       245
   macro avg     0.5070    0.5074    0.3915       245
weighted avg     0.6346    0.3918    0.3990       245

2026-04-06 14:24:05 -   Fold5 Epoch [29/30] Loss: 0.8275 | Acc: 0.9217 | Dice: 0.9917 | 16.4s
2026-04-06 14:24:07 - [Fold5 Val(EMA)] Cls — Acc: 0.3918 | P(macro): 0.5070 | R(macro): 0.5074 | F1(macro): 0.3915
2026-04-06 14:24:07 - [Fold5 Val(EMA)] Seg — Lesion IoU: 0.0214 | Lesion Dice: 0.0419
2026-04-06 14:24:07 - [Fold5 Val(EMA)] Classification Report:
              precision    recall  f1-score   support

      benign     0.2528    0.7377    0.3766        61
    no_tumor     0.7612    0.2772    0.4064       184

    accuracy                         0.3918       245
   macro avg     0.5070    0.5074    0.3915       245
weighted avg     0.6346    0.3918    0.3990       245

2026-04-06 14:24:07 -   Fold5 Early stopping @ Epoch 29
2026-04-06 14:24:07 - 
Fold 5 最优: Epoch 21, Val F1: 0.3915
2026-04-06 14:24:10 - [Fold5 Test] Cls — Acc: 0.3862 | P(macro): 0.5115 | R(macro): 0.5118 | F1(macro): 0.3862
2026-04-06 14:24:10 - [Fold5 Test] Seg — Lesion IoU: 0.0205 | Lesion Dice: 0.0401
2026-04-06 14:24:10 - [Fold5 Test] Classification Report:
              precision    recall  f1-score   support

      benign     0.2526    0.7597    0.3791       129
    no_tumor     0.7704    0.2640    0.3932       394

    accuracy                         0.3862       523
   macro avg     0.5115    0.5118    0.3862       523
weighted avg     0.6427    0.3862    0.3897       523

2026-04-06 14:24:11 -   Fold5 权重已保存: /data1/ouyangxinglong/GBP-Cascade/0406/logs/20260406_task2_SwinV2Tiny_segcls_14/fold5_best.pth
2026-04-06 14:24:11 - 
======================================================================
2026-04-06 14:24:11 - 各 Fold 结果汇总
2026-04-06 14:24:11 - ======================================================================
2026-04-06 14:24:11 -   Fold 1: Val F1=0.2013, Test F1=0.1966
2026-04-06 14:24:11 -   Fold 2: Val F1=0.4279, Test F1=0.4297
2026-04-06 14:24:11 -   Fold 3: Val F1=0.4044, Test F1=0.4148
2026-04-06 14:24:11 -   Fold 4: Val F1=0.5130, Test F1=0.5176
2026-04-06 14:24:11 -   Fold 5: Val F1=0.3915, Test F1=0.3862
2026-04-06 14:24:11 -   平均: Val F1=0.3876±0.1023, Test F1=0.3890±0.1057
2026-04-06 14:24:11 - 
======================================================================
2026-04-06 14:24:11 - 集成推理: 5 fold models
2026-04-06 14:24:11 - ======================================================================
2026-04-06 14:26:10 - [Ensemble (no TTA)] Acc: 0.6616 | P: 0.4988 | R: 0.4990 | F1: 0.4956
2026-04-06 14:26:10 - [Ensemble (no TTA)] Report:
              precision    recall  f1-score   support

      benign     0.2447    0.1783    0.2063       129
    no_tumor     0.7529    0.8198    0.7849       394

    accuracy                         0.6616       523
   macro avg     0.4988    0.4990    0.4956       523
weighted avg     0.6276    0.6616    0.6422       523

2026-04-06 14:26:10 - [Ensemble (no TTA)] 最优阈值: 0.500 (F1: 0.4956)
2026-04-06 14:26:48 - 
[Ensemble + TTA] Acc: 0.6941 | P: 0.4896 | R: 0.4946 | F1: 0.4769
2026-04-06 14:26:48 - [Ensemble + TTA] Report:
              precision    recall  f1-score   support

      benign     0.2281    0.1008    0.1398       129
    no_tumor     0.7511    0.8883    0.8140       394

    accuracy                         0.6941       523
   macro avg     0.4896    0.4946    0.4769       523
weighted avg     0.6221    0.6941    0.6477       523

2026-04-06 14:26:48 - [Ensemble + TTA] 最优阈值: 0.495 (F1: 0.5023)
2026-04-06 14:26:48 - 
======================================================================
2026-04-06 14:26:48 - 最终结果汇总
2026-04-06 14:26:48 - ======================================================================
2026-04-06 14:26:48 -   单模型平均 Test F1: 0.3890
2026-04-06 14:26:48 -   集成 (无 TTA) F1:   0.4956 (阈值优化: 0.4956)
2026-04-06 14:26:48 -   集成 + TTA F1:      0.4769 (阈值优化: 0.5023)
2026-04-06 14:26:48 - 脚本已复制到: /data1/ouyangxinglong/GBP-Cascade/0406/logs/20260406_task2_SwinV2Tiny_segcls_14/20260406_task2_SwinV2Tiny_segcls_14.py
