2026-03-18 16:34:44 - ============================================================
2026-03-18 16:34:44 - 实验名称: 20260318_task2_EfficientnetB0_baseline_1
2026-03-18 16:34:44 - 任务: Task 2 - 良性肿瘤(0) vs 非肿瘤性息肉(1)
2026-03-18 16:34:44 - 模型: EfficientNet-B0 (ImageNet预训练)
2026-03-18 16:34:44 - 修改: baseline (仅替换backbone, 全参数微调, 无数据增强)
2026-03-18 16:34:44 - 图像尺寸: 224
2026-03-18 16:34:44 - Batch Size: 32
2026-03-18 16:34:44 - 学习率: 0.001
2026-03-18 16:34:44 - Weight Decay: 0.0001
2026-03-18 16:34:44 - Epochs: 100
2026-03-18 16:34:44 - 设备: cuda
2026-03-18 16:34:44 - ============================================================
2026-03-18 16:34:44 - 训练集: 1303 张 (benign=309, no_tumor=994)
2026-03-18 16:34:44 - 测试集: 564 张 (benign=129, no_tumor=435)
2026-03-18 16:34:45 - 模型参数量: 4,010,110
2026-03-18 16:34:45 - 可训练参数量: 4,010,110
2026-03-18 16:34:45 - 
============================================================
2026-03-18 16:34:45 - 开始训练
2026-03-18 16:34:45 - ============================================================
2026-03-18 16:34:51 - Epoch [1/100] LR: 0.001000 | Loss: 0.5648 | Train Acc: 0.7483 | Time: 6.0s
2026-03-18 16:34:54 - Epoch [2/100] LR: 0.001000 | Loss: 0.4584 | Train Acc: 0.7851 | Time: 3.2s
2026-03-18 16:34:59 - Epoch [3/100] LR: 0.001000 | Loss: 0.3828 | Train Acc: 0.8365 | Time: 4.6s
2026-03-18 16:34:59 - ----------------------------------------
2026-03-18 16:35:00 - [Test] Acc: 0.6631 | Precision(macro): 0.5366 | Recall(macro): 0.5389 | F1(macro): 0.5374
2026-03-18 16:35:00 - [Test] Classification Report:
              precision    recall  f1-score   support

      benign     0.2837    0.3101    0.2963       129
    no_tumor     0.7896    0.7678    0.7786       435

    accuracy                         0.6631       564
   macro avg     0.5366    0.5389    0.5374       564
weighted avg     0.6739    0.6631    0.6683       564

2026-03-18 16:35:00 - *** 保存最优模型 (F1: 0.5374, Epoch: 3) ***
2026-03-18 16:35:00 - ----------------------------------------
2026-03-18 16:35:05 - Epoch [4/100] LR: 0.001000 | Loss: 0.2990 | Train Acc: 0.8803 | Time: 4.4s
2026-03-18 16:35:09 - Epoch [5/100] LR: 0.001000 | Loss: 0.3083 | Train Acc: 0.8734 | Time: 4.5s
2026-03-18 16:35:13 - Epoch [6/100] LR: 0.001000 | Loss: 0.2000 | Train Acc: 0.9125 | Time: 3.6s
2026-03-18 16:35:13 - ----------------------------------------
2026-03-18 16:35:14 - [Test] Acc: 0.7057 | Precision(macro): 0.5629 | Recall(macro): 0.5556 | F1(macro): 0.5580
2026-03-18 16:35:14 - [Test] Classification Report:
              precision    recall  f1-score   support

      benign     0.3303    0.2791    0.3025       129
    no_tumor     0.7956    0.8322    0.8135       435

    accuracy                         0.7057       564
   macro avg     0.5629    0.5556    0.5580       564
weighted avg     0.6892    0.7057    0.6966       564

2026-03-18 16:35:14 - *** 保存最优模型 (F1: 0.5580, Epoch: 6) ***
2026-03-18 16:35:14 - ----------------------------------------
2026-03-18 16:35:18 - Epoch [7/100] LR: 0.001000 | Loss: 0.1665 | Train Acc: 0.9386 | Time: 4.3s
2026-03-18 16:35:22 - Epoch [8/100] LR: 0.001000 | Loss: 0.0890 | Train Acc: 0.9701 | Time: 4.1s
2026-03-18 16:35:26 - Epoch [9/100] LR: 0.001000 | Loss: 0.1315 | Train Acc: 0.9593 | Time: 3.8s
2026-03-18 16:35:26 - ----------------------------------------
2026-03-18 16:35:27 - [Test] Acc: 0.7287 | Precision(macro): 0.5821 | Recall(macro): 0.5624 | F1(macro): 0.5665
2026-03-18 16:35:27 - [Test] Classification Report:
              precision    recall  f1-score   support

      benign     0.3667    0.2558    0.3014       129
    no_tumor     0.7975    0.8690    0.8317       435

    accuracy                         0.7287       564
   macro avg     0.5821    0.5624    0.5665       564
weighted avg     0.6989    0.7287    0.7104       564

2026-03-18 16:35:28 - *** 保存最优模型 (F1: 0.5665, Epoch: 9) ***
2026-03-18 16:35:28 - ----------------------------------------
2026-03-18 16:35:31 - Epoch [10/100] LR: 0.001000 | Loss: 0.0980 | Train Acc: 0.9685 | Time: 3.5s
2026-03-18 16:35:35 - Epoch [11/100] LR: 0.001000 | Loss: 0.0905 | Train Acc: 0.9724 | Time: 3.7s
2026-03-18 16:35:39 - Epoch [12/100] LR: 0.001000 | Loss: 0.0941 | Train Acc: 0.9662 | Time: 4.5s
2026-03-18 16:35:39 - ----------------------------------------
2026-03-18 16:35:40 - [Test] Acc: 0.7181 | Precision(macro): 0.5997 | Recall(macro): 0.5991 | F1(macro): 0.5994
2026-03-18 16:35:40 - [Test] Classification Report:
              precision    recall  f1-score   support

      benign     0.3828    0.3798    0.3813       129
    no_tumor     0.8165    0.8184    0.8175       435

    accuracy                         0.7181       564
   macro avg     0.5997    0.5991    0.5994       564
weighted avg     0.7173    0.7181    0.7177       564

2026-03-18 16:35:40 - *** 保存最优模型 (F1: 0.5994, Epoch: 12) ***
2026-03-18 16:35:40 - ----------------------------------------
2026-03-18 16:35:44 - Epoch [13/100] LR: 0.001000 | Loss: 0.0552 | Train Acc: 0.9808 | Time: 3.9s
2026-03-18 16:35:48 - Epoch [14/100] LR: 0.001000 | Loss: 0.1048 | Train Acc: 0.9586 | Time: 4.0s
2026-03-18 16:35:52 - Epoch [15/100] LR: 0.001000 | Loss: 0.0729 | Train Acc: 0.9708 | Time: 3.7s
2026-03-18 16:35:52 - ----------------------------------------
2026-03-18 16:35:53 - [Test] Acc: 0.7163 | Precision(macro): 0.5673 | Recall(macro): 0.5543 | F1(macro): 0.5573
2026-03-18 16:35:53 - [Test] Classification Report:
              precision    recall  f1-score   support

      benign     0.3402    0.2558    0.2920       129
    no_tumor     0.7944    0.8529    0.8226       435

    accuracy                         0.7163       564
   macro avg     0.5673    0.5543    0.5573       564
weighted avg     0.6905    0.7163    0.7013       564

2026-03-18 16:35:53 - ----------------------------------------
2026-03-18 16:35:57 - Epoch [16/100] LR: 0.001000 | Loss: 0.0308 | Train Acc: 0.9900 | Time: 3.9s
2026-03-18 16:36:01 - Epoch [17/100] LR: 0.001000 | Loss: 0.0518 | Train Acc: 0.9793 | Time: 4.0s
2026-03-18 16:36:06 - Epoch [18/100] LR: 0.001000 | Loss: 0.0457 | Train Acc: 0.9854 | Time: 4.8s
2026-03-18 16:36:06 - ----------------------------------------
2026-03-18 16:36:07 - [Test] Acc: 0.7004 | Precision(macro): 0.5725 | Recall(macro): 0.5713 | F1(macro): 0.5718
2026-03-18 16:36:07 - [Test] Classification Report:
              precision    recall  f1-score   support

      benign     0.3413    0.3333    0.3373       129
    no_tumor     0.8037    0.8092    0.8064       435

    accuracy                         0.7004       564
   macro avg     0.5725    0.5713    0.5718       564
weighted avg     0.6979    0.7004    0.6991       564

2026-03-18 16:36:07 - ----------------------------------------
2026-03-18 16:36:11 - Epoch [19/100] LR: 0.001000 | Loss: 0.0560 | Train Acc: 0.9785 | Time: 4.1s
2026-03-18 16:36:15 - Epoch [20/100] LR: 0.001000 | Loss: 0.0678 | Train Acc: 0.9770 | Time: 3.9s
2026-03-18 16:36:19 - Epoch [21/100] LR: 0.001000 | Loss: 0.0372 | Train Acc: 0.9854 | Time: 4.3s
2026-03-18 16:36:19 - ----------------------------------------
2026-03-18 16:36:20 - [Test] Acc: 0.6879 | Precision(macro): 0.5716 | Recall(macro): 0.5769 | F1(macro): 0.5737
2026-03-18 16:36:20 - [Test] Classification Report:
              precision    recall  f1-score   support

      benign     0.3357    0.3721    0.3529       129
    no_tumor     0.8076    0.7816    0.7944       435

    accuracy                         0.6879       564
   macro avg     0.5716    0.5769    0.5737       564
weighted avg     0.6997    0.6879    0.6934       564

2026-03-18 16:36:20 - ----------------------------------------
2026-03-18 16:36:24 - Epoch [22/100] LR: 0.001000 | Loss: 0.0315 | Train Acc: 0.9870 | Time: 4.3s
2026-03-18 16:36:28 - Epoch [23/100] LR: 0.001000 | Loss: 0.0574 | Train Acc: 0.9800 | Time: 3.8s
2026-03-18 16:36:32 - Epoch [24/100] LR: 0.001000 | Loss: 0.0316 | Train Acc: 0.9900 | Time: 4.0s
2026-03-18 16:36:32 - ----------------------------------------
2026-03-18 16:36:33 - [Test] Acc: 0.7092 | Precision(macro): 0.5843 | Recall(macro): 0.5825 | F1(macro): 0.5833
2026-03-18 16:36:33 - [Test] Classification Report:
              precision    recall  f1-score   support

      benign     0.3600    0.3488    0.3543       129
    no_tumor     0.8087    0.8161    0.8124       435

    accuracy                         0.7092       564
   macro avg     0.5843    0.5825    0.5833       564
weighted avg     0.7060    0.7092    0.7076       564

2026-03-18 16:36:33 - ----------------------------------------
2026-03-18 16:36:37 - Epoch [25/100] LR: 0.001000 | Loss: 0.0816 | Train Acc: 0.9701 | Time: 3.7s
2026-03-18 16:36:41 - Epoch [26/100] LR: 0.001000 | Loss: 0.0488 | Train Acc: 0.9862 | Time: 4.3s
2026-03-18 16:36:45 - Epoch [27/100] LR: 0.001000 | Loss: 0.0231 | Train Acc: 0.9923 | Time: 3.8s
2026-03-18 16:36:45 - ----------------------------------------
2026-03-18 16:36:46 - [Test] Acc: 0.7128 | Precision(macro): 0.5743 | Recall(macro): 0.5657 | F1(macro): 0.5687
2026-03-18 16:36:46 - [Test] Classification Report:
              precision    recall  f1-score   support

      benign     0.3486    0.2946    0.3193       129
    no_tumor     0.8000    0.8368    0.8180       435

    accuracy                         0.7128       564
   macro avg     0.5743    0.5657    0.5687       564
weighted avg     0.6968    0.7128    0.7039       564

2026-03-18 16:36:46 - ----------------------------------------
2026-03-18 16:36:50 - Epoch [28/100] LR: 0.001000 | Loss: 0.0288 | Train Acc: 0.9900 | Time: 3.8s
2026-03-18 16:36:55 - Epoch [29/100] LR: 0.001000 | Loss: 0.0148 | Train Acc: 0.9946 | Time: 4.5s
2026-03-18 16:36:59 - Epoch [30/100] LR: 0.001000 | Loss: 0.0163 | Train Acc: 0.9939 | Time: 4.3s
2026-03-18 16:36:59 - ----------------------------------------
2026-03-18 16:37:00 - [Test] Acc: 0.7358 | Precision(macro): 0.5894 | Recall(macro): 0.5643 | F1(macro): 0.5688
2026-03-18 16:37:00 - [Test] Classification Report:
              precision    recall  f1-score   support

      benign     0.3810    0.2481    0.3005       129
    no_tumor     0.7979    0.8805    0.8372       435

    accuracy                         0.7358       564
   macro avg     0.5894    0.5643    0.5688       564
weighted avg     0.7025    0.7358    0.7144       564

2026-03-18 16:37:00 - ----------------------------------------
2026-03-18 16:37:04 - Epoch [31/100] LR: 0.001000 | Loss: 0.0641 | Train Acc: 0.9793 | Time: 3.8s
2026-03-18 16:37:08 - Epoch [32/100] LR: 0.001000 | Loss: 0.1279 | Train Acc: 0.9609 | Time: 4.4s
2026-03-18 16:37:13 - Epoch [33/100] LR: 0.001000 | Loss: 0.0431 | Train Acc: 0.9854 | Time: 4.1s
2026-03-18 16:37:13 - ----------------------------------------
2026-03-18 16:37:14 - [Test] Acc: 0.7394 | Precision(macro): 0.5925 | Recall(macro): 0.5638 | F1(macro): 0.5683
2026-03-18 16:37:14 - [Test] Classification Report:
              precision    recall  f1-score   support

      benign     0.3875    0.2403    0.2967       129
    no_tumor     0.7975    0.8874    0.8400       435

    accuracy                         0.7394       564
   macro avg     0.5925    0.5638    0.5683       564
weighted avg     0.7037    0.7394    0.7158       564

2026-03-18 16:37:14 - ----------------------------------------
2026-03-18 16:37:18 - Epoch [34/100] LR: 0.001000 | Loss: 0.0165 | Train Acc: 0.9939 | Time: 4.3s
2026-03-18 16:37:21 - Epoch [35/100] LR: 0.001000 | Loss: 0.0148 | Train Acc: 0.9962 | Time: 3.5s
2026-03-18 16:37:26 - Epoch [36/100] LR: 0.001000 | Loss: 0.0161 | Train Acc: 0.9954 | Time: 4.1s
2026-03-18 16:37:26 - ----------------------------------------
2026-03-18 16:37:27 - [Test] Acc: 0.7394 | Precision(macro): 0.5905 | Recall(macro): 0.5611 | F1(macro): 0.5651
2026-03-18 16:37:27 - [Test] Classification Report:
              precision    recall  f1-score   support

      benign     0.3846    0.2326    0.2899       129
    no_tumor     0.7963    0.8897    0.8404       435

    accuracy                         0.7394       564
   macro avg     0.5905    0.5611    0.5651       564
weighted avg     0.7021    0.7394    0.7145       564

2026-03-18 16:37:27 - ----------------------------------------
2026-03-18 16:37:31 - Epoch [37/100] LR: 0.001000 | Loss: 0.0589 | Train Acc: 0.9785 | Time: 4.4s
2026-03-18 16:37:35 - Epoch [38/100] LR: 0.001000 | Loss: 0.0482 | Train Acc: 0.9793 | Time: 4.1s
2026-03-18 16:37:39 - Epoch [39/100] LR: 0.001000 | Loss: 0.0219 | Train Acc: 0.9923 | Time: 3.5s
2026-03-18 16:37:39 - ----------------------------------------
2026-03-18 16:37:40 - [Test] Acc: 0.7642 | Precision(macro): 0.6308 | Recall(macro): 0.5663 | F1(macro): 0.5700
2026-03-18 16:37:40 - [Test] Classification Report:
              precision    recall  f1-score   support

      benign     0.4643    0.2016    0.2811       129
    no_tumor     0.7972    0.9310    0.8590       435

    accuracy                         0.7642       564
   macro avg     0.6308    0.5663    0.5700       564
weighted avg     0.7211    0.7642    0.7268       564

2026-03-18 16:37:40 - ----------------------------------------
2026-03-18 16:37:44 - Epoch [40/100] LR: 0.001000 | Loss: 0.0160 | Train Acc: 0.9939 | Time: 4.2s
2026-03-18 16:37:48 - Epoch [41/100] LR: 0.001000 | Loss: 0.0250 | Train Acc: 0.9908 | Time: 4.3s
2026-03-18 16:37:53 - Epoch [42/100] LR: 0.001000 | Loss: 0.0419 | Train Acc: 0.9885 | Time: 4.4s
2026-03-18 16:37:53 - ----------------------------------------
2026-03-18 16:37:54 - [Test] Acc: 0.7624 | Precision(macro): 0.6206 | Recall(macro): 0.5542 | F1(macro): 0.5531
2026-03-18 16:37:54 - [Test] Classification Report:
              precision    recall  f1-score   support

      benign     0.4490    0.1705    0.2472       129
    no_tumor     0.7922    0.9379    0.8589       435

    accuracy                         0.7624       564
   macro avg     0.6206    0.5542    0.5531       564
weighted avg     0.7137    0.7624    0.7190       564

2026-03-18 16:37:54 - ----------------------------------------
2026-03-18 16:37:57 - Epoch [43/100] LR: 0.001000 | Loss: 0.0275 | Train Acc: 0.9893 | Time: 3.6s
2026-03-18 16:38:02 - Epoch [44/100] LR: 0.001000 | Loss: 0.0335 | Train Acc: 0.9916 | Time: 4.2s
2026-03-18 16:38:06 - Epoch [45/100] LR: 0.001000 | Loss: 0.0241 | Train Acc: 0.9908 | Time: 4.3s
2026-03-18 16:38:06 - ----------------------------------------
2026-03-18 16:38:07 - [Test] Acc: 0.7004 | Precision(macro): 0.5705 | Recall(macro): 0.5685 | F1(macro): 0.5694
2026-03-18 16:38:07 - [Test] Classification Report:
              precision    recall  f1-score   support

      benign     0.3387    0.3256    0.3320       129
    no_tumor     0.8023    0.8115    0.8069       435

    accuracy                         0.7004       564
   macro avg     0.5705    0.5685    0.5694       564
weighted avg     0.6962    0.7004    0.6982       564

2026-03-18 16:38:07 - ----------------------------------------
2026-03-18 16:38:12 - Epoch [46/100] LR: 0.001000 | Loss: 0.0085 | Train Acc: 0.9985 | Time: 4.3s
2026-03-18 16:38:15 - Epoch [47/100] LR: 0.001000 | Loss: 0.0078 | Train Acc: 0.9977 | Time: 3.4s
2026-03-18 16:38:19 - Epoch [48/100] LR: 0.001000 | Loss: 0.0088 | Train Acc: 0.9985 | Time: 4.3s
2026-03-18 16:38:19 - ----------------------------------------
2026-03-18 16:38:20 - [Test] Acc: 0.7004 | Precision(macro): 0.5622 | Recall(macro): 0.5576 | F1(macro): 0.5594
2026-03-18 16:38:20 - [Test] Classification Report:
              precision    recall  f1-score   support

      benign     0.3276    0.2946    0.3102       129
    no_tumor     0.7969    0.8207    0.8086       435

    accuracy                         0.7004       564
   macro avg     0.5622    0.5576    0.5594       564
weighted avg     0.6895    0.7004    0.6946       564

2026-03-18 16:38:20 - ----------------------------------------
2026-03-18 16:38:25 - Epoch [49/100] LR: 0.001000 | Loss: 0.0168 | Train Acc: 0.9946 | Time: 4.3s
2026-03-18 16:38:29 - Epoch [50/100] LR: 0.001000 | Loss: 0.0215 | Train Acc: 0.9923 | Time: 4.3s
2026-03-18 16:38:33 - Epoch [51/100] LR: 0.001000 | Loss: 0.0468 | Train Acc: 0.9816 | Time: 3.6s
2026-03-18 16:38:33 - ----------------------------------------
2026-03-18 16:38:34 - [Test] Acc: 0.7340 | Precision(macro): 0.5805 | Recall(macro): 0.5549 | F1(macro): 0.5579
2026-03-18 16:38:34 - [Test] Classification Report:
              precision    recall  f1-score   support

      benign     0.3671    0.2248    0.2788       129
    no_tumor     0.7938    0.8851    0.8370       435

    accuracy                         0.7340       564
   macro avg     0.5805    0.5549    0.5579       564
weighted avg     0.6962    0.7340    0.7093       564

2026-03-18 16:38:34 - ----------------------------------------
2026-03-18 16:38:38 - Epoch [52/100] LR: 0.001000 | Loss: 0.0520 | Train Acc: 0.9847 | Time: 4.3s
2026-03-18 16:38:42 - Epoch [53/100] LR: 0.001000 | Loss: 0.0655 | Train Acc: 0.9785 | Time: 4.2s
2026-03-18 16:38:47 - Epoch [54/100] LR: 0.001000 | Loss: 0.0543 | Train Acc: 0.9808 | Time: 4.4s
2026-03-18 16:38:47 - ----------------------------------------
2026-03-18 16:38:48 - [Test] Acc: 0.7571 | Precision(macro): 0.5890 | Recall(macro): 0.5317 | F1(macro): 0.5185
2026-03-18 16:38:48 - [Test] Classification Report:
              precision    recall  f1-score   support

      benign     0.3947    0.1163    0.1796       129
    no_tumor     0.7833    0.9471    0.8574       435

    accuracy                         0.7571       564
   macro avg     0.5890    0.5317    0.5185       564
weighted avg     0.6944    0.7571    0.7024       564

2026-03-18 16:38:48 - ----------------------------------------
2026-03-18 16:38:52 - Epoch [55/100] LR: 0.001000 | Loss: 0.0324 | Train Acc: 0.9893 | Time: 3.8s
2026-03-18 16:38:56 - Epoch [56/100] LR: 0.001000 | Loss: 0.0228 | Train Acc: 0.9923 | Time: 4.0s
2026-03-18 16:39:00 - Epoch [57/100] LR: 0.001000 | Loss: 0.0248 | Train Acc: 0.9923 | Time: 4.6s
2026-03-18 16:39:00 - ----------------------------------------
2026-03-18 16:39:01 - [Test] Acc: 0.7340 | Precision(macro): 0.5849 | Recall(macro): 0.5604 | F1(macro): 0.5643
2026-03-18 16:39:01 - [Test] Classification Report:
              precision    recall  f1-score   support

      benign     0.3735    0.2403    0.2925       129
    no_tumor     0.7963    0.8805    0.8362       435

    accuracy                         0.7340       564
   macro avg     0.5849    0.5604    0.5643       564
weighted avg     0.6996    0.7340    0.7119       564

2026-03-18 16:39:01 - ----------------------------------------
2026-03-18 16:39:05 - Epoch [58/100] LR: 0.001000 | Loss: 0.0154 | Train Acc: 0.9923 | Time: 4.2s
2026-03-18 16:39:09 - Epoch [59/100] LR: 0.001000 | Loss: 0.0153 | Train Acc: 0.9954 | Time: 3.6s
2026-03-18 16:39:13 - Epoch [60/100] LR: 0.001000 | Loss: 0.0045 | Train Acc: 0.9985 | Time: 4.2s
2026-03-18 16:39:13 - ----------------------------------------
2026-03-18 16:39:14 - [Test] Acc: 0.7234 | Precision(macro): 0.5895 | Recall(macro): 0.5780 | F1(macro): 0.5820
2026-03-18 16:39:14 - [Test] Classification Report:
              precision    recall  f1-score   support

      benign     0.3738    0.3101    0.3390       129
    no_tumor     0.8053    0.8460    0.8251       435

    accuracy                         0.7234       564
   macro avg     0.5895    0.5780    0.5820       564
weighted avg     0.7066    0.7234    0.7139       564

2026-03-18 16:39:14 - ----------------------------------------
2026-03-18 16:39:19 - Epoch [61/100] LR: 0.001000 | Loss: 0.0091 | Train Acc: 0.9977 | Time: 4.4s
2026-03-18 16:39:23 - Epoch [62/100] LR: 0.001000 | Loss: 0.0141 | Train Acc: 0.9946 | Time: 4.4s
2026-03-18 16:39:27 - Epoch [63/100] LR: 0.001000 | Loss: 0.0180 | Train Acc: 0.9939 | Time: 3.4s
2026-03-18 16:39:27 - ----------------------------------------
2026-03-18 16:39:28 - [Test] Acc: 0.7057 | Precision(macro): 0.5651 | Recall(macro): 0.5584 | F1(macro): 0.5607
2026-03-18 16:39:28 - [Test] Classification Report:
              precision    recall  f1-score   support

      benign     0.3333    0.2868    0.3083       129
    no_tumor     0.7969    0.8299    0.8131       435

    accuracy                         0.7057       564
   macro avg     0.5651    0.5584    0.5607       564
weighted avg     0.6909    0.7057    0.6976       564

2026-03-18 16:39:28 - ----------------------------------------
2026-03-18 16:39:32 - Epoch [64/100] LR: 0.001000 | Loss: 0.0153 | Train Acc: 0.9931 | Time: 4.4s
2026-03-18 16:39:37 - Epoch [65/100] LR: 0.001000 | Loss: 0.0134 | Train Acc: 0.9954 | Time: 4.5s
2026-03-18 16:39:41 - Epoch [66/100] LR: 0.001000 | Loss: 0.0617 | Train Acc: 0.9777 | Time: 4.0s
2026-03-18 16:39:41 - ----------------------------------------
2026-03-18 16:39:42 - [Test] Acc: 0.7482 | Precision(macro): 0.5968 | Recall(macro): 0.5559 | F1(macro): 0.5580
2026-03-18 16:39:42 - [Test] Classification Report:
              precision    recall  f1-score   support

      benign     0.4000    0.2016    0.2680       129
    no_tumor     0.7936    0.9103    0.8480       435

    accuracy                         0.7482       564
   macro avg     0.5968    0.5559    0.5580       564
weighted avg     0.7036    0.7482    0.7153       564

2026-03-18 16:39:42 - ----------------------------------------
2026-03-18 16:39:45 - Epoch [67/100] LR: 0.001000 | Loss: 0.0469 | Train Acc: 0.9808 | Time: 3.4s
2026-03-18 16:39:50 - Epoch [68/100] LR: 0.001000 | Loss: 0.0294 | Train Acc: 0.9862 | Time: 4.4s
2026-03-18 16:39:54 - Epoch [69/100] LR: 0.001000 | Loss: 0.0489 | Train Acc: 0.9808 | Time: 4.0s
2026-03-18 16:39:54 - ----------------------------------------
2026-03-18 16:39:55 - [Test] Acc: 0.7163 | Precision(macro): 0.5800 | Recall(macro): 0.5707 | F1(macro): 0.5740
2026-03-18 16:39:55 - [Test] Classification Report:
              precision    recall  f1-score   support

      benign     0.3578    0.3023    0.3277       129
    no_tumor     0.8022    0.8391    0.8202       435

    accuracy                         0.7163       564
   macro avg     0.5800    0.5707    0.5740       564
weighted avg     0.7006    0.7163    0.7076       564

2026-03-18 16:39:55 - ----------------------------------------
2026-03-18 16:39:59 - Epoch [70/100] LR: 0.001000 | Loss: 0.0436 | Train Acc: 0.9847 | Time: 4.0s
2026-03-18 16:40:03 - Epoch [71/100] LR: 0.001000 | Loss: 0.0436 | Train Acc: 0.9854 | Time: 4.0s
2026-03-18 16:40:06 - Epoch [72/100] LR: 0.001000 | Loss: 0.0133 | Train Acc: 0.9946 | Time: 3.6s
2026-03-18 16:40:06 - ----------------------------------------
2026-03-18 16:40:07 - [Test] Acc: 0.7145 | Precision(macro): 0.5858 | Recall(macro): 0.5805 | F1(macro): 0.5827
2026-03-18 16:40:07 - [Test] Classification Report:
              precision    recall  f1-score   support

      benign     0.3644    0.3333    0.3482       129
    no_tumor     0.8072    0.8276    0.8173       435

    accuracy                         0.7145       564
   macro avg     0.5858    0.5805    0.5827       564
weighted avg     0.7059    0.7145    0.7100       564

2026-03-18 16:40:07 - ----------------------------------------
2026-03-18 16:40:11 - Epoch [73/100] LR: 0.001000 | Loss: 0.0136 | Train Acc: 0.9962 | Time: 3.9s
2026-03-18 16:40:16 - Epoch [74/100] LR: 0.001000 | Loss: 0.0104 | Train Acc: 0.9962 | Time: 4.4s
2026-03-18 16:40:20 - Epoch [75/100] LR: 0.001000 | Loss: 0.0092 | Train Acc: 0.9962 | Time: 4.5s
2026-03-18 16:40:20 - ----------------------------------------
2026-03-18 16:40:21 - [Test] Acc: 0.7553 | Precision(macro): 0.6107 | Recall(macro): 0.5605 | F1(macro): 0.5633
2026-03-18 16:40:21 - [Test] Classification Report:
              precision    recall  f1-score   support

      benign     0.4262    0.2016    0.2737       129
    no_tumor     0.7952    0.9195    0.8529       435

    accuracy                         0.7553       564
   macro avg     0.6107    0.5605    0.5633       564
weighted avg     0.7108    0.7553    0.7204       564

2026-03-18 16:40:21 - ----------------------------------------
2026-03-18 16:40:25 - Epoch [76/100] LR: 0.001000 | Loss: 0.0165 | Train Acc: 0.9939 | Time: 3.6s
2026-03-18 16:40:29 - Epoch [77/100] LR: 0.001000 | Loss: 0.0270 | Train Acc: 0.9923 | Time: 4.5s
2026-03-18 16:40:34 - Epoch [78/100] LR: 0.001000 | Loss: 0.0109 | Train Acc: 0.9977 | Time: 4.4s
2026-03-18 16:40:34 - ----------------------------------------
2026-03-18 16:40:35 - [Test] Acc: 0.7695 | Precision(macro): 0.6301 | Recall(macro): 0.5288 | F1(macro): 0.5058
2026-03-18 16:40:35 - [Test] Classification Report:
              precision    recall  f1-score   support

      benign     0.4783    0.0853    0.1447       129
    no_tumor     0.7819    0.9724    0.8668       435

    accuracy                         0.7695       564
   macro avg     0.6301    0.5288    0.5058       564
weighted avg     0.7124    0.7695    0.7016       564

2026-03-18 16:40:35 - ----------------------------------------
2026-03-18 16:40:40 - Epoch [79/100] LR: 0.001000 | Loss: 0.0232 | Train Acc: 0.9900 | Time: 4.8s
2026-03-18 16:40:43 - Epoch [80/100] LR: 0.001000 | Loss: 0.0323 | Train Acc: 0.9893 | Time: 3.5s
2026-03-18 16:40:48 - Epoch [81/100] LR: 0.001000 | Loss: 0.0374 | Train Acc: 0.9862 | Time: 4.4s
2026-03-18 16:40:48 - ----------------------------------------
2026-03-18 16:40:49 - [Test] Acc: 0.6684 | Precision(macro): 0.5666 | Recall(macro): 0.5778 | F1(macro): 0.5689
2026-03-18 16:40:49 - [Test] Classification Report:
              precision    recall  f1-score   support

      benign     0.3232    0.4109    0.3618       129
    no_tumor     0.8100    0.7448    0.7760       435

    accuracy                         0.6684       564
   macro avg     0.5666    0.5778    0.5689       564
weighted avg     0.6987    0.6684    0.6813       564

2026-03-18 16:40:49 - ----------------------------------------
2026-03-18 16:40:53 - Epoch [82/100] LR: 0.001000 | Loss: 0.0371 | Train Acc: 0.9870 | Time: 4.4s
2026-03-18 16:40:57 - Epoch [83/100] LR: 0.001000 | Loss: 0.0267 | Train Acc: 0.9916 | Time: 4.0s
2026-03-18 16:41:01 - Epoch [84/100] LR: 0.001000 | Loss: 0.0142 | Train Acc: 0.9954 | Time: 3.7s
2026-03-18 16:41:01 - ----------------------------------------
2026-03-18 16:41:02 - [Test] Acc: 0.7323 | Precision(macro): 0.5561 | Recall(macro): 0.5320 | F1(macro): 0.5281
2026-03-18 16:41:02 - [Test] Classification Report:
              precision    recall  f1-score   support

      benign     0.3281    0.1628    0.2176       129
    no_tumor     0.7840    0.9011    0.8385       435

    accuracy                         0.7323       564
   macro avg     0.5561    0.5320    0.5281       564
weighted avg     0.6797    0.7323    0.6965       564

2026-03-18 16:41:02 - ----------------------------------------
2026-03-18 16:41:06 - Epoch [85/100] LR: 0.001000 | Loss: 0.0084 | Train Acc: 0.9977 | Time: 4.5s
2026-03-18 16:41:10 - Epoch [86/100] LR: 0.001000 | Loss: 0.0054 | Train Acc: 0.9985 | Time: 3.9s
2026-03-18 16:41:14 - Epoch [87/100] LR: 0.001000 | Loss: 0.0123 | Train Acc: 0.9954 | Time: 4.1s
2026-03-18 16:41:14 - ----------------------------------------
2026-03-18 16:41:16 - [Test] Acc: 0.7376 | Precision(macro): 0.5761 | Recall(macro): 0.5463 | F1(macro): 0.5467
2026-03-18 16:41:16 - [Test] Classification Report:
              precision    recall  f1-score   support

      benign     0.3623    0.1938    0.2525       129
    no_tumor     0.7899    0.8989    0.8409       435

    accuracy                         0.7376       564
   macro avg     0.5761    0.5463    0.5467       564
weighted avg     0.6921    0.7376    0.7063       564

2026-03-18 16:41:16 - ----------------------------------------
2026-03-18 16:41:19 - Epoch [88/100] LR: 0.001000 | Loss: 0.0219 | Train Acc: 0.9900 | Time: 3.9s
2026-03-18 16:41:24 - Epoch [89/100] LR: 0.001000 | Loss: 0.0228 | Train Acc: 0.9900 | Time: 4.5s
2026-03-18 16:41:29 - Epoch [90/100] LR: 0.001000 | Loss: 0.0047 | Train Acc: 0.9985 | Time: 4.7s
2026-03-18 16:41:29 - ----------------------------------------
2026-03-18 16:41:30 - [Test] Acc: 0.7323 | Precision(macro): 0.5652 | Recall(macro): 0.5401 | F1(macro): 0.5393
2026-03-18 16:41:30 - [Test] Classification Report:
              precision    recall  f1-score   support

      benign     0.3429    0.1860    0.2412       129
    no_tumor     0.7874    0.8943    0.8375       435

    accuracy                         0.7323       564
   macro avg     0.5652    0.5401    0.5393       564
weighted avg     0.6858    0.7323    0.7011       564

2026-03-18 16:41:30 - ----------------------------------------
2026-03-18 16:41:34 - Epoch [91/100] LR: 0.001000 | Loss: 0.0129 | Train Acc: 0.9962 | Time: 4.1s
2026-03-18 16:41:37 - Epoch [92/100] LR: 0.001000 | Loss: 0.0051 | Train Acc: 0.9992 | Time: 3.3s
2026-03-18 16:41:41 - Epoch [93/100] LR: 0.001000 | Loss: 0.0097 | Train Acc: 0.9962 | Time: 4.0s
2026-03-18 16:41:41 - ----------------------------------------
2026-03-18 16:41:42 - [Test] Acc: 0.6135 | Precision(macro): 0.5329 | Recall(macro): 0.5422 | F1(macro): 0.5280
2026-03-18 16:41:42 - [Test] Classification Report:
              precision    recall  f1-score   support

      benign     0.2718    0.4109    0.3272       129
    no_tumor     0.7940    0.6736    0.7289       435

    accuracy                         0.6135       564
   macro avg     0.5329    0.5422    0.5280       564
weighted avg     0.6746    0.6135    0.6370       564

2026-03-18 16:41:42 - ----------------------------------------
2026-03-18 16:41:46 - Epoch [94/100] LR: 0.001000 | Loss: 0.0428 | Train Acc: 0.9839 | Time: 3.5s
2026-03-18 16:41:50 - Epoch [95/100] LR: 0.001000 | Loss: 0.0572 | Train Acc: 0.9785 | Time: 4.1s
2026-03-18 16:41:54 - Epoch [96/100] LR: 0.001000 | Loss: 0.0430 | Train Acc: 0.9854 | Time: 4.5s
2026-03-18 16:41:54 - ----------------------------------------
2026-03-18 16:41:56 - [Test] Acc: 0.7252 | Precision(macro): 0.5579 | Recall(macro): 0.5383 | F1(macro): 0.5380
2026-03-18 16:41:56 - [Test] Classification Report:
              precision    recall  f1-score   support

      benign     0.3289    0.1938    0.2439       129
    no_tumor     0.7869    0.8828    0.8321       435

    accuracy                         0.7252       564
   macro avg     0.5579    0.5383    0.5380       564
weighted avg     0.6821    0.7252    0.6975       564

2026-03-18 16:41:56 - ----------------------------------------
2026-03-18 16:41:59 - Epoch [97/100] LR: 0.001000 | Loss: 0.0232 | Train Acc: 0.9900 | Time: 3.3s
2026-03-18 16:42:03 - Epoch [98/100] LR: 0.001000 | Loss: 0.0165 | Train Acc: 0.9939 | Time: 4.2s
2026-03-18 16:42:07 - Epoch [99/100] LR: 0.001000 | Loss: 0.0121 | Train Acc: 0.9969 | Time: 4.3s
2026-03-18 16:42:07 - ----------------------------------------
2026-03-18 16:42:09 - [Test] Acc: 0.7163 | Precision(macro): 0.5602 | Recall(macro): 0.5462 | F1(macro): 0.5483
2026-03-18 16:42:09 - [Test] Classification Report:
              precision    recall  f1-score   support

      benign     0.3297    0.2326    0.2727       129
    no_tumor     0.7907    0.8598    0.8238       435

    accuracy                         0.7163       564
   macro avg     0.5602    0.5462    0.5483       564
weighted avg     0.6852    0.7163    0.6977       564

2026-03-18 16:42:09 - ----------------------------------------
2026-03-18 16:42:13 - Epoch [100/100] LR: 0.001000 | Loss: 0.0148 | Train Acc: 0.9962 | Time: 4.4s
2026-03-18 16:42:13 - ----------------------------------------
2026-03-18 16:42:15 - [Test] Acc: 0.6596 | Precision(macro): 0.5150 | Recall(macro): 0.5148 | F1(macro): 0.5149
2026-03-18 16:42:15 - [Test] Classification Report:
              precision    recall  f1-score   support

      benign     0.2520    0.2481    0.2500       129
    no_tumor     0.7780    0.7816    0.7798       435

    accuracy                         0.6596       564
   macro avg     0.5150    0.5148    0.5149       564
weighted avg     0.6577    0.6596    0.6586       564

2026-03-18 16:42:15 - ----------------------------------------
2026-03-18 16:42:15 - 
============================================================
2026-03-18 16:42:15 - 训练完成! 最优模型: Epoch 12, F1: 0.5994
2026-03-18 16:42:15 - ============================================================
2026-03-18 16:42:15 - 
加载最优权重进行最终测试...
2026-03-18 16:42:15 - ============================================================
2026-03-18 16:42:15 - 最终测试结果 (最优权重)
2026-03-18 16:42:15 - ============================================================
2026-03-18 16:42:16 - [Final Test] Acc: 0.7181 | Precision(macro): 0.5997 | Recall(macro): 0.5991 | F1(macro): 0.5994
2026-03-18 16:42:16 - [Final Test] Classification Report:
              precision    recall  f1-score   support

      benign     0.3828    0.3798    0.3813       129
    no_tumor     0.8165    0.8184    0.8175       435

    accuracy                         0.7181       564
   macro avg     0.5997    0.5991    0.5994       564
weighted avg     0.7173    0.7181    0.7177       564

2026-03-18 16:42:16 - 训练脚本已复制到: /data1/ouyangxinglong/GBP-Cascade/logs/20260318_task2_EfficientnetB0_baseline_1/20260318_task2_EfficientnetB0_baseline_1.py
