2026-03-18 16:42:58 - ============================================================
2026-03-18 16:42:58 - 实验名称: 20260318_task2_ViTB16_baseline_1
2026-03-18 16:42:58 - 任务: Task 2 - 良性肿瘤(0) vs 非肿瘤性息肉(1)
2026-03-18 16:42:58 - 模型: ViT-B/16 (ImageNet预训练)
2026-03-18 16:42:58 - 修改: baseline (仅替换backbone, 全参数微调, 无数据增强)
2026-03-18 16:42:58 - 图像尺寸: 224
2026-03-18 16:42:58 - Batch Size: 32
2026-03-18 16:42:58 - 学习率: 0.001
2026-03-18 16:42:58 - Weight Decay: 0.0001
2026-03-18 16:42:58 - Epochs: 100
2026-03-18 16:42:58 - 设备: cuda
2026-03-18 16:42:58 - ============================================================
2026-03-18 16:42:58 - 训练集: 1303 张 (benign=309, no_tumor=994)
2026-03-18 16:42:58 - 测试集: 564 张 (benign=129, no_tumor=435)
2026-03-18 16:43:00 - 模型参数量: 85,800,194
2026-03-18 16:43:00 - 可训练参数量: 85,800,194
2026-03-18 16:43:00 - 
============================================================
2026-03-18 16:43:00 - 开始训练
2026-03-18 16:43:00 - ============================================================
2026-03-18 16:43:22 - Epoch [1/100] LR: 0.001000 | Loss: 0.7115 | Train Acc: 0.7237 | Time: 22.7s
2026-03-18 16:43:43 - Epoch [2/100] LR: 0.001000 | Loss: 0.6743 | Train Acc: 0.7268 | Time: 20.9s
2026-03-18 16:44:01 - Epoch [3/100] LR: 0.001000 | Loss: 0.5820 | Train Acc: 0.7629 | Time: 17.7s
2026-03-18 16:44:01 - ----------------------------------------
2026-03-18 16:44:03 - [Test] Acc: 0.7713 | Precision(macro): 0.3856 | Recall(macro): 0.5000 | F1(macro): 0.4354
2026-03-18 16:44:03 - [Test] Classification Report:
              precision    recall  f1-score   support

      benign     0.0000    0.0000    0.0000       129
    no_tumor     0.7713    1.0000    0.8709       435

    accuracy                         0.7713       564
   macro avg     0.3856    0.5000    0.4354       564
weighted avg     0.5949    0.7713    0.6717       564

2026-03-18 16:44:04 - *** 保存最优模型 (F1: 0.4354, Epoch: 3) ***
2026-03-18 16:44:04 - ----------------------------------------
2026-03-18 16:44:13 - Epoch [4/100] LR: 0.001000 | Loss: 0.5562 | Train Acc: 0.7629 | Time: 9.6s
2026-03-18 16:44:23 - Epoch [5/100] LR: 0.001000 | Loss: 0.5649 | Train Acc: 0.7629 | Time: 9.6s
2026-03-18 16:44:33 - Epoch [6/100] LR: 0.001000 | Loss: 0.5518 | Train Acc: 0.7629 | Time: 9.8s
2026-03-18 16:44:33 - ----------------------------------------
2026-03-18 16:44:34 - [Test] Acc: 0.7713 | Precision(macro): 0.3856 | Recall(macro): 0.5000 | F1(macro): 0.4354
2026-03-18 16:44:34 - [Test] Classification Report:
              precision    recall  f1-score   support

      benign     0.0000    0.0000    0.0000       129
    no_tumor     0.7713    1.0000    0.8709       435

    accuracy                         0.7713       564
   macro avg     0.3856    0.5000    0.4354       564
weighted avg     0.5949    0.7713    0.6717       564

2026-03-18 16:44:34 - ----------------------------------------
2026-03-18 16:44:44 - Epoch [7/100] LR: 0.001000 | Loss: 0.5538 | Train Acc: 0.7629 | Time: 9.6s
2026-03-18 16:44:53 - Epoch [8/100] LR: 0.001000 | Loss: 0.5535 | Train Acc: 0.7629 | Time: 9.6s
2026-03-18 16:45:03 - Epoch [9/100] LR: 0.001000 | Loss: 0.5540 | Train Acc: 0.7629 | Time: 9.6s
2026-03-18 16:45:03 - ----------------------------------------
2026-03-18 16:45:05 - [Test] Acc: 0.7713 | Precision(macro): 0.3856 | Recall(macro): 0.5000 | F1(macro): 0.4354
2026-03-18 16:45:05 - [Test] Classification Report:
              precision    recall  f1-score   support

      benign     0.0000    0.0000    0.0000       129
    no_tumor     0.7713    1.0000    0.8709       435

    accuracy                         0.7713       564
   macro avg     0.3856    0.5000    0.4354       564
weighted avg     0.5949    0.7713    0.6717       564

2026-03-18 16:45:05 - ----------------------------------------
2026-03-18 16:45:15 - Epoch [10/100] LR: 0.001000 | Loss: 0.5620 | Train Acc: 0.7629 | Time: 9.7s
2026-03-18 16:45:24 - Epoch [11/100] LR: 0.001000 | Loss: 0.5606 | Train Acc: 0.7629 | Time: 9.6s
2026-03-18 16:45:34 - Epoch [12/100] LR: 0.001000 | Loss: 0.5570 | Train Acc: 0.7629 | Time: 9.8s
2026-03-18 16:45:34 - ----------------------------------------
2026-03-18 16:45:36 - [Test] Acc: 0.7713 | Precision(macro): 0.3856 | Recall(macro): 0.5000 | F1(macro): 0.4354
2026-03-18 16:45:36 - [Test] Classification Report:
              precision    recall  f1-score   support

      benign     0.0000    0.0000    0.0000       129
    no_tumor     0.7713    1.0000    0.8709       435

    accuracy                         0.7713       564
   macro avg     0.3856    0.5000    0.4354       564
weighted avg     0.5949    0.7713    0.6717       564

2026-03-18 16:45:36 - ----------------------------------------
2026-03-18 16:45:46 - Epoch [13/100] LR: 0.001000 | Loss: 0.5556 | Train Acc: 0.7629 | Time: 9.8s
2026-03-18 16:45:56 - Epoch [14/100] LR: 0.001000 | Loss: 0.5568 | Train Acc: 0.7629 | Time: 9.8s
2026-03-18 16:46:06 - Epoch [15/100] LR: 0.001000 | Loss: 0.5596 | Train Acc: 0.7629 | Time: 10.0s
2026-03-18 16:46:06 - ----------------------------------------
2026-03-18 16:46:08 - [Test] Acc: 0.7713 | Precision(macro): 0.3856 | Recall(macro): 0.5000 | F1(macro): 0.4354
2026-03-18 16:46:08 - [Test] Classification Report:
              precision    recall  f1-score   support

      benign     0.0000    0.0000    0.0000       129
    no_tumor     0.7713    1.0000    0.8709       435

    accuracy                         0.7713       564
   macro avg     0.3856    0.5000    0.4354       564
weighted avg     0.5949    0.7713    0.6717       564

2026-03-18 16:46:08 - ----------------------------------------
2026-03-18 16:46:26 - Epoch [16/100] LR: 0.001000 | Loss: 0.5503 | Train Acc: 0.7629 | Time: 18.0s
2026-03-18 16:46:43 - Epoch [17/100] LR: 0.001000 | Loss: 0.5515 | Train Acc: 0.7629 | Time: 16.9s
2026-03-18 16:46:59 - Epoch [18/100] LR: 0.001000 | Loss: 0.5479 | Train Acc: 0.7629 | Time: 16.2s
2026-03-18 16:46:59 - ----------------------------------------
2026-03-18 16:47:01 - [Test] Acc: 0.7713 | Precision(macro): 0.3856 | Recall(macro): 0.5000 | F1(macro): 0.4354
2026-03-18 16:47:01 - [Test] Classification Report:
              precision    recall  f1-score   support

      benign     0.0000    0.0000    0.0000       129
    no_tumor     0.7713    1.0000    0.8709       435

    accuracy                         0.7713       564
   macro avg     0.3856    0.5000    0.4354       564
weighted avg     0.5949    0.7713    0.6717       564

2026-03-18 16:47:01 - ----------------------------------------
2026-03-18 16:47:19 - Epoch [19/100] LR: 0.001000 | Loss: 0.5560 | Train Acc: 0.7629 | Time: 17.6s
2026-03-18 16:47:35 - Epoch [20/100] LR: 0.001000 | Loss: 0.5507 | Train Acc: 0.7629 | Time: 16.3s
2026-03-18 16:47:53 - Epoch [21/100] LR: 0.001000 | Loss: 0.5488 | Train Acc: 0.7621 | Time: 17.3s
2026-03-18 16:47:53 - ----------------------------------------
2026-03-18 16:47:56 - [Test] Acc: 0.7713 | Precision(macro): 0.3856 | Recall(macro): 0.5000 | F1(macro): 0.4354
2026-03-18 16:47:56 - [Test] Classification Report:
              precision    recall  f1-score   support

      benign     0.0000    0.0000    0.0000       129
    no_tumor     0.7713    1.0000    0.8709       435

    accuracy                         0.7713       564
   macro avg     0.3856    0.5000    0.4354       564
weighted avg     0.5949    0.7713    0.6717       564

2026-03-18 16:47:56 - ----------------------------------------
2026-03-18 16:48:14 - Epoch [22/100] LR: 0.001000 | Loss: 0.5529 | Train Acc: 0.7629 | Time: 18.4s
2026-03-18 16:48:31 - Epoch [23/100] LR: 0.001000 | Loss: 0.5461 | Train Acc: 0.7621 | Time: 16.8s
2026-03-18 16:48:49 - Epoch [24/100] LR: 0.001000 | Loss: 0.5476 | Train Acc: 0.7629 | Time: 17.9s
2026-03-18 16:48:49 - ----------------------------------------
2026-03-18 16:48:52 - [Test] Acc: 0.7713 | Precision(macro): 0.3856 | Recall(macro): 0.5000 | F1(macro): 0.4354
2026-03-18 16:48:52 - [Test] Classification Report:
              precision    recall  f1-score   support

      benign     0.0000    0.0000    0.0000       129
    no_tumor     0.7713    1.0000    0.8709       435

    accuracy                         0.7713       564
   macro avg     0.3856    0.5000    0.4354       564
weighted avg     0.5949    0.7713    0.6717       564

2026-03-18 16:48:52 - ----------------------------------------
2026-03-18 16:49:09 - Epoch [25/100] LR: 0.001000 | Loss: 0.5503 | Train Acc: 0.7629 | Time: 17.2s
2026-03-18 16:49:26 - Epoch [26/100] LR: 0.001000 | Loss: 0.5528 | Train Acc: 0.7629 | Time: 17.3s
2026-03-18 16:49:44 - Epoch [27/100] LR: 0.001000 | Loss: 0.5490 | Train Acc: 0.7629 | Time: 17.6s
2026-03-18 16:49:44 - ----------------------------------------
2026-03-18 16:49:46 - [Test] Acc: 0.6684 | Precision(macro): 0.4611 | Recall(macro): 0.4715 | F1(macro): 0.4627
2026-03-18 16:49:46 - [Test] Classification Report:
              precision    recall  f1-score   support

      benign     0.1628    0.1085    0.1302       129
    no_tumor     0.7594    0.8345    0.7952       435

    accuracy                         0.6684       564
   macro avg     0.4611    0.4715    0.4627       564
weighted avg     0.6230    0.6684    0.6431       564

2026-03-18 16:49:47 - *** 保存最优模型 (F1: 0.4627, Epoch: 27) ***
2026-03-18 16:49:47 - ----------------------------------------
2026-03-18 16:50:05 - Epoch [28/100] LR: 0.001000 | Loss: 0.5636 | Train Acc: 0.7629 | Time: 18.1s
2026-03-18 16:50:22 - Epoch [29/100] LR: 0.001000 | Loss: 0.5480 | Train Acc: 0.7629 | Time: 16.7s
2026-03-18 16:50:40 - Epoch [30/100] LR: 0.001000 | Loss: 0.5505 | Train Acc: 0.7621 | Time: 18.2s
2026-03-18 16:50:40 - ----------------------------------------
2026-03-18 16:50:42 - [Test] Acc: 0.7713 | Precision(macro): 0.3856 | Recall(macro): 0.5000 | F1(macro): 0.4354
2026-03-18 16:50:42 - [Test] Classification Report:
              precision    recall  f1-score   support

      benign     0.0000    0.0000    0.0000       129
    no_tumor     0.7713    1.0000    0.8709       435

    accuracy                         0.7713       564
   macro avg     0.3856    0.5000    0.4354       564
weighted avg     0.5949    0.7713    0.6717       564

2026-03-18 16:50:42 - ----------------------------------------
2026-03-18 16:51:00 - Epoch [31/100] LR: 0.001000 | Loss: 0.5466 | Train Acc: 0.7629 | Time: 17.7s
2026-03-18 16:51:17 - Epoch [32/100] LR: 0.001000 | Loss: 0.5544 | Train Acc: 0.7606 | Time: 16.7s
2026-03-18 16:51:34 - Epoch [33/100] LR: 0.001000 | Loss: 0.5497 | Train Acc: 0.7629 | Time: 17.4s
2026-03-18 16:51:34 - ----------------------------------------
2026-03-18 16:51:36 - [Test] Acc: 0.7713 | Precision(macro): 0.3856 | Recall(macro): 0.5000 | F1(macro): 0.4354
2026-03-18 16:51:36 - [Test] Classification Report:
              precision    recall  f1-score   support

      benign     0.0000    0.0000    0.0000       129
    no_tumor     0.7713    1.0000    0.8709       435

    accuracy                         0.7713       564
   macro avg     0.3856    0.5000    0.4354       564
weighted avg     0.5949    0.7713    0.6717       564

2026-03-18 16:51:36 - ----------------------------------------
2026-03-18 16:51:54 - Epoch [34/100] LR: 0.001000 | Loss: 0.5516 | Train Acc: 0.7629 | Time: 17.8s
2026-03-18 16:52:11 - Epoch [35/100] LR: 0.001000 | Loss: 0.5484 | Train Acc: 0.7629 | Time: 16.7s
2026-03-18 16:52:28 - Epoch [36/100] LR: 0.001000 | Loss: 0.5484 | Train Acc: 0.7629 | Time: 17.0s
2026-03-18 16:52:28 - ----------------------------------------
2026-03-18 16:52:29 - [Test] Acc: 0.7713 | Precision(macro): 0.3856 | Recall(macro): 0.5000 | F1(macro): 0.4354
2026-03-18 16:52:30 - [Test] Classification Report:
              precision    recall  f1-score   support

      benign     0.0000    0.0000    0.0000       129
    no_tumor     0.7713    1.0000    0.8709       435

    accuracy                         0.7713       564
   macro avg     0.3856    0.5000    0.4354       564
weighted avg     0.5949    0.7713    0.6717       564

2026-03-18 16:52:30 - ----------------------------------------
2026-03-18 16:52:39 - Epoch [37/100] LR: 0.001000 | Loss: 0.5477 | Train Acc: 0.7629 | Time: 9.6s
2026-03-18 16:52:49 - Epoch [38/100] LR: 0.001000 | Loss: 0.5488 | Train Acc: 0.7629 | Time: 9.6s
2026-03-18 16:52:59 - Epoch [39/100] LR: 0.001000 | Loss: 0.5528 | Train Acc: 0.7629 | Time: 10.1s
2026-03-18 16:52:59 - ----------------------------------------
2026-03-18 16:53:00 - [Test] Acc: 0.7713 | Precision(macro): 0.3856 | Recall(macro): 0.5000 | F1(macro): 0.4354
2026-03-18 16:53:00 - [Test] Classification Report:
              precision    recall  f1-score   support

      benign     0.0000    0.0000    0.0000       129
    no_tumor     0.7713    1.0000    0.8709       435

    accuracy                         0.7713       564
   macro avg     0.3856    0.5000    0.4354       564
weighted avg     0.5949    0.7713    0.6717       564

2026-03-18 16:53:00 - ----------------------------------------
2026-03-18 16:53:10 - Epoch [40/100] LR: 0.001000 | Loss: 0.5484 | Train Acc: 0.7621 | Time: 9.6s
2026-03-18 16:53:20 - Epoch [41/100] LR: 0.001000 | Loss: 0.5494 | Train Acc: 0.7629 | Time: 9.6s
2026-03-18 16:53:29 - Epoch [42/100] LR: 0.001000 | Loss: 0.5466 | Train Acc: 0.7629 | Time: 9.6s
2026-03-18 16:53:29 - ----------------------------------------
2026-03-18 16:53:31 - [Test] Acc: 0.7713 | Precision(macro): 0.3856 | Recall(macro): 0.5000 | F1(macro): 0.4354
2026-03-18 16:53:31 - [Test] Classification Report:
              precision    recall  f1-score   support

      benign     0.0000    0.0000    0.0000       129
    no_tumor     0.7713    1.0000    0.8709       435

    accuracy                         0.7713       564
   macro avg     0.3856    0.5000    0.4354       564
weighted avg     0.5949    0.7713    0.6717       564

2026-03-18 16:53:31 - ----------------------------------------
2026-03-18 16:53:41 - Epoch [43/100] LR: 0.001000 | Loss: 0.5512 | Train Acc: 0.7629 | Time: 9.7s
2026-03-18 16:53:51 - Epoch [44/100] LR: 0.001000 | Loss: 0.5499 | Train Acc: 0.7629 | Time: 9.6s
2026-03-18 16:54:00 - Epoch [45/100] LR: 0.001000 | Loss: 0.5548 | Train Acc: 0.7629 | Time: 9.6s
2026-03-18 16:54:00 - ----------------------------------------
2026-03-18 16:54:02 - [Test] Acc: 0.7713 | Precision(macro): 0.3856 | Recall(macro): 0.5000 | F1(macro): 0.4354
2026-03-18 16:54:02 - [Test] Classification Report:
              precision    recall  f1-score   support

      benign     0.0000    0.0000    0.0000       129
    no_tumor     0.7713    1.0000    0.8709       435

    accuracy                         0.7713       564
   macro avg     0.3856    0.5000    0.4354       564
weighted avg     0.5949    0.7713    0.6717       564

2026-03-18 16:54:02 - ----------------------------------------
2026-03-18 16:54:12 - Epoch [46/100] LR: 0.001000 | Loss: 0.5479 | Train Acc: 0.7629 | Time: 9.7s
2026-03-18 16:54:22 - Epoch [47/100] LR: 0.001000 | Loss: 0.5473 | Train Acc: 0.7629 | Time: 9.6s
2026-03-18 16:54:31 - Epoch [48/100] LR: 0.001000 | Loss: 0.5527 | Train Acc: 0.7629 | Time: 9.6s
2026-03-18 16:54:31 - ----------------------------------------
2026-03-18 16:54:33 - [Test] Acc: 0.7713 | Precision(macro): 0.3856 | Recall(macro): 0.5000 | F1(macro): 0.4354
2026-03-18 16:54:33 - [Test] Classification Report:
              precision    recall  f1-score   support

      benign     0.0000    0.0000    0.0000       129
    no_tumor     0.7713    1.0000    0.8709       435

    accuracy                         0.7713       564
   macro avg     0.3856    0.5000    0.4354       564
weighted avg     0.5949    0.7713    0.6717       564

2026-03-18 16:54:33 - ----------------------------------------
2026-03-18 16:54:43 - Epoch [49/100] LR: 0.001000 | Loss: 0.5464 | Train Acc: 0.7613 | Time: 9.7s
2026-03-18 16:54:53 - Epoch [50/100] LR: 0.001000 | Loss: 0.5475 | Train Acc: 0.7629 | Time: 9.6s
2026-03-18 16:55:02 - Epoch [51/100] LR: 0.001000 | Loss: 0.5501 | Train Acc: 0.7629 | Time: 9.6s
2026-03-18 16:55:02 - ----------------------------------------
2026-03-18 16:55:04 - [Test] Acc: 0.7713 | Precision(macro): 0.3856 | Recall(macro): 0.5000 | F1(macro): 0.4354
2026-03-18 16:55:04 - [Test] Classification Report:
              precision    recall  f1-score   support

      benign     0.0000    0.0000    0.0000       129
    no_tumor     0.7713    1.0000    0.8709       435

    accuracy                         0.7713       564
   macro avg     0.3856    0.5000    0.4354       564
weighted avg     0.5949    0.7713    0.6717       564

2026-03-18 16:55:04 - ----------------------------------------
2026-03-18 16:55:14 - Epoch [52/100] LR: 0.001000 | Loss: 0.5483 | Train Acc: 0.7629 | Time: 9.7s
2026-03-18 16:55:24 - Epoch [53/100] LR: 0.001000 | Loss: 0.5455 | Train Acc: 0.7621 | Time: 9.6s
2026-03-18 16:55:33 - Epoch [54/100] LR: 0.001000 | Loss: 0.5445 | Train Acc: 0.7636 | Time: 9.6s
2026-03-18 16:55:33 - ----------------------------------------
2026-03-18 16:55:35 - [Test] Acc: 0.7713 | Precision(macro): 0.3856 | Recall(macro): 0.5000 | F1(macro): 0.4354
2026-03-18 16:55:35 - [Test] Classification Report:
              precision    recall  f1-score   support

      benign     0.0000    0.0000    0.0000       129
    no_tumor     0.7713    1.0000    0.8709       435

    accuracy                         0.7713       564
   macro avg     0.3856    0.5000    0.4354       564
weighted avg     0.5949    0.7713    0.6717       564

2026-03-18 16:55:35 - ----------------------------------------
2026-03-18 16:55:44 - Epoch [55/100] LR: 0.001000 | Loss: 0.5449 | Train Acc: 0.7652 | Time: 9.6s
2026-03-18 16:55:54 - Epoch [56/100] LR: 0.001000 | Loss: 0.5465 | Train Acc: 0.7606 | Time: 10.0s
2026-03-18 16:56:04 - Epoch [57/100] LR: 0.001000 | Loss: 0.5468 | Train Acc: 0.7621 | Time: 9.6s
2026-03-18 16:56:04 - ----------------------------------------
2026-03-18 16:56:06 - [Test] Acc: 0.7713 | Precision(macro): 0.3856 | Recall(macro): 0.5000 | F1(macro): 0.4354
2026-03-18 16:56:06 - [Test] Classification Report:
              precision    recall  f1-score   support

      benign     0.0000    0.0000    0.0000       129
    no_tumor     0.7713    1.0000    0.8709       435

    accuracy                         0.7713       564
   macro avg     0.3856    0.5000    0.4354       564
weighted avg     0.5949    0.7713    0.6717       564

2026-03-18 16:56:06 - ----------------------------------------
2026-03-18 16:56:15 - Epoch [58/100] LR: 0.001000 | Loss: 0.5451 | Train Acc: 0.7629 | Time: 9.6s
2026-03-18 16:56:25 - Epoch [59/100] LR: 0.001000 | Loss: 0.5448 | Train Acc: 0.7613 | Time: 9.6s
2026-03-18 16:56:35 - Epoch [60/100] LR: 0.001000 | Loss: 0.5449 | Train Acc: 0.7629 | Time: 10.0s
2026-03-18 16:56:35 - ----------------------------------------
2026-03-18 16:56:36 - [Test] Acc: 0.7713 | Precision(macro): 0.3856 | Recall(macro): 0.5000 | F1(macro): 0.4354
2026-03-18 16:56:36 - [Test] Classification Report:
              precision    recall  f1-score   support

      benign     0.0000    0.0000    0.0000       129
    no_tumor     0.7713    1.0000    0.8709       435

    accuracy                         0.7713       564
   macro avg     0.3856    0.5000    0.4354       564
weighted avg     0.5949    0.7713    0.6717       564

2026-03-18 16:56:36 - ----------------------------------------
2026-03-18 16:56:46 - Epoch [61/100] LR: 0.001000 | Loss: 0.5494 | Train Acc: 0.7629 | Time: 9.6s
2026-03-18 16:56:56 - Epoch [62/100] LR: 0.001000 | Loss: 0.5438 | Train Acc: 0.7636 | Time: 9.6s
2026-03-18 16:57:05 - Epoch [63/100] LR: 0.001000 | Loss: 0.5444 | Train Acc: 0.7629 | Time: 9.6s
2026-03-18 16:57:05 - ----------------------------------------
2026-03-18 16:57:07 - [Test] Acc: 0.7713 | Precision(macro): 0.3856 | Recall(macro): 0.5000 | F1(macro): 0.4354
2026-03-18 16:57:07 - [Test] Classification Report:
              precision    recall  f1-score   support

      benign     0.0000    0.0000    0.0000       129
    no_tumor     0.7713    1.0000    0.8709       435

    accuracy                         0.7713       564
   macro avg     0.3856    0.5000    0.4354       564
weighted avg     0.5949    0.7713    0.6717       564

2026-03-18 16:57:07 - ----------------------------------------
2026-03-18 16:57:17 - Epoch [64/100] LR: 0.001000 | Loss: 0.5415 | Train Acc: 0.7621 | Time: 9.7s
2026-03-18 16:57:27 - Epoch [65/100] LR: 0.001000 | Loss: 0.5409 | Train Acc: 0.7575 | Time: 9.6s
2026-03-18 16:57:36 - Epoch [66/100] LR: 0.001000 | Loss: 0.5458 | Train Acc: 0.7621 | Time: 9.6s
2026-03-18 16:57:36 - ----------------------------------------
2026-03-18 16:57:39 - [Test] Acc: 0.7713 | Precision(macro): 0.3856 | Recall(macro): 0.5000 | F1(macro): 0.4354
2026-03-18 16:57:39 - [Test] Classification Report:
              precision    recall  f1-score   support

      benign     0.0000    0.0000    0.0000       129
    no_tumor     0.7713    1.0000    0.8709       435

    accuracy                         0.7713       564
   macro avg     0.3856    0.5000    0.4354       564
weighted avg     0.5949    0.7713    0.6717       564

2026-03-18 16:57:39 - ----------------------------------------
2026-03-18 16:57:48 - Epoch [67/100] LR: 0.001000 | Loss: 0.5412 | Train Acc: 0.7636 | Time: 9.7s
2026-03-18 16:57:58 - Epoch [68/100] LR: 0.001000 | Loss: 0.5450 | Train Acc: 0.7636 | Time: 9.6s
2026-03-18 16:58:07 - Epoch [69/100] LR: 0.001000 | Loss: 0.5397 | Train Acc: 0.7621 | Time: 9.6s
2026-03-18 16:58:07 - ----------------------------------------
2026-03-18 16:58:09 - [Test] Acc: 0.7713 | Precision(macro): 0.3856 | Recall(macro): 0.5000 | F1(macro): 0.4354
2026-03-18 16:58:09 - [Test] Classification Report:
              precision    recall  f1-score   support

      benign     0.0000    0.0000    0.0000       129
    no_tumor     0.7713    1.0000    0.8709       435

    accuracy                         0.7713       564
   macro avg     0.3856    0.5000    0.4354       564
weighted avg     0.5949    0.7713    0.6717       564

2026-03-18 16:58:09 - ----------------------------------------
2026-03-18 16:58:19 - Epoch [70/100] LR: 0.001000 | Loss: 0.5397 | Train Acc: 0.7667 | Time: 9.6s
2026-03-18 16:58:29 - Epoch [71/100] LR: 0.001000 | Loss: 0.5484 | Train Acc: 0.7629 | Time: 10.0s
2026-03-18 16:58:38 - Epoch [72/100] LR: 0.001000 | Loss: 0.5423 | Train Acc: 0.7629 | Time: 9.6s
2026-03-18 16:58:38 - ----------------------------------------
2026-03-18 16:58:40 - [Test] Acc: 0.7713 | Precision(macro): 0.3856 | Recall(macro): 0.5000 | F1(macro): 0.4354
2026-03-18 16:58:40 - [Test] Classification Report:
              precision    recall  f1-score   support

      benign     0.0000    0.0000    0.0000       129
    no_tumor     0.7713    1.0000    0.8709       435

    accuracy                         0.7713       564
   macro avg     0.3856    0.5000    0.4354       564
weighted avg     0.5949    0.7713    0.6717       564

2026-03-18 16:58:40 - ----------------------------------------
2026-03-18 16:58:50 - Epoch [73/100] LR: 0.001000 | Loss: 0.5403 | Train Acc: 0.7606 | Time: 9.6s
2026-03-18 16:58:59 - Epoch [74/100] LR: 0.001000 | Loss: 0.5373 | Train Acc: 0.7629 | Time: 9.6s
2026-03-18 16:59:09 - Epoch [75/100] LR: 0.001000 | Loss: 0.5433 | Train Acc: 0.7590 | Time: 9.9s
2026-03-18 16:59:09 - ----------------------------------------
2026-03-18 16:59:11 - [Test] Acc: 0.7730 | Precision(macro): 0.8863 | Recall(macro): 0.5039 | F1(macro): 0.4436
2026-03-18 16:59:11 - [Test] Classification Report:
              precision    recall  f1-score   support

      benign     1.0000    0.0078    0.0154       129
    no_tumor     0.7726    1.0000    0.8717       435

    accuracy                         0.7730       564
   macro avg     0.8863    0.5039    0.4436       564
weighted avg     0.8246    0.7730    0.6759       564

2026-03-18 16:59:11 - ----------------------------------------
2026-03-18 16:59:20 - Epoch [76/100] LR: 0.001000 | Loss: 0.5395 | Train Acc: 0.7629 | Time: 9.6s
2026-03-18 16:59:30 - Epoch [77/100] LR: 0.001000 | Loss: 0.5372 | Train Acc: 0.7644 | Time: 9.6s
2026-03-18 16:59:39 - Epoch [78/100] LR: 0.001000 | Loss: 0.5296 | Train Acc: 0.7667 | Time: 9.6s
2026-03-18 16:59:39 - ----------------------------------------
2026-03-18 16:59:42 - [Test] Acc: 0.7535 | Precision(macro): 0.5661 | Recall(macro): 0.5212 | F1(macro): 0.5016
2026-03-18 16:59:42 - [Test] Classification Report:
              precision    recall  f1-score   support

      benign     0.3529    0.0930    0.1472       129
    no_tumor     0.7792    0.9494    0.8560       435

    accuracy                         0.7535       564
   macro avg     0.5661    0.5212    0.5016       564
weighted avg     0.6817    0.7535    0.6939       564

2026-03-18 16:59:43 - *** 保存最优模型 (F1: 0.5016, Epoch: 78) ***
2026-03-18 16:59:43 - ----------------------------------------
2026-03-18 16:59:53 - Epoch [79/100] LR: 0.001000 | Loss: 0.5311 | Train Acc: 0.7667 | Time: 10.1s
2026-03-18 17:00:03 - Epoch [80/100] LR: 0.001000 | Loss: 0.5329 | Train Acc: 0.7682 | Time: 9.6s
2026-03-18 17:00:12 - Epoch [81/100] LR: 0.001000 | Loss: 0.5332 | Train Acc: 0.7721 | Time: 9.6s
2026-03-18 17:00:12 - ----------------------------------------
2026-03-18 17:00:14 - [Test] Acc: 0.7748 | Precision(macro): 0.7213 | Recall(macro): 0.5132 | F1(macro): 0.4657
2026-03-18 17:00:14 - [Test] Classification Report:
              precision    recall  f1-score   support

      benign     0.6667    0.0310    0.0593       129
    no_tumor     0.7760    0.9954    0.8721       435

    accuracy                         0.7748       564
   macro avg     0.7213    0.5132    0.4657       564
weighted avg     0.7510    0.7748    0.6862       564

2026-03-18 17:00:14 - ----------------------------------------
2026-03-18 17:00:23 - Epoch [82/100] LR: 0.001000 | Loss: 0.5395 | Train Acc: 0.7613 | Time: 9.6s
2026-03-18 17:00:33 - Epoch [83/100] LR: 0.001000 | Loss: 0.5290 | Train Acc: 0.7759 | Time: 9.6s
2026-03-18 17:00:43 - Epoch [84/100] LR: 0.001000 | Loss: 0.5193 | Train Acc: 0.7797 | Time: 9.9s
2026-03-18 17:00:43 - ----------------------------------------
2026-03-18 17:00:45 - [Test] Acc: 0.7819 | Precision(macro): 0.7663 | Recall(macro): 0.5314 | F1(macro): 0.5015
2026-03-18 17:00:45 - [Test] Classification Report:
              precision    recall  f1-score   support

      benign     0.7500    0.0698    0.1277       129
    no_tumor     0.7826    0.9931    0.8754       435

    accuracy                         0.7819       564
   macro avg     0.7663    0.5314    0.5015       564
weighted avg     0.7752    0.7819    0.7044       564

2026-03-18 17:00:45 - ----------------------------------------
2026-03-18 17:00:54 - Epoch [85/100] LR: 0.001000 | Loss: 0.5175 | Train Acc: 0.7797 | Time: 9.6s
2026-03-18 17:01:04 - Epoch [86/100] LR: 0.001000 | Loss: 0.5224 | Train Acc: 0.7774 | Time: 9.6s
2026-03-18 17:01:13 - Epoch [87/100] LR: 0.001000 | Loss: 0.5172 | Train Acc: 0.7828 | Time: 9.6s
2026-03-18 17:01:13 - ----------------------------------------
2026-03-18 17:01:16 - [Test] Acc: 0.7730 | Precision(macro): 0.6532 | Recall(macro): 0.5311 | F1(macro): 0.5079
2026-03-18 17:01:16 - [Test] Classification Report:
              precision    recall  f1-score   support

      benign     0.5238    0.0853    0.1467       129
    no_tumor     0.7827    0.9770    0.8691       435

    accuracy                         0.7730       564
   macro avg     0.6532    0.5311    0.5079       564
weighted avg     0.7235    0.7730    0.7039       564

2026-03-18 17:01:17 - *** 保存最优模型 (F1: 0.5079, Epoch: 87) ***
2026-03-18 17:01:17 - ----------------------------------------
2026-03-18 17:01:27 - Epoch [88/100] LR: 0.001000 | Loss: 0.5123 | Train Acc: 0.7782 | Time: 10.0s
2026-03-18 17:01:37 - Epoch [89/100] LR: 0.001000 | Loss: 0.5135 | Train Acc: 0.7851 | Time: 9.6s
2026-03-18 17:01:46 - Epoch [90/100] LR: 0.001000 | Loss: 0.5071 | Train Acc: 0.7897 | Time: 9.6s
2026-03-18 17:01:46 - ----------------------------------------
2026-03-18 17:01:48 - [Test] Acc: 0.7713 | Precision(macro): 0.6396 | Recall(macro): 0.5218 | F1(macro): 0.4896
2026-03-18 17:01:48 - [Test] Classification Report:
              precision    recall  f1-score   support

      benign     0.5000    0.0620    0.1103       129
    no_tumor     0.7792    0.9816    0.8688       435

    accuracy                         0.7713       564
   macro avg     0.6396    0.5218    0.4896       564
weighted avg     0.7153    0.7713    0.6953       564

2026-03-18 17:01:48 - ----------------------------------------
2026-03-18 17:01:57 - Epoch [91/100] LR: 0.001000 | Loss: 0.5059 | Train Acc: 0.7889 | Time: 9.6s
2026-03-18 17:02:07 - Epoch [92/100] LR: 0.001000 | Loss: 0.5074 | Train Acc: 0.7851 | Time: 9.6s
2026-03-18 17:02:17 - Epoch [93/100] LR: 0.001000 | Loss: 0.5089 | Train Acc: 0.7859 | Time: 9.6s
2026-03-18 17:02:17 - ----------------------------------------
2026-03-18 17:02:18 - [Test] Acc: 0.7465 | Precision(macro): 0.5865 | Recall(macro): 0.5466 | F1(macro): 0.5455
2026-03-18 17:02:18 - [Test] Classification Report:
              precision    recall  f1-score   support

      benign     0.3833    0.1783    0.2434       129
    no_tumor     0.7897    0.9149    0.8477       435

    accuracy                         0.7465       564
   macro avg     0.5865    0.5466    0.5455       564
weighted avg     0.6967    0.7465    0.7095       564

2026-03-18 17:02:20 - *** 保存最优模型 (F1: 0.5455, Epoch: 93) ***
2026-03-18 17:02:20 - ----------------------------------------
2026-03-18 17:02:29 - Epoch [94/100] LR: 0.001000 | Loss: 0.5076 | Train Acc: 0.7866 | Time: 9.6s
2026-03-18 17:02:39 - Epoch [95/100] LR: 0.001000 | Loss: 0.4959 | Train Acc: 0.7936 | Time: 9.7s
2026-03-18 17:02:50 - Epoch [96/100] LR: 0.001000 | Loss: 0.4894 | Train Acc: 0.7974 | Time: 10.7s
2026-03-18 17:02:50 - ----------------------------------------
2026-03-18 17:02:52 - [Test] Acc: 0.7695 | Precision(macro): 0.6327 | Recall(macro): 0.5343 | F1(macro): 0.5165
2026-03-18 17:02:52 - [Test] Classification Report:
              precision    recall  f1-score   support

      benign     0.4815    0.1008    0.1667       129
    no_tumor     0.7840    0.9678    0.8663       435

    accuracy                         0.7695       564
   macro avg     0.6327    0.5343    0.5165       564
weighted avg     0.7148    0.7695    0.7062       564

2026-03-18 17:02:52 - ----------------------------------------
2026-03-18 17:03:10 - Epoch [97/100] LR: 0.001000 | Loss: 0.4879 | Train Acc: 0.7997 | Time: 18.5s
2026-03-18 17:03:29 - Epoch [98/100] LR: 0.001000 | Loss: 0.4921 | Train Acc: 0.7951 | Time: 18.6s
2026-03-18 17:03:45 - Epoch [99/100] LR: 0.001000 | Loss: 0.5172 | Train Acc: 0.7836 | Time: 16.3s
2026-03-18 17:03:45 - ----------------------------------------
2026-03-18 17:03:49 - [Test] Acc: 0.7624 | Precision(macro): 0.5976 | Recall(macro): 0.5270 | F1(macro): 0.5069
2026-03-18 17:03:49 - [Test] Classification Report:
              precision    recall  f1-score   support

      benign     0.4138    0.0930    0.1519       129
    no_tumor     0.7813    0.9609    0.8619       435

    accuracy                         0.7624       564
   macro avg     0.5976    0.5270    0.5069       564
weighted avg     0.6972    0.7624    0.6995       564

2026-03-18 17:03:49 - ----------------------------------------
2026-03-18 17:04:07 - Epoch [100/100] LR: 0.001000 | Loss: 0.4974 | Train Acc: 0.7974 | Time: 18.0s
2026-03-18 17:04:07 - ----------------------------------------
2026-03-18 17:04:09 - [Test] Acc: 0.7589 | Precision(macro): 0.6002 | Recall(macro): 0.5383 | F1(macro): 0.5290
2026-03-18 17:04:09 - [Test] Classification Report:
              precision    recall  f1-score   support

      benign     0.4146    0.1318    0.2000       129
    no_tumor     0.7859    0.9448    0.8580       435

    accuracy                         0.7589       564
   macro avg     0.6002    0.5383    0.5290       564
weighted avg     0.7009    0.7589    0.7075       564

2026-03-18 17:04:09 - ----------------------------------------
2026-03-18 17:04:09 - 
============================================================
2026-03-18 17:04:09 - 训练完成! 最优模型: Epoch 93, F1: 0.5455
2026-03-18 17:04:09 - ============================================================
2026-03-18 17:04:09 - 
加载最优权重进行最终测试...
2026-03-18 17:04:09 - ============================================================
2026-03-18 17:04:09 - 最终测试结果 (最优权重)
2026-03-18 17:04:09 - ============================================================
2026-03-18 17:04:12 - [Final Test] Acc: 0.7465 | Precision(macro): 0.5865 | Recall(macro): 0.5466 | F1(macro): 0.5455
2026-03-18 17:04:12 - [Final Test] Classification Report:
              precision    recall  f1-score   support

      benign     0.3833    0.1783    0.2434       129
    no_tumor     0.7897    0.9149    0.8477       435

    accuracy                         0.7465       564
   macro avg     0.5865    0.5466    0.5455       564
weighted avg     0.6967    0.7465    0.7095       564

2026-03-18 17:04:12 - 训练脚本已复制到: /data1/ouyangxinglong/GBP-Cascade/logs/20260318_task2_ViTB16_baseline_1/20260318_task2_ViTB16_baseline_1.py
