2026-03-24 03:14:35 - ======================================================================
2026-03-24 03:14:35 - 方案五: 标注类型感知特征 + 深度特征 + 高级集成
2026-03-24 03:14:35 - ======================================================================
2026-03-24 03:14:35 - 
======================================================================
2026-03-24 03:14:35 - Step 1: 标注类型感知特征 (adenoma/polyp/pred 类型 + 几何)
2026-03-24 03:14:35 - ======================================================================
2026-03-24 03:14:35 - 提取标注类型感知特征 (1229 张)...
2026-03-24 03:14:35 -   标注类型特征维度: 30
2026-03-24 03:14:35 -   特征列表: ['adenoma_area_max', 'adenoma_area_mean', 'adenoma_area_sum', 'adenoma_aspect_ratio', 'adenoma_circularity', 'adenoma_ratio', 'gb_area_ratio', 'has_adenoma', 'has_any_adenoma', 'has_polyp', 'has_pred', 'has_tubular_adenoma', 'max_lesion_area', 'num_adenoma', 'num_adenoma_types', 'num_polyp', 'num_pred', 'num_total_lesions', 'num_tubular_adenoma', 'polyp_area_max', 'polyp_area_mean', 'polyp_area_sum', 'polyp_aspect_ratio_mean', 'polyp_circularity_max', 'polyp_circularity_mean', 'polyp_ratio', 'pred_area_max', 'pred_area_sum', 'pred_ratio', 'total_lesion_area']
2026-03-24 03:14:35 - 提取标注类型感知特征 (523 张)...
2026-03-24 03:14:36 -   标注类型特征维度: 30
2026-03-24 03:14:36 -   特征列表: ['adenoma_area_max', 'adenoma_area_mean', 'adenoma_area_sum', 'adenoma_aspect_ratio', 'adenoma_circularity', 'adenoma_ratio', 'gb_area_ratio', 'has_adenoma', 'has_any_adenoma', 'has_polyp', 'has_pred', 'has_tubular_adenoma', 'max_lesion_area', 'num_adenoma', 'num_adenoma_types', 'num_polyp', 'num_pred', 'num_total_lesions', 'num_tubular_adenoma', 'polyp_area_max', 'polyp_area_mean', 'polyp_area_sum', 'polyp_aspect_ratio_mean', 'polyp_circularity_max', 'polyp_circularity_mean', 'polyp_ratio', 'pred_area_max', 'pred_area_sum', 'pred_ratio', 'total_lesion_area']
2026-03-24 03:14:36 - 
  has_any_adenoma 统计:
2026-03-24 03:14:36 -     benign: 17.5% has adenoma
2026-03-24 03:14:36 -     no_tumor: 0.3% has adenoma
2026-03-24 03:14:36 - 
======================================================================
2026-03-24 03:14:36 - 实验 A: 纯标注类型特征 (无深度特征)
2026-03-24 03:14:36 - ======================================================================
2026-03-24 03:14:36 - 
--- 标注类型特征 XGBoost ---
2026-03-24 03:14:36 -   xgb_0 (d=3,lr=0.01): thr=0.500, F1=0.5922
2026-03-24 03:14:37 -   xgb_1 (d=4,lr=0.01): thr=0.495, F1=0.5960
2026-03-24 03:14:37 -   xgb_2 (d=4,lr=0.02): thr=0.510, F1=0.5854
2026-03-24 03:14:38 -   xgb_3 (d=5,lr=0.01): thr=0.495, F1=0.5983
2026-03-24 03:14:38 -   xgb_4 (d=5,lr=0.03): thr=0.495, F1=0.5689
2026-03-24 03:14:39 -   xgb_5 (d=6,lr=0.01): thr=0.480, F1=0.5913
2026-03-24 03:14:39 -   xgb_6 (d=6,lr=0.03): thr=0.475, F1=0.5710
2026-03-24 03:14:39 -   xgb_7 (d=6,lr=0.05): thr=0.540, F1=0.5825
2026-03-24 03:14:39 - 
--- 标注类型特征 LightGBM ---
2026-03-24 03:14:40 -   lgb_0 (d=4,lr=0.01): thr=0.435, F1=0.5769
2026-03-24 03:14:41 -   lgb_1 (d=6,lr=0.01): thr=0.335, F1=0.5557
2026-03-24 03:14:42 -   lgb_2 (d=6,lr=0.03): thr=0.430, F1=0.5597
2026-03-24 03:14:43 -   lgb_3 (d=6,lr=0.05): thr=0.475, F1=0.5527
2026-03-24 03:14:44 -   lgb_4 (d=8,lr=0.01): thr=0.355, F1=0.5581
2026-03-24 03:14:46 -   lgb_5 (d=-1,lr=0.01): thr=0.390, F1=0.5527
2026-03-24 03:14:46 - 
--- 标注类型特征 SVM ---
2026-03-24 03:14:47 -   svm_C0.1: thr=0.645, F1=0.6103
2026-03-24 03:14:47 -   svm_C1.0: thr=0.680, F1=0.6110
2026-03-24 03:14:48 -   svm_C10.0: thr=0.685, F1=0.6022
2026-03-24 03:14:48 - 
--- 标注类型特征 LogReg ---
2026-03-24 03:14:48 -   lr_C0.01: thr=0.485, F1=0.6076
2026-03-24 03:14:48 -   lr_C0.1: thr=0.475, F1=0.6051
2026-03-24 03:14:49 -   lr_C1.0: thr=0.460, F1=0.6107
2026-03-24 03:14:49 - 
最优单分类器: svm_C1.0, F1=0.6110
2026-03-24 03:14:49 -   Top-3 ensemble: thr=0.620, F1=0.6167
2026-03-24 03:14:49 -   Top-5 ensemble: thr=0.565, F1=0.6151
2026-03-24 03:14:49 -   Top-8 ensemble: thr=0.555, F1=0.6058
2026-03-24 03:14:49 -   Top-20 ensemble: thr=0.475, F1=0.5764
2026-03-24 03:14:49 - 
最优 ensemble: Top-3, F1=0.6167
2026-03-24 03:14:49 - 
[标注类型特征] Acc: 0.7266 | Precision: 0.6227 | Recall: 0.6126 | F1: 0.6167
2026-03-24 03:14:49 - [标注类型特征] Classification Report:
              precision    recall  f1-score   support

      benign     0.4386    0.3876    0.4115       129
    no_tumor     0.8068    0.8376    0.8219       394

    accuracy                         0.7266       523
   macro avg     0.6227    0.6126    0.6167       523
weighted avg     0.7160    0.7266    0.7207       523

2026-03-24 03:14:49 - 
======================================================================
2026-03-24 03:14:49 - Step 2: 多种子 SwinV2 深度特征 (5 seeds × TTA)
2026-03-24 03:14:49 - ======================================================================
2026-03-24 03:14:58 -   Seed 42: (1229, 768)
2026-03-24 03:15:07 -   Seed 123: (1229, 768)
2026-03-24 03:15:16 -   Seed 456: (1229, 768)
2026-03-24 03:15:24 -   Seed 789: (1229, 768)
2026-03-24 03:15:33 -   Seed 1024: (1229, 768)
2026-03-24 03:15:39 -   Seed 42: (523, 768)
2026-03-24 03:15:44 -   Seed 123: (523, 768)
2026-03-24 03:15:49 -   Seed 456: (523, 768)
2026-03-24 03:15:54 -   Seed 789: (523, 768)
2026-03-24 03:15:59 -   Seed 1024: (523, 768)
2026-03-24 03:15:59 - 
======================================================================
2026-03-24 03:15:59 - Step 3: 旧版手工特征 (15d)
2026-03-24 03:15:59 - ======================================================================
2026-03-24 03:15:59 - 提取手工特征 (1229 张)...
2026-03-24 03:17:16 -   手工特征维度: 15
2026-03-24 03:17:16 - 提取手工特征 (523 张)...
2026-03-24 03:17:48 -   手工特征维度: 15
2026-03-24 03:17:48 - 
======================================================================
2026-03-24 03:17:48 - 实验 B: 深度特征 + 标注类型特征
2026-03-24 03:17:48 - ======================================================================
2026-03-24 03:17:49 - 
--- 深度+标注类型 XGBoost ---
2026-03-24 03:17:57 -   xgb_0 (d=3,lr=0.01): thr=0.635, F1=0.6370
2026-03-24 03:18:06 -   xgb_1 (d=4,lr=0.01): thr=0.630, F1=0.6370
2026-03-24 03:18:13 -   xgb_2 (d=4,lr=0.02): thr=0.590, F1=0.6268
2026-03-24 03:18:22 -   xgb_3 (d=5,lr=0.01): thr=0.630, F1=0.6370
2026-03-24 03:18:28 -   xgb_4 (d=5,lr=0.03): thr=0.590, F1=0.6341
2026-03-24 03:18:37 -   xgb_5 (d=6,lr=0.01): thr=0.630, F1=0.6370
2026-03-24 03:18:43 -   xgb_6 (d=6,lr=0.03): thr=0.590, F1=0.6341
2026-03-24 03:18:48 -   xgb_7 (d=6,lr=0.05): thr=0.565, F1=0.6242
2026-03-24 03:18:48 - 
--- 深度+标注类型 LightGBM ---
2026-03-24 03:18:51 -   lgb_0 (d=4,lr=0.01): thr=0.840, F1=0.6269
2026-03-24 03:18:54 -   lgb_1 (d=6,lr=0.01): thr=0.840, F1=0.6269
2026-03-24 03:18:57 -   lgb_2 (d=6,lr=0.03): thr=0.840, F1=0.6267
2026-03-24 03:18:58 -   lgb_3 (d=6,lr=0.05): thr=0.810, F1=0.6280
2026-03-24 03:19:02 -   lgb_4 (d=8,lr=0.01): thr=0.840, F1=0.6269
2026-03-24 03:19:05 -   lgb_5 (d=-1,lr=0.01): thr=0.840, F1=0.6269
2026-03-24 03:19:05 - 
--- 深度+标注类型 SVM ---
2026-03-24 03:19:12 -   svm_C0.1: thr=0.705, F1=0.6178
2026-03-24 03:19:16 -   svm_C1.0: thr=0.805, F1=0.6131
2026-03-24 03:19:20 -   svm_C10.0: thr=0.780, F1=0.6083
2026-03-24 03:19:20 - 
--- 深度+标注类型 LogReg ---
2026-03-24 03:19:22 -   lr_C0.01: thr=0.840, F1=0.6084
2026-03-24 03:19:25 -   lr_C0.1: thr=0.665, F1=0.6021
2026-03-24 03:19:27 -   lr_C1.0: thr=0.360, F1=0.6010
2026-03-24 03:19:27 - 
最优单分类器: xgb_0, F1=0.6370
2026-03-24 03:19:27 -   Top-3 ensemble: thr=0.640, F1=0.6372
2026-03-24 03:19:27 -   Top-5 ensemble: thr=0.615, F1=0.6350
2026-03-24 03:19:27 -   Top-8 ensemble: thr=0.680, F1=0.6336
2026-03-24 03:19:28 -   Top-20 ensemble: thr=0.800, F1=0.6310
2026-03-24 03:19:28 - 
最优 ensemble: Top-3, F1=0.6372
2026-03-24 03:19:28 - 
[深度+标注类型] Acc: 0.7228 | Precision: 0.6340 | Recall: 0.6413 | F1: 0.6372
2026-03-24 03:19:28 - [深度+标注类型] Classification Report:
              precision    recall  f1-score   support

      benign     0.4429    0.4806    0.4610       129
    no_tumor     0.8251    0.8020    0.8134       394

    accuracy                         0.7228       523
   macro avg     0.6340    0.6413    0.6372       523
weighted avg     0.7308    0.7228    0.7265       523

2026-03-24 03:19:28 - 
======================================================================
2026-03-24 03:19:28 - 实验 C: 深度特征 + 标注类型 + 旧手工特征 (全特征)
2026-03-24 03:19:28 - ======================================================================
2026-03-24 03:19:28 - 
--- 全特征 XGBoost ---
2026-03-24 03:19:36 -   xgb_0 (d=3,lr=0.01): thr=0.620, F1=0.6320
2026-03-24 03:19:45 -   xgb_1 (d=4,lr=0.01): thr=0.615, F1=0.6283
2026-03-24 03:19:52 -   xgb_2 (d=4,lr=0.02): thr=0.640, F1=0.6245
2026-03-24 03:20:01 -   xgb_3 (d=5,lr=0.01): thr=0.615, F1=0.6283
2026-03-24 03:20:07 -   xgb_4 (d=5,lr=0.03): thr=0.600, F1=0.6260
2026-03-24 03:20:16 -   xgb_5 (d=6,lr=0.01): thr=0.615, F1=0.6283
2026-03-24 03:20:22 -   xgb_6 (d=6,lr=0.03): thr=0.600, F1=0.6260
2026-03-24 03:20:27 -   xgb_7 (d=6,lr=0.05): thr=0.640, F1=0.6310
2026-03-24 03:20:27 - 
--- 全特征 LightGBM ---
2026-03-24 03:20:31 -   lgb_0 (d=4,lr=0.01): thr=0.840, F1=0.6253
2026-03-24 03:20:34 -   lgb_1 (d=6,lr=0.01): thr=0.840, F1=0.6253
2026-03-24 03:20:36 -   lgb_2 (d=6,lr=0.03): thr=0.835, F1=0.6235
2026-03-24 03:20:38 -   lgb_3 (d=6,lr=0.05): thr=0.785, F1=0.6276
2026-03-24 03:20:42 -   lgb_4 (d=8,lr=0.01): thr=0.840, F1=0.6253
2026-03-24 03:20:45 -   lgb_5 (d=-1,lr=0.01): thr=0.840, F1=0.6253
2026-03-24 03:20:45 - 
--- 全特征 SVM ---
2026-03-24 03:20:51 -   svm_C0.1: thr=0.705, F1=0.6178
2026-03-24 03:20:55 -   svm_C1.0: thr=0.805, F1=0.6131
2026-03-24 03:20:58 -   svm_C10.0: thr=0.780, F1=0.6067
2026-03-24 03:20:58 - 
--- 全特征 LogReg ---
2026-03-24 03:21:00 -   lr_C0.01: thr=0.840, F1=0.6084
2026-03-24 03:21:03 -   lr_C0.1: thr=0.730, F1=0.6033
2026-03-24 03:21:05 -   lr_C1.0: thr=0.410, F1=0.6008
2026-03-24 03:21:05 - 
最优单分类器: xgb_0, F1=0.6320
2026-03-24 03:21:05 -   Top-3 ensemble: thr=0.625, F1=0.6288
2026-03-24 03:21:06 -   Top-5 ensemble: thr=0.605, F1=0.6280
2026-03-24 03:21:06 -   Top-8 ensemble: thr=0.650, F1=0.6288
2026-03-24 03:21:06 -   Top-20 ensemble: thr=0.795, F1=0.6293
2026-03-24 03:21:06 - 
最优 ensemble: Top-20, F1=0.6293
2026-03-24 03:21:06 - 
[全特征] Acc: 0.7113 | Precision: 0.6248 | Recall: 0.6363 | F1: 0.6293
2026-03-24 03:21:06 - [全特征] Classification Report:
              precision    recall  f1-score   support

      benign     0.4257    0.4884    0.4549       129
    no_tumor     0.8240    0.7843    0.8036       394

    accuracy                         0.7113       523
   macro avg     0.6248    0.6363    0.6293       523
weighted avg     0.7258    0.7113    0.7176       523

2026-03-24 03:21:06 - 
======================================================================
2026-03-24 03:21:06 - 实验 D: 最终 Stacking (NN softmax + 特征分类器)
2026-03-24 03:21:06 - ======================================================================
2026-03-24 03:21:08 -   NN Exp7: loaded
2026-03-24 03:21:10 -   NN Exp9: loaded
2026-03-24 03:21:12 -   NN Exp10: loaded
2026-03-24 03:21:14 -   NN Seed42: loaded
2026-03-24 03:21:16 -   NN Seed123: loaded
2026-03-24 03:21:18 -   NN Seed456: loaded
2026-03-24 03:21:20 -   NN Seed789: loaded
2026-03-24 03:21:22 -   NN Seed1024: loaded
2026-03-24 03:21:22 - 
  Stacking 17 预测器: thr=0.540, F1=0.6396
2026-03-24 03:21:22 - 
[最终Stacking] Acc: 0.7342 | Precision: 0.6407 | Recall: 0.6385 | F1: 0.6396
2026-03-24 03:21:22 - [最终Stacking] Classification Report:
              precision    recall  f1-score   support

      benign     0.4603    0.4496    0.4549       129
    no_tumor     0.8212    0.8274    0.8243       394

    accuracy                         0.7342       523
   macro avg     0.6407    0.6385    0.6396       523
weighted avg     0.7322    0.7342    0.7332       523

2026-03-24 03:21:23 -   加权(ann_w=0.3): thr=0.625, F1=0.6326
2026-03-24 03:21:23 -   加权(ann_w=0.5): thr=0.660, F1=0.6342
2026-03-24 03:21:23 -   加权(ann_w=0.7): thr=0.600, F1=0.6444
2026-03-24 03:21:23 - 
======================================================================
2026-03-24 03:21:23 - 特征重要性分析 (XGBoost)
2026-03-24 03:21:23 - ======================================================================
2026-03-24 03:21:30 - 
  标注类型特征重要性 Top-10:
2026-03-24 03:21:30 -     pred_area_max: 0.0005
2026-03-24 03:21:30 -     adenoma_area_max: 0.0000
2026-03-24 03:21:30 -     adenoma_area_mean: 0.0000
2026-03-24 03:21:30 -     adenoma_area_sum: 0.0000
2026-03-24 03:21:30 -     adenoma_aspect_ratio: 0.0000
2026-03-24 03:21:30 -     adenoma_circularity: 0.0000
2026-03-24 03:21:30 -     adenoma_ratio: 0.0000
2026-03-24 03:21:30 -     gb_area_ratio: 0.0000
2026-03-24 03:21:30 -     has_adenoma: 0.0000
2026-03-24 03:21:30 -     has_any_adenoma: 0.0000
2026-03-24 03:21:30 - 
  全特征重要性 Top-20:
2026-03-24 03:21:30 -     deep_3626: 0.0467
2026-03-24 03:21:30 -     deep_3322: 0.0451
2026-03-24 03:21:30 -     deep_2687: 0.0302
2026-03-24 03:21:30 -     deep_3474: 0.0240
2026-03-24 03:21:30 -     deep_2418: 0.0151
2026-03-24 03:21:30 -     deep_2506: 0.0126
2026-03-24 03:21:30 -     deep_2875: 0.0122
2026-03-24 03:21:30 -     deep_3042: 0.0092
2026-03-24 03:21:30 -     deep_238: 0.0091
2026-03-24 03:21:30 -     deep_3634: 0.0083
2026-03-24 03:21:30 -     deep_2759: 0.0081
2026-03-24 03:21:30 -     deep_3517: 0.0079
2026-03-24 03:21:30 -     deep_1330: 0.0077
2026-03-24 03:21:30 -     deep_3318: 0.0074
2026-03-24 03:21:30 -     deep_2676: 0.0074
2026-03-24 03:21:30 -     deep_1522: 0.0074
2026-03-24 03:21:30 -     deep_2810: 0.0072
2026-03-24 03:21:30 -     deep_543: 0.0068
2026-03-24 03:21:30 -     deep_2461: 0.0068
2026-03-24 03:21:30 -     deep_2826: 0.0066
2026-03-24 03:21:30 - 
======================================================================
2026-03-24 03:21:30 - 完成!
2026-03-24 03:21:30 - ======================================================================
