2026-03-23 08:11:56 - ============================================================
2026-03-23 08:11:56 - 实验名称: 20260323_task2_MaxViTTiny_roi4ch_4
2026-03-23 08:11:56 - 任务: Task 2 - 良性肿瘤(0) vs 非肿瘤性息肉(1)
2026-03-23 08:11:56 - 模型: MaxViT-Tiny (ImageNet pretrained, 4ch adapted)
2026-03-23 08:11:56 - 修改: ROI crop + lesion mask 4ch + AdamW + diff lr + warmup cosine + class weight
2026-03-23 08:11:56 - 输入通道: 4
2026-03-23 08:11:56 - 图像尺寸: train ROI_crop → SyncResize224 + HFlip + VFlip + Affine + ColorJitter + mask, test ROI_crop → SyncResize224 + mask
2026-03-23 08:11:56 - Batch Size: 8
2026-03-23 08:11:56 - Backbone LR: 5e-05
2026-03-23 08:11:56 - Head LR: 0.0005
2026-03-23 08:11:56 - Weight Decay: 0.05
2026-03-23 08:11:56 - Warmup Epochs: 5
2026-03-23 08:11:56 - Min LR Ratio: 0.05
2026-03-23 08:11:56 - Label Smoothing: 0.1
2026-03-23 08:11:56 - Seed: 42
2026-03-23 08:11:56 - Epochs: 60
2026-03-23 08:11:56 - Grad Clip: 1.0
2026-03-23 08:11:56 - 设备: cuda
2026-03-23 08:11:56 - ============================================================
2026-03-23 08:11:56 - 训练集: 1229 张 (benign=309, no_tumor=920)
2026-03-23 08:11:56 - 测试集: 523 张 (benign=129, no_tumor=394)
2026-03-23 08:11:58 - 模型参数量: 30,405,130
2026-03-23 08:11:58 - 可训练参数量: 30,405,130
2026-03-23 08:11:58 - 类别权重: benign=1.9887, no_tumor=0.6679
2026-03-23 08:11:58 - 损失函数: CrossEntropyLoss(class_weight + label_smoothing=0.1)
2026-03-23 08:11:58 - 
============================================================
2026-03-23 08:11:58 - 开始训练
2026-03-23 08:11:58 - ============================================================
2026-03-23 08:12:17 - Epoch [1/60] LR(backbone/head): 1.000000e-05/1.000000e-04 | WarmupCosineFactor: 0.2000 | Loss: 0.7332 | Train Acc: 0.5801 | Time: 19.5s
2026-03-23 08:12:35 - Epoch [2/60] LR(backbone/head): 2.000000e-05/2.000000e-04 | WarmupCosineFactor: 0.4000 | Loss: 0.6902 | Train Acc: 0.6208 | Time: 17.7s
2026-03-23 08:12:52 - Epoch [3/60] LR(backbone/head): 3.000000e-05/3.000000e-04 | WarmupCosineFactor: 0.6000 | Loss: 0.6695 | Train Acc: 0.6851 | Time: 17.6s
2026-03-23 08:12:52 - ----------------------------------------
2026-03-23 08:12:55 - [Test] Acc: 0.5602 | Precision(macro): 0.5837 | Recall(macro): 0.6117 | F1(macro): 0.5403
2026-03-23 08:12:55 - [Test] Classification Report:
              precision    recall  f1-score   support

      benign     0.3228    0.7132    0.4444       129
    no_tumor     0.8445    0.5102    0.6361       394

    accuracy                         0.5602       523
   macro avg     0.5837    0.6117    0.5403       523
weighted avg     0.7159    0.5602    0.5888       523

2026-03-23 08:12:55 - *** 保存最优模型 (F1: 0.5403, Epoch: 3) ***
2026-03-23 08:12:55 - ----------------------------------------
2026-03-23 08:13:12 - Epoch [4/60] LR(backbone/head): 4.000000e-05/4.000000e-04 | WarmupCosineFactor: 0.8000 | Loss: 0.6545 | Train Acc: 0.7160 | Time: 17.3s
2026-03-23 08:13:30 - Epoch [5/60] LR(backbone/head): 5.000000e-05/5.000000e-04 | WarmupCosineFactor: 1.0000 | Loss: 0.6218 | Train Acc: 0.7234 | Time: 17.3s
2026-03-23 08:13:47 - Epoch [6/60] LR(backbone/head): 4.996127e-05/4.996127e-04 | WarmupCosineFactor: 0.9992 | Loss: 0.6205 | Train Acc: 0.7404 | Time: 17.4s
2026-03-23 08:13:47 - ----------------------------------------
2026-03-23 08:13:49 - [Test] Acc: 0.7438 | Precision(macro): 0.6251 | Recall(macro): 0.5771 | F1(macro): 0.5826
2026-03-23 08:13:49 - [Test] Classification Report:
              precision    recall  f1-score   support

      benign     0.4638    0.2481    0.3232       129
    no_tumor     0.7863    0.9061    0.8420       394

    accuracy                         0.7438       523
   macro avg     0.6251    0.5771    0.5826       523
weighted avg     0.7068    0.7438    0.7140       523

2026-03-23 08:13:50 - *** 保存最优模型 (F1: 0.5826, Epoch: 6) ***
2026-03-23 08:13:50 - ----------------------------------------
2026-03-23 08:14:08 - Epoch [7/60] LR(backbone/head): 4.984519e-05/4.984519e-04 | WarmupCosineFactor: 0.9969 | Loss: 0.5831 | Train Acc: 0.7787 | Time: 17.5s
2026-03-23 08:14:25 - Epoch [8/60] LR(backbone/head): 4.965215e-05/4.965215e-04 | WarmupCosineFactor: 0.9930 | Loss: 0.5344 | Train Acc: 0.8259 | Time: 17.3s
2026-03-23 08:14:43 - Epoch [9/60] LR(backbone/head): 4.938278e-05/4.938278e-04 | WarmupCosineFactor: 0.9877 | Loss: 0.4882 | Train Acc: 0.8723 | Time: 17.8s
2026-03-23 08:14:43 - ----------------------------------------
2026-03-23 08:14:45 - [Test] Acc: 0.6826 | Precision(macro): 0.5711 | Recall(macro): 0.5704 | F1(macro): 0.5707
2026-03-23 08:14:45 - [Test] Classification Report:
              precision    recall  f1-score   support

      benign     0.3543    0.3488    0.3516       129
    no_tumor     0.7879    0.7919    0.7899       394

    accuracy                         0.6826       523
   macro avg     0.5711    0.5704    0.5707       523
weighted avg     0.6809    0.6826    0.6818       523

2026-03-23 08:14:45 - ----------------------------------------
2026-03-23 08:15:03 - Epoch [10/60] LR(backbone/head): 4.903796e-05/4.903796e-04 | WarmupCosineFactor: 0.9808 | Loss: 0.4539 | Train Acc: 0.8918 | Time: 17.5s
2026-03-23 08:15:20 - Epoch [11/60] LR(backbone/head): 4.861880e-05/4.861880e-04 | WarmupCosineFactor: 0.9724 | Loss: 0.4317 | Train Acc: 0.9129 | Time: 17.3s
2026-03-23 08:15:38 - Epoch [12/60] LR(backbone/head): 4.812669e-05/4.812669e-04 | WarmupCosineFactor: 0.9625 | Loss: 0.4219 | Train Acc: 0.9138 | Time: 17.8s
2026-03-23 08:15:38 - ----------------------------------------
2026-03-23 08:15:41 - [Test] Acc: 0.7094 | Precision(macro): 0.5705 | Recall(macro): 0.5516 | F1(macro): 0.5535
2026-03-23 08:15:41 - [Test] Classification Report:
              precision    recall  f1-score   support

      benign     0.3647    0.2403    0.2897       129
    no_tumor     0.7763    0.8629    0.8173       394

    accuracy                         0.7094       523
   macro avg     0.5705    0.5516    0.5535       523
weighted avg     0.6747    0.7094    0.6872       523

2026-03-23 08:15:41 - ----------------------------------------
2026-03-23 08:15:58 - Epoch [13/60] LR(backbone/head): 4.756321e-05/4.756321e-04 | WarmupCosineFactor: 0.9513 | Loss: 0.3859 | Train Acc: 0.9414 | Time: 17.3s
2026-03-23 08:16:16 - Epoch [14/60] LR(backbone/head): 4.693022e-05/4.693022e-04 | WarmupCosineFactor: 0.9386 | Loss: 0.3726 | Train Acc: 0.9487 | Time: 17.7s
2026-03-23 08:16:34 - Epoch [15/60] LR(backbone/head): 4.622977e-05/4.622977e-04 | WarmupCosineFactor: 0.9246 | Loss: 0.3643 | Train Acc: 0.9577 | Time: 17.8s
2026-03-23 08:16:34 - ----------------------------------------
2026-03-23 08:16:36 - [Test] Acc: 0.7094 | Precision(macro): 0.5682 | Recall(macro): 0.5490 | F1(macro): 0.5504
2026-03-23 08:16:36 - [Test] Classification Report:
              precision    recall  f1-score   support

      benign     0.3614    0.2326    0.2830       129
    no_tumor     0.7750    0.8655    0.8177       394

    accuracy                         0.7094       523
   macro avg     0.5682    0.5490    0.5504       523
weighted avg     0.6730    0.7094    0.6859       523

2026-03-23 08:16:36 - ----------------------------------------
2026-03-23 08:16:54 - Epoch [16/60] LR(backbone/head): 4.546415e-05/4.546415e-04 | WarmupCosineFactor: 0.9093 | Loss: 0.3528 | Train Acc: 0.9593 | Time: 17.4s
2026-03-23 08:17:11 - Epoch [17/60] LR(backbone/head): 4.463586e-05/4.463586e-04 | WarmupCosineFactor: 0.8927 | Loss: 0.3469 | Train Acc: 0.9618 | Time: 17.5s
2026-03-23 08:17:29 - Epoch [18/60] LR(backbone/head): 4.374760e-05/4.374760e-04 | WarmupCosineFactor: 0.8750 | Loss: 0.3416 | Train Acc: 0.9658 | Time: 17.8s
2026-03-23 08:17:29 - ----------------------------------------
2026-03-23 08:17:32 - [Test] Acc: 0.7285 | Precision(macro): 0.5973 | Recall(macro): 0.5643 | F1(macro): 0.5676
2026-03-23 08:17:32 - [Test] Classification Report:
              precision    recall  f1-score   support

      benign     0.4133    0.2403    0.3039       129
    no_tumor     0.7812    0.8883    0.8314       394

    accuracy                         0.7285       523
   macro avg     0.5973    0.5643    0.5676       523
weighted avg     0.6905    0.7285    0.7013       523

2026-03-23 08:17:32 - ----------------------------------------
2026-03-23 08:17:49 - Epoch [19/60] LR(backbone/head): 4.280227e-05/4.280227e-04 | WarmupCosineFactor: 0.8560 | Loss: 0.3175 | Train Acc: 0.9821 | Time: 17.5s
2026-03-23 08:18:07 - Epoch [20/60] LR(backbone/head): 4.180294e-05/4.180294e-04 | WarmupCosineFactor: 0.8361 | Loss: 0.3262 | Train Acc: 0.9723 | Time: 17.7s
2026-03-23 08:18:24 - Epoch [21/60] LR(backbone/head): 4.075289e-05/4.075289e-04 | WarmupCosineFactor: 0.8151 | Loss: 0.3302 | Train Acc: 0.9723 | Time: 17.3s
2026-03-23 08:18:24 - ----------------------------------------
2026-03-23 08:18:27 - [Test] Acc: 0.7170 | Precision(macro): 0.5902 | Recall(macro): 0.5697 | F1(macro): 0.5740
2026-03-23 08:18:27 - [Test] Classification Report:
              precision    recall  f1-score   support

      benign     0.3956    0.2791    0.3273       129
    no_tumor     0.7847    0.8604    0.8208       394

    accuracy                         0.7170       523
   macro avg     0.5902    0.5697    0.5740       523
weighted avg     0.6887    0.7170    0.6991       523

2026-03-23 08:18:27 - ----------------------------------------
2026-03-23 08:18:44 - Epoch [22/60] LR(backbone/head): 3.965553e-05/3.965553e-04 | WarmupCosineFactor: 0.7931 | Loss: 0.3290 | Train Acc: 0.9772 | Time: 17.3s
2026-03-23 08:19:02 - Epoch [23/60] LR(backbone/head): 3.851444e-05/3.851444e-04 | WarmupCosineFactor: 0.7703 | Loss: 0.3131 | Train Acc: 0.9837 | Time: 17.5s
2026-03-23 08:19:19 - Epoch [24/60] LR(backbone/head): 3.733335e-05/3.733335e-04 | WarmupCosineFactor: 0.7467 | Loss: 0.3036 | Train Acc: 0.9862 | Time: 17.7s
2026-03-23 08:19:19 - ----------------------------------------
2026-03-23 08:19:22 - [Test] Acc: 0.7304 | Precision(macro): 0.5737 | Recall(macro): 0.5343 | F1(macro): 0.5248
2026-03-23 08:19:22 - [Test] Classification Report:
              precision    recall  f1-score   support

      benign     0.3800    0.1473    0.2123       129
    no_tumor     0.7674    0.9213    0.8374       394

    accuracy                         0.7304       523
   macro avg     0.5737    0.5343    0.5248       523
weighted avg     0.6719    0.7304    0.6832       523

2026-03-23 08:19:22 - ----------------------------------------
2026-03-23 08:19:39 - Epoch [25/60] LR(backbone/head): 3.611611e-05/3.611611e-04 | WarmupCosineFactor: 0.7223 | Loss: 0.3068 | Train Acc: 0.9878 | Time: 17.2s
2026-03-23 08:19:57 - Epoch [26/60] LR(backbone/head): 3.486668e-05/3.486668e-04 | WarmupCosineFactor: 0.6973 | Loss: 0.3075 | Train Acc: 0.9862 | Time: 17.6s
2026-03-23 08:20:15 - Epoch [27/60] LR(backbone/head): 3.358915e-05/3.358915e-04 | WarmupCosineFactor: 0.6718 | Loss: 0.3076 | Train Acc: 0.9837 | Time: 17.8s
2026-03-23 08:20:15 - ----------------------------------------
2026-03-23 08:20:17 - [Test] Acc: 0.7342 | Precision(macro): 0.5896 | Recall(macro): 0.5447 | F1(macro): 0.5397
2026-03-23 08:20:18 - [Test] Classification Report:
              precision    recall  f1-score   support

      benign     0.4074    0.1705    0.2404       129
    no_tumor     0.7719    0.9188    0.8389       394

    accuracy                         0.7342       523
   macro avg     0.5896    0.5447    0.5397       523
weighted avg     0.6820    0.7342    0.6913       523

2026-03-23 08:20:18 - ----------------------------------------
2026-03-23 08:20:35 - Epoch [28/60] LR(backbone/head): 3.228769e-05/3.228769e-04 | WarmupCosineFactor: 0.6458 | Loss: 0.3039 | Train Acc: 0.9878 | Time: 17.4s
2026-03-23 08:20:53 - Epoch [29/60] LR(backbone/head): 3.096652e-05/3.096652e-04 | WarmupCosineFactor: 0.6193 | Loss: 0.2994 | Train Acc: 0.9894 | Time: 17.8s
2026-03-23 08:21:10 - Epoch [30/60] LR(backbone/head): 2.962998e-05/2.962998e-04 | WarmupCosineFactor: 0.5926 | Loss: 0.2992 | Train Acc: 0.9878 | Time: 17.6s
2026-03-23 08:21:10 - ----------------------------------------
2026-03-23 08:21:13 - [Test] Acc: 0.7266 | Precision(macro): 0.5943 | Recall(macro): 0.5630 | F1(macro): 0.5662
2026-03-23 08:21:13 - [Test] Classification Report:
              precision    recall  f1-score   support

      benign     0.4079    0.2403    0.3024       129
    no_tumor     0.7808    0.8858    0.8300       394

    accuracy                         0.7266       523
   macro avg     0.5943    0.5630    0.5662       523
weighted avg     0.6888    0.7266    0.6998       523

2026-03-23 08:21:13 - ----------------------------------------
2026-03-23 08:21:30 - Epoch [31/60] LR(backbone/head): 2.828241e-05/2.828241e-04 | WarmupCosineFactor: 0.5656 | Loss: 0.2954 | Train Acc: 0.9910 | Time: 17.7s
2026-03-23 08:21:48 - Epoch [32/60] LR(backbone/head): 2.692821e-05/2.692821e-04 | WarmupCosineFactor: 0.5386 | Loss: 0.2960 | Train Acc: 0.9894 | Time: 17.6s
2026-03-23 08:22:05 - Epoch [33/60] LR(backbone/head): 2.557179e-05/2.557179e-04 | WarmupCosineFactor: 0.5114 | Loss: 0.3068 | Train Acc: 0.9886 | Time: 17.3s
2026-03-23 08:22:05 - ----------------------------------------
2026-03-23 08:22:07 - [Test] Acc: 0.7055 | Precision(macro): 0.5506 | Recall(macro): 0.5334 | F1(macro): 0.5311
2026-03-23 08:22:07 - [Test] Classification Report:
              precision    recall  f1-score   support

      benign     0.3333    0.1938    0.2451       129
    no_tumor     0.7679    0.8731    0.8171       394

    accuracy                         0.7055       523
   macro avg     0.5506    0.5334    0.5311       523
weighted avg     0.6607    0.7055    0.6760       523

2026-03-23 08:22:07 - ----------------------------------------
2026-03-23 08:22:25 - Epoch [34/60] LR(backbone/head): 2.421759e-05/2.421759e-04 | WarmupCosineFactor: 0.4844 | Loss: 0.2941 | Train Acc: 0.9910 | Time: 17.5s
2026-03-23 08:22:42 - Epoch [35/60] LR(backbone/head): 2.287002e-05/2.287002e-04 | WarmupCosineFactor: 0.4574 | Loss: 0.2944 | Train Acc: 0.9894 | Time: 17.5s
2026-03-23 08:23:00 - Epoch [36/60] LR(backbone/head): 2.153348e-05/2.153348e-04 | WarmupCosineFactor: 0.4307 | Loss: 0.2769 | Train Acc: 0.9992 | Time: 17.5s
2026-03-23 08:23:00 - ----------------------------------------
2026-03-23 08:23:02 - [Test] Acc: 0.7189 | Precision(macro): 0.5614 | Recall(macro): 0.5345 | F1(macro): 0.5292
2026-03-23 08:23:02 - [Test] Classification Report:
              precision    recall  f1-score   support

      benign     0.3548    0.1705    0.2304       129
    no_tumor     0.7679    0.8985    0.8281       394

    accuracy                         0.7189       523
   macro avg     0.5614    0.5345    0.5292       523
weighted avg     0.6660    0.7189    0.6806       523

2026-03-23 08:23:02 - ----------------------------------------
2026-03-23 08:23:20 - Epoch [37/60] LR(backbone/head): 2.021231e-05/2.021231e-04 | WarmupCosineFactor: 0.4042 | Loss: 0.2933 | Train Acc: 0.9943 | Time: 17.4s
2026-03-23 08:23:38 - Epoch [38/60] LR(backbone/head): 1.891085e-05/1.891085e-04 | WarmupCosineFactor: 0.3782 | Loss: 0.2909 | Train Acc: 0.9951 | Time: 17.8s
2026-03-23 08:23:55 - Epoch [39/60] LR(backbone/head): 1.763332e-05/1.763332e-04 | WarmupCosineFactor: 0.3527 | Loss: 0.2791 | Train Acc: 0.9959 | Time: 17.9s
2026-03-23 08:23:55 - ----------------------------------------
2026-03-23 08:23:58 - [Test] Acc: 0.7361 | Precision(macro): 0.5779 | Recall(macro): 0.5303 | F1(macro): 0.5154
2026-03-23 08:23:58 - [Test] Classification Report:
              precision    recall  f1-score   support

      benign     0.3902    0.1240    0.1882       129
    no_tumor     0.7656    0.9365    0.8425       394

    accuracy                         0.7361       523
   macro avg     0.5779    0.5303    0.5154       523
weighted avg     0.6730    0.7361    0.6811       523

2026-03-23 08:23:58 - ----------------------------------------
2026-03-23 08:24:15 - Epoch [40/60] LR(backbone/head): 1.638389e-05/1.638389e-04 | WarmupCosineFactor: 0.3277 | Loss: 0.2878 | Train Acc: 0.9935 | Time: 17.4s
2026-03-23 08:24:33 - Epoch [41/60] LR(backbone/head): 1.516665e-05/1.516665e-04 | WarmupCosineFactor: 0.3033 | Loss: 0.2824 | Train Acc: 0.9951 | Time: 17.6s
2026-03-23 08:24:50 - Epoch [42/60] LR(backbone/head): 1.398556e-05/1.398556e-04 | WarmupCosineFactor: 0.2797 | Loss: 0.2952 | Train Acc: 0.9910 | Time: 17.5s
2026-03-23 08:24:50 - ----------------------------------------
2026-03-23 08:24:53 - [Test] Acc: 0.6769 | Precision(macro): 0.5476 | Recall(macro): 0.5431 | F1(macro): 0.5444
2026-03-23 08:24:53 - [Test] Classification Report:
              precision    recall  f1-score   support

      benign     0.3214    0.2791    0.2988       129
    no_tumor     0.7737    0.8071    0.7901       394

    accuracy                         0.6769       523
   macro avg     0.5476    0.5431    0.5444       523
weighted avg     0.6622    0.6769    0.6689       523

2026-03-23 08:24:53 - ----------------------------------------
2026-03-23 08:25:10 - Epoch [43/60] LR(backbone/head): 1.284447e-05/1.284447e-04 | WarmupCosineFactor: 0.2569 | Loss: 0.2840 | Train Acc: 0.9951 | Time: 17.7s
2026-03-23 08:25:28 - Epoch [44/60] LR(backbone/head): 1.174711e-05/1.174711e-04 | WarmupCosineFactor: 0.2349 | Loss: 0.2923 | Train Acc: 0.9927 | Time: 17.8s
2026-03-23 08:25:46 - Epoch [45/60] LR(backbone/head): 1.069706e-05/1.069706e-04 | WarmupCosineFactor: 0.2139 | Loss: 0.2831 | Train Acc: 0.9959 | Time: 17.9s
2026-03-23 08:25:46 - ----------------------------------------
2026-03-23 08:25:49 - [Test] Acc: 0.7132 | Precision(macro): 0.5754 | Recall(macro): 0.5542 | F1(macro): 0.5563
2026-03-23 08:25:49 - [Test] Classification Report:
              precision    recall  f1-score   support

      benign     0.3735    0.2403    0.2925       129
    no_tumor     0.7773    0.8680    0.8201       394

    accuracy                         0.7132       523
   macro avg     0.5754    0.5542    0.5563       523
weighted avg     0.6777    0.7132    0.6900       523

2026-03-23 08:25:49 - ----------------------------------------
2026-03-23 08:26:06 - Epoch [46/60] LR(backbone/head): 9.697733e-06/9.697733e-05 | WarmupCosineFactor: 0.1940 | Loss: 0.2806 | Train Acc: 0.9967 | Time: 17.3s
2026-03-23 08:26:24 - Epoch [47/60] LR(backbone/head): 8.752398e-06/8.752398e-05 | WarmupCosineFactor: 0.1750 | Loss: 0.2789 | Train Acc: 0.9984 | Time: 17.9s
2026-03-23 08:26:42 - Epoch [48/60] LR(backbone/head): 7.864137e-06/7.864137e-05 | WarmupCosineFactor: 0.1573 | Loss: 0.2814 | Train Acc: 0.9984 | Time: 17.5s
2026-03-23 08:26:42 - ----------------------------------------
2026-03-23 08:26:44 - [Test] Acc: 0.7151 | Precision(macro): 0.5664 | Recall(macro): 0.5424 | F1(macro): 0.5412
2026-03-23 08:26:44 - [Test] Classification Report:
              precision    recall  f1-score   support

      benign     0.3611    0.2016    0.2587       129
    no_tumor     0.7716    0.8832    0.8237       394

    accuracy                         0.7151       523
   macro avg     0.5664    0.5424    0.5412       523
weighted avg     0.6704    0.7151    0.6843       523

2026-03-23 08:26:44 - ----------------------------------------
2026-03-23 08:27:02 - Epoch [49/60] LR(backbone/head): 7.035846e-06/7.035846e-05 | WarmupCosineFactor: 0.1407 | Loss: 0.2759 | Train Acc: 0.9992 | Time: 17.3s
2026-03-23 08:27:19 - Epoch [50/60] LR(backbone/head): 6.270229e-06/6.270229e-05 | WarmupCosineFactor: 0.1254 | Loss: 0.2813 | Train Acc: 0.9976 | Time: 17.4s
2026-03-23 08:27:36 - Epoch [51/60] LR(backbone/head): 5.569781e-06/5.569781e-05 | WarmupCosineFactor: 0.1114 | Loss: 0.2777 | Train Acc: 0.9984 | Time: 17.3s
2026-03-23 08:27:36 - ----------------------------------------
2026-03-23 08:27:39 - [Test] Acc: 0.7266 | Precision(macro): 0.5797 | Recall(macro): 0.5448 | F1(macro): 0.5420
2026-03-23 08:27:39 - [Test] Classification Report:
              precision    recall  f1-score   support

      benign     0.3871    0.1860    0.2513       129
    no_tumor     0.7722    0.9036    0.8327       394

    accuracy                         0.7266       523
   macro avg     0.5797    0.5448    0.5420       523
weighted avg     0.6772    0.7266    0.6893       523

2026-03-23 08:27:39 - ----------------------------------------
2026-03-23 08:27:56 - Epoch [52/60] LR(backbone/head): 4.936787e-06/4.936787e-05 | WarmupCosineFactor: 0.0987 | Loss: 0.2758 | Train Acc: 0.9992 | Time: 17.5s
2026-03-23 08:28:14 - Epoch [53/60] LR(backbone/head): 4.373313e-06/4.373313e-05 | WarmupCosineFactor: 0.0875 | Loss: 0.2770 | Train Acc: 0.9992 | Time: 17.4s
2026-03-23 08:28:31 - Epoch [54/60] LR(backbone/head): 3.881196e-06/3.881196e-05 | WarmupCosineFactor: 0.0776 | Loss: 0.2797 | Train Acc: 0.9992 | Time: 17.5s
2026-03-23 08:28:31 - ----------------------------------------
2026-03-23 08:28:34 - [Test] Acc: 0.7304 | Precision(macro): 0.5909 | Recall(macro): 0.5526 | F1(macro): 0.5521
2026-03-23 08:28:34 - [Test] Classification Report:
              precision    recall  f1-score   support

      benign     0.4062    0.2016    0.2694       129
    no_tumor     0.7756    0.9036    0.8347       394

    accuracy                         0.7304       523
   macro avg     0.5909    0.5526    0.5521       523
weighted avg     0.6845    0.7304    0.6953       523

2026-03-23 08:28:34 - ----------------------------------------
2026-03-23 08:28:51 - Epoch [55/60] LR(backbone/head): 3.462042e-06/3.462042e-05 | WarmupCosineFactor: 0.0692 | Loss: 0.2753 | Train Acc: 1.0000 | Time: 17.3s
2026-03-23 08:29:08 - Epoch [56/60] LR(backbone/head): 3.117217e-06/3.117217e-05 | WarmupCosineFactor: 0.0623 | Loss: 0.2761 | Train Acc: 0.9992 | Time: 17.5s
2026-03-23 08:29:26 - Epoch [57/60] LR(backbone/head): 2.847846e-06/2.847846e-05 | WarmupCosineFactor: 0.0570 | Loss: 0.2759 | Train Acc: 0.9992 | Time: 17.7s
2026-03-23 08:29:26 - ----------------------------------------
2026-03-23 08:29:29 - [Test] Acc: 0.7208 | Precision(macro): 0.5750 | Recall(macro): 0.5462 | F1(macro): 0.5452
2026-03-23 08:29:29 - [Test] Classification Report:
              precision    recall  f1-score   support

      benign     0.3768    0.2016    0.2626       129
    no_tumor     0.7731    0.8909    0.8278       394

    accuracy                         0.7208       523
   macro avg     0.5750    0.5462    0.5452       523
weighted avg     0.6754    0.7208    0.6884       523

2026-03-23 08:29:29 - ----------------------------------------
2026-03-23 08:29:46 - Epoch [58/60] LR(backbone/head): 2.654809e-06/2.654809e-05 | WarmupCosineFactor: 0.0531 | Loss: 0.2770 | Train Acc: 0.9992 | Time: 17.4s
2026-03-23 08:30:04 - Epoch [59/60] LR(backbone/head): 2.538734e-06/2.538734e-05 | WarmupCosineFactor: 0.0508 | Loss: 0.2794 | Train Acc: 0.9984 | Time: 17.6s
2026-03-23 08:30:22 - Epoch [60/60] LR(backbone/head): 2.500000e-06/2.500000e-05 | WarmupCosineFactor: 0.0500 | Loss: 0.2855 | Train Acc: 0.9959 | Time: 17.7s
2026-03-23 08:30:22 - ----------------------------------------
2026-03-23 08:30:24 - [Test] Acc: 0.7361 | Precision(macro): 0.5937 | Recall(macro): 0.5459 | F1(macro): 0.5410
2026-03-23 08:30:24 - [Test] Classification Report:
              precision    recall  f1-score   support

      benign     0.4151    0.1705    0.2418       129
    no_tumor     0.7723    0.9213    0.8403       394

    accuracy                         0.7361       523
   macro avg     0.5937    0.5459    0.5410       523
weighted avg     0.6842    0.7361    0.6927       523

2026-03-23 08:30:24 - ----------------------------------------
2026-03-23 08:30:24 - 
============================================================
2026-03-23 08:30:24 - 训练完成! 最优模型: Epoch 6, F1: 0.5826
2026-03-23 08:30:24 - ============================================================
2026-03-23 08:30:24 - 
加载最优权重进行最终测试...
2026-03-23 08:30:25 - ============================================================
2026-03-23 08:30:25 - 最终测试结果 (最优权重)
2026-03-23 08:30:25 - ============================================================
2026-03-23 08:30:27 - [Final Test] Acc: 0.7438 | Precision(macro): 0.6251 | Recall(macro): 0.5771 | F1(macro): 0.5826
2026-03-23 08:30:27 - [Final Test] Classification Report:
              precision    recall  f1-score   support

      benign     0.4638    0.2481    0.3232       129
    no_tumor     0.7863    0.9061    0.8420       394

    accuracy                         0.7438       523
   macro avg     0.6251    0.5771    0.5826       523
weighted avg     0.7068    0.7438    0.7140       523

2026-03-23 08:30:27 - 训练脚本已复制到: /data1/ouyangxinglong/GBP-Cascade/logs/20260323_task2_MaxViTTiny_roi4ch_4/20260323_task2_MaxViTTiny_roi4ch_4.py
