2026-03-18 17:03:31 - ============================================================
2026-03-18 17:03:31 - 实验名称: 20260318_task2_Resnet34_weakaug_classweight_3
2026-03-18 17:03:31 - 任务: Task 2 - 良性肿瘤(0) vs 非肿瘤性息肉(1)
2026-03-18 17:03:31 - 模型: ResNet34 (ImageNet预训练)
2026-03-18 17:03:31 - 修改: weak augmentation + class weight + 全参数微调
2026-03-18 17:03:31 - 图像尺寸: train resize 256, crop 224, test 224
2026-03-18 17:03:31 - Batch Size: 32
2026-03-18 17:03:31 - 学习率: 0.001
2026-03-18 17:03:31 - Weight Decay: 0.0001
2026-03-18 17:03:31 - Epochs: 100
2026-03-18 17:03:31 - 设备: cuda
2026-03-18 17:03:31 - ============================================================
2026-03-18 17:03:31 - 训练集: 1303 张 (benign=309, no_tumor=994)
2026-03-18 17:03:31 - 测试集: 564 张 (benign=129, no_tumor=435)
2026-03-18 17:03:32 - 模型参数量: 21,285,698
2026-03-18 17:03:32 - 可训练参数量: 21,285,698
2026-03-18 17:03:32 - 类别权重: benign=2.1084, no_tumor=0.6554
2026-03-18 17:03:32 - 
============================================================
2026-03-18 17:03:32 - 开始训练
2026-03-18 17:03:32 - ============================================================
2026-03-18 17:03:36 - Epoch [1/100] LR: 0.001000 | Loss: 0.8679 | Train Acc: 0.5556 | Time: 3.4s
2026-03-18 17:03:38 - Epoch [2/100] LR: 0.001000 | Loss: 0.7509 | Train Acc: 0.5372 | Time: 2.3s
2026-03-18 17:03:41 - Epoch [3/100] LR: 0.001000 | Loss: 0.7032 | Train Acc: 0.5871 | Time: 2.6s
2026-03-18 17:03:41 - ----------------------------------------
2026-03-18 17:03:42 - [Test] Acc: 0.2571 | Precision(macro): 0.4887 | Recall(macro): 0.4966 | F1(macro): 0.2344
2026-03-18 17:03:42 - [Test] Classification Report:
              precision    recall  f1-score   support

      benign     0.2274    0.9380    0.3661       129
    no_tumor     0.7500    0.0552    0.1028       435

    accuracy                         0.2571       564
   macro avg     0.4887    0.4966    0.2344       564
weighted avg     0.6305    0.2571    0.1630       564

2026-03-18 17:03:42 - *** 保存最优模型 (F1: 0.2344, Epoch: 3) ***
2026-03-18 17:03:42 - ----------------------------------------
2026-03-18 17:03:44 - Epoch [4/100] LR: 0.001000 | Loss: 0.6954 | Train Acc: 0.5104 | Time: 2.3s
2026-03-18 17:03:47 - Epoch [5/100] LR: 0.001000 | Loss: 0.6905 | Train Acc: 0.5764 | Time: 2.4s
2026-03-18 17:03:49 - Epoch [6/100] LR: 0.001000 | Loss: 0.6753 | Train Acc: 0.5203 | Time: 2.6s
2026-03-18 17:03:49 - ----------------------------------------
2026-03-18 17:03:50 - [Test] Acc: 0.5656 | Precision(macro): 0.5428 | Recall(macro): 0.5603 | F1(macro): 0.5181
2026-03-18 17:03:50 - [Test] Classification Report:
              precision    recall  f1-score   support

      benign     0.2752    0.5504    0.3669       129
    no_tumor     0.8105    0.5701    0.6694       435

    accuracy                         0.5656       564
   macro avg     0.5428    0.5603    0.5181       564
weighted avg     0.6880    0.5656    0.6002       564

2026-03-18 17:03:51 - *** 保存最优模型 (F1: 0.5181, Epoch: 6) ***
2026-03-18 17:03:51 - ----------------------------------------
2026-03-18 17:03:53 - Epoch [7/100] LR: 0.001000 | Loss: 0.6842 | Train Acc: 0.5879 | Time: 2.4s
2026-03-18 17:03:55 - Epoch [8/100] LR: 0.001000 | Loss: 0.6642 | Train Acc: 0.5833 | Time: 2.3s
2026-03-18 17:03:58 - Epoch [9/100] LR: 0.001000 | Loss: 0.7045 | Train Acc: 0.6209 | Time: 2.6s
2026-03-18 17:03:58 - ----------------------------------------
2026-03-18 17:03:59 - [Test] Acc: 0.4876 | Precision(macro): 0.5286 | Recall(macro): 0.5397 | F1(macro): 0.4669
2026-03-18 17:03:59 - [Test] Classification Report:
              precision    recall  f1-score   support

      benign     0.2531    0.6357    0.3620       129
    no_tumor     0.8042    0.4437    0.5719       435

    accuracy                         0.4876       564
   macro avg     0.5286    0.5397    0.4669       564
weighted avg     0.6781    0.4876    0.5239       564

2026-03-18 17:03:59 - ----------------------------------------
2026-03-18 17:04:01 - Epoch [10/100] LR: 0.001000 | Loss: 0.6786 | Train Acc: 0.6124 | Time: 2.3s
2026-03-18 17:04:04 - Epoch [11/100] LR: 0.001000 | Loss: 0.6770 | Train Acc: 0.6262 | Time: 2.3s
2026-03-18 17:04:06 - Epoch [12/100] LR: 0.001000 | Loss: 0.6564 | Train Acc: 0.6401 | Time: 2.3s
2026-03-18 17:04:06 - ----------------------------------------
2026-03-18 17:04:07 - [Test] Acc: 0.5674 | Precision(macro): 0.5342 | Recall(macro): 0.5478 | F1(macro): 0.5133
2026-03-18 17:04:07 - [Test] Classification Report:
              precision    recall  f1-score   support

      benign     0.2672    0.5116    0.3511       129
    no_tumor     0.8013    0.5839    0.6755       435

    accuracy                         0.5674       564
   macro avg     0.5342    0.5478    0.5133       564
weighted avg     0.6791    0.5674    0.6013       564

2026-03-18 17:04:07 - ----------------------------------------
2026-03-18 17:04:09 - Epoch [13/100] LR: 0.001000 | Loss: 0.6749 | Train Acc: 0.5971 | Time: 2.3s
2026-03-18 17:04:12 - Epoch [14/100] LR: 0.001000 | Loss: 0.6810 | Train Acc: 0.5764 | Time: 2.3s
2026-03-18 17:04:14 - Epoch [15/100] LR: 0.001000 | Loss: 0.6720 | Train Acc: 0.6416 | Time: 2.5s
2026-03-18 17:04:14 - ----------------------------------------
2026-03-18 17:04:15 - [Test] Acc: 0.6277 | Precision(macro): 0.5069 | Recall(macro): 0.5078 | F1(macro): 0.5059
2026-03-18 17:04:15 - [Test] Classification Report:
              precision    recall  f1-score   support

      benign     0.2387    0.2868    0.2606       129
    no_tumor     0.7751    0.7287    0.7512       435

    accuracy                         0.6277       564
   macro avg     0.5069    0.5078    0.5059       564
weighted avg     0.6524    0.6277    0.6390       564

2026-03-18 17:04:15 - ----------------------------------------
2026-03-18 17:04:18 - Epoch [16/100] LR: 0.001000 | Loss: 0.6613 | Train Acc: 0.6201 | Time: 2.3s
2026-03-18 17:04:20 - Epoch [17/100] LR: 0.001000 | Loss: 0.6584 | Train Acc: 0.6416 | Time: 2.3s
2026-03-18 17:04:23 - Epoch [18/100] LR: 0.001000 | Loss: 0.6680 | Train Acc: 0.6424 | Time: 2.5s
2026-03-18 17:04:23 - ----------------------------------------
2026-03-18 17:04:24 - [Test] Acc: 0.6897 | Precision(macro): 0.5094 | Recall(macro): 0.5071 | F1(macro): 0.5042
2026-03-18 17:04:24 - [Test] Classification Report:
              precision    recall  f1-score   support

      benign     0.2444    0.1705    0.2009       129
    no_tumor     0.7743    0.8437    0.8075       435

    accuracy                         0.6897       564
   macro avg     0.5094    0.5071    0.5042       564
weighted avg     0.6531    0.6897    0.6687       564

2026-03-18 17:04:24 - ----------------------------------------
2026-03-18 17:04:26 - Epoch [19/100] LR: 0.001000 | Loss: 0.6601 | Train Acc: 0.6408 | Time: 2.3s
2026-03-18 17:04:28 - Epoch [20/100] LR: 0.001000 | Loss: 0.6679 | Train Acc: 0.6109 | Time: 2.4s
2026-03-18 17:04:31 - Epoch [21/100] LR: 0.001000 | Loss: 0.6528 | Train Acc: 0.6600 | Time: 2.4s
2026-03-18 17:04:31 - ----------------------------------------
2026-03-18 17:04:32 - [Test] Acc: 0.6099 | Precision(macro): 0.5482 | Recall(macro): 0.5644 | F1(macro): 0.5399
2026-03-18 17:04:32 - [Test] Classification Report:
              precision    recall  f1-score   support

      benign     0.2884    0.4806    0.3605       129
    no_tumor     0.8080    0.6483    0.7194       435

    accuracy                         0.6099       564
   macro avg     0.5482    0.5644    0.5399       564
weighted avg     0.6892    0.6099    0.6373       564

2026-03-18 17:04:32 - *** 保存最优模型 (F1: 0.5399, Epoch: 21) ***
2026-03-18 17:04:32 - ----------------------------------------
2026-03-18 17:04:35 - Epoch [22/100] LR: 0.001000 | Loss: 0.6452 | Train Acc: 0.6470 | Time: 2.4s
2026-03-18 17:04:37 - Epoch [23/100] LR: 0.001000 | Loss: 0.6368 | Train Acc: 0.6838 | Time: 2.3s
2026-03-18 17:04:40 - Epoch [24/100] LR: 0.001000 | Loss: 0.6196 | Train Acc: 0.6946 | Time: 2.6s
2026-03-18 17:04:40 - ----------------------------------------
2026-03-18 17:04:41 - [Test] Acc: 0.2855 | Precision(macro): 0.5593 | Recall(macro): 0.5231 | F1(macro): 0.2680
2026-03-18 17:04:41 - [Test] Classification Report:
              precision    recall  f1-score   support

      benign     0.2375    0.9612    0.3810       129
    no_tumor     0.8810    0.0851    0.1551       435

    accuracy                         0.2855       564
   macro avg     0.5593    0.5231    0.2680       564
weighted avg     0.7338    0.2855    0.2068       564

2026-03-18 17:04:41 - ----------------------------------------
2026-03-18 17:04:43 - Epoch [25/100] LR: 0.001000 | Loss: 0.6264 | Train Acc: 0.6861 | Time: 2.4s
2026-03-18 17:04:45 - Epoch [26/100] LR: 0.001000 | Loss: 0.6275 | Train Acc: 0.6815 | Time: 2.3s
2026-03-18 17:04:48 - Epoch [27/100] LR: 0.001000 | Loss: 0.6165 | Train Acc: 0.6992 | Time: 2.4s
2026-03-18 17:04:48 - ----------------------------------------
2026-03-18 17:04:49 - [Test] Acc: 0.5284 | Precision(macro): 0.5159 | Recall(macro): 0.5225 | F1(macro): 0.4836
2026-03-18 17:04:49 - [Test] Classification Report:
              precision    recall  f1-score   support

      benign     0.2454    0.5116    0.3317       129
    no_tumor     0.7864    0.5333    0.6356       435

    accuracy                         0.5284       564
   macro avg     0.5159    0.5225    0.4836       564
weighted avg     0.6627    0.5284    0.5661       564

2026-03-18 17:04:49 - ----------------------------------------
2026-03-18 17:04:51 - Epoch [28/100] LR: 0.001000 | Loss: 0.6272 | Train Acc: 0.6777 | Time: 2.4s
2026-03-18 17:04:53 - Epoch [29/100] LR: 0.001000 | Loss: 0.6126 | Train Acc: 0.6746 | Time: 2.3s
2026-03-18 17:04:56 - Epoch [30/100] LR: 0.001000 | Loss: 0.6269 | Train Acc: 0.7061 | Time: 2.4s
2026-03-18 17:04:56 - ----------------------------------------
2026-03-18 17:04:57 - [Test] Acc: 0.6507 | Precision(macro): 0.5471 | Recall(macro): 0.5554 | F1(macro): 0.5479
2026-03-18 17:04:57 - [Test] Classification Report:
              precision    recall  f1-score   support

      benign     0.2952    0.3798    0.3322       129
    no_tumor     0.7990    0.7310    0.7635       435

    accuracy                         0.6507       564
   macro avg     0.5471    0.5554    0.5479       564
weighted avg     0.6838    0.6507    0.6649       564

2026-03-18 17:04:57 - *** 保存最优模型 (F1: 0.5479, Epoch: 30) ***
2026-03-18 17:04:57 - ----------------------------------------
2026-03-18 17:05:00 - Epoch [31/100] LR: 0.001000 | Loss: 0.6330 | Train Acc: 0.6823 | Time: 2.3s
2026-03-18 17:05:02 - Epoch [32/100] LR: 0.001000 | Loss: 0.6192 | Train Acc: 0.6800 | Time: 2.3s
2026-03-18 17:05:04 - Epoch [33/100] LR: 0.001000 | Loss: 0.5833 | Train Acc: 0.7168 | Time: 2.3s
2026-03-18 17:05:04 - ----------------------------------------
2026-03-18 17:05:05 - [Test] Acc: 0.5922 | Precision(macro): 0.5156 | Recall(macro): 0.5202 | F1(macro): 0.5074
2026-03-18 17:05:05 - [Test] Classification Report:
              precision    recall  f1-score   support

      benign     0.2488    0.3876    0.3030       129
    no_tumor     0.7824    0.6529    0.7118       435

    accuracy                         0.5922       564
   macro avg     0.5156    0.5202    0.5074       564
weighted avg     0.6603    0.5922    0.6183       564

2026-03-18 17:05:05 - ----------------------------------------
2026-03-18 17:05:08 - Epoch [34/100] LR: 0.001000 | Loss: 0.5879 | Train Acc: 0.6992 | Time: 2.3s
2026-03-18 17:05:10 - Epoch [35/100] LR: 0.001000 | Loss: 0.5955 | Train Acc: 0.7206 | Time: 2.3s
2026-03-18 17:05:13 - Epoch [36/100] LR: 0.001000 | Loss: 0.5862 | Train Acc: 0.7360 | Time: 2.3s
2026-03-18 17:05:13 - ----------------------------------------
2026-03-18 17:05:14 - [Test] Acc: 0.7163 | Precision(macro): 0.5673 | Recall(macro): 0.5543 | F1(macro): 0.5573
2026-03-18 17:05:14 - [Test] Classification Report:
              precision    recall  f1-score   support

      benign     0.3402    0.2558    0.2920       129
    no_tumor     0.7944    0.8529    0.8226       435

    accuracy                         0.7163       564
   macro avg     0.5673    0.5543    0.5573       564
weighted avg     0.6905    0.7163    0.7013       564

2026-03-18 17:05:14 - *** 保存最优模型 (F1: 0.5573, Epoch: 36) ***
2026-03-18 17:05:14 - ----------------------------------------
2026-03-18 17:05:17 - Epoch [37/100] LR: 0.001000 | Loss: 0.6047 | Train Acc: 0.6876 | Time: 2.6s
2026-03-18 17:05:19 - Epoch [38/100] LR: 0.001000 | Loss: 0.5735 | Train Acc: 0.7314 | Time: 2.4s
2026-03-18 17:05:21 - Epoch [39/100] LR: 0.001000 | Loss: 0.5641 | Train Acc: 0.7421 | Time: 2.4s
2026-03-18 17:05:21 - ----------------------------------------
2026-03-18 17:05:22 - [Test] Acc: 0.5638 | Precision(macro): 0.5571 | Recall(macro): 0.5809 | F1(macro): 0.5257
2026-03-18 17:05:23 - [Test] Classification Report:
              precision    recall  f1-score   support

      benign     0.2873    0.6124    0.3911       129
    no_tumor     0.8270    0.5494    0.6602       435

    accuracy                         0.5638       564
   macro avg     0.5571    0.5809    0.5257       564
weighted avg     0.7035    0.5638    0.5987       564

2026-03-18 17:05:23 - ----------------------------------------
2026-03-18 17:05:25 - Epoch [40/100] LR: 0.001000 | Loss: 0.5711 | Train Acc: 0.7237 | Time: 2.4s
2026-03-18 17:05:27 - Epoch [41/100] LR: 0.001000 | Loss: 0.5518 | Train Acc: 0.7598 | Time: 2.3s
2026-03-18 17:05:30 - Epoch [42/100] LR: 0.001000 | Loss: 0.5687 | Train Acc: 0.7314 | Time: 2.3s
2026-03-18 17:05:30 - ----------------------------------------
2026-03-18 17:05:31 - [Test] Acc: 0.6436 | Precision(macro): 0.5760 | Recall(macro): 0.5999 | F1(macro): 0.5733
2026-03-18 17:05:31 - [Test] Classification Report:
              precision    recall  f1-score   support

      benign     0.3252    0.5194    0.4000       129
    no_tumor     0.8268    0.6805    0.7465       435

    accuracy                         0.6436       564
   macro avg     0.5760    0.5999    0.5733       564
weighted avg     0.7121    0.6436    0.6673       564

2026-03-18 17:05:31 - *** 保存最优模型 (F1: 0.5733, Epoch: 42) ***
2026-03-18 17:05:31 - ----------------------------------------
2026-03-18 17:05:33 - Epoch [43/100] LR: 0.001000 | Loss: 0.5563 | Train Acc: 0.7467 | Time: 2.3s
2026-03-18 17:05:36 - Epoch [44/100] LR: 0.001000 | Loss: 0.5699 | Train Acc: 0.7276 | Time: 2.4s
2026-03-18 17:05:38 - Epoch [45/100] LR: 0.001000 | Loss: 0.5613 | Train Acc: 0.7375 | Time: 2.4s
2026-03-18 17:05:38 - ----------------------------------------
2026-03-18 17:05:39 - [Test] Acc: 0.7465 | Precision(macro): 0.6120 | Recall(macro): 0.5821 | F1(macro): 0.5891
2026-03-18 17:05:39 - [Test] Classification Report:
              precision    recall  f1-score   support

      benign     0.4186    0.2791    0.3349       129
    no_tumor     0.8054    0.8851    0.8434       435

    accuracy                         0.7465       564
   macro avg     0.6120    0.5821    0.5891       564
weighted avg     0.7170    0.7465    0.7271       564

2026-03-18 17:05:40 - *** 保存最优模型 (F1: 0.5891, Epoch: 45) ***
2026-03-18 17:05:40 - ----------------------------------------
2026-03-18 17:05:42 - Epoch [46/100] LR: 0.001000 | Loss: 0.5355 | Train Acc: 0.7682 | Time: 2.4s
2026-03-18 17:05:45 - Epoch [47/100] LR: 0.001000 | Loss: 0.5286 | Train Acc: 0.7575 | Time: 2.5s
2026-03-18 17:05:47 - Epoch [48/100] LR: 0.001000 | Loss: 0.5291 | Train Acc: 0.7698 | Time: 2.4s
2026-03-18 17:05:47 - ----------------------------------------
2026-03-18 17:05:48 - [Test] Acc: 0.6791 | Precision(macro): 0.5847 | Recall(macro): 0.6011 | F1(macro): 0.5882
2026-03-18 17:05:48 - [Test] Classification Report:
              precision    recall  f1-score   support

      benign     0.3471    0.4574    0.3946       129
    no_tumor     0.8223    0.7448    0.7817       435

    accuracy                         0.6791       564
   macro avg     0.5847    0.6011    0.5882       564
weighted avg     0.7136    0.6791    0.6931       564

2026-03-18 17:05:48 - ----------------------------------------
2026-03-18 17:05:51 - Epoch [49/100] LR: 0.001000 | Loss: 0.5336 | Train Acc: 0.7475 | Time: 2.6s
2026-03-18 17:05:53 - Epoch [50/100] LR: 0.001000 | Loss: 0.5168 | Train Acc: 0.7797 | Time: 2.4s
2026-03-18 17:05:55 - Epoch [51/100] LR: 0.001000 | Loss: 0.5361 | Train Acc: 0.7583 | Time: 2.5s
2026-03-18 17:05:55 - ----------------------------------------
2026-03-18 17:05:56 - [Test] Acc: 0.4557 | Precision(macro): 0.5059 | Recall(macro): 0.5081 | F1(macro): 0.4376
2026-03-18 17:05:56 - [Test] Classification Report:
              precision    recall  f1-score   support

      benign     0.2335    0.6047    0.3369       129
    no_tumor     0.7783    0.4115    0.5383       435

    accuracy                         0.4557       564
   macro avg     0.5059    0.5081    0.4376       564
weighted avg     0.6537    0.4557    0.4923       564

2026-03-18 17:05:56 - ----------------------------------------
2026-03-18 17:05:59 - Epoch [52/100] LR: 0.001000 | Loss: 0.5217 | Train Acc: 0.7636 | Time: 2.3s
2026-03-18 17:06:01 - Epoch [53/100] LR: 0.001000 | Loss: 0.5333 | Train Acc: 0.7828 | Time: 2.6s
2026-03-18 17:06:04 - Epoch [54/100] LR: 0.001000 | Loss: 0.4770 | Train Acc: 0.7889 | Time: 2.3s
2026-03-18 17:06:04 - ----------------------------------------
2026-03-18 17:06:05 - [Test] Acc: 0.5851 | Precision(macro): 0.5597 | Recall(macro): 0.5838 | F1(macro): 0.5381
2026-03-18 17:06:05 - [Test] Classification Report:
              precision    recall  f1-score   support

      benign     0.2941    0.5814    0.3906       129
    no_tumor     0.8252    0.5862    0.6855       435

    accuracy                         0.5851       564
   macro avg     0.5597    0.5838    0.5381       564
weighted avg     0.7038    0.5851    0.6180       564

2026-03-18 17:06:05 - ----------------------------------------
2026-03-18 17:06:07 - Epoch [55/100] LR: 0.001000 | Loss: 0.5130 | Train Acc: 0.7583 | Time: 2.4s
2026-03-18 17:06:09 - Epoch [56/100] LR: 0.001000 | Loss: 0.4910 | Train Acc: 0.7966 | Time: 2.4s
2026-03-18 17:06:12 - Epoch [57/100] LR: 0.001000 | Loss: 0.4826 | Train Acc: 0.7874 | Time: 2.4s
2026-03-18 17:06:12 - ----------------------------------------
2026-03-18 17:06:13 - [Test] Acc: 0.6135 | Precision(macro): 0.4866 | Recall(macro): 0.4850 | F1(macro): 0.4846
2026-03-18 17:06:13 - [Test] Classification Report:
              precision    recall  f1-score   support

      benign     0.2092    0.2481    0.2270       129
    no_tumor     0.7640    0.7218    0.7423       435

    accuracy                         0.6135       564
   macro avg     0.4866    0.4850    0.4846       564
weighted avg     0.6371    0.6135    0.6244       564

2026-03-18 17:06:13 - ----------------------------------------
2026-03-18 17:06:15 - Epoch [58/100] LR: 0.001000 | Loss: 0.4990 | Train Acc: 0.7820 | Time: 2.4s
2026-03-18 17:06:18 - Epoch [59/100] LR: 0.001000 | Loss: 0.4753 | Train Acc: 0.7851 | Time: 2.6s
2026-03-18 17:06:20 - Epoch [60/100] LR: 0.001000 | Loss: 0.4794 | Train Acc: 0.7936 | Time: 2.3s
2026-03-18 17:06:20 - ----------------------------------------
2026-03-18 17:06:21 - [Test] Acc: 0.7163 | Precision(macro): 0.5626 | Recall(macro): 0.5489 | F1(macro): 0.5513
2026-03-18 17:06:21 - [Test] Classification Report:
              precision    recall  f1-score   support

      benign     0.3333    0.2403    0.2793       129
    no_tumor     0.7919    0.8575    0.8234       435

    accuracy                         0.7163       564
   macro avg     0.5626    0.5489    0.5513       564
weighted avg     0.6870    0.7163    0.6989       564

2026-03-18 17:06:21 - ----------------------------------------
2026-03-18 17:06:24 - Epoch [61/100] LR: 0.001000 | Loss: 0.4573 | Train Acc: 0.8127 | Time: 2.4s
2026-03-18 17:06:26 - Epoch [62/100] LR: 0.001000 | Loss: 0.4350 | Train Acc: 0.8066 | Time: 2.4s
2026-03-18 17:06:29 - Epoch [63/100] LR: 0.001000 | Loss: 0.4206 | Train Acc: 0.8319 | Time: 2.5s
2026-03-18 17:06:29 - ----------------------------------------
2026-03-18 17:06:30 - [Test] Acc: 0.6738 | Precision(macro): 0.5721 | Recall(macro): 0.5840 | F1(macro): 0.5749
2026-03-18 17:06:30 - [Test] Classification Report:
              precision    recall  f1-score   support

      benign     0.3313    0.4186    0.3699       129
    no_tumor     0.8130    0.7494    0.7799       435

    accuracy                         0.6738       564
   macro avg     0.5721    0.5840    0.5749       564
weighted avg     0.7028    0.6738    0.6861       564

2026-03-18 17:06:30 - ----------------------------------------
2026-03-18 17:06:33 - Epoch [64/100] LR: 0.001000 | Loss: 0.4248 | Train Acc: 0.8212 | Time: 2.8s
2026-03-18 17:06:36 - Epoch [65/100] LR: 0.001000 | Loss: 0.4421 | Train Acc: 0.8089 | Time: 2.7s
2026-03-18 17:06:38 - Epoch [66/100] LR: 0.001000 | Loss: 0.4165 | Train Acc: 0.8250 | Time: 2.6s
2026-03-18 17:06:38 - ----------------------------------------
2026-03-18 17:06:39 - [Test] Acc: 0.5727 | Precision(macro): 0.5368 | Recall(macro): 0.5512 | F1(macro): 0.5173
2026-03-18 17:06:39 - [Test] Classification Report:
              precision    recall  f1-score   support

      benign     0.2705    0.5116    0.3539       129
    no_tumor     0.8031    0.5908    0.6808       435

    accuracy                         0.5727       564
   macro avg     0.5368    0.5512    0.5173       564
weighted avg     0.6813    0.5727    0.6060       564

2026-03-18 17:06:39 - ----------------------------------------
2026-03-18 17:06:42 - Epoch [67/100] LR: 0.001000 | Loss: 0.4327 | Train Acc: 0.8181 | Time: 2.8s
2026-03-18 17:06:45 - Epoch [68/100] LR: 0.001000 | Loss: 0.4065 | Train Acc: 0.8327 | Time: 2.6s
2026-03-18 17:06:47 - Epoch [69/100] LR: 0.001000 | Loss: 0.4224 | Train Acc: 0.8189 | Time: 2.5s
2026-03-18 17:06:47 - ----------------------------------------
2026-03-18 17:06:48 - [Test] Acc: 0.5124 | Precision(macro): 0.5478 | Recall(macro): 0.5667 | F1(macro): 0.4905
2026-03-18 17:06:48 - [Test] Classification Report:
              precision    recall  f1-score   support

      benign     0.2704    0.6667    0.3848       129
    no_tumor     0.8252    0.4667    0.5962       435

    accuracy                         0.5124       564
   macro avg     0.5478    0.5667    0.4905       564
weighted avg     0.6983    0.5124    0.5478       564

2026-03-18 17:06:48 - ----------------------------------------
2026-03-18 17:06:51 - Epoch [70/100] LR: 0.001000 | Loss: 0.4276 | Train Acc: 0.8266 | Time: 2.4s
2026-03-18 17:06:53 - Epoch [71/100] LR: 0.001000 | Loss: 0.3734 | Train Acc: 0.8419 | Time: 2.3s
2026-03-18 17:06:56 - Epoch [72/100] LR: 0.001000 | Loss: 0.4795 | Train Acc: 0.7928 | Time: 2.4s
2026-03-18 17:06:56 - ----------------------------------------
2026-03-18 17:06:57 - [Test] Acc: 0.7624 | Precision(macro): 0.6278 | Recall(macro): 0.5679 | F1(macro): 0.5723
2026-03-18 17:06:57 - [Test] Classification Report:
              precision    recall  f1-score   support

      benign     0.4576    0.2093    0.2872       129
    no_tumor     0.7980    0.9264    0.8574       435

    accuracy                         0.7624       564
   macro avg     0.6278    0.5679    0.5723       564
weighted avg     0.7202    0.7624    0.7270       564

2026-03-18 17:06:57 - ----------------------------------------
2026-03-18 17:06:59 - Epoch [73/100] LR: 0.001000 | Loss: 0.3797 | Train Acc: 0.8419 | Time: 2.5s
2026-03-18 17:07:01 - Epoch [74/100] LR: 0.001000 | Loss: 0.3817 | Train Acc: 0.8480 | Time: 2.3s
2026-03-18 17:07:04 - Epoch [75/100] LR: 0.001000 | Loss: 0.3762 | Train Acc: 0.8488 | Time: 2.4s
2026-03-18 17:07:04 - ----------------------------------------
2026-03-18 17:07:05 - [Test] Acc: 0.6826 | Precision(macro): 0.5675 | Recall(macro): 0.5734 | F1(macro): 0.5696
2026-03-18 17:07:05 - [Test] Classification Report:
              precision    recall  f1-score   support

      benign     0.3288    0.3721    0.3491       129
    no_tumor     0.8062    0.7747    0.7902       435

    accuracy                         0.6826       564
   macro avg     0.5675    0.5734    0.5696       564
weighted avg     0.6970    0.6826    0.6893       564

2026-03-18 17:07:05 - ----------------------------------------
2026-03-18 17:07:07 - Epoch [76/100] LR: 0.001000 | Loss: 0.3213 | Train Acc: 0.8757 | Time: 2.5s
2026-03-18 17:07:10 - Epoch [77/100] LR: 0.001000 | Loss: 0.3842 | Train Acc: 0.8312 | Time: 2.4s
2026-03-18 17:07:12 - Epoch [78/100] LR: 0.001000 | Loss: 0.3703 | Train Acc: 0.8603 | Time: 2.3s
2026-03-18 17:07:12 - ----------------------------------------
2026-03-18 17:07:13 - [Test] Acc: 0.6135 | Precision(macro): 0.5611 | Recall(macro): 0.5831 | F1(macro): 0.5513
2026-03-18 17:07:13 - [Test] Classification Report:
              precision    recall  f1-score   support

      benign     0.3022    0.5271    0.3842       129
    no_tumor     0.8201    0.6391    0.7183       435

    accuracy                         0.6135       564
   macro avg     0.5611    0.5831    0.5513       564
weighted avg     0.7016    0.6135    0.6419       564

2026-03-18 17:07:13 - ----------------------------------------
2026-03-18 17:07:16 - Epoch [79/100] LR: 0.001000 | Loss: 0.3670 | Train Acc: 0.8580 | Time: 2.4s
2026-03-18 17:07:18 - Epoch [80/100] LR: 0.001000 | Loss: 0.3415 | Train Acc: 0.8703 | Time: 2.3s
2026-03-18 17:07:20 - Epoch [81/100] LR: 0.001000 | Loss: 0.3413 | Train Acc: 0.8573 | Time: 2.4s
2026-03-18 17:07:20 - ----------------------------------------
2026-03-18 17:07:21 - [Test] Acc: 0.7358 | Precision(macro): 0.6236 | Recall(macro): 0.6215 | F1(macro): 0.6225
2026-03-18 17:07:21 - [Test] Classification Report:
              precision    recall  f1-score   support

      benign     0.4206    0.4109    0.4157       129
    no_tumor     0.8265    0.8322    0.8293       435

    accuracy                         0.7358       564
   macro avg     0.6236    0.6215    0.6225       564
weighted avg     0.7337    0.7358    0.7347       564

2026-03-18 17:07:22 - *** 保存最优模型 (F1: 0.6225, Epoch: 81) ***
2026-03-18 17:07:22 - ----------------------------------------
2026-03-18 17:07:24 - Epoch [82/100] LR: 0.001000 | Loss: 0.3522 | Train Acc: 0.8480 | Time: 2.4s
2026-03-18 17:07:27 - Epoch [83/100] LR: 0.001000 | Loss: 0.3362 | Train Acc: 0.8588 | Time: 2.3s
2026-03-18 17:07:29 - Epoch [84/100] LR: 0.001000 | Loss: 0.3226 | Train Acc: 0.8680 | Time: 2.6s
2026-03-18 17:07:29 - ----------------------------------------
2026-03-18 17:07:30 - [Test] Acc: 0.6277 | Precision(macro): 0.5634 | Recall(macro): 0.5841 | F1(macro): 0.5579
2026-03-18 17:07:30 - [Test] Classification Report:
              precision    recall  f1-score   support

      benign     0.3081    0.5039    0.3824       129
    no_tumor     0.8187    0.6644    0.7335       435

    accuracy                         0.6277       564
   macro avg     0.5634    0.5841    0.5579       564
weighted avg     0.7019    0.6277    0.6532       564

2026-03-18 17:07:30 - ----------------------------------------
2026-03-18 17:07:33 - Epoch [85/100] LR: 0.001000 | Loss: 0.2952 | Train Acc: 0.8826 | Time: 2.3s
2026-03-18 17:07:35 - Epoch [86/100] LR: 0.001000 | Loss: 0.3186 | Train Acc: 0.8803 | Time: 2.3s
2026-03-18 17:07:37 - Epoch [87/100] LR: 0.001000 | Loss: 0.3298 | Train Acc: 0.8688 | Time: 2.4s
2026-03-18 17:07:37 - ----------------------------------------
2026-03-18 17:07:39 - [Test] Acc: 0.6755 | Precision(macro): 0.5602 | Recall(macro): 0.5661 | F1(macro): 0.5622
2026-03-18 17:07:39 - [Test] Classification Report:
              precision    recall  f1-score   support

      benign     0.3176    0.3643    0.3394       129
    no_tumor     0.8029    0.7678    0.7850       435

    accuracy                         0.6755       564
   macro avg     0.5602    0.5661    0.5622       564
weighted avg     0.6919    0.6755    0.6830       564

2026-03-18 17:07:39 - ----------------------------------------
2026-03-18 17:07:41 - Epoch [88/100] LR: 0.001000 | Loss: 0.2853 | Train Acc: 0.8864 | Time: 2.3s
2026-03-18 17:07:43 - Epoch [89/100] LR: 0.001000 | Loss: 0.3065 | Train Acc: 0.8826 | Time: 2.4s
2026-03-18 17:07:46 - Epoch [90/100] LR: 0.001000 | Loss: 0.2811 | Train Acc: 0.8780 | Time: 2.4s
2026-03-18 17:07:46 - ----------------------------------------
2026-03-18 17:07:47 - [Test] Acc: 0.7571 | Precision(macro): 0.6222 | Recall(macro): 0.5753 | F1(macro): 0.5820
2026-03-18 17:07:47 - [Test] Classification Report:
              precision    recall  f1-score   support

      benign     0.4429    0.2403    0.3116       129
    no_tumor     0.8016    0.9103    0.8525       435

    accuracy                         0.7571       564
   macro avg     0.6222    0.5753    0.5820       564
weighted avg     0.7196    0.7571    0.7288       564

2026-03-18 17:07:47 - ----------------------------------------
2026-03-18 17:07:49 - Epoch [91/100] LR: 0.001000 | Loss: 0.2858 | Train Acc: 0.8795 | Time: 2.3s
2026-03-18 17:07:51 - Epoch [92/100] LR: 0.001000 | Loss: 0.3328 | Train Acc: 0.8695 | Time: 2.3s
2026-03-18 17:07:54 - Epoch [93/100] LR: 0.001000 | Loss: 0.2760 | Train Acc: 0.8895 | Time: 2.4s
2026-03-18 17:07:54 - ----------------------------------------
2026-03-18 17:07:55 - [Test] Acc: 0.6986 | Precision(macro): 0.5669 | Recall(macro): 0.5647 | F1(macro): 0.5657
2026-03-18 17:07:55 - [Test] Classification Report:
              precision    recall  f1-score   support

      benign     0.3333    0.3178    0.3254       129
    no_tumor     0.8005    0.8115    0.8059       435

    accuracy                         0.6986       564
   macro avg     0.5669    0.5647    0.5657       564
weighted avg     0.6936    0.6986    0.6960       564

2026-03-18 17:07:55 - ----------------------------------------
2026-03-18 17:07:57 - Epoch [94/100] LR: 0.001000 | Loss: 0.3287 | Train Acc: 0.8749 | Time: 2.3s
2026-03-18 17:08:00 - Epoch [95/100] LR: 0.001000 | Loss: 0.2405 | Train Acc: 0.9163 | Time: 2.5s
2026-03-18 17:08:02 - Epoch [96/100] LR: 0.001000 | Loss: 0.3010 | Train Acc: 0.8795 | Time: 2.3s
2026-03-18 17:08:02 - ----------------------------------------
2026-03-18 17:08:03 - [Test] Acc: 0.6915 | Precision(macro): 0.5648 | Recall(macro): 0.5655 | F1(macro): 0.5652
2026-03-18 17:08:03 - [Test] Classification Report:
              precision    recall  f1-score   support

      benign     0.3282    0.3333    0.3308       129
    no_tumor     0.8014    0.7977    0.7995       435

    accuracy                         0.6915       564
   macro avg     0.5648    0.5655    0.5652       564
weighted avg     0.6932    0.6915    0.6923       564

2026-03-18 17:08:03 - ----------------------------------------
2026-03-18 17:08:05 - Epoch [97/100] LR: 0.001000 | Loss: 0.2512 | Train Acc: 0.8979 | Time: 2.3s
2026-03-18 17:08:08 - Epoch [98/100] LR: 0.001000 | Loss: 0.2622 | Train Acc: 0.9094 | Time: 2.4s
2026-03-18 17:08:10 - Epoch [99/100] LR: 0.001000 | Loss: 0.2648 | Train Acc: 0.8995 | Time: 2.5s
2026-03-18 17:08:10 - ----------------------------------------
2026-03-18 17:08:11 - [Test] Acc: 0.5550 | Precision(macro): 0.5511 | Recall(macro): 0.5724 | F1(macro): 0.5176
2026-03-18 17:08:11 - [Test] Classification Report:
              precision    recall  f1-score   support

      benign     0.2806    0.6047    0.3833       129
    no_tumor     0.8217    0.5402    0.6519       435

    accuracy                         0.5550       564
   macro avg     0.5511    0.5724    0.5176       564
weighted avg     0.6979    0.5550    0.5904       564

2026-03-18 17:08:11 - ----------------------------------------
2026-03-18 17:08:14 - Epoch [100/100] LR: 0.001000 | Loss: 0.2561 | Train Acc: 0.9002 | Time: 2.3s
2026-03-18 17:08:14 - ----------------------------------------
2026-03-18 17:08:15 - [Test] Acc: 0.7323 | Precision(macro): 0.5802 | Recall(macro): 0.5565 | F1(macro): 0.5598
2026-03-18 17:08:15 - [Test] Classification Report:
              precision    recall  f1-score   support

      benign     0.3659    0.2326    0.2844       129
    no_tumor     0.7946    0.8805    0.8353       435

    accuracy                         0.7323       564
   macro avg     0.5802    0.5565    0.5598       564
weighted avg     0.6965    0.7323    0.7093       564

2026-03-18 17:08:15 - ----------------------------------------
2026-03-18 17:08:15 - 
============================================================
2026-03-18 17:08:15 - 训练完成! 最优模型: Epoch 81, F1: 0.6225
2026-03-18 17:08:15 - ============================================================
2026-03-18 17:08:15 - 
加载最优权重进行最终测试...
2026-03-18 17:08:15 - ============================================================
2026-03-18 17:08:15 - 最终测试结果 (最优权重)
2026-03-18 17:08:15 - ============================================================
2026-03-18 17:08:16 - [Final Test] Acc: 0.7358 | Precision(macro): 0.6236 | Recall(macro): 0.6215 | F1(macro): 0.6225
2026-03-18 17:08:16 - [Final Test] Classification Report:
              precision    recall  f1-score   support

      benign     0.4206    0.4109    0.4157       129
    no_tumor     0.8265    0.8322    0.8293       435

    accuracy                         0.7358       564
   macro avg     0.6236    0.6215    0.6225       564
weighted avg     0.7337    0.7358    0.7347       564

2026-03-18 17:08:16 - 训练脚本已复制到: /data1/ouyangxinglong/GBP-Cascade/logs/20260318_task2_Resnet34_weakaug_classweight_3/20260318_task2_Resnet34_weakaug_classweight_3.py
