2026-04-03 09:52:16 - ======================================================================
2026-04-03 09:52:16 - 实验名称: 20260402_task2_SwinV2Tiny_segcls_8
2026-04-03 09:52:16 - 模型: SwinV2-Tiny@256 + 4ch + MultiScale SegAttn (f2+f3) + Meta
2026-04-03 09:52:16 - 修改: 双尺度seg-guided attention: f2(16x16)+f3(8x8) → 512d + metadata融合 + drop_path=0.2 + 50ep
2026-04-03 09:52:16 - 输入通道: 4
2026-04-03 09:52:16 - 图像尺寸: 256
2026-04-03 09:52:16 - 分割类别: 2
2026-04-03 09:52:16 - 分类类别: ['benign', 'no_tumor']
2026-04-03 09:52:16 - Batch Size: 8
2026-04-03 09:52:16 - Backbone LR: 2e-05
2026-04-03 09:52:16 - Head LR: 0.0002
2026-04-03 09:52:16 - Weight Decay: 0.05
2026-04-03 09:52:16 - Warmup Epochs: 5
2026-04-03 09:52:16 - Lambda Cls: 2.0
2026-04-03 09:52:16 - Label Smoothing: 0.1
2026-04-03 09:52:16 - Seed: 42
2026-04-03 09:52:16 - Epochs: 50
2026-04-03 09:52:16 - Grad Clip: 1.0
2026-04-03 09:52:16 - EMA: False (decay=0.999)
2026-04-03 09:52:16 - 设备: cuda
2026-04-03 09:52:16 - ======================================================================
2026-04-03 09:52:17 - 训练集: 1229 张 (benign=309, no_tumor=920)
2026-04-03 09:52:17 - 测试集: 523 张 (benign=129, no_tumor=394)
2026-04-03 09:52:47 - 模型参数量: 34,933,518
2026-04-03 09:52:47 - 分类类别权重: benign=1.9887, no_tumor=0.6679
2026-04-03 09:52:47 - 
======================================================================
2026-04-03 09:52:47 - 开始训练
2026-04-03 09:52:47 - ======================================================================
2026-04-03 09:53:07 - Epoch [1/50] LR: 4.00e-06/4.00e-05 | Loss: 1.9629 (seg=0.5266, cls=0.7182) | Cls Acc: 0.5899 | Seg Dice: 0.8164 | 19.5s
2026-04-03 09:53:22 - Epoch [2/50] LR: 8.00e-06/8.00e-05 | Loss: 1.6366 (seg=0.2269, cls=0.7049) | Cls Acc: 0.5833 | Seg Dice: 0.9603 | 15.6s
2026-04-03 09:53:22 - --------------------------------------------------
2026-04-03 09:53:25 - [Test] Cls — Acc: 0.7782 | P(macro): 0.7204 | R(macro): 0.5895 | F1(macro): 0.5964
2026-04-03 09:53:25 - [Test] Seg — Lesion IoU: 0.9072 | Lesion Dice: 0.9513
2026-04-03 09:53:25 - [Test] Classification Report:
              precision    recall  f1-score   support

      benign     0.6512    0.2171    0.3256       129
    no_tumor     0.7896    0.9619    0.8673       394

    accuracy                         0.7782       523
   macro avg     0.7204    0.5895    0.5964       523
weighted avg     0.7554    0.7782    0.7337       523

2026-04-03 09:53:26 - *** 保存最优模型 (F1: 0.5964, Epoch: 2) ***
2026-04-03 09:53:26 - --------------------------------------------------
2026-04-03 09:53:41 - Epoch [3/50] LR: 1.20e-05/1.20e-04 | Loss: 1.5186 (seg=0.1719, cls=0.6733) | Cls Acc: 0.6699 | Seg Dice: 0.9700 | 15.5s
2026-04-03 09:53:58 - Epoch [4/50] LR: 1.60e-05/1.60e-04 | Loss: 1.4906 (seg=0.1432, cls=0.6737) | Cls Acc: 0.6887 | Seg Dice: 0.9726 | 16.5s
2026-04-03 09:53:58 - --------------------------------------------------
2026-04-03 09:53:59 - [Test] Cls — Acc: 0.7476 | P(macro): 0.6443 | R(macro): 0.6135 | F1(macro): 0.6226
2026-04-03 09:53:59 - [Test] Seg — Lesion IoU: 0.9527 | Lesion Dice: 0.9757
2026-04-03 09:53:59 - [Test] Classification Report:
              precision    recall  f1-score   support

      benign     0.4839    0.3488    0.4054       129
    no_tumor     0.8047    0.8782    0.8398       394

    accuracy                         0.7476       523
   macro avg     0.6443    0.6135    0.6226       523
weighted avg     0.7255    0.7476    0.7327       523

2026-04-03 09:54:00 - *** 保存最优模型 (F1: 0.6226, Epoch: 4) ***
2026-04-03 09:54:00 - --------------------------------------------------
2026-04-03 09:54:16 - Epoch [5/50] LR: 2.00e-05/2.00e-04 | Loss: 1.4388 (seg=0.1119, cls=0.6634) | Cls Acc: 0.6944 | Seg Dice: 0.9763 | 16.4s
2026-04-03 09:54:32 - Epoch [6/50] LR: 2.00e-05/2.00e-04 | Loss: 1.3762 (seg=0.0865, cls=0.6448) | Cls Acc: 0.7108 | Seg Dice: 0.9791 | 15.4s
2026-04-03 09:54:32 - --------------------------------------------------
2026-04-03 09:54:34 - [Test] Cls — Acc: 0.6004 | P(macro): 0.5970 | R(macro): 0.6305 | F1(macro): 0.5714
2026-04-03 09:54:34 - [Test] Seg — Lesion IoU: 0.9560 | Lesion Dice: 0.9775
2026-04-03 09:54:34 - [Test] Classification Report:
              precision    recall  f1-score   support

      benign     0.3450    0.6899    0.4599       129
    no_tumor     0.8491    0.5711    0.6829       394

    accuracy                         0.6004       523
   macro avg     0.5970    0.6305    0.5714       523
weighted avg     0.7247    0.6004    0.6279       523

2026-04-03 09:54:34 - --------------------------------------------------
2026-04-03 09:54:50 - Epoch [7/50] LR: 1.99e-05/1.99e-04 | Loss: 1.3334 (seg=0.0690, cls=0.6322) | Cls Acc: 0.7255 | Seg Dice: 0.9812 | 16.0s
2026-04-03 09:55:06 - Epoch [8/50] LR: 1.98e-05/1.98e-04 | Loss: 1.2804 (seg=0.0561, cls=0.6122) | Cls Acc: 0.7484 | Seg Dice: 0.9832 | 15.5s
2026-04-03 09:55:06 - --------------------------------------------------
2026-04-03 09:55:08 - [Test] Cls — Acc: 0.5966 | P(macro): 0.6069 | R(macro): 0.6436 | F1(macro): 0.5733
2026-04-03 09:55:08 - [Test] Seg — Lesion IoU: 0.9707 | Lesion Dice: 0.9851
2026-04-03 09:55:08 - [Test] Classification Report:
              precision    recall  f1-score   support

      benign     0.3493    0.7364    0.4738       129
    no_tumor     0.8645    0.5508    0.6729       394

    accuracy                         0.5966       523
   macro avg     0.6069    0.6436    0.5733       523
weighted avg     0.7374    0.5966    0.6238       523

2026-04-03 09:55:08 - --------------------------------------------------
2026-04-03 09:55:24 - Epoch [9/50] LR: 1.96e-05/1.96e-04 | Loss: 1.2787 (seg=0.0489, cls=0.6149) | Cls Acc: 0.7328 | Seg Dice: 0.9815 | 15.3s
2026-04-03 09:55:39 - Epoch [10/50] LR: 1.94e-05/1.94e-04 | Loss: 1.2804 (seg=0.0382, cls=0.6211) | Cls Acc: 0.7459 | Seg Dice: 0.9857 | 15.5s
2026-04-03 09:55:39 - --------------------------------------------------
2026-04-03 09:55:42 - [Test] Cls — Acc: 0.6998 | P(macro): 0.6166 | R(macro): 0.6313 | F1(macro): 0.6214
2026-04-03 09:55:42 - [Test] Seg — Lesion IoU: 0.9718 | Lesion Dice: 0.9857
2026-04-03 09:55:42 - [Test] Classification Report:
              precision    recall  f1-score   support

      benign     0.4103    0.4961    0.4491       129
    no_tumor     0.8229    0.7665    0.7937       394

    accuracy                         0.6998       523
   macro avg     0.6166    0.6313    0.6214       523
weighted avg     0.7211    0.6998    0.7087       523

2026-04-03 09:55:42 - --------------------------------------------------
2026-04-03 09:55:57 - Epoch [11/50] LR: 1.91e-05/1.91e-04 | Loss: 1.2155 (seg=0.0324, cls=0.5916) | Cls Acc: 0.7868 | Seg Dice: 0.9865 | 15.4s
2026-04-03 09:56:12 - Epoch [12/50] LR: 1.88e-05/1.88e-04 | Loss: 1.1576 (seg=0.0288, cls=0.5644) | Cls Acc: 0.7933 | Seg Dice: 0.9871 | 14.8s
2026-04-03 09:56:12 - --------------------------------------------------
2026-04-03 09:56:14 - [Test] Cls — Acc: 0.6692 | P(macro): 0.5935 | R(macro): 0.6110 | F1(macro): 0.5965
2026-04-03 09:56:14 - [Test] Seg — Lesion IoU: 0.9773 | Lesion Dice: 0.9885
2026-04-03 09:56:14 - [Test] Classification Report:
              precision    recall  f1-score   support

      benign     0.3721    0.4961    0.4252       129
    no_tumor     0.8148    0.7259    0.7678       394

    accuracy                         0.6692       523
   macro avg     0.5935    0.6110    0.5965       523
weighted avg     0.7056    0.6692    0.6833       523

2026-04-03 09:56:14 - --------------------------------------------------
2026-04-03 09:56:29 - Epoch [13/50] LR: 1.85e-05/1.85e-04 | Loss: 1.1482 (seg=0.0262, cls=0.5610) | Cls Acc: 0.8080 | Seg Dice: 0.9868 | 15.0s
2026-04-03 09:56:45 - Epoch [14/50] LR: 1.81e-05/1.81e-04 | Loss: 1.2003 (seg=0.0238, cls=0.5883) | Cls Acc: 0.8023 | Seg Dice: 0.9870 | 15.4s
2026-04-03 09:56:45 - --------------------------------------------------
2026-04-03 09:56:47 - [Test] Cls — Acc: 0.6654 | P(macro): 0.6335 | R(macro): 0.6762 | F1(macro): 0.6269
2026-04-03 09:56:47 - [Test] Seg — Lesion IoU: 0.9764 | Lesion Dice: 0.9880
2026-04-03 09:56:47 - [Test] Classification Report:
              precision    recall  f1-score   support

      benign     0.3982    0.6977    0.5070       129
    no_tumor     0.8687    0.6548    0.7467       394

    accuracy                         0.6654       523
   macro avg     0.6335    0.6762    0.6269       523
weighted avg     0.7526    0.6654    0.6876       523

2026-04-03 09:56:48 - *** 保存最优模型 (F1: 0.6269, Epoch: 14) ***
2026-04-03 09:56:48 - --------------------------------------------------
2026-04-03 09:57:03 - Epoch [15/50] LR: 1.77e-05/1.77e-04 | Loss: 1.1541 (seg=0.0207, cls=0.5667) | Cls Acc: 0.8194 | Seg Dice: 0.9888 | 15.2s
2026-04-03 09:57:18 - Epoch [16/50] LR: 1.72e-05/1.72e-04 | Loss: 1.1032 (seg=0.0204, cls=0.5414) | Cls Acc: 0.8366 | Seg Dice: 0.9875 | 15.3s
2026-04-03 09:57:18 - --------------------------------------------------
2026-04-03 09:57:21 - [Test] Cls — Acc: 0.7533 | P(macro): 0.6489 | R(macro): 0.6017 | F1(macro): 0.6115
2026-04-03 09:57:21 - [Test] Seg — Lesion IoU: 0.9792 | Lesion Dice: 0.9895
2026-04-03 09:57:21 - [Test] Classification Report:
              precision    recall  f1-score   support

      benign     0.5000    0.3023    0.3768       129
    no_tumor     0.7978    0.9010    0.8462       394

    accuracy                         0.7533       523
   macro avg     0.6489    0.6017    0.6115       523
weighted avg     0.7243    0.7533    0.7305       523

2026-04-03 09:57:21 - --------------------------------------------------
2026-04-03 09:57:37 - Epoch [17/50] LR: 1.67e-05/1.67e-04 | Loss: 1.0769 (seg=0.0171, cls=0.5299) | Cls Acc: 0.8374 | Seg Dice: 0.9898 | 15.6s
2026-04-03 09:57:52 - Epoch [18/50] LR: 1.62e-05/1.62e-04 | Loss: 1.0759 (seg=0.0173, cls=0.5293) | Cls Acc: 0.8513 | Seg Dice: 0.9880 | 15.1s
2026-04-03 09:57:52 - --------------------------------------------------
2026-04-03 09:57:54 - [Test] Cls — Acc: 0.6922 | P(macro): 0.5900 | R(macro): 0.5923 | F1(macro): 0.5911
2026-04-03 09:57:54 - [Test] Seg — Lesion IoU: 0.9801 | Lesion Dice: 0.9899
2026-04-03 09:57:54 - [Test] Classification Report:
              precision    recall  f1-score   support

      benign     0.3806    0.3953    0.3878       129
    no_tumor     0.7995    0.7893    0.7944       394

    accuracy                         0.6922       523
   macro avg     0.5900    0.5923    0.5911       523
weighted avg     0.6962    0.6922    0.6941       523

2026-04-03 09:57:54 - --------------------------------------------------
2026-04-03 09:58:09 - Epoch [19/50] LR: 1.56e-05/1.56e-04 | Loss: 1.0161 (seg=0.0161, cls=0.5000) | Cls Acc: 0.8701 | Seg Dice: 0.9884 | 15.4s
2026-04-03 09:58:25 - Epoch [20/50] LR: 1.50e-05/1.50e-04 | Loss: 0.9919 (seg=0.0140, cls=0.4890) | Cls Acc: 0.8750 | Seg Dice: 0.9903 | 15.7s
2026-04-03 09:58:25 - --------------------------------------------------
2026-04-03 09:58:27 - [Test] Cls — Acc: 0.6998 | P(macro): 0.6032 | R(macro): 0.6078 | F1(macro): 0.6052
2026-04-03 09:58:27 - [Test] Seg — Lesion IoU: 0.9776 | Lesion Dice: 0.9887
2026-04-03 09:58:27 - [Test] Classification Report:
              precision    recall  f1-score   support

      benign     0.3986    0.4264    0.4120       129
    no_tumor     0.8078    0.7893    0.7985       394

    accuracy                         0.6998       523
   macro avg     0.6032    0.6078    0.6052       523
weighted avg     0.7069    0.6998    0.7031       523

2026-04-03 09:58:27 - --------------------------------------------------
2026-04-03 09:58:42 - Epoch [21/50] LR: 1.44e-05/1.44e-04 | Loss: 1.0127 (seg=0.0133, cls=0.4997) | Cls Acc: 0.8611 | Seg Dice: 0.9902 | 15.4s
2026-04-03 09:58:58 - Epoch [22/50] LR: 1.38e-05/1.38e-04 | Loss: 0.9467 (seg=0.0133, cls=0.4667) | Cls Acc: 0.8971 | Seg Dice: 0.9899 | 16.0s
2026-04-03 09:58:58 - --------------------------------------------------
2026-04-03 09:59:00 - [Test] Cls — Acc: 0.6883 | P(macro): 0.5917 | R(macro): 0.5976 | F1(macro): 0.5941
2026-04-03 09:59:00 - [Test] Seg — Lesion IoU: 0.9742 | Lesion Dice: 0.9869
2026-04-03 09:59:00 - [Test] Classification Report:
              precision    recall  f1-score   support

      benign     0.3803    0.4186    0.3985       129
    no_tumor     0.8031    0.7766    0.7897       394

    accuracy                         0.6883       523
   macro avg     0.5917    0.5976    0.5941       523
weighted avg     0.6988    0.6883    0.6932       523

2026-04-03 09:59:00 - --------------------------------------------------
2026-04-03 09:59:16 - Epoch [23/50] LR: 1.32e-05/1.32e-04 | Loss: 0.9499 (seg=0.0116, cls=0.4691) | Cls Acc: 0.8856 | Seg Dice: 0.9912 | 15.6s
2026-04-03 09:59:32 - Epoch [24/50] LR: 1.25e-05/1.25e-04 | Loss: 0.9424 (seg=0.0117, cls=0.4654) | Cls Acc: 0.8946 | Seg Dice: 0.9903 | 15.8s
2026-04-03 09:59:32 - --------------------------------------------------
2026-04-03 09:59:34 - [Test] Cls — Acc: 0.7361 | P(macro): 0.6099 | R(macro): 0.5694 | F1(macro): 0.5734
2026-04-03 09:59:34 - [Test] Seg — Lesion IoU: 0.9805 | Lesion Dice: 0.9902
2026-04-03 09:59:34 - [Test] Classification Report:
              precision    recall  f1-score   support

      benign     0.4366    0.2403    0.3100       129
    no_tumor     0.7832    0.8985    0.8369       394

    accuracy                         0.7361       523
   macro avg     0.6099    0.5694    0.5734       523
weighted avg     0.6977    0.7361    0.7069       523

2026-04-03 09:59:34 - --------------------------------------------------
2026-04-03 09:59:50 - Epoch [25/50] LR: 1.18e-05/1.18e-04 | Loss: 0.8878 (seg=0.0100, cls=0.4389) | Cls Acc: 0.9069 | Seg Dice: 0.9920 | 16.2s
2026-04-03 10:00:07 - Epoch [26/50] LR: 1.11e-05/1.11e-04 | Loss: 0.9034 (seg=0.0089, cls=0.4473) | Cls Acc: 0.9126 | Seg Dice: 0.9927 | 16.3s
2026-04-03 10:00:07 - --------------------------------------------------
2026-04-03 10:00:09 - [Test] Cls — Acc: 0.7170 | P(macro): 0.5954 | R(macro): 0.5776 | F1(macro): 0.5823
2026-04-03 10:00:09 - [Test] Seg — Lesion IoU: 0.9860 | Lesion Dice: 0.9929
2026-04-03 10:00:09 - [Test] Classification Report:
              precision    recall  f1-score   support

      benign     0.4021    0.3023    0.3451       129
    no_tumor     0.7887    0.8528    0.8195       394

    accuracy                         0.7170       523
   macro avg     0.5954    0.5776    0.5823       523
weighted avg     0.6934    0.7170    0.7025       523

2026-04-03 10:00:09 - --------------------------------------------------
2026-04-03 10:00:24 - Epoch [27/50] LR: 1.04e-05/1.04e-04 | Loss: 0.9248 (seg=0.0084, cls=0.4582) | Cls Acc: 0.9077 | Seg Dice: 0.9928 | 15.7s
2026-04-03 10:00:41 - Epoch [28/50] LR: 9.75e-06/9.75e-05 | Loss: 0.8388 (seg=0.0076, cls=0.4156) | Cls Acc: 0.9306 | Seg Dice: 0.9935 | 16.4s
2026-04-03 10:00:41 - --------------------------------------------------
2026-04-03 10:00:43 - [Test] Cls — Acc: 0.6883 | P(macro): 0.5816 | R(macro): 0.5820 | F1(macro): 0.5818
2026-04-03 10:00:43 - [Test] Seg — Lesion IoU: 0.9890 | Lesion Dice: 0.9945
2026-04-03 10:00:43 - [Test] Classification Report:
              precision    recall  f1-score   support

      benign     0.3692    0.3721    0.3707       129
    no_tumor     0.7939    0.7919    0.7929       394

    accuracy                         0.6883       523
   macro avg     0.5816    0.5820    0.5818       523
weighted avg     0.6891    0.6883    0.6887       523

2026-04-03 10:00:43 - --------------------------------------------------
2026-04-03 10:00:58 - Epoch [29/50] LR: 9.07e-06/9.07e-05 | Loss: 0.8786 (seg=0.0074, cls=0.4356) | Cls Acc: 0.9158 | Seg Dice: 0.9934 | 14.8s
2026-04-03 10:01:13 - Epoch [30/50] LR: 8.38e-06/8.38e-05 | Loss: 0.8480 (seg=0.0071, cls=0.4204) | Cls Acc: 0.9126 | Seg Dice: 0.9938 | 14.9s
2026-04-03 10:01:13 - --------------------------------------------------
2026-04-03 10:01:16 - [Test] Cls — Acc: 0.7266 | P(macro): 0.6161 | R(macro): 0.5995 | F1(macro): 0.6052
2026-04-03 10:01:16 - [Test] Seg — Lesion IoU: 0.9891 | Lesion Dice: 0.9945
2026-04-03 10:01:16 - [Test] Classification Report:
              precision    recall  f1-score   support

      benign     0.4327    0.3488    0.3863       129
    no_tumor     0.7995    0.8503    0.8241       394

    accuracy                         0.7266       523
   macro avg     0.6161    0.5995    0.6052       523
weighted avg     0.7090    0.7266    0.7161       523

2026-04-03 10:01:16 - --------------------------------------------------
2026-04-03 10:01:32 - Epoch [31/50] LR: 7.70e-06/7.70e-05 | Loss: 0.8081 (seg=0.0059, cls=0.4011) | Cls Acc: 0.9387 | Seg Dice: 0.9949 | 16.3s
2026-04-03 10:01:48 - Epoch [32/50] LR: 7.04e-06/7.04e-05 | Loss: 0.8444 (seg=0.0053, cls=0.4196) | Cls Acc: 0.9248 | Seg Dice: 0.9954 | 15.4s
2026-04-03 10:01:48 - --------------------------------------------------
2026-04-03 10:01:50 - [Test] Cls — Acc: 0.7017 | P(macro): 0.5871 | R(macro): 0.5804 | F1(macro): 0.5831
2026-04-03 10:01:50 - [Test] Seg — Lesion IoU: 0.9912 | Lesion Dice: 0.9956
2026-04-03 10:01:50 - [Test] Classification Report:
              precision    recall  f1-score   support

      benign     0.3826    0.3411    0.3607       129
    no_tumor     0.7917    0.8198    0.8055       394

    accuracy                         0.7017       523
   macro avg     0.5871    0.5804    0.5831       523
weighted avg     0.6908    0.7017    0.6958       523

2026-04-03 10:01:50 - --------------------------------------------------
2026-04-03 10:02:06 - Epoch [33/50] LR: 6.39e-06/6.39e-05 | Loss: 0.7816 (seg=0.0050, cls=0.3883) | Cls Acc: 0.9428 | Seg Dice: 0.9956 | 16.0s
2026-04-03 10:02:22 - Epoch [34/50] LR: 5.76e-06/5.76e-05 | Loss: 0.8503 (seg=0.0049, cls=0.4227) | Cls Acc: 0.9281 | Seg Dice: 0.9957 | 16.0s
2026-04-03 10:02:22 - --------------------------------------------------
2026-04-03 10:02:24 - [Test] Cls — Acc: 0.7151 | P(macro): 0.5948 | R(macro): 0.5789 | F1(macro): 0.5835
2026-04-03 10:02:24 - [Test] Seg — Lesion IoU: 0.9933 | Lesion Dice: 0.9966
2026-04-03 10:02:24 - [Test] Classification Report:
              precision    recall  f1-score   support

      benign     0.4000    0.3101    0.3493       129
    no_tumor     0.7896    0.8477    0.8176       394

    accuracy                         0.7151       523
   macro avg     0.5948    0.5789    0.5835       523
weighted avg     0.6935    0.7151    0.7021       523

2026-04-03 10:02:24 - --------------------------------------------------
2026-04-03 10:02:39 - Epoch [35/50] LR: 5.15e-06/5.15e-05 | Loss: 0.7900 (seg=0.0043, cls=0.3929) | Cls Acc: 0.9387 | Seg Dice: 0.9963 | 15.7s
2026-04-03 10:02:55 - Epoch [36/50] LR: 4.56e-06/4.56e-05 | Loss: 0.7971 (seg=0.0040, cls=0.3965) | Cls Acc: 0.9428 | Seg Dice: 0.9965 | 16.0s
2026-04-03 10:02:55 - --------------------------------------------------
2026-04-03 10:02:57 - [Test] Cls — Acc: 0.6883 | P(macro): 0.5933 | R(macro): 0.6002 | F1(macro): 0.5960
2026-04-03 10:02:57 - [Test] Seg — Lesion IoU: 0.9927 | Lesion Dice: 0.9964
2026-04-03 10:02:57 - [Test] Classification Report:
              precision    recall  f1-score   support

      benign     0.3819    0.4264    0.4029       129
    no_tumor     0.8047    0.7741    0.7891       394

    accuracy                         0.6883       523
   macro avg     0.5933    0.6002    0.5960       523
weighted avg     0.7005    0.6883    0.6939       523

2026-04-03 10:02:57 - --------------------------------------------------
2026-04-03 10:03:13 - Epoch [37/50] LR: 4.00e-06/4.00e-05 | Loss: 0.7819 (seg=0.0041, cls=0.3889) | Cls Acc: 0.9420 | Seg Dice: 0.9964 | 15.3s
2026-04-03 10:03:28 - Epoch [38/50] LR: 3.48e-06/3.48e-05 | Loss: 0.7869 (seg=0.0037, cls=0.3916) | Cls Acc: 0.9461 | Seg Dice: 0.9968 | 15.5s
2026-04-03 10:03:28 - --------------------------------------------------
2026-04-03 10:03:31 - [Test] Cls — Acc: 0.7055 | P(macro): 0.5944 | R(macro): 0.5882 | F1(macro): 0.5907
2026-04-03 10:03:31 - [Test] Seg — Lesion IoU: 0.9946 | Lesion Dice: 0.9973
2026-04-03 10:03:31 - [Test] Classification Report:
              precision    recall  f1-score   support

      benign     0.3932    0.3566    0.3740       129
    no_tumor     0.7956    0.8198    0.8075       394

    accuracy                         0.7055       523
   macro avg     0.5944    0.5882    0.5907       523
weighted avg     0.6963    0.7055    0.7006       523

2026-04-03 10:03:31 - --------------------------------------------------
2026-04-03 10:03:46 - Epoch [39/50] LR: 2.98e-06/2.98e-05 | Loss: 0.8012 (seg=0.0036, cls=0.3988) | Cls Acc: 0.9387 | Seg Dice: 0.9968 | 15.6s
2026-04-03 10:04:03 - Epoch [40/50] LR: 2.52e-06/2.52e-05 | Loss: 0.7479 (seg=0.0034, cls=0.3723) | Cls Acc: 0.9477 | Seg Dice: 0.9971 | 16.7s
2026-04-03 10:04:03 - --------------------------------------------------
2026-04-03 10:04:05 - [Test] Cls — Acc: 0.7132 | P(macro): 0.6008 | R(macro): 0.5907 | F1(macro): 0.5944
2026-04-03 10:04:05 - [Test] Seg — Lesion IoU: 0.9946 | Lesion Dice: 0.9973
2026-04-03 10:04:05 - [Test] Classification Report:
              precision    recall  f1-score   support

      benign     0.4054    0.3488    0.3750       129
    no_tumor     0.7961    0.8325    0.8139       394

    accuracy                         0.7132       523
   macro avg     0.6008    0.5907    0.5944       523
weighted avg     0.6997    0.7132    0.7056       523

2026-04-03 10:04:05 - --------------------------------------------------
2026-04-03 10:04:21 - Epoch [41/50] LR: 2.09e-06/2.09e-05 | Loss: 0.7790 (seg=0.0032, cls=0.3879) | Cls Acc: 0.9444 | Seg Dice: 0.9971 | 15.5s
2026-04-03 10:04:37 - Epoch [42/50] LR: 1.70e-06/1.70e-05 | Loss: 0.7306 (seg=0.0031, cls=0.3637) | Cls Acc: 0.9534 | Seg Dice: 0.9973 | 16.1s
2026-04-03 10:04:37 - --------------------------------------------------
2026-04-03 10:04:39 - [Test] Cls — Acc: 0.7228 | P(macro): 0.6026 | R(macro): 0.5814 | F1(macro): 0.5868
2026-04-03 10:04:39 - [Test] Seg — Lesion IoU: 0.9951 | Lesion Dice: 0.9975
2026-04-03 10:04:39 - [Test] Classification Report:
              precision    recall  f1-score   support

      benign     0.4149    0.3023    0.3498       129
    no_tumor     0.7902    0.8604    0.8238       394

    accuracy                         0.7228       523
   macro avg     0.6026    0.5814    0.5868       523
weighted avg     0.6976    0.7228    0.7069       523

2026-04-03 10:04:39 - --------------------------------------------------
2026-04-03 10:04:54 - Epoch [43/50] LR: 1.36e-06/1.36e-05 | Loss: 0.7448 (seg=0.0031, cls=0.3709) | Cls Acc: 0.9551 | Seg Dice: 0.9972 | 15.0s
2026-04-03 10:05:09 - Epoch [44/50] LR: 1.06e-06/1.06e-05 | Loss: 0.7064 (seg=0.0030, cls=0.3517) | Cls Acc: 0.9624 | Seg Dice: 0.9974 | 14.9s
2026-04-03 10:05:09 - --------------------------------------------------
2026-04-03 10:05:11 - [Test] Cls — Acc: 0.7094 | P(macro): 0.5983 | R(macro): 0.5907 | F1(macro): 0.5938
2026-04-03 10:05:11 - [Test] Seg — Lesion IoU: 0.9952 | Lesion Dice: 0.9976
2026-04-03 10:05:11 - [Test] Classification Report:
              precision    recall  f1-score   support

      benign     0.4000    0.3566    0.3770       129
    no_tumor     0.7966    0.8249    0.8105       394

    accuracy                         0.7094       523
   macro avg     0.5983    0.5907    0.5938       523
weighted avg     0.6988    0.7094    0.7036       523

2026-04-03 10:05:11 - --------------------------------------------------
2026-04-03 10:05:26 - Epoch [45/50] LR: 7.97e-07/7.97e-06 | Loss: 0.7097 (seg=0.0029, cls=0.3534) | Cls Acc: 0.9575 | Seg Dice: 0.9975 | 15.2s
2026-04-03 10:05:41 - Epoch [46/50] LR: 5.84e-07/5.84e-06 | Loss: 0.7274 (seg=0.0029, cls=0.3623) | Cls Acc: 0.9592 | Seg Dice: 0.9975 | 15.7s
2026-04-03 10:05:41 - --------------------------------------------------
2026-04-03 10:05:44 - [Test] Cls — Acc: 0.7094 | P(macro): 0.5900 | R(macro): 0.5777 | F1(macro): 0.5816
2026-04-03 10:05:44 - [Test] Seg — Lesion IoU: 0.9953 | Lesion Dice: 0.9976
2026-04-03 10:05:44 - [Test] Classification Report:
              precision    recall  f1-score   support

      benign     0.3905    0.3178    0.3504       129
    no_tumor     0.7895    0.8376    0.8128       394

    accuracy                         0.7094       523
   macro avg     0.5900    0.5777    0.5816       523
weighted avg     0.6911    0.7094    0.6988       523

2026-04-03 10:05:44 - --------------------------------------------------
2026-04-03 10:05:59 - Epoch [47/50] LR: 4.16e-07/4.16e-06 | Loss: 0.7246 (seg=0.0029, cls=0.3609) | Cls Acc: 0.9592 | Seg Dice: 0.9975 | 15.5s
2026-04-03 10:06:14 - Epoch [48/50] LR: 2.96e-07/2.96e-06 | Loss: 0.7737 (seg=0.0028, cls=0.3855) | Cls Acc: 0.9461 | Seg Dice: 0.9975 | 15.3s
2026-04-03 10:06:14 - --------------------------------------------------
2026-04-03 10:06:17 - [Test] Cls — Acc: 0.7189 | P(macro): 0.5994 | R(macro): 0.5814 | F1(macro): 0.5865
2026-04-03 10:06:17 - [Test] Seg — Lesion IoU: 0.9953 | Lesion Dice: 0.9977
2026-04-03 10:06:17 - [Test] Classification Report:
              precision    recall  f1-score   support

      benign     0.4082    0.3101    0.3524       129
    no_tumor     0.7906    0.8528    0.8205       394

    accuracy                         0.7189       523
   macro avg     0.5994    0.5814    0.5865       523
weighted avg     0.6963    0.7189    0.7051       523

2026-04-03 10:06:17 - --------------------------------------------------
2026-04-03 10:06:33 - Epoch [49/50] LR: 2.24e-07/2.24e-06 | Loss: 0.7540 (seg=0.0029, cls=0.3756) | Cls Acc: 0.9518 | Seg Dice: 0.9974 | 16.0s
2026-04-03 10:06:48 - Epoch [50/50] LR: 2.00e-07/2.00e-06 | Loss: 0.7190 (seg=0.0029, cls=0.3580) | Cls Acc: 0.9583 | Seg Dice: 0.9975 | 15.1s
2026-04-03 10:06:48 - --------------------------------------------------
2026-04-03 10:06:51 - [Test] Cls — Acc: 0.7132 | P(macro): 0.5926 | R(macro): 0.5776 | F1(macro): 0.5820
2026-04-03 10:06:51 - [Test] Seg — Lesion IoU: 0.9953 | Lesion Dice: 0.9976
2026-04-03 10:06:51 - [Test] Classification Report:
              precision    recall  f1-score   support

      benign     0.3960    0.3101    0.3478       129
    no_tumor     0.7891    0.8452    0.8162       394

    accuracy                         0.7132       523
   macro avg     0.5926    0.5776    0.5820       523
weighted avg     0.6921    0.7132    0.7007       523

2026-04-03 10:06:51 - --------------------------------------------------
2026-04-03 10:06:51 - 
======================================================================
2026-04-03 10:06:51 - 训练完成! 最优模型: Epoch 14, F1: 0.6269
2026-04-03 10:06:51 - ======================================================================
2026-04-03 10:06:51 - ======================================================================
2026-04-03 10:06:51 - 最终测试结果 (最优权重)
2026-04-03 10:06:51 - ======================================================================
2026-04-03 10:06:53 - [Final Test] Cls — Acc: 0.6654 | P(macro): 0.6335 | R(macro): 0.6762 | F1(macro): 0.6269
2026-04-03 10:06:53 - [Final Test] Seg — Lesion IoU: 0.9764 | Lesion Dice: 0.9880
2026-04-03 10:06:53 - [Final Test] Classification Report:
              precision    recall  f1-score   support

      benign     0.3982    0.6977    0.5070       129
    no_tumor     0.8687    0.6548    0.7467       394

    accuracy                         0.6654       523
   macro avg     0.6335    0.6762    0.6269       523
weighted avg     0.7526    0.6654    0.6876       523

2026-04-03 10:06:53 - 
======================================================================
2026-04-03 10:06:53 - 阈值优化搜索
2026-04-03 10:06:53 - ======================================================================
2026-04-03 10:06:56 - 最优阈值: 0.600 (F1: 0.6417 vs 默认0.5 F1: 0.6269)
2026-04-03 10:06:58 - [Final Test (最优阈值)] Threshold: 0.600 | Acc: 0.7075 | P(macro): 0.6354 | R(macro): 0.6598 | F1(macro): 0.6417
2026-04-03 10:06:58 - [Final Test (最优阈值)] Classification Report:
              precision    recall  f1-score   support

      benign     0.4294    0.5659    0.4883       129
    no_tumor     0.8414    0.7538    0.7952       394

    accuracy                         0.7075       523
   macro avg     0.6354    0.6598    0.6417       523
weighted avg     0.7398    0.7075    0.7195       523

2026-04-03 10:06:58 - 训练脚本已复制到: /data1/ouyangxinglong/GBP-Cascade/0402/logs/20260402_task2_SwinV2Tiny_segcls_8/20260402_task2_SwinV2Tiny_segcls_8.py
