2026-03-19 10:46:56 - ============================================================
2026-03-19 10:46:56 - 实验名称: 20260319_task2_SwinTiny_adamw_warmupcosine_focalloss_3
2026-03-19 10:46:56 - 任务: Task 2 - 良性肿瘤(0) vs 非肿瘤性息肉(1)
2026-03-19 10:46:56 - 模型: Swin-Tiny (ImageNet预训练)
2026-03-19 10:46:56 - 修改: AdamW + diff lr + warmup cosine + weakaug + focal loss + grad clip
2026-03-19 10:46:56 - 图像尺寸: train RandomResizedCrop224 + HFlip + LightColorJitter, test Resize232 + CenterCrop224
2026-03-19 10:46:56 - Batch Size: 16
2026-03-19 10:46:56 - Backbone LR: 2e-05
2026-03-19 10:46:56 - Head LR: 0.0002
2026-03-19 10:46:56 - Weight Decay: 0.05
2026-03-19 10:46:56 - Warmup Epochs: 5
2026-03-19 10:46:56 - Min LR Ratio: 0.1
2026-03-19 10:46:56 - Label Smoothing: 0.0
2026-03-19 10:46:56 - Epochs: 60
2026-03-19 10:46:56 - Grad Clip: 1.0
2026-03-19 10:46:56 - 设备: cuda
2026-03-19 10:46:56 - ============================================================
2026-03-19 10:46:56 - 训练集: 1303 张 (benign=309, no_tumor=994)
2026-03-19 10:46:56 - 测试集: 564 张 (benign=129, no_tumor=435)
2026-03-19 10:46:57 - 模型参数量: 27,520,892
2026-03-19 10:46:57 - 可训练参数量: 27,520,892
2026-03-19 10:46:57 - 类别权重: benign=2.1084, no_tumor=0.6554
2026-03-19 10:46:57 - 损失函数: FocalLoss(alpha=class_weight, gamma=2.0)
2026-03-19 10:46:57 - 
============================================================
2026-03-19 10:46:57 - 开始训练
2026-03-19 10:46:57 - ============================================================
2026-03-19 10:47:03 - Epoch [1/60] LR(backbone/head): 4.000000e-06/4.000000e-05 | WarmupCosineFactor: 0.2000 | Loss: 0.1912 | Train Acc: 0.5610 | Time: 6.1s
2026-03-19 10:47:08 - Epoch [2/60] LR(backbone/head): 8.000000e-06/8.000000e-05 | WarmupCosineFactor: 0.4000 | Loss: 0.1753 | Train Acc: 0.6324 | Time: 5.1s
2026-03-19 10:47:13 - Epoch [3/60] LR(backbone/head): 1.200000e-05/1.200000e-04 | WarmupCosineFactor: 0.6000 | Loss: 0.1708 | Train Acc: 0.6301 | Time: 5.1s
2026-03-19 10:47:13 - ----------------------------------------
2026-03-19 10:47:15 - [Test] Acc: 0.6525 | Precision(macro): 0.5541 | Recall(macro): 0.5648 | F1(macro): 0.5550
2026-03-19 10:47:15 - [Test] Classification Report:
              precision    recall  f1-score   support

      benign     0.3041    0.4031    0.3467       129
    no_tumor     0.8041    0.7264    0.7633       435

    accuracy                         0.6525       564
   macro avg     0.5541    0.5648    0.5550       564
weighted avg     0.6897    0.6525    0.6680       564

2026-03-19 10:47:15 - *** 保存最优模型 (F1: 0.5550, Epoch: 3) ***
2026-03-19 10:47:15 - ----------------------------------------
2026-03-19 10:47:20 - Epoch [4/60] LR(backbone/head): 1.600000e-05/1.600000e-04 | WarmupCosineFactor: 0.8000 | Loss: 0.1582 | Train Acc: 0.6838 | Time: 5.3s
2026-03-19 10:47:25 - Epoch [5/60] LR(backbone/head): 2.000000e-05/2.000000e-04 | WarmupCosineFactor: 1.0000 | Loss: 0.1576 | Train Acc: 0.7022 | Time: 4.7s
2026-03-19 10:47:30 - Epoch [6/60] LR(backbone/head): 1.998532e-05/1.998532e-04 | WarmupCosineFactor: 0.9993 | Loss: 0.1390 | Train Acc: 0.7421 | Time: 5.1s
2026-03-19 10:47:30 - ----------------------------------------
2026-03-19 10:47:32 - [Test] Acc: 0.5390 | Precision(macro): 0.5477 | Recall(macro): 0.5675 | F1(macro): 0.5069
2026-03-19 10:47:32 - [Test] Classification Report:
              precision    recall  f1-score   support

      benign     0.2749    0.6202    0.3810       129
    no_tumor     0.8205    0.5149    0.6328       435

    accuracy                         0.5390       564
   macro avg     0.5477    0.5675    0.5069       564
weighted avg     0.6957    0.5390    0.5752       564

2026-03-19 10:47:32 - ----------------------------------------
2026-03-19 10:47:37 - Epoch [7/60] LR(backbone/head): 1.994134e-05/1.994134e-04 | WarmupCosineFactor: 0.9971 | Loss: 0.1319 | Train Acc: 0.7744 | Time: 5.2s
2026-03-19 10:47:42 - Epoch [8/60] LR(backbone/head): 1.986818e-05/1.986818e-04 | WarmupCosineFactor: 0.9934 | Loss: 0.1302 | Train Acc: 0.7982 | Time: 5.1s
2026-03-19 10:47:47 - Epoch [9/60] LR(backbone/head): 1.976611e-05/1.976611e-04 | WarmupCosineFactor: 0.9883 | Loss: 0.1217 | Train Acc: 0.8035 | Time: 5.2s
2026-03-19 10:47:47 - ----------------------------------------
2026-03-19 10:47:49 - [Test] Acc: 0.5940 | Precision(macro): 0.5529 | Recall(macro): 0.5732 | F1(macro): 0.5376
2026-03-19 10:47:49 - [Test] Classification Report:
              precision    recall  f1-score   support

      benign     0.2899    0.5349    0.3760       129
    no_tumor     0.8160    0.6115    0.6991       435

    accuracy                         0.5940       564
   macro avg     0.5529    0.5732    0.5376       564
weighted avg     0.6956    0.5940    0.6252       564

2026-03-19 10:47:49 - ----------------------------------------
2026-03-19 10:47:53 - Epoch [10/60] LR(backbone/head): 1.963544e-05/1.963544e-04 | WarmupCosineFactor: 0.9818 | Loss: 0.1085 | Train Acc: 0.8427 | Time: 4.8s
2026-03-19 10:47:58 - Epoch [11/60] LR(backbone/head): 1.947660e-05/1.947660e-04 | WarmupCosineFactor: 0.9738 | Loss: 0.0960 | Train Acc: 0.8526 | Time: 4.8s
2026-03-19 10:48:03 - Epoch [12/60] LR(backbone/head): 1.929011e-05/1.929011e-04 | WarmupCosineFactor: 0.9645 | Loss: 0.0917 | Train Acc: 0.8841 | Time: 4.8s
2026-03-19 10:48:03 - ----------------------------------------
2026-03-19 10:48:04 - [Test] Acc: 0.6028 | Precision(macro): 0.5556 | Recall(macro): 0.5762 | F1(macro): 0.5431
2026-03-19 10:48:04 - [Test] Classification Report:
              precision    recall  f1-score   support

      benign     0.2944    0.5271    0.3778       129
    no_tumor     0.8168    0.6253    0.7083       435

    accuracy                         0.6028       564
   macro avg     0.5556    0.5762    0.5431       564
weighted avg     0.6973    0.6028    0.6327       564

2026-03-19 10:48:04 - ----------------------------------------
2026-03-19 10:48:09 - Epoch [13/60] LR(backbone/head): 1.907659e-05/1.907659e-04 | WarmupCosineFactor: 0.9538 | Loss: 0.0734 | Train Acc: 0.9018 | Time: 5.0s
2026-03-19 10:48:14 - Epoch [14/60] LR(backbone/head): 1.883671e-05/1.883671e-04 | WarmupCosineFactor: 0.9418 | Loss: 0.0778 | Train Acc: 0.8910 | Time: 4.8s
2026-03-19 10:48:19 - Epoch [15/60] LR(backbone/head): 1.857128e-05/1.857128e-04 | WarmupCosineFactor: 0.9286 | Loss: 0.0705 | Train Acc: 0.9010 | Time: 4.9s
2026-03-19 10:48:19 - ----------------------------------------
2026-03-19 10:48:20 - [Test] Acc: 0.6844 | Precision(macro): 0.5781 | Recall(macro): 0.5882 | F1(macro): 0.5812
2026-03-19 10:48:20 - [Test] Classification Report:
              precision    recall  f1-score   support

      benign     0.3419    0.4109    0.3732       129
    no_tumor     0.8142    0.7655    0.7891       435

    accuracy                         0.6844       564
   macro avg     0.5781    0.5882    0.5812       564
weighted avg     0.7062    0.6844    0.6940       564

2026-03-19 10:48:21 - *** 保存最优模型 (F1: 0.5812, Epoch: 15) ***
2026-03-19 10:48:21 - ----------------------------------------
2026-03-19 10:48:25 - Epoch [16/60] LR(backbone/head): 1.828115e-05/1.828115e-04 | WarmupCosineFactor: 0.9141 | Loss: 0.0644 | Train Acc: 0.9240 | Time: 4.7s
2026-03-19 10:48:30 - Epoch [17/60] LR(backbone/head): 1.796727e-05/1.796727e-04 | WarmupCosineFactor: 0.8984 | Loss: 0.0657 | Train Acc: 0.9240 | Time: 5.0s
2026-03-19 10:48:35 - Epoch [18/60] LR(backbone/head): 1.763067e-05/1.763067e-04 | WarmupCosineFactor: 0.8815 | Loss: 0.0585 | Train Acc: 0.9294 | Time: 5.2s
2026-03-19 10:48:35 - ----------------------------------------
2026-03-19 10:48:37 - [Test] Acc: 0.6649 | Precision(macro): 0.5821 | Recall(macro): 0.6028 | F1(macro): 0.5838
2026-03-19 10:48:37 - [Test] Classification Report:
              precision    recall  f1-score   support

      benign     0.3387    0.4884    0.4000       129
    no_tumor     0.8254    0.7172    0.7675       435

    accuracy                         0.6649       564
   macro avg     0.5821    0.6028    0.5838       564
weighted avg     0.7141    0.6649    0.6835       564

2026-03-19 10:48:37 - *** 保存最优模型 (F1: 0.5838, Epoch: 18) ***
2026-03-19 10:48:37 - ----------------------------------------
2026-03-19 10:48:42 - Epoch [19/60] LR(backbone/head): 1.727244e-05/1.727244e-04 | WarmupCosineFactor: 0.8636 | Loss: 0.0445 | Train Acc: 0.9432 | Time: 4.8s
2026-03-19 10:48:47 - Epoch [20/60] LR(backbone/head): 1.689375e-05/1.689375e-04 | WarmupCosineFactor: 0.8447 | Loss: 0.0561 | Train Acc: 0.9440 | Time: 4.9s
2026-03-19 10:48:52 - Epoch [21/60] LR(backbone/head): 1.649583e-05/1.649583e-04 | WarmupCosineFactor: 0.8248 | Loss: 0.0505 | Train Acc: 0.9509 | Time: 5.1s
2026-03-19 10:48:52 - ----------------------------------------
2026-03-19 10:48:53 - [Test] Acc: 0.6560 | Precision(macro): 0.5799 | Recall(macro): 0.6025 | F1(macro): 0.5800
2026-03-19 10:48:53 - [Test] Classification Report:
              precision    recall  f1-score   support

      benign     0.3333    0.5039    0.4012       129
    no_tumor     0.8266    0.7011    0.7587       435

    accuracy                         0.6560       564
   macro avg     0.5799    0.6025    0.5800       564
weighted avg     0.7137    0.6560    0.6769       564

2026-03-19 10:48:53 - ----------------------------------------
2026-03-19 10:48:58 - Epoch [22/60] LR(backbone/head): 1.607999e-05/1.607999e-04 | WarmupCosineFactor: 0.8040 | Loss: 0.0573 | Train Acc: 0.9509 | Time: 5.0s
2026-03-19 10:49:03 - Epoch [23/60] LR(backbone/head): 1.564758e-05/1.564758e-04 | WarmupCosineFactor: 0.7824 | Loss: 0.0477 | Train Acc: 0.9478 | Time: 4.9s
2026-03-19 10:49:08 - Epoch [24/60] LR(backbone/head): 1.520001e-05/1.520001e-04 | WarmupCosineFactor: 0.7600 | Loss: 0.0336 | Train Acc: 0.9578 | Time: 4.8s
2026-03-19 10:49:08 - ----------------------------------------
2026-03-19 10:49:09 - [Test] Acc: 0.7216 | Precision(macro): 0.6109 | Recall(macro): 0.6150 | F1(macro): 0.6128
2026-03-19 10:49:09 - [Test] Classification Report:
              precision    recall  f1-score   support

      benign     0.3971    0.4186    0.4075       129
    no_tumor     0.8248    0.8115    0.8181       435

    accuracy                         0.7216       564
   macro avg     0.6109    0.6150    0.6128       564
weighted avg     0.7269    0.7216    0.7242       564

2026-03-19 10:49:10 - *** 保存最优模型 (F1: 0.6128, Epoch: 24) ***
2026-03-19 10:49:10 - ----------------------------------------
2026-03-19 10:49:15 - Epoch [25/60] LR(backbone/head): 1.473874e-05/1.473874e-04 | WarmupCosineFactor: 0.7369 | Loss: 0.0458 | Train Acc: 0.9609 | Time: 4.8s
2026-03-19 10:49:20 - Epoch [26/60] LR(backbone/head): 1.426527e-05/1.426527e-04 | WarmupCosineFactor: 0.7133 | Loss: 0.0452 | Train Acc: 0.9701 | Time: 5.0s
2026-03-19 10:49:25 - Epoch [27/60] LR(backbone/head): 1.378115e-05/1.378115e-04 | WarmupCosineFactor: 0.6891 | Loss: 0.0387 | Train Acc: 0.9701 | Time: 5.2s
2026-03-19 10:49:25 - ----------------------------------------
2026-03-19 10:49:26 - [Test] Acc: 0.6809 | Precision(macro): 0.5960 | Recall(macro): 0.6186 | F1(macro): 0.5997
2026-03-19 10:49:26 - [Test] Classification Report:
              precision    recall  f1-score   support

      benign     0.3591    0.5039    0.4194       129
    no_tumor     0.8329    0.7333    0.7800       435

    accuracy                         0.6809       564
   macro avg     0.5960    0.6186    0.5997       564
weighted avg     0.7245    0.6809    0.6975       564

2026-03-19 10:49:26 - ----------------------------------------
2026-03-19 10:49:31 - Epoch [28/60] LR(backbone/head): 1.328797e-05/1.328797e-04 | WarmupCosineFactor: 0.6644 | Loss: 0.0435 | Train Acc: 0.9616 | Time: 4.8s
2026-03-19 10:49:36 - Epoch [29/60] LR(backbone/head): 1.278731e-05/1.278731e-04 | WarmupCosineFactor: 0.6394 | Loss: 0.0233 | Train Acc: 0.9754 | Time: 4.8s
2026-03-19 10:49:41 - Epoch [30/60] LR(backbone/head): 1.228083e-05/1.228083e-04 | WarmupCosineFactor: 0.6140 | Loss: 0.0177 | Train Acc: 0.9823 | Time: 4.8s
2026-03-19 10:49:41 - ----------------------------------------
2026-03-19 10:49:42 - [Test] Acc: 0.6826 | Precision(macro): 0.5694 | Recall(macro): 0.5761 | F1(macro): 0.5717
2026-03-19 10:49:42 - [Test] Classification Report:
              precision    recall  f1-score   support

      benign     0.3311    0.3798    0.3538       129
    no_tumor     0.8077    0.7724    0.7897       435

    accuracy                         0.6826       564
   macro avg     0.5694    0.5761    0.5717       564
weighted avg     0.6987    0.6826    0.6900       564

2026-03-19 10:49:42 - ----------------------------------------
2026-03-19 10:49:47 - Epoch [31/60] LR(backbone/head): 1.177018e-05/1.177018e-04 | WarmupCosineFactor: 0.5885 | Loss: 0.0185 | Train Acc: 0.9747 | Time: 5.1s
2026-03-19 10:49:52 - Epoch [32/60] LR(backbone/head): 1.125700e-05/1.125700e-04 | WarmupCosineFactor: 0.5629 | Loss: 0.0226 | Train Acc: 0.9808 | Time: 4.8s
2026-03-19 10:49:56 - Epoch [33/60] LR(backbone/head): 1.074300e-05/1.074300e-04 | WarmupCosineFactor: 0.5371 | Loss: 0.0183 | Train Acc: 0.9831 | Time: 4.9s
2026-03-19 10:49:56 - ----------------------------------------
2026-03-19 10:49:58 - [Test] Acc: 0.6897 | Precision(macro): 0.5924 | Recall(macro): 0.6080 | F1(macro): 0.5966
2026-03-19 10:49:58 - [Test] Classification Report:
              precision    recall  f1-score   support

      benign     0.3598    0.4574    0.4027       129
    no_tumor     0.8250    0.7586    0.7904       435

    accuracy                         0.6897       564
   macro avg     0.5924    0.6080    0.5966       564
weighted avg     0.7186    0.6897    0.7017       564

2026-03-19 10:49:58 - ----------------------------------------
2026-03-19 10:50:03 - Epoch [34/60] LR(backbone/head): 1.022982e-05/1.022982e-04 | WarmupCosineFactor: 0.5115 | Loss: 0.0181 | Train Acc: 0.9847 | Time: 5.0s
2026-03-19 10:50:08 - Epoch [35/60] LR(backbone/head): 9.719166e-06/9.719166e-05 | WarmupCosineFactor: 0.4860 | Loss: 0.0204 | Train Acc: 0.9816 | Time: 5.1s
2026-03-19 10:50:13 - Epoch [36/60] LR(backbone/head): 9.212686e-06/9.212686e-05 | WarmupCosineFactor: 0.4606 | Loss: 0.0100 | Train Acc: 0.9893 | Time: 5.0s
2026-03-19 10:50:13 - ----------------------------------------
2026-03-19 10:50:14 - [Test] Acc: 0.7305 | Precision(macro): 0.6137 | Recall(macro): 0.6099 | F1(macro): 0.6117
2026-03-19 10:50:14 - [Test] Classification Report:
              precision    recall  f1-score   support

      benign     0.4065    0.3876    0.3968       129
    no_tumor     0.8209    0.8322    0.8265       435

    accuracy                         0.7305       564
   macro avg     0.6137    0.6099    0.6117       564
weighted avg     0.7261    0.7305    0.7282       564

2026-03-19 10:50:14 - ----------------------------------------
2026-03-19 10:50:19 - Epoch [37/60] LR(backbone/head): 8.712035e-06/8.712035e-05 | WarmupCosineFactor: 0.4356 | Loss: 0.0141 | Train Acc: 0.9847 | Time: 5.2s
2026-03-19 10:50:24 - Epoch [38/60] LR(backbone/head): 8.218847e-06/8.218847e-05 | WarmupCosineFactor: 0.4109 | Loss: 0.0103 | Train Acc: 0.9900 | Time: 5.1s
2026-03-19 10:50:29 - Epoch [39/60] LR(backbone/head): 7.734731e-06/7.734731e-05 | WarmupCosineFactor: 0.3867 | Loss: 0.0124 | Train Acc: 0.9862 | Time: 5.0s
2026-03-19 10:50:29 - ----------------------------------------
2026-03-19 10:50:31 - [Test] Acc: 0.7074 | Precision(macro): 0.5808 | Recall(macro): 0.5786 | F1(macro): 0.5796
2026-03-19 10:50:31 - [Test] Classification Report:
              precision    recall  f1-score   support

      benign     0.3548    0.3411    0.3478       129
    no_tumor     0.8068    0.8161    0.8114       435

    accuracy                         0.7074       564
   macro avg     0.5808    0.5786    0.5796       564
weighted avg     0.7034    0.7074    0.7054       564

2026-03-19 10:50:31 - ----------------------------------------
2026-03-19 10:50:37 - Epoch [40/60] LR(backbone/head): 7.261265e-06/7.261265e-05 | WarmupCosineFactor: 0.3631 | Loss: 0.0114 | Train Acc: 0.9893 | Time: 5.4s
2026-03-19 10:50:42 - Epoch [41/60] LR(backbone/head): 6.799994e-06/6.799994e-05 | WarmupCosineFactor: 0.3400 | Loss: 0.0153 | Train Acc: 0.9862 | Time: 5.0s
2026-03-19 10:50:47 - Epoch [42/60] LR(backbone/head): 6.352423e-06/6.352423e-05 | WarmupCosineFactor: 0.3176 | Loss: 0.0114 | Train Acc: 0.9908 | Time: 5.1s
2026-03-19 10:50:47 - ----------------------------------------
2026-03-19 10:50:48 - [Test] Acc: 0.7145 | Precision(macro): 0.6012 | Recall(macro): 0.6050 | F1(macro): 0.6029
2026-03-19 10:50:48 - [Test] Classification Report:
              precision    recall  f1-score   support

      benign     0.3824    0.4031    0.3925       129
    no_tumor     0.8201    0.8069    0.8134       435

    accuracy                         0.7145       564
   macro avg     0.6012    0.6050    0.6029       564
weighted avg     0.7200    0.7145    0.7172       564

2026-03-19 10:50:48 - ----------------------------------------
2026-03-19 10:50:53 - Epoch [43/60] LR(backbone/head): 5.920011e-06/5.920011e-05 | WarmupCosineFactor: 0.2960 | Loss: 0.0058 | Train Acc: 0.9908 | Time: 4.8s
2026-03-19 10:50:58 - Epoch [44/60] LR(backbone/head): 5.504169e-06/5.504169e-05 | WarmupCosineFactor: 0.2752 | Loss: 0.0191 | Train Acc: 0.9877 | Time: 4.6s
2026-03-19 10:51:02 - Epoch [45/60] LR(backbone/head): 5.106253e-06/5.106253e-05 | WarmupCosineFactor: 0.2553 | Loss: 0.0110 | Train Acc: 0.9877 | Time: 4.8s
2026-03-19 10:51:02 - ----------------------------------------
2026-03-19 10:51:04 - [Test] Acc: 0.7039 | Precision(macro): 0.5902 | Recall(macro): 0.5954 | F1(macro): 0.5924
2026-03-19 10:51:04 - [Test] Classification Report:
              precision    recall  f1-score   support

      benign     0.3643    0.3953    0.3792       129
    no_tumor     0.8160    0.7954    0.8056       435

    accuracy                         0.7039       564
   macro avg     0.5902    0.5954    0.5924       564
weighted avg     0.7127    0.7039    0.7081       564

2026-03-19 10:51:04 - ----------------------------------------
2026-03-19 10:51:08 - Epoch [46/60] LR(backbone/head): 4.727562e-06/4.727562e-05 | WarmupCosineFactor: 0.2364 | Loss: 0.0141 | Train Acc: 0.9900 | Time: 4.7s
2026-03-19 10:51:13 - Epoch [47/60] LR(backbone/head): 4.369330e-06/4.369330e-05 | WarmupCosineFactor: 0.2185 | Loss: 0.0056 | Train Acc: 0.9946 | Time: 4.9s
2026-03-19 10:51:18 - Epoch [48/60] LR(backbone/head): 4.032726e-06/4.032726e-05 | WarmupCosineFactor: 0.2016 | Loss: 0.0153 | Train Acc: 0.9885 | Time: 4.8s
2026-03-19 10:51:18 - ----------------------------------------
2026-03-19 10:51:19 - [Test] Acc: 0.7340 | Precision(macro): 0.6145 | Recall(macro): 0.6067 | F1(macro): 0.6101
2026-03-19 10:51:19 - [Test] Classification Report:
              precision    recall  f1-score   support

      benign     0.4103    0.3721    0.3902       129
    no_tumor     0.8188    0.8414    0.8299       435

    accuracy                         0.7340       564
   macro avg     0.6145    0.6067    0.6101       564
weighted avg     0.7254    0.7340    0.7294       564

2026-03-19 10:51:19 - ----------------------------------------
2026-03-19 10:51:24 - Epoch [49/60] LR(backbone/head): 3.718847e-06/3.718847e-05 | WarmupCosineFactor: 0.1859 | Loss: 0.0088 | Train Acc: 0.9931 | Time: 4.8s
2026-03-19 10:51:29 - Epoch [50/60] LR(backbone/head): 3.428718e-06/3.428718e-05 | WarmupCosineFactor: 0.1714 | Loss: 0.0093 | Train Acc: 0.9916 | Time: 4.9s
2026-03-19 10:51:34 - Epoch [51/60] LR(backbone/head): 3.163285e-06/3.163285e-05 | WarmupCosineFactor: 0.1582 | Loss: 0.0115 | Train Acc: 0.9923 | Time: 4.8s
2026-03-19 10:51:34 - ----------------------------------------
2026-03-19 10:51:35 - [Test] Acc: 0.7181 | Precision(macro): 0.6013 | Recall(macro): 0.6018 | F1(macro): 0.6016
2026-03-19 10:51:35 - [Test] Classification Report:
              precision    recall  f1-score   support

      benign     0.3846    0.3876    0.3861       129
    no_tumor     0.8180    0.8161    0.8170       435

    accuracy                         0.7181       564
   macro avg     0.6013    0.6018    0.6016       564
weighted avg     0.7189    0.7181    0.7185       564

2026-03-19 10:51:35 - ----------------------------------------
2026-03-19 10:51:40 - Epoch [52/60] LR(backbone/head): 2.923414e-06/2.923414e-05 | WarmupCosineFactor: 0.1462 | Loss: 0.0053 | Train Acc: 0.9923 | Time: 4.9s
2026-03-19 10:51:45 - Epoch [53/60] LR(backbone/head): 2.709887e-06/2.709887e-05 | WarmupCosineFactor: 0.1355 | Loss: 0.0096 | Train Acc: 0.9931 | Time: 4.9s
2026-03-19 10:51:50 - Epoch [54/60] LR(backbone/head): 2.523401e-06/2.523401e-05 | WarmupCosineFactor: 0.1262 | Loss: 0.0081 | Train Acc: 0.9923 | Time: 5.0s
2026-03-19 10:51:50 - ----------------------------------------
2026-03-19 10:51:51 - [Test] Acc: 0.7199 | Precision(macro): 0.6046 | Recall(macro): 0.6057 | F1(macro): 0.6051
2026-03-19 10:51:51 - [Test] Classification Report:
              precision    recall  f1-score   support

      benign     0.3893    0.3953    0.3923       129
    no_tumor     0.8199    0.8161    0.8180       435

    accuracy                         0.7199       564
   macro avg     0.6046    0.6057    0.6051       564
weighted avg     0.7214    0.7199    0.7206       564

2026-03-19 10:51:51 - ----------------------------------------
2026-03-19 10:51:56 - Epoch [55/60] LR(backbone/head): 2.364563e-06/2.364563e-05 | WarmupCosineFactor: 0.1182 | Loss: 0.0162 | Train Acc: 0.9885 | Time: 5.0s
2026-03-19 10:52:01 - Epoch [56/60] LR(backbone/head): 2.233893e-06/2.233893e-05 | WarmupCosineFactor: 0.1117 | Loss: 0.0091 | Train Acc: 0.9923 | Time: 5.1s
2026-03-19 10:52:06 - Epoch [57/60] LR(backbone/head): 2.131815e-06/2.131815e-05 | WarmupCosineFactor: 0.1066 | Loss: 0.0032 | Train Acc: 0.9962 | Time: 5.1s
2026-03-19 10:52:06 - ----------------------------------------
2026-03-19 10:52:07 - [Test] Acc: 0.7252 | Precision(macro): 0.6128 | Recall(macro): 0.6146 | F1(macro): 0.6137
2026-03-19 10:52:07 - [Test] Classification Report:
              precision    recall  f1-score   support

      benign     0.4015    0.4109    0.4061       129
    no_tumor     0.8241    0.8184    0.8212       435

    accuracy                         0.7252       564
   macro avg     0.6128    0.6146    0.6137       564
weighted avg     0.7274    0.7252    0.7263       564

2026-03-19 10:52:08 - *** 保存最优模型 (F1: 0.6137, Epoch: 57) ***
2026-03-19 10:52:08 - ----------------------------------------
2026-03-19 10:52:13 - Epoch [58/60] LR(backbone/head): 2.058664e-06/2.058664e-05 | WarmupCosineFactor: 0.1029 | Loss: 0.0160 | Train Acc: 0.9908 | Time: 5.1s
2026-03-19 10:52:18 - Epoch [59/60] LR(backbone/head): 2.014678e-06/2.014678e-05 | WarmupCosineFactor: 0.1007 | Loss: 0.0207 | Train Acc: 0.9854 | Time: 4.9s
2026-03-19 10:52:23 - Epoch [60/60] LR(backbone/head): 2.000000e-06/2.000000e-05 | WarmupCosineFactor: 0.1000 | Loss: 0.0058 | Train Acc: 0.9916 | Time: 5.0s
2026-03-19 10:52:23 - ----------------------------------------
2026-03-19 10:52:24 - [Test] Acc: 0.7128 | Precision(macro): 0.5963 | Recall(macro): 0.5984 | F1(macro): 0.5973
2026-03-19 10:52:24 - [Test] Classification Report:
              precision    recall  f1-score   support

      benign     0.3759    0.3876    0.3817       129
    no_tumor     0.8167    0.8092    0.8129       435

    accuracy                         0.7128       564
   macro avg     0.5963    0.5984    0.5973       564
weighted avg     0.7159    0.7128    0.7143       564

2026-03-19 10:52:24 - ----------------------------------------
2026-03-19 10:52:24 - 
============================================================
2026-03-19 10:52:24 - 训练完成! 最优模型: Epoch 57, F1: 0.6137
2026-03-19 10:52:24 - ============================================================
2026-03-19 10:52:24 - 
加载最优权重进行最终测试...
2026-03-19 10:52:25 - ============================================================
2026-03-19 10:52:25 - 最终测试结果 (最优权重)
2026-03-19 10:52:25 - ============================================================
2026-03-19 10:52:26 - [Final Test] Acc: 0.7252 | Precision(macro): 0.6128 | Recall(macro): 0.6146 | F1(macro): 0.6137
2026-03-19 10:52:26 - [Final Test] Classification Report:
              precision    recall  f1-score   support

      benign     0.4015    0.4109    0.4061       129
    no_tumor     0.8241    0.8184    0.8212       435

    accuracy                         0.7252       564
   macro avg     0.6128    0.6146    0.6137       564
weighted avg     0.7274    0.7252    0.7263       564

2026-03-19 10:52:26 - 训练脚本已复制到: /data1/ouyangxinglong/GBP-Cascade/logs/20260319_task2_SwinTiny_adamw_warmupcosine_focalloss_3/20260319_task2_SwinTiny_adamw_warmupcosine_focalloss_3.py
