2026-03-23 08:36:42 - ============================================================
2026-03-23 08:36:42 - 实验名称: 20260323_task2_SwinV2Tiny_dual_6
2026-03-23 08:36:42 - 任务: Task 2 - 良性肿瘤(0) vs 非肿瘤性息肉(1)
2026-03-23 08:36:42 - 模型: DualBranch Swin-V2-Tiny (shared backbone)
2026-03-23 08:36:42 - 修改: Dual branch (global ROI + lesion local) + struct feat + fusion MLP
2026-03-23 08:36:42 - 图像尺寸: train Global: ROI_crop→256 + aug | Local: lesion_crop(pad30%)→256 + aug
2026-03-23 08:36:42 -           test  Global: ROI_crop→256 | Local: lesion_crop(pad30%)→256
2026-03-23 08:36:42 - Batch Size: 4
2026-03-23 08:36:42 - Backbone LR: 2e-05 | Head LR: 0.0002
2026-03-23 08:36:42 - Weight Decay: 0.05 | Label Smoothing: 0.1
2026-03-23 08:36:42 - Warmup: 5 | Epochs: 60 | Seed: 42
2026-03-23 08:36:42 - 设备: cuda
2026-03-23 08:36:42 - ============================================================
2026-03-23 08:36:42 - 训练集: 1229 张 (benign=309, no_tumor=920)
2026-03-23 08:36:42 - 测试集: 523 张 (benign=129, no_tumor=394)
2026-03-23 08:36:44 - 模型参数量: 28,432,044
2026-03-23 08:36:44 - 类别权重: benign=1.9887, no_tumor=0.6679
2026-03-23 08:36:44 - 
============================================================
2026-03-23 08:36:44 - 开始训练
2026-03-23 08:36:44 - ============================================================
2026-03-23 08:37:27 - Epoch [1/60] LR: 4.000000e-06/4.000000e-05 | Factor: 0.2000 | Loss: 0.7211 | Train Acc: 0.6672 | Time: 43.3s
2026-03-23 08:38:09 - Epoch [2/60] LR: 8.000000e-06/8.000000e-05 | Factor: 0.4000 | Loss: 0.7022 | Train Acc: 0.7160 | Time: 41.9s
2026-03-23 08:38:52 - Epoch [3/60] LR: 1.200000e-05/1.200000e-04 | Factor: 0.6000 | Loss: 0.6976 | Train Acc: 0.7469 | Time: 42.5s
2026-03-23 08:38:52 - ----------------------------------------
2026-03-23 08:38:57 - [Test] Acc: 0.7610 | Precision(macro): 0.7967 | Recall(macro): 0.5181 | F1(macro): 0.4684
2026-03-23 08:38:57 - [Test] Classification Report:
              precision    recall  f1-score   support

      benign     0.8333    0.0388    0.0741       129
    no_tumor     0.7602    0.9975    0.8628       394

    accuracy                         0.7610       523
   macro avg     0.7967    0.5181    0.4684       523
weighted avg     0.7782    0.7610    0.6682       523

2026-03-23 08:38:57 - *** 保存最优模型 (F1: 0.4684, Epoch: 3) ***
2026-03-23 08:38:57 - ----------------------------------------
2026-03-23 08:39:40 - Epoch [4/60] LR: 1.600000e-05/1.600000e-04 | Factor: 0.8000 | Loss: 0.6868 | Train Acc: 0.7518 | Time: 42.7s
2026-03-23 08:40:22 - Epoch [5/60] LR: 2.000000e-05/2.000000e-04 | Factor: 1.0000 | Loss: 0.6582 | Train Acc: 0.7705 | Time: 42.6s
2026-03-23 08:41:05 - Epoch [6/60] LR: 1.998451e-05/1.998451e-04 | Factor: 0.9992 | Loss: 0.6195 | Train Acc: 0.8096 | Time: 43.0s
2026-03-23 08:41:05 - ----------------------------------------
2026-03-23 08:41:11 - [Test] Acc: 0.4685 | Precision(macro): 0.5431 | Recall(macro): 0.5534 | F1(macro): 0.4616
2026-03-23 08:41:11 - [Test] Classification Report:
              precision    recall  f1-score   support

      benign     0.2776    0.7209    0.4009       129
    no_tumor     0.8085    0.3858    0.5223       394

    accuracy                         0.4685       523
   macro avg     0.5431    0.5534    0.4616       523
weighted avg     0.6776    0.4685    0.4924       523

2026-03-23 08:41:11 - ----------------------------------------
2026-03-23 08:41:53 - Epoch [7/60] LR: 1.993808e-05/1.993808e-04 | Factor: 0.9969 | Loss: 0.5891 | Train Acc: 0.8438 | Time: 42.4s
2026-03-23 08:42:35 - Epoch [8/60] LR: 1.986086e-05/1.986086e-04 | Factor: 0.9930 | Loss: 0.5601 | Train Acc: 0.8723 | Time: 42.3s
2026-03-23 08:43:17 - Epoch [9/60] LR: 1.975311e-05/1.975311e-04 | Factor: 0.9877 | Loss: 0.5068 | Train Acc: 0.8942 | Time: 42.0s
2026-03-23 08:43:17 - ----------------------------------------
2026-03-23 08:43:22 - [Test] Acc: 0.6769 | Precision(macro): 0.5603 | Recall(macro): 0.5587 | F1(macro): 0.5595
2026-03-23 08:43:22 - [Test] Classification Report:
              precision    recall  f1-score   support

      benign     0.3387    0.3256    0.3320       129
    no_tumor     0.7820    0.7919    0.7869       394

    accuracy                         0.6769       523
   macro avg     0.5603    0.5587    0.5595       523
weighted avg     0.6726    0.6769    0.6747       523

2026-03-23 08:43:23 - *** 保存最优模型 (F1: 0.5595, Epoch: 9) ***
2026-03-23 08:43:23 - ----------------------------------------
2026-03-23 08:44:04 - Epoch [10/60] LR: 1.961518e-05/1.961518e-04 | Factor: 0.9808 | Loss: 0.4693 | Train Acc: 0.9048 | Time: 41.8s
2026-03-23 08:44:47 - Epoch [11/60] LR: 1.944752e-05/1.944752e-04 | Factor: 0.9724 | Loss: 0.4428 | Train Acc: 0.9186 | Time: 42.6s
2026-03-23 08:45:29 - Epoch [12/60] LR: 1.925067e-05/1.925067e-04 | Factor: 0.9625 | Loss: 0.4141 | Train Acc: 0.9325 | Time: 42.2s
2026-03-23 08:45:29 - ----------------------------------------
2026-03-23 08:45:34 - [Test] Acc: 0.7380 | Precision(macro): 0.6118 | Recall(macro): 0.5681 | F1(macro): 0.5716
2026-03-23 08:45:34 - [Test] Classification Report:
              precision    recall  f1-score   support

      benign     0.4412    0.2326    0.3046       129
    no_tumor     0.7824    0.9036    0.8386       394

    accuracy                         0.7380       523
   macro avg     0.6118    0.5681    0.5716       523
weighted avg     0.6982    0.7380    0.7069       523

2026-03-23 08:45:34 - *** 保存最优模型 (F1: 0.5716, Epoch: 12) ***
2026-03-23 08:45:34 - ----------------------------------------
2026-03-23 08:46:17 - Epoch [13/60] LR: 1.902529e-05/1.902529e-04 | Factor: 0.9513 | Loss: 0.3813 | Train Acc: 0.9487 | Time: 42.6s
2026-03-23 08:46:59 - Epoch [14/60] LR: 1.877209e-05/1.877209e-04 | Factor: 0.9386 | Loss: 0.3545 | Train Acc: 0.9699 | Time: 42.5s
2026-03-23 08:47:42 - Epoch [15/60] LR: 1.849191e-05/1.849191e-04 | Factor: 0.9246 | Loss: 0.3276 | Train Acc: 0.9788 | Time: 42.4s
2026-03-23 08:47:42 - ----------------------------------------
2026-03-23 08:47:47 - [Test] Acc: 0.6577 | Precision(macro): 0.5550 | Recall(macro): 0.5591 | F1(macro): 0.5564
2026-03-23 08:47:47 - [Test] Classification Report:
              precision    recall  f1-score   support

      benign     0.3264    0.3643    0.3443       129
    no_tumor     0.7836    0.7538    0.7684       394

    accuracy                         0.6577       523
   macro avg     0.5550    0.5591    0.5564       523
weighted avg     0.6709    0.6577    0.6638       523

2026-03-23 08:47:47 - ----------------------------------------
2026-03-23 08:48:29 - Epoch [16/60] LR: 1.818566e-05/1.818566e-04 | Factor: 0.9093 | Loss: 0.3391 | Train Acc: 0.9780 | Time: 42.5s
2026-03-23 08:49:12 - Epoch [17/60] LR: 1.785435e-05/1.785435e-04 | Factor: 0.8927 | Loss: 0.3301 | Train Acc: 0.9764 | Time: 42.7s
2026-03-23 08:49:55 - Epoch [18/60] LR: 1.749904e-05/1.749904e-04 | Factor: 0.8750 | Loss: 0.3316 | Train Acc: 0.9821 | Time: 43.2s
2026-03-23 08:49:55 - ----------------------------------------
2026-03-23 08:50:00 - [Test] Acc: 0.7266 | Precision(macro): 0.5979 | Recall(macro): 0.5683 | F1(macro): 0.5725
2026-03-23 08:50:00 - [Test] Classification Report:
              precision    recall  f1-score   support

      benign     0.4125    0.2558    0.3158       129
    no_tumor     0.7833    0.8807    0.8292       394

    accuracy                         0.7266       523
   macro avg     0.5979    0.5683    0.5725       523
weighted avg     0.6918    0.7266    0.7025       523

2026-03-23 08:50:01 - *** 保存最优模型 (F1: 0.5725, Epoch: 18) ***
2026-03-23 08:50:01 - ----------------------------------------
2026-03-23 08:50:43 - Epoch [19/60] LR: 1.712091e-05/1.712091e-04 | Factor: 0.8560 | Loss: 0.3213 | Train Acc: 0.9854 | Time: 42.7s
2026-03-23 08:51:26 - Epoch [20/60] LR: 1.672118e-05/1.672118e-04 | Factor: 0.8361 | Loss: 0.3197 | Train Acc: 0.9837 | Time: 42.8s
2026-03-23 08:52:08 - Epoch [21/60] LR: 1.630115e-05/1.630115e-04 | Factor: 0.8151 | Loss: 0.3141 | Train Acc: 0.9854 | Time: 42.1s
2026-03-23 08:52:08 - ----------------------------------------
2026-03-23 08:52:13 - [Test] Acc: 0.6883 | Precision(macro): 0.5933 | Recall(macro): 0.6002 | F1(macro): 0.5960
2026-03-23 08:52:13 - [Test] Classification Report:
              precision    recall  f1-score   support

      benign     0.3819    0.4264    0.4029       129
    no_tumor     0.8047    0.7741    0.7891       394

    accuracy                         0.6883       523
   macro avg     0.5933    0.6002    0.5960       523
weighted avg     0.7005    0.6883    0.6939       523

2026-03-23 08:52:14 - *** 保存最优模型 (F1: 0.5960, Epoch: 21) ***
2026-03-23 08:52:14 - ----------------------------------------
2026-03-23 08:52:57 - Epoch [22/60] LR: 1.586221e-05/1.586221e-04 | Factor: 0.7931 | Loss: 0.3127 | Train Acc: 0.9878 | Time: 43.0s
2026-03-23 08:53:39 - Epoch [23/60] LR: 1.540578e-05/1.540578e-04 | Factor: 0.7703 | Loss: 0.3117 | Train Acc: 0.9886 | Time: 42.9s
2026-03-23 08:54:22 - Epoch [24/60] LR: 1.493334e-05/1.493334e-04 | Factor: 0.7467 | Loss: 0.3148 | Train Acc: 0.9894 | Time: 42.7s
2026-03-23 08:54:22 - ----------------------------------------
2026-03-23 08:54:27 - [Test] Acc: 0.7457 | Precision(macro): 0.6287 | Recall(macro): 0.5783 | F1(macro): 0.5841
2026-03-23 08:54:27 - [Test] Classification Report:
              precision    recall  f1-score   support

      benign     0.4706    0.2481    0.3249       129
    no_tumor     0.7868    0.9086    0.8433       394

    accuracy                         0.7457       523
   macro avg     0.6287    0.5783    0.5841       523
weighted avg     0.7088    0.7457    0.7155       523

2026-03-23 08:54:27 - ----------------------------------------
