2026-04-03 06:42:03 - ======================================================================
2026-04-03 06:42:03 - 实验名称: 20260402_task2_SwinV2Tiny_segcls_2
2026-04-03 06:42:03 - 任务: Task 2 — 分割+分类联合训练 V2 (多尺度分类头 + Mixup)
2026-04-03 06:42:03 - 模型: SwinV2-Tiny + UNet Decoder + MultiScale Cls Head
2026-04-03 06:42:03 - 修改: 3ch RGB + UNet分割解码器 + 多尺度分类头(融合编码器+解码器特征) + lambda_cls=3.0 + Mixup/CutMix(img+mask同步) + dropout=0.4 + 100ep
2026-04-03 06:42:03 - Batch Size: 8, Epochs: 100
2026-04-03 06:42:03 - Backbone LR: 2e-05, Head LR: 0.0002
2026-04-03 06:42:03 - Lambda Cls: 3.0
2026-04-03 06:42:03 - Mixup: True
2026-04-03 06:42:03 - Cls Dropout: 0.4
2026-04-03 06:42:03 - 设备: cuda
2026-04-03 06:42:03 - ======================================================================
2026-04-03 06:42:03 - 训练集: 1229 | 测试集: 523
2026-04-03 06:42:17 - 模型参数量: 34,851,982
2026-04-03 06:42:17 - 分类权重: [1.9886730909347534, 0.667934775352478], 分割权重: bg=1.0, lesion=5.0
2026-04-03 06:42:17 - 
开始训练
2026-04-03 06:42:17 - ======================================================================
2026-04-03 06:42:38 - Epoch [1/100] Loss: 3.0367 (seg=0.8891, cls=0.7159) | Cls Acc: 0.6046 | Seg IoU: 0.0081 Dice: 0.0157 | 21.2s
2026-04-03 06:42:57 - Epoch [2/100] Loss: 2.6579 (seg=0.5261, cls=0.7106) | Cls Acc: 0.6193 | Seg IoU: 0.3410 Dice: 0.4920 | 18.2s
2026-04-03 06:43:15 - Epoch [3/100] Loss: 2.4606 (seg=0.3843, cls=0.6921) | Cls Acc: 0.6471 | Seg IoU: 0.4762 Dice: 0.6390 | 18.3s
2026-04-03 06:43:33 - Epoch [4/100] Loss: 2.3744 (seg=0.3364, cls=0.6794) | Cls Acc: 0.6283 | Seg IoU: 0.5224 Dice: 0.6790 | 18.2s
2026-04-03 06:43:51 - Epoch [5/100] Loss: 2.3185 (seg=0.3024, cls=0.6720) | Cls Acc: 0.6520 | Seg IoU: 0.5509 Dice: 0.7041 | 18.2s
2026-04-03 06:43:51 - --------------------------------------------------
2026-04-03 06:43:56 - [Test] Cls — Acc: 0.5163 | P: 0.5444 | R: 0.5590 | F1: 0.4963
2026-04-03 06:43:56 - [Test] Seg — Lesion IoU: 0.6660 | Dice: 0.7963
2026-04-03 06:43:56 - [Test] Classification Report:
              precision    recall  f1-score   support

      benign     0.2862    0.6434    0.3962       129
    no_tumor     0.8026    0.4746    0.5965       394

    accuracy                         0.5163       523
   macro avg     0.5444    0.5590    0.4963       523
weighted avg     0.6752    0.5163    0.5471       523

2026-04-03 06:43:56 - *** 保存最优模型 (F1: 0.4963, Epoch: 5) ***
2026-04-03 06:43:56 - --------------------------------------------------
2026-04-03 06:44:14 - Epoch [6/100] Loss: 2.3251 (seg=0.2950, cls=0.6767) | Cls Acc: 0.5989 | Seg IoU: 0.5489 Dice: 0.7014 | 18.4s
2026-04-03 06:44:32 - Epoch [7/100] Loss: 2.2641 (seg=0.2776, cls=0.6621) | Cls Acc: 0.6609 | Seg IoU: 0.5641 Dice: 0.7138 | 17.9s
2026-04-03 06:44:51 - Epoch [8/100] Loss: 2.2688 (seg=0.2566, cls=0.6707) | Cls Acc: 0.6642 | Seg IoU: 0.5851 Dice: 0.7323 | 18.4s
2026-04-03 06:45:09 - Epoch [9/100] Loss: 2.2038 (seg=0.2548, cls=0.6497) | Cls Acc: 0.6446 | Seg IoU: 0.5846 Dice: 0.7315 | 18.1s
2026-04-03 06:45:27 - Epoch [10/100] Loss: 2.1816 (seg=0.2391, cls=0.6475) | Cls Acc: 0.6683 | Seg IoU: 0.6102 Dice: 0.7517 | 18.2s
2026-04-03 06:45:27 - --------------------------------------------------
2026-04-03 06:45:31 - [Test] Cls — Acc: 0.6941 | P: 0.5901 | R: 0.5910 | F1: 0.5905
2026-04-03 06:45:31 - [Test] Seg — Lesion IoU: 0.6589 | Dice: 0.7921
2026-04-03 06:45:31 - [Test] Classification Report:
              precision    recall  f1-score   support

      benign     0.3817    0.3876    0.3846       129
    no_tumor     0.7985    0.7944    0.7964       394

    accuracy                         0.6941       523
   macro avg     0.5901    0.5910    0.5905       523
weighted avg     0.6957    0.6941    0.6949       523

2026-04-03 06:45:32 - *** 保存最优模型 (F1: 0.5905, Epoch: 10) ***
2026-04-03 06:45:32 - --------------------------------------------------
2026-04-03 06:45:50 - Epoch [11/100] Loss: 2.1369 (seg=0.2260, cls=0.6370) | Cls Acc: 0.6904 | Seg IoU: 0.6233 Dice: 0.7621 | 18.6s
2026-04-03 06:46:09 - Epoch [12/100] Loss: 2.1013 (seg=0.2293, cls=0.6240) | Cls Acc: 0.6953 | Seg IoU: 0.6152 Dice: 0.7550 | 18.9s
2026-04-03 06:46:28 - Epoch [13/100] Loss: 2.0485 (seg=0.2209, cls=0.6092) | Cls Acc: 0.6797 | Seg IoU: 0.6302 Dice: 0.7667 | 18.3s
2026-04-03 06:46:46 - Epoch [14/100] Loss: 2.0281 (seg=0.2310, cls=0.5990) | Cls Acc: 0.7190 | Seg IoU: 0.6122 Dice: 0.7529 | 18.5s
2026-04-03 06:47:05 - Epoch [15/100] Loss: 1.9923 (seg=0.2038, cls=0.5962) | Cls Acc: 0.7206 | Seg IoU: 0.6515 Dice: 0.7846 | 19.4s
2026-04-03 06:47:05 - --------------------------------------------------
2026-04-03 06:47:10 - [Test] Cls — Acc: 0.6635 | P: 0.5705 | R: 0.5785 | F1: 0.5728
2026-04-03 06:47:10 - [Test] Seg — Lesion IoU: 0.7101 | Dice: 0.8290
2026-04-03 06:47:10 - [Test] Classification Report:
              precision    recall  f1-score   support

      benign     0.3464    0.4109    0.3759       129
    no_tumor     0.7946    0.7462    0.7696       394

    accuracy                         0.6635       523
   macro avg     0.5705    0.5785    0.5728       523
weighted avg     0.6840    0.6635    0.6725       523

2026-04-03 06:47:10 - --------------------------------------------------
2026-04-03 06:47:28 - Epoch [16/100] Loss: 1.9739 (seg=0.2144, cls=0.5865) | Cls Acc: 0.7157 | Seg IoU: 0.6360 Dice: 0.7712 | 18.3s
2026-04-03 06:47:46 - Epoch [17/100] Loss: 1.8811 (seg=0.2077, cls=0.5578) | Cls Acc: 0.7255 | Seg IoU: 0.6480 Dice: 0.7813 | 18.4s
2026-04-03 06:48:04 - Epoch [18/100] Loss: 1.8276 (seg=0.1980, cls=0.5432) | Cls Acc: 0.7386 | Seg IoU: 0.6589 Dice: 0.7886 | 18.0s
2026-04-03 06:48:23 - Epoch [19/100] Loss: 1.8356 (seg=0.2020, cls=0.5445) | Cls Acc: 0.7337 | Seg IoU: 0.6522 Dice: 0.7831 | 18.5s
2026-04-03 06:48:41 - Epoch [20/100] Loss: 1.9161 (seg=0.2152, cls=0.5669) | Cls Acc: 0.7337 | Seg IoU: 0.6368 Dice: 0.7713 | 18.3s
2026-04-03 06:48:41 - --------------------------------------------------
2026-04-03 06:48:45 - [Test] Cls — Acc: 0.6061 | P: 0.5795 | R: 0.6056 | F1: 0.5649
2026-04-03 06:48:45 - [Test] Seg — Lesion IoU: 0.7358 | Dice: 0.8464
2026-04-03 06:48:45 - [Test] Classification Report:
              precision    recall  f1-score   support

      benign     0.3348    0.6047    0.4309       129
    no_tumor     0.8241    0.6066    0.6988       394

    accuracy                         0.6061       523
   macro avg     0.5795    0.6056    0.5649       523
weighted avg     0.7034    0.6061    0.6328       523

2026-04-03 06:48:45 - --------------------------------------------------
2026-04-03 06:49:04 - Epoch [21/100] Loss: 1.8721 (seg=0.2005, cls=0.5572) | Cls Acc: 0.7426 | Seg IoU: 0.6573 Dice: 0.7864 | 18.4s
2026-04-03 06:49:22 - Epoch [22/100] Loss: 1.8123 (seg=0.2101, cls=0.5341) | Cls Acc: 0.7500 | Seg IoU: 0.6454 Dice: 0.7778 | 18.5s
2026-04-03 06:49:41 - Epoch [23/100] Loss: 1.7078 (seg=0.1974, cls=0.5035) | Cls Acc: 0.7729 | Seg IoU: 0.6556 Dice: 0.7876 | 18.5s
2026-04-03 06:49:59 - Epoch [24/100] Loss: 1.7237 (seg=0.2068, cls=0.5057) | Cls Acc: 0.7426 | Seg IoU: 0.6412 Dice: 0.7754 | 18.4s
2026-04-03 06:50:17 - Epoch [25/100] Loss: 1.7113 (seg=0.1987, cls=0.5042) | Cls Acc: 0.7631 | Seg IoU: 0.6603 Dice: 0.7903 | 18.4s
2026-04-03 06:50:17 - --------------------------------------------------
2026-04-03 06:50:22 - [Test] Cls — Acc: 0.7380 | P: 0.6133 | R: 0.5707 | F1: 0.5749
2026-04-03 06:50:22 - [Test] Seg — Lesion IoU: 0.6927 | Dice: 0.8167
2026-04-03 06:50:22 - [Test] Classification Report:
              precision    recall  f1-score   support

      benign     0.4429    0.2403    0.3116       129
    no_tumor     0.7837    0.9010    0.8383       394

    accuracy                         0.7380       523
   macro avg     0.6133    0.5707    0.5749       523
weighted avg     0.6996    0.7380    0.7083       523

2026-04-03 06:50:22 - --------------------------------------------------
2026-04-03 06:50:41 - Epoch [26/100] Loss: 1.7400 (seg=0.1965, cls=0.5145) | Cls Acc: 0.7704 | Seg IoU: 0.6578 Dice: 0.7874 | 19.2s
2026-04-03 06:51:00 - Epoch [27/100] Loss: 1.6269 (seg=0.2014, cls=0.4751) | Cls Acc: 0.7827 | Seg IoU: 0.6570 Dice: 0.7865 | 18.3s
2026-04-03 06:51:18 - Epoch [28/100] Loss: 1.6484 (seg=0.2010, cls=0.4825) | Cls Acc: 0.7835 | Seg IoU: 0.6534 Dice: 0.7855 | 18.3s
2026-04-03 06:51:37 - Epoch [29/100] Loss: 1.6120 (seg=0.1946, cls=0.4725) | Cls Acc: 0.7966 | Seg IoU: 0.6599 Dice: 0.7891 | 18.6s
2026-04-03 06:51:55 - Epoch [30/100] Loss: 1.5889 (seg=0.1856, cls=0.4678) | Cls Acc: 0.8039 | Seg IoU: 0.6720 Dice: 0.7991 | 18.6s
2026-04-03 06:51:55 - --------------------------------------------------
2026-04-03 06:51:59 - [Test] Cls — Acc: 0.6616 | P: 0.5519 | R: 0.5538 | F1: 0.5527
2026-04-03 06:51:59 - [Test] Seg — Lesion IoU: 0.6992 | Dice: 0.8203
2026-04-03 06:51:59 - [Test] Classification Report:
              precision    recall  f1-score   support

      benign     0.3235    0.3411    0.3321       129
    no_tumor     0.7804    0.7665    0.7734       394

    accuracy                         0.6616       523
   macro avg     0.5519    0.5538    0.5527       523
weighted avg     0.6677    0.6616    0.6645       523

2026-04-03 06:51:59 - --------------------------------------------------
2026-04-03 06:52:17 - Epoch [31/100] Loss: 1.5543 (seg=0.1984, cls=0.4520) | Cls Acc: 0.8023 | Seg IoU: 0.6578 Dice: 0.7874 | 18.0s
2026-04-03 06:52:35 - Epoch [32/100] Loss: 1.5588 (seg=0.1832, cls=0.4585) | Cls Acc: 0.8031 | Seg IoU: 0.6742 Dice: 0.8015 | 18.3s
2026-04-03 06:52:54 - Epoch [33/100] Loss: 1.5718 (seg=0.1907, cls=0.4604) | Cls Acc: 0.8007 | Seg IoU: 0.6661 Dice: 0.7935 | 18.2s
2026-04-03 06:53:12 - Epoch [34/100] Loss: 1.5532 (seg=0.2085, cls=0.4482) | Cls Acc: 0.7982 | Seg IoU: 0.6441 Dice: 0.7769 | 17.9s
2026-04-03 06:53:30 - Epoch [35/100] Loss: 1.5304 (seg=0.1962, cls=0.4447) | Cls Acc: 0.8039 | Seg IoU: 0.6612 Dice: 0.7886 | 18.3s
2026-04-03 06:53:30 - --------------------------------------------------
2026-04-03 06:53:34 - [Test] Cls — Acc: 0.7342 | P: 0.6141 | R: 0.5812 | F1: 0.5874
2026-04-03 06:53:34 - [Test] Seg — Lesion IoU: 0.7392 | Dice: 0.8481
2026-04-03 06:53:34 - [Test] Classification Report:
              precision    recall  f1-score   support

      benign     0.4390    0.2791    0.3412       129
    no_tumor     0.7891    0.8832    0.8335       394

    accuracy                         0.7342       523
   macro avg     0.6141    0.5812    0.5874       523
weighted avg     0.7028    0.7342    0.7121       523

2026-04-03 06:53:34 - --------------------------------------------------
2026-04-03 06:53:53 - Epoch [36/100] Loss: 1.4797 (seg=0.1882, cls=0.4305) | Cls Acc: 0.7925 | Seg IoU: 0.6659 Dice: 0.7939 | 18.7s
2026-04-03 06:54:11 - Epoch [37/100] Loss: 1.5734 (seg=0.1942, cls=0.4597) | Cls Acc: 0.7876 | Seg IoU: 0.6631 Dice: 0.7910 | 18.1s
2026-04-03 06:54:29 - Epoch [38/100] Loss: 1.5756 (seg=0.1919, cls=0.4612) | Cls Acc: 0.8064 | Seg IoU: 0.6625 Dice: 0.7907 | 18.4s
2026-04-03 06:54:47 - Epoch [39/100] Loss: 1.4943 (seg=0.2179, cls=0.4255) | Cls Acc: 0.7892 | Seg IoU: 0.6417 Dice: 0.7748 | 18.1s
2026-04-03 06:55:06 - Epoch [40/100] Loss: 1.3849 (seg=0.1816, cls=0.4011) | Cls Acc: 0.8056 | Seg IoU: 0.6773 Dice: 0.8017 | 18.5s
2026-04-03 06:55:06 - --------------------------------------------------
2026-04-03 06:55:10 - [Test] Cls — Acc: 0.7208 | P: 0.5897 | R: 0.5645 | F1: 0.5681
2026-04-03 06:55:10 - [Test] Seg — Lesion IoU: 0.7251 | Dice: 0.8390
2026-04-03 06:55:10 - [Test] Classification Report:
              precision    recall  f1-score   support

      benign     0.3976    0.2558    0.3113       129
    no_tumor     0.7818    0.8731    0.8249       394

    accuracy                         0.7208       523
   macro avg     0.5897    0.5645    0.5681       523
weighted avg     0.6870    0.7208    0.6983       523

2026-04-03 06:55:10 - --------------------------------------------------
2026-04-03 06:55:29 - Epoch [41/100] Loss: 1.4763 (seg=0.2009, cls=0.4251) | Cls Acc: 0.8260 | Seg IoU: 0.6661 Dice: 0.7935 | 18.9s
2026-04-03 06:55:47 - Epoch [42/100] Loss: 1.3961 (seg=0.1878, cls=0.4028) | Cls Acc: 0.8538 | Seg IoU: 0.6718 Dice: 0.7969 | 18.1s
2026-04-03 06:56:05 - Epoch [43/100] Loss: 1.4330 (seg=0.1939, cls=0.4130) | Cls Acc: 0.8219 | Seg IoU: 0.6674 Dice: 0.7930 | 18.0s
2026-04-03 06:56:24 - Epoch [44/100] Loss: 1.3663 (seg=0.1844, cls=0.3939) | Cls Acc: 0.8292 | Seg IoU: 0.6781 Dice: 0.8024 | 18.7s
2026-04-03 06:56:42 - Epoch [45/100] Loss: 1.3675 (seg=0.1832, cls=0.3948) | Cls Acc: 0.8309 | Seg IoU: 0.6814 Dice: 0.8048 | 18.3s
2026-04-03 06:56:42 - --------------------------------------------------
2026-04-03 06:56:46 - [Test] Cls — Acc: 0.7113 | P: 0.5792 | R: 0.5607 | F1: 0.5640
2026-04-03 06:56:46 - [Test] Seg — Lesion IoU: 0.7364 | Dice: 0.8471
2026-04-03 06:56:46 - [Test] Classification Report:
              precision    recall  f1-score   support

      benign     0.3778    0.2636    0.3105       129
    no_tumor     0.7806    0.8579    0.8174       394

    accuracy                         0.7113       523
   macro avg     0.5792    0.5607    0.5640       523
weighted avg     0.6812    0.7113    0.6924       523

2026-04-03 06:56:46 - --------------------------------------------------
2026-04-03 06:57:05 - Epoch [46/100] Loss: 1.3168 (seg=0.1752, cls=0.3805) | Cls Acc: 0.8284 | Seg IoU: 0.6945 Dice: 0.8152 | 18.8s
2026-04-03 06:57:23 - Epoch [47/100] Loss: 1.2382 (seg=0.1782, cls=0.3533) | Cls Acc: 0.8480 | Seg IoU: 0.6876 Dice: 0.8090 | 17.9s
2026-04-03 06:57:41 - Epoch [48/100] Loss: 1.3295 (seg=0.1775, cls=0.3840) | Cls Acc: 0.8358 | Seg IoU: 0.6864 Dice: 0.8094 | 18.5s
2026-04-03 06:57:59 - Epoch [49/100] Loss: 1.2583 (seg=0.1774, cls=0.3603) | Cls Acc: 0.8154 | Seg IoU: 0.6908 Dice: 0.8115 | 18.0s
2026-04-03 06:58:17 - Epoch [50/100] Loss: 1.4018 (seg=0.1949, cls=0.4023) | Cls Acc: 0.8096 | Seg IoU: 0.6654 Dice: 0.7912 | 17.9s
2026-04-03 06:58:17 - --------------------------------------------------
2026-04-03 06:58:22 - [Test] Cls — Acc: 0.7380 | P: 0.6037 | R: 0.5550 | F1: 0.5539
2026-04-03 06:58:22 - [Test] Seg — Lesion IoU: 0.6929 | Dice: 0.8165
2026-04-03 06:58:22 - [Test] Classification Report:
              precision    recall  f1-score   support

      benign     0.4310    0.1938    0.2674       129
    no_tumor     0.7763    0.9162    0.8405       394

    accuracy                         0.7380       523
   macro avg     0.6037    0.5550    0.5539       523
weighted avg     0.6912    0.7380    0.6991       523

2026-04-03 06:58:22 - --------------------------------------------------
2026-04-03 06:58:41 - Epoch [51/100] Loss: 1.2161 (seg=0.1781, cls=0.3460) | Cls Acc: 0.8415 | Seg IoU: 0.6887 Dice: 0.8104 | 19.0s
2026-04-03 06:58:59 - Epoch [52/100] Loss: 1.2657 (seg=0.1815, cls=0.3614) | Cls Acc: 0.8260 | Seg IoU: 0.6873 Dice: 0.8085 | 18.5s
2026-04-03 06:59:18 - Epoch [53/100] Loss: 1.3787 (seg=0.1815, cls=0.3991) | Cls Acc: 0.8415 | Seg IoU: 0.6802 Dice: 0.8034 | 18.2s
2026-04-03 06:59:35 - Epoch [54/100] Loss: 1.2219 (seg=0.1601, cls=0.3539) | Cls Acc: 0.8219 | Seg IoU: 0.7103 Dice: 0.8263 | 17.8s
2026-04-03 06:59:54 - Epoch [55/100] Loss: 1.2091 (seg=0.1726, cls=0.3455) | Cls Acc: 0.8423 | Seg IoU: 0.6930 Dice: 0.8132 | 18.0s
2026-04-03 06:59:54 - --------------------------------------------------
2026-04-03 06:59:58 - [Test] Cls — Acc: 0.7094 | P: 0.5808 | R: 0.5647 | F1: 0.5683
2026-04-03 06:59:58 - [Test] Seg — Lesion IoU: 0.7358 | Dice: 0.8458
2026-04-03 06:59:58 - [Test] Classification Report:
              precision    recall  f1-score   support

      benign     0.3789    0.2791    0.3214       129
    no_tumor     0.7827    0.8503    0.8151       394

    accuracy                         0.7094       523
   macro avg     0.5808    0.5647    0.5683       523
weighted avg     0.6831    0.7094    0.6933       523

2026-04-03 06:59:58 - --------------------------------------------------
2026-04-03 07:00:16 - Epoch [56/100] Loss: 1.2437 (seg=0.1724, cls=0.3571) | Cls Acc: 0.8268 | Seg IoU: 0.6923 Dice: 0.8134 | 18.8s
2026-04-03 07:00:34 - Epoch [57/100] Loss: 1.2865 (seg=0.1876, cls=0.3663) | Cls Acc: 0.8137 | Seg IoU: 0.6797 Dice: 0.8020 | 17.8s
2026-04-03 07:00:53 - Epoch [58/100] Loss: 1.2845 (seg=0.1626, cls=0.3739) | Cls Acc: 0.8227 | Seg IoU: 0.7092 Dice: 0.8258 | 18.4s
2026-04-03 07:01:11 - Epoch [59/100] Loss: 1.3090 (seg=0.1745, cls=0.3782) | Cls Acc: 0.8472 | Seg IoU: 0.6917 Dice: 0.8124 | 18.3s
2026-04-03 07:01:29 - Epoch [60/100] Loss: 1.2034 (seg=0.1639, cls=0.3465) | Cls Acc: 0.8440 | Seg IoU: 0.7044 Dice: 0.8227 | 18.1s
2026-04-03 07:01:29 - --------------------------------------------------
2026-04-03 07:01:34 - [Test] Cls — Acc: 0.7495 | P: 0.6300 | R: 0.5626 | F1: 0.5624
2026-04-03 07:01:34 - [Test] Seg — Lesion IoU: 0.7503 | Dice: 0.8556
2026-04-03 07:01:34 - [Test] Classification Report:
              precision    recall  f1-score   support

      benign     0.4808    0.1938    0.2762       129
    no_tumor     0.7792    0.9315    0.8486       394

    accuracy                         0.7495       523
   macro avg     0.6300    0.5626    0.5624       523
weighted avg     0.7056    0.7495    0.7074       523

2026-04-03 07:01:34 - --------------------------------------------------
2026-04-03 07:01:52 - Epoch [61/100] Loss: 1.1958 (seg=0.1677, cls=0.3427) | Cls Acc: 0.7998 | Seg IoU: 0.7014 Dice: 0.8196 | 18.5s
2026-04-03 07:02:11 - Epoch [62/100] Loss: 1.1862 (seg=0.1656, cls=0.3402) | Cls Acc: 0.8342 | Seg IoU: 0.7057 Dice: 0.8223 | 18.3s
2026-04-03 07:02:29 - Epoch [63/100] Loss: 1.2410 (seg=0.1653, cls=0.3586) | Cls Acc: 0.8137 | Seg IoU: 0.7061 Dice: 0.8227 | 18.3s
2026-04-03 07:02:47 - Epoch [64/100] Loss: 1.1242 (seg=0.1520, cls=0.3241) | Cls Acc: 0.8448 | Seg IoU: 0.7157 Dice: 0.8305 | 17.9s
2026-04-03 07:03:05 - Epoch [65/100] Loss: 1.2559 (seg=0.1743, cls=0.3605) | Cls Acc: 0.8391 | Seg IoU: 0.6982 Dice: 0.8165 | 18.7s
2026-04-03 07:03:05 - --------------------------------------------------
2026-04-03 07:03:10 - [Test] Cls — Acc: 0.7419 | P: 0.6148 | R: 0.5628 | F1: 0.5641
2026-04-03 07:03:10 - [Test] Seg — Lesion IoU: 0.7531 | Dice: 0.8573
2026-04-03 07:03:10 - [Test] Classification Report:
              precision    recall  f1-score   support

      benign     0.4500    0.2093    0.2857       129
    no_tumor     0.7797    0.9162    0.8425       394

    accuracy                         0.7419       523
   macro avg     0.6148    0.5628    0.5641       523
weighted avg     0.6984    0.7419    0.7051       523

2026-04-03 07:03:10 - --------------------------------------------------
2026-04-03 07:03:28 - Epoch [66/100] Loss: 1.1551 (seg=0.1571, cls=0.3327) | Cls Acc: 0.8047 | Seg IoU: 0.7170 Dice: 0.8303 | 18.4s
2026-04-03 07:03:47 - Epoch [67/100] Loss: 1.1949 (seg=0.1726, cls=0.3408) | Cls Acc: 0.8399 | Seg IoU: 0.6958 Dice: 0.8140 | 18.3s
2026-04-03 07:04:05 - Epoch [68/100] Loss: 1.1301 (seg=0.1615, cls=0.3229) | Cls Acc: 0.8301 | Seg IoU: 0.7128 Dice: 0.8268 | 18.2s
2026-04-03 07:04:23 - Epoch [69/100] Loss: 1.1573 (seg=0.1582, cls=0.3330) | Cls Acc: 0.8252 | Seg IoU: 0.7156 Dice: 0.8289 | 18.4s
2026-04-03 07:04:41 - Epoch [70/100] Loss: 1.1988 (seg=0.1524, cls=0.3488) | Cls Acc: 0.8186 | Seg IoU: 0.7179 Dice: 0.8307 | 17.9s
2026-04-03 07:04:41 - --------------------------------------------------
2026-04-03 07:04:45 - [Test] Cls — Acc: 0.7285 | P: 0.6008 | R: 0.5695 | F1: 0.5739
2026-04-03 07:04:45 - [Test] Seg — Lesion IoU: 0.7518 | Dice: 0.8565
2026-04-03 07:04:45 - [Test] Classification Report:
              precision    recall  f1-score   support

      benign     0.4177    0.2558    0.3173       129
    no_tumor     0.7838    0.8832    0.8305       394

    accuracy                         0.7285       523
   macro avg     0.6008    0.5695    0.5739       523
weighted avg     0.6935    0.7285    0.7040       523

2026-04-03 07:04:45 - --------------------------------------------------
2026-04-03 07:05:03 - Epoch [71/100] Loss: 1.2401 (seg=0.1581, cls=0.3607) | Cls Acc: 0.8448 | Seg IoU: 0.7189 Dice: 0.8319 | 17.9s
2026-04-03 07:05:21 - Epoch [72/100] Loss: 1.2251 (seg=0.1675, cls=0.3525) | Cls Acc: 0.8252 | Seg IoU: 0.7079 Dice: 0.8230 | 18.1s
2026-04-03 07:05:39 - Epoch [73/100] Loss: 1.0729 (seg=0.1582, cls=0.3049) | Cls Acc: 0.8325 | Seg IoU: 0.7163 Dice: 0.8285 | 18.2s
2026-04-03 07:05:57 - Epoch [74/100] Loss: 1.1413 (seg=0.1645, cls=0.3256) | Cls Acc: 0.8382 | Seg IoU: 0.7089 Dice: 0.8241 | 18.0s
2026-04-03 07:06:15 - Epoch [75/100] Loss: 1.1130 (seg=0.1572, cls=0.3186) | Cls Acc: 0.8570 | Seg IoU: 0.7152 Dice: 0.8298 | 17.7s
2026-04-03 07:06:15 - --------------------------------------------------
2026-04-03 07:06:19 - [Test] Cls — Acc: 0.7151 | P: 0.5758 | R: 0.5528 | F1: 0.5545
2026-04-03 07:06:19 - [Test] Seg — Lesion IoU: 0.7501 | Dice: 0.8555
2026-04-03 07:06:19 - [Test] Classification Report:
              precision    recall  f1-score   support

      benign     0.3750    0.2326    0.2871       129
    no_tumor     0.7765    0.8731    0.8220       394

    accuracy                         0.7151       523
   macro avg     0.5758    0.5528    0.5545       523
weighted avg     0.6775    0.7151    0.6900       523

2026-04-03 07:06:19 - --------------------------------------------------
2026-04-03 07:06:37 - Epoch [76/100] Loss: 1.1911 (seg=0.1554, cls=0.3452) | Cls Acc: 0.8464 | Seg IoU: 0.7185 Dice: 0.8313 | 18.0s
2026-04-03 07:06:55 - Epoch [77/100] Loss: 1.1360 (seg=0.1511, cls=0.3283) | Cls Acc: 0.8440 | Seg IoU: 0.7238 Dice: 0.8353 | 17.9s
2026-04-03 07:07:13 - Epoch [78/100] Loss: 1.2317 (seg=0.1770, cls=0.3516) | Cls Acc: 0.8317 | Seg IoU: 0.6930 Dice: 0.8098 | 18.0s
2026-04-03 07:07:32 - Epoch [79/100] Loss: 1.0864 (seg=0.1561, cls=0.3101) | Cls Acc: 0.8472 | Seg IoU: 0.7205 Dice: 0.8328 | 18.7s
2026-04-03 07:07:50 - Epoch [80/100] Loss: 1.0968 (seg=0.1563, cls=0.3135) | Cls Acc: 0.8676 | Seg IoU: 0.7144 Dice: 0.8280 | 18.3s
2026-04-03 07:07:50 - --------------------------------------------------
2026-04-03 07:07:54 - [Test] Cls — Acc: 0.7361 | P: 0.6068 | R: 0.5642 | F1: 0.5668
2026-04-03 07:07:54 - [Test] Seg — Lesion IoU: 0.7563 | Dice: 0.8594
2026-04-03 07:07:54 - [Test] Classification Report:
              precision    recall  f1-score   support

      benign     0.4328    0.2248    0.2959       129
    no_tumor     0.7807    0.9036    0.8376       394

    accuracy                         0.7361       523
   macro avg     0.6068    0.5642    0.5668       523
weighted avg     0.6949    0.7361    0.7040       523

2026-04-03 07:07:54 - --------------------------------------------------
2026-04-03 07:08:13 - Epoch [81/100] Loss: 1.2207 (seg=0.1645, cls=0.3521) | Cls Acc: 0.8505 | Seg IoU: 0.7047 Dice: 0.8217 | 18.5s
2026-04-03 07:08:31 - Epoch [82/100] Loss: 1.1295 (seg=0.1485, cls=0.3270) | Cls Acc: 0.8350 | Seg IoU: 0.7238 Dice: 0.8346 | 18.5s
2026-04-03 07:08:50 - Epoch [83/100] Loss: 1.0965 (seg=0.1509, cls=0.3152) | Cls Acc: 0.8456 | Seg IoU: 0.7241 Dice: 0.8350 | 18.5s
2026-04-03 07:09:08 - Epoch [84/100] Loss: 1.0770 (seg=0.1443, cls=0.3109) | Cls Acc: 0.8472 | Seg IoU: 0.7326 Dice: 0.8417 | 18.4s
2026-04-03 07:09:26 - Epoch [85/100] Loss: 1.1224 (seg=0.1544, cls=0.3227) | Cls Acc: 0.8309 | Seg IoU: 0.7183 Dice: 0.8321 | 18.0s
2026-04-03 07:09:26 - --------------------------------------------------
2026-04-03 07:09:31 - [Test] Cls — Acc: 0.7400 | P: 0.6167 | R: 0.5719 | F1: 0.5764
2026-04-03 07:09:31 - [Test] Seg — Lesion IoU: 0.7578 | Dice: 0.8604
2026-04-03 07:09:31 - [Test] Classification Report:
              precision    recall  f1-score   support

      benign     0.4493    0.2403    0.3131       129
    no_tumor     0.7841    0.9036    0.8396       394

    accuracy                         0.7400       523
   macro avg     0.6167    0.5719    0.5764       523
weighted avg     0.7015    0.7400    0.7098       523

2026-04-03 07:09:31 - --------------------------------------------------
2026-04-03 07:09:49 - Epoch [86/100] Loss: 1.0114 (seg=0.1563, cls=0.2850) | Cls Acc: 0.8194 | Seg IoU: 0.7191 Dice: 0.8297 | 18.2s
2026-04-03 07:10:07 - Epoch [87/100] Loss: 1.0415 (seg=0.1487, cls=0.2976) | Cls Acc: 0.8333 | Seg IoU: 0.7257 Dice: 0.8356 | 18.3s
2026-04-03 07:10:26 - Epoch [88/100] Loss: 1.2096 (seg=0.1594, cls=0.3501) | Cls Acc: 0.8431 | Seg IoU: 0.7173 Dice: 0.8289 | 18.6s
2026-04-03 07:10:44 - Epoch [89/100] Loss: 1.0424 (seg=0.1488, cls=0.2979) | Cls Acc: 0.8562 | Seg IoU: 0.7327 Dice: 0.8420 | 18.3s
2026-04-03 07:11:02 - Epoch [90/100] Loss: 1.0477 (seg=0.1449, cls=0.3009) | Cls Acc: 0.8595 | Seg IoU: 0.7313 Dice: 0.8405 | 18.1s
2026-04-03 07:11:02 - --------------------------------------------------
2026-04-03 07:11:06 - [Test] Cls — Acc: 0.7400 | P: 0.6181 | R: 0.5745 | F1: 0.5796
2026-04-03 07:11:06 - [Test] Seg — Lesion IoU: 0.7552 | Dice: 0.8588
2026-04-03 07:11:06 - [Test] Classification Report:
              precision    recall  f1-score   support

      benign     0.4507    0.2481    0.3200       129
    no_tumor     0.7854    0.9010    0.8392       394

    accuracy                         0.7400       523
   macro avg     0.6181    0.5745    0.5796       523
weighted avg     0.7028    0.7400    0.7112       523

2026-04-03 07:11:06 - --------------------------------------------------
2026-04-03 07:11:25 - Epoch [91/100] Loss: 1.0059 (seg=0.1449, cls=0.2870) | Cls Acc: 0.8489 | Seg IoU: 0.7305 Dice: 0.8398 | 18.6s
2026-04-03 07:11:43 - Epoch [92/100] Loss: 1.0784 (seg=0.1462, cls=0.3107) | Cls Acc: 0.8317 | Seg IoU: 0.7267 Dice: 0.8363 | 18.1s
2026-04-03 07:12:01 - Epoch [93/100] Loss: 1.0982 (seg=0.1498, cls=0.3161) | Cls Acc: 0.8456 | Seg IoU: 0.7252 Dice: 0.8368 | 18.3s
2026-04-03 07:12:19 - Epoch [94/100] Loss: 1.0835 (seg=0.1521, cls=0.3105) | Cls Acc: 0.8513 | Seg IoU: 0.7258 Dice: 0.8366 | 18.0s
2026-04-03 07:12:37 - Epoch [95/100] Loss: 1.1435 (seg=0.1601, cls=0.3278) | Cls Acc: 0.8464 | Seg IoU: 0.7111 Dice: 0.8250 | 17.9s
2026-04-03 07:12:37 - --------------------------------------------------
2026-04-03 07:12:42 - [Test] Cls — Acc: 0.7361 | P: 0.6114 | R: 0.5720 | F1: 0.5767
2026-04-03 07:12:42 - [Test] Seg — Lesion IoU: 0.7557 | Dice: 0.8592
2026-04-03 07:12:42 - [Test] Classification Report:
              precision    recall  f1-score   support

      benign     0.4384    0.2481    0.3168       129
    no_tumor     0.7844    0.8959    0.8365       394

    accuracy                         0.7361       523
   macro avg     0.6114    0.5720    0.5767       523
weighted avg     0.6991    0.7361    0.7083       523

2026-04-03 07:12:42 - --------------------------------------------------
2026-04-03 07:13:00 - Epoch [96/100] Loss: 1.0163 (seg=0.1472, cls=0.2897) | Cls Acc: 0.8480 | Seg IoU: 0.7304 Dice: 0.8389 | 18.4s
2026-04-03 07:13:18 - Epoch [97/100] Loss: 1.0695 (seg=0.1406, cls=0.3096) | Cls Acc: 0.8431 | Seg IoU: 0.7350 Dice: 0.8435 | 18.0s
2026-04-03 07:13:37 - Epoch [98/100] Loss: 1.0549 (seg=0.1431, cls=0.3039) | Cls Acc: 0.8342 | Seg IoU: 0.7329 Dice: 0.8415 | 18.4s
2026-04-03 07:13:55 - Epoch [99/100] Loss: 1.0224 (seg=0.1526, cls=0.2899) | Cls Acc: 0.8203 | Seg IoU: 0.7232 Dice: 0.8332 | 18.2s
2026-04-03 07:14:13 - Epoch [100/100] Loss: 0.9654 (seg=0.1491, cls=0.2721) | Cls Acc: 0.8554 | Seg IoU: 0.7266 Dice: 0.8376 | 18.3s
2026-04-03 07:14:13 - --------------------------------------------------
2026-04-03 07:14:17 - [Test] Cls — Acc: 0.7361 | P: 0.6114 | R: 0.5720 | F1: 0.5767
2026-04-03 07:14:17 - [Test] Seg — Lesion IoU: 0.7549 | Dice: 0.8587
2026-04-03 07:14:17 - [Test] Classification Report:
              precision    recall  f1-score   support

      benign     0.4384    0.2481    0.3168       129
    no_tumor     0.7844    0.8959    0.8365       394

    accuracy                         0.7361       523
   macro avg     0.6114    0.5720    0.5767       523
weighted avg     0.6991    0.7361    0.7083       523

2026-04-03 07:14:17 - --------------------------------------------------
2026-04-03 07:14:17 - 
训练完成! 最优: Epoch 10, F1: 0.5905
2026-04-03 07:14:17 - 
加载最优权重最终测试...
2026-04-03 07:14:22 - [Final Test] Cls — Acc: 0.6941 | P: 0.5901 | R: 0.5910 | F1: 0.5905
2026-04-03 07:14:22 - [Final Test] Seg — Lesion IoU: 0.6589 | Dice: 0.7921
2026-04-03 07:14:22 - [Final Test] Classification Report:
              precision    recall  f1-score   support

      benign     0.3817    0.3876    0.3846       129
    no_tumor     0.7985    0.7944    0.7964       394

    accuracy                         0.6941       523
   macro avg     0.5901    0.5910    0.5905       523
weighted avg     0.6957    0.6941    0.6949       523

2026-04-03 07:14:27 - 最优阈值: 0.580 (F1: 0.6083 vs 默认0.5: 0.5905)
2026-04-03 07:14:32 - [Final Test (最优阈值)] Threshold: 0.580 | Acc: 0.7495 | P(macro): 0.6422 | R(macro): 0.5991 | F1(macro): 0.6083
2026-04-03 07:14:32 - [Final Test (最优阈值)] Classification Report:
              precision    recall  f1-score   support

      benign     0.4875    0.3023    0.3732       129
    no_tumor     0.7968    0.8959    0.8435       394

    accuracy                         0.7495       523
   macro avg     0.6422    0.5991    0.6083       523
weighted avg     0.7205    0.7495    0.7275       523

