2026-03-18 17:02:46 - ============================================================
2026-03-18 17:02:46 - 实验名称: 20260318_task2_Resnet34_weakaug_2
2026-03-18 17:02:46 - 任务: Task 2 - 良性肿瘤(0) vs 非肿瘤性息肉(1)
2026-03-18 17:02:46 - 模型: ResNet34 (ImageNet预训练)
2026-03-18 17:02:46 - 修改: weak augmentation + 全参数微调
2026-03-18 17:02:46 - 图像尺寸: train resize 256, crop 224, test 224
2026-03-18 17:02:46 - Batch Size: 32
2026-03-18 17:02:46 - 学习率: 0.001
2026-03-18 17:02:46 - Weight Decay: 0.0001
2026-03-18 17:02:46 - Epochs: 100
2026-03-18 17:02:46 - 设备: cuda
2026-03-18 17:02:46 - ============================================================
2026-03-18 17:02:46 - 训练集: 1303 张 (benign=309, no_tumor=994)
2026-03-18 17:02:46 - 测试集: 564 张 (benign=129, no_tumor=435)
2026-03-18 17:02:47 - 模型参数量: 21,285,698
2026-03-18 17:02:47 - 可训练参数量: 21,285,698
2026-03-18 17:02:47 - 
============================================================
2026-03-18 17:02:47 - 开始训练
2026-03-18 17:02:47 - ============================================================
2026-03-18 17:02:52 - Epoch [1/100] LR: 0.001000 | Loss: 0.6905 | Train Acc: 0.7352 | Time: 4.6s
2026-03-18 17:02:55 - Epoch [2/100] LR: 0.001000 | Loss: 0.5491 | Train Acc: 0.7636 | Time: 3.2s
2026-03-18 17:02:58 - Epoch [3/100] LR: 0.001000 | Loss: 0.5653 | Train Acc: 0.7536 | Time: 3.3s
2026-03-18 17:02:58 - ----------------------------------------
2026-03-18 17:02:59 - [Test] Acc: 0.7713 | Precision(macro): 0.3856 | Recall(macro): 0.5000 | F1(macro): 0.4354
2026-03-18 17:02:59 - [Test] Classification Report:
              precision    recall  f1-score   support

      benign     0.0000    0.0000    0.0000       129
    no_tumor     0.7713    1.0000    0.8709       435

    accuracy                         0.7713       564
   macro avg     0.3856    0.5000    0.4354       564
weighted avg     0.5949    0.7713    0.6717       564

2026-03-18 17:02:59 - *** 保存最优模型 (F1: 0.4354, Epoch: 3) ***
2026-03-18 17:02:59 - ----------------------------------------
2026-03-18 17:03:03 - Epoch [4/100] LR: 0.001000 | Loss: 0.5416 | Train Acc: 0.7606 | Time: 3.4s
2026-03-18 17:03:06 - Epoch [5/100] LR: 0.001000 | Loss: 0.5478 | Train Acc: 0.7567 | Time: 3.4s
2026-03-18 17:03:09 - Epoch [6/100] LR: 0.001000 | Loss: 0.5545 | Train Acc: 0.7606 | Time: 3.4s
2026-03-18 17:03:09 - ----------------------------------------
2026-03-18 17:03:10 - [Test] Acc: 0.7713 | Precision(macro): 0.3856 | Recall(macro): 0.5000 | F1(macro): 0.4354
2026-03-18 17:03:10 - [Test] Classification Report:
              precision    recall  f1-score   support

      benign     0.0000    0.0000    0.0000       129
    no_tumor     0.7713    1.0000    0.8709       435

    accuracy                         0.7713       564
   macro avg     0.3856    0.5000    0.4354       564
weighted avg     0.5949    0.7713    0.6717       564

2026-03-18 17:03:10 - ----------------------------------------
2026-03-18 17:03:14 - Epoch [7/100] LR: 0.001000 | Loss: 0.5506 | Train Acc: 0.7598 | Time: 3.3s
2026-03-18 17:03:17 - Epoch [8/100] LR: 0.001000 | Loss: 0.5563 | Train Acc: 0.7598 | Time: 3.3s
2026-03-18 17:03:20 - Epoch [9/100] LR: 0.001000 | Loss: 0.5400 | Train Acc: 0.7583 | Time: 3.4s
2026-03-18 17:03:20 - ----------------------------------------
2026-03-18 17:03:22 - [Test] Acc: 0.7021 | Precision(macro): 0.5246 | Recall(macro): 0.5179 | F1(macro): 0.5156
2026-03-18 17:03:22 - [Test] Classification Report:
              precision    recall  f1-score   support

      benign     0.2706    0.1783    0.2150       129
    no_tumor     0.7787    0.8575    0.8162       435

    accuracy                         0.7021       564
   macro avg     0.5246    0.5179    0.5156       564
weighted avg     0.6625    0.7021    0.6787       564

2026-03-18 17:03:22 - *** 保存最优模型 (F1: 0.5156, Epoch: 9) ***
2026-03-18 17:03:22 - ----------------------------------------
2026-03-18 17:03:25 - Epoch [10/100] LR: 0.001000 | Loss: 0.5514 | Train Acc: 0.7629 | Time: 3.3s
2026-03-18 17:03:29 - Epoch [11/100] LR: 0.001000 | Loss: 0.5421 | Train Acc: 0.7621 | Time: 3.3s
2026-03-18 17:03:32 - Epoch [12/100] LR: 0.001000 | Loss: 0.5419 | Train Acc: 0.7629 | Time: 3.2s
2026-03-18 17:03:32 - ----------------------------------------
2026-03-18 17:03:33 - [Test] Acc: 0.7429 | Precision(macro): 0.4333 | Recall(macro): 0.4871 | F1(macro): 0.4394
2026-03-18 17:03:33 - [Test] Classification Report:
              precision    recall  f1-score   support

      benign     0.1000    0.0155    0.0268       129
    no_tumor     0.7665    0.9586    0.8519       435

    accuracy                         0.7429       564
   macro avg     0.4333    0.4871    0.4394       564
weighted avg     0.6141    0.7429    0.6632       564

2026-03-18 17:03:33 - ----------------------------------------
2026-03-18 17:03:37 - Epoch [13/100] LR: 0.001000 | Loss: 0.5479 | Train Acc: 0.7583 | Time: 3.7s
2026-03-18 17:03:40 - Epoch [14/100] LR: 0.001000 | Loss: 0.5385 | Train Acc: 0.7629 | Time: 3.5s
2026-03-18 17:03:43 - Epoch [15/100] LR: 0.001000 | Loss: 0.5433 | Train Acc: 0.7521 | Time: 3.4s
2026-03-18 17:03:43 - ----------------------------------------
2026-03-18 17:03:45 - [Test] Acc: 0.7535 | Precision(macro): 0.5940 | Recall(macro): 0.5430 | F1(macro): 0.5385
2026-03-18 17:03:45 - [Test] Classification Report:
              precision    recall  f1-score   support

      benign     0.4000    0.1550    0.2235       129
    no_tumor     0.7879    0.9310    0.8535       435

    accuracy                         0.7535       564
   macro avg     0.5940    0.5430    0.5385       564
weighted avg     0.6992    0.7535    0.7094       564

2026-03-18 17:03:45 - *** 保存最优模型 (F1: 0.5385, Epoch: 15) ***
2026-03-18 17:03:45 - ----------------------------------------
2026-03-18 17:03:48 - Epoch [16/100] LR: 0.001000 | Loss: 0.5378 | Train Acc: 0.7629 | Time: 3.6s
2026-03-18 17:03:52 - Epoch [17/100] LR: 0.001000 | Loss: 0.5382 | Train Acc: 0.7629 | Time: 3.4s
2026-03-18 17:03:55 - Epoch [18/100] LR: 0.001000 | Loss: 0.5319 | Train Acc: 0.7583 | Time: 3.5s
2026-03-18 17:03:55 - ----------------------------------------
2026-03-18 17:03:56 - [Test] Acc: 0.7713 | Precision(macro): 0.3856 | Recall(macro): 0.5000 | F1(macro): 0.4354
2026-03-18 17:03:56 - [Test] Classification Report:
              precision    recall  f1-score   support

      benign     0.0000    0.0000    0.0000       129
    no_tumor     0.7713    1.0000    0.8709       435

    accuracy                         0.7713       564
   macro avg     0.3856    0.5000    0.4354       564
weighted avg     0.5949    0.7713    0.6717       564

2026-03-18 17:03:56 - ----------------------------------------
2026-03-18 17:04:00 - Epoch [19/100] LR: 0.001000 | Loss: 0.5449 | Train Acc: 0.7621 | Time: 3.2s
2026-03-18 17:04:03 - Epoch [20/100] LR: 0.001000 | Loss: 0.5413 | Train Acc: 0.7590 | Time: 3.2s
2026-03-18 17:04:06 - Epoch [21/100] LR: 0.001000 | Loss: 0.5473 | Train Acc: 0.7621 | Time: 3.2s
2026-03-18 17:04:06 - ----------------------------------------
2026-03-18 17:04:07 - [Test] Acc: 0.7713 | Precision(macro): 0.3856 | Recall(macro): 0.5000 | F1(macro): 0.4354
2026-03-18 17:04:07 - [Test] Classification Report:
              precision    recall  f1-score   support

      benign     0.0000    0.0000    0.0000       129
    no_tumor     0.7713    1.0000    0.8709       435

    accuracy                         0.7713       564
   macro avg     0.3856    0.5000    0.4354       564
weighted avg     0.5949    0.7713    0.6717       564

2026-03-18 17:04:07 - ----------------------------------------
2026-03-18 17:04:10 - Epoch [22/100] LR: 0.001000 | Loss: 0.5452 | Train Acc: 0.7567 | Time: 2.6s
2026-03-18 17:04:13 - Epoch [23/100] LR: 0.001000 | Loss: 0.5464 | Train Acc: 0.7590 | Time: 2.8s
2026-03-18 17:04:15 - Epoch [24/100] LR: 0.001000 | Loss: 0.5432 | Train Acc: 0.7629 | Time: 2.6s
2026-03-18 17:04:15 - ----------------------------------------
2026-03-18 17:04:16 - [Test] Acc: 0.7713 | Precision(macro): 0.3856 | Recall(macro): 0.5000 | F1(macro): 0.4354
2026-03-18 17:04:16 - [Test] Classification Report:
              precision    recall  f1-score   support

      benign     0.0000    0.0000    0.0000       129
    no_tumor     0.7713    1.0000    0.8709       435

    accuracy                         0.7713       564
   macro avg     0.3856    0.5000    0.4354       564
weighted avg     0.5949    0.7713    0.6717       564

2026-03-18 17:04:16 - ----------------------------------------
2026-03-18 17:04:19 - Epoch [25/100] LR: 0.001000 | Loss: 0.5413 | Train Acc: 0.7629 | Time: 2.3s
2026-03-18 17:04:21 - Epoch [26/100] LR: 0.001000 | Loss: 0.5396 | Train Acc: 0.7621 | Time: 2.3s
2026-03-18 17:04:23 - Epoch [27/100] LR: 0.001000 | Loss: 0.5401 | Train Acc: 0.7629 | Time: 2.4s
2026-03-18 17:04:23 - ----------------------------------------
2026-03-18 17:04:24 - [Test] Acc: 0.7713 | Precision(macro): 0.3856 | Recall(macro): 0.5000 | F1(macro): 0.4354
2026-03-18 17:04:24 - [Test] Classification Report:
              precision    recall  f1-score   support

      benign     0.0000    0.0000    0.0000       129
    no_tumor     0.7713    1.0000    0.8709       435

    accuracy                         0.7713       564
   macro avg     0.3856    0.5000    0.4354       564
weighted avg     0.5949    0.7713    0.6717       564

2026-03-18 17:04:24 - ----------------------------------------
2026-03-18 17:04:27 - Epoch [28/100] LR: 0.001000 | Loss: 0.5335 | Train Acc: 0.7621 | Time: 2.4s
2026-03-18 17:04:29 - Epoch [29/100] LR: 0.001000 | Loss: 0.5448 | Train Acc: 0.7629 | Time: 2.4s
2026-03-18 17:04:32 - Epoch [30/100] LR: 0.001000 | Loss: 0.5361 | Train Acc: 0.7629 | Time: 2.3s
2026-03-18 17:04:32 - ----------------------------------------
2026-03-18 17:04:33 - [Test] Acc: 0.7713 | Precision(macro): 0.3856 | Recall(macro): 0.5000 | F1(macro): 0.4354
2026-03-18 17:04:33 - [Test] Classification Report:
              precision    recall  f1-score   support

      benign     0.0000    0.0000    0.0000       129
    no_tumor     0.7713    1.0000    0.8709       435

    accuracy                         0.7713       564
   macro avg     0.3856    0.5000    0.4354       564
weighted avg     0.5949    0.7713    0.6717       564

2026-03-18 17:04:33 - ----------------------------------------
2026-03-18 17:04:35 - Epoch [31/100] LR: 0.001000 | Loss: 0.5397 | Train Acc: 0.7613 | Time: 2.3s
2026-03-18 17:04:37 - Epoch [32/100] LR: 0.001000 | Loss: 0.5290 | Train Acc: 0.7644 | Time: 2.3s
2026-03-18 17:04:40 - Epoch [33/100] LR: 0.001000 | Loss: 0.5263 | Train Acc: 0.7606 | Time: 2.4s
2026-03-18 17:04:40 - ----------------------------------------
2026-03-18 17:04:41 - [Test] Acc: 0.7713 | Precision(macro): 0.3856 | Recall(macro): 0.5000 | F1(macro): 0.4354
2026-03-18 17:04:41 - [Test] Classification Report:
              precision    recall  f1-score   support

      benign     0.0000    0.0000    0.0000       129
    no_tumor     0.7713    1.0000    0.8709       435

    accuracy                         0.7713       564
   macro avg     0.3856    0.5000    0.4354       564
weighted avg     0.5949    0.7713    0.6717       564

2026-03-18 17:04:41 - ----------------------------------------
2026-03-18 17:04:43 - Epoch [34/100] LR: 0.001000 | Loss: 0.5410 | Train Acc: 0.7583 | Time: 2.4s
2026-03-18 17:04:45 - Epoch [35/100] LR: 0.001000 | Loss: 0.5429 | Train Acc: 0.7621 | Time: 2.4s
2026-03-18 17:04:48 - Epoch [36/100] LR: 0.001000 | Loss: 0.5329 | Train Acc: 0.7629 | Time: 2.4s
2026-03-18 17:04:48 - ----------------------------------------
2026-03-18 17:04:49 - [Test] Acc: 0.7748 | Precision(macro): 0.6812 | Recall(macro): 0.5214 | F1(macro): 0.4853
2026-03-18 17:04:49 - [Test] Classification Report:
              precision    recall  f1-score   support

      benign     0.5833    0.0543    0.0993       129
    no_tumor     0.7790    0.9885    0.8713       435

    accuracy                         0.7748       564
   macro avg     0.6812    0.5214    0.4853       564
weighted avg     0.7342    0.7748    0.6947       564

2026-03-18 17:04:49 - ----------------------------------------
2026-03-18 17:04:51 - Epoch [37/100] LR: 0.001000 | Loss: 0.5240 | Train Acc: 0.7629 | Time: 2.5s
2026-03-18 17:04:54 - Epoch [38/100] LR: 0.001000 | Loss: 0.5302 | Train Acc: 0.7629 | Time: 2.7s
2026-03-18 17:04:56 - Epoch [39/100] LR: 0.001000 | Loss: 0.5366 | Train Acc: 0.7629 | Time: 2.4s
2026-03-18 17:04:56 - ----------------------------------------
2026-03-18 17:04:57 - [Test] Acc: 0.7713 | Precision(macro): 0.3856 | Recall(macro): 0.5000 | F1(macro): 0.4354
2026-03-18 17:04:57 - [Test] Classification Report:
              precision    recall  f1-score   support

      benign     0.0000    0.0000    0.0000       129
    no_tumor     0.7713    1.0000    0.8709       435

    accuracy                         0.7713       564
   macro avg     0.3856    0.5000    0.4354       564
weighted avg     0.5949    0.7713    0.6717       564

2026-03-18 17:04:57 - ----------------------------------------
2026-03-18 17:05:00 - Epoch [40/100] LR: 0.001000 | Loss: 0.5458 | Train Acc: 0.7629 | Time: 2.3s
2026-03-18 17:05:02 - Epoch [41/100] LR: 0.001000 | Loss: 0.5481 | Train Acc: 0.7613 | Time: 2.3s
2026-03-18 17:05:04 - Epoch [42/100] LR: 0.001000 | Loss: 0.5430 | Train Acc: 0.7629 | Time: 2.4s
2026-03-18 17:05:04 - ----------------------------------------
2026-03-18 17:05:05 - [Test] Acc: 0.7713 | Precision(macro): 0.3856 | Recall(macro): 0.5000 | F1(macro): 0.4354
2026-03-18 17:05:05 - [Test] Classification Report:
              precision    recall  f1-score   support

      benign     0.0000    0.0000    0.0000       129
    no_tumor     0.7713    1.0000    0.8709       435

    accuracy                         0.7713       564
   macro avg     0.3856    0.5000    0.4354       564
weighted avg     0.5949    0.7713    0.6717       564

2026-03-18 17:05:05 - ----------------------------------------
2026-03-18 17:05:08 - Epoch [43/100] LR: 0.001000 | Loss: 0.5384 | Train Acc: 0.7629 | Time: 2.5s
2026-03-18 17:05:10 - Epoch [44/100] LR: 0.001000 | Loss: 0.5367 | Train Acc: 0.7606 | Time: 2.3s
2026-03-18 17:05:13 - Epoch [45/100] LR: 0.001000 | Loss: 0.5384 | Train Acc: 0.7629 | Time: 2.4s
2026-03-18 17:05:13 - ----------------------------------------
2026-03-18 17:05:14 - [Test] Acc: 0.7713 | Precision(macro): 0.3856 | Recall(macro): 0.5000 | F1(macro): 0.4354
2026-03-18 17:05:14 - [Test] Classification Report:
              precision    recall  f1-score   support

      benign     0.0000    0.0000    0.0000       129
    no_tumor     0.7713    1.0000    0.8709       435

    accuracy                         0.7713       564
   macro avg     0.3856    0.5000    0.4354       564
weighted avg     0.5949    0.7713    0.6717       564

2026-03-18 17:05:14 - ----------------------------------------
2026-03-18 17:05:16 - Epoch [46/100] LR: 0.001000 | Loss: 0.5400 | Train Acc: 0.7613 | Time: 2.4s
2026-03-18 17:05:18 - Epoch [47/100] LR: 0.001000 | Loss: 0.5426 | Train Acc: 0.7613 | Time: 2.4s
2026-03-18 17:05:21 - Epoch [48/100] LR: 0.001000 | Loss: 0.5397 | Train Acc: 0.7629 | Time: 2.4s
2026-03-18 17:05:21 - ----------------------------------------
2026-03-18 17:05:22 - [Test] Acc: 0.7713 | Precision(macro): 0.3856 | Recall(macro): 0.5000 | F1(macro): 0.4354
2026-03-18 17:05:22 - [Test] Classification Report:
              precision    recall  f1-score   support

      benign     0.0000    0.0000    0.0000       129
    no_tumor     0.7713    1.0000    0.8709       435

    accuracy                         0.7713       564
   macro avg     0.3856    0.5000    0.4354       564
weighted avg     0.5949    0.7713    0.6717       564

2026-03-18 17:05:22 - ----------------------------------------
2026-03-18 17:05:24 - Epoch [49/100] LR: 0.001000 | Loss: 0.5331 | Train Acc: 0.7629 | Time: 2.3s
2026-03-18 17:05:27 - Epoch [50/100] LR: 0.001000 | Loss: 0.5341 | Train Acc: 0.7629 | Time: 2.4s
2026-03-18 17:05:29 - Epoch [51/100] LR: 0.001000 | Loss: 0.5414 | Train Acc: 0.7629 | Time: 2.4s
2026-03-18 17:05:29 - ----------------------------------------
2026-03-18 17:05:30 - [Test] Acc: 0.7713 | Precision(macro): 0.3856 | Recall(macro): 0.5000 | F1(macro): 0.4354
2026-03-18 17:05:30 - [Test] Classification Report:
              precision    recall  f1-score   support

      benign     0.0000    0.0000    0.0000       129
    no_tumor     0.7713    1.0000    0.8709       435

    accuracy                         0.7713       564
   macro avg     0.3856    0.5000    0.4354       564
weighted avg     0.5949    0.7713    0.6717       564

2026-03-18 17:05:30 - ----------------------------------------
2026-03-18 17:05:32 - Epoch [52/100] LR: 0.001000 | Loss: 0.5331 | Train Acc: 0.7629 | Time: 2.4s
2026-03-18 17:05:35 - Epoch [53/100] LR: 0.001000 | Loss: 0.5347 | Train Acc: 0.7629 | Time: 2.4s
2026-03-18 17:05:37 - Epoch [54/100] LR: 0.001000 | Loss: 0.5305 | Train Acc: 0.7621 | Time: 2.4s
2026-03-18 17:05:37 - ----------------------------------------
2026-03-18 17:05:38 - [Test] Acc: 0.7713 | Precision(macro): 0.3856 | Recall(macro): 0.5000 | F1(macro): 0.4354
2026-03-18 17:05:38 - [Test] Classification Report:
              precision    recall  f1-score   support

      benign     0.0000    0.0000    0.0000       129
    no_tumor     0.7713    1.0000    0.8709       435

    accuracy                         0.7713       564
   macro avg     0.3856    0.5000    0.4354       564
weighted avg     0.5949    0.7713    0.6717       564

2026-03-18 17:05:38 - ----------------------------------------
2026-03-18 17:05:41 - Epoch [55/100] LR: 0.001000 | Loss: 0.5363 | Train Acc: 0.7629 | Time: 2.5s
2026-03-18 17:05:43 - Epoch [56/100] LR: 0.001000 | Loss: 0.5308 | Train Acc: 0.7629 | Time: 2.5s
2026-03-18 17:05:46 - Epoch [57/100] LR: 0.001000 | Loss: 0.5311 | Train Acc: 0.7629 | Time: 2.5s
2026-03-18 17:05:46 - ----------------------------------------
2026-03-18 17:05:47 - [Test] Acc: 0.7713 | Precision(macro): 0.3856 | Recall(macro): 0.5000 | F1(macro): 0.4354
2026-03-18 17:05:47 - [Test] Classification Report:
              precision    recall  f1-score   support

      benign     0.0000    0.0000    0.0000       129
    no_tumor     0.7713    1.0000    0.8709       435

    accuracy                         0.7713       564
   macro avg     0.3856    0.5000    0.4354       564
weighted avg     0.5949    0.7713    0.6717       564

2026-03-18 17:05:47 - ----------------------------------------
2026-03-18 17:05:49 - Epoch [58/100] LR: 0.001000 | Loss: 0.5393 | Train Acc: 0.7629 | Time: 2.4s
2026-03-18 17:05:52 - Epoch [59/100] LR: 0.001000 | Loss: 0.5363 | Train Acc: 0.7629 | Time: 2.4s
2026-03-18 17:05:54 - Epoch [60/100] LR: 0.001000 | Loss: 0.5360 | Train Acc: 0.7629 | Time: 2.3s
2026-03-18 17:05:54 - ----------------------------------------
2026-03-18 17:05:55 - [Test] Acc: 0.7713 | Precision(macro): 0.3856 | Recall(macro): 0.5000 | F1(macro): 0.4354
2026-03-18 17:05:55 - [Test] Classification Report:
              precision    recall  f1-score   support

      benign     0.0000    0.0000    0.0000       129
    no_tumor     0.7713    1.0000    0.8709       435

    accuracy                         0.7713       564
   macro avg     0.3856    0.5000    0.4354       564
weighted avg     0.5949    0.7713    0.6717       564

2026-03-18 17:05:55 - ----------------------------------------
2026-03-18 17:05:57 - Epoch [61/100] LR: 0.001000 | Loss: 0.5409 | Train Acc: 0.7629 | Time: 2.4s
2026-03-18 17:06:00 - Epoch [62/100] LR: 0.001000 | Loss: 0.5367 | Train Acc: 0.7629 | Time: 2.3s
2026-03-18 17:06:02 - Epoch [63/100] LR: 0.001000 | Loss: 0.5376 | Train Acc: 0.7629 | Time: 2.6s
2026-03-18 17:06:02 - ----------------------------------------
2026-03-18 17:06:04 - [Test] Acc: 0.7713 | Precision(macro): 0.3856 | Recall(macro): 0.5000 | F1(macro): 0.4354
2026-03-18 17:06:04 - [Test] Classification Report:
              precision    recall  f1-score   support

      benign     0.0000    0.0000    0.0000       129
    no_tumor     0.7713    1.0000    0.8709       435

    accuracy                         0.7713       564
   macro avg     0.3856    0.5000    0.4354       564
weighted avg     0.5949    0.7713    0.6717       564

2026-03-18 17:06:04 - ----------------------------------------
2026-03-18 17:06:07 - Epoch [64/100] LR: 0.001000 | Loss: 0.5364 | Train Acc: 0.7629 | Time: 2.5s
2026-03-18 17:06:09 - Epoch [65/100] LR: 0.001000 | Loss: 0.5282 | Train Acc: 0.7629 | Time: 2.6s
2026-03-18 17:06:12 - Epoch [66/100] LR: 0.001000 | Loss: 0.5267 | Train Acc: 0.7629 | Time: 2.5s
2026-03-18 17:06:12 - ----------------------------------------
2026-03-18 17:06:13 - [Test] Acc: 0.7713 | Precision(macro): 0.3856 | Recall(macro): 0.5000 | F1(macro): 0.4354
2026-03-18 17:06:13 - [Test] Classification Report:
              precision    recall  f1-score   support

      benign     0.0000    0.0000    0.0000       129
    no_tumor     0.7713    1.0000    0.8709       435

    accuracy                         0.7713       564
   macro avg     0.3856    0.5000    0.4354       564
weighted avg     0.5949    0.7713    0.6717       564

2026-03-18 17:06:13 - ----------------------------------------
2026-03-18 17:06:15 - Epoch [67/100] LR: 0.001000 | Loss: 0.5323 | Train Acc: 0.7629 | Time: 2.6s
2026-03-18 17:06:18 - Epoch [68/100] LR: 0.001000 | Loss: 0.5284 | Train Acc: 0.7621 | Time: 2.6s
2026-03-18 17:06:20 - Epoch [69/100] LR: 0.001000 | Loss: 0.5292 | Train Acc: 0.7613 | Time: 2.5s
2026-03-18 17:06:20 - ----------------------------------------
2026-03-18 17:06:22 - [Test] Acc: 0.7624 | Precision(macro): 0.5404 | Recall(macro): 0.5052 | F1(macro): 0.4602
2026-03-18 17:06:22 - [Test] Classification Report:
              precision    recall  f1-score   support

      benign     0.3077    0.0310    0.0563       129
    no_tumor     0.7731    0.9793    0.8641       435

    accuracy                         0.7624       564
   macro avg     0.5404    0.5052    0.4602       564
weighted avg     0.6667    0.7624    0.6793       564

2026-03-18 17:06:22 - ----------------------------------------
2026-03-18 17:06:24 - Epoch [70/100] LR: 0.001000 | Loss: 0.5240 | Train Acc: 0.7629 | Time: 2.4s
2026-03-18 17:06:26 - Epoch [71/100] LR: 0.001000 | Loss: 0.5312 | Train Acc: 0.7629 | Time: 2.4s
2026-03-18 17:06:29 - Epoch [72/100] LR: 0.001000 | Loss: 0.5249 | Train Acc: 0.7621 | Time: 2.4s
2026-03-18 17:06:29 - ----------------------------------------
2026-03-18 17:06:30 - [Test] Acc: 0.7730 | Precision(macro): 0.6873 | Recall(macro): 0.5093 | F1(macro): 0.4580
2026-03-18 17:06:30 - [Test] Classification Report:
              precision    recall  f1-score   support

      benign     0.6000    0.0233    0.0448       129
    no_tumor     0.7746    0.9954    0.8712       435

    accuracy                         0.7730       564
   macro avg     0.6873    0.5093    0.4580       564
weighted avg     0.7347    0.7730    0.6822       564

2026-03-18 17:06:30 - ----------------------------------------
2026-03-18 17:06:32 - Epoch [73/100] LR: 0.001000 | Loss: 0.5144 | Train Acc: 0.7675 | Time: 2.5s
2026-03-18 17:06:34 - Epoch [74/100] LR: 0.001000 | Loss: 0.5280 | Train Acc: 0.7629 | Time: 2.3s
2026-03-18 17:06:37 - Epoch [75/100] LR: 0.001000 | Loss: 0.5284 | Train Acc: 0.7621 | Time: 2.3s
2026-03-18 17:06:37 - ----------------------------------------
2026-03-18 17:06:38 - [Test] Acc: 0.7713 | Precision(macro): 0.3856 | Recall(macro): 0.5000 | F1(macro): 0.4354
2026-03-18 17:06:38 - [Test] Classification Report:
              precision    recall  f1-score   support

      benign     0.0000    0.0000    0.0000       129
    no_tumor     0.7713    1.0000    0.8709       435

    accuracy                         0.7713       564
   macro avg     0.3856    0.5000    0.4354       564
weighted avg     0.5949    0.7713    0.6717       564

2026-03-18 17:06:38 - ----------------------------------------
2026-03-18 17:06:40 - Epoch [76/100] LR: 0.001000 | Loss: 0.5159 | Train Acc: 0.7636 | Time: 2.3s
2026-03-18 17:06:43 - Epoch [77/100] LR: 0.001000 | Loss: 0.5170 | Train Acc: 0.7621 | Time: 2.4s
2026-03-18 17:06:45 - Epoch [78/100] LR: 0.001000 | Loss: 0.5230 | Train Acc: 0.7613 | Time: 2.3s
2026-03-18 17:06:45 - ----------------------------------------
2026-03-18 17:06:46 - [Test] Acc: 0.7713 | Precision(macro): 0.3856 | Recall(macro): 0.5000 | F1(macro): 0.4354
2026-03-18 17:06:46 - [Test] Classification Report:
              precision    recall  f1-score   support

      benign     0.0000    0.0000    0.0000       129
    no_tumor     0.7713    1.0000    0.8709       435

    accuracy                         0.7713       564
   macro avg     0.3856    0.5000    0.4354       564
weighted avg     0.5949    0.7713    0.6717       564

2026-03-18 17:06:46 - ----------------------------------------
2026-03-18 17:06:49 - Epoch [79/100] LR: 0.001000 | Loss: 0.5187 | Train Acc: 0.7644 | Time: 2.5s
2026-03-18 17:06:51 - Epoch [80/100] LR: 0.001000 | Loss: 0.5227 | Train Acc: 0.7575 | Time: 2.4s
2026-03-18 17:06:53 - Epoch [81/100] LR: 0.001000 | Loss: 0.5101 | Train Acc: 0.7629 | Time: 2.4s
2026-03-18 17:06:53 - ----------------------------------------
2026-03-18 17:06:54 - [Test] Acc: 0.7677 | Precision(macro): 0.5742 | Recall(macro): 0.5059 | F1(macro): 0.4558
2026-03-18 17:06:54 - [Test] Classification Report:
              precision    recall  f1-score   support

      benign     0.3750    0.0233    0.0438       129
    no_tumor     0.7734    0.9885    0.8678       435

    accuracy                         0.7677       564
   macro avg     0.5742    0.5059    0.4558       564
weighted avg     0.6823    0.7677    0.6793       564

2026-03-18 17:06:54 - ----------------------------------------
2026-03-18 17:06:57 - Epoch [82/100] LR: 0.001000 | Loss: 0.5132 | Train Acc: 0.7690 | Time: 2.5s
2026-03-18 17:06:59 - Epoch [83/100] LR: 0.001000 | Loss: 0.5292 | Train Acc: 0.7613 | Time: 2.4s
2026-03-18 17:07:02 - Epoch [84/100] LR: 0.001000 | Loss: 0.5174 | Train Acc: 0.7621 | Time: 2.7s
2026-03-18 17:07:02 - ----------------------------------------
2026-03-18 17:07:03 - [Test] Acc: 0.7305 | Precision(macro): 0.5200 | Recall(macro): 0.5090 | F1(macro): 0.4930
2026-03-18 17:07:03 - [Test] Classification Report:
              precision    recall  f1-score   support

      benign     0.2653    0.1008    0.1461       129
    no_tumor     0.7748    0.9172    0.8400       435

    accuracy                         0.7305       564
   macro avg     0.5200    0.5090    0.4930       564
weighted avg     0.6582    0.7305    0.6813       564

2026-03-18 17:07:03 - ----------------------------------------
2026-03-18 17:07:05 - Epoch [85/100] LR: 0.001000 | Loss: 0.5136 | Train Acc: 0.7636 | Time: 2.3s
2026-03-18 17:07:08 - Epoch [86/100] LR: 0.001000 | Loss: 0.5131 | Train Acc: 0.7675 | Time: 2.4s
2026-03-18 17:07:10 - Epoch [87/100] LR: 0.001000 | Loss: 0.5213 | Train Acc: 0.7629 | Time: 2.4s
2026-03-18 17:07:10 - ----------------------------------------
2026-03-18 17:07:11 - [Test] Acc: 0.7784 | Precision(macro): 0.7123 | Recall(macro): 0.5291 | F1(macro): 0.4995
2026-03-18 17:07:11 - [Test] Classification Report:
              precision    recall  f1-score   support

      benign     0.6429    0.0698    0.1259       129
    no_tumor     0.7818    0.9885    0.8731       435

    accuracy                         0.7784       564
   macro avg     0.7123    0.5291    0.4995       564
weighted avg     0.7500    0.7784    0.7022       564

2026-03-18 17:07:11 - ----------------------------------------
2026-03-18 17:07:14 - Epoch [88/100] LR: 0.001000 | Loss: 0.5212 | Train Acc: 0.7675 | Time: 2.4s
2026-03-18 17:07:16 - Epoch [89/100] LR: 0.001000 | Loss: 0.5214 | Train Acc: 0.7598 | Time: 2.3s
2026-03-18 17:07:18 - Epoch [90/100] LR: 0.001000 | Loss: 0.5037 | Train Acc: 0.7675 | Time: 2.3s
2026-03-18 17:07:18 - ----------------------------------------
2026-03-18 17:07:19 - [Test] Acc: 0.7660 | Precision(macro): 0.6251 | Recall(macro): 0.5456 | F1(macro): 0.5384
2026-03-18 17:07:19 - [Test] Classification Report:
              precision    recall  f1-score   support

      benign     0.4615    0.1395    0.2143       129
    no_tumor     0.7886    0.9517    0.8625       435

    accuracy                         0.7660       564
   macro avg     0.6251    0.5456    0.5384       564
weighted avg     0.7138    0.7660    0.7142       564

2026-03-18 17:07:19 - ----------------------------------------
2026-03-18 17:07:22 - Epoch [91/100] LR: 0.001000 | Loss: 0.5065 | Train Acc: 0.7659 | Time: 2.4s
2026-03-18 17:07:24 - Epoch [92/100] LR: 0.001000 | Loss: 0.5068 | Train Acc: 0.7675 | Time: 2.4s
2026-03-18 17:07:26 - Epoch [93/100] LR: 0.001000 | Loss: 0.5096 | Train Acc: 0.7682 | Time: 2.4s
2026-03-18 17:07:26 - ----------------------------------------
2026-03-18 17:07:27 - [Test] Acc: 0.7553 | Precision(macro): 0.6029 | Recall(macro): 0.5496 | F1(macro): 0.5479
2026-03-18 17:07:27 - [Test] Classification Report:
              precision    recall  f1-score   support

      benign     0.4151    0.1705    0.2418       129
    no_tumor     0.7906    0.9287    0.8541       435

    accuracy                         0.7553       564
   macro avg     0.6029    0.5496    0.5479       564
weighted avg     0.7047    0.7553    0.7141       564

2026-03-18 17:07:28 - *** 保存最优模型 (F1: 0.5479, Epoch: 93) ***
2026-03-18 17:07:28 - ----------------------------------------
2026-03-18 17:07:30 - Epoch [94/100] LR: 0.001000 | Loss: 0.5043 | Train Acc: 0.7797 | Time: 2.4s
2026-03-18 17:07:33 - Epoch [95/100] LR: 0.001000 | Loss: 0.5043 | Train Acc: 0.7675 | Time: 2.3s
2026-03-18 17:07:35 - Epoch [96/100] LR: 0.001000 | Loss: 0.5014 | Train Acc: 0.7659 | Time: 2.4s
2026-03-18 17:07:35 - ----------------------------------------
2026-03-18 17:07:36 - [Test] Acc: 0.6312 | Precision(macro): 0.5468 | Recall(macro): 0.5592 | F1(macro): 0.5446
2026-03-18 17:07:36 - [Test] Classification Report:
              precision    recall  f1-score   support

      benign     0.2910    0.4264    0.3459       129
    no_tumor     0.8027    0.6920    0.7432       435

    accuracy                         0.6312       564
   macro avg     0.5468    0.5592    0.5446       564
weighted avg     0.6856    0.6312    0.6523       564

2026-03-18 17:07:36 - ----------------------------------------
2026-03-18 17:07:38 - Epoch [97/100] LR: 0.001000 | Loss: 0.4917 | Train Acc: 0.7751 | Time: 2.3s
2026-03-18 17:07:41 - Epoch [98/100] LR: 0.001000 | Loss: 0.5003 | Train Acc: 0.7652 | Time: 2.4s
2026-03-18 17:07:43 - Epoch [99/100] LR: 0.001000 | Loss: 0.5021 | Train Acc: 0.7659 | Time: 2.4s
2026-03-18 17:07:43 - ----------------------------------------
2026-03-18 17:07:44 - [Test] Acc: 0.7535 | Precision(macro): 0.5988 | Recall(macro): 0.5485 | F1(macro): 0.5467
2026-03-18 17:07:44 - [Test] Classification Report:
              precision    recall  f1-score   support

      benign     0.4074    0.1705    0.2404       129
    no_tumor     0.7902    0.9264    0.8529       435

    accuracy                         0.7535       564
   macro avg     0.5988    0.5485    0.5467       564
weighted avg     0.7026    0.7535    0.7128       564

2026-03-18 17:07:44 - ----------------------------------------
2026-03-18 17:07:47 - Epoch [100/100] LR: 0.001000 | Loss: 0.5054 | Train Acc: 0.7698 | Time: 2.6s
2026-03-18 17:07:47 - ----------------------------------------
2026-03-18 17:07:48 - [Test] Acc: 0.7819 | Precision(macro): 0.8898 | Recall(macro): 0.5233 | F1(macro): 0.4825
2026-03-18 17:07:48 - [Test] Classification Report:
              precision    recall  f1-score   support

      benign     1.0000    0.0465    0.0889       129
    no_tumor     0.7796    1.0000    0.8761       435

    accuracy                         0.7819       564
   macro avg     0.8898    0.5233    0.4825       564
weighted avg     0.8300    0.7819    0.6961       564

2026-03-18 17:07:48 - ----------------------------------------
2026-03-18 17:07:48 - 
============================================================
2026-03-18 17:07:48 - 训练完成! 最优模型: Epoch 93, F1: 0.5479
2026-03-18 17:07:48 - ============================================================
2026-03-18 17:07:48 - 
加载最优权重进行最终测试...
2026-03-18 17:07:48 - ============================================================
2026-03-18 17:07:48 - 最终测试结果 (最优权重)
2026-03-18 17:07:48 - ============================================================
2026-03-18 17:07:49 - [Final Test] Acc: 0.7553 | Precision(macro): 0.6029 | Recall(macro): 0.5496 | F1(macro): 0.5479
2026-03-18 17:07:49 - [Final Test] Classification Report:
              precision    recall  f1-score   support

      benign     0.4151    0.1705    0.2418       129
    no_tumor     0.7906    0.9287    0.8541       435

    accuracy                         0.7553       564
   macro avg     0.6029    0.5496    0.5479       564
weighted avg     0.7047    0.7553    0.7141       564

2026-03-18 17:07:49 - 训练脚本已复制到: /data1/ouyangxinglong/GBP-Cascade/logs/20260318_task2_Resnet34_weakaug_2/20260318_task2_Resnet34_weakaug_2.py
