2026-03-19 12:47:58 - ============================================================
2026-03-19 12:47:58 - 实验名称: 20260319_task2_ConvNeXtTiny_scratch_adamw_warmupcosine_classweight_img320_8
2026-03-19 12:47:58 - 任务: Task 2 - 良性肿瘤(0) vs 非肿瘤性息肉(1)
2026-03-19 12:47:58 - 模型: ConvNeXt-Tiny (从零训练)
2026-03-19 12:47:58 - 修改: scratch + AdamW + diff lr + warmup cosine + weakaug + class weight + label smoothing + img320
2026-03-19 12:47:58 - 图像尺寸: train Resize320 + HFlip + RandomAffine + LightColorJitter, test Resize320
2026-03-19 12:47:58 - Batch Size: 8
2026-03-19 12:47:58 - Backbone LR: 5e-05
2026-03-19 12:47:58 - Head LR: 0.0005
2026-03-19 12:47:58 - Weight Decay: 0.05
2026-03-19 12:47:58 - Warmup Epochs: 5
2026-03-19 12:47:58 - Min LR Ratio: 0.05
2026-03-19 12:47:58 - Label Smoothing: 0.1
2026-03-19 12:47:58 - Weighted Sampler: False
2026-03-19 12:47:58 - Seed: 42
2026-03-19 12:47:58 - Epochs: 60
2026-03-19 12:47:58 - Grad Clip: 1.0
2026-03-19 12:47:58 - 设备: cuda
2026-03-19 12:47:58 - ============================================================
2026-03-19 12:47:58 - 训练集: 1303 张 (benign=309, no_tumor=994)
2026-03-19 12:47:58 - 测试集: 564 张 (benign=129, no_tumor=435)
2026-03-19 12:47:59 - 模型参数量: 27,821,666
2026-03-19 12:47:59 - 可训练参数量: 27,821,666
2026-03-19 12:47:59 - 类别权重: benign=2.1084, no_tumor=0.6554
2026-03-19 12:47:59 - 损失函数: CrossEntropyLoss(class_weight + label_smoothing=0.1)
2026-03-19 12:47:59 - 
============================================================
2026-03-19 12:47:59 - 开始训练
2026-03-19 12:47:59 - ============================================================
2026-03-19 12:48:06 - Epoch [1/60] LR(backbone/head): 1.000000e-05/1.000000e-04 | WarmupCosineFactor: 0.2000 | Loss: 0.7788 | Train Acc: 0.5180 | Time: 7.5s
2026-03-19 12:48:12 - Epoch [2/60] LR(backbone/head): 2.000000e-05/2.000000e-04 | WarmupCosineFactor: 0.4000 | Loss: 0.7714 | Train Acc: 0.4912 | Time: 6.2s
2026-03-19 12:48:19 - Epoch [3/60] LR(backbone/head): 3.000000e-05/3.000000e-04 | WarmupCosineFactor: 0.6000 | Loss: 0.7754 | Train Acc: 0.4674 | Time: 6.4s
2026-03-19 12:48:19 - ----------------------------------------
2026-03-19 12:48:20 - [Test] Acc: 0.2411 | Precision(macro): 0.5598 | Recall(macro): 0.5053 | F1(macro): 0.2052
2026-03-19 12:48:20 - [Test] Classification Report:
              precision    recall  f1-score   support

      benign     0.2306    0.9922    0.3743       129
    no_tumor     0.8889    0.0184    0.0360       435

    accuracy                         0.2411       564
   macro avg     0.5598    0.5053    0.2052       564
weighted avg     0.7383    0.2411    0.1134       564

2026-03-19 12:48:21 - *** 保存最优模型 (F1: 0.2052, Epoch: 3) ***
2026-03-19 12:48:21 - ----------------------------------------
2026-03-19 12:48:31 - Epoch [4/60] LR(backbone/head): 4.000000e-05/4.000000e-04 | WarmupCosineFactor: 0.8000 | Loss: 0.7691 | Train Acc: 0.4927 | Time: 10.6s
2026-03-19 12:48:42 - Epoch [5/60] LR(backbone/head): 5.000000e-05/5.000000e-04 | WarmupCosineFactor: 1.0000 | Loss: 0.7815 | Train Acc: 0.4820 | Time: 11.2s
2026-03-19 12:48:54 - Epoch [6/60] LR(backbone/head): 4.996127e-05/4.996127e-04 | WarmupCosineFactor: 0.9992 | Loss: 0.7419 | Train Acc: 0.5219 | Time: 11.3s
2026-03-19 12:48:54 - ----------------------------------------
2026-03-19 12:48:57 - [Test] Acc: 0.5479 | Precision(macro): 0.5154 | Recall(macro): 0.5215 | F1(macro): 0.4920
2026-03-19 12:48:57 - [Test] Classification Report:
              precision    recall  f1-score   support

      benign     0.2460    0.4729    0.3236       129
    no_tumor     0.7848    0.5701    0.6605       435

    accuracy                         0.5479       564
   macro avg     0.5154    0.5215    0.4920       564
weighted avg     0.6616    0.5479    0.5834       564

2026-03-19 12:48:58 - *** 保存最优模型 (F1: 0.4920, Epoch: 6) ***
2026-03-19 12:48:58 - ----------------------------------------
2026-03-19 12:49:09 - Epoch [7/60] LR(backbone/head): 4.984519e-05/4.984519e-04 | WarmupCosineFactor: 0.9969 | Loss: 0.7494 | Train Acc: 0.4229 | Time: 11.2s
2026-03-19 12:49:20 - Epoch [8/60] LR(backbone/head): 4.965215e-05/4.965215e-04 | WarmupCosineFactor: 0.9930 | Loss: 0.7537 | Train Acc: 0.4988 | Time: 11.3s
2026-03-19 12:49:32 - Epoch [9/60] LR(backbone/head): 4.938278e-05/4.938278e-04 | WarmupCosineFactor: 0.9877 | Loss: 0.7330 | Train Acc: 0.5487 | Time: 11.9s
2026-03-19 12:49:32 - ----------------------------------------
2026-03-19 12:49:35 - [Test] Acc: 0.2784 | Precision(macro): 0.5254 | Recall(macro): 0.5104 | F1(macro): 0.2616
2026-03-19 12:49:35 - [Test] Classification Report:
              precision    recall  f1-score   support

      benign     0.2327    0.9380    0.3729       129
    no_tumor     0.8182    0.0828    0.1503       435

    accuracy                         0.2784       564
   macro avg     0.5254    0.5104    0.2616       564
weighted avg     0.6843    0.2784    0.2012       564

2026-03-19 12:49:35 - ----------------------------------------
2026-03-19 12:49:47 - Epoch [10/60] LR(backbone/head): 4.903796e-05/4.903796e-04 | WarmupCosineFactor: 0.9808 | Loss: 0.7396 | Train Acc: 0.5088 | Time: 11.4s
2026-03-19 12:49:58 - Epoch [11/60] LR(backbone/head): 4.861880e-05/4.861880e-04 | WarmupCosineFactor: 0.9724 | Loss: 0.7403 | Train Acc: 0.4474 | Time: 11.4s
2026-03-19 12:50:10 - Epoch [12/60] LR(backbone/head): 4.812669e-05/4.812669e-04 | WarmupCosineFactor: 0.9625 | Loss: 0.7388 | Train Acc: 0.4244 | Time: 11.6s
2026-03-19 12:50:10 - ----------------------------------------
2026-03-19 12:50:13 - [Test] Acc: 0.6596 | Precision(macro): 0.5385 | Recall(macro): 0.5421 | F1(macro): 0.5395
2026-03-19 12:50:13 - [Test] Classification Report:
              precision    recall  f1-score   support

      benign     0.2857    0.3256    0.3043       129
    no_tumor     0.7914    0.7586    0.7746       435

    accuracy                         0.6596       564
   macro avg     0.5385    0.5421    0.5395       564
weighted avg     0.6757    0.6596    0.6671       564

2026-03-19 12:50:13 - *** 保存最优模型 (F1: 0.5395, Epoch: 12) ***
2026-03-19 12:50:13 - ----------------------------------------
2026-03-19 12:50:24 - Epoch [13/60] LR(backbone/head): 4.756321e-05/4.756321e-04 | WarmupCosineFactor: 0.9513 | Loss: 0.7395 | Train Acc: 0.4459 | Time: 11.2s
2026-03-19 12:50:36 - Epoch [14/60] LR(backbone/head): 4.693022e-05/4.693022e-04 | WarmupCosineFactor: 0.9386 | Loss: 0.7408 | Train Acc: 0.4367 | Time: 11.4s
2026-03-19 12:50:47 - Epoch [15/60] LR(backbone/head): 4.622977e-05/4.622977e-04 | WarmupCosineFactor: 0.9246 | Loss: 0.7378 | Train Acc: 0.3853 | Time: 11.3s
2026-03-19 12:50:47 - ----------------------------------------
2026-03-19 12:50:50 - [Test] Acc: 0.2482 | Precision(macro): 0.4951 | Recall(macro): 0.4990 | F1(macro): 0.2196
2026-03-19 12:50:50 - [Test] Classification Report:
              precision    recall  f1-score   support

      benign     0.2284    0.9612    0.3690       129
    no_tumor     0.7619    0.0368    0.0702       435

    accuracy                         0.2482       564
   macro avg     0.4951    0.4990    0.2196       564
weighted avg     0.6399    0.2482    0.1385       564

2026-03-19 12:50:50 - ----------------------------------------
2026-03-19 12:51:01 - Epoch [16/60] LR(backbone/head): 4.546415e-05/4.546415e-04 | WarmupCosineFactor: 0.9093 | Loss: 0.7425 | Train Acc: 0.4421 | Time: 11.3s
2026-03-19 12:51:13 - Epoch [17/60] LR(backbone/head): 4.463586e-05/4.463586e-04 | WarmupCosineFactor: 0.8927 | Loss: 0.7283 | Train Acc: 0.5625 | Time: 11.4s
2026-03-19 12:51:24 - Epoch [18/60] LR(backbone/head): 4.374760e-05/4.374760e-04 | WarmupCosineFactor: 0.8750 | Loss: 0.7341 | Train Acc: 0.4390 | Time: 11.4s
2026-03-19 12:51:24 - ----------------------------------------
2026-03-19 12:51:27 - [Test] Acc: 0.2411 | Precision(macro): 0.5598 | Recall(macro): 0.5053 | F1(macro): 0.2052
2026-03-19 12:51:27 - [Test] Classification Report:
              precision    recall  f1-score   support

      benign     0.2306    0.9922    0.3743       129
    no_tumor     0.8889    0.0184    0.0360       435

    accuracy                         0.2411       564
   macro avg     0.5598    0.5053    0.2052       564
weighted avg     0.7383    0.2411    0.1134       564

2026-03-19 12:51:27 - ----------------------------------------
2026-03-19 12:51:39 - Epoch [19/60] LR(backbone/head): 4.280227e-05/4.280227e-04 | WarmupCosineFactor: 0.8560 | Loss: 0.7338 | Train Acc: 0.3569 | Time: 11.4s
2026-03-19 12:51:50 - Epoch [20/60] LR(backbone/head): 4.180294e-05/4.180294e-04 | WarmupCosineFactor: 0.8361 | Loss: 0.7270 | Train Acc: 0.4421 | Time: 11.1s
2026-03-19 12:52:01 - Epoch [21/60] LR(backbone/head): 4.075289e-05/4.075289e-04 | WarmupCosineFactor: 0.8151 | Loss: 0.7374 | Train Acc: 0.3937 | Time: 11.2s
2026-03-19 12:52:01 - ----------------------------------------
2026-03-19 12:52:04 - [Test] Acc: 0.2624 | Precision(macro): 0.5088 | Recall(macro): 0.5028 | F1(macro): 0.2404
2026-03-19 12:52:04 - [Test] Classification Report:
              precision    recall  f1-score   support

      benign     0.2298    0.9457    0.3697       129
    no_tumor     0.7879    0.0598    0.1111       435

    accuracy                         0.2624       564
   macro avg     0.5088    0.5028    0.2404       564
weighted avg     0.6602    0.2624    0.1703       564

2026-03-19 12:52:04 - ----------------------------------------
2026-03-19 12:52:16 - Epoch [22/60] LR(backbone/head): 3.965553e-05/3.965553e-04 | WarmupCosineFactor: 0.7931 | Loss: 0.7339 | Train Acc: 0.4927 | Time: 11.6s
2026-03-19 12:52:27 - Epoch [23/60] LR(backbone/head): 3.851444e-05/3.851444e-04 | WarmupCosineFactor: 0.7703 | Loss: 0.7295 | Train Acc: 0.4682 | Time: 11.3s
2026-03-19 12:52:39 - Epoch [24/60] LR(backbone/head): 3.733335e-05/3.733335e-04 | WarmupCosineFactor: 0.7467 | Loss: 0.7302 | Train Acc: 0.4152 | Time: 11.7s
2026-03-19 12:52:39 - ----------------------------------------
2026-03-19 12:52:42 - [Test] Acc: 0.5993 | Precision(macro): 0.5131 | Recall(macro): 0.5167 | F1(macro): 0.5070
2026-03-19 12:52:42 - [Test] Classification Report:
              precision    recall  f1-score   support

      benign     0.2461    0.3643    0.2938       129
    no_tumor     0.7802    0.6690    0.7203       435

    accuracy                         0.5993       564
   macro avg     0.5131    0.5167    0.5070       564
weighted avg     0.6580    0.5993    0.6227       564

2026-03-19 12:52:42 - ----------------------------------------
2026-03-19 12:52:54 - Epoch [25/60] LR(backbone/head): 3.611611e-05/3.611611e-04 | WarmupCosineFactor: 0.7223 | Loss: 0.7359 | Train Acc: 0.4213 | Time: 11.6s
2026-03-19 12:53:06 - Epoch [26/60] LR(backbone/head): 3.486668e-05/3.486668e-04 | WarmupCosineFactor: 0.6973 | Loss: 0.7278 | Train Acc: 0.3891 | Time: 12.1s
2026-03-19 12:53:17 - Epoch [27/60] LR(backbone/head): 3.358915e-05/3.358915e-04 | WarmupCosineFactor: 0.6718 | Loss: 0.7308 | Train Acc: 0.4589 | Time: 11.6s
2026-03-19 12:53:17 - ----------------------------------------
2026-03-19 12:53:21 - [Test] Acc: 0.2287 | Precision(macro): 0.3639 | Recall(macro): 0.4973 | F1(macro): 0.1875
2026-03-19 12:53:21 - [Test] Classification Report:
              precision    recall  f1-score   support

      benign     0.2278    0.9922    0.3705       129
    no_tumor     0.5000    0.0023    0.0046       435

    accuracy                         0.2287       564
   macro avg     0.3639    0.4973    0.1875       564
weighted avg     0.4377    0.2287    0.0883       564

2026-03-19 12:53:21 - ----------------------------------------
2026-03-19 12:53:32 - Epoch [28/60] LR(backbone/head): 3.228769e-05/3.228769e-04 | WarmupCosineFactor: 0.6458 | Loss: 0.7253 | Train Acc: 0.4006 | Time: 11.5s
2026-03-19 12:53:44 - Epoch [29/60] LR(backbone/head): 3.096652e-05/3.096652e-04 | WarmupCosineFactor: 0.6193 | Loss: 0.7357 | Train Acc: 0.4812 | Time: 11.7s
2026-03-19 12:53:55 - Epoch [30/60] LR(backbone/head): 2.962998e-05/2.962998e-04 | WarmupCosineFactor: 0.5926 | Loss: 0.7234 | Train Acc: 0.4912 | Time: 11.6s
2026-03-19 12:53:55 - ----------------------------------------
2026-03-19 12:53:59 - [Test] Acc: 0.4043 | Precision(macro): 0.5660 | Recall(macro): 0.5674 | F1(macro): 0.4042
2026-03-19 12:53:59 - [Test] Classification Report:
              precision    recall  f1-score   support

      benign     0.2599    0.8682    0.4000       129
    no_tumor     0.8722    0.2667    0.4085       435

    accuracy                         0.4043       564
   macro avg     0.5660    0.5674    0.4042       564
weighted avg     0.7321    0.4043    0.4065       564

2026-03-19 12:53:59 - ----------------------------------------
2026-03-19 12:54:11 - Epoch [31/60] LR(backbone/head): 2.828241e-05/2.828241e-04 | WarmupCosineFactor: 0.5656 | Loss: 0.7296 | Train Acc: 0.4482 | Time: 12.1s
2026-03-19 12:54:23 - Epoch [32/60] LR(backbone/head): 2.692821e-05/2.692821e-04 | WarmupCosineFactor: 0.5386 | Loss: 0.7266 | Train Acc: 0.4021 | Time: 11.7s
2026-03-19 12:54:34 - Epoch [33/60] LR(backbone/head): 2.557179e-05/2.557179e-04 | WarmupCosineFactor: 0.5114 | Loss: 0.7288 | Train Acc: 0.5150 | Time: 11.6s
2026-03-19 12:54:34 - ----------------------------------------
2026-03-19 12:54:38 - [Test] Acc: 0.3351 | Precision(macro): 0.5458 | Recall(macro): 0.5335 | F1(macro): 0.3312
2026-03-19 12:54:38 - [Test] Classification Report:
              precision    recall  f1-score   support

      benign     0.2427    0.8992    0.3822       129
    no_tumor     0.8488    0.1678    0.2802       435

    accuracy                         0.3351       564
   macro avg     0.5458    0.5335    0.3312       564
weighted avg     0.7102    0.3351    0.3036       564

2026-03-19 12:54:38 - ----------------------------------------
2026-03-19 12:54:50 - Epoch [34/60] LR(backbone/head): 2.421759e-05/2.421759e-04 | WarmupCosineFactor: 0.4844 | Loss: 0.7219 | Train Acc: 0.4820 | Time: 11.7s
2026-03-19 12:55:02 - Epoch [35/60] LR(backbone/head): 2.287002e-05/2.287002e-04 | WarmupCosineFactor: 0.4574 | Loss: 0.7272 | Train Acc: 0.3630 | Time: 12.2s
2026-03-19 12:55:14 - Epoch [36/60] LR(backbone/head): 2.153348e-05/2.153348e-04 | WarmupCosineFactor: 0.4307 | Loss: 0.7235 | Train Acc: 0.4766 | Time: 11.7s
2026-03-19 12:55:14 - ----------------------------------------
2026-03-19 12:55:17 - [Test] Acc: 0.6915 | Precision(macro): 0.5376 | Recall(macro): 0.5328 | F1(macro): 0.5338
2026-03-19 12:55:17 - [Test] Classification Report:
              precision    recall  f1-score   support

      benign     0.2897    0.2403    0.2627       129
    no_tumor     0.7856    0.8253    0.8049       435

    accuracy                         0.6915       564
   macro avg     0.5376    0.5328    0.5338       564
weighted avg     0.6721    0.6915    0.6809       564

2026-03-19 12:55:17 - ----------------------------------------
2026-03-19 12:55:29 - Epoch [37/60] LR(backbone/head): 2.021231e-05/2.021231e-04 | WarmupCosineFactor: 0.4042 | Loss: 0.7257 | Train Acc: 0.4528 | Time: 11.7s
2026-03-19 12:55:41 - Epoch [38/60] LR(backbone/head): 1.891085e-05/1.891085e-04 | WarmupCosineFactor: 0.3782 | Loss: 0.7272 | Train Acc: 0.3661 | Time: 12.2s
2026-03-19 12:55:52 - Epoch [39/60] LR(backbone/head): 1.763332e-05/1.763332e-04 | WarmupCosineFactor: 0.3527 | Loss: 0.7273 | Train Acc: 0.3799 | Time: 11.6s
2026-03-19 12:55:52 - ----------------------------------------
2026-03-19 12:55:56 - [Test] Acc: 0.2908 | Precision(macro): 0.5260 | Recall(macro): 0.5130 | F1(macro): 0.2784
2026-03-19 12:55:56 - [Test] Classification Report:
              precision    recall  f1-score   support

      benign     0.2338    0.9225    0.3730       129
    no_tumor     0.8182    0.1034    0.1837       435

    accuracy                         0.2908       564
   macro avg     0.5260    0.5130    0.2784       564
weighted avg     0.6845    0.2908    0.2270       564

2026-03-19 12:55:56 - ----------------------------------------
2026-03-19 12:56:07 - Epoch [40/60] LR(backbone/head): 1.638389e-05/1.638389e-04 | WarmupCosineFactor: 0.3277 | Loss: 0.7231 | Train Acc: 0.5050 | Time: 11.7s
2026-03-19 12:56:19 - Epoch [41/60] LR(backbone/head): 1.516665e-05/1.516665e-04 | WarmupCosineFactor: 0.3033 | Loss: 0.7227 | Train Acc: 0.3607 | Time: 12.0s
2026-03-19 12:56:31 - Epoch [42/60] LR(backbone/head): 1.398556e-05/1.398556e-04 | WarmupCosineFactor: 0.2797 | Loss: 0.7227 | Train Acc: 0.5027 | Time: 11.7s
2026-03-19 12:56:31 - ----------------------------------------
2026-03-19 12:56:34 - [Test] Acc: 0.5124 | Precision(macro): 0.5279 | Recall(macro): 0.5394 | F1(macro): 0.4818
2026-03-19 12:56:34 - [Test] Classification Report:
              precision    recall  f1-score   support

      benign     0.2550    0.5891    0.3560       129
    no_tumor     0.8008    0.4897    0.6077       435

    accuracy                         0.5124       564
   macro avg     0.5279    0.5394    0.4818       564
weighted avg     0.6759    0.5124    0.5501       564

2026-03-19 12:56:34 - ----------------------------------------
2026-03-19 12:56:46 - Epoch [43/60] LR(backbone/head): 1.284447e-05/1.284447e-04 | WarmupCosineFactor: 0.2569 | Loss: 0.7203 | Train Acc: 0.5088 | Time: 11.7s
2026-03-19 12:56:58 - Epoch [44/60] LR(backbone/head): 1.174711e-05/1.174711e-04 | WarmupCosineFactor: 0.2349 | Loss: 0.7212 | Train Acc: 0.5050 | Time: 12.0s
2026-03-19 12:57:10 - Epoch [45/60] LR(backbone/head): 1.069706e-05/1.069706e-04 | WarmupCosineFactor: 0.2139 | Loss: 0.7280 | Train Acc: 0.4658 | Time: 11.7s
2026-03-19 12:57:10 - ----------------------------------------
2026-03-19 12:57:13 - [Test] Acc: 0.5993 | Precision(macro): 0.5388 | Recall(macro): 0.5521 | F1(macro): 0.5289
2026-03-19 12:57:13 - [Test] Classification Report:
              precision    recall  f1-score   support

      benign     0.2765    0.4651    0.3468       129
    no_tumor     0.8012    0.6391    0.7110       435

    accuracy                         0.5993       564
   macro avg     0.5388    0.5521    0.5289       564
weighted avg     0.6812    0.5993    0.6277       564

2026-03-19 12:57:13 - ----------------------------------------
2026-03-19 12:57:25 - Epoch [46/60] LR(backbone/head): 9.697733e-06/9.697733e-05 | WarmupCosineFactor: 0.1940 | Loss: 0.7267 | Train Acc: 0.5073 | Time: 11.7s
2026-03-19 12:57:36 - Epoch [47/60] LR(backbone/head): 8.752398e-06/8.752398e-05 | WarmupCosineFactor: 0.1750 | Loss: 0.7147 | Train Acc: 0.4942 | Time: 11.9s
2026-03-19 12:57:48 - Epoch [48/60] LR(backbone/head): 7.864137e-06/7.864137e-05 | WarmupCosineFactor: 0.1573 | Loss: 0.7187 | Train Acc: 0.5096 | Time: 11.6s
2026-03-19 12:57:48 - ----------------------------------------
2026-03-19 12:57:51 - [Test] Acc: 0.4238 | Precision(macro): 0.5050 | Recall(macro): 0.5065 | F1(macro): 0.4150
2026-03-19 12:57:51 - [Test] Classification Report:
              precision    recall  f1-score   support

      benign     0.2322    0.6589    0.3434       129
    no_tumor     0.7778    0.3540    0.4866       435

    accuracy                         0.4238       564
   macro avg     0.5050    0.5065    0.4150       564
weighted avg     0.6530    0.4238    0.4538       564

2026-03-19 12:57:51 - ----------------------------------------
2026-03-19 12:58:03 - Epoch [49/60] LR(backbone/head): 7.035846e-06/7.035846e-05 | WarmupCosineFactor: 0.1407 | Loss: 0.7212 | Train Acc: 0.4835 | Time: 11.7s
2026-03-19 12:58:15 - Epoch [50/60] LR(backbone/head): 6.270229e-06/6.270229e-05 | WarmupCosineFactor: 0.1254 | Loss: 0.7125 | Train Acc: 0.5211 | Time: 12.0s
2026-03-19 12:58:27 - Epoch [51/60] LR(backbone/head): 5.569781e-06/5.569781e-05 | WarmupCosineFactor: 0.1114 | Loss: 0.7156 | Train Acc: 0.5487 | Time: 12.0s
2026-03-19 12:58:27 - ----------------------------------------
2026-03-19 12:58:30 - [Test] Acc: 0.3121 | Precision(macro): 0.4604 | Recall(macro): 0.4640 | F1(macro): 0.3115
2026-03-19 12:58:30 - [Test] Classification Report:
              precision    recall  f1-score   support

      benign     0.2129    0.7442    0.3310       129
    no_tumor     0.7080    0.1839    0.2920       435

    accuracy                         0.3121       564
   macro avg     0.4604    0.4640    0.3115       564
weighted avg     0.5947    0.3121    0.3009       564

2026-03-19 12:58:30 - ----------------------------------------
2026-03-19 12:58:42 - Epoch [52/60] LR(backbone/head): 4.936787e-06/4.936787e-05 | WarmupCosineFactor: 0.0987 | Loss: 0.7146 | Train Acc: 0.4912 | Time: 11.7s
2026-03-19 12:58:54 - Epoch [53/60] LR(backbone/head): 4.373313e-06/4.373313e-05 | WarmupCosineFactor: 0.0875 | Loss: 0.7153 | Train Acc: 0.5257 | Time: 11.8s
2026-03-19 12:59:02 - Epoch [54/60] LR(backbone/head): 3.881196e-06/3.881196e-05 | WarmupCosineFactor: 0.0776 | Loss: 0.7098 | Train Acc: 0.5526 | Time: 8.7s
2026-03-19 12:59:02 - ----------------------------------------
2026-03-19 12:59:04 - [Test] Acc: 0.4379 | Precision(macro): 0.5015 | Recall(macro): 0.5020 | F1(macro): 0.4242
2026-03-19 12:59:04 - [Test] Classification Report:
              precision    recall  f1-score   support

      benign     0.2299    0.6202    0.3354       129
    no_tumor     0.7731    0.3839    0.5131       435

    accuracy                         0.4379       564
   macro avg     0.5015    0.5020    0.4242       564
weighted avg     0.6489    0.4379    0.4724       564

2026-03-19 12:59:04 - ----------------------------------------
2026-03-19 12:59:10 - Epoch [55/60] LR(backbone/head): 3.462042e-06/3.462042e-05 | WarmupCosineFactor: 0.0692 | Loss: 0.7141 | Train Acc: 0.5012 | Time: 6.2s
2026-03-19 12:59:16 - Epoch [56/60] LR(backbone/head): 3.117217e-06/3.117217e-05 | WarmupCosineFactor: 0.0623 | Loss: 0.7118 | Train Acc: 0.5272 | Time: 6.3s
2026-03-19 12:59:23 - Epoch [57/60] LR(backbone/head): 2.847846e-06/2.847846e-05 | WarmupCosineFactor: 0.0570 | Loss: 0.7088 | Train Acc: 0.5464 | Time: 6.4s
2026-03-19 12:59:23 - ----------------------------------------
2026-03-19 12:59:24 - [Test] Acc: 0.4450 | Precision(macro): 0.5009 | Recall(macro): 0.5012 | F1(macro): 0.4288
2026-03-19 12:59:24 - [Test] Classification Report:
              precision    recall  f1-score   support

      benign     0.2294    0.6047    0.3326       129
    no_tumor     0.7723    0.3977    0.5250       435

    accuracy                         0.4450       564
   macro avg     0.5009    0.5012    0.4288       564
weighted avg     0.6481    0.4450    0.4810       564

2026-03-19 12:59:24 - ----------------------------------------
2026-03-19 12:59:31 - Epoch [58/60] LR(backbone/head): 2.654809e-06/2.654809e-05 | WarmupCosineFactor: 0.0531 | Loss: 0.7129 | Train Acc: 0.5134 | Time: 6.3s
2026-03-19 12:59:37 - Epoch [59/60] LR(backbone/head): 2.538734e-06/2.538734e-05 | WarmupCosineFactor: 0.0508 | Loss: 0.7084 | Train Acc: 0.5879 | Time: 6.3s
2026-03-19 12:59:43 - Epoch [60/60] LR(backbone/head): 2.500000e-06/2.500000e-05 | WarmupCosineFactor: 0.0500 | Loss: 0.7127 | Train Acc: 0.5372 | Time: 6.4s
2026-03-19 12:59:43 - ----------------------------------------
2026-03-19 12:59:45 - [Test] Acc: 0.3475 | Precision(macro): 0.4752 | Recall(macro): 0.4734 | F1(macro): 0.3471
2026-03-19 12:59:45 - [Test] Classification Report:
              precision    recall  f1-score   support

      benign     0.2162    0.7054    0.3309       129
    no_tumor     0.7343    0.2414    0.3633       435

    accuracy                         0.3475       564
   macro avg     0.4752    0.4734    0.3471       564
weighted avg     0.6158    0.3475    0.3559       564

2026-03-19 12:59:45 - ----------------------------------------
2026-03-19 12:59:45 - 
============================================================
2026-03-19 12:59:45 - 训练完成! 最优模型: Epoch 12, F1: 0.5395
2026-03-19 12:59:45 - ============================================================
2026-03-19 12:59:45 - 
加载最优权重进行最终测试...
2026-03-19 12:59:45 - ============================================================
2026-03-19 12:59:45 - 最终测试结果 (最优权重)
2026-03-19 12:59:45 - ============================================================
2026-03-19 12:59:47 - [Final Test] Acc: 0.6596 | Precision(macro): 0.5385 | Recall(macro): 0.5421 | F1(macro): 0.5395
2026-03-19 12:59:47 - [Final Test] Classification Report:
              precision    recall  f1-score   support

      benign     0.2857    0.3256    0.3043       129
    no_tumor     0.7914    0.7586    0.7746       435

    accuracy                         0.6596       564
   macro avg     0.5385    0.5421    0.5395       564
weighted avg     0.6757    0.6596    0.6671       564

2026-03-19 12:59:47 - 训练脚本已复制到: /data1/ouyangxinglong/GBP-Cascade/logs/20260319_task2_ConvNeXtTiny_scratch_adamw_warmupcosine_classweight_img320_8/20260319_task2_ConvNeXtTiny_scratch_adamw_warmupcosine_classweight_img320_8.py
