2026-03-19 12:47:58 - ============================================================
2026-03-19 12:47:58 - 实验名称: 20260319_task2_Resnet34_scratch_weakaug_classweight_6
2026-03-19 12:47:58 - 任务: Task 2 - 良性肿瘤(0) vs 非肿瘤性息肉(1)
2026-03-19 12:47:58 - 模型: ResNet34 (从零训练)
2026-03-19 12:47:58 - 修改: scratch + weak augmentation + class weight + 全参数微调
2026-03-19 12:47:58 - 图像尺寸: train resize 256, crop 224, test 224
2026-03-19 12:47:58 - Batch Size: 32
2026-03-19 12:47:58 - 学习率: 0.001
2026-03-19 12:47:58 - Weight Decay: 0.0001
2026-03-19 12:47:58 - Epochs: 100
2026-03-19 12:47:58 - 设备: cuda
2026-03-19 12:47:58 - ============================================================
2026-03-19 12:47:58 - 训练集: 1303 张 (benign=309, no_tumor=994)
2026-03-19 12:47:58 - 测试集: 564 张 (benign=129, no_tumor=435)
2026-03-19 12:47:58 - 模型参数量: 21,285,698
2026-03-19 12:47:58 - 可训练参数量: 21,285,698
2026-03-19 12:47:58 - 类别权重: benign=2.1084, no_tumor=0.6554
2026-03-19 12:47:58 - 
============================================================
2026-03-19 12:47:58 - 开始训练
2026-03-19 12:47:58 - ============================================================
2026-03-19 12:48:02 - Epoch [1/100] | Loss: 0.8344 | Train Acc: 0.4873 | Time: 3.4s
2026-03-19 12:48:04 - Epoch [2/100] | Loss: 0.7149 | Train Acc: 0.5265 | Time: 2.7s
2026-03-19 12:48:07 - Epoch [3/100] | Loss: 0.7160 | Train Acc: 0.5127 | Time: 2.3s
2026-03-19 12:48:07 - ----------------------------------------
2026-03-19 12:48:08 - [Test] Acc: 0.4911 | Precision(macro): 0.4911 | Recall(macro): 0.4874 | F1(macro): 0.4507
2026-03-19 12:48:08 - [Test] Classification Report:
              precision    recall  f1-score   support

      benign     0.2199    0.4806    0.3017       129
    no_tumor     0.7624    0.4943    0.5997       435

    accuracy                         0.4911       564
   macro avg     0.4911    0.4874    0.4507       564
weighted avg     0.6383    0.4911    0.5316       564

2026-03-19 12:48:08 - *** 保存最优模型 (F1: 0.4507, Epoch: 3) ***
2026-03-19 12:48:08 - ----------------------------------------
2026-03-19 12:48:11 - Epoch [4/100] | Loss: 0.7085 | Train Acc: 0.4958 | Time: 2.3s
2026-03-19 12:48:13 - Epoch [5/100] | Loss: 0.6897 | Train Acc: 0.5564 | Time: 2.3s
2026-03-19 12:48:15 - Epoch [6/100] | Loss: 0.6910 | Train Acc: 0.5395 | Time: 2.3s
2026-03-19 12:48:15 - ----------------------------------------
2026-03-19 12:48:16 - [Test] Acc: 0.3493 | Precision(macro): 0.5169 | Recall(macro): 0.5155 | F1(macro): 0.3488
2026-03-19 12:48:16 - [Test] Classification Report:
              precision    recall  f1-score   support

      benign     0.2356    0.8217    0.3661       129
    no_tumor     0.7982    0.2092    0.3315       435

    accuracy                         0.3493       564
   macro avg     0.5169    0.5155    0.3488       564
weighted avg     0.6695    0.3493    0.3394       564

2026-03-19 12:48:16 - ----------------------------------------
2026-03-19 12:48:19 - Epoch [7/100] | Loss: 0.6902 | Train Acc: 0.5733 | Time: 2.4s
2026-03-19 12:48:21 - Epoch [8/100] | Loss: 0.6908 | Train Acc: 0.5326 | Time: 2.4s
2026-03-19 12:48:23 - Epoch [9/100] | Loss: 0.6967 | Train Acc: 0.6193 | Time: 2.3s
2026-03-19 12:48:23 - ----------------------------------------
2026-03-19 12:48:25 - [Test] Acc: 0.3227 | Precision(macro): 0.5238 | Recall(macro): 0.5173 | F1(macro): 0.3185
2026-03-19 12:48:25 - [Test] Classification Report:
              precision    recall  f1-score   support

      benign     0.2359    0.8760    0.3717       129
    no_tumor     0.8118    0.1586    0.2654       435

    accuracy                         0.3227       564
   macro avg     0.5238    0.5173    0.3185       564
weighted avg     0.6801    0.3227    0.2897       564

2026-03-19 12:48:25 - ----------------------------------------
2026-03-19 12:48:27 - Epoch [10/100] | Loss: 0.6985 | Train Acc: 0.5372 | Time: 2.3s
2026-03-19 12:48:30 - Epoch [11/100] | Loss: 0.7091 | Train Acc: 0.5265 | Time: 2.5s
2026-03-19 12:48:32 - Epoch [12/100] | Loss: 0.7029 | Train Acc: 0.6577 | Time: 2.3s
2026-03-19 12:48:32 - ----------------------------------------
2026-03-19 12:48:33 - [Test] Acc: 0.7713 | Precision(macro): 0.3856 | Recall(macro): 0.5000 | F1(macro): 0.4354
2026-03-19 12:48:33 - [Test] Classification Report:
              precision    recall  f1-score   support

      benign     0.0000    0.0000    0.0000       129
    no_tumor     0.7713    1.0000    0.8709       435

    accuracy                         0.7713       564
   macro avg     0.3856    0.5000    0.4354       564
weighted avg     0.5949    0.7713    0.6717       564

2026-03-19 12:48:33 - ----------------------------------------
2026-03-19 12:48:35 - Epoch [13/100] | Loss: 0.7138 | Train Acc: 0.6477 | Time: 2.3s
2026-03-19 12:48:38 - Epoch [14/100] | Loss: 0.7010 | Train Acc: 0.5664 | Time: 2.4s
2026-03-19 12:48:40 - Epoch [15/100] | Loss: 0.7061 | Train Acc: 0.5196 | Time: 2.6s
2026-03-19 12:48:40 - ----------------------------------------
2026-03-19 12:48:41 - [Test] Acc: 0.6082 | Precision(macro): 0.5072 | Recall(macro): 0.5088 | F1(macro): 0.5034
2026-03-19 12:48:41 - [Test] Classification Report:
              precision    recall  f1-score   support

      benign     0.2386    0.3256    0.2754       129
    no_tumor     0.7758    0.6920    0.7315       435

    accuracy                         0.6082       564
   macro avg     0.5072    0.5088    0.5034       564
weighted avg     0.6529    0.6082    0.6272       564

2026-03-19 12:48:42 - *** 保存最优模型 (F1: 0.5034, Epoch: 15) ***
2026-03-19 12:48:42 - ----------------------------------------
2026-03-19 12:48:44 - Epoch [16/100] | Loss: 0.6892 | Train Acc: 0.6370 | Time: 2.3s
2026-03-19 12:48:46 - Epoch [17/100] | Loss: 0.7032 | Train Acc: 0.6239 | Time: 2.4s
2026-03-19 12:48:49 - Epoch [18/100] | Loss: 0.6858 | Train Acc: 0.5902 | Time: 2.7s
2026-03-19 12:48:49 - ----------------------------------------
2026-03-19 12:48:50 - [Test] Acc: 0.5106 | Precision(macro): 0.5430 | Recall(macro): 0.5601 | F1(macro): 0.4874
2026-03-19 12:48:50 - [Test] Classification Report:
              precision    recall  f1-score   support

      benign     0.2667    0.6512    0.3784       129
    no_tumor     0.8193    0.4690    0.5965       435

    accuracy                         0.5106       564
   macro avg     0.5430    0.5601    0.4874       564
weighted avg     0.6929    0.5106    0.5466       564

2026-03-19 12:48:50 - ----------------------------------------
2026-03-19 12:48:53 - Epoch [19/100] | Loss: 0.6876 | Train Acc: 0.6094 | Time: 2.5s
2026-03-19 12:48:55 - Epoch [20/100] | Loss: 0.6869 | Train Acc: 0.5810 | Time: 2.5s
2026-03-19 12:48:58 - Epoch [21/100] | Loss: 0.6947 | Train Acc: 0.5733 | Time: 2.7s
2026-03-19 12:48:58 - ----------------------------------------
2026-03-19 12:48:59 - [Test] Acc: 0.6152 | Precision(macro): 0.4742 | Recall(macro): 0.4725 | F1(macro): 0.4730
2026-03-19 12:48:59 - [Test] Classification Report:
              precision    recall  f1-score   support

      benign     0.1901    0.2093    0.1993       129
    no_tumor     0.7583    0.7356    0.7468       435

    accuracy                         0.6152       564
   macro avg     0.4742    0.4725    0.4730       564
weighted avg     0.6283    0.6152    0.6216       564

2026-03-19 12:48:59 - ----------------------------------------
2026-03-19 12:49:01 - Epoch [22/100] | Loss: 0.6910 | Train Acc: 0.5610 | Time: 2.5s
2026-03-19 12:49:04 - Epoch [23/100] | Loss: 0.6874 | Train Acc: 0.6723 | Time: 2.3s
2026-03-19 12:49:06 - Epoch [24/100] | Loss: 0.6947 | Train Acc: 0.6316 | Time: 2.4s
2026-03-19 12:49:06 - ----------------------------------------
2026-03-19 12:49:07 - [Test] Acc: 0.5142 | Precision(macro): 0.5326 | Recall(macro): 0.5460 | F1(macro): 0.4851
2026-03-19 12:49:07 - [Test] Classification Report:
              precision    recall  f1-score   support

      benign     0.2591    0.6047    0.3628       129
    no_tumor     0.8061    0.4874    0.6074       435

    accuracy                         0.5142       564
   macro avg     0.5326    0.5460    0.4851       564
weighted avg     0.6810    0.5142    0.5515       564

2026-03-19 12:49:07 - ----------------------------------------
2026-03-19 12:49:10 - Epoch [25/100] | Loss: 0.6932 | Train Acc: 0.5856 | Time: 2.3s
2026-03-19 12:49:12 - Epoch [26/100] | Loss: 0.6799 | Train Acc: 0.6378 | Time: 2.5s
2026-03-19 12:49:14 - Epoch [27/100] | Loss: 0.6917 | Train Acc: 0.6708 | Time: 2.3s
2026-03-19 12:49:14 - ----------------------------------------
2026-03-19 12:49:16 - [Test] Acc: 0.6294 | Precision(macro): 0.5534 | Recall(macro): 0.5689 | F1(macro): 0.5500
2026-03-19 12:49:16 - [Test] Classification Report:
              precision    recall  f1-score   support

      benign     0.2980    0.4574    0.3609       129
    no_tumor     0.8087    0.6805    0.7391       435

    accuracy                         0.6294       564
   macro avg     0.5534    0.5689    0.5500       564
weighted avg     0.6919    0.6294    0.6526       564

2026-03-19 12:49:16 - *** 保存最优模型 (F1: 0.5500, Epoch: 27) ***
2026-03-19 12:49:16 - ----------------------------------------
2026-03-19 12:49:18 - Epoch [28/100] | Loss: 0.6816 | Train Acc: 0.5656 | Time: 2.3s
2026-03-19 12:49:21 - Epoch [29/100] | Loss: 0.6850 | Train Acc: 0.6846 | Time: 2.9s
2026-03-19 12:49:24 - Epoch [30/100] | Loss: 0.6830 | Train Acc: 0.6355 | Time: 2.4s
2026-03-19 12:49:24 - ----------------------------------------
2026-03-19 12:49:25 - [Test] Acc: 0.7394 | Precision(macro): 0.5249 | Recall(macro): 0.5093 | F1(macro): 0.4884
2026-03-19 12:49:25 - [Test] Classification Report:
              precision    recall  f1-score   support

      benign     0.2750    0.0853    0.1302       129
    no_tumor     0.7748    0.9333    0.8467       435

    accuracy                         0.7394       564
   macro avg     0.5249    0.5093    0.4884       564
weighted avg     0.6605    0.7394    0.6828       564

2026-03-19 12:49:25 - ----------------------------------------
2026-03-19 12:49:27 - Epoch [31/100] | Loss: 0.6860 | Train Acc: 0.5856 | Time: 2.3s
2026-03-19 12:49:29 - Epoch [32/100] | Loss: 0.6830 | Train Acc: 0.6293 | Time: 2.3s
2026-03-19 12:49:32 - Epoch [33/100] | Loss: 0.6829 | Train Acc: 0.6600 | Time: 2.8s
2026-03-19 12:49:32 - ----------------------------------------
2026-03-19 12:49:33 - [Test] Acc: 0.5567 | Precision(macro): 0.5138 | Recall(macro): 0.5191 | F1(macro): 0.4944
2026-03-19 12:49:33 - [Test] Classification Report:
              precision    recall  f1-score   support

      benign     0.2447    0.4496    0.3169       129
    no_tumor     0.7829    0.5885    0.6719       435

    accuracy                         0.5567       564
   macro avg     0.5138    0.5191    0.4944       564
weighted avg     0.6598    0.5567    0.5907       564

2026-03-19 12:49:33 - ----------------------------------------
2026-03-19 12:49:36 - Epoch [34/100] | Loss: 0.6840 | Train Acc: 0.6454 | Time: 2.4s
2026-03-19 12:49:38 - Epoch [35/100] | Loss: 0.6910 | Train Acc: 0.6508 | Time: 2.4s
2026-03-19 12:49:40 - Epoch [36/100] | Loss: 0.6858 | Train Acc: 0.6500 | Time: 2.4s
2026-03-19 12:49:40 - ----------------------------------------
2026-03-19 12:49:41 - [Test] Acc: 0.5160 | Precision(macro): 0.5063 | Recall(macro): 0.5090 | F1(macro): 0.4718
2026-03-19 12:49:41 - [Test] Classification Report:
              precision    recall  f1-score   support

      benign     0.2353    0.4961    0.3192       129
    no_tumor     0.7774    0.5218    0.6245       435

    accuracy                         0.5160       564
   macro avg     0.5063    0.5090    0.4718       564
weighted avg     0.6534    0.5160    0.5547       564

2026-03-19 12:49:41 - ----------------------------------------
2026-03-19 12:49:44 - Epoch [37/100] | Loss: 0.6849 | Train Acc: 0.6224 | Time: 2.4s
2026-03-19 12:49:46 - Epoch [38/100] | Loss: 0.6890 | Train Acc: 0.6946 | Time: 2.5s
2026-03-19 12:49:49 - Epoch [39/100] | Loss: 0.6780 | Train Acc: 0.6447 | Time: 2.4s
2026-03-19 12:49:49 - ----------------------------------------
2026-03-19 12:49:50 - [Test] Acc: 0.5301 | Precision(macro): 0.5263 | Recall(macro): 0.5373 | F1(macro): 0.4907
2026-03-19 12:49:50 - [Test] Classification Report:
              precision    recall  f1-score   support

      benign     0.2554    0.5504    0.3489       129
    no_tumor     0.7972    0.5241    0.6325       435

    accuracy                         0.5301       564
   macro avg     0.5263    0.5373    0.4907       564
weighted avg     0.6733    0.5301    0.5676       564

2026-03-19 12:49:50 - ----------------------------------------
2026-03-19 12:49:52 - Epoch [40/100] | Loss: 0.6847 | Train Acc: 0.6255 | Time: 2.3s
2026-03-19 12:49:54 - Epoch [41/100] | Loss: 0.6708 | Train Acc: 0.6424 | Time: 2.4s
2026-03-19 12:49:57 - Epoch [42/100] | Loss: 0.6682 | Train Acc: 0.6531 | Time: 2.6s
2026-03-19 12:49:57 - ----------------------------------------
2026-03-19 12:49:58 - [Test] Acc: 0.4876 | Precision(macro): 0.5475 | Recall(macro): 0.5642 | F1(macro): 0.4733
2026-03-19 12:49:58 - [Test] Classification Report:
              precision    recall  f1-score   support

      benign     0.2661    0.7054    0.3864       129
    no_tumor     0.8288    0.4230    0.5601       435

    accuracy                         0.4876       564
   macro avg     0.5475    0.5642    0.4733       564
weighted avg     0.7001    0.4876    0.5204       564

2026-03-19 12:49:58 - ----------------------------------------
2026-03-19 12:50:00 - Epoch [43/100] | Loss: 0.6839 | Train Acc: 0.6186 | Time: 2.4s
2026-03-19 12:50:03 - Epoch [44/100] | Loss: 0.6704 | Train Acc: 0.6416 | Time: 2.3s
2026-03-19 12:50:05 - Epoch [45/100] | Loss: 0.6688 | Train Acc: 0.6585 | Time: 2.3s
2026-03-19 12:50:05 - ----------------------------------------
2026-03-19 12:50:06 - [Test] Acc: 0.3032 | Precision(macro): 0.5266 | Recall(macro): 0.5156 | F1(macro): 0.2944
2026-03-19 12:50:06 - [Test] Classification Report:
              precision    recall  f1-score   support

      benign     0.2349    0.9070    0.3732       129
    no_tumor     0.8182    0.1241    0.2156       435

    accuracy                         0.3032       564
   macro avg     0.5266    0.5156    0.2944       564
weighted avg     0.6848    0.3032    0.2516       564

2026-03-19 12:50:06 - ----------------------------------------
2026-03-19 12:50:09 - Epoch [46/100] | Loss: 0.6904 | Train Acc: 0.6408 | Time: 2.3s
2026-03-19 12:50:11 - Epoch [47/100] | Loss: 0.6826 | Train Acc: 0.5963 | Time: 2.6s
2026-03-19 12:50:13 - Epoch [48/100] | Loss: 0.6952 | Train Acc: 0.5909 | Time: 2.3s
2026-03-19 12:50:13 - ----------------------------------------
2026-03-19 12:50:14 - [Test] Acc: 0.2305 | Precision(macro): 0.6146 | Recall(macro): 0.5011 | F1(macro): 0.1887
2026-03-19 12:50:14 - [Test] Classification Report:
              precision    recall  f1-score   support

      benign     0.2291    1.0000    0.3728       129
    no_tumor     1.0000    0.0023    0.0046       435

    accuracy                         0.2305       564
   macro avg     0.6146    0.5011    0.1887       564
weighted avg     0.8237    0.2305    0.0888       564

2026-03-19 12:50:14 - ----------------------------------------
2026-03-19 12:50:17 - Epoch [49/100] | Loss: 0.6992 | Train Acc: 0.6155 | Time: 2.3s
2026-03-19 12:50:19 - Epoch [50/100] | Loss: 0.6808 | Train Acc: 0.6055 | Time: 2.3s
2026-03-19 12:50:22 - Epoch [51/100] | Loss: 0.6794 | Train Acc: 0.6332 | Time: 2.6s
2026-03-19 12:50:22 - ----------------------------------------
2026-03-19 12:50:23 - [Test] Acc: 0.6631 | Precision(macro): 0.5431 | Recall(macro): 0.5471 | F1(macro): 0.5443
2026-03-19 12:50:23 - [Test] Classification Report:
              precision    recall  f1-score   support

      benign     0.2925    0.3333    0.3116       129
    no_tumor     0.7938    0.7609    0.7770       435

    accuracy                         0.6631       564
   macro avg     0.5431    0.5471    0.5443       564
weighted avg     0.6791    0.6631    0.6705       564

2026-03-19 12:50:23 - ----------------------------------------
2026-03-19 12:50:25 - Epoch [52/100] | Loss: 0.6756 | Train Acc: 0.6324 | Time: 2.5s
2026-03-19 12:50:28 - Epoch [53/100] | Loss: 0.6812 | Train Acc: 0.6132 | Time: 2.5s
2026-03-19 12:50:30 - Epoch [54/100] | Loss: 0.6921 | Train Acc: 0.5042 | Time: 2.4s
2026-03-19 12:50:30 - ----------------------------------------
2026-03-19 12:50:31 - [Test] Acc: 0.7021 | Precision(macro): 0.4935 | Recall(macro): 0.4961 | F1(macro): 0.4854
2026-03-19 12:50:31 - [Test] Classification Report:
              precision    recall  f1-score   support

      benign     0.2174    0.1163    0.1515       129
    no_tumor     0.7697    0.8759    0.8194       435

    accuracy                         0.7021       564
   macro avg     0.4935    0.4961    0.4854       564
weighted avg     0.6434    0.7021    0.6666       564

2026-03-19 12:50:31 - ----------------------------------------
2026-03-19 12:50:34 - Epoch [55/100] | Loss: 0.6880 | Train Acc: 0.6009 | Time: 2.3s
2026-03-19 12:50:36 - Epoch [56/100] | Loss: 0.6875 | Train Acc: 0.6616 | Time: 2.5s
2026-03-19 12:50:38 - Epoch [57/100] | Loss: 0.6837 | Train Acc: 0.6186 | Time: 2.3s
2026-03-19 12:50:38 - ----------------------------------------
2026-03-19 12:50:39 - [Test] Acc: 0.4592 | Precision(macro): 0.5416 | Recall(macro): 0.5540 | F1(macro): 0.4505
2026-03-19 12:50:39 - [Test] Classification Report:
              precision    recall  f1-score   support

      benign     0.2582    0.7287    0.3813       129
    no_tumor     0.8250    0.3793    0.5197       435

    accuracy                         0.4592       564
   macro avg     0.5416    0.5540    0.4505       564
weighted avg     0.6954    0.4592    0.4880       564

2026-03-19 12:50:39 - ----------------------------------------
2026-03-19 12:50:42 - Epoch [58/100] | Loss: 0.6832 | Train Acc: 0.6731 | Time: 2.3s
2026-03-19 12:50:44 - Epoch [59/100] | Loss: 0.6770 | Train Acc: 0.6500 | Time: 2.4s
2026-03-19 12:50:47 - Epoch [60/100] | Loss: 0.6765 | Train Acc: 0.6447 | Time: 2.7s
2026-03-19 12:50:47 - ----------------------------------------
2026-03-19 12:50:48 - [Test] Acc: 0.7713 | Precision(macro): 0.6366 | Recall(macro): 0.5055 | F1(macro): 0.4502
2026-03-19 12:50:48 - [Test] Classification Report:
              precision    recall  f1-score   support

      benign     0.5000    0.0155    0.0301       129
    no_tumor     0.7732    0.9954    0.8704       435

    accuracy                         0.7713       564
   macro avg     0.6366    0.5055    0.4502       564
weighted avg     0.7107    0.7713    0.6782       564

2026-03-19 12:50:48 - ----------------------------------------
2026-03-19 12:50:51 - Epoch [61/100] | Loss: 0.6956 | Train Acc: 0.5441 | Time: 2.8s
2026-03-19 12:50:53 - Epoch [62/100] | Loss: 0.6879 | Train Acc: 0.5618 | Time: 2.3s
2026-03-19 12:50:56 - Epoch [63/100] | Loss: 0.6897 | Train Acc: 0.6270 | Time: 2.7s
2026-03-19 12:50:56 - ----------------------------------------
2026-03-19 12:50:57 - [Test] Acc: 0.6436 | Precision(macro): 0.5504 | Recall(macro): 0.5617 | F1(macro): 0.5502
2026-03-19 12:50:57 - [Test] Classification Report:
              precision    recall  f1-score   support

      benign     0.2978    0.4109    0.3453       129
    no_tumor     0.8031    0.7126    0.7552       435

    accuracy                         0.6436       564
   macro avg     0.5504    0.5617    0.5502       564
weighted avg     0.6875    0.6436    0.6614       564

2026-03-19 12:50:57 - *** 保存最优模型 (F1: 0.5502, Epoch: 63) ***
2026-03-19 12:50:57 - ----------------------------------------
2026-03-19 12:51:00 - Epoch [64/100] | Loss: 0.6784 | Train Acc: 0.6101 | Time: 2.6s
2026-03-19 12:51:03 - Epoch [65/100] | Loss: 0.6884 | Train Acc: 0.5863 | Time: 3.0s
2026-03-19 12:51:05 - Epoch [66/100] | Loss: 0.6803 | Train Acc: 0.6101 | Time: 2.5s
2026-03-19 12:51:05 - ----------------------------------------
2026-03-19 12:51:06 - [Test] Acc: 0.6401 | Precision(macro): 0.5540 | Recall(macro): 0.5676 | F1(macro): 0.5529
2026-03-19 12:51:06 - [Test] Classification Report:
              precision    recall  f1-score   support

      benign     0.3011    0.4341    0.3556       129
    no_tumor     0.8069    0.7011    0.7503       435

    accuracy                         0.6401       564
   macro avg     0.5540    0.5676    0.5529       564
weighted avg     0.6912    0.6401    0.6600       564

2026-03-19 12:51:07 - *** 保存最优模型 (F1: 0.5529, Epoch: 66) ***
2026-03-19 12:51:07 - ----------------------------------------
2026-03-19 12:51:10 - Epoch [67/100] | Loss: 0.6836 | Train Acc: 0.6577 | Time: 3.0s
2026-03-19 12:51:12 - Epoch [68/100] | Loss: 0.6757 | Train Acc: 0.6462 | Time: 2.5s
2026-03-19 12:51:15 - Epoch [69/100] | Loss: 0.6740 | Train Acc: 0.6807 | Time: 2.8s
2026-03-19 12:51:15 - ----------------------------------------
2026-03-19 12:51:16 - [Test] Acc: 0.5567 | Precision(macro): 0.5500 | Recall(macro): 0.5709 | F1(macro): 0.5179
2026-03-19 12:51:16 - [Test] Classification Report:
              precision    recall  f1-score   support

      benign     0.2800    0.5969    0.3812       129
    no_tumor     0.8201    0.5448    0.6547       435

    accuracy                         0.5567       564
   macro avg     0.5500    0.5709    0.5179       564
weighted avg     0.6965    0.5567    0.5921       564

2026-03-19 12:51:16 - ----------------------------------------
2026-03-19 12:51:19 - Epoch [70/100] | Loss: 0.6808 | Train Acc: 0.6293 | Time: 2.4s
2026-03-19 12:51:21 - Epoch [71/100] | Loss: 0.6731 | Train Acc: 0.6853 | Time: 2.3s
2026-03-19 12:51:23 - Epoch [72/100] | Loss: 0.6819 | Train Acc: 0.6393 | Time: 2.3s
2026-03-19 12:51:23 - ----------------------------------------
2026-03-19 12:51:25 - [Test] Acc: 0.6915 | Precision(macro): 0.5376 | Recall(macro): 0.5328 | F1(macro): 0.5338
2026-03-19 12:51:25 - [Test] Classification Report:
              precision    recall  f1-score   support

      benign     0.2897    0.2403    0.2627       129
    no_tumor     0.7856    0.8253    0.8049       435

    accuracy                         0.6915       564
   macro avg     0.5376    0.5328    0.5338       564
weighted avg     0.6721    0.6915    0.6809       564

2026-03-19 12:51:25 - ----------------------------------------
2026-03-19 12:51:27 - Epoch [73/100] | Loss: 0.6822 | Train Acc: 0.6262 | Time: 2.3s
2026-03-19 12:51:29 - Epoch [74/100] | Loss: 0.6635 | Train Acc: 0.6654 | Time: 2.5s
2026-03-19 12:51:32 - Epoch [75/100] | Loss: 0.6756 | Train Acc: 0.6554 | Time: 2.4s
2026-03-19 12:51:32 - ----------------------------------------
2026-03-19 12:51:33 - [Test] Acc: 0.7606 | Precision(macro): 0.6209 | Recall(macro): 0.5613 | F1(macro): 0.5636
2026-03-19 12:51:33 - [Test] Classification Report:
              precision    recall  f1-score   support

      benign     0.4464    0.1938    0.2703       129
    no_tumor     0.7953    0.9287    0.8568       435

    accuracy                         0.7606       564
   macro avg     0.6209    0.5613    0.5636       564
weighted avg     0.7155    0.7606    0.7227       564

2026-03-19 12:51:33 - *** 保存最优模型 (F1: 0.5636, Epoch: 75) ***
2026-03-19 12:51:33 - ----------------------------------------
2026-03-19 12:51:36 - Epoch [76/100] | Loss: 0.6790 | Train Acc: 0.6309 | Time: 2.3s
2026-03-19 12:51:38 - Epoch [77/100] | Loss: 0.6757 | Train Acc: 0.6454 | Time: 2.7s
2026-03-19 12:51:41 - Epoch [78/100] | Loss: 0.6697 | Train Acc: 0.6569 | Time: 2.3s
2026-03-19 12:51:41 - ----------------------------------------
2026-03-19 12:51:42 - [Test] Acc: 0.7624 | Precision(macro): 0.6090 | Recall(macro): 0.5379 | F1(macro): 0.5267
2026-03-19 12:51:42 - [Test] Classification Report:
              precision    recall  f1-score   support

      benign     0.4324    0.1240    0.1928       129
    no_tumor     0.7856    0.9517    0.8607       435

    accuracy                         0.7624       564
   macro avg     0.6090    0.5379    0.5267       564
weighted avg     0.7048    0.7624    0.7079       564

2026-03-19 12:51:42 - ----------------------------------------
2026-03-19 12:51:44 - Epoch [79/100] | Loss: 0.6789 | Train Acc: 0.6224 | Time: 2.3s
2026-03-19 12:51:46 - Epoch [80/100] | Loss: 0.6627 | Train Acc: 0.6654 | Time: 2.3s
2026-03-19 12:51:49 - Epoch [81/100] | Loss: 0.6643 | Train Acc: 0.6639 | Time: 2.6s
2026-03-19 12:51:49 - ----------------------------------------
2026-03-19 12:51:50 - [Test] Acc: 0.6578 | Precision(macro): 0.5477 | Recall(macro): 0.5546 | F1(macro): 0.5490
2026-03-19 12:51:50 - [Test] Classification Report:
              precision    recall  f1-score   support

      benign     0.2975    0.3643    0.3275       129
    no_tumor     0.7980    0.7448    0.7705       435

    accuracy                         0.6578       564
   macro avg     0.5477    0.5546    0.5490       564
weighted avg     0.6835    0.6578    0.6692       564

2026-03-19 12:51:50 - ----------------------------------------
2026-03-19 12:51:53 - Epoch [82/100] | Loss: 0.6639 | Train Acc: 0.6500 | Time: 2.5s
2026-03-19 12:51:55 - Epoch [83/100] | Loss: 0.6717 | Train Acc: 0.6631 | Time: 2.3s
2026-03-19 12:51:57 - Epoch [84/100] | Loss: 0.6733 | Train Acc: 0.6347 | Time: 2.3s
2026-03-19 12:51:57 - ----------------------------------------
2026-03-19 12:51:59 - [Test] Acc: 0.6082 | Precision(macro): 0.5510 | Recall(macro): 0.5688 | F1(macro): 0.5415
2026-03-19 12:51:59 - [Test] Classification Report:
              precision    recall  f1-score   support

      benign     0.2909    0.4961    0.3668       129
    no_tumor     0.8110    0.6414    0.7163       435

    accuracy                         0.6082       564
   macro avg     0.5510    0.5688    0.5415       564
weighted avg     0.6921    0.6082    0.6364       564

2026-03-19 12:51:59 - ----------------------------------------
2026-03-19 12:52:01 - Epoch [85/100] | Loss: 0.6837 | Train Acc: 0.5672 | Time: 2.3s
2026-03-19 12:52:04 - Epoch [86/100] | Loss: 0.6698 | Train Acc: 0.6738 | Time: 2.7s
2026-03-19 12:52:06 - Epoch [87/100] | Loss: 0.6667 | Train Acc: 0.6608 | Time: 2.3s
2026-03-19 12:52:06 - ----------------------------------------
2026-03-19 12:52:07 - [Test] Acc: 0.7145 | Precision(macro): 0.5761 | Recall(macro): 0.5668 | F1(macro): 0.5700
2026-03-19 12:52:07 - [Test] Classification Report:
              precision    recall  f1-score   support

      benign     0.3519    0.2946    0.3207       129
    no_tumor     0.8004    0.8391    0.8193       435

    accuracy                         0.7145       564
   macro avg     0.5761    0.5668    0.5700       564
weighted avg     0.6978    0.7145    0.7053       564

2026-03-19 12:52:08 - *** 保存最优模型 (F1: 0.5700, Epoch: 87) ***
2026-03-19 12:52:08 - ----------------------------------------
2026-03-19 12:52:10 - Epoch [88/100] | Loss: 0.6625 | Train Acc: 0.6892 | Time: 2.6s
2026-03-19 12:52:13 - Epoch [89/100] | Loss: 0.6630 | Train Acc: 0.6516 | Time: 2.4s
2026-03-19 12:52:15 - Epoch [90/100] | Loss: 0.6722 | Train Acc: 0.6393 | Time: 2.3s
2026-03-19 12:52:15 - ----------------------------------------
2026-03-19 12:52:16 - [Test] Acc: 0.3865 | Precision(macro): 0.5478 | Recall(macro): 0.5478 | F1(macro): 0.3865
2026-03-19 12:52:16 - [Test] Classification Report:
              precision    recall  f1-score   support

      benign     0.2506    0.8450    0.3865       129
    no_tumor     0.8450    0.2506    0.3865       435

    accuracy                         0.3865       564
   macro avg     0.5478    0.5478    0.3865       564
weighted avg     0.7090    0.3865    0.3865       564

2026-03-19 12:52:16 - ----------------------------------------
2026-03-19 12:52:19 - Epoch [91/100] | Loss: 0.6647 | Train Acc: 0.6293 | Time: 2.4s
2026-03-19 12:52:21 - Epoch [92/100] | Loss: 0.6631 | Train Acc: 0.6531 | Time: 2.5s
2026-03-19 12:52:23 - Epoch [93/100] | Loss: 0.6650 | Train Acc: 0.6531 | Time: 2.3s
2026-03-19 12:52:23 - ----------------------------------------
2026-03-19 12:52:24 - [Test] Acc: 0.3528 | Precision(macro): 0.5130 | Recall(macro): 0.5123 | F1(macro): 0.3527
2026-03-19 12:52:24 - [Test] Classification Report:
              precision    recall  f1-score   support

      benign     0.2342    0.8062    0.3630       129
    no_tumor     0.7917    0.2184    0.3423       435

    accuracy                         0.3528       564
   macro avg     0.5130    0.5123    0.3527       564
weighted avg     0.6642    0.3528    0.3471       564

2026-03-19 12:52:24 - ----------------------------------------
2026-03-19 12:52:27 - Epoch [94/100] | Loss: 0.6627 | Train Acc: 0.6692 | Time: 2.3s
2026-03-19 12:52:29 - Epoch [95/100] | Loss: 0.6697 | Train Acc: 0.6792 | Time: 2.3s
2026-03-19 12:52:32 - Epoch [96/100] | Loss: 0.6612 | Train Acc: 0.6477 | Time: 2.7s
2026-03-19 12:52:32 - ----------------------------------------
2026-03-19 12:52:33 - [Test] Acc: 0.5213 | Precision(macro): 0.5417 | Recall(macro): 0.5588 | F1(macro): 0.4935
2026-03-19 12:52:33 - [Test] Classification Report:
              precision    recall  f1-score   support

      benign     0.2673    0.6279    0.3750       129
    no_tumor     0.8161    0.4897    0.6121       435

    accuracy                         0.5213       564
   macro avg     0.5417    0.5588    0.4935       564
weighted avg     0.6906    0.5213    0.5578       564

2026-03-19 12:52:33 - ----------------------------------------
2026-03-19 12:52:35 - Epoch [97/100] | Loss: 0.6629 | Train Acc: 0.6546 | Time: 2.4s
2026-03-19 12:52:38 - Epoch [98/100] | Loss: 0.6623 | Train Acc: 0.6738 | Time: 2.5s
2026-03-19 12:52:40 - Epoch [99/100] | Loss: 0.6732 | Train Acc: 0.6669 | Time: 2.3s
2026-03-19 12:52:40 - ----------------------------------------
2026-03-19 12:52:41 - [Test] Acc: 0.6348 | Precision(macro): 0.5656 | Recall(macro): 0.5860 | F1(macro): 0.5619
2026-03-19 12:52:41 - [Test] Classification Report:
              precision    recall  f1-score   support

      benign     0.3122    0.4961    0.3832       129
    no_tumor     0.8189    0.6759    0.7406       435

    accuracy                         0.6348       564
   macro avg     0.5656    0.5860    0.5619       564
weighted avg     0.7030    0.6348    0.6588       564

2026-03-19 12:52:41 - ----------------------------------------
2026-03-19 12:52:43 - Epoch [100/100] | Loss: 0.6708 | Train Acc: 0.6685 | Time: 2.4s
2026-03-19 12:52:43 - ----------------------------------------
2026-03-19 12:52:45 - [Test] Acc: 0.7447 | Precision(macro): 0.5647 | Recall(macro): 0.5291 | F1(macro): 0.5197
2026-03-19 12:52:45 - [Test] Classification Report:
              precision    recall  f1-score   support

      benign     0.3469    0.1318    0.1910       129
    no_tumor     0.7825    0.9264    0.8484       435

    accuracy                         0.7447       564
   macro avg     0.5647    0.5291    0.5197       564
weighted avg     0.6829    0.7447    0.6981       564

2026-03-19 12:52:45 - ----------------------------------------
2026-03-19 12:52:45 - 
============================================================
2026-03-19 12:52:45 - 训练完成! 最优模型: Epoch 87, F1: 0.5700
2026-03-19 12:52:45 - ============================================================
2026-03-19 12:52:45 - 
加载最优权重进行最终测试...
2026-03-19 12:52:45 - ============================================================
2026-03-19 12:52:45 - 最终测试结果 (最优权重)
2026-03-19 12:52:45 - ============================================================
2026-03-19 12:52:46 - [Final Test] Acc: 0.7145 | Precision(macro): 0.5761 | Recall(macro): 0.5668 | F1(macro): 0.5700
2026-03-19 12:52:46 - [Final Test] Classification Report:
              precision    recall  f1-score   support

      benign     0.3519    0.2946    0.3207       129
    no_tumor     0.8004    0.8391    0.8193       435

    accuracy                         0.7145       564
   macro avg     0.5761    0.5668    0.5700       564
weighted avg     0.6978    0.7145    0.7053       564

2026-03-19 12:52:46 - 训练脚本已复制到: /data1/ouyangxinglong/GBP-Cascade/logs/20260319_task2_Resnet34_scratch_weakaug_classweight_6/20260319_task2_Resnet34_scratch_weakaug_classweight_6.py
