2026-03-19 11:08:39 - ============================================================
2026-03-19 11:08:39 - 实验名称: 20260319_task2_ConvNeXtTiny_adamw_warmupcosine_classweight_img320_seed84_7
2026-03-19 11:08:39 - 任务: Task 2 - 良性肿瘤(0) vs 非肿瘤性息肉(1)
2026-03-19 11:08:39 - 模型: ConvNeXt-Tiny (ImageNet预训练)
2026-03-19 11:08:39 - 修改: AdamW + diff lr + warmup cosine + weakaug + class weight + label smoothing + img320 + seed84
2026-03-19 11:08:39 - 图像尺寸: train Resize320 + HFlip + RandomAffine + LightColorJitter, test Resize320
2026-03-19 11:08:39 - Batch Size: 8
2026-03-19 11:08:39 - Backbone LR: 5e-05
2026-03-19 11:08:39 - Head LR: 0.0005
2026-03-19 11:08:39 - Weight Decay: 0.05
2026-03-19 11:08:39 - Warmup Epochs: 5
2026-03-19 11:08:39 - Min LR Ratio: 0.05
2026-03-19 11:08:39 - Label Smoothing: 0.1
2026-03-19 11:08:39 - Weighted Sampler: False
2026-03-19 11:08:39 - Seed: 84
2026-03-19 11:08:39 - Epochs: 60
2026-03-19 11:08:39 - Grad Clip: 1.0
2026-03-19 11:08:39 - 设备: cuda
2026-03-19 11:08:39 - ============================================================
2026-03-19 11:08:39 - 训练集: 1303 张 (benign=309, no_tumor=994)
2026-03-19 11:08:39 - 测试集: 564 张 (benign=129, no_tumor=435)
2026-03-19 11:08:40 - 模型参数量: 27,821,666
2026-03-19 11:08:40 - 可训练参数量: 27,821,666
2026-03-19 11:08:40 - 类别权重: benign=2.1084, no_tumor=0.6554
2026-03-19 11:08:40 - 损失函数: CrossEntropyLoss(class_weight + label_smoothing=0.1)
2026-03-19 11:08:40 - 
============================================================
2026-03-19 11:08:40 - 开始训练
2026-03-19 11:08:40 - ============================================================
2026-03-19 11:08:47 - Epoch [1/60] LR(backbone/head): 1.000000e-05/1.000000e-04 | WarmupCosineFactor: 0.2000 | Loss: 0.7265 | Train Acc: 0.5656 | Time: 7.6s
2026-03-19 11:08:54 - Epoch [2/60] LR(backbone/head): 2.000000e-05/2.000000e-04 | WarmupCosineFactor: 0.4000 | Loss: 0.6897 | Train Acc: 0.6270 | Time: 6.3s
2026-03-19 11:09:00 - Epoch [3/60] LR(backbone/head): 3.000000e-05/3.000000e-04 | WarmupCosineFactor: 0.6000 | Loss: 0.6631 | Train Acc: 0.6892 | Time: 6.5s
2026-03-19 11:09:00 - ----------------------------------------
2026-03-19 11:09:02 - [Test] Acc: 0.6011 | Precision(macro): 0.5565 | Recall(macro): 0.5778 | F1(macro): 0.5430
2026-03-19 11:09:02 - [Test] Classification Report:
              precision    recall  f1-score   support

      benign     0.2949    0.5349    0.3802       129
    no_tumor     0.8182    0.6207    0.7059       435

    accuracy                         0.6011       564
   macro avg     0.5565    0.5778    0.5430       564
weighted avg     0.6985    0.6011    0.6314       564

2026-03-19 11:09:02 - *** 保存最优模型 (F1: 0.5430, Epoch: 3) ***
2026-03-19 11:09:02 - ----------------------------------------
2026-03-19 11:09:09 - Epoch [4/60] LR(backbone/head): 4.000000e-05/4.000000e-04 | WarmupCosineFactor: 0.8000 | Loss: 0.5988 | Train Acc: 0.7590 | Time: 6.7s
2026-03-19 11:09:15 - Epoch [5/60] LR(backbone/head): 5.000000e-05/5.000000e-04 | WarmupCosineFactor: 1.0000 | Loss: 0.5348 | Train Acc: 0.8135 | Time: 6.6s
2026-03-19 11:09:22 - Epoch [6/60] LR(backbone/head): 4.996127e-05/4.996127e-04 | WarmupCosineFactor: 0.9992 | Loss: 0.4728 | Train Acc: 0.8849 | Time: 6.3s
2026-03-19 11:09:22 - ----------------------------------------
2026-03-19 11:09:23 - [Test] Acc: 0.6649 | Precision(macro): 0.5546 | Recall(macro): 0.5619 | F1(macro): 0.5563
2026-03-19 11:09:23 - [Test] Classification Report:
              precision    recall  f1-score   support

      benign     0.3077    0.3721    0.3368       129
    no_tumor     0.8015    0.7517    0.7758       435

    accuracy                         0.6649       564
   macro avg     0.5546    0.5619    0.5563       564
weighted avg     0.6885    0.6649    0.6754       564

2026-03-19 11:09:24 - *** 保存最优模型 (F1: 0.5563, Epoch: 6) ***
2026-03-19 11:09:24 - ----------------------------------------
2026-03-19 11:09:30 - Epoch [7/60] LR(backbone/head): 4.984519e-05/4.984519e-04 | WarmupCosineFactor: 0.9969 | Loss: 0.4248 | Train Acc: 0.9117 | Time: 6.3s
2026-03-19 11:09:36 - Epoch [8/60] LR(backbone/head): 4.965215e-05/4.965215e-04 | WarmupCosineFactor: 0.9930 | Loss: 0.4028 | Train Acc: 0.9371 | Time: 6.4s
2026-03-19 11:09:43 - Epoch [9/60] LR(backbone/head): 4.938278e-05/4.938278e-04 | WarmupCosineFactor: 0.9877 | Loss: 0.3626 | Train Acc: 0.9609 | Time: 6.7s
2026-03-19 11:09:43 - ----------------------------------------
2026-03-19 11:09:45 - [Test] Acc: 0.6613 | Precision(macro): 0.5710 | Recall(macro): 0.5869 | F1(macro): 0.5726
2026-03-19 11:09:45 - [Test] Classification Report:
              precision    recall  f1-score   support

      benign     0.3258    0.4496    0.3779       129
    no_tumor     0.8161    0.7241    0.7674       435

    accuracy                         0.6613       564
   macro avg     0.5710    0.5869    0.5726       564
weighted avg     0.7039    0.6613    0.6783       564

2026-03-19 11:09:45 - *** 保存最优模型 (F1: 0.5726, Epoch: 9) ***
2026-03-19 11:09:45 - ----------------------------------------
2026-03-19 11:09:51 - Epoch [10/60] LR(backbone/head): 4.903796e-05/4.903796e-04 | WarmupCosineFactor: 0.9808 | Loss: 0.3675 | Train Acc: 0.9609 | Time: 6.3s
2026-03-19 11:09:58 - Epoch [11/60] LR(backbone/head): 4.861880e-05/4.861880e-04 | WarmupCosineFactor: 0.9724 | Loss: 0.3660 | Train Acc: 0.9609 | Time: 6.4s
2026-03-19 11:10:04 - Epoch [12/60] LR(backbone/head): 4.812669e-05/4.812669e-04 | WarmupCosineFactor: 0.9625 | Loss: 0.3285 | Train Acc: 0.9831 | Time: 6.4s
2026-03-19 11:10:04 - ----------------------------------------
2026-03-19 11:10:05 - [Test] Acc: 0.7500 | Precision(macro): 0.6217 | Recall(macro): 0.5925 | F1(macro): 0.6005
2026-03-19 11:10:05 - [Test] Classification Report:
              precision    recall  f1-score   support

      benign     0.4333    0.3023    0.3562       129
    no_tumor     0.8101    0.8828    0.8449       435

    accuracy                         0.7500       564
   macro avg     0.6217    0.5925    0.6005       564
weighted avg     0.7239    0.7500    0.7331       564

2026-03-19 11:10:06 - *** 保存最优模型 (F1: 0.6005, Epoch: 12) ***
2026-03-19 11:10:06 - ----------------------------------------
2026-03-19 11:10:13 - Epoch [13/60] LR(backbone/head): 4.756321e-05/4.756321e-04 | WarmupCosineFactor: 0.9513 | Loss: 0.3300 | Train Acc: 0.9785 | Time: 6.8s
2026-03-19 11:10:19 - Epoch [14/60] LR(backbone/head): 4.693022e-05/4.693022e-04 | WarmupCosineFactor: 0.9386 | Loss: 0.3165 | Train Acc: 0.9839 | Time: 6.9s
2026-03-19 11:10:26 - Epoch [15/60] LR(backbone/head): 4.622977e-05/4.622977e-04 | WarmupCosineFactor: 0.9246 | Loss: 0.3190 | Train Acc: 0.9870 | Time: 6.7s
2026-03-19 11:10:26 - ----------------------------------------
2026-03-19 11:10:28 - [Test] Acc: 0.7784 | Precision(macro): 0.6723 | Recall(macro): 0.6164 | F1(macro): 0.6302
2026-03-19 11:10:28 - [Test] Classification Report:
              precision    recall  f1-score   support

      benign     0.5256    0.3178    0.3961       129
    no_tumor     0.8189    0.9149    0.8643       435

    accuracy                         0.7784       564
   macro avg     0.6723    0.6164    0.6302       564
weighted avg     0.7518    0.7784    0.7572       564

2026-03-19 11:10:28 - *** 保存最优模型 (F1: 0.6302, Epoch: 15) ***
2026-03-19 11:10:28 - ----------------------------------------
2026-03-19 11:10:35 - Epoch [16/60] LR(backbone/head): 4.546415e-05/4.546415e-04 | WarmupCosineFactor: 0.9093 | Loss: 0.3162 | Train Acc: 0.9823 | Time: 6.8s
2026-03-19 11:10:41 - Epoch [17/60] LR(backbone/head): 4.463586e-05/4.463586e-04 | WarmupCosineFactor: 0.8927 | Loss: 0.3000 | Train Acc: 0.9946 | Time: 6.3s
2026-03-19 11:10:48 - Epoch [18/60] LR(backbone/head): 4.374760e-05/4.374760e-04 | WarmupCosineFactor: 0.8750 | Loss: 0.3120 | Train Acc: 0.9900 | Time: 6.4s
2026-03-19 11:10:48 - ----------------------------------------
2026-03-19 11:10:49 - [Test] Acc: 0.7163 | Precision(macro): 0.5911 | Recall(macro): 0.5871 | F1(macro): 0.5889
2026-03-19 11:10:49 - [Test] Classification Report:
              precision    recall  f1-score   support

      benign     0.3719    0.3488    0.3600       129
    no_tumor     0.8104    0.8253    0.8178       435

    accuracy                         0.7163       564
   macro avg     0.5911    0.5871    0.5889       564
weighted avg     0.7101    0.7163    0.7131       564

2026-03-19 11:10:49 - ----------------------------------------
2026-03-19 11:10:56 - Epoch [19/60] LR(backbone/head): 4.280227e-05/4.280227e-04 | WarmupCosineFactor: 0.8560 | Loss: 0.3063 | Train Acc: 0.9908 | Time: 6.5s
2026-03-19 11:11:02 - Epoch [20/60] LR(backbone/head): 4.180294e-05/4.180294e-04 | WarmupCosineFactor: 0.8361 | Loss: 0.3043 | Train Acc: 0.9916 | Time: 6.3s
2026-03-19 11:11:08 - Epoch [21/60] LR(backbone/head): 4.075289e-05/4.075289e-04 | WarmupCosineFactor: 0.8151 | Loss: 0.3106 | Train Acc: 0.9893 | Time: 6.3s
2026-03-19 11:11:08 - ----------------------------------------
2026-03-19 11:11:10 - [Test] Acc: 0.7500 | Precision(macro): 0.6231 | Recall(macro): 0.5953 | F1(macro): 0.6033
2026-03-19 11:11:10 - [Test] Classification Report:
              precision    recall  f1-score   support

      benign     0.4348    0.3101    0.3620       129
    no_tumor     0.8114    0.8805    0.8445       435

    accuracy                         0.7500       564
   macro avg     0.6231    0.5953    0.6033       564
weighted avg     0.7253    0.7500    0.7342       564

2026-03-19 11:11:10 - ----------------------------------------
2026-03-19 11:11:16 - Epoch [22/60] LR(backbone/head): 3.965553e-05/3.965553e-04 | WarmupCosineFactor: 0.7931 | Loss: 0.3016 | Train Acc: 0.9923 | Time: 6.5s
2026-03-19 11:11:23 - Epoch [23/60] LR(backbone/head): 3.851444e-05/3.851444e-04 | WarmupCosineFactor: 0.7703 | Loss: 0.2995 | Train Acc: 0.9931 | Time: 6.8s
2026-03-19 11:11:30 - Epoch [24/60] LR(backbone/head): 3.733335e-05/3.733335e-04 | WarmupCosineFactor: 0.7467 | Loss: 0.2891 | Train Acc: 0.9985 | Time: 6.9s
2026-03-19 11:11:30 - ----------------------------------------
2026-03-19 11:11:31 - [Test] Acc: 0.6773 | Precision(macro): 0.5835 | Recall(macro): 0.5999 | F1(macro): 0.5868
2026-03-19 11:11:31 - [Test] Classification Report:
              precision    recall  f1-score   support

      benign     0.3450    0.4574    0.3933       129
    no_tumor     0.8219    0.7425    0.7802       435

    accuracy                         0.6773       564
   macro avg     0.5835    0.5999    0.5868       564
weighted avg     0.7128    0.6773    0.6917       564

2026-03-19 11:11:31 - ----------------------------------------
2026-03-19 11:11:38 - Epoch [25/60] LR(backbone/head): 3.611611e-05/3.611611e-04 | WarmupCosineFactor: 0.7223 | Loss: 0.3143 | Train Acc: 0.9908 | Time: 6.3s
2026-03-19 11:11:44 - Epoch [26/60] LR(backbone/head): 3.486668e-05/3.486668e-04 | WarmupCosineFactor: 0.6973 | Loss: 0.2921 | Train Acc: 0.9969 | Time: 6.3s
2026-03-19 11:11:51 - Epoch [27/60] LR(backbone/head): 3.358915e-05/3.358915e-04 | WarmupCosineFactor: 0.6718 | Loss: 0.2962 | Train Acc: 0.9962 | Time: 6.7s
2026-03-19 11:11:51 - ----------------------------------------
2026-03-19 11:11:52 - [Test] Acc: 0.7642 | Precision(macro): 0.6463 | Recall(macro): 0.6072 | F1(macro): 0.6179
2026-03-19 11:11:52 - [Test] Classification Report:
              precision    recall  f1-score   support

      benign     0.4767    0.3178    0.3814       129
    no_tumor     0.8159    0.8966    0.8543       435

    accuracy                         0.7642       564
   macro avg     0.6463    0.6072    0.6179       564
weighted avg     0.7383    0.7642    0.7462       564

2026-03-19 11:11:52 - ----------------------------------------
2026-03-19 11:11:58 - Epoch [28/60] LR(backbone/head): 3.228769e-05/3.228769e-04 | WarmupCosineFactor: 0.6458 | Loss: 0.2978 | Train Acc: 0.9946 | Time: 6.3s
2026-03-19 11:12:05 - Epoch [29/60] LR(backbone/head): 3.096652e-05/3.096652e-04 | WarmupCosineFactor: 0.6193 | Loss: 0.2976 | Train Acc: 0.9954 | Time: 6.3s
2026-03-19 11:12:11 - Epoch [30/60] LR(backbone/head): 2.962998e-05/2.962998e-04 | WarmupCosineFactor: 0.5926 | Loss: 0.2986 | Train Acc: 0.9969 | Time: 6.6s
2026-03-19 11:12:11 - ----------------------------------------
2026-03-19 11:12:13 - [Test] Acc: 0.7376 | Precision(macro): 0.6185 | Recall(macro): 0.6090 | F1(macro): 0.6130
2026-03-19 11:12:13 - [Test] Classification Report:
              precision    recall  f1-score   support

      benign     0.4174    0.3721    0.3934       129
    no_tumor     0.8196    0.8460    0.8326       435

    accuracy                         0.7376       564
   macro avg     0.6185    0.6090    0.6130       564
weighted avg     0.7276    0.7376    0.7321       564

2026-03-19 11:12:13 - ----------------------------------------
2026-03-19 11:12:19 - Epoch [31/60] LR(backbone/head): 2.828241e-05/2.828241e-04 | WarmupCosineFactor: 0.5656 | Loss: 0.2977 | Train Acc: 0.9954 | Time: 6.3s
2026-03-19 11:12:25 - Epoch [32/60] LR(backbone/head): 2.692821e-05/2.692821e-04 | WarmupCosineFactor: 0.5386 | Loss: 0.3034 | Train Acc: 0.9923 | Time: 6.4s
2026-03-19 11:12:32 - Epoch [33/60] LR(backbone/head): 2.557179e-05/2.557179e-04 | WarmupCosineFactor: 0.5114 | Loss: 0.2866 | Train Acc: 1.0000 | Time: 6.4s
2026-03-19 11:12:32 - ----------------------------------------
2026-03-19 11:12:33 - [Test] Acc: 0.7535 | Precision(macro): 0.6333 | Recall(macro): 0.6085 | F1(macro): 0.6167
2026-03-19 11:12:33 - [Test] Classification Report:
              precision    recall  f1-score   support

      benign     0.4490    0.3411    0.3877       129
    no_tumor     0.8176    0.8759    0.8457       435

    accuracy                         0.7535       564
   macro avg     0.6333    0.6085    0.6167       564
weighted avg     0.7333    0.7535    0.7410       564

2026-03-19 11:12:33 - ----------------------------------------
2026-03-19 11:12:40 - Epoch [34/60] LR(backbone/head): 2.421759e-05/2.421759e-04 | WarmupCosineFactor: 0.4844 | Loss: 0.2952 | Train Acc: 0.9977 | Time: 6.3s
2026-03-19 11:12:46 - Epoch [35/60] LR(backbone/head): 2.287002e-05/2.287002e-04 | WarmupCosineFactor: 0.4574 | Loss: 0.2937 | Train Acc: 0.9954 | Time: 6.5s
2026-03-19 11:12:53 - Epoch [36/60] LR(backbone/head): 2.153348e-05/2.153348e-04 | WarmupCosineFactor: 0.4307 | Loss: 0.3031 | Train Acc: 0.9939 | Time: 6.8s
2026-03-19 11:12:53 - ----------------------------------------
2026-03-19 11:12:55 - [Test] Acc: 0.7624 | Precision(macro): 0.6454 | Recall(macro): 0.6115 | F1(macro): 0.6217
2026-03-19 11:12:55 - [Test] Classification Report:
              precision    recall  f1-score   support

      benign     0.4725    0.3333    0.3909       129
    no_tumor     0.8182    0.8897    0.8524       435

    accuracy                         0.7624       564
   macro avg     0.6454    0.6115    0.6217       564
weighted avg     0.7391    0.7624    0.7469       564

2026-03-19 11:12:55 - ----------------------------------------
2026-03-19 11:13:01 - Epoch [37/60] LR(backbone/head): 2.021231e-05/2.021231e-04 | WarmupCosineFactor: 0.4042 | Loss: 0.2946 | Train Acc: 0.9969 | Time: 6.7s
2026-03-19 11:13:08 - Epoch [38/60] LR(backbone/head): 1.891085e-05/1.891085e-04 | WarmupCosineFactor: 0.3782 | Loss: 0.2945 | Train Acc: 0.9977 | Time: 6.5s
2026-03-19 11:13:14 - Epoch [39/60] LR(backbone/head): 1.763332e-05/1.763332e-04 | WarmupCosineFactor: 0.3527 | Loss: 0.2895 | Train Acc: 0.9985 | Time: 6.2s
2026-03-19 11:13:14 - ----------------------------------------
2026-03-19 11:13:15 - [Test] Acc: 0.7323 | Precision(macro): 0.6111 | Recall(macro): 0.6029 | F1(macro): 0.6063
2026-03-19 11:13:15 - [Test] Classification Report:
              precision    recall  f1-score   support

      benign     0.4052    0.3643    0.3837       129
    no_tumor     0.8170    0.8414    0.8290       435

    accuracy                         0.7323       564
   macro avg     0.6111    0.6029    0.6063       564
weighted avg     0.7228    0.7323    0.7271       564

2026-03-19 11:13:15 - ----------------------------------------
2026-03-19 11:13:22 - Epoch [40/60] LR(backbone/head): 1.638389e-05/1.638389e-04 | WarmupCosineFactor: 0.3277 | Loss: 0.2956 | Train Acc: 0.9954 | Time: 6.4s
2026-03-19 11:13:28 - Epoch [41/60] LR(backbone/head): 1.516665e-05/1.516665e-04 | WarmupCosineFactor: 0.3033 | Loss: 0.2896 | Train Acc: 0.9992 | Time: 6.6s
2026-03-19 11:13:35 - Epoch [42/60] LR(backbone/head): 1.398556e-05/1.398556e-04 | WarmupCosineFactor: 0.2797 | Loss: 0.2885 | Train Acc: 0.9992 | Time: 6.3s
2026-03-19 11:13:35 - ----------------------------------------
2026-03-19 11:13:36 - [Test] Acc: 0.7376 | Precision(macro): 0.6156 | Recall(macro): 0.6036 | F1(macro): 0.6083
2026-03-19 11:13:36 - [Test] Classification Report:
              precision    recall  f1-score   support

      benign     0.4144    0.3566    0.3833       129
    no_tumor     0.8168    0.8506    0.8333       435

    accuracy                         0.7376       564
   macro avg     0.6156    0.6036    0.6083       564
weighted avg     0.7247    0.7376    0.7304       564

2026-03-19 11:13:36 - ----------------------------------------
2026-03-19 11:13:42 - Epoch [43/60] LR(backbone/head): 1.284447e-05/1.284447e-04 | WarmupCosineFactor: 0.2569 | Loss: 0.2932 | Train Acc: 0.9969 | Time: 6.3s
2026-03-19 11:13:49 - Epoch [44/60] LR(backbone/head): 1.174711e-05/1.174711e-04 | WarmupCosineFactor: 0.2349 | Loss: 0.2902 | Train Acc: 0.9969 | Time: 6.8s
2026-03-19 11:13:56 - Epoch [45/60] LR(backbone/head): 1.069706e-05/1.069706e-04 | WarmupCosineFactor: 0.2139 | Loss: 0.2973 | Train Acc: 0.9969 | Time: 6.9s
2026-03-19 11:13:56 - ----------------------------------------
2026-03-19 11:13:57 - [Test] Acc: 0.7535 | Precision(macro): 0.6333 | Recall(macro): 0.6085 | F1(macro): 0.6167
2026-03-19 11:13:57 - [Test] Classification Report:
              precision    recall  f1-score   support

      benign     0.4490    0.3411    0.3877       129
    no_tumor     0.8176    0.8759    0.8457       435

    accuracy                         0.7535       564
   macro avg     0.6333    0.6085    0.6167       564
weighted avg     0.7333    0.7535    0.7410       564

2026-03-19 11:13:57 - ----------------------------------------
2026-03-19 11:14:04 - Epoch [46/60] LR(backbone/head): 9.697733e-06/9.697733e-05 | WarmupCosineFactor: 0.1940 | Loss: 0.2873 | Train Acc: 1.0000 | Time: 6.3s
2026-03-19 11:14:10 - Epoch [47/60] LR(backbone/head): 8.752398e-06/8.752398e-05 | WarmupCosineFactor: 0.1750 | Loss: 0.2874 | Train Acc: 1.0000 | Time: 6.3s
2026-03-19 11:14:17 - Epoch [48/60] LR(backbone/head): 7.864137e-06/7.864137e-05 | WarmupCosineFactor: 0.1573 | Loss: 0.2898 | Train Acc: 0.9992 | Time: 6.7s
2026-03-19 11:14:17 - ----------------------------------------
2026-03-19 11:14:18 - [Test] Acc: 0.7145 | Precision(macro): 0.5963 | Recall(macro): 0.5968 | F1(macro): 0.5966
2026-03-19 11:14:18 - [Test] Classification Report:
              precision    recall  f1-score   support

      benign     0.3769    0.3798    0.3784       129
    no_tumor     0.8157    0.8138    0.8147       435

    accuracy                         0.7145       564
   macro avg     0.5963    0.5968    0.5966       564
weighted avg     0.7153    0.7145    0.7149       564

2026-03-19 11:14:18 - ----------------------------------------
2026-03-19 11:14:24 - Epoch [49/60] LR(backbone/head): 7.035846e-06/7.035846e-05 | WarmupCosineFactor: 0.1407 | Loss: 0.2903 | Train Acc: 0.9992 | Time: 6.3s
2026-03-19 11:14:31 - Epoch [50/60] LR(backbone/head): 6.270229e-06/6.270229e-05 | WarmupCosineFactor: 0.1254 | Loss: 0.2839 | Train Acc: 1.0000 | Time: 6.3s
2026-03-19 11:14:37 - Epoch [51/60] LR(backbone/head): 5.569781e-06/5.569781e-05 | WarmupCosineFactor: 0.1114 | Loss: 0.2847 | Train Acc: 1.0000 | Time: 6.7s
2026-03-19 11:14:37 - ----------------------------------------
2026-03-19 11:14:39 - [Test] Acc: 0.7145 | Precision(macro): 0.5946 | Recall(macro): 0.5941 | F1(macro): 0.5943
2026-03-19 11:14:39 - [Test] Classification Report:
              precision    recall  f1-score   support

      benign     0.3750    0.3721    0.3735       129
    no_tumor     0.8142    0.8161    0.8152       435

    accuracy                         0.7145       564
   macro avg     0.5946    0.5941    0.5943       564
weighted avg     0.7138    0.7145    0.7141       564

2026-03-19 11:14:39 - ----------------------------------------
2026-03-19 11:14:45 - Epoch [52/60] LR(backbone/head): 4.936787e-06/4.936787e-05 | WarmupCosineFactor: 0.0987 | Loss: 0.2855 | Train Acc: 1.0000 | Time: 6.3s
2026-03-19 11:14:51 - Epoch [53/60] LR(backbone/head): 4.373313e-06/4.373313e-05 | WarmupCosineFactor: 0.0875 | Loss: 0.2892 | Train Acc: 0.9992 | Time: 6.3s
2026-03-19 11:14:58 - Epoch [54/60] LR(backbone/head): 3.881196e-06/3.881196e-05 | WarmupCosineFactor: 0.0776 | Loss: 0.2856 | Train Acc: 1.0000 | Time: 6.7s
2026-03-19 11:14:58 - ----------------------------------------
2026-03-19 11:14:59 - [Test] Acc: 0.7305 | Precision(macro): 0.6076 | Recall(macro): 0.5990 | F1(macro): 0.6026
2026-03-19 11:14:59 - [Test] Classification Report:
              precision    recall  f1-score   support

      benign     0.4000    0.3566    0.3770       129
    no_tumor     0.8151    0.8414    0.8281       435

    accuracy                         0.7305       564
   macro avg     0.6076    0.5990    0.6026       564
weighted avg     0.7202    0.7305    0.7249       564

2026-03-19 11:14:59 - ----------------------------------------
2026-03-19 11:15:06 - Epoch [55/60] LR(backbone/head): 3.462042e-06/3.462042e-05 | WarmupCosineFactor: 0.0692 | Loss: 0.2898 | Train Acc: 0.9992 | Time: 6.2s
2026-03-19 11:15:12 - Epoch [56/60] LR(backbone/head): 3.117217e-06/3.117217e-05 | WarmupCosineFactor: 0.0623 | Loss: 0.2881 | Train Acc: 1.0000 | Time: 6.4s
2026-03-19 11:15:19 - Epoch [57/60] LR(backbone/head): 2.847846e-06/2.847846e-05 | WarmupCosineFactor: 0.0570 | Loss: 0.2868 | Train Acc: 1.0000 | Time: 6.8s
2026-03-19 11:15:19 - ----------------------------------------
2026-03-19 11:15:20 - [Test] Acc: 0.7199 | Precision(macro): 0.5997 | Recall(macro): 0.5975 | F1(macro): 0.5986
2026-03-19 11:15:20 - [Test] Classification Report:
              precision    recall  f1-score   support

      benign     0.3840    0.3721    0.3780       129
    no_tumor     0.8155    0.8230    0.8192       435

    accuracy                         0.7199       564
   macro avg     0.5997    0.5975    0.5986       564
weighted avg     0.7168    0.7199    0.7183       564

2026-03-19 11:15:20 - ----------------------------------------
2026-03-19 11:15:27 - Epoch [58/60] LR(backbone/head): 2.654809e-06/2.654809e-05 | WarmupCosineFactor: 0.0531 | Loss: 0.2886 | Train Acc: 1.0000 | Time: 6.4s
2026-03-19 11:15:33 - Epoch [59/60] LR(backbone/head): 2.538734e-06/2.538734e-05 | WarmupCosineFactor: 0.0508 | Loss: 0.2910 | Train Acc: 0.9992 | Time: 6.3s
2026-03-19 11:15:40 - Epoch [60/60] LR(backbone/head): 2.500000e-06/2.500000e-05 | WarmupCosineFactor: 0.0500 | Loss: 0.2858 | Train Acc: 1.0000 | Time: 6.7s
2026-03-19 11:15:40 - ----------------------------------------
2026-03-19 11:15:41 - [Test] Acc: 0.7394 | Precision(macro): 0.6162 | Recall(macro): 0.6020 | F1(macro): 0.6074
2026-03-19 11:15:41 - [Test] Classification Report:
              precision    recall  f1-score   support

      benign     0.4167    0.3488    0.3797       129
    no_tumor     0.8158    0.8552    0.8350       435

    accuracy                         0.7394       564
   macro avg     0.6162    0.6020    0.6074       564
weighted avg     0.7245    0.7394    0.7309       564

2026-03-19 11:15:41 - ----------------------------------------
2026-03-19 11:15:41 - 
============================================================
2026-03-19 11:15:41 - 训练完成! 最优模型: Epoch 15, F1: 0.6302
2026-03-19 11:15:41 - ============================================================
2026-03-19 11:15:41 - 
加载最优权重进行最终测试...
2026-03-19 11:15:41 - ============================================================
2026-03-19 11:15:41 - 最终测试结果 (最优权重)
2026-03-19 11:15:41 - ============================================================
2026-03-19 11:15:42 - [Final Test] Acc: 0.7784 | Precision(macro): 0.6723 | Recall(macro): 0.6164 | F1(macro): 0.6302
2026-03-19 11:15:42 - [Final Test] Classification Report:
              precision    recall  f1-score   support

      benign     0.5256    0.3178    0.3961       129
    no_tumor     0.8189    0.9149    0.8643       435

    accuracy                         0.7784       564
   macro avg     0.6723    0.6164    0.6302       564
weighted avg     0.7518    0.7784    0.7572       564

2026-03-19 11:15:42 - 训练脚本已复制到: /data1/ouyangxinglong/GBP-Cascade/logs/20260319_task2_ConvNeXtTiny_adamw_warmupcosine_classweight_img320_seed84_7/20260319_task2_ConvNeXtTiny_adamw_warmupcosine_classweight_img320_seed84_7.py
