[extract] forward pass on test set ...
/home/ubuntu/anaconda3/envs/gbp/lib/python3.11/site-packages/umap/umap_.py:1952: UserWarning: n_jobs value 1 overridden to 1 by setting random_state. Use no seed for parallelism.
  warn(
[cache] Saved to /data1/ouyangxinglong/GBP-Cascade/0414/logs/feature_analysis_best_softmax_segcls3/deep/features_by_layer.npz
[1.1] multilayer t-SNE ...
[1.2] PCA / t-SNE / UMAP comparison ...
[1.3] attribute coloring grid ...
[1.4] distance distributions ...
[1.5] discriminative dim analysis ...
[1.6] clinical gray zone ...
[done] report → /data1/ouyangxinglong/GBP-Cascade/0414/logs/feature_analysis_best_softmax_segcls3/deep/report.json
{
  "ckpt": "/data1/ouyangxinglong/GBP-Cascade/0414/logs/20260414_task3_SwinV2Tiny_segcls_3/20260414_task3_SwinV2Tiny_segcls_3_best.pth",
  "num_samples": 456,
  "class_names": [
    "malignant",
    "benign",
    "no_tumor"
  ],
  "sanity_cls_feat_320_silhouette": 0.11499641835689545
}
