2026-03-26 06:09:51 - ============================================================
2026-03-26 06:09:51 - 实验名称: 20260326_task2_LAT_SwinV2Tiny_v2
2026-03-26 06:09:51 - 任务: Task 2 - 良性肿瘤(0) vs 非肿瘤性息肉(1)
2026-03-26 06:09:51 - 模型: Lesion-Aware Transformer (LAT) v2
2026-03-26 06:09:51 - 修改: SwinV2-Tiny 4ch + Mask-Guided Dual Pool + 12dim Morph + Transformer Fusion(2L/4H/256d) + Mixup/CutMix + drop=0.35
2026-03-26 06:09:51 - Fusion Dim: 256
2026-03-26 06:09:51 - Batch Size: 8 | Mixup: True
2026-03-26 06:09:51 - LR - Backbone: 2e-05 | Fusion: 0.0001 | Head: 0.0002
2026-03-26 06:09:51 - Weight Decay: 0.05 | Label Smoothing: 0.1
2026-03-26 06:09:51 - Warmup: 8 | Epochs: 100
2026-03-26 06:09:51 - Precision Alpha: 0.6
2026-03-26 06:09:51 - Grad Clip: 1.0 | AMP: True
2026-03-26 06:09:51 - 设备: cuda
2026-03-26 06:09:51 - ============================================================
2026-03-26 06:09:51 - 训练集: 1229 (benign=309, no_tumor=920)
2026-03-26 06:09:51 - 测试集: 523 (benign=129, no_tumor=394)
2026-03-26 06:09:52 - 参数量: 28,867,781 | 可训练: 28,867,781
2026-03-26 06:09:52 - 类别权重: benign=1.9887, no_tumor=0.6679
2026-03-26 06:09:52 - 损失函数: CE(class_weight+LS=0.1) + Mixup/CutMix
2026-03-26 06:09:52 - 
============================================================
2026-03-26 06:09:52 - 开始训练
2026-03-26 06:09:52 - ============================================================
2026-03-26 06:10:07 - Epoch [  1/100] LR(2.50e-06/1.25e-05/2.50e-05) Factor:0.1250 | Loss:0.7643 | Acc:0.5662 | 15.3s
2026-03-26 06:10:21 - Epoch [  2/100] LR(5.00e-06/2.50e-05/5.00e-05) Factor:0.2500 | Loss:0.7226 | Acc:0.5980 | 13.5s
2026-03-26 06:10:34 - Epoch [  3/100] LR(7.50e-06/3.75e-05/7.50e-05) Factor:0.3750 | Loss:0.7199 | Acc:0.6250 | 13.6s
2026-03-26 06:10:48 - Epoch [  4/100] LR(1.00e-05/5.00e-05/1.00e-04) Factor:0.5000 | Loss:0.7302 | Acc:0.6266 | 13.2s
2026-03-26 06:11:01 - Epoch [  5/100] LR(1.25e-05/6.25e-05/1.25e-04) Factor:0.6250 | Loss:0.6980 | Acc:0.6136 | 13.7s
2026-03-26 06:11:01 - ----------------------------------------
2026-03-26 06:11:05 - [Test] Acc: 0.6673 | Prec(macro): 0.5679 | Rec(macro): 0.5732 | F1(macro): 0.5698
2026-03-26 06:11:05 - [Test] Classification Report:
              precision    recall  f1-score   support

      benign     0.3448    0.3876    0.3650       129
    no_tumor     0.7910    0.7589    0.7746       394

    accuracy                         0.6673       523
   macro avg     0.5679    0.5732    0.5698       523
weighted avg     0.6810    0.6673    0.6736       523

2026-03-26 06:11:05 - *** 最优模型 (F1: 0.5698, Epoch: 5) ***
2026-03-26 06:11:05 - ----------------------------------------
2026-03-26 06:11:19 - Epoch [  6/100] LR(1.50e-05/7.50e-05/1.50e-04) Factor:0.7500 | Loss:0.6854 | Acc:0.6373 | 13.9s
2026-03-26 06:11:32 - Epoch [  7/100] LR(1.75e-05/8.75e-05/1.75e-04) Factor:0.8750 | Loss:0.6893 | Acc:0.6381 | 13.2s
2026-03-26 06:11:46 - Epoch [  8/100] LR(2.00e-05/1.00e-04/2.00e-04) Factor:1.0000 | Loss:0.6571 | Acc:0.6585 | 13.6s
2026-03-26 06:11:59 - Epoch [  9/100] LR(2.00e-05/1.00e-04/2.00e-04) Factor:0.9997 | Loss:0.6645 | Acc:0.6528 | 13.3s
2026-03-26 06:12:13 - Epoch [ 10/100] LR(2.00e-05/9.99e-05/2.00e-04) Factor:0.9988 | Loss:0.6230 | Acc:0.7010 | 13.7s
2026-03-26 06:12:13 - ----------------------------------------
2026-03-26 06:12:17 - [Test] Acc: 0.6730 | Prec(macro): 0.5896 | Rec(macro): 0.6031 | F1(macro): 0.5929
2026-03-26 06:12:17 - [Test] Classification Report:
              precision    recall  f1-score   support

      benign     0.3704    0.4651    0.4124       129
    no_tumor     0.8089    0.7411    0.7735       394

    accuracy                         0.6730       523
   macro avg     0.5896    0.6031    0.5929       523
weighted avg     0.7007    0.6730    0.6844       523

2026-03-26 06:12:18 - *** 最优模型 (F1: 0.5929, Epoch: 10) ***
2026-03-26 06:12:18 - ----------------------------------------
2026-03-26 06:12:31 - Epoch [ 11/100] LR(1.99e-05/9.97e-05/1.99e-04) Factor:0.9974 | Loss:0.6404 | Acc:0.6593 | 13.4s
2026-03-26 06:12:45 - Epoch [ 12/100] LR(1.99e-05/9.95e-05/1.99e-04) Factor:0.9954 | Loss:0.6120 | Acc:0.6944 | 13.7s
2026-03-26 06:12:58 - Epoch [ 13/100] LR(1.99e-05/9.93e-05/1.99e-04) Factor:0.9928 | Loss:0.6132 | Acc:0.6969 | 13.3s
2026-03-26 06:13:12 - Epoch [ 14/100] LR(1.98e-05/9.90e-05/1.98e-04) Factor:0.9896 | Loss:0.5732 | Acc:0.7214 | 13.6s
2026-03-26 06:13:25 - Epoch [ 15/100] LR(1.97e-05/9.86e-05/1.97e-04) Factor:0.9859 | Loss:0.6208 | Acc:0.7222 | 13.4s
2026-03-26 06:13:25 - ----------------------------------------
2026-03-26 06:13:29 - [Test] Acc: 0.7228 | Prec(macro): 0.6101 | Rec(macro): 0.5944 | F1(macro): 0.5997
2026-03-26 06:13:29 - [Test] Classification Report:
              precision    recall  f1-score   support

      benign     0.4231    0.3411    0.3777       129
    no_tumor     0.7971    0.8477    0.8216       394

    accuracy                         0.7228       523
   macro avg     0.6101    0.5944    0.5997       523
weighted avg     0.7049    0.7228    0.7121       523

2026-03-26 06:13:29 - *** 最优模型 (F1: 0.5997, Epoch: 15) ***
2026-03-26 06:13:29 - ----------------------------------------
2026-03-26 06:13:43 - Epoch [ 16/100] LR(1.96e-05/9.82e-05/1.96e-04) Factor:0.9816 | Loss:0.5791 | Acc:0.7590 | 13.4s
2026-03-26 06:13:56 - Epoch [ 17/100] LR(1.95e-05/9.77e-05/1.95e-04) Factor:0.9768 | Loss:0.5582 | Acc:0.7614 | 13.7s
2026-03-26 06:14:10 - Epoch [ 18/100] LR(1.94e-05/9.71e-05/1.94e-04) Factor:0.9714 | Loss:0.5524 | Acc:0.7565 | 13.3s
2026-03-26 06:14:24 - Epoch [ 19/100] LR(1.93e-05/9.65e-05/1.93e-04) Factor:0.9655 | Loss:0.5389 | Acc:0.7516 | 13.8s
2026-03-26 06:14:38 - Epoch [ 20/100] LR(1.92e-05/9.59e-05/1.92e-04) Factor:0.9590 | Loss:0.5500 | Acc:0.7484 | 14.2s
2026-03-26 06:14:38 - ----------------------------------------
2026-03-26 06:14:42 - [Test] Acc: 0.6826 | Prec(macro): 0.5766 | Rec(macro): 0.5782 | F1(macro): 0.5773
2026-03-26 06:14:42 - [Test] Classification Report:
              precision    recall  f1-score   support

      benign     0.3609    0.3721    0.3664       129
    no_tumor     0.7923    0.7843    0.7883       394

    accuracy                         0.6826       523
   macro avg     0.5766    0.5782    0.5773       523
weighted avg     0.6859    0.6826    0.6842       523

2026-03-26 06:14:42 - ----------------------------------------
2026-03-26 06:14:55 - Epoch [ 21/100] LR(1.90e-05/9.52e-05/1.90e-04) Factor:0.9520 | Loss:0.5466 | Acc:0.7516 | 13.5s
2026-03-26 06:15:09 - Epoch [ 22/100] LR(1.89e-05/9.45e-05/1.89e-04) Factor:0.9445 | Loss:0.5324 | Acc:0.7475 | 13.8s
2026-03-26 06:15:23 - Epoch [ 23/100] LR(1.87e-05/9.36e-05/1.87e-04) Factor:0.9365 | Loss:0.5409 | Acc:0.7794 | 13.3s
2026-03-26 06:15:36 - Epoch [ 24/100] LR(1.86e-05/9.28e-05/1.86e-04) Factor:0.9279 | Loss:0.4894 | Acc:0.7753 | 13.6s
2026-03-26 06:15:50 - Epoch [ 25/100] LR(1.84e-05/9.19e-05/1.84e-04) Factor:0.9189 | Loss:0.5265 | Acc:0.7655 | 13.4s
2026-03-26 06:15:50 - ----------------------------------------
2026-03-26 06:15:53 - [Test] Acc: 0.7304 | Prec(macro): 0.6037 | Rec(macro): 0.5708 | F1(macro): 0.5754
2026-03-26 06:15:54 - [Test] Classification Report:
              precision    recall  f1-score   support

      benign     0.4231    0.2558    0.3188       129
    no_tumor     0.7843    0.8858    0.8319       394

    accuracy                         0.7304       523
   macro avg     0.6037    0.5708    0.5754       523
weighted avg     0.6952    0.7304    0.7054       523

2026-03-26 06:15:54 - ----------------------------------------
2026-03-26 06:16:07 - Epoch [ 26/100] LR(1.82e-05/9.09e-05/1.82e-04) Factor:0.9094 | Loss:0.5280 | Acc:0.7859 | 13.5s
2026-03-26 06:16:21 - Epoch [ 27/100] LR(1.80e-05/8.99e-05/1.80e-04) Factor:0.8994 | Loss:0.4814 | Acc:0.7868 | 13.9s
2026-03-26 06:16:34 - Epoch [ 28/100] LR(1.78e-05/8.89e-05/1.78e-04) Factor:0.8890 | Loss:0.5162 | Acc:0.7696 | 13.4s
2026-03-26 06:16:47 - Epoch [ 29/100] LR(1.76e-05/8.78e-05/1.76e-04) Factor:0.8781 | Loss:0.5040 | Acc:0.7786 | 13.1s
2026-03-26 06:17:00 - Epoch [ 30/100] LR(1.73e-05/8.67e-05/1.73e-04) Factor:0.8668 | Loss:0.4808 | Acc:0.8047 | 13.0s
2026-03-26 06:17:00 - ----------------------------------------
2026-03-26 06:17:04 - [Test] Acc: 0.7075 | Prec(macro): 0.6086 | Rec(macro): 0.6103 | F1(macro): 0.6094
2026-03-26 06:17:04 - [Test] Classification Report:
              precision    recall  f1-score   support

      benign     0.4091    0.4186    0.4138       129
    no_tumor     0.8082    0.8020    0.8051       394

    accuracy                         0.7075       523
   macro avg     0.6086    0.6103    0.6094       523
weighted avg     0.7097    0.7075    0.7086       523

2026-03-26 06:17:05 - *** 最优模型 (F1: 0.6094, Epoch: 30) ***
2026-03-26 06:17:05 - ----------------------------------------
2026-03-26 06:17:18 - Epoch [ 31/100] LR(1.71e-05/8.55e-05/1.71e-04) Factor:0.8550 | Loss:0.4616 | Acc:0.7998 | 13.0s
2026-03-26 06:17:31 - Epoch [ 32/100] LR(1.69e-05/8.43e-05/1.69e-04) Factor:0.8429 | Loss:0.4687 | Acc:0.7974 | 13.3s
2026-03-26 06:17:44 - Epoch [ 33/100] LR(1.66e-05/8.30e-05/1.66e-04) Factor:0.8303 | Loss:0.4692 | Acc:0.8023 | 13.2s
2026-03-26 06:17:58 - Epoch [ 34/100] LR(1.63e-05/8.17e-05/1.63e-04) Factor:0.8174 | Loss:0.4771 | Acc:0.7868 | 13.6s
2026-03-26 06:18:11 - Epoch [ 35/100] LR(1.61e-05/8.04e-05/1.61e-04) Factor:0.8041 | Loss:0.4565 | Acc:0.7941 | 13.1s
2026-03-26 06:18:11 - ----------------------------------------
2026-03-26 06:18:14 - [Test] Acc: 0.7189 | Prec(macro): 0.6026 | Rec(macro): 0.5866 | F1(macro): 0.5916
2026-03-26 06:18:14 - [Test] Classification Report:
              precision    recall  f1-score   support

      benign     0.4118    0.3256    0.3636       129
    no_tumor     0.7933    0.8477    0.8196       394

    accuracy                         0.7189       523
   macro avg     0.6026    0.5866    0.5916       523
weighted avg     0.6992    0.7189    0.7072       523

2026-03-26 06:18:14 - ----------------------------------------
2026-03-26 06:18:28 - Epoch [ 36/100] LR(1.58e-05/7.90e-05/1.58e-04) Factor:0.7905 | Loss:0.4569 | Acc:0.7908 | 13.3s
2026-03-26 06:18:41 - Epoch [ 37/100] LR(1.55e-05/7.76e-05/1.55e-04) Factor:0.7765 | Loss:0.5055 | Acc:0.7917 | 13.3s
2026-03-26 06:18:54 - Epoch [ 38/100] LR(1.52e-05/7.62e-05/1.52e-04) Factor:0.7622 | Loss:0.4713 | Acc:0.7851 | 13.0s
2026-03-26 06:19:07 - Epoch [ 39/100] LR(1.50e-05/7.48e-05/1.50e-04) Factor:0.7476 | Loss:0.4576 | Acc:0.7949 | 13.2s
2026-03-26 06:19:21 - Epoch [ 40/100] LR(1.47e-05/7.33e-05/1.47e-04) Factor:0.7327 | Loss:0.4300 | Acc:0.7925 | 13.7s
2026-03-26 06:19:21 - ----------------------------------------
2026-03-26 06:19:25 - [Test] Acc: 0.6654 | Prec(macro): 0.5807 | Rec(macro): 0.5928 | F1(macro): 0.5834
2026-03-26 06:19:25 - [Test] Classification Report:
              precision    recall  f1-score   support

      benign     0.3580    0.4496    0.3986       129
    no_tumor     0.8033    0.7360    0.7682       394

    accuracy                         0.6654       523
   macro avg     0.5807    0.5928    0.5834       523
weighted avg     0.6935    0.6654    0.6771       523

2026-03-26 06:19:25 - ----------------------------------------
2026-03-26 06:19:38 - Epoch [ 41/100] LR(1.44e-05/7.18e-05/1.44e-04) Factor:0.7176 | Loss:0.4187 | Acc:0.8056 | 13.2s
2026-03-26 06:19:51 - Epoch [ 42/100] LR(1.40e-05/7.02e-05/1.40e-04) Factor:0.7022 | Loss:0.4366 | Acc:0.8350 | 13.2s
2026-03-26 06:20:04 - Epoch [ 43/100] LR(1.37e-05/6.87e-05/1.37e-04) Factor:0.6866 | Loss:0.4376 | Acc:0.8219 | 13.2s
2026-03-26 06:20:17 - Epoch [ 44/100] LR(1.34e-05/6.71e-05/1.34e-04) Factor:0.6708 | Loss:0.4246 | Acc:0.8105 | 13.1s
2026-03-26 06:20:31 - Epoch [ 45/100] LR(1.31e-05/6.55e-05/1.31e-04) Factor:0.6547 | Loss:0.4144 | Acc:0.8342 | 13.7s
2026-03-26 06:20:31 - ----------------------------------------
2026-03-26 06:20:34 - [Test] Acc: 0.7323 | Prec(macro): 0.6097 | Rec(macro): 0.5773 | F1(macro): 0.5829
2026-03-26 06:20:35 - [Test] Classification Report:
              precision    recall  f1-score   support

      benign     0.4321    0.2713    0.3333       129
    no_tumor     0.7873    0.8832    0.8325       394

    accuracy                         0.7323       523
   macro avg     0.6097    0.5773    0.5829       523
weighted avg     0.6997    0.7323    0.7094       523

2026-03-26 06:20:35 - ----------------------------------------
2026-03-26 06:20:48 - Epoch [ 46/100] LR(1.28e-05/6.39e-05/1.28e-04) Factor:0.6385 | Loss:0.4127 | Acc:0.8276 | 13.2s
2026-03-26 06:21:01 - Epoch [ 47/100] LR(1.24e-05/6.22e-05/1.24e-04) Factor:0.6222 | Loss:0.4470 | Acc:0.8145 | 13.1s
2026-03-26 06:21:14 - Epoch [ 48/100] LR(1.21e-05/6.06e-05/1.21e-04) Factor:0.6057 | Loss:0.4120 | Acc:0.8186 | 13.6s
2026-03-26 06:21:28 - Epoch [ 49/100] LR(1.18e-05/5.89e-05/1.18e-04) Factor:0.5891 | Loss:0.4054 | Acc:0.7966 | 13.2s
2026-03-26 06:21:41 - Epoch [ 50/100] LR(1.14e-05/5.72e-05/1.14e-04) Factor:0.5724 | Loss:0.3942 | Acc:0.8342 | 13.0s
2026-03-26 06:21:41 - ----------------------------------------
2026-03-26 06:21:45 - [Test] Acc: 0.7400 | Prec(macro): 0.6167 | Rec(macro): 0.5719 | F1(macro): 0.5764
2026-03-26 06:21:45 - [Test] Classification Report:
              precision    recall  f1-score   support

      benign     0.4493    0.2403    0.3131       129
    no_tumor     0.7841    0.9036    0.8396       394

    accuracy                         0.7400       523
   macro avg     0.6167    0.5719    0.5764       523
weighted avg     0.7015    0.7400    0.7098       523

2026-03-26 06:21:45 - ----------------------------------------
2026-03-26 06:21:58 - Epoch [ 51/100] LR(1.11e-05/5.56e-05/1.11e-04) Factor:0.5556 | Loss:0.4050 | Acc:0.8096 | 13.2s
2026-03-26 06:22:11 - Epoch [ 52/100] LR(1.08e-05/5.39e-05/1.08e-04) Factor:0.5388 | Loss:0.3914 | Acc:0.8039 | 13.1s
2026-03-26 06:22:25 - Epoch [ 53/100] LR(1.04e-05/5.22e-05/1.04e-04) Factor:0.5219 | Loss:0.4044 | Acc:0.8325 | 13.5s
2026-03-26 06:22:38 - Epoch [ 54/100] LR(1.01e-05/5.05e-05/1.01e-04) Factor:0.5050 | Loss:0.3556 | Acc:0.8284 | 13.4s
2026-03-26 06:22:52 - Epoch [ 55/100] LR(9.76e-06/4.88e-05/9.76e-05) Factor:0.4881 | Loss:0.3645 | Acc:0.8243 | 13.6s
2026-03-26 06:22:52 - ----------------------------------------
2026-03-26 06:22:55 - [Test] Acc: 0.7075 | Prec(macro): 0.5658 | Rec(macro): 0.5478 | F1(macro): 0.5490
2026-03-26 06:22:55 - [Test] Classification Report:
              precision    recall  f1-score   support

      benign     0.3571    0.2326    0.2817       129
    no_tumor     0.7745    0.8629    0.8163       394

    accuracy                         0.7075       523
   macro avg     0.5658    0.5478    0.5490       523
weighted avg     0.6715    0.7075    0.6845       523

2026-03-26 06:22:55 - ----------------------------------------
2026-03-26 06:23:09 - Epoch [ 56/100] LR(9.42e-06/4.71e-05/9.42e-05) Factor:0.4712 | Loss:0.3700 | Acc:0.8276 | 13.4s
2026-03-26 06:23:22 - Epoch [ 57/100] LR(9.09e-06/4.54e-05/9.09e-05) Factor:0.4544 | Loss:0.3569 | Acc:0.8317 | 13.8s
2026-03-26 06:23:36 - Epoch [ 58/100] LR(8.75e-06/4.38e-05/8.75e-05) Factor:0.4376 | Loss:0.3934 | Acc:0.8170 | 13.9s
2026-03-26 06:23:50 - Epoch [ 59/100] LR(8.42e-06/4.21e-05/8.42e-05) Factor:0.4209 | Loss:0.3705 | Acc:0.8431 | 13.5s
2026-03-26 06:24:03 - Epoch [ 60/100] LR(8.09e-06/4.04e-05/8.09e-05) Factor:0.4043 | Loss:0.3944 | Acc:0.8276 | 13.3s
2026-03-26 06:24:03 - ----------------------------------------
2026-03-26 06:24:07 - [Test] Acc: 0.7113 | Prec(macro): 0.5772 | Rec(macro): 0.5581 | F1(macro): 0.5610
2026-03-26 06:24:07 - [Test] Classification Report:
              precision    recall  f1-score   support

      benign     0.3750    0.2558    0.3041       129
    no_tumor     0.7793    0.8604    0.8179       394

    accuracy                         0.7113       523
   macro avg     0.5772    0.5581    0.5610       523
weighted avg     0.6796    0.7113    0.6911       523

2026-03-26 06:24:07 - ----------------------------------------
2026-03-26 06:24:20 - Epoch [ 61/100] LR(7.76e-06/3.88e-05/7.76e-05) Factor:0.3878 | Loss:0.3594 | Acc:0.8301 | 13.4s
2026-03-26 06:24:33 - Epoch [ 62/100] LR(7.43e-06/3.71e-05/7.43e-05) Factor:0.3715 | Loss:0.3785 | Acc:0.8342 | 13.4s
2026-03-26 06:24:47 - Epoch [ 63/100] LR(7.11e-06/3.55e-05/7.11e-05) Factor:0.3553 | Loss:0.3593 | Acc:0.8440 | 13.5s
2026-03-26 06:25:00 - Epoch [ 64/100] LR(6.78e-06/3.39e-05/6.78e-05) Factor:0.3392 | Loss:0.3266 | Acc:0.8301 | 13.4s
2026-03-26 06:25:13 - Epoch [ 65/100] LR(6.47e-06/3.23e-05/6.47e-05) Factor:0.3234 | Loss:0.3662 | Acc:0.8587 | 13.1s
2026-03-26 06:25:13 - ----------------------------------------
2026-03-26 06:25:17 - [Test] Acc: 0.7113 | Prec(macro): 0.5868 | Rec(macro): 0.5711 | F1(macro): 0.5752
2026-03-26 06:25:17 - [Test] Classification Report:
              precision    recall  f1-score   support

      benign     0.3878    0.2946    0.3348       129
    no_tumor     0.7859    0.8477    0.8156       394

    accuracy                         0.7113       523
   macro avg     0.5868    0.5711    0.5752       523
weighted avg     0.6877    0.7113    0.6970       523

2026-03-26 06:25:17 - ----------------------------------------
2026-03-26 06:25:31 - Epoch [ 66/100] LR(6.16e-06/3.08e-05/6.16e-05) Factor:0.3078 | Loss:0.3372 | Acc:0.8350 | 13.4s
2026-03-26 06:25:44 - Epoch [ 67/100] LR(5.85e-06/2.92e-05/5.85e-05) Factor:0.2924 | Loss:0.3675 | Acc:0.8407 | 13.6s
2026-03-26 06:25:58 - Epoch [ 68/100] LR(5.55e-06/2.77e-05/5.55e-05) Factor:0.2773 | Loss:0.3546 | Acc:0.8170 | 13.4s
2026-03-26 06:26:12 - Epoch [ 69/100] LR(5.25e-06/2.62e-05/5.25e-05) Factor:0.2624 | Loss:0.3510 | Acc:0.8292 | 14.1s
2026-03-26 06:26:25 - Epoch [ 70/100] LR(4.96e-06/2.48e-05/4.96e-05) Factor:0.2478 | Loss:0.3551 | Acc:0.8268 | 13.3s
2026-03-26 06:26:25 - ----------------------------------------
2026-03-26 06:26:29 - [Test] Acc: 0.7094 | Prec(macro): 0.5727 | Rec(macro): 0.5542 | F1(macro): 0.5566
2026-03-26 06:26:29 - [Test] Classification Report:
              precision    recall  f1-score   support

      benign     0.3678    0.2481    0.2963       129
    no_tumor     0.7775    0.8604    0.8169       394

    accuracy                         0.7094       523
   macro avg     0.5727    0.5542    0.5566       523
weighted avg     0.6765    0.7094    0.6885       523

2026-03-26 06:26:29 - ----------------------------------------
2026-03-26 06:26:43 - Epoch [ 71/100] LR(4.67e-06/2.34e-05/4.67e-05) Factor:0.2335 | Loss:0.3235 | Acc:0.8440 | 13.6s
2026-03-26 06:26:56 - Epoch [ 72/100] LR(4.39e-06/2.20e-05/4.39e-05) Factor:0.2195 | Loss:0.3633 | Acc:0.8219 | 13.6s
2026-03-26 06:27:10 - Epoch [ 73/100] LR(4.12e-06/2.06e-05/4.12e-05) Factor:0.2059 | Loss:0.3315 | Acc:0.8366 | 13.3s
2026-03-26 06:27:23 - Epoch [ 74/100] LR(3.85e-06/1.93e-05/3.85e-05) Factor:0.1926 | Loss:0.3474 | Acc:0.8431 | 13.5s
2026-03-26 06:27:37 - Epoch [ 75/100] LR(3.59e-06/1.80e-05/3.59e-05) Factor:0.1797 | Loss:0.3414 | Acc:0.8529 | 13.5s
2026-03-26 06:27:37 - ----------------------------------------
2026-03-26 06:27:40 - [Test] Acc: 0.7304 | Prec(macro): 0.6099 | Rec(macro): 0.5812 | F1(macro): 0.5873
2026-03-26 06:27:40 - [Test] Classification Report:
              precision    recall  f1-score   support

      benign     0.4302    0.2868    0.3442       129
    no_tumor     0.7895    0.8756    0.8303       394

    accuracy                         0.7304       523
   macro avg     0.6099    0.5812    0.5873       523
weighted avg     0.7009    0.7304    0.7104       523

2026-03-26 06:27:40 - ----------------------------------------
2026-03-26 06:27:54 - Epoch [ 76/100] LR(3.34e-06/1.67e-05/3.34e-05) Factor:0.1671 | Loss:0.3363 | Acc:0.8505 | 13.3s
2026-03-26 06:28:07 - Epoch [ 77/100] LR(3.10e-06/1.55e-05/3.10e-05) Factor:0.1550 | Loss:0.3119 | Acc:0.8562 | 13.5s
2026-03-26 06:28:21 - Epoch [ 78/100] LR(2.86e-06/1.43e-05/2.86e-05) Factor:0.1432 | Loss:0.3794 | Acc:0.8170 | 13.5s
2026-03-26 06:28:35 - Epoch [ 79/100] LR(2.64e-06/1.32e-05/2.64e-05) Factor:0.1319 | Loss:0.3188 | Acc:0.8301 | 14.0s
2026-03-26 06:28:48 - Epoch [ 80/100] LR(2.42e-06/1.21e-05/2.42e-05) Factor:0.1210 | Loss:0.3246 | Acc:0.8676 | 13.4s
2026-03-26 06:28:48 - ----------------------------------------
2026-03-26 06:28:52 - [Test] Acc: 0.7170 | Prec(macro): 0.5883 | Rec(macro): 0.5671 | F1(macro): 0.5712
2026-03-26 06:28:52 - [Test] Classification Report:
              precision    recall  f1-score   support

      benign     0.3933    0.2713    0.3211       129
    no_tumor     0.7834    0.8629    0.8213       394

    accuracy                         0.7170       523
   macro avg     0.5883    0.5671    0.5712       523
weighted avg     0.6872    0.7170    0.6979       523

2026-03-26 06:28:52 - ----------------------------------------
2026-03-26 06:29:05 - Epoch [ 81/100] LR(2.21e-06/1.11e-05/2.21e-05) Factor:0.1106 | Loss:0.3624 | Acc:0.8227 | 13.4s
2026-03-26 06:29:19 - Epoch [ 82/100] LR(2.01e-06/1.01e-05/2.01e-05) Factor:0.1006 | Loss:0.3498 | Acc:0.8186 | 13.8s
2026-03-26 06:29:33 - Epoch [ 83/100] LR(1.82e-06/9.11e-06/1.82e-05) Factor:0.0911 | Loss:0.3345 | Acc:0.8415 | 13.4s
2026-03-26 06:29:46 - Epoch [ 84/100] LR(1.64e-06/8.21e-06/1.64e-05) Factor:0.0821 | Loss:0.3067 | Acc:0.8521 | 13.6s
2026-03-26 06:29:59 - Epoch [ 85/100] LR(1.47e-06/7.35e-06/1.47e-05) Factor:0.0735 | Loss:0.3310 | Acc:0.8276 | 13.1s
2026-03-26 06:29:59 - ----------------------------------------
2026-03-26 06:30:03 - [Test] Acc: 0.7208 | Prec(macro): 0.5951 | Rec(macro): 0.5723 | F1(macro): 0.5770
2026-03-26 06:30:03 - [Test] Classification Report:
              precision    recall  f1-score   support

      benign     0.4045    0.2791    0.3303       129
    no_tumor     0.7857    0.8655    0.8237       394

    accuracy                         0.7208       523
   macro avg     0.5951    0.5723    0.5770       523
weighted avg     0.6917    0.7208    0.7020       523

2026-03-26 06:30:03 - ----------------------------------------
2026-03-26 06:30:17 - Epoch [ 86/100] LR(1.31e-06/6.55e-06/1.31e-05) Factor:0.0655 | Loss:0.2936 | Acc:0.8292 | 13.3s
2026-03-26 06:30:30 - Epoch [ 87/100] LR(1.16e-06/5.80e-06/1.16e-05) Factor:0.0580 | Loss:0.3394 | Acc:0.8456 | 13.3s
2026-03-26 06:30:43 - Epoch [ 88/100] LR(1.02e-06/5.10e-06/1.02e-05) Factor:0.0510 | Loss:0.3703 | Acc:0.8472 | 13.6s
2026-03-26 06:30:57 - Epoch [ 89/100] LR(8.90e-07/4.45e-06/8.90e-06) Factor:0.0445 | Loss:0.3302 | Acc:0.8415 | 13.5s
2026-03-26 06:31:10 - Epoch [ 90/100] LR(7.72e-07/3.86e-06/7.72e-06) Factor:0.0386 | Loss:0.3195 | Acc:0.8595 | 13.4s
2026-03-26 06:31:10 - ----------------------------------------
2026-03-26 06:31:14 - [Test] Acc: 0.7208 | Prec(macro): 0.5951 | Rec(macro): 0.5723 | F1(macro): 0.5770
2026-03-26 06:31:14 - [Test] Classification Report:
              precision    recall  f1-score   support

      benign     0.4045    0.2791    0.3303       129
    no_tumor     0.7857    0.8655    0.8237       394

    accuracy                         0.7208       523
   macro avg     0.5951    0.5723    0.5770       523
weighted avg     0.6917    0.7208    0.7020       523

2026-03-26 06:31:14 - ----------------------------------------
2026-03-26 06:31:28 - Epoch [ 91/100] LR(6.64e-07/3.32e-06/6.64e-06) Factor:0.0332 | Loss:0.2978 | Acc:0.8489 | 13.7s
2026-03-26 06:31:41 - Epoch [ 92/100] LR(5.67e-07/2.84e-06/5.67e-06) Factor:0.0284 | Loss:0.3262 | Acc:0.8309 | 13.3s
2026-03-26 06:31:55 - Epoch [ 93/100] LR(4.81e-07/2.41e-06/4.81e-06) Factor:0.0241 | Loss:0.3456 | Acc:0.8382 | 14.0s
2026-03-26 06:32:08 - Epoch [ 94/100] LR(4.07e-07/2.04e-06/4.07e-06) Factor:0.0204 | Loss:0.2794 | Acc:0.8546 | 13.5s
2026-03-26 06:32:22 - Epoch [ 95/100] LR(3.44e-07/1.72e-06/3.44e-06) Factor:0.0172 | Loss:0.3351 | Acc:0.8391 | 13.5s
2026-03-26 06:32:22 - ----------------------------------------
2026-03-26 06:32:25 - [Test] Acc: 0.7132 | Prec(macro): 0.5835 | Rec(macro): 0.5646 | F1(macro): 0.5683
2026-03-26 06:32:25 - [Test] Classification Report:
              precision    recall  f1-score   support

      benign     0.3846    0.2713    0.3182       129
    no_tumor     0.7824    0.8579    0.8184       394

    accuracy                         0.7132       523
   macro avg     0.5835    0.5646    0.5683       523
weighted avg     0.6843    0.7132    0.6950       523

2026-03-26 06:32:25 - ----------------------------------------
2026-03-26 06:32:39 - Epoch [ 96/100] LR(2.92e-07/1.46e-06/2.92e-06) Factor:0.0146 | Loss:0.2952 | Acc:0.8636 | 13.8s
2026-03-26 06:32:53 - Epoch [ 97/100] LR(2.52e-07/1.26e-06/2.52e-06) Factor:0.0126 | Loss:0.3333 | Acc:0.8423 | 13.5s
2026-03-26 06:33:06 - Epoch [ 98/100] LR(2.23e-07/1.12e-06/2.23e-06) Factor:0.0112 | Loss:0.3026 | Acc:0.8268 | 13.5s
2026-03-26 06:33:20 - Epoch [ 99/100] LR(2.06e-07/1.03e-06/2.06e-06) Factor:0.0103 | Loss:0.3086 | Acc:0.8399 | 13.3s
2026-03-26 06:33:33 - Epoch [100/100] LR(2.00e-07/1.00e-06/2.00e-06) Factor:0.0100 | Loss:0.2893 | Acc:0.8603 | 13.5s
2026-03-26 06:33:33 - ----------------------------------------
2026-03-26 06:33:37 - [Test] Acc: 0.7132 | Prec(macro): 0.5835 | Rec(macro): 0.5646 | F1(macro): 0.5683
2026-03-26 06:33:37 - [Test] Classification Report:
              precision    recall  f1-score   support

      benign     0.3846    0.2713    0.3182       129
    no_tumor     0.7824    0.8579    0.8184       394

    accuracy                         0.7132       523
   macro avg     0.5835    0.5646    0.5683       523
weighted avg     0.6843    0.7132    0.6950       523

2026-03-26 06:33:37 - ----------------------------------------
2026-03-26 06:33:37 - 
============================================================
2026-03-26 06:33:37 - 训练完成! 最优: Epoch 30, F1: 0.6094
2026-03-26 06:33:37 - ============================================================
2026-03-26 06:33:37 - 
加载最优权重...
2026-03-26 06:33:40 - ============================================================
2026-03-26 06:33:40 - 最终测试 (threshold=0.5)
2026-03-26 06:33:40 - ============================================================
2026-03-26 06:33:40 - [Final] Acc: 0.7075 | Prec(macro): 0.6086 | Rec(macro): 0.6103 | F1(macro): 0.6094
2026-03-26 06:33:40 - [Final] Classification Report:
              precision    recall  f1-score   support

      benign     0.4091    0.4186    0.4138       129
    no_tumor     0.8082    0.8020    0.8051       394

    accuracy                         0.7075       523
   macro avg     0.6086    0.6103    0.6094       523
weighted avg     0.7097    0.7075    0.7086       523

2026-03-26 06:33:40 - 
============================================================
2026-03-26 06:33:40 - 标准阈值优化 (最大化 macro F1)
2026-03-26 06:33:40 - ============================================================
2026-03-26 06:33:41 - F1最优阈值: 0.245 (F1: 0.6310)
2026-03-26 06:33:41 - [Final(F1阈值)] Acc: 0.7036 | Prec(macro): 0.6254 | Rec(macro): 0.6443 | F1(macro): 0.6310
2026-03-26 06:33:41 - [Final(F1阈值)] Classification Report:
              precision    recall  f1-score   support

      benign     0.4198    0.5271    0.4674       129
    no_tumor     0.8310    0.7614    0.7947       394

    accuracy                         0.7036       523
   macro avg     0.6254    0.6443    0.6310       523
weighted avg     0.7296    0.7036    0.7140       523

2026-03-26 06:33:41 - 
============================================================
2026-03-26 06:33:41 - 精确度导向阈值 (0.6*F1 + 0.4*benign_prec)
2026-03-26 06:33:41 - 目标: 宁愿把良性判断成无 -> 提高 benign precision
2026-03-26 06:33:41 - ============================================================
2026-03-26 06:33:41 - 精确度导向阈值: 0.245 (F1: 0.6310, benign_prec: 0.4198)
2026-03-26 06:33:41 - [Final(精确度导向)] Acc: 0.7036 | Prec(macro): 0.6254 | Rec(macro): 0.6443 | F1(macro): 0.6310
2026-03-26 06:33:41 - [Final(精确度导向)] Classification Report:
              precision    recall  f1-score   support

      benign     0.4198    0.5271    0.4674       129
    no_tumor     0.8310    0.7614    0.7947       394

    accuracy                         0.7036       523
   macro avg     0.6254    0.6443    0.6310       523
weighted avg     0.7296    0.7036    0.7140       523

2026-03-26 06:33:41 - 脚本已复制到: /data1/ouyangxinglong/GBP-Cascade/0323/logs/20260326_task2_LAT_SwinV2Tiny_v2/task2_lat_v2.py
