2026-03-18 16:35:11 - ============================================================
2026-03-18 16:35:11 - 实验名称: 20260318_task2_Resnet18_classweight_2
2026-03-18 16:35:11 - 任务: Task 2 - 良性肿瘤(0) vs 非肿瘤性息肉(1)
2026-03-18 16:35:11 - 模型: ResNet18 (ImageNet预训练)
2026-03-18 16:35:11 - 修改: class weight + 全参数微调 + 无数据增强
2026-03-18 16:35:11 - 图像尺寸: 224
2026-03-18 16:35:11 - Batch Size: 32
2026-03-18 16:35:11 - 学习率: 0.001
2026-03-18 16:35:11 - Weight Decay: 0.0001
2026-03-18 16:35:11 - Epochs: 100
2026-03-18 16:35:11 - 设备: cuda
2026-03-18 16:35:11 - ============================================================
2026-03-18 16:35:11 - 训练集: 1303 张 (benign=309, no_tumor=994)
2026-03-18 16:35:11 - 测试集: 564 张 (benign=129, no_tumor=435)
2026-03-18 16:35:11 - 模型参数量: 11,177,538
2026-03-18 16:35:11 - 可训练参数量: 11,177,538
2026-03-18 16:35:11 - 类别权重: benign=2.1084, no_tumor=0.6554
2026-03-18 16:35:11 - 
============================================================
2026-03-18 16:35:11 - 开始训练
2026-03-18 16:35:11 - ============================================================
2026-03-18 16:35:15 - Epoch [1/100] LR: 0.001000 | Loss: 0.8604 | Train Acc: 0.5449 | Time: 3.2s
2026-03-18 16:35:17 - Epoch [2/100] LR: 0.001000 | Loss: 0.6760 | Train Acc: 0.5234 | Time: 1.9s
2026-03-18 16:35:19 - Epoch [3/100] LR: 0.001000 | Loss: 0.6573 | Train Acc: 0.6201 | Time: 2.0s
2026-03-18 16:35:19 - ----------------------------------------
2026-03-18 16:35:20 - [Test] Acc: 0.6950 | Precision(macro): 0.5328 | Recall(macro): 0.5269 | F1(macro): 0.5273
2026-03-18 16:35:20 - [Test] Classification Report:
              precision    recall  f1-score   support

      benign     0.2828    0.2171    0.2456       129
    no_tumor     0.7828    0.8368    0.8089       435

    accuracy                         0.6950       564
   macro avg     0.5328    0.5269    0.5273       564
weighted avg     0.6684    0.6950    0.6801       564

2026-03-18 16:35:20 - *** 保存最优模型 (F1: 0.5273, Epoch: 3) ***
2026-03-18 16:35:20 - ----------------------------------------
2026-03-18 16:35:22 - Epoch [4/100] LR: 0.001000 | Loss: 0.6288 | Train Acc: 0.6255 | Time: 2.0s
2026-03-18 16:35:24 - Epoch [5/100] LR: 0.001000 | Loss: 0.6257 | Train Acc: 0.7099 | Time: 2.0s
2026-03-18 16:35:26 - Epoch [6/100] LR: 0.001000 | Loss: 0.5976 | Train Acc: 0.6723 | Time: 2.0s
2026-03-18 16:35:26 - ----------------------------------------
2026-03-18 16:35:27 - [Test] Acc: 0.6277 | Precision(macro): 0.5429 | Recall(macro): 0.5541 | F1(macro): 0.5402
2026-03-18 16:35:27 - [Test] Classification Report:
              precision    recall  f1-score   support

      benign     0.2857    0.4186    0.3396       129
    no_tumor     0.8000    0.6897    0.7407       435

    accuracy                         0.6277       564
   macro avg     0.5429    0.5541    0.5402       564
weighted avg     0.6824    0.6277    0.6490       564

2026-03-18 16:35:27 - *** 保存最优模型 (F1: 0.5402, Epoch: 6) ***
2026-03-18 16:35:27 - ----------------------------------------
2026-03-18 16:35:29 - Epoch [7/100] LR: 0.001000 | Loss: 0.5675 | Train Acc: 0.7368 | Time: 2.0s
2026-03-18 16:35:31 - Epoch [8/100] LR: 0.001000 | Loss: 0.5481 | Train Acc: 0.7452 | Time: 2.0s
2026-03-18 16:35:33 - Epoch [9/100] LR: 0.001000 | Loss: 0.5006 | Train Acc: 0.7698 | Time: 2.0s
2026-03-18 16:35:33 - ----------------------------------------
2026-03-18 16:35:34 - [Test] Acc: 0.6791 | Precision(macro): 0.5686 | Recall(macro): 0.5766 | F1(macro): 0.5711
2026-03-18 16:35:34 - [Test] Classification Report:
              precision    recall  f1-score   support

      benign     0.3289    0.3876    0.3559       129
    no_tumor     0.8083    0.7655    0.7863       435

    accuracy                         0.6791       564
   macro avg     0.5686    0.5766    0.5711       564
weighted avg     0.6986    0.6791    0.6879       564

2026-03-18 16:35:34 - *** 保存最优模型 (F1: 0.5711, Epoch: 9) ***
2026-03-18 16:35:34 - ----------------------------------------
2026-03-18 16:35:36 - Epoch [10/100] LR: 0.001000 | Loss: 0.3998 | Train Acc: 0.8304 | Time: 2.0s
2026-03-18 16:35:39 - Epoch [11/100] LR: 0.001000 | Loss: 0.3087 | Train Acc: 0.8849 | Time: 2.3s
2026-03-18 16:35:41 - Epoch [12/100] LR: 0.001000 | Loss: 0.2956 | Train Acc: 0.8987 | Time: 2.0s
2026-03-18 16:35:41 - ----------------------------------------
2026-03-18 16:35:42 - [Test] Acc: 0.5195 | Precision(macro): 0.5118 | Recall(macro): 0.5167 | F1(macro): 0.4769
2026-03-18 16:35:42 - [Test] Classification Report:
              precision    recall  f1-score   support

      benign     0.2409    0.5116    0.3275       129
    no_tumor     0.7828    0.5218    0.6262       435

    accuracy                         0.5195       564
   macro avg     0.5118    0.5167    0.4769       564
weighted avg     0.6588    0.5195    0.5579       564

2026-03-18 16:35:42 - ----------------------------------------
2026-03-18 16:35:44 - Epoch [13/100] LR: 0.001000 | Loss: 0.2237 | Train Acc: 0.9133 | Time: 2.1s
2026-03-18 16:35:46 - Epoch [14/100] LR: 0.001000 | Loss: 0.2313 | Train Acc: 0.9064 | Time: 2.0s
2026-03-18 16:35:48 - Epoch [15/100] LR: 0.001000 | Loss: 0.2081 | Train Acc: 0.9240 | Time: 2.0s
2026-03-18 16:35:48 - ----------------------------------------
2026-03-18 16:35:49 - [Test] Acc: 0.7039 | Precision(macro): 0.5634 | Recall(macro): 0.5572 | F1(macro): 0.5594
2026-03-18 16:35:49 - [Test] Classification Report:
              precision    recall  f1-score   support

      benign     0.3304    0.2868    0.3071       129
    no_tumor     0.7965    0.8276    0.8117       435

    accuracy                         0.7039       564
   macro avg     0.5634    0.5572    0.5594       564
weighted avg     0.6899    0.7039    0.6963       564

2026-03-18 16:35:49 - ----------------------------------------
2026-03-18 16:35:51 - Epoch [16/100] LR: 0.001000 | Loss: 0.1930 | Train Acc: 0.9217 | Time: 2.1s
2026-03-18 16:35:53 - Epoch [17/100] LR: 0.001000 | Loss: 0.1101 | Train Acc: 0.9639 | Time: 2.0s
2026-03-18 16:35:55 - Epoch [18/100] LR: 0.001000 | Loss: 0.0846 | Train Acc: 0.9693 | Time: 2.0s
2026-03-18 16:35:55 - ----------------------------------------
2026-03-18 16:35:56 - [Test] Acc: 0.6046 | Precision(macro): 0.5261 | Recall(macro): 0.5337 | F1(macro): 0.5198
2026-03-18 16:35:56 - [Test] Classification Report:
              precision    recall  f1-score   support

      benign     0.2626    0.4031    0.3180       129
    no_tumor     0.7896    0.6644    0.7216       435

    accuracy                         0.6046       564
   macro avg     0.5261    0.5337    0.5198       564
weighted avg     0.6691    0.6046    0.6293       564

2026-03-18 16:35:56 - ----------------------------------------
2026-03-18 16:35:58 - Epoch [19/100] LR: 0.001000 | Loss: 0.0981 | Train Acc: 0.9685 | Time: 2.0s
2026-03-18 16:36:00 - Epoch [20/100] LR: 0.001000 | Loss: 0.0805 | Train Acc: 0.9708 | Time: 2.0s
2026-03-18 16:36:02 - Epoch [21/100] LR: 0.001000 | Loss: 0.0817 | Train Acc: 0.9701 | Time: 2.0s
2026-03-18 16:36:02 - ----------------------------------------
2026-03-18 16:36:03 - [Test] Acc: 0.5887 | Precision(macro): 0.5237 | Recall(macro): 0.5316 | F1(macro): 0.5132
2026-03-18 16:36:03 - [Test] Classification Report:
              precision    recall  f1-score   support

      benign     0.2582    0.4264    0.3216       129
    no_tumor     0.7892    0.6368    0.7048       435

    accuracy                         0.5887       564
   macro avg     0.5237    0.5316    0.5132       564
weighted avg     0.6677    0.5887    0.6172       564

2026-03-18 16:36:03 - ----------------------------------------
2026-03-18 16:36:05 - Epoch [22/100] LR: 0.001000 | Loss: 0.0757 | Train Acc: 0.9762 | Time: 2.1s
2026-03-18 16:36:07 - Epoch [23/100] LR: 0.001000 | Loss: 0.0816 | Train Acc: 0.9754 | Time: 2.0s
2026-03-18 16:36:09 - Epoch [24/100] LR: 0.001000 | Loss: 0.0773 | Train Acc: 0.9770 | Time: 2.0s
2026-03-18 16:36:09 - ----------------------------------------
2026-03-18 16:36:10 - [Test] Acc: 0.7110 | Precision(macro): 0.5517 | Recall(macro): 0.5400 | F1(macro): 0.5414
2026-03-18 16:36:10 - [Test] Classification Report:
              precision    recall  f1-score   support

      benign     0.3152    0.2248    0.2624       129
    no_tumor     0.7881    0.8552    0.8203       435

    accuracy                         0.7110       564
   macro avg     0.5517    0.5400    0.5414       564
weighted avg     0.6800    0.7110    0.6927       564

2026-03-18 16:36:10 - ----------------------------------------
2026-03-18 16:36:12 - Epoch [25/100] LR: 0.001000 | Loss: 0.0353 | Train Acc: 0.9885 | Time: 2.0s
2026-03-18 16:36:14 - Epoch [26/100] LR: 0.001000 | Loss: 0.0354 | Train Acc: 0.9877 | Time: 2.0s
2026-03-18 16:36:16 - Epoch [27/100] LR: 0.001000 | Loss: 0.0292 | Train Acc: 0.9908 | Time: 2.0s
2026-03-18 16:36:16 - ----------------------------------------
2026-03-18 16:36:17 - [Test] Acc: 0.7163 | Precision(macro): 0.5577 | Recall(macro): 0.5434 | F1(macro): 0.5451
2026-03-18 16:36:17 - [Test] Classification Report:
              precision    recall  f1-score   support

      benign     0.3258    0.2248    0.2661       129
    no_tumor     0.7895    0.8621    0.8242       435

    accuracy                         0.7163       564
   macro avg     0.5577    0.5434    0.5451       564
weighted avg     0.6834    0.7163    0.6965       564

2026-03-18 16:36:17 - ----------------------------------------
2026-03-18 16:36:19 - Epoch [28/100] LR: 0.001000 | Loss: 0.0739 | Train Acc: 0.9800 | Time: 2.1s
2026-03-18 16:36:21 - Epoch [29/100] LR: 0.001000 | Loss: 0.0377 | Train Acc: 0.9847 | Time: 2.0s
2026-03-18 16:36:23 - Epoch [30/100] LR: 0.001000 | Loss: 0.0665 | Train Acc: 0.9747 | Time: 2.0s
2026-03-18 16:36:23 - ----------------------------------------
2026-03-18 16:36:24 - [Test] Acc: 0.6560 | Precision(macro): 0.5249 | Recall(macro): 0.5262 | F1(macro): 0.5253
2026-03-18 16:36:24 - [Test] Classification Report:
              precision    recall  f1-score   support

      benign     0.2662    0.2868    0.2761       129
    no_tumor     0.7835    0.7655    0.7744       435

    accuracy                         0.6560       564
   macro avg     0.5249    0.5262    0.5253       564
weighted avg     0.6652    0.6560    0.6604       564

2026-03-18 16:36:24 - ----------------------------------------
2026-03-18 16:36:26 - Epoch [31/100] LR: 0.001000 | Loss: 0.0865 | Train Acc: 0.9662 | Time: 2.0s
2026-03-18 16:36:28 - Epoch [32/100] LR: 0.001000 | Loss: 0.0438 | Train Acc: 0.9808 | Time: 1.9s
2026-03-18 16:36:30 - Epoch [33/100] LR: 0.001000 | Loss: 0.0424 | Train Acc: 0.9877 | Time: 2.0s
2026-03-18 16:36:30 - ----------------------------------------
2026-03-18 16:36:31 - [Test] Acc: 0.7358 | Precision(macro): 0.5585 | Recall(macro): 0.5315 | F1(macro): 0.5265
2026-03-18 16:36:31 - [Test] Classification Report:
              precision    recall  f1-score   support

      benign     0.3333    0.1550    0.2116       129
    no_tumor     0.7837    0.9080    0.8413       435

    accuracy                         0.7358       564
   macro avg     0.5585    0.5315    0.5265       564
weighted avg     0.6807    0.7358    0.6973       564

2026-03-18 16:36:31 - ----------------------------------------
2026-03-18 16:36:33 - Epoch [34/100] LR: 0.001000 | Loss: 0.0403 | Train Acc: 0.9900 | Time: 2.1s
2026-03-18 16:36:35 - Epoch [35/100] LR: 0.001000 | Loss: 0.0379 | Train Acc: 0.9854 | Time: 2.0s
2026-03-18 16:36:37 - Epoch [36/100] LR: 0.001000 | Loss: 0.0741 | Train Acc: 0.9708 | Time: 2.0s
2026-03-18 16:36:37 - ----------------------------------------
2026-03-18 16:36:38 - [Test] Acc: 0.6613 | Precision(macro): 0.5025 | Recall(macro): 0.5024 | F1(macro): 0.5021
2026-03-18 16:36:38 - [Test] Classification Report:
              precision    recall  f1-score   support

      benign     0.2328    0.2093    0.2204       129
    no_tumor     0.7723    0.7954    0.7837       435

    accuracy                         0.6613       564
   macro avg     0.5025    0.5024    0.5021       564
weighted avg     0.6489    0.6613    0.6549       564

2026-03-18 16:36:38 - ----------------------------------------
2026-03-18 16:36:40 - Epoch [37/100] LR: 0.001000 | Loss: 0.1072 | Train Acc: 0.9662 | Time: 2.0s
2026-03-18 16:36:42 - Epoch [38/100] LR: 0.001000 | Loss: 0.0312 | Train Acc: 0.9939 | Time: 2.0s
2026-03-18 16:36:44 - Epoch [39/100] LR: 0.001000 | Loss: 0.0132 | Train Acc: 0.9969 | Time: 2.0s
2026-03-18 16:36:44 - ----------------------------------------
2026-03-18 16:36:45 - [Test] Acc: 0.7057 | Precision(macro): 0.5537 | Recall(macro): 0.5447 | F1(macro): 0.5467
2026-03-18 16:36:45 - [Test] Classification Report:
              precision    recall  f1-score   support

      benign     0.3168    0.2481    0.2783       129
    no_tumor     0.7905    0.8414    0.8151       435

    accuracy                         0.7057       564
   macro avg     0.5537    0.5447    0.5467       564
weighted avg     0.6822    0.7057    0.6923       564

2026-03-18 16:36:45 - ----------------------------------------
2026-03-18 16:36:47 - Epoch [40/100] LR: 0.001000 | Loss: 0.0052 | Train Acc: 0.9969 | Time: 2.0s
2026-03-18 16:36:49 - Epoch [41/100] LR: 0.001000 | Loss: 0.0054 | Train Acc: 0.9992 | Time: 2.0s
2026-03-18 16:36:51 - Epoch [42/100] LR: 0.001000 | Loss: 0.0068 | Train Acc: 0.9992 | Time: 2.0s
2026-03-18 16:36:51 - ----------------------------------------
2026-03-18 16:36:52 - [Test] Acc: 0.7287 | Precision(macro): 0.5507 | Recall(macro): 0.5297 | F1(macro): 0.5257
2026-03-18 16:36:52 - [Test] Classification Report:
              precision    recall  f1-score   support

      benign     0.3182    0.1628    0.2154       129
    no_tumor     0.7831    0.8966    0.8360       435

    accuracy                         0.7287       564
   macro avg     0.5507    0.5297    0.5257       564
weighted avg     0.6768    0.7287    0.6941       564

2026-03-18 16:36:52 - ----------------------------------------
2026-03-18 16:36:54 - Epoch [43/100] LR: 0.001000 | Loss: 0.0158 | Train Acc: 0.9939 | Time: 2.0s
2026-03-18 16:36:56 - Epoch [44/100] LR: 0.001000 | Loss: 0.0136 | Train Acc: 0.9969 | Time: 2.0s
2026-03-18 16:36:58 - Epoch [45/100] LR: 0.001000 | Loss: 0.0512 | Train Acc: 0.9847 | Time: 2.0s
2026-03-18 16:36:58 - ----------------------------------------
2026-03-18 16:36:59 - [Test] Acc: 0.7340 | Precision(macro): 0.5312 | Recall(macro): 0.5140 | F1(macro): 0.4997
2026-03-18 16:36:59 - [Test] Classification Report:
              precision    recall  f1-score   support

      benign     0.2857    0.1085    0.1573       129
    no_tumor     0.7767    0.9195    0.8421       435

    accuracy                         0.7340       564
   macro avg     0.5312    0.5140    0.4997       564
weighted avg     0.6644    0.7340    0.6855       564

2026-03-18 16:36:59 - ----------------------------------------
2026-03-18 16:37:01 - Epoch [46/100] LR: 0.001000 | Loss: 0.2577 | Train Acc: 0.9248 | Time: 2.0s
2026-03-18 16:37:03 - Epoch [47/100] LR: 0.001000 | Loss: 0.0869 | Train Acc: 0.9724 | Time: 2.0s
2026-03-18 16:37:05 - Epoch [48/100] LR: 0.001000 | Loss: 0.0947 | Train Acc: 0.9678 | Time: 2.0s
2026-03-18 16:37:05 - ----------------------------------------
2026-03-18 16:37:06 - [Test] Acc: 0.6862 | Precision(macro): 0.5584 | Recall(macro): 0.5593 | F1(macro): 0.5588
2026-03-18 16:37:06 - [Test] Classification Report:
              precision    recall  f1-score   support

      benign     0.3182    0.3256    0.3218       129
    no_tumor     0.7986    0.7931    0.7958       435

    accuracy                         0.6862       564
   macro avg     0.5584    0.5593    0.5588       564
weighted avg     0.6887    0.6862    0.6874       564

2026-03-18 16:37:06 - ----------------------------------------
2026-03-18 16:37:08 - Epoch [49/100] LR: 0.001000 | Loss: 0.0876 | Train Acc: 0.9739 | Time: 2.0s
2026-03-18 16:37:10 - Epoch [50/100] LR: 0.001000 | Loss: 0.0396 | Train Acc: 0.9854 | Time: 2.0s
2026-03-18 16:37:12 - Epoch [51/100] LR: 0.001000 | Loss: 0.0486 | Train Acc: 0.9870 | Time: 2.0s
2026-03-18 16:37:12 - ----------------------------------------
2026-03-18 16:37:13 - [Test] Acc: 0.6862 | Precision(macro): 0.5248 | Recall(macro): 0.5212 | F1(macro): 0.5213
2026-03-18 16:37:13 - [Test] Classification Report:
              precision    recall  f1-score   support

      benign     0.2692    0.2171    0.2403       129
    no_tumor     0.7804    0.8253    0.8022       435

    accuracy                         0.6862       564
   macro avg     0.5248    0.5212    0.5213       564
weighted avg     0.6635    0.6862    0.6737       564

2026-03-18 16:37:13 - ----------------------------------------
2026-03-18 16:37:15 - Epoch [52/100] LR: 0.001000 | Loss: 0.0099 | Train Acc: 0.9969 | Time: 2.1s
2026-03-18 16:37:17 - Epoch [53/100] LR: 0.001000 | Loss: 0.0106 | Train Acc: 0.9985 | Time: 2.0s
2026-03-18 16:37:19 - Epoch [54/100] LR: 0.001000 | Loss: 0.0146 | Train Acc: 0.9962 | Time: 2.0s
2026-03-18 16:37:19 - ----------------------------------------
2026-03-18 16:37:20 - [Test] Acc: 0.7092 | Precision(macro): 0.5573 | Recall(macro): 0.5470 | F1(macro): 0.5492
2026-03-18 16:37:20 - [Test] Classification Report:
              precision    recall  f1-score   support

      benign     0.3232    0.2481    0.2807       129
    no_tumor     0.7914    0.8460    0.8178       435

    accuracy                         0.7092       564
   macro avg     0.5573    0.5470    0.5492       564
weighted avg     0.6843    0.7092    0.6949       564

2026-03-18 16:37:20 - ----------------------------------------
2026-03-18 16:37:23 - Epoch [55/100] LR: 0.001000 | Loss: 0.0023 | Train Acc: 1.0000 | Time: 2.2s
2026-03-18 16:37:24 - Epoch [56/100] LR: 0.001000 | Loss: 0.0012 | Train Acc: 1.0000 | Time: 2.0s
2026-03-18 16:37:26 - Epoch [57/100] LR: 0.001000 | Loss: 0.0022 | Train Acc: 0.9992 | Time: 2.0s
2026-03-18 16:37:26 - ----------------------------------------
2026-03-18 16:37:28 - [Test] Acc: 0.7287 | Precision(macro): 0.5539 | Recall(macro): 0.5324 | F1(macro): 0.5295
2026-03-18 16:37:28 - [Test] Classification Report:
              precision    recall  f1-score   support

      benign     0.3235    0.1705    0.2234       129
    no_tumor     0.7843    0.8943    0.8357       435

    accuracy                         0.7287       564
   macro avg     0.5539    0.5324    0.5295       564
weighted avg     0.6789    0.7287    0.6956       564

2026-03-18 16:37:28 - ----------------------------------------
2026-03-18 16:37:29 - Epoch [58/100] LR: 0.001000 | Loss: 0.0056 | Train Acc: 0.9992 | Time: 2.0s
2026-03-18 16:37:31 - Epoch [59/100] LR: 0.001000 | Loss: 0.0017 | Train Acc: 0.9992 | Time: 1.9s
2026-03-18 16:37:33 - Epoch [60/100] LR: 0.001000 | Loss: 0.0011 | Train Acc: 1.0000 | Time: 2.0s
2026-03-18 16:37:33 - ----------------------------------------
2026-03-18 16:37:34 - [Test] Acc: 0.7216 | Precision(macro): 0.5472 | Recall(macro): 0.5305 | F1(macro): 0.5284
2026-03-18 16:37:34 - [Test] Classification Report:
              precision    recall  f1-score   support

      benign     0.3108    0.1783    0.2266       129
    no_tumor     0.7837    0.8828    0.8303       435

    accuracy                         0.7216       564
   macro avg     0.5472    0.5305    0.5284       564
weighted avg     0.6755    0.7216    0.6922       564

2026-03-18 16:37:34 - ----------------------------------------
2026-03-18 16:37:36 - Epoch [61/100] LR: 0.001000 | Loss: 0.0007 | Train Acc: 1.0000 | Time: 2.0s
2026-03-18 16:37:38 - Epoch [62/100] LR: 0.001000 | Loss: 0.0010 | Train Acc: 1.0000 | Time: 2.0s
2026-03-18 16:37:40 - Epoch [63/100] LR: 0.001000 | Loss: 0.0004 | Train Acc: 1.0000 | Time: 2.0s
2026-03-18 16:37:40 - ----------------------------------------
2026-03-18 16:37:41 - [Test] Acc: 0.7323 | Precision(macro): 0.5492 | Recall(macro): 0.5265 | F1(macro): 0.5201
2026-03-18 16:37:41 - [Test] Classification Report:
              precision    recall  f1-score   support

      benign     0.3167    0.1473    0.2011       129
    no_tumor     0.7817    0.9057    0.8392       435

    accuracy                         0.7323       564
   macro avg     0.5492    0.5265    0.5201       564
weighted avg     0.6754    0.7323    0.6932       564

2026-03-18 16:37:41 - ----------------------------------------
2026-03-18 16:37:43 - Epoch [64/100] LR: 0.001000 | Loss: 0.0020 | Train Acc: 1.0000 | Time: 2.0s
2026-03-18 16:37:45 - Epoch [65/100] LR: 0.001000 | Loss: 0.0016 | Train Acc: 1.0000 | Time: 2.0s
2026-03-18 16:37:47 - Epoch [66/100] LR: 0.001000 | Loss: 0.0015 | Train Acc: 1.0000 | Time: 1.9s
2026-03-18 16:37:47 - ----------------------------------------
2026-03-18 16:37:48 - [Test] Acc: 0.7270 | Precision(macro): 0.5289 | Recall(macro): 0.5149 | F1(macro): 0.5043
2026-03-18 16:37:48 - [Test] Classification Report:
              precision    recall  f1-score   support

      benign     0.2807    0.1240    0.1720       129
    no_tumor     0.7771    0.9057    0.8365       435

    accuracy                         0.7270       564
   macro avg     0.5289    0.5149    0.5043       564
weighted avg     0.6636    0.7270    0.6845       564

2026-03-18 16:37:48 - ----------------------------------------
2026-03-18 16:37:51 - Epoch [67/100] LR: 0.001000 | Loss: 0.0004 | Train Acc: 1.0000 | Time: 2.1s
2026-03-18 16:37:53 - Epoch [68/100] LR: 0.001000 | Loss: 0.0003 | Train Acc: 1.0000 | Time: 2.0s
2026-03-18 16:37:55 - Epoch [69/100] LR: 0.001000 | Loss: 0.0003 | Train Acc: 1.0000 | Time: 2.0s
2026-03-18 16:37:55 - ----------------------------------------
2026-03-18 16:37:56 - [Test] Acc: 0.7447 | Precision(macro): 0.5647 | Recall(macro): 0.5291 | F1(macro): 0.5197
2026-03-18 16:37:56 - [Test] Classification Report:
              precision    recall  f1-score   support

      benign     0.3469    0.1318    0.1910       129
    no_tumor     0.7825    0.9264    0.8484       435

    accuracy                         0.7447       564
   macro avg     0.5647    0.5291    0.5197       564
weighted avg     0.6829    0.7447    0.6981       564

2026-03-18 16:37:56 - ----------------------------------------
2026-03-18 16:37:58 - Epoch [70/100] LR: 0.001000 | Loss: 0.0003 | Train Acc: 1.0000 | Time: 2.1s
2026-03-18 16:38:00 - Epoch [71/100] LR: 0.001000 | Loss: 0.0003 | Train Acc: 1.0000 | Time: 2.0s
2026-03-18 16:38:02 - Epoch [72/100] LR: 0.001000 | Loss: 0.0005 | Train Acc: 1.0000 | Time: 2.0s
2026-03-18 16:38:02 - ----------------------------------------
2026-03-18 16:38:03 - [Test] Acc: 0.7429 | Precision(macro): 0.5572 | Recall(macro): 0.5252 | F1(macro): 0.5142
2026-03-18 16:38:03 - [Test] Classification Report:
              precision    recall  f1-score   support

      benign     0.3333    0.1240    0.1808       129
    no_tumor     0.7810    0.9264    0.8475       435

    accuracy                         0.7429       564
   macro avg     0.5572    0.5252    0.5142       564
weighted avg     0.6786    0.7429    0.6950       564

2026-03-18 16:38:03 - ----------------------------------------
2026-03-18 16:38:05 - Epoch [73/100] LR: 0.001000 | Loss: 0.0003 | Train Acc: 1.0000 | Time: 2.0s
2026-03-18 16:38:07 - Epoch [74/100] LR: 0.001000 | Loss: 0.3131 | Train Acc: 0.8949 | Time: 2.0s
2026-03-18 16:38:09 - Epoch [75/100] LR: 0.001000 | Loss: 0.3388 | Train Acc: 0.8757 | Time: 2.0s
2026-03-18 16:38:09 - ----------------------------------------
2026-03-18 16:38:10 - [Test] Acc: 0.6312 | Precision(macro): 0.5113 | Recall(macro): 0.5128 | F1(macro): 0.5106
2026-03-18 16:38:10 - [Test] Classification Report:
              precision    recall  f1-score   support

      benign     0.2452    0.2946    0.2676       129
    no_tumor     0.7775    0.7310    0.7536       435

    accuracy                         0.6312       564
   macro avg     0.5113    0.5128    0.5106       564
weighted avg     0.6557    0.6312    0.6424       564

2026-03-18 16:38:10 - ----------------------------------------
2026-03-18 16:38:12 - Epoch [76/100] LR: 0.001000 | Loss: 0.1289 | Train Acc: 0.9570 | Time: 2.0s
2026-03-18 16:38:14 - Epoch [77/100] LR: 0.001000 | Loss: 0.0945 | Train Acc: 0.9678 | Time: 2.0s
2026-03-18 16:38:16 - Epoch [78/100] LR: 0.001000 | Loss: 0.0566 | Train Acc: 0.9785 | Time: 2.0s
2026-03-18 16:38:16 - ----------------------------------------
2026-03-18 16:38:17 - [Test] Acc: 0.6312 | Precision(macro): 0.5159 | Recall(macro): 0.5183 | F1(macro): 0.5151
2026-03-18 16:38:17 - [Test] Classification Report:
              precision    recall  f1-score   support

      benign     0.2516    0.3101    0.2778       129
    no_tumor     0.7802    0.7264    0.7524       435

    accuracy                         0.6312       564
   macro avg     0.5159    0.5183    0.5151       564
weighted avg     0.6593    0.6312    0.6438       564

2026-03-18 16:38:17 - ----------------------------------------
2026-03-18 16:38:19 - Epoch [79/100] LR: 0.001000 | Loss: 0.0650 | Train Acc: 0.9823 | Time: 2.0s
2026-03-18 16:38:21 - Epoch [80/100] LR: 0.001000 | Loss: 0.1077 | Train Acc: 0.9685 | Time: 2.0s
2026-03-18 16:38:23 - Epoch [81/100] LR: 0.001000 | Loss: 0.0312 | Train Acc: 0.9923 | Time: 2.0s
2026-03-18 16:38:23 - ----------------------------------------
2026-03-18 16:38:24 - [Test] Acc: 0.6809 | Precision(macro): 0.5259 | Recall(macro): 0.5232 | F1(macro): 0.5236
2026-03-18 16:38:24 - [Test] Classification Report:
              precision    recall  f1-score   support

      benign     0.2703    0.2326    0.2500       129
    no_tumor     0.7815    0.8138    0.7973       435

    accuracy                         0.6809       564
   macro avg     0.5259    0.5232    0.5236       564
weighted avg     0.6645    0.6809    0.6721       564

2026-03-18 16:38:24 - ----------------------------------------
2026-03-18 16:38:26 - Epoch [82/100] LR: 0.001000 | Loss: 0.0111 | Train Acc: 0.9977 | Time: 2.1s
2026-03-18 16:38:28 - Epoch [83/100] LR: 0.001000 | Loss: 0.0095 | Train Acc: 0.9977 | Time: 2.0s
2026-03-18 16:38:30 - Epoch [84/100] LR: 0.001000 | Loss: 0.0049 | Train Acc: 0.9992 | Time: 2.0s
2026-03-18 16:38:30 - ----------------------------------------
2026-03-18 16:38:31 - [Test] Acc: 0.7110 | Precision(macro): 0.5239 | Recall(macro): 0.5155 | F1(macro): 0.5104
2026-03-18 16:38:31 - [Test] Classification Report:
              precision    recall  f1-score   support

      benign     0.2703    0.1550    0.1970       129
    no_tumor     0.7776    0.8759    0.8238       435

    accuracy                         0.7110       564
   macro avg     0.5239    0.5155    0.5104       564
weighted avg     0.6615    0.7110    0.6804       564

2026-03-18 16:38:31 - ----------------------------------------
2026-03-18 16:38:33 - Epoch [85/100] LR: 0.001000 | Loss: 0.0151 | Train Acc: 0.9962 | Time: 2.1s
2026-03-18 16:38:35 - Epoch [86/100] LR: 0.001000 | Loss: 0.0104 | Train Acc: 0.9977 | Time: 2.1s
2026-03-18 16:38:37 - Epoch [87/100] LR: 0.001000 | Loss: 0.0253 | Train Acc: 0.9885 | Time: 2.1s
2026-03-18 16:38:37 - ----------------------------------------
2026-03-18 16:38:38 - [Test] Acc: 0.5940 | Precision(macro): 0.5185 | Recall(macro): 0.5241 | F1(macro): 0.5104
2026-03-18 16:38:38 - [Test] Classification Report:
              precision    recall  f1-score   support

      benign     0.2525    0.3953    0.3082       129
    no_tumor     0.7845    0.6529    0.7127       435

    accuracy                         0.5940       564
   macro avg     0.5185    0.5241    0.5104       564
weighted avg     0.6628    0.5940    0.6202       564

2026-03-18 16:38:38 - ----------------------------------------
2026-03-18 16:38:40 - Epoch [88/100] LR: 0.001000 | Loss: 0.1189 | Train Acc: 0.9632 | Time: 2.2s
2026-03-18 16:38:42 - Epoch [89/100] LR: 0.001000 | Loss: 0.0882 | Train Acc: 0.9662 | Time: 2.1s
2026-03-18 16:38:44 - Epoch [90/100] LR: 0.001000 | Loss: 0.0406 | Train Acc: 0.9847 | Time: 2.0s
2026-03-18 16:38:44 - ----------------------------------------
2026-03-18 16:38:45 - [Test] Acc: 0.6277 | Precision(macro): 0.5160 | Recall(macro): 0.5187 | F1(macro): 0.5148
2026-03-18 16:38:45 - [Test] Classification Report:
              precision    recall  f1-score   support

      benign     0.2515    0.3178    0.2808       129
    no_tumor     0.7805    0.7195    0.7488       435

    accuracy                         0.6277       564
   macro avg     0.5160    0.5187    0.5148       564
weighted avg     0.6596    0.6277    0.6418       564

2026-03-18 16:38:45 - ----------------------------------------
2026-03-18 16:38:47 - Epoch [91/100] LR: 0.001000 | Loss: 0.0389 | Train Acc: 0.9877 | Time: 2.0s
2026-03-18 16:38:49 - Epoch [92/100] LR: 0.001000 | Loss: 0.0185 | Train Acc: 0.9946 | Time: 2.0s
2026-03-18 16:38:51 - Epoch [93/100] LR: 0.001000 | Loss: 0.0031 | Train Acc: 1.0000 | Time: 1.9s
2026-03-18 16:38:51 - ----------------------------------------
2026-03-18 16:38:52 - [Test] Acc: 0.6933 | Precision(macro): 0.5366 | Recall(macro): 0.5312 | F1(macro): 0.5321
2026-03-18 16:38:52 - [Test] Classification Report:
              precision    recall  f1-score   support

      benign     0.2885    0.2326    0.2575       129
    no_tumor     0.7848    0.8299    0.8067       435

    accuracy                         0.6933       564
   macro avg     0.5366    0.5312    0.5321       564
weighted avg     0.6713    0.6933    0.6811       564

2026-03-18 16:38:52 - ----------------------------------------
2026-03-18 16:38:54 - Epoch [94/100] LR: 0.001000 | Loss: 0.0048 | Train Acc: 0.9985 | Time: 2.0s
2026-03-18 16:38:56 - Epoch [95/100] LR: 0.001000 | Loss: 0.0033 | Train Acc: 0.9985 | Time: 2.0s
2026-03-18 16:38:58 - Epoch [96/100] LR: 0.001000 | Loss: 0.0200 | Train Acc: 0.9931 | Time: 2.0s
2026-03-18 16:38:58 - ----------------------------------------
2026-03-18 16:38:59 - [Test] Acc: 0.7216 | Precision(macro): 0.5777 | Recall(macro): 0.5632 | F1(macro): 0.5671
2026-03-18 16:38:59 - [Test] Classification Report:
              precision    recall  f1-score   support

      benign     0.3571    0.2713    0.3084       129
    no_tumor     0.7983    0.8552    0.8257       435

    accuracy                         0.7216       564
   macro avg     0.5777    0.5632    0.5671       564
weighted avg     0.6974    0.7216    0.7074       564

2026-03-18 16:38:59 - ----------------------------------------
2026-03-18 16:39:01 - Epoch [97/100] LR: 0.001000 | Loss: 0.0130 | Train Acc: 0.9969 | Time: 2.2s
2026-03-18 16:39:03 - Epoch [98/100] LR: 0.001000 | Loss: 0.0315 | Train Acc: 0.9900 | Time: 2.0s
2026-03-18 16:39:05 - Epoch [99/100] LR: 0.001000 | Loss: 0.1086 | Train Acc: 0.9616 | Time: 2.0s
2026-03-18 16:39:05 - ----------------------------------------
2026-03-18 16:39:06 - [Test] Acc: 0.6543 | Precision(macro): 0.5005 | Recall(macro): 0.5005 | F1(macro): 0.5004
2026-03-18 16:39:06 - [Test] Classification Report:
              precision    recall  f1-score   support

      benign     0.2295    0.2171    0.2231       129
    no_tumor     0.7715    0.7839    0.7777       435

    accuracy                         0.6543       564
   macro avg     0.5005    0.5005    0.5004       564
weighted avg     0.6475    0.6543    0.6508       564

2026-03-18 16:39:06 - ----------------------------------------
2026-03-18 16:39:08 - Epoch [100/100] LR: 0.001000 | Loss: 0.0675 | Train Acc: 0.9800 | Time: 2.0s
2026-03-18 16:39:08 - ----------------------------------------
2026-03-18 16:39:09 - [Test] Acc: 0.6809 | Precision(macro): 0.5336 | Recall(macro): 0.5314 | F1(macro): 0.5321
2026-03-18 16:39:09 - [Test] Classification Report:
              precision    recall  f1-score   support

      benign     0.2821    0.2558    0.2683       129
    no_tumor     0.7852    0.8069    0.7959       435

    accuracy                         0.6809       564
   macro avg     0.5336    0.5314    0.5321       564
weighted avg     0.6701    0.6809    0.6752       564

2026-03-18 16:39:09 - ----------------------------------------
2026-03-18 16:39:09 - 
============================================================
2026-03-18 16:39:09 - 训练完成! 最优模型: Epoch 9, F1: 0.5711
2026-03-18 16:39:09 - ============================================================
2026-03-18 16:39:09 - 
加载最优权重进行最终测试...
2026-03-18 16:39:10 - ============================================================
2026-03-18 16:39:10 - 最终测试结果 (最优权重)
2026-03-18 16:39:10 - ============================================================
2026-03-18 16:39:11 - [Final Test] Acc: 0.6791 | Precision(macro): 0.5686 | Recall(macro): 0.5766 | F1(macro): 0.5711
2026-03-18 16:39:11 - [Final Test] Classification Report:
              precision    recall  f1-score   support

      benign     0.3289    0.3876    0.3559       129
    no_tumor     0.8083    0.7655    0.7863       435

    accuracy                         0.6791       564
   macro avg     0.5686    0.5766    0.5711       564
weighted avg     0.6986    0.6791    0.6879       564

2026-03-18 16:39:11 - 训练脚本已复制到: /data1/ouyangxinglong/GBP-Cascade/logs/20260318_task2_Resnet18_classweight_2/20260318_task2_Resnet18_classweight_2.py
