2026-04-09 05:34:24 - ======================================================================
2026-04-09 05:34:24 - 实验名称: 20260408_task2_SwinV2Tiny_segcls_21c
2026-04-09 05:34:24 - 模型: SwinV2-Tiny@256 + 4ch + BERT CrossAttn + BERT[CLS] + 10D ExtMeta + Gated Trimodal Fusion
2026-04-09 05:34:24 - 修改: 基于Exp#18, batch_size=16, backbone_lr=4e-5, head_lr=4e-4 (LR 2×缩放), 原始1:3数据, class_weight自动计算
2026-04-09 05:34:24 - 输入通道: 4
2026-04-09 05:34:24 - 图像尺寸: 256
2026-04-09 05:34:24 - 分割类别: 2
2026-04-09 05:34:24 - 分类类别: ['benign', 'no_tumor']
2026-04-09 05:34:24 - Batch Size: 16
2026-04-09 05:34:24 - Backbone LR: 4e-05
2026-04-09 05:34:24 - Head LR: 0.0004
2026-04-09 05:34:24 - Weight Decay: 0.05
2026-04-09 05:34:24 - Warmup Epochs: 10
2026-04-09 05:34:24 - Lambda Cls: 2.0
2026-04-09 05:34:24 - Label Smoothing: 0.1
2026-04-09 05:34:24 - Seed: 42
2026-04-09 05:34:24 - Epochs: 100
2026-04-09 05:34:24 - Grad Clip: 1.0
2026-04-09 05:34:24 - Meta Dim: 10
2026-04-09 05:34:24 - 设备: cuda
2026-04-09 05:34:24 - ======================================================================
2026-04-09 05:34:28 - 训练集: 1229 张 (benign=309, no_tumor=920)
2026-04-09 05:34:28 - 测试集: 523 张 (benign=129, no_tumor=394)
2026-04-09 05:34:41 - 模型参数量: 137,439,313 (含BERT)
2026-04-09 05:34:41 - 可训练参数量: 35,171,665 (BERT冻结)
2026-04-09 05:34:41 - 分类类别权重: benign=1.9887, no_tumor=0.6679 (自动计算)
2026-04-09 05:34:41 - 分割类别权重: bg=1.0, lesion=5.0
2026-04-09 05:34:41 - 
======================================================================
2026-04-09 05:34:41 - 开始训练
2026-04-09 05:34:41 - ======================================================================
2026-04-09 05:34:52 - Epoch [1/100] LR: 4.00e-06/4.00e-05 | Loss: 2.1948 (seg=0.7436, cls=0.7256) | Cls Acc: 0.4638 | Seg IoU: 0.6182 | Seg Dice: 0.6983 | 11.0s
2026-04-09 05:35:01 - Epoch [2/100] LR: 8.00e-06/8.00e-05 | Loss: 1.6843 (seg=0.3074, cls=0.6885) | Cls Acc: 0.5839 | Seg IoU: 0.8867 | Seg Dice: 0.9398 | 9.5s
2026-04-09 05:35:11 - Epoch [3/100] LR: 1.20e-05/1.20e-04 | Loss: 1.5223 (seg=0.2178, cls=0.6522) | Cls Acc: 0.6628 | Seg IoU: 0.9213 | Seg Dice: 0.9589 | 9.6s
2026-04-09 05:35:21 - Epoch [4/100] LR: 1.60e-05/1.60e-04 | Loss: 1.4473 (seg=0.1621, cls=0.6426) | Cls Acc: 0.6924 | Seg IoU: 0.9419 | Seg Dice: 0.9701 | 9.9s
2026-04-09 05:35:31 - Epoch [5/100] LR: 2.00e-05/2.00e-04 | Loss: 1.3897 (seg=0.1134, cls=0.6382) | Cls Acc: 0.6842 | Seg IoU: 0.9547 | Seg Dice: 0.9768 | 9.6s
2026-04-09 05:35:31 - --------------------------------------------------
2026-04-09 05:35:33 - [Test] Cls — Acc: 0.6252 | P(macro): 0.6134 | R(macro): 0.6522 | F1(macro): 0.5940
2026-04-09 05:35:33 - [Test] Seg — Lesion IoU: 0.9603 | Lesion Dice: 0.9797
2026-04-09 05:35:33 - [Test] Classification Report:
              precision    recall  f1-score   support

      benign     0.3655    0.7054    0.4815       129
    no_tumor     0.8613    0.5990    0.7066       394

    accuracy                         0.6252       523
   macro avg     0.6134    0.6522    0.5940       523
weighted avg     0.7390    0.6252    0.6511       523

2026-04-09 05:35:34 - *** 保存最优模型 (F1: 0.5940, Epoch: 5) ***
2026-04-09 05:35:34 - --------------------------------------------------
2026-04-09 05:35:44 - Epoch [6/100] LR: 2.40e-05/2.40e-04 | Loss: 1.2905 (seg=0.0794, cls=0.6056) | Cls Acc: 0.7188 | Seg IoU: 0.9609 | Seg Dice: 0.9800 | 9.3s
2026-04-09 05:35:53 - Epoch [7/100] LR: 2.80e-05/2.80e-04 | Loss: 1.2867 (seg=0.0608, cls=0.6130) | Cls Acc: 0.7303 | Seg IoU: 0.9592 | Seg Dice: 0.9791 | 9.3s
2026-04-09 05:36:02 - Epoch [8/100] LR: 3.20e-05/3.20e-04 | Loss: 1.2648 (seg=0.0440, cls=0.6104) | Cls Acc: 0.7303 | Seg IoU: 0.9681 | Seg Dice: 0.9838 | 9.1s
2026-04-09 05:36:12 - Epoch [9/100] LR: 3.60e-05/3.60e-04 | Loss: 1.2047 (seg=0.0352, cls=0.5847) | Cls Acc: 0.7368 | Seg IoU: 0.9692 | Seg Dice: 0.9844 | 9.7s
2026-04-09 05:36:21 - Epoch [10/100] LR: 4.00e-05/4.00e-04 | Loss: 1.1882 (seg=0.0293, cls=0.5794) | Cls Acc: 0.7516 | Seg IoU: 0.9710 | Seg Dice: 0.9853 | 9.7s
2026-04-09 05:36:21 - --------------------------------------------------
2026-04-09 05:36:24 - [Test] Cls — Acc: 0.7228 | P(macro): 0.6352 | R(macro): 0.6439 | F1(macro): 0.6389
2026-04-09 05:36:24 - [Test] Seg — Lesion IoU: 0.9743 | Lesion Dice: 0.9870
2026-04-09 05:36:24 - [Test] Classification Report:
              precision    recall  f1-score   support

      benign     0.4437    0.4884    0.4649       129
    no_tumor     0.8268    0.7995    0.8129       394

    accuracy                         0.7228       523
   macro avg     0.6352    0.6439    0.6389       523
weighted avg     0.7323    0.7228    0.7271       523

2026-04-09 05:36:27 - *** 保存最优模型 (F1: 0.6389, Epoch: 10) ***
2026-04-09 05:36:27 - --------------------------------------------------
2026-04-09 05:36:37 - Epoch [11/100] LR: 4.00e-05/4.00e-04 | Loss: 1.1747 (seg=0.0234, cls=0.5756) | Cls Acc: 0.7788 | Seg IoU: 0.9750 | Seg Dice: 0.9874 | 9.5s
2026-04-09 05:36:46 - Epoch [12/100] LR: 4.00e-05/4.00e-04 | Loss: 1.1616 (seg=0.0209, cls=0.5704) | Cls Acc: 0.7870 | Seg IoU: 0.9747 | Seg Dice: 0.9872 | 9.3s
2026-04-09 05:36:55 - Epoch [13/100] LR: 3.99e-05/3.99e-04 | Loss: 1.0876 (seg=0.0208, cls=0.5334) | Cls Acc: 0.8076 | Seg IoU: 0.9695 | Seg Dice: 0.9845 | 9.3s
2026-04-09 05:37:05 - Epoch [14/100] LR: 3.98e-05/3.98e-04 | Loss: 1.0756 (seg=0.0176, cls=0.5290) | Cls Acc: 0.8076 | Seg IoU: 0.9755 | Seg Dice: 0.9876 | 9.6s
2026-04-09 05:37:14 - Epoch [15/100] LR: 3.97e-05/3.97e-04 | Loss: 1.0595 (seg=0.0153, cls=0.5221) | Cls Acc: 0.8339 | Seg IoU: 0.9791 | Seg Dice: 0.9894 | 9.4s
2026-04-09 05:37:14 - --------------------------------------------------
2026-04-09 05:37:17 - [Test] Cls — Acc: 0.7553 | P(macro): 0.6622 | R(macro): 0.6420 | F1(macro): 0.6498
2026-04-09 05:37:17 - [Test] Seg — Lesion IoU: 0.9718 | Lesion Dice: 0.9857
2026-04-09 05:37:17 - [Test] Classification Report:
              precision    recall  f1-score   support

      benign     0.5047    0.4186    0.4576       129
    no_tumor     0.8197    0.8655    0.8420       394

    accuracy                         0.7553       523
   macro avg     0.6622    0.6420    0.6498       523
weighted avg     0.7420    0.7553    0.7472       523

2026-04-09 05:37:21 - *** 保存最优模型 (F1: 0.6498, Epoch: 15) ***
2026-04-09 05:37:21 - --------------------------------------------------
2026-04-09 05:37:31 - Epoch [16/100] LR: 3.96e-05/3.96e-04 | Loss: 1.0023 (seg=0.0151, cls=0.4936) | Cls Acc: 0.8553 | Seg IoU: 0.9771 | Seg Dice: 0.9884 | 9.6s
2026-04-09 05:37:40 - Epoch [17/100] LR: 3.94e-05/3.94e-04 | Loss: 0.9904 (seg=0.0137, cls=0.4883) | Cls Acc: 0.8495 | Seg IoU: 0.9795 | Seg Dice: 0.9896 | 9.6s
2026-04-09 05:37:50 - Epoch [18/100] LR: 3.92e-05/3.92e-04 | Loss: 0.9938 (seg=0.0133, cls=0.4903) | Cls Acc: 0.8487 | Seg IoU: 0.9786 | Seg Dice: 0.9892 | 9.7s
2026-04-09 05:38:00 - Epoch [19/100] LR: 3.90e-05/3.90e-04 | Loss: 0.9550 (seg=0.0126, cls=0.4712) | Cls Acc: 0.8725 | Seg IoU: 0.9793 | Seg Dice: 0.9895 | 9.7s
2026-04-09 05:38:09 - Epoch [20/100] LR: 3.88e-05/3.88e-04 | Loss: 0.9359 (seg=0.0124, cls=0.4617) | Cls Acc: 0.8873 | Seg IoU: 0.9780 | Seg Dice: 0.9889 | 9.7s
2026-04-09 05:38:09 - --------------------------------------------------
2026-04-09 05:38:12 - [Test] Cls — Acc: 0.7017 | P(macro): 0.6239 | R(macro): 0.6430 | F1(macro): 0.6294
2026-04-09 05:38:12 - [Test] Seg — Lesion IoU: 0.9776 | Lesion Dice: 0.9887
2026-04-09 05:38:12 - [Test] Classification Report:
              precision    recall  f1-score   support

      benign     0.4172    0.5271    0.4658       129
    no_tumor     0.8306    0.7589    0.7931       394

    accuracy                         0.7017       523
   macro avg     0.6239    0.6430    0.6294       523
weighted avg     0.7286    0.7017    0.7124       523

2026-04-09 05:38:12 - --------------------------------------------------
2026-04-09 05:38:22 - Epoch [21/100] LR: 3.86e-05/3.86e-04 | Loss: 0.9011 (seg=0.0122, cls=0.4445) | Cls Acc: 0.8882 | Seg IoU: 0.9789 | Seg Dice: 0.9893 | 9.5s
2026-04-09 05:38:31 - Epoch [22/100] LR: 3.83e-05/3.83e-04 | Loss: 0.9064 (seg=0.0136, cls=0.4464) | Cls Acc: 0.8849 | Seg IoU: 0.9763 | Seg Dice: 0.9880 | 9.7s
2026-04-09 05:38:41 - Epoch [23/100] LR: 3.80e-05/3.80e-04 | Loss: 0.8606 (seg=0.0104, cls=0.4251) | Cls Acc: 0.9095 | Seg IoU: 0.9818 | Seg Dice: 0.9908 | 9.5s
2026-04-09 05:38:51 - Epoch [24/100] LR: 3.77e-05/3.77e-04 | Loss: 0.8235 (seg=0.0104, cls=0.4066) | Cls Acc: 0.9120 | Seg IoU: 0.9812 | Seg Dice: 0.9905 | 9.9s
2026-04-09 05:39:00 - Epoch [25/100] LR: 3.73e-05/3.73e-04 | Loss: 0.8529 (seg=0.0114, cls=0.4207) | Cls Acc: 0.9145 | Seg IoU: 0.9787 | Seg Dice: 0.9892 | 9.6s
2026-04-09 05:39:00 - --------------------------------------------------
2026-04-09 05:39:03 - [Test] Cls — Acc: 0.6864 | P(macro): 0.5998 | R(macro): 0.6120 | F1(macro): 0.6037
2026-04-09 05:39:03 - [Test] Seg — Lesion IoU: 0.9689 | Lesion Dice: 0.9842
2026-04-09 05:39:03 - [Test] Classification Report:
              precision    recall  f1-score   support

      benign     0.3871    0.4651    0.4225       129
    no_tumor     0.8125    0.7589    0.7848       394

    accuracy                         0.6864       523
   macro avg     0.5998    0.6120    0.6037       523
weighted avg     0.7076    0.6864    0.6954       523

2026-04-09 05:39:03 - --------------------------------------------------
2026-04-09 05:39:12 - Epoch [26/100] LR: 3.70e-05/3.70e-04 | Loss: 0.7887 (seg=0.0119, cls=0.3884) | Cls Acc: 0.9293 | Seg IoU: 0.9765 | Seg Dice: 0.9881 | 9.5s
2026-04-09 05:39:22 - Epoch [27/100] LR: 3.66e-05/3.66e-04 | Loss: 0.7885 (seg=0.0094, cls=0.3895) | Cls Acc: 0.9301 | Seg IoU: 0.9824 | Seg Dice: 0.9911 | 9.7s
2026-04-09 05:39:32 - Epoch [28/100] LR: 3.62e-05/3.62e-04 | Loss: 0.7695 (seg=0.0096, cls=0.3799) | Cls Acc: 0.9457 | Seg IoU: 0.9808 | Seg Dice: 0.9903 | 10.0s
2026-04-09 05:39:42 - Epoch [29/100] LR: 3.58e-05/3.58e-04 | Loss: 0.7602 (seg=0.0079, cls=0.3761) | Cls Acc: 0.9383 | Seg IoU: 0.9848 | Seg Dice: 0.9924 | 9.6s
2026-04-09 05:39:51 - Epoch [30/100] LR: 3.54e-05/3.54e-04 | Loss: 0.7877 (seg=0.0083, cls=0.3897) | Cls Acc: 0.9350 | Seg IoU: 0.9830 | Seg Dice: 0.9914 | 9.8s
2026-04-09 05:39:51 - --------------------------------------------------
2026-04-09 05:39:54 - [Test] Cls — Acc: 0.7228 | P(macro): 0.6115 | R(macro): 0.5970 | F1(macro): 0.6021
2026-04-09 05:39:54 - [Test] Seg — Lesion IoU: 0.9807 | Lesion Dice: 0.9903
2026-04-09 05:39:54 - [Test] Classification Report:
              precision    recall  f1-score   support

      benign     0.4245    0.3488    0.3830       129
    no_tumor     0.7986    0.8452    0.8212       394

    accuracy                         0.7228       523
   macro avg     0.6115    0.5970    0.6021       523
weighted avg     0.7063    0.7228    0.7131       523

2026-04-09 05:39:54 - --------------------------------------------------
2026-04-09 05:40:03 - Epoch [31/100] LR: 3.49e-05/3.49e-04 | Loss: 0.7278 (seg=0.0077, cls=0.3600) | Cls Acc: 0.9457 | Seg IoU: 0.9842 | Seg Dice: 0.9921 | 9.5s
2026-04-09 05:40:14 - Epoch [32/100] LR: 3.44e-05/3.44e-04 | Loss: 0.7402 (seg=0.0082, cls=0.3660) | Cls Acc: 0.9523 | Seg IoU: 0.9829 | Seg Dice: 0.9914 | 10.3s
2026-04-09 05:40:23 - Epoch [33/100] LR: 3.40e-05/3.40e-04 | Loss: 0.7188 (seg=0.0065, cls=0.3562) | Cls Acc: 0.9424 | Seg IoU: 0.9874 | Seg Dice: 0.9937 | 9.3s
2026-04-09 05:40:32 - Epoch [34/100] LR: 3.34e-05/3.34e-04 | Loss: 0.6928 (seg=0.0061, cls=0.3433) | Cls Acc: 0.9605 | Seg IoU: 0.9879 | Seg Dice: 0.9939 | 9.6s
2026-04-09 05:40:42 - Epoch [35/100] LR: 3.29e-05/3.29e-04 | Loss: 0.7862 (seg=0.0095, cls=0.3883) | Cls Acc: 0.9391 | Seg IoU: 0.9800 | Seg Dice: 0.9899 | 9.7s
2026-04-09 05:40:42 - --------------------------------------------------
2026-04-09 05:40:45 - [Test] Cls — Acc: 0.7208 | P(macro): 0.6064 | R(macro): 0.5905 | F1(macro): 0.5957
2026-04-09 05:40:45 - [Test] Seg — Lesion IoU: 0.9826 | Lesion Dice: 0.9912
2026-04-09 05:40:45 - [Test] Classification Report:
              precision    recall  f1-score   support

      benign     0.4175    0.3333    0.3707       129
    no_tumor     0.7952    0.8477    0.8206       394

    accuracy                         0.7208       523
   macro avg     0.6064    0.5905    0.5957       523
weighted avg     0.7021    0.7208    0.7097       523

2026-04-09 05:40:45 - --------------------------------------------------
2026-04-09 05:40:54 - Epoch [36/100] LR: 3.24e-05/3.24e-04 | Loss: 0.6677 (seg=0.0059, cls=0.3309) | Cls Acc: 0.9688 | Seg IoU: 0.9881 | Seg Dice: 0.9940 | 9.8s
2026-04-09 05:41:05 - Epoch [37/100] LR: 3.18e-05/3.18e-04 | Loss: 0.6929 (seg=0.0049, cls=0.3440) | Cls Acc: 0.9597 | Seg IoU: 0.9901 | Seg Dice: 0.9950 | 10.1s
2026-04-09 05:41:14 - Epoch [38/100] LR: 3.13e-05/3.13e-04 | Loss: 0.7094 (seg=0.0043, cls=0.3525) | Cls Acc: 0.9605 | Seg IoU: 0.9916 | Seg Dice: 0.9958 | 9.7s
2026-04-09 05:41:24 - Epoch [39/100] LR: 3.07e-05/3.07e-04 | Loss: 0.6997 (seg=0.0041, cls=0.3478) | Cls Acc: 0.9630 | Seg IoU: 0.9918 | Seg Dice: 0.9959 | 9.6s
2026-04-09 05:41:34 - Epoch [40/100] LR: 3.01e-05/3.01e-04 | Loss: 0.6359 (seg=0.0033, cls=0.3163) | Cls Acc: 0.9753 | Seg IoU: 0.9935 | Seg Dice: 0.9968 | 9.7s
2026-04-09 05:41:34 - --------------------------------------------------
2026-04-09 05:41:36 - [Test] Cls — Acc: 0.7591 | P(macro): 0.6623 | R(macro): 0.6211 | F1(macro): 0.6324
2026-04-09 05:41:36 - [Test] Seg — Lesion IoU: 0.9944 | Lesion Dice: 0.9972
2026-04-09 05:41:36 - [Test] Classification Report:
              precision    recall  f1-score   support

      benign     0.5172    0.3488    0.4167       129
    no_tumor     0.8073    0.8934    0.8482       394

    accuracy                         0.7591       523
   macro avg     0.6623    0.6211    0.6324       523
weighted avg     0.7358    0.7591    0.7418       523

2026-04-09 05:41:36 - --------------------------------------------------
2026-04-09 05:41:46 - Epoch [41/100] LR: 2.95e-05/2.95e-04 | Loss: 0.6752 (seg=0.0035, cls=0.3358) | Cls Acc: 0.9704 | Seg IoU: 0.9927 | Seg Dice: 0.9963 | 9.8s
2026-04-09 05:41:56 - Epoch [42/100] LR: 2.89e-05/2.89e-04 | Loss: 0.6395 (seg=0.0033, cls=0.3181) | Cls Acc: 0.9737 | Seg IoU: 0.9934 | Seg Dice: 0.9967 | 9.8s
2026-04-09 05:42:06 - Epoch [43/100] LR: 2.83e-05/2.83e-04 | Loss: 0.6270 (seg=0.0032, cls=0.3119) | Cls Acc: 0.9770 | Seg IoU: 0.9933 | Seg Dice: 0.9966 | 9.7s
2026-04-09 05:42:15 - Epoch [44/100] LR: 2.76e-05/2.76e-04 | Loss: 0.6440 (seg=0.0027, cls=0.3206) | Cls Acc: 0.9770 | Seg IoU: 0.9947 | Seg Dice: 0.9973 | 9.7s
2026-04-09 05:42:25 - Epoch [45/100] LR: 2.70e-05/2.70e-04 | Loss: 0.6233 (seg=0.0023, cls=0.3105) | Cls Acc: 0.9786 | Seg IoU: 0.9956 | Seg Dice: 0.9978 | 9.5s
2026-04-09 05:42:25 - --------------------------------------------------
2026-04-09 05:42:27 - [Test] Cls — Acc: 0.7495 | P(macro): 0.6479 | R(macro): 0.6174 | F1(macro): 0.6267
2026-04-09 05:42:27 - [Test] Seg — Lesion IoU: 0.9953 | Lesion Dice: 0.9977
2026-04-09 05:42:27 - [Test] Classification Report:
              precision    recall  f1-score   support

      benign     0.4894    0.3566    0.4126       129
    no_tumor     0.8065    0.8782    0.8408       394

    accuracy                         0.7495       523
   macro avg     0.6479    0.6174    0.6267       523
weighted avg     0.7283    0.7495    0.7352       523

2026-04-09 05:42:27 - --------------------------------------------------
2026-04-09 05:42:37 - Epoch [46/100] LR: 2.63e-05/2.63e-04 | Loss: 0.6664 (seg=0.0023, cls=0.3320) | Cls Acc: 0.9671 | Seg IoU: 0.9953 | Seg Dice: 0.9976 | 9.5s
2026-04-09 05:42:47 - Epoch [47/100] LR: 2.57e-05/2.57e-04 | Loss: 0.6623 (seg=0.0021, cls=0.3301) | Cls Acc: 0.9712 | Seg IoU: 0.9959 | Seg Dice: 0.9979 | 9.8s
2026-04-09 05:42:56 - Epoch [48/100] LR: 2.50e-05/2.50e-04 | Loss: 0.6407 (seg=0.0019, cls=0.3194) | Cls Acc: 0.9753 | Seg IoU: 0.9962 | Seg Dice: 0.9981 | 9.6s
2026-04-09 05:43:06 - Epoch [49/100] LR: 2.43e-05/2.43e-04 | Loss: 0.6456 (seg=0.0017, cls=0.3219) | Cls Acc: 0.9778 | Seg IoU: 0.9966 | Seg Dice: 0.9983 | 9.7s
2026-04-09 05:43:15 - Epoch [50/100] LR: 2.36e-05/2.36e-04 | Loss: 0.6247 (seg=0.0016, cls=0.3115) | Cls Acc: 0.9778 | Seg IoU: 0.9968 | Seg Dice: 0.9984 | 9.6s
2026-04-09 05:43:15 - --------------------------------------------------
2026-04-09 05:43:18 - [Test] Cls — Acc: 0.7285 | P(macro): 0.6274 | R(macro): 0.6191 | F1(macro): 0.6226
2026-04-09 05:43:18 - [Test] Seg — Lesion IoU: 0.9964 | Lesion Dice: 0.9982
2026-04-09 05:43:18 - [Test] Classification Report:
              precision    recall  f1-score   support

      benign     0.4444    0.4031    0.4228       129
    no_tumor     0.8103    0.8350    0.8225       394

    accuracy                         0.7285       523
   macro avg     0.6274    0.6191    0.6226       523
weighted avg     0.7201    0.7285    0.7239       523

2026-04-09 05:43:18 - --------------------------------------------------
2026-04-09 05:43:27 - Epoch [51/100] LR: 2.30e-05/2.30e-04 | Loss: 0.5945 (seg=0.0015, cls=0.2965) | Cls Acc: 0.9885 | Seg IoU: 0.9969 | Seg Dice: 0.9984 | 9.4s
2026-04-09 05:43:37 - Epoch [52/100] LR: 2.23e-05/2.23e-04 | Loss: 0.6132 (seg=0.0014, cls=0.3059) | Cls Acc: 0.9811 | Seg IoU: 0.9973 | Seg Dice: 0.9986 | 9.5s
2026-04-09 05:43:47 - Epoch [53/100] LR: 2.16e-05/2.16e-04 | Loss: 0.5992 (seg=0.0013, cls=0.2990) | Cls Acc: 0.9868 | Seg IoU: 0.9974 | Seg Dice: 0.9987 | 9.8s
2026-04-09 05:43:57 - Epoch [54/100] LR: 2.09e-05/2.09e-04 | Loss: 0.5856 (seg=0.0012, cls=0.2922) | Cls Acc: 0.9877 | Seg IoU: 0.9975 | Seg Dice: 0.9988 | 9.8s
2026-04-09 05:44:06 - Epoch [55/100] LR: 2.02e-05/2.02e-04 | Loss: 0.6120 (seg=0.0013, cls=0.3054) | Cls Acc: 0.9827 | Seg IoU: 0.9974 | Seg Dice: 0.9987 | 9.4s
2026-04-09 05:44:06 - --------------------------------------------------
2026-04-09 05:44:08 - [Test] Cls — Acc: 0.6864 | P(macro): 0.5868 | R(macro): 0.5911 | F1(macro): 0.5886
2026-04-09 05:44:08 - [Test] Seg — Lesion IoU: 0.9976 | Lesion Dice: 0.9988
2026-04-09 05:44:08 - [Test] Classification Report:
              precision    recall  f1-score   support

      benign     0.3741    0.4031    0.3881       129
    no_tumor     0.7995    0.7792    0.7892       394

    accuracy                         0.6864       523
   macro avg     0.5868    0.5911    0.5886       523
weighted avg     0.6946    0.6864    0.6903       523

2026-04-09 05:44:08 - --------------------------------------------------
2026-04-09 05:44:18 - Epoch [56/100] LR: 1.95e-05/1.95e-04 | Loss: 0.6042 (seg=0.0012, cls=0.3015) | Cls Acc: 0.9852 | Seg IoU: 0.9977 | Seg Dice: 0.9988 | 9.3s
2026-04-09 05:44:27 - Epoch [57/100] LR: 1.88e-05/1.88e-04 | Loss: 0.5938 (seg=0.0011, cls=0.2964) | Cls Acc: 0.9868 | Seg IoU: 0.9978 | Seg Dice: 0.9989 | 9.5s
2026-04-09 05:44:37 - Epoch [58/100] LR: 1.81e-05/1.81e-04 | Loss: 0.6216 (seg=0.0011, cls=0.3103) | Cls Acc: 0.9827 | Seg IoU: 0.9978 | Seg Dice: 0.9989 | 9.7s
2026-04-09 05:44:47 - Epoch [59/100] LR: 1.74e-05/1.74e-04 | Loss: 0.5830 (seg=0.0010, cls=0.2910) | Cls Acc: 0.9910 | Seg IoU: 0.9980 | Seg Dice: 0.9990 | 9.8s
2026-04-09 05:44:57 - Epoch [60/100] LR: 1.68e-05/1.68e-04 | Loss: 0.5929 (seg=0.0009, cls=0.2960) | Cls Acc: 0.9877 | Seg IoU: 0.9981 | Seg Dice: 0.9991 | 10.5s
2026-04-09 05:44:57 - --------------------------------------------------
2026-04-09 05:45:00 - [Test] Cls — Acc: 0.7400 | P(macro): 0.6231 | R(macro): 0.5850 | F1(macro): 0.5919
2026-04-09 05:45:00 - [Test] Seg — Lesion IoU: 0.9980 | Lesion Dice: 0.9990
2026-04-09 05:45:00 - [Test] Classification Report:
              precision    recall  f1-score   support

      benign     0.4557    0.2791    0.3462       129
    no_tumor     0.7905    0.8909    0.8377       394

    accuracy                         0.7400       523
   macro avg     0.6231    0.5850    0.5919       523
weighted avg     0.7079    0.7400    0.7165       523

2026-04-09 05:45:00 - --------------------------------------------------
2026-04-09 05:45:09 - Epoch [61/100] LR: 1.61e-05/1.61e-04 | Loss: 0.6156 (seg=0.0009, cls=0.3073) | Cls Acc: 0.9803 | Seg IoU: 0.9982 | Seg Dice: 0.9991 | 9.4s
2026-04-09 05:45:19 - Epoch [62/100] LR: 1.54e-05/1.54e-04 | Loss: 0.5819 (seg=0.0009, cls=0.2905) | Cls Acc: 0.9910 | Seg IoU: 0.9982 | Seg Dice: 0.9991 | 9.7s
2026-04-09 05:45:29 - Epoch [63/100] LR: 1.47e-05/1.47e-04 | Loss: 0.5710 (seg=0.0008, cls=0.2851) | Cls Acc: 0.9910 | Seg IoU: 0.9983 | Seg Dice: 0.9991 | 9.8s
2026-04-09 05:45:39 - Epoch [64/100] LR: 1.41e-05/1.41e-04 | Loss: 0.5769 (seg=0.0008, cls=0.2880) | Cls Acc: 0.9901 | Seg IoU: 0.9984 | Seg Dice: 0.9992 | 10.2s
2026-04-09 05:45:49 - Epoch [65/100] LR: 1.34e-05/1.34e-04 | Loss: 0.5931 (seg=0.0008, cls=0.2961) | Cls Acc: 0.9885 | Seg IoU: 0.9983 | Seg Dice: 0.9992 | 9.9s
2026-04-09 05:45:49 - --------------------------------------------------
2026-04-09 05:45:51 - [Test] Cls — Acc: 0.7132 | P(macro): 0.6155 | R(macro): 0.6167 | F1(macro): 0.6161
2026-04-09 05:45:51 - [Test] Seg — Lesion IoU: 0.9981 | Lesion Dice: 0.9990
2026-04-09 05:45:51 - [Test] Classification Report:
              precision    recall  f1-score   support

      benign     0.4198    0.4264    0.4231       129
    no_tumor     0.8112    0.8071    0.8092       394

    accuracy                         0.7132       523
   macro avg     0.6155    0.6167    0.6161       523
weighted avg     0.7147    0.7132    0.7139       523

2026-04-09 05:45:51 - --------------------------------------------------
2026-04-09 05:46:01 - Epoch [66/100] LR: 1.28e-05/1.28e-04 | Loss: 0.5825 (seg=0.0008, cls=0.2909) | Cls Acc: 0.9868 | Seg IoU: 0.9984 | Seg Dice: 0.9992 | 9.8s
2026-04-09 05:46:11 - Epoch [67/100] LR: 1.21e-05/1.21e-04 | Loss: 0.5698 (seg=0.0007, cls=0.2845) | Cls Acc: 0.9926 | Seg IoU: 0.9985 | Seg Dice: 0.9993 | 9.5s
2026-04-09 05:46:20 - Epoch [68/100] LR: 1.15e-05/1.15e-04 | Loss: 0.5728 (seg=0.0007, cls=0.2860) | Cls Acc: 0.9918 | Seg IoU: 0.9985 | Seg Dice: 0.9993 | 9.7s
2026-04-09 05:46:30 - Epoch [69/100] LR: 1.09e-05/1.09e-04 | Loss: 0.5851 (seg=0.0007, cls=0.2922) | Cls Acc: 0.9901 | Seg IoU: 0.9986 | Seg Dice: 0.9993 | 10.2s
2026-04-09 05:46:40 - Epoch [70/100] LR: 1.03e-05/1.03e-04 | Loss: 0.5927 (seg=0.0007, cls=0.2960) | Cls Acc: 0.9901 | Seg IoU: 0.9986 | Seg Dice: 0.9993 | 9.9s
2026-04-09 05:46:40 - --------------------------------------------------
2026-04-09 05:46:43 - [Test] Cls — Acc: 0.7476 | P(macro): 0.6362 | R(macro): 0.5900 | F1(macro): 0.5981
2026-04-09 05:46:43 - [Test] Seg — Lesion IoU: 0.9985 | Lesion Dice: 0.9992
2026-04-09 05:46:43 - [Test] Classification Report:
              precision    recall  f1-score   support

      benign     0.4800    0.2791    0.3529       129
    no_tumor     0.7924    0.9010    0.8432       394

    accuracy                         0.7476       523
   macro avg     0.6362    0.5900    0.5981       523
weighted avg     0.7154    0.7476    0.7223       523

2026-04-09 05:46:43 - --------------------------------------------------
2026-04-09 05:46:53 - Epoch [71/100] LR: 9.71e-06/9.71e-05 | Loss: 0.5768 (seg=0.0007, cls=0.2881) | Cls Acc: 0.9910 | Seg IoU: 0.9986 | Seg Dice: 0.9993 | 9.8s
2026-04-09 05:47:02 - Epoch [72/100] LR: 9.13e-06/9.13e-05 | Loss: 0.5683 (seg=0.0006, cls=0.2838) | Cls Acc: 0.9942 | Seg IoU: 0.9987 | Seg Dice: 0.9993 | 9.7s
2026-04-09 05:47:12 - Epoch [73/100] LR: 8.56e-06/8.56e-05 | Loss: 0.5650 (seg=0.0006, cls=0.2822) | Cls Acc: 0.9942 | Seg IoU: 0.9988 | Seg Dice: 0.9994 | 10.1s
2026-04-09 05:47:22 - Epoch [74/100] LR: 8.01e-06/8.01e-05 | Loss: 0.5762 (seg=0.0006, cls=0.2878) | Cls Acc: 0.9901 | Seg IoU: 0.9987 | Seg Dice: 0.9994 | 9.8s
2026-04-09 05:47:32 - Epoch [75/100] LR: 7.47e-06/7.47e-05 | Loss: 0.5637 (seg=0.0006, cls=0.2816) | Cls Acc: 0.9942 | Seg IoU: 0.9988 | Seg Dice: 0.9994 | 9.6s
2026-04-09 05:47:32 - --------------------------------------------------
2026-04-09 05:47:35 - [Test] Cls — Acc: 0.7419 | P(macro): 0.6296 | R(macro): 0.5941 | F1(macro): 0.6021
2026-04-09 05:47:35 - [Test] Seg — Lesion IoU: 0.9986 | Lesion Dice: 0.9993
2026-04-09 05:47:35 - [Test] Classification Report:
              precision    recall  f1-score   support

      benign     0.4643    0.3023    0.3662       129
    no_tumor     0.7950    0.8858    0.8379       394

    accuracy                         0.7419       523
   macro avg     0.6296    0.5941    0.6021       523
weighted avg     0.7134    0.7419    0.7216       523

2026-04-09 05:47:35 - --------------------------------------------------
2026-04-09 05:47:44 - Epoch [76/100] LR: 6.95e-06/6.95e-05 | Loss: 0.5677 (seg=0.0006, cls=0.2835) | Cls Acc: 0.9934 | Seg IoU: 0.9988 | Seg Dice: 0.9994 | 9.6s
2026-04-09 05:47:54 - Epoch [77/100] LR: 6.45e-06/6.45e-05 | Loss: 0.5637 (seg=0.0006, cls=0.2815) | Cls Acc: 0.9951 | Seg IoU: 0.9988 | Seg Dice: 0.9994 | 9.5s
2026-04-09 05:48:03 - Epoch [78/100] LR: 5.96e-06/5.96e-05 | Loss: 0.5584 (seg=0.0006, cls=0.2789) | Cls Acc: 0.9951 | Seg IoU: 0.9988 | Seg Dice: 0.9994 | 9.7s
2026-04-09 05:48:13 - Epoch [79/100] LR: 5.49e-06/5.49e-05 | Loss: 0.5643 (seg=0.0006, cls=0.2819) | Cls Acc: 0.9926 | Seg IoU: 0.9989 | Seg Dice: 0.9994 | 10.0s
2026-04-09 05:48:24 - Epoch [80/100] LR: 5.03e-06/5.03e-05 | Loss: 0.5484 (seg=0.0005, cls=0.2739) | Cls Acc: 0.9975 | Seg IoU: 0.9989 | Seg Dice: 0.9994 | 10.8s
2026-04-09 05:48:24 - --------------------------------------------------
2026-04-09 05:48:27 - [Test] Cls — Acc: 0.7476 | P(macro): 0.6371 | R(macro): 0.5926 | F1(macro): 0.6010
2026-04-09 05:48:27 - [Test] Seg — Lesion IoU: 0.9987 | Lesion Dice: 0.9994
2026-04-09 05:48:27 - [Test] Classification Report:
              precision    recall  f1-score   support

      benign     0.4805    0.2868    0.3592       129
    no_tumor     0.7937    0.8985    0.8429       394

    accuracy                         0.7476       523
   macro avg     0.6371    0.5926    0.6010       523
weighted avg     0.7165    0.7476    0.7236       523

2026-04-09 05:48:27 - --------------------------------------------------
2026-04-09 05:48:37 - Epoch [81/100] LR: 4.60e-06/4.60e-05 | Loss: 0.5524 (seg=0.0005, cls=0.2759) | Cls Acc: 0.9975 | Seg IoU: 0.9989 | Seg Dice: 0.9994 | 10.2s
2026-04-09 05:48:48 - Epoch [82/100] LR: 4.18e-06/4.18e-05 | Loss: 0.5462 (seg=0.0005, cls=0.2728) | Cls Acc: 0.9967 | Seg IoU: 0.9990 | Seg Dice: 0.9995 | 10.6s
2026-04-09 05:48:59 - Epoch [83/100] LR: 3.79e-06/3.79e-05 | Loss: 0.5546 (seg=0.0005, cls=0.2770) | Cls Acc: 0.9959 | Seg IoU: 0.9989 | Seg Dice: 0.9995 | 10.9s
2026-04-09 05:49:10 - Epoch [84/100] LR: 3.41e-06/3.41e-05 | Loss: 0.5568 (seg=0.0005, cls=0.2781) | Cls Acc: 0.9959 | Seg IoU: 0.9989 | Seg Dice: 0.9995 | 11.6s
2026-04-09 05:49:20 - Epoch [85/100] LR: 3.05e-06/3.05e-05 | Loss: 0.5636 (seg=0.0005, cls=0.2815) | Cls Acc: 0.9951 | Seg IoU: 0.9990 | Seg Dice: 0.9995 | 9.9s
2026-04-09 05:49:20 - --------------------------------------------------
2026-04-09 05:49:23 - [Test] Cls — Acc: 0.7438 | P(macro): 0.6337 | R(macro): 0.5979 | F1(macro): 0.6064
2026-04-09 05:49:23 - [Test] Seg — Lesion IoU: 0.9988 | Lesion Dice: 0.9994
2026-04-09 05:49:23 - [Test] Classification Report:
              precision    recall  f1-score   support

      benign     0.4706    0.3101    0.3738       129
    no_tumor     0.7968    0.8858    0.8389       394

    accuracy                         0.7438       523
   macro avg     0.6337    0.5979    0.6064       523
weighted avg     0.7163    0.7438    0.7242       523

2026-04-09 05:49:23 - --------------------------------------------------
2026-04-09 05:49:33 - Epoch [86/100] LR: 2.72e-06/2.72e-05 | Loss: 0.5656 (seg=0.0005, cls=0.2825) | Cls Acc: 0.9942 | Seg IoU: 0.9990 | Seg Dice: 0.9995 | 10.0s
2026-04-09 05:49:43 - Epoch [87/100] LR: 2.40e-06/2.40e-05 | Loss: 0.5539 (seg=0.0005, cls=0.2767) | Cls Acc: 0.9967 | Seg IoU: 0.9990 | Seg Dice: 0.9995 | 10.6s
2026-04-09 05:49:54 - Epoch [88/100] LR: 2.11e-06/2.11e-05 | Loss: 0.5454 (seg=0.0005, cls=0.2724) | Cls Acc: 0.9959 | Seg IoU: 0.9990 | Seg Dice: 0.9995 | 10.9s
2026-04-09 05:50:04 - Epoch [89/100] LR: 1.84e-06/1.84e-05 | Loss: 0.5551 (seg=0.0005, cls=0.2773) | Cls Acc: 0.9959 | Seg IoU: 0.9990 | Seg Dice: 0.9995 | 9.9s
2026-04-09 05:50:15 - Epoch [90/100] LR: 1.59e-06/1.59e-05 | Loss: 0.5691 (seg=0.0005, cls=0.2843) | Cls Acc: 0.9942 | Seg IoU: 0.9990 | Seg Dice: 0.9995 | 11.4s
2026-04-09 05:50:15 - --------------------------------------------------
2026-04-09 05:50:19 - [Test] Cls — Acc: 0.7514 | P(macro): 0.6447 | R(macro): 0.5978 | F1(macro): 0.6071
2026-04-09 05:50:19 - [Test] Seg — Lesion IoU: 0.9989 | Lesion Dice: 0.9994
2026-04-09 05:50:19 - [Test] Classification Report:
              precision    recall  f1-score   support

      benign     0.4935    0.2946    0.3689       129
    no_tumor     0.7960    0.9010    0.8452       394

    accuracy                         0.7514       523
   macro avg     0.6447    0.5978    0.6071       523
weighted avg     0.7214    0.7514    0.7278       523

2026-04-09 05:50:19 - --------------------------------------------------
2026-04-09 05:50:29 - Epoch [91/100] LR: 1.37e-06/1.37e-05 | Loss: 0.5521 (seg=0.0005, cls=0.2758) | Cls Acc: 0.9975 | Seg IoU: 0.9990 | Seg Dice: 0.9995 | 10.4s
2026-04-09 05:50:40 - Epoch [92/100] LR: 1.17e-06/1.17e-05 | Loss: 0.5579 (seg=0.0005, cls=0.2787) | Cls Acc: 0.9959 | Seg IoU: 0.9990 | Seg Dice: 0.9995 | 11.2s
2026-04-09 05:50:50 - Epoch [93/100] LR: 9.88e-07/9.88e-06 | Loss: 0.5564 (seg=0.0005, cls=0.2779) | Cls Acc: 0.9951 | Seg IoU: 0.9991 | Seg Dice: 0.9995 | 10.2s
2026-04-09 05:51:00 - Epoch [94/100] LR: 8.33e-07/8.33e-06 | Loss: 0.5718 (seg=0.0005, cls=0.2857) | Cls Acc: 0.9934 | Seg IoU: 0.9991 | Seg Dice: 0.9995 | 9.9s
2026-04-09 05:51:10 - Epoch [95/100] LR: 7.01e-07/7.01e-06 | Loss: 0.5533 (seg=0.0004, cls=0.2764) | Cls Acc: 0.9975 | Seg IoU: 0.9991 | Seg Dice: 0.9995 | 10.1s
2026-04-09 05:51:10 - --------------------------------------------------
2026-04-09 05:51:13 - [Test] Cls — Acc: 0.7495 | P(macro): 0.6422 | R(macro): 0.5991 | F1(macro): 0.6083
2026-04-09 05:51:13 - [Test] Seg — Lesion IoU: 0.9989 | Lesion Dice: 0.9994
2026-04-09 05:51:13 - [Test] Classification Report:
              precision    recall  f1-score   support

      benign     0.4875    0.3023    0.3732       129
    no_tumor     0.7968    0.8959    0.8435       394

    accuracy                         0.7495       523
   macro avg     0.6422    0.5991    0.6083       523
weighted avg     0.7205    0.7495    0.7275       523

2026-04-09 05:51:13 - --------------------------------------------------
2026-04-09 05:51:24 - Epoch [96/100] LR: 5.93e-07/5.93e-06 | Loss: 0.5454 (seg=0.0005, cls=0.2724) | Cls Acc: 0.9984 | Seg IoU: 0.9990 | Seg Dice: 0.9995 | 10.4s
2026-04-09 05:51:34 - Epoch [97/100] LR: 5.08e-07/5.08e-06 | Loss: 0.5689 (seg=0.0005, cls=0.2842) | Cls Acc: 0.9942 | Seg IoU: 0.9990 | Seg Dice: 0.9995 | 10.3s
2026-04-09 05:51:45 - Epoch [98/100] LR: 4.48e-07/4.48e-06 | Loss: 0.5613 (seg=0.0005, cls=0.2804) | Cls Acc: 0.9951 | Seg IoU: 0.9989 | Seg Dice: 0.9995 | 11.1s
2026-04-09 05:51:56 - Epoch [99/100] LR: 4.12e-07/4.12e-06 | Loss: 0.5656 (seg=0.0005, cls=0.2826) | Cls Acc: 0.9951 | Seg IoU: 0.9990 | Seg Dice: 0.9995 | 10.6s
2026-04-09 05:52:06 - Epoch [100/100] LR: 4.00e-07/4.00e-06 | Loss: 0.5651 (seg=0.0005, cls=0.2823) | Cls Acc: 0.9942 | Seg IoU: 0.9990 | Seg Dice: 0.9995 | 10.6s
2026-04-09 05:52:06 - --------------------------------------------------
2026-04-09 05:52:09 - [Test] Cls — Acc: 0.7495 | P(macro): 0.6413 | R(macro): 0.5965 | F1(macro): 0.6055
2026-04-09 05:52:09 - [Test] Seg — Lesion IoU: 0.9989 | Lesion Dice: 0.9995
2026-04-09 05:52:09 - [Test] Classification Report:
              precision    recall  f1-score   support

      benign     0.4872    0.2946    0.3671       129
    no_tumor     0.7955    0.8985    0.8439       394

    accuracy                         0.7495       523
   macro avg     0.6413    0.5965    0.6055       523
weighted avg     0.7195    0.7495    0.7263       523

2026-04-09 05:52:09 - --------------------------------------------------
2026-04-09 05:52:09 - 
======================================================================
2026-04-09 05:52:09 - 训练完成! 最优模型: Epoch 15, F1: 0.6498
2026-04-09 05:52:09 - ======================================================================
2026-04-09 05:52:09 - 
加载最优权重进行最终测试...
2026-04-09 05:52:10 - ======================================================================
2026-04-09 05:52:10 - 最终测试结果 (最优权重, threshold=0.5)
2026-04-09 05:52:10 - ======================================================================
2026-04-09 05:52:13 - [Final Test] Cls — Acc: 0.7553 | P(macro): 0.6622 | R(macro): 0.6420 | F1(macro): 0.6498
2026-04-09 05:52:13 - [Final Test] Seg — Lesion IoU: 0.9718 | Lesion Dice: 0.9857
2026-04-09 05:52:13 - [Final Test] Classification Report:
              precision    recall  f1-score   support

      benign     0.5047    0.4186    0.4576       129
    no_tumor     0.8197    0.8655    0.8420       394

    accuracy                         0.7553       523
   macro avg     0.6622    0.6420    0.6498       523
weighted avg     0.7420    0.7553    0.7472       523

2026-04-09 05:52:13 - 
======================================================================
2026-04-09 05:52:13 - 阈值优化搜索
2026-04-09 05:52:13 - ======================================================================
2026-04-09 05:52:16 - 最优阈值: 0.400 (F1: 0.6707 vs 默认0.5 F1: 0.6498)
2026-04-09 05:52:18 - [Final Test (最优阈值)] Threshold: 0.400 | Acc: 0.7514 | P(macro): 0.6683 | R(macro): 0.6734 | F1(macro): 0.6707
2026-04-09 05:52:18 - [Final Test (最优阈值)] Classification Report:
              precision    recall  f1-score   support

      benign     0.4963    0.5194    0.5076       129
    no_tumor     0.8402    0.8274    0.8338       394

    accuracy                         0.7514       523
   macro avg     0.6683    0.6734    0.6707       523
weighted avg     0.7554    0.7514    0.7533       523

2026-04-09 05:52:18 - 训练脚本已复制到: /data1/ouyangxinglong/GBP-Cascade/0408/logs/20260408_task2_SwinV2Tiny_segcls_21c/20260408_task2_SwinV2Tiny_segcls_21c.py
