2026-03-23 15:08:13 - ======================================================================
2026-03-23 15:08:13 - 方案四: DINOv2 + 多架构深度特征融合 + 高级集成
2026-03-23 15:08:13 - ======================================================================
2026-03-23 15:08:13 - 
======================================================================
2026-03-23 15:08:13 - Step 1: DINOv2-Base 自监督特征 (LVD-142M pretrained)
2026-03-23 15:08:13 - ======================================================================
2026-03-23 15:08:13 - 加载 DINOv2-Base 预训练模型 (自监督, LVD-142M)...
2026-03-23 15:24:15 -   DINOv2 特征维度: 768
2026-03-23 15:24:15 - 加载 DINOv2-Base 预训练模型 (自监督, LVD-142M)...
2026-03-23 15:24:45 -   DINOv2 特征维度: 768
2026-03-23 15:24:45 - 
======================================================================
2026-03-23 15:24:45 - Step 2: 多种子 SwinV2 × TTA 特征 (5 seeds)
2026-03-23 15:24:45 - ======================================================================
2026-03-23 15:24:54 -   Seed 42: (1229, 768)
2026-03-23 15:25:02 -   Seed 123: (1229, 768)
2026-03-23 15:25:10 -   Seed 456: (1229, 768)
2026-03-23 15:25:18 -   Seed 789: (1229, 768)
2026-03-23 15:25:26 -   Seed 1024: (1229, 768)
2026-03-23 15:25:31 -   Seed 42: (523, 768)
2026-03-23 15:25:35 -   Seed 123: (523, 768)
2026-03-23 15:25:40 -   Seed 456: (523, 768)
2026-03-23 15:25:44 -   Seed 789: (523, 768)
2026-03-23 15:25:49 -   Seed 1024: (523, 768)
2026-03-23 15:25:49 - 
======================================================================
2026-03-23 15:25:49 - Step 3: 额外 SwinV2 特征 (Exp7, Exp9, Exp10)
2026-03-23 15:25:49 - ======================================================================
2026-03-23 15:25:57 -   Exp7_Full4ch: (1229, 768)
2026-03-23 15:26:05 -   Exp9_Balanced: (1229, 768)
2026-03-23 15:26:13 -   Exp10_Focal: (1229, 768)
2026-03-23 15:26:18 -   Exp7_Full4ch: (523, 768)
2026-03-23 15:26:22 -   Exp9_Balanced: (523, 768)
2026-03-23 15:26:26 -   Exp10_Focal: (523, 768)
2026-03-23 15:26:26 - 
======================================================================
2026-03-23 15:26:26 - Step 4: ConvNeXt 特征 (Exp8, Exp11)
2026-03-23 15:26:26 - ======================================================================
2026-03-23 15:26:34 -   Exp8_ConvNeXt_Full4ch: (1229, 768)
2026-03-23 15:26:42 -   Exp11_ConvNeXt_Focal: (1229, 768)
2026-03-23 15:26:47 -   Exp8_ConvNeXt_Full4ch: (523, 768)
2026-03-23 15:26:51 -   Exp11_ConvNeXt_Focal: (523, 768)
2026-03-23 15:26:51 - 
======================================================================
2026-03-23 15:26:51 - Step 5: 手工病灶形态学特征
2026-03-23 15:26:51 - ======================================================================
2026-03-23 15:26:51 - 提取手工特征 (1229 张)...
2026-03-23 15:28:08 -   手工特征维度: 15
2026-03-23 15:28:08 - 提取手工特征 (523 张)...
2026-03-23 15:28:41 -   手工特征维度: 15
2026-03-23 15:28:41 - 
======================================================================
2026-03-23 15:28:41 - 特征维度汇总:
2026-03-23 15:28:41 -   DINOv2: 768d
2026-03-23 15:28:41 -   SwinV2_5seed: 3840d
2026-03-23 15:28:41 -   SwinV2_extra: 2304d
2026-03-23 15:28:41 -   ConvNeXt: 1536d
2026-03-23 15:28:41 -   Handcrafted: 15d
2026-03-23 15:28:41 -   总计: 8463d
2026-03-23 15:28:41 - ======================================================================
2026-03-23 15:28:41 - 
======================================================================
2026-03-23 15:28:41 - 实验 A: 全特征 (DINOv2 + SwinV2 + ConvNeXt + Handcrafted)
2026-03-23 15:28:41 - ======================================================================
2026-03-23 15:28:41 - 
--- 全特征 XGBoost ---
2026-03-23 15:29:10 -   xgb_0 (d=3,lr=0.005): thr=0.610, F1=0.6380, best_iter=249
2026-03-23 15:29:30 -   xgb_1 (d=4,lr=0.01): thr=0.595, F1=0.6341, best_iter=117
2026-03-23 15:29:44 -   xgb_2 (d=4,lr=0.02): thr=0.600, F1=0.6344, best_iter=55
2026-03-23 15:30:03 -   xgb_3 (d=5,lr=0.01): thr=0.610, F1=0.6292, best_iter=116
2026-03-23 15:30:15 -   xgb_4 (d=5,lr=0.03): thr=0.580, F1=0.6300, best_iter=37
2026-03-23 15:30:34 -   xgb_5 (d=6,lr=0.01): thr=0.610, F1=0.6292, best_iter=116
2026-03-23 15:30:49 -   xgb_6 (d=6,lr=0.02): thr=0.540, F1=0.6289, best_iter=55
2026-03-23 15:30:59 -   xgb_7 (d=6,lr=0.05): thr=0.615, F1=0.6317, best_iter=19
2026-03-23 15:31:18 -   xgb_8 (d=8,lr=0.01): thr=0.610, F1=0.6292, best_iter=116
2026-03-23 15:31:30 -   xgb_9 (d=8,lr=0.03): thr=0.580, F1=0.6300, best_iter=37
2026-03-23 15:31:30 - 
--- 全特征 LightGBM ---
2026-03-23 15:31:41 -   lgb_0 (d=4,lr=0.005,leaves=15): thr=0.570, F1=0.6364
2026-03-23 15:31:48 -   lgb_1 (d=4,lr=0.01,leaves=15): thr=0.575, F1=0.6404
2026-03-23 15:31:54 -   lgb_2 (d=6,lr=0.01,leaves=31): thr=0.575, F1=0.6404
2026-03-23 15:31:59 -   lgb_3 (d=6,lr=0.03,leaves=31): thr=0.715, F1=0.6353
2026-03-23 15:32:02 -   lgb_4 (d=6,lr=0.05,leaves=31): thr=0.585, F1=0.6461
2026-03-23 15:32:10 -   lgb_5 (d=8,lr=0.01,leaves=63): thr=0.575, F1=0.6404
2026-03-23 15:32:14 -   lgb_6 (d=8,lr=0.03,leaves=63): thr=0.715, F1=0.6353
2026-03-23 15:32:21 -   lgb_7 (d=-1,lr=0.01,leaves=31): thr=0.575, F1=0.6404
2026-03-23 15:32:21 - 
--- 全特征 SVM ---
2026-03-23 15:32:40 -   svm_C0.1: thr=0.205, F1=0.6111
2026-03-23 15:32:51 -   svm_C0.5: thr=0.275, F1=0.6154
2026-03-23 15:33:01 -   svm_C1.0: thr=0.310, F1=0.6118
2026-03-23 15:33:10 -   svm_C5.0: thr=0.305, F1=0.6087
2026-03-23 15:33:20 -   svm_C10.0: thr=0.305, F1=0.6071
2026-03-23 15:33:20 - 
--- 全特征 LogReg ---
2026-03-23 15:33:22 -   lr_C0.001: thr=0.815, F1=0.6161
2026-03-23 15:33:24 -   lr_C0.01: thr=0.665, F1=0.6024
2026-03-23 15:33:26 -   lr_C0.1: thr=0.400, F1=0.5995
2026-03-23 15:33:29 -   lr_C1.0: thr=0.550, F1=0.6012
2026-03-23 15:33:29 - 
最优单分类器: lgb_4, F1=0.6461
2026-03-23 15:33:29 -   Top-3 ensemble: thr=0.555, F1=0.6421
2026-03-23 15:33:29 -   Top-5 ensemble: thr=0.565, F1=0.6421
2026-03-23 15:33:29 -   Top-8 ensemble: thr=0.565, F1=0.6364
2026-03-23 15:33:29 -   Top-10 ensemble: thr=0.770, F1=0.6350
2026-03-23 15:33:30 -   Top-27 ensemble: thr=0.640, F1=0.6312
2026-03-23 15:33:30 - 
最优 ensemble: Top-3, F1=0.6421
2026-03-23 15:33:30 - 
[全特征 Best Ensemble] Acc: 0.7591 | Precision: 0.6644 | Recall: 0.6315 | F1: 0.6421
2026-03-23 15:33:30 - [全特征 Best Ensemble] Classification Report:
              precision    recall  f1-score   support

      benign     0.5158    0.3798    0.4375       129
    no_tumor     0.8131    0.8832    0.8467       394

    accuracy                         0.7591       523
   macro avg     0.6644    0.6315    0.6421       523
weighted avg     0.7398    0.7591    0.7458       523

2026-03-23 15:33:30 - 
======================================================================
2026-03-23 15:33:30 - 实验 B: DINOv2 + Handcrafted (测试 DINOv2 独立能力)
2026-03-23 15:33:30 - ======================================================================
2026-03-23 15:33:30 - 
--- DINOv2 XGBoost ---
2026-03-23 15:33:48 -   xgb_0 (d=3,lr=0.005): thr=0.460, F1=0.5919, best_iter=2533
2026-03-23 15:33:56 -   xgb_1 (d=4,lr=0.01): thr=0.435, F1=0.6045, best_iter=823
2026-03-23 15:34:03 -   xgb_2 (d=4,lr=0.02): thr=0.535, F1=0.6090, best_iter=659
2026-03-23 15:34:13 -   xgb_3 (d=5,lr=0.01): thr=0.465, F1=0.5965, best_iter=855
2026-03-23 15:34:18 -   xgb_4 (d=5,lr=0.03): thr=0.460, F1=0.5982, best_iter=243
2026-03-23 15:34:29 -   xgb_5 (d=6,lr=0.01): thr=0.500, F1=0.5979, best_iter=689
2026-03-23 15:34:34 -   xgb_6 (d=6,lr=0.02): thr=0.505, F1=0.6033, best_iter=247
2026-03-23 15:34:38 -   xgb_7 (d=6,lr=0.05): thr=0.520, F1=0.5951, best_iter=129
2026-03-23 15:34:49 -   xgb_8 (d=8,lr=0.01): thr=0.490, F1=0.6028, best_iter=624
2026-03-23 15:34:54 -   xgb_9 (d=8,lr=0.03): thr=0.565, F1=0.6021, best_iter=183
2026-03-23 15:34:54 - 
--- DINOv2 LightGBM ---
2026-03-23 15:34:59 -   lgb_0 (d=4,lr=0.005,leaves=15): thr=0.540, F1=0.6008
2026-03-23 15:35:03 -   lgb_1 (d=4,lr=0.01,leaves=15): thr=0.610, F1=0.6029
2026-03-23 15:35:07 -   lgb_2 (d=6,lr=0.01,leaves=31): thr=0.475, F1=0.5981
2026-03-23 15:35:09 -   lgb_3 (d=6,lr=0.03,leaves=31): thr=0.745, F1=0.5960
2026-03-23 15:35:11 -   lgb_4 (d=6,lr=0.05,leaves=31): thr=0.655, F1=0.5875
2026-03-23 15:35:15 -   lgb_5 (d=8,lr=0.01,leaves=63): thr=0.500, F1=0.5917
2026-03-23 15:35:18 -   lgb_6 (d=8,lr=0.03,leaves=63): thr=0.685, F1=0.6014
2026-03-23 15:35:22 -   lgb_7 (d=-1,lr=0.01,leaves=31): thr=0.555, F1=0.5951
2026-03-23 15:35:22 - 
--- DINOv2 SVM ---
2026-03-23 15:35:25 -   svm_C0.1: thr=0.685, F1=0.5521
2026-03-23 15:35:27 -   svm_C0.5: thr=0.690, F1=0.5813
2026-03-23 15:35:29 -   svm_C1.0: thr=0.620, F1=0.6013
2026-03-23 15:35:31 -   svm_C5.0: thr=0.585, F1=0.5874
2026-03-23 15:35:33 -   svm_C10.0: thr=0.575, F1=0.5888
2026-03-23 15:35:33 - 
--- DINOv2 LogReg ---
2026-03-23 15:35:34 -   lr_C0.001: thr=0.430, F1=0.5880
2026-03-23 15:35:37 -   lr_C0.01: thr=0.510, F1=0.5798
2026-03-23 15:35:43 -   lr_C0.1: thr=0.490, F1=0.5739
2026-03-23 15:35:53 -   lr_C1.0: thr=0.340, F1=0.5788
2026-03-23 15:35:53 - 
最优单分类器: xgb_2, F1=0.6090
2026-03-23 15:35:53 -   Top-3 ensemble: thr=0.515, F1=0.6008
2026-03-23 15:35:54 -   Top-5 ensemble: thr=0.490, F1=0.6073
2026-03-23 15:35:54 -   Top-8 ensemble: thr=0.510, F1=0.6075
2026-03-23 15:35:54 -   Top-10 ensemble: thr=0.490, F1=0.6045
2026-03-23 15:35:54 -   Top-27 ensemble: thr=0.500, F1=0.6028
2026-03-23 15:35:54 - 
最优 ensemble: Top-8, F1=0.6075
2026-03-23 15:35:54 - 
[DINOv2 Best Ensemble] Acc: 0.7591 | Precision: 0.6584 | Recall: 0.5977 | F1: 0.6075
2026-03-23 15:35:54 - [DINOv2 Best Ensemble] Classification Report:
              precision    recall  f1-score   support

      benign     0.5217    0.2791    0.3636       129
    no_tumor     0.7952    0.9162    0.8514       394

    accuracy                         0.7591       523
   macro avg     0.6584    0.5977    0.6075       523
weighted avg     0.7277    0.7591    0.7311       523

2026-03-23 15:35:54 - 
======================================================================
2026-03-23 15:35:54 - 实验 C: PCA 降维 (去除特征冗余)
2026-03-23 15:35:54 - ======================================================================
2026-03-23 15:35:58 - 
--- PCA n=128 (解释方差比: 0.7733) ---
2026-03-23 15:35:59 -   XGB: thr=0.500, F1=0.6154
2026-03-23 15:35:59 -   LGB: thr=0.580, F1=0.6047
2026-03-23 15:36:13 - 
--- PCA n=256 (解释方差比: 0.8576) ---
2026-03-23 15:36:15 -   XGB: thr=0.500, F1=0.6127
2026-03-23 15:36:16 -   LGB: thr=0.635, F1=0.6094
2026-03-23 15:36:40 - 
--- PCA n=512 (解释方差比: 0.9355) ---
2026-03-23 15:36:43 -   XGB: thr=0.420, F1=0.6196
2026-03-23 15:36:45 -   LGB: thr=0.605, F1=0.6008
2026-03-23 15:36:45 - 
======================================================================
2026-03-23 15:36:45 - 实验 D: 全方位 Stacking (特征分类器 + NN softmax)
2026-03-23 15:36:45 - ======================================================================
2026-03-23 15:36:46 -   NN Exp7: loaded, P(no_tumor) range [0.000, 1.000]
2026-03-23 15:36:48 -   NN Exp9: loaded, P(no_tumor) range [0.002, 0.997]
2026-03-23 15:36:50 -   NN Exp10: loaded, P(no_tumor) range [0.000, 1.000]
2026-03-23 15:36:52 -   NN Seed42: loaded, P(no_tumor) range [0.002, 0.997]
2026-03-23 15:36:54 -   NN Seed123: loaded, P(no_tumor) range [0.003, 0.992]
2026-03-23 15:36:56 -   NN Seed456: loaded, P(no_tumor) range [0.005, 0.987]
2026-03-23 15:36:58 -   NN Seed789: loaded, P(no_tumor) range [0.000, 0.996]
2026-03-23 15:37:00 -   NN Seed1024: loaded, P(no_tumor) range [0.000, 1.000]
2026-03-23 15:37:01 - 
  Stacking 16 预测器: thr=0.585, F1=0.6445
2026-03-23 15:37:01 - 
[最终 Stacking] Acc: 0.7400 | Precision: 0.6470 | Recall: 0.6423 | F1: 0.6445
2026-03-23 15:37:01 - [最终 Stacking] Classification Report:
              precision    recall  f1-score   support

      benign     0.4715    0.4496    0.4603       129
    no_tumor     0.8225    0.8350    0.8287       394

    accuracy                         0.7400       523
   macro avg     0.6470    0.6423    0.6445       523
weighted avg     0.7359    0.7400    0.7378       523

2026-03-23 15:37:01 -   加权(nn=0.3, tree=0.7): thr=0.630, F1=0.6459
2026-03-23 15:37:01 -   加权(nn=0.5, tree=0.5): thr=0.585, F1=0.6445
2026-03-23 15:37:01 -   加权(nn=0.7, tree=0.3): thr=0.525, F1=0.6426
2026-03-23 15:37:01 - 
======================================================================
2026-03-23 15:37:01 - 完成!
2026-03-23 15:37:01 - ======================================================================
