2026-05-14 18:54:33 - ========================================================================
2026-05-14 18:54:33 - Ratio Ablation Experiment: D3_1_1.9_3
2026-05-14 18:54:33 - Train: /data1/ouyangxinglong/GBP-Cascade/0514dataset_flat/ratio_ablation_splits/train_D3_1_1.9_3.xlsx
2026-05-14 18:54:33 - Val:   /data1/ouyangxinglong/GBP-Cascade/0514/logs/20260514_task_risk_SwinV2Tiny_ordinal_trimodal_1/val_split.xlsx
2026-05-14 18:54:33 - Test:  /data1/ouyangxinglong/GBP-Cascade/0514dataset_flat/task_3class_test.xlsx
2026-05-14 18:54:33 - Sampler: natural → samples_per_class=None batch_size=8
2026-05-14 18:54:33 - Epochs: 20 | seed: 42
2026-05-14 18:54:33 - Device: cuda
2026-05-14 18:54:33 - ========================================================================
2026-05-14 18:54:33 - 训练 xlsx: /data1/ouyangxinglong/GBP-Cascade/0514dataset_flat/ratio_ablation_splits/train_D3_1_1.9_3.xlsx
2026-05-14 18:54:33 - 验证 xlsx: /data1/ouyangxinglong/GBP-Cascade/0514/logs/20260514_task_risk_SwinV2Tiny_ordinal_trimodal_1/val_split.xlsx
2026-05-14 18:54:33 - 测试 xlsx: /data1/ouyangxinglong/GBP-Cascade/0514dataset_flat/task_3class_test.xlsx
2026-05-14 18:54:33 - meta_stats fit xlsx: /data1/ouyangxinglong/GBP-Cascade/0514/logs/20260514_task_risk_SwinV2Tiny_ordinal_trimodal_1/train_split.xlsx
2026-05-14 18:54:33 - [1/3] 装载 text_dict ...
2026-05-14 18:54:34 -   text_dict: 1791 条 (0.1s)
2026-05-14 18:54:34 - [2/3] 拟合 meta_stats（用 baseline train_split，保证跨实验一致） ...
2026-05-14 18:54:34 -   meta_stats OK (0.8s)
2026-05-14 18:54:34 - [3/3] 构造 train / val / test Dataset ...
2026-05-14 18:54:37 -   Dataset OK (2.2s)
2026-05-14 18:54:37 -   Train: 1429 张 (malignant=242, benign=459, no_tumor=728)
2026-05-14 18:54:37 -   Val: 424 张 (malignant=62, benign=65, no_tumor=297)
2026-05-14 18:54:37 -   Test: 1167 张 (malignant=104, benign=158, no_tumor=905)
2026-05-14 18:54:37 - Sampler: RandomSampler (natural, batch_size=8)
2026-05-14 18:54:37 - DataLoaders OK | train_batches=179 val=53 test=146
2026-05-14 18:54:37 - 构建模型 ...
2026-05-14 18:54:40 - 模型构建完成 (3.9s)
2026-05-14 18:54:40 - ========================================================================
2026-05-14 18:54:40 - 开始训练
2026-05-14 18:54:40 - ========================================================================
2026-05-14 18:58:09 - Epoch [1/20] LR: 4.00e-06/4.00e-05 | Loss: 1.7268 (seg=0.6397 ord=0.5436) | Dice: 0.4501 | 209s
2026-05-14 19:01:07 - Epoch [2/20] LR: 8.00e-06/8.00e-05 | Loss: 1.3079 (seg=0.4238 ord=0.4421) | Dice: 0.8020 | 178s
2026-05-14 19:01:45 - [Val] AUC: 0.9880 | profile=primary t_low=0.150 t_high=0.500 low_p=0.9012 high_recall=1.0000 M→低=0 med_share=0.349
2026-05-14 19:01:47 - *** 保存最优 (Val AUC: 0.9880, Epoch 2) ***
2026-05-14 19:04:38 - Epoch [3/20] LR: 1.20e-05/1.20e-04 | Loss: 1.1048 (seg=0.2858 ord=0.4095) | Dice: 0.8996 | 171s
2026-05-14 19:07:30 - Epoch [4/20] LR: 1.60e-05/1.60e-04 | Loss: 0.9702 (seg=0.1244 ord=0.4229) | Dice: 0.9391 | 172s
2026-05-14 19:08:08 - [Val] AUC: 0.9853 | profile=unconstrained t_low=0.130 t_high=0.500 low_p=0.9136 high_recall=0.8226 M→低=0 med_share=0.276
2026-05-14 19:11:00 - Epoch [5/20] LR: 2.00e-05/2.00e-04 | Loss: 0.8434 (seg=0.0555 ord=0.3939) | Dice: 0.9576 | 172s
2026-05-14 19:13:53 - Epoch [6/20] LR: 1.98e-05/1.98e-04 | Loss: 0.8121 (seg=0.0364 ord=0.3879) | Dice: 0.9611 | 173s
2026-05-14 19:14:30 - [Val] AUC: 0.9948 | profile=primary t_low=0.170 t_high=0.500 low_p=0.9208 high_recall=0.9839 M→低=0 med_share=0.337
2026-05-14 19:14:34 - *** 保存最优 (Val AUC: 0.9948, Epoch 6) ***
2026-05-14 19:17:24 - Epoch [7/20] LR: 1.91e-05/1.91e-04 | Loss: 0.7673 (seg=0.0249 ord=0.3712) | Dice: 0.9698 | 170s
2026-05-14 19:20:15 - Epoch [8/20] LR: 1.81e-05/1.81e-04 | Loss: 0.7504 (seg=0.0211 ord=0.3647) | Dice: 0.9726 | 172s
2026-05-14 19:20:53 - [Val] AUC: 0.9904 | profile=unconstrained t_low=0.050 t_high=0.500 low_p=0.9191 high_recall=0.8871 M→低=0 med_share=0.521
2026-05-14 19:23:50 - Epoch [9/20] LR: 1.67e-05/1.67e-04 | Loss: 0.7355 (seg=0.0199 ord=0.3578) | Dice: 0.9729 | 176s
2026-05-14 19:26:39 - Epoch [10/20] LR: 1.50e-05/1.50e-04 | Loss: 0.7290 (seg=0.0175 ord=0.3557) | Dice: 0.9757 | 169s
2026-05-14 19:27:17 - [Val] AUC: 0.9975 | profile=primary t_low=0.150 t_high=0.500 low_p=0.9202 high_recall=0.9839 M→低=0 med_share=0.330
2026-05-14 19:27:21 - *** 保存最优 (Val AUC: 0.9975, Epoch 10) ***
2026-05-14 19:30:16 - Epoch [11/20] LR: 1.32e-05/1.32e-04 | Loss: 0.7144 (seg=0.0165 ord=0.3490) | Dice: 0.9767 | 175s
2026-05-14 19:33:09 - Epoch [12/20] LR: 1.11e-05/1.11e-04 | Loss: 0.6914 (seg=0.0154 ord=0.3380) | Dice: 0.9779 | 173s
2026-05-14 19:33:47 - [Val] AUC: 0.9927 | profile=primary t_low=0.090 t_high=0.500 low_p=0.9057 high_recall=0.9677 M→低=0 med_share=0.318
2026-05-14 19:36:17 - Epoch [13/20] LR: 9.07e-06/9.07e-05 | Loss: 0.6942 (seg=0.0147 ord=0.3398) | Dice: 0.9787 | 151s
2026-05-14 19:38:43 - Epoch [14/20] LR: 7.04e-06/7.04e-05 | Loss: 0.6687 (seg=0.0139 ord=0.3274) | Dice: 0.9800 | 146s
2026-05-14 19:39:15 - [Val] AUC: 0.9972 | profile=primary t_low=0.110 t_high=0.500 low_p=0.9028 high_recall=0.9839 M→低=0 med_share=0.222
2026-05-14 19:41:41 - Epoch [15/20] LR: 5.15e-06/5.15e-05 | Loss: 0.6553 (seg=0.0133 ord=0.3210) | Dice: 0.9809 | 146s
2026-05-14 19:43:45 - Epoch [16/20] LR: 3.48e-06/3.48e-05 | Loss: 0.6552 (seg=0.0129 ord=0.3211) | Dice: 0.9812 | 123s
2026-05-14 19:44:10 - [Val] AUC: 0.9965 | profile=primary t_low=0.050 t_high=0.500 low_p=0.9150 high_recall=0.9677 M→低=0 med_share=0.323
2026-05-14 19:46:08 - Epoch [17/20] LR: 2.09e-06/2.09e-05 | Loss: 0.6465 (seg=0.0128 ord=0.3169) | Dice: 0.9814 | 118s
2026-05-14 19:48:06 - Epoch [18/20] LR: 1.06e-06/1.06e-05 | Loss: 0.6399 (seg=0.0124 ord=0.3137) | Dice: 0.9820 | 118s
2026-05-14 19:48:31 - [Val] AUC: 0.9965 | profile=primary t_low=0.050 t_high=0.500 low_p=0.9179 high_recall=0.9839 M→低=0 med_share=0.335
2026-05-14 19:50:28 - Epoch [19/20] LR: 4.16e-07/4.16e-06 | Loss: 0.6309 (seg=0.0126 ord=0.3092) | Dice: 0.9818 | 117s
2026-05-14 19:52:25 - Epoch [20/20] LR: 2.00e-07/2.00e-06 | Loss: 0.6246 (seg=0.0123 ord=0.3061) | Dice: 0.9822 | 117s
2026-05-14 19:52:51 - [Val] AUC: 0.9972 | profile=primary t_low=0.050 t_high=0.500 low_p=0.9305 high_recall=0.9839 M→低=0 med_share=0.349
2026-05-14 19:52:51 - ========================================================================
2026-05-14 19:52:51 - 训练完成 | best_epoch=10 | best_val_auc=0.9975
2026-05-14 19:52:51 - ========================================================================
2026-05-14 19:54:22 - ========================================================================
2026-05-14 19:54:22 - [Test (D3_1_1.9_3)] 风险分层评估 (t_low=0.150, t_high=0.500)
2026-05-14 19:54:22 - ========================================================================
2026-05-14 19:54:22 - [Test (D3_1_1.9_3)] 3-band 混淆矩阵 (行=真实, 列=预测档)：
2026-05-14 19:54:22 -                band_high  band_med   band_low
2026-05-14 19:54:22 -   malignant           104         0          0
2026-05-14 19:54:22 -   benign               46        67         45
2026-05-14 19:54:22 -   no_tumor             49       284        572
2026-05-14 19:54:22 - [Test (D3_1_1.9_3)] 二值安全口径 (高风险 vs 非高风险)：
2026-05-14 19:54:22 -                pred_high  pred_other
2026-05-14 19:54:22 -   is_malignant       104          0
2026-05-14 19:54:22 -   not_mal             95        968
2026-05-14 19:54:22 - [Test (D3_1_1.9_3)] 关键安全指标：
2026-05-14 19:54:22 -   M → 低风险 漏诊 (硬底线 ≤ 1)：0
2026-05-14 19:54:22 -   高风险召回 (硬底线 ≥ 0.95) ：1.0000
2026-05-14 19:54:22 -   高风险精确率              ：0.5226
2026-05-14 19:54:22 -   中风险占比 (约束 ≤ 0.35)  ：0.3008
2026-05-14 19:54:22 -   二值 ROC-AUC (恶性 vs 其他)：0.9995
2026-05-14 19:54:22 - [Test (D3_1_1.9_3)] 每档统计：
2026-05-14 19:54:22 -   band_high   | n_pred= 199 | share=0.171 | P(vs malignant)=0.5226 | R(vs malignant)=1.0000
2026-05-14 19:54:22 -   band_medium | n_pred= 351 | share=0.301 | P(vs benign)=0.1909 | R(vs benign)=0.4241
2026-05-14 19:54:22 -   band_low    | n_pred= 617 | share=0.529 | P(vs no_tumor)=0.9271 | R(vs no_tumor)=0.6320
2026-05-14 19:54:22 - [Test (D3_1_1.9_3)] 风险分数分布：
2026-05-14 19:54:22 -   malignant  n= 104 mean=0.9721 std=0.0611 [0.6367, 0.9997]
2026-05-14 19:54:22 -   benign     n= 158 mean=0.3237 std=0.2280 [0.0087, 0.8534]
2026-05-14 19:54:22 -   no_tumor   n= 905 mean=0.1581 std=0.1612 [0.0019, 0.9125]
2026-05-14 19:54:22 - [Test (D3_1_1.9_3)] 校准 (Brier=0.0611)；分箱样本数: [512, 183, 140, 76, 57, 48, 36, 8, 13, 94]
2026-05-14 19:54:22 - ========================================================================
2026-05-14 19:54:22 - 评估结果已保存: /data1/ouyangxinglong/GBP-Cascade/0514/logs/ratio_ablation/D3_1_1.9_3/eval_test.json
2026-05-14 19:54:23 - 混淆矩阵图: /data1/ouyangxinglong/GBP-Cascade/0514/logs/ratio_ablation/D3_1_1.9_3/confusion_matrix.png
2026-05-14 19:54:23 - ========================================================================
2026-05-14 19:54:23 - 完成 D3_1_1.9_3
2026-05-14 19:54:23 - ========================================================================
