2026-05-05 11:00:18 - ========================================================================
2026-05-05 11:00:18 - 实验: 20260505_task_risk_B_calib  (实验 B — 非对称 target + 早停 + 温度校准)
2026-05-05 11:00:18 - 模型: SwinV2-Tiny@256 + 4ch + Trimodal + 1D Risk Head (asym target 1.0/0.35/0.0, early-stop, temperature-scaled)
2026-05-05 11:00:18 - Ordinal targets: [1.0, 0.3499999940395355, 0.0]  (asymmetric)
2026-05-05 11:00:18 - Epochs: 25 | Patience: 5
2026-05-05 11:00:18 - 设备: cuda
2026-05-05 11:00:18 - ========================================================================
2026-05-05 11:00:18 - 初始化完成,开始构建数据流水线 ...
2026-05-05 11:00:18 - [1/4] 切分 train/val ...
2026-05-05 11:00:18 - [1/4] train=690 val=123 (0.4s)
2026-05-05 11:00:18 - [2/4] 装载 text_dict ...
2026-05-05 11:00:18 - [2/4] 共 1953 条
2026-05-05 11:00:18 - [3/4] 构造 train_dataset ...
2026-05-05 11:00:19 - [3/4] train_dataset OK (0.6s)
2026-05-05 11:00:20 - [3/4] eval datasets OK
2026-05-05 11:00:20 - Train: 690 张 (malignant=232, benign=227, no_tumor=231)
2026-05-05 11:00:20 - Val: 123 张 (malignant=39, benign=44, no_tumor=40)
2026-05-05 11:00:20 - Test-111: 342 张 (malignant=114, benign=114, no_tumor=114)
2026-05-05 11:00:20 - Test-112: 456 张 (malignant=114, benign=114, no_tumor=228)
2026-05-05 11:00:20 - [4/4] DataLoaders OK | train_batches=115
2026-05-05 11:00:20 - 构建模型 (BERT + SwinV2-Tiny + Trimodal, 离线加载) ...
2026-05-05 11:00:39 - 模型构建完成 (18.9s)
2026-05-05 11:00:39 - 模型参数量: 137,406,416 (可训练 35,138,768)
2026-05-05 11:00:39 - ========================================================================
2026-05-05 11:00:39 - 开始训练 (含早停)
2026-05-05 11:00:39 - ========================================================================
2026-05-05 11:00:57 - Epoch [1/25] LR: 6.67e-06/6.67e-05 | Loss: 1.3642 (seg=0.5087 ord=0.4277) | Dice: 0.8308 | 18s
2026-05-05 11:01:12 - Epoch [2/25] LR: 1.33e-05/1.33e-04 | Loss: 0.8986 (seg=0.1994 ord=0.3496) | Dice: 0.9570 | 15s
2026-05-05 11:01:13 - [Val] ROC-AUC: 0.9963 | profile=primary t_low=0.250 t_high=0.500 low_p=0.6000 high_recall=1.0000 M→低=0 med_share=0.260
2026-05-05 11:01:15 - *** 保存最优 (Val AUC: 0.9963, Epoch: 2) ***
2026-05-05 11:01:30 - Epoch [3/25] LR: 2.00e-05/2.00e-04 | Loss: 0.7539 (seg=0.0880 ord=0.3330) | Dice: 0.9786 | 15s
2026-05-05 11:01:45 - Epoch [4/25] LR: 1.99e-05/1.99e-04 | Loss: 0.6748 (seg=0.0431 ord=0.3159) | Dice: 0.9847 | 15s
2026-05-05 11:01:46 - [Val] ROC-AUC: 0.9731 | profile=unconstrained t_low=0.050 t_high=0.500 low_p=0.6957 high_recall=0.7692 M→低=0 med_share=0.569
2026-05-05 11:02:02 - Epoch [5/25] LR: 1.96e-05/1.96e-04 | Loss: 0.6581 (seg=0.0289 ord=0.3146) | Dice: 0.9870 | 15s
2026-05-05 11:02:16 - Epoch [6/25] LR: 1.91e-05/1.91e-04 | Loss: 0.6283 (seg=0.0211 ord=0.3036) | Dice: 0.9895 | 14s
2026-05-05 11:02:18 - [Val] ROC-AUC: 1.0000 | profile=primary t_low=0.170 t_high=0.500 low_p=0.6667 high_recall=1.0000 M→低=0 med_share=0.341
2026-05-05 11:02:22 - *** 保存最优 (Val AUC: 1.0000, Epoch: 6) ***
2026-05-05 11:02:36 - Epoch [7/25] LR: 1.84e-05/1.84e-04 | Loss: 0.6176 (seg=0.0170 ord=0.3003) | Dice: 0.9903 | 15s
2026-05-05 11:02:51 - Epoch [8/25] LR: 1.76e-05/1.76e-04 | Loss: 0.6084 (seg=0.0143 ord=0.2970) | Dice: 0.9913 | 15s
2026-05-05 11:02:52 - [Val] ROC-AUC: 1.0000 | profile=primary t_low=0.190 t_high=0.500 low_p=0.6486 high_recall=1.0000 M→低=0 med_share=0.341
2026-05-05 11:03:07 - Epoch [9/25] LR: 1.66e-05/1.66e-04 | Loss: 0.5967 (seg=0.0133 ord=0.2917) | Dice: 0.9909 | 15s
2026-05-05 11:03:22 - Epoch [10/25] LR: 1.55e-05/1.55e-04 | Loss: 0.5873 (seg=0.0117 ord=0.2878) | Dice: 0.9920 | 15s
2026-05-05 11:03:23 - [Val] ROC-AUC: 1.0000 | profile=primary t_low=0.290 t_high=0.500 low_p=0.6000 high_recall=1.0000 M→低=0 med_share=0.341
2026-05-05 11:03:39 - Epoch [11/25] LR: 1.42e-05/1.42e-04 | Loss: 0.5812 (seg=0.0103 ord=0.2855) | Dice: 0.9926 | 16s
2026-05-05 11:03:54 - Epoch [12/25] LR: 1.29e-05/1.29e-04 | Loss: 0.5708 (seg=0.0099 ord=0.2804) | Dice: 0.9926 | 15s
2026-05-05 11:03:55 - [Val] ROC-AUC: 1.0000 | profile=primary t_low=0.290 t_high=0.500 low_p=0.5682 high_recall=1.0000 M→低=0 med_share=0.325
2026-05-05 11:04:10 - Epoch [13/25] LR: 1.15e-05/1.15e-04 | Loss: 0.5597 (seg=0.0079 ord=0.2759) | Dice: 0.9943 | 15s
2026-05-05 11:04:25 - Epoch [14/25] LR: 1.01e-05/1.01e-04 | Loss: 0.5700 (seg=0.0082 ord=0.2809) | Dice: 0.9934 | 15s
2026-05-05 11:04:27 - [Val] ROC-AUC: 1.0000 | profile=primary t_low=0.210 t_high=0.500 low_p=0.5610 high_recall=1.0000 M→低=0 med_share=0.350
2026-05-05 11:04:42 - Epoch [15/25] LR: 8.69e-06/8.69e-05 | Loss: 0.5576 (seg=0.0070 ord=0.2753) | Dice: 0.9948 | 15s
2026-05-05 11:04:57 - Epoch [16/25] LR: 7.31e-06/7.31e-05 | Loss: 0.5596 (seg=0.0063 ord=0.2766) | Dice: 0.9953 | 15s
2026-05-05 11:04:58 - [Val] ROC-AUC: 1.0000 | profile=primary t_low=0.230 t_high=0.500 low_p=0.5909 high_recall=1.0000 M→低=0 med_share=0.325
2026-05-05 11:04:58 - ⏹ Early stopping triggered at epoch 16 (best epoch=6, best AUC=1.0000)
2026-05-05 11:04:58 - ========================================================================
2026-05-05 11:04:58 - 训练完成。Best Epoch: 6, Best Val AUC: 1.0000
2026-05-05 11:04:58 - ========================================================================
2026-05-05 11:05:01 - ========================================================================
2026-05-05 11:05:01 - [Temperature Scaling] T = 0.3664
2026-05-05 11:05:01 -   val Brier (before)= 0.0394
2026-05-05 11:05:01 -   val Brier (after) = 0.0235  (↓)
2026-05-05 11:05:01 - ========================================================================
2026-05-05 11:05:01 - 在校准后 val 上做约束阈值搜索: profile=primary
2026-05-05 11:05:01 -   → t_low=0.070, t_high=0.500
2026-05-05 11:05:01 -   val (calibrated): {'t_low': 0.07, 't_high': 0.5, 'mal_to_low': 0, 'high_recall': 1.0, 'high_precision': 0.9285714285714286, 'medium_share': 0.11382113821138211, 'low_precision': 0.5373134328358209, 'n_high_pred': 42, 'n_med_pred': 14, 'n_low_pred': 67}
2026-05-05 11:05:01 - ========================================================================
2026-05-05 11:05:01 - 阈值已保存: /data1/ouyangxinglong/GBP-Cascade/0502/logs/20260505_task_risk_B_calib/thresholds.json
2026-05-05 11:05:03 - ========================================================================
2026-05-05 11:05:03 - [Test-111 (calib+val-thr)] 风险分层评估 (t_low=0.070, t_high=0.500)
2026-05-05 11:05:03 - ========================================================================
2026-05-05 11:05:03 - [Test-111 (calib+val-thr)] 3-band 混淆矩阵 (行=真实, 列=预测档)：
2026-05-05 11:05:03 -                band_high  band_med   band_low
2026-05-05 11:05:03 -   malignant           113         1          0
2026-05-05 11:05:03 -   benign                3        26         85
2026-05-05 11:05:03 -   no_tumor              1        11        102
2026-05-05 11:05:03 - [Test-111 (calib+val-thr)] 二值安全口径 (高风险 vs 非高风险)：
2026-05-05 11:05:03 -                pred_high  pred_other
2026-05-05 11:05:03 -   is_malignant       113          1
2026-05-05 11:05:03 -   not_mal              4        224
2026-05-05 11:05:03 - [Test-111 (calib+val-thr)] 关键安全指标：
2026-05-05 11:05:03 -   M → 低风险 漏诊 (硬底线 ≤ 1)：0
2026-05-05 11:05:03 -   高风险召回 (硬底线 ≥ 0.95) ：0.9912
2026-05-05 11:05:03 -   高风险精确率              ：0.9658
2026-05-05 11:05:03 -   中风险占比 (约束 ≤ 0.35)  ：0.1111
2026-05-05 11:05:03 -   二值 ROC-AUC (恶性 vs 其他)：0.9991
2026-05-05 11:05:03 - [Test-111 (calib+val-thr)] 每档统计：
2026-05-05 11:05:03 -   band_high   | n_pred= 117 | share=0.342 | P(vs malignant)=0.9658 | R(vs malignant)=0.9912
2026-05-05 11:05:03 -   band_medium | n_pred=  38 | share=0.111 | P(vs benign)=0.6842 | R(vs benign)=0.2281
2026-05-05 11:05:03 -   band_low    | n_pred= 187 | share=0.547 | P(vs no_tumor)=0.5455 | R(vs no_tumor)=0.8947
2026-05-05 11:05:03 - [Test-111 (calib+val-thr)] 风险分数分布：
2026-05-05 11:05:03 -   malignant  n= 114 mean=0.9816 std=0.0806 [0.4910, 1.0000]
2026-05-05 11:05:03 -   benign     n= 114 mean=0.0781 std=0.1549 [0.0000, 0.9640]
2026-05-05 11:05:03 -   no_tumor   n= 114 mean=0.0341 std=0.1111 [0.0000, 0.9730]
2026-05-05 11:05:03 - [Test-111 (calib+val-thr)] 校准 (Brier=0.0168)；分箱样本数: [193, 16, 8, 5, 3, 2, 2, 1, 1, 111]
2026-05-05 11:05:03 - ========================================================================
2026-05-05 11:05:03 - [Test-111] Brier raw=0.0348 calib=0.0168
2026-05-05 11:05:03 - [Test-111] 诊断 — 直接在校准后该集上搜阈值: profile=primary t_low=0.050 t_high=0.500 low_p=0.5470
2026-05-05 11:05:03 - 评估已保存: /data1/ouyangxinglong/GBP-Cascade/0502/logs/20260505_task_risk_B_calib/eval_111.json
2026-05-05 11:05:06 - ========================================================================
2026-05-05 11:05:06 - [Test-112 (calib+val-thr)] 风险分层评估 (t_low=0.070, t_high=0.500)
2026-05-05 11:05:06 - ========================================================================
2026-05-05 11:05:06 - [Test-112 (calib+val-thr)] 3-band 混淆矩阵 (行=真实, 列=预测档)：
2026-05-05 11:05:06 -                band_high  band_med   band_low
2026-05-05 11:05:06 -   malignant           113         1          0
2026-05-05 11:05:06 -   benign                3        26         85
2026-05-05 11:05:06 -   no_tumor              3        21        204
2026-05-05 11:05:06 - [Test-112 (calib+val-thr)] 二值安全口径 (高风险 vs 非高风险)：
2026-05-05 11:05:06 -                pred_high  pred_other
2026-05-05 11:05:06 -   is_malignant       113          1
2026-05-05 11:05:06 -   not_mal              6        336
2026-05-05 11:05:06 - [Test-112 (calib+val-thr)] 关键安全指标：
2026-05-05 11:05:06 -   M → 低风险 漏诊 (硬底线 ≤ 1)：0
2026-05-05 11:05:06 -   高风险召回 (硬底线 ≥ 0.95) ：0.9912
2026-05-05 11:05:06 -   高风险精确率              ：0.9496
2026-05-05 11:05:06 -   中风险占比 (约束 ≤ 0.35)  ：0.1053
2026-05-05 11:05:06 -   二值 ROC-AUC (恶性 vs 其他)：0.9990
2026-05-05 11:05:06 - [Test-112 (calib+val-thr)] 每档统计：
2026-05-05 11:05:06 -   band_high   | n_pred= 119 | share=0.261 | P(vs malignant)=0.9496 | R(vs malignant)=0.9912
2026-05-05 11:05:06 -   band_medium | n_pred=  48 | share=0.105 | P(vs benign)=0.5417 | R(vs benign)=0.2281
2026-05-05 11:05:06 -   band_low    | n_pred= 289 | share=0.634 | P(vs no_tumor)=0.7059 | R(vs no_tumor)=0.8947
2026-05-05 11:05:06 - [Test-112 (calib+val-thr)] 风险分数分布：
2026-05-05 11:05:06 -   malignant  n= 114 mean=0.9816 std=0.0806 [0.4910, 1.0000]
2026-05-05 11:05:06 -   benign     n= 114 mean=0.0781 std=0.1549 [0.0000, 0.9640]
2026-05-05 11:05:06 -   no_tumor   n= 228 mean=0.0381 std=0.1298 [0.0000, 0.9992]
2026-05-05 11:05:06 - [Test-112 (calib+val-thr)] 校准 (Brier=0.0184)；分箱样本数: [300, 18, 9, 5, 5, 2, 2, 1, 1, 113]
2026-05-05 11:05:06 - ========================================================================
2026-05-05 11:05:06 - [Test-112] Brier raw=0.0363 calib=0.0184
2026-05-05 11:05:07 - [Test-112] 诊断 — 直接在校准后该集上搜阈值: profile=primary t_low=0.070 t_high=0.500 low_p=0.7059
2026-05-05 11:05:07 - 评估已保存: /data1/ouyangxinglong/GBP-Cascade/0502/logs/20260505_task_risk_B_calib/eval_112.json
2026-05-05 11:05:07 - 混淆矩阵图: /data1/ouyangxinglong/GBP-Cascade/0502/logs/20260505_task_risk_B_calib/confusion_matrices.png
2026-05-05 11:05:07 - ========================================================================
2026-05-05 11:05:07 - 全部完成。
2026-05-05 11:05:07 -   best weight    : /data1/ouyangxinglong/GBP-Cascade/0502/logs/20260505_task_risk_B_calib/20260505_task_risk_B_calib_best.pth
2026-05-05 11:05:07 -   thresholds.json: /data1/ouyangxinglong/GBP-Cascade/0502/logs/20260505_task_risk_B_calib/thresholds.json
2026-05-05 11:05:07 -   eval_111.json  : /data1/ouyangxinglong/GBP-Cascade/0502/logs/20260505_task_risk_B_calib/eval_111.json
2026-05-05 11:05:07 -   eval_112.json  : /data1/ouyangxinglong/GBP-Cascade/0502/logs/20260505_task_risk_B_calib/eval_112.json
2026-05-05 11:05:07 -   混淆矩阵图     : /data1/ouyangxinglong/GBP-Cascade/0502/logs/20260505_task_risk_B_calib/confusion_matrices.png
2026-05-05 11:05:07 - ========================================================================
