2026-03-23 12:32:25 - ============================================================
2026-03-23 12:32:25 - 实验名称: 20260323_task2_SwinV2_seed123
2026-03-23 12:32:25 - 任务: Task 2 - 良性肿瘤(0) vs 非肿瘤性息肉(1)
2026-03-23 12:32:25 - 模型: Swin-V2-Tiny (ImageNet, 4ch, drop=0.3)
2026-03-23 12:32:25 - 修改: 全图4ch + BalancedSampler + 修复Mixup + 强增强 + seed=123
2026-03-23 12:32:25 - 输入通道: 4
2026-03-23 12:32:25 - 图像尺寸: train Full_img → StrongSync + mask, test Full_img → Resize256 + mask
2026-03-23 12:32:25 - Batch Size: 8
2026-03-23 12:32:25 - Backbone LR: 2e-05
2026-03-23 12:32:25 - Head LR: 0.0002
2026-03-23 12:32:25 - Weight Decay: 0.05
2026-03-23 12:32:25 - Warmup Epochs: 8
2026-03-23 12:32:25 - Min LR Ratio: 0.01
2026-03-23 12:32:25 - Label Smoothing: 0.1
2026-03-23 12:32:25 - Seed: 123
2026-03-23 12:32:25 - Epochs: 100
2026-03-23 12:32:25 - Grad Clip: 1.0
2026-03-23 12:32:25 - 设备: cuda
2026-03-23 12:32:25 - ============================================================
2026-03-23 12:32:25 - 训练集: 1229 张 (benign=309, no_tumor=920)
2026-03-23 12:32:25 - 测试集: 523 张 (benign=129, no_tumor=394)
2026-03-23 12:32:27 - 模型参数量: 27,581,228
2026-03-23 12:32:27 - 可训练参数量: 27,581,228
2026-03-23 12:32:27 - 类别权重: benign=1.9887, no_tumor=0.6679
2026-03-23 12:32:27 - 损失函数: CE(class_weight+LS=0.1) + Weighted Mixup + BalancedSampler [seed=123]
2026-03-23 12:32:27 - 
============================================================
2026-03-23 12:32:27 - 开始训练
2026-03-23 12:32:27 - ============================================================
2026-03-23 12:32:40 - Epoch [1/100] LR(backbone/head): 2.500000e-06/2.500000e-05 | WarmupCosineFactor: 0.1250 | Loss: 0.7740 | Train Acc: 0.5123 | Time: 12.9s
2026-03-23 12:32:52 - Epoch [2/100] LR(backbone/head): 5.000000e-06/5.000000e-05 | WarmupCosineFactor: 0.2500 | Loss: 0.7418 | Train Acc: 0.5172 | Time: 11.9s
2026-03-23 12:33:04 - Epoch [3/100] LR(backbone/head): 7.500000e-06/7.500000e-05 | WarmupCosineFactor: 0.3750 | Loss: 0.7262 | Train Acc: 0.4861 | Time: 11.5s
2026-03-23 12:33:15 - Epoch [4/100] LR(backbone/head): 1.000000e-05/1.000000e-04 | WarmupCosineFactor: 0.5000 | Loss: 0.7118 | Train Acc: 0.5221 | Time: 11.8s
2026-03-23 12:33:27 - Epoch [5/100] LR(backbone/head): 1.250000e-05/1.250000e-04 | WarmupCosineFactor: 0.6250 | Loss: 0.7022 | Train Acc: 0.5310 | Time: 11.8s
2026-03-23 12:33:27 - ----------------------------------------
2026-03-23 12:33:29 - [Test] Acc: 0.2467 | Precision(macro): 0.3662 | Recall(macro): 0.4635 | F1(macro): 0.2175
2026-03-23 12:33:29 - [Test] Classification Report:
              precision    recall  f1-score   support

      benign     0.2323    0.8915    0.3686       129
    no_tumor     0.5000    0.0355    0.0664       394

    accuracy                         0.2467       523
   macro avg     0.3662    0.4635    0.2175       523
weighted avg     0.4340    0.2467    0.1409       523

2026-03-23 12:33:29 - *** 保存最优模型 (F1: 0.2175, Epoch: 5) ***
2026-03-23 12:33:29 - ----------------------------------------
2026-03-23 12:33:41 - Epoch [6/100] LR(backbone/head): 1.500000e-05/1.500000e-04 | WarmupCosineFactor: 0.7500 | Loss: 0.6827 | Train Acc: 0.5531 | Time: 11.6s
2026-03-23 12:33:52 - Epoch [7/100] LR(backbone/head): 1.750000e-05/1.750000e-04 | WarmupCosineFactor: 0.8750 | Loss: 0.6901 | Train Acc: 0.5408 | Time: 11.6s
2026-03-23 12:34:04 - Epoch [8/100] LR(backbone/head): 2.000000e-05/2.000000e-04 | WarmupCosineFactor: 1.0000 | Loss: 0.6767 | Train Acc: 0.5515 | Time: 11.7s
2026-03-23 12:34:16 - Epoch [9/100] LR(backbone/head): 1.999423e-05/1.999423e-04 | WarmupCosineFactor: 0.9997 | Loss: 0.6657 | Train Acc: 0.5694 | Time: 11.6s
2026-03-23 12:34:27 - Epoch [10/100] LR(backbone/head): 1.997692e-05/1.997692e-04 | WarmupCosineFactor: 0.9988 | Loss: 0.6423 | Train Acc: 0.5727 | Time: 11.9s
2026-03-23 12:34:27 - ----------------------------------------
2026-03-23 12:34:29 - [Test] Acc: 0.3977 | Precision(macro): 0.5351 | Recall(macro): 0.5351 | F1(macro): 0.3977
2026-03-23 12:34:29 - [Test] Classification Report:
              precision    recall  f1-score   support

      benign     0.2640    0.8062    0.3977       129
    no_tumor     0.8062    0.2640    0.3977       394

    accuracy                         0.3977       523
   macro avg     0.5351    0.5351    0.3977       523
weighted avg     0.6725    0.3977    0.3977       523

2026-03-23 12:34:29 - *** 保存最优模型 (F1: 0.3977, Epoch: 10) ***
2026-03-23 12:34:29 - ----------------------------------------
2026-03-23 12:34:41 - Epoch [11/100] LR(backbone/head): 1.994810e-05/1.994810e-04 | WarmupCosineFactor: 0.9974 | Loss: 0.6407 | Train Acc: 0.5891 | Time: 11.7s
2026-03-23 12:34:53 - Epoch [12/100] LR(backbone/head): 1.990779e-05/1.990779e-04 | WarmupCosineFactor: 0.9954 | Loss: 0.6225 | Train Acc: 0.5931 | Time: 11.6s
2026-03-23 12:35:05 - Epoch [13/100] LR(backbone/head): 1.985605e-05/1.985605e-04 | WarmupCosineFactor: 0.9928 | Loss: 0.6197 | Train Acc: 0.6209 | Time: 11.8s
2026-03-23 12:35:16 - Epoch [14/100] LR(backbone/head): 1.979293e-05/1.979293e-04 | WarmupCosineFactor: 0.9896 | Loss: 0.5837 | Train Acc: 0.6593 | Time: 11.5s
2026-03-23 12:35:28 - Epoch [15/100] LR(backbone/head): 1.971851e-05/1.971851e-04 | WarmupCosineFactor: 0.9859 | Loss: 0.5902 | Train Acc: 0.6283 | Time: 11.8s
2026-03-23 12:35:28 - ----------------------------------------
2026-03-23 12:35:29 - [Test] Acc: 0.5373 | Precision(macro): 0.5839 | Recall(macro): 0.6095 | F1(macro): 0.5241
2026-03-23 12:35:29 - [Test] Classification Report:
              precision    recall  f1-score   support

      benign     0.3160    0.7519    0.4450       129
    no_tumor     0.8519    0.4670    0.6033       394

    accuracy                         0.5373       523
   macro avg     0.5839    0.6095    0.5241       523
weighted avg     0.7197    0.5373    0.5642       523

2026-03-23 12:35:30 - *** 保存最优模型 (F1: 0.5241, Epoch: 15) ***
2026-03-23 12:35:30 - ----------------------------------------
2026-03-23 12:35:42 - Epoch [16/100] LR(backbone/head): 1.963288e-05/1.963288e-04 | WarmupCosineFactor: 0.9816 | Loss: 0.5930 | Train Acc: 0.6160 | Time: 11.9s
2026-03-23 12:35:53 - Epoch [17/100] LR(backbone/head): 1.953613e-05/1.953613e-04 | WarmupCosineFactor: 0.9768 | Loss: 0.5821 | Train Acc: 0.6511 | Time: 11.4s
2026-03-23 12:36:05 - Epoch [18/100] LR(backbone/head): 1.942838e-05/1.942838e-04 | WarmupCosineFactor: 0.9714 | Loss: 0.5693 | Train Acc: 0.6544 | Time: 11.7s
2026-03-23 12:36:16 - Epoch [19/100] LR(backbone/head): 1.930976e-05/1.930976e-04 | WarmupCosineFactor: 0.9655 | Loss: 0.5887 | Train Acc: 0.6258 | Time: 11.6s
2026-03-23 12:36:28 - Epoch [20/100] LR(backbone/head): 1.918039e-05/1.918039e-04 | WarmupCosineFactor: 0.9590 | Loss: 0.5590 | Train Acc: 0.6642 | Time: 11.6s
2026-03-23 12:36:28 - ----------------------------------------
2026-03-23 12:36:30 - [Test] Acc: 0.5985 | Precision(macro): 0.5717 | Recall(macro): 0.5953 | F1(macro): 0.5564
2026-03-23 12:36:30 - [Test] Classification Report:
              precision    recall  f1-score   support

      benign     0.3262    0.5891    0.4199       129
    no_tumor     0.8172    0.6015    0.6930       394

    accuracy                         0.5985       523
   macro avg     0.5717    0.5953    0.5564       523
weighted avg     0.6961    0.5985    0.6256       523

2026-03-23 12:36:30 - *** 保存最优模型 (F1: 0.5564, Epoch: 20) ***
2026-03-23 12:36:30 - ----------------------------------------
2026-03-23 12:36:42 - Epoch [21/100] LR(backbone/head): 1.904044e-05/1.904044e-04 | WarmupCosineFactor: 0.9520 | Loss: 0.5731 | Train Acc: 0.6797 | Time: 11.7s
2026-03-23 12:36:54 - Epoch [22/100] LR(backbone/head): 1.889006e-05/1.889006e-04 | WarmupCosineFactor: 0.9445 | Loss: 0.5596 | Train Acc: 0.6920 | Time: 11.9s
2026-03-23 12:37:05 - Epoch [23/100] LR(backbone/head): 1.872944e-05/1.872944e-04 | WarmupCosineFactor: 0.9365 | Loss: 0.5336 | Train Acc: 0.6757 | Time: 11.5s
2026-03-23 12:37:17 - Epoch [24/100] LR(backbone/head): 1.855875e-05/1.855875e-04 | WarmupCosineFactor: 0.9279 | Loss: 0.5225 | Train Acc: 0.7002 | Time: 11.5s
2026-03-23 12:37:29 - Epoch [25/100] LR(backbone/head): 1.837820e-05/1.837820e-04 | WarmupCosineFactor: 0.9189 | Loss: 0.5128 | Train Acc: 0.7067 | Time: 11.7s
2026-03-23 12:37:29 - ----------------------------------------
2026-03-23 12:37:30 - [Test] Acc: 0.6004 | Precision(macro): 0.5819 | Recall(macro): 0.6096 | F1(macro): 0.5635
2026-03-23 12:37:30 - [Test] Classification Report:
              precision    recall  f1-score   support

      benign     0.3347    0.6279    0.4367       129
    no_tumor     0.8292    0.5914    0.6904       394

    accuracy                         0.6004       523
   macro avg     0.5819    0.6096    0.5635       523
weighted avg     0.7072    0.6004    0.6278       523

2026-03-23 12:37:31 - *** 保存最优模型 (F1: 0.5635, Epoch: 25) ***
2026-03-23 12:37:31 - ----------------------------------------
2026-03-23 12:37:42 - Epoch [26/100] LR(backbone/head): 1.818800e-05/1.818800e-04 | WarmupCosineFactor: 0.9094 | Loss: 0.4709 | Train Acc: 0.7059 | Time: 11.6s
2026-03-23 12:37:54 - Epoch [27/100] LR(backbone/head): 1.798837e-05/1.798837e-04 | WarmupCosineFactor: 0.8994 | Loss: 0.5004 | Train Acc: 0.7198 | Time: 12.0s
2026-03-23 12:38:06 - Epoch [28/100] LR(backbone/head): 1.777954e-05/1.777954e-04 | WarmupCosineFactor: 0.8890 | Loss: 0.4952 | Train Acc: 0.7198 | Time: 11.7s
2026-03-23 12:38:18 - Epoch [29/100] LR(backbone/head): 1.756176e-05/1.756176e-04 | WarmupCosineFactor: 0.8781 | Loss: 0.5038 | Train Acc: 0.7320 | Time: 11.7s
2026-03-23 12:38:30 - Epoch [30/100] LR(backbone/head): 1.733528e-05/1.733528e-04 | WarmupCosineFactor: 0.8668 | Loss: 0.4827 | Train Acc: 0.6936 | Time: 11.8s
2026-03-23 12:38:30 - ----------------------------------------
2026-03-23 12:38:31 - [Test] Acc: 0.7055 | Precision(macro): 0.6038 | Recall(macro): 0.6038 | F1(macro): 0.6038
2026-03-23 12:38:31 - [Test] Classification Report:
              precision    recall  f1-score   support

      benign     0.4031    0.4031    0.4031       129
    no_tumor     0.8046    0.8046    0.8046       394

    accuracy                         0.7055       523
   macro avg     0.6038    0.6038    0.6038       523
weighted avg     0.7055    0.7055    0.7055       523

2026-03-23 12:38:32 - *** 保存最优模型 (F1: 0.6038, Epoch: 30) ***
2026-03-23 12:38:32 - ----------------------------------------
2026-03-23 12:38:44 - Epoch [31/100] LR(backbone/head): 1.710036e-05/1.710036e-04 | WarmupCosineFactor: 0.8550 | Loss: 0.4766 | Train Acc: 0.6904 | Time: 12.1s
2026-03-23 12:38:56 - Epoch [32/100] LR(backbone/head): 1.685728e-05/1.685728e-04 | WarmupCosineFactor: 0.8429 | Loss: 0.4917 | Train Acc: 0.7271 | Time: 11.8s
2026-03-23 12:39:07 - Epoch [33/100] LR(backbone/head): 1.660632e-05/1.660632e-04 | WarmupCosineFactor: 0.8303 | Loss: 0.4576 | Train Acc: 0.7353 | Time: 11.8s
2026-03-23 12:39:19 - Epoch [34/100] LR(backbone/head): 1.634777e-05/1.634777e-04 | WarmupCosineFactor: 0.8174 | Loss: 0.4720 | Train Acc: 0.7279 | Time: 11.8s
2026-03-23 12:39:31 - Epoch [35/100] LR(backbone/head): 1.608194e-05/1.608194e-04 | WarmupCosineFactor: 0.8041 | Loss: 0.4413 | Train Acc: 0.7459 | Time: 11.8s
2026-03-23 12:39:31 - ----------------------------------------
2026-03-23 12:39:32 - [Test] Acc: 0.7323 | Precision(macro): 0.6194 | Recall(macro): 0.5955 | F1(macro): 0.6023
2026-03-23 12:39:32 - [Test] Classification Report:
              precision    recall  f1-score   support

      benign     0.4421    0.3256    0.3750       129
    no_tumor     0.7967    0.8655    0.8297       394

    accuracy                         0.7323       523
   macro avg     0.6194    0.5955    0.6023       523
weighted avg     0.7093    0.7323    0.7175       523

2026-03-23 12:39:32 - ----------------------------------------
2026-03-23 12:39:44 - Epoch [36/100] LR(backbone/head): 1.580914e-05/1.580914e-04 | WarmupCosineFactor: 0.7905 | Loss: 0.4402 | Train Acc: 0.7541 | Time: 11.7s
2026-03-23 12:39:56 - Epoch [37/100] LR(backbone/head): 1.552967e-05/1.552967e-04 | WarmupCosineFactor: 0.7765 | Loss: 0.4202 | Train Acc: 0.7647 | Time: 12.2s
2026-03-23 12:40:08 - Epoch [38/100] LR(backbone/head): 1.524388e-05/1.524388e-04 | WarmupCosineFactor: 0.7622 | Loss: 0.4421 | Train Acc: 0.7288 | Time: 12.1s
2026-03-23 12:40:20 - Epoch [39/100] LR(backbone/head): 1.495209e-05/1.495209e-04 | WarmupCosineFactor: 0.7476 | Loss: 0.4278 | Train Acc: 0.7582 | Time: 11.9s
2026-03-23 12:40:32 - Epoch [40/100] LR(backbone/head): 1.465464e-05/1.465464e-04 | WarmupCosineFactor: 0.7327 | Loss: 0.4295 | Train Acc: 0.7541 | Time: 11.7s
2026-03-23 12:40:32 - ----------------------------------------
2026-03-23 12:40:34 - [Test] Acc: 0.6291 | Precision(macro): 0.5451 | Recall(macro): 0.5531 | F1(macro): 0.5448
2026-03-23 12:40:34 - [Test] Classification Report:
              precision    recall  f1-score   support

      benign     0.3077    0.4031    0.3490       129
    no_tumor     0.7825    0.7030    0.7406       394

    accuracy                         0.6291       523
   macro avg     0.5451    0.5531    0.5448       523
weighted avg     0.6654    0.6291    0.6440       523

2026-03-23 12:40:34 - ----------------------------------------
2026-03-23 12:40:46 - Epoch [41/100] LR(backbone/head): 1.435189e-05/1.435189e-04 | WarmupCosineFactor: 0.7176 | Loss: 0.4259 | Train Acc: 0.7590 | Time: 11.7s
2026-03-23 12:40:57 - Epoch [42/100] LR(backbone/head): 1.404417e-05/1.404417e-04 | WarmupCosineFactor: 0.7022 | Loss: 0.4539 | Train Acc: 0.7639 | Time: 11.7s
2026-03-23 12:41:09 - Epoch [43/100] LR(backbone/head): 1.373186e-05/1.373186e-04 | WarmupCosineFactor: 0.6866 | Loss: 0.4283 | Train Acc: 0.7157 | Time: 11.8s
2026-03-23 12:41:21 - Epoch [44/100] LR(backbone/head): 1.341531e-05/1.341531e-04 | WarmupCosineFactor: 0.6708 | Loss: 0.4064 | Train Acc: 0.7680 | Time: 11.7s
2026-03-23 12:41:32 - Epoch [45/100] LR(backbone/head): 1.309489e-05/1.309489e-04 | WarmupCosineFactor: 0.6547 | Loss: 0.4253 | Train Acc: 0.7337 | Time: 11.7s
2026-03-23 12:41:32 - ----------------------------------------
2026-03-23 12:41:34 - [Test] Acc: 0.6788 | Precision(macro): 0.5697 | Recall(macro): 0.5704 | F1(macro): 0.5701
2026-03-23 12:41:34 - [Test] Classification Report:
              precision    recall  f1-score   support

      benign     0.3511    0.3566    0.3538       129
    no_tumor     0.7883    0.7843    0.7863       394

    accuracy                         0.6788       523
   macro avg     0.5697    0.5704    0.5701       523
weighted avg     0.6804    0.6788    0.6796       523

2026-03-23 12:41:34 - ----------------------------------------
2026-03-23 12:41:46 - Epoch [46/100] LR(backbone/head): 1.277099e-05/1.277099e-04 | WarmupCosineFactor: 0.6385 | Loss: 0.4299 | Train Acc: 0.7516 | Time: 11.7s
2026-03-23 12:41:57 - Epoch [47/100] LR(backbone/head): 1.244397e-05/1.244397e-04 | WarmupCosineFactor: 0.6222 | Loss: 0.4303 | Train Acc: 0.7475 | Time: 11.6s
2026-03-23 12:42:09 - Epoch [48/100] LR(backbone/head): 1.211421e-05/1.211421e-04 | WarmupCosineFactor: 0.6057 | Loss: 0.4177 | Train Acc: 0.7614 | Time: 11.5s
2026-03-23 12:42:20 - Epoch [49/100] LR(backbone/head): 1.178211e-05/1.178211e-04 | WarmupCosineFactor: 0.5891 | Loss: 0.3926 | Train Acc: 0.7647 | Time: 11.7s
2026-03-23 12:42:32 - Epoch [50/100] LR(backbone/head): 1.144805e-05/1.144805e-04 | WarmupCosineFactor: 0.5724 | Loss: 0.3671 | Train Acc: 0.7680 | Time: 11.4s
2026-03-23 12:42:32 - ----------------------------------------
2026-03-23 12:42:33 - [Test] Acc: 0.7228 | Precision(macro): 0.6010 | Recall(macro): 0.5788 | F1(macro): 0.5841
2026-03-23 12:42:33 - [Test] Classification Report:
              precision    recall  f1-score   support

      benign     0.4130    0.2946    0.3439       129
    no_tumor     0.7889    0.8629    0.8242       394

    accuracy                         0.7228       523
   macro avg     0.6010    0.5788    0.5841       523
weighted avg     0.6962    0.7228    0.7058       523

2026-03-23 12:42:33 - ----------------------------------------
2026-03-23 12:42:44 - Epoch [51/100] LR(backbone/head): 1.111242e-05/1.111242e-04 | WarmupCosineFactor: 0.5556 | Loss: 0.4374 | Train Acc: 0.7565 | Time: 11.4s
2026-03-23 12:42:56 - Epoch [52/100] LR(backbone/head): 1.077560e-05/1.077560e-04 | WarmupCosineFactor: 0.5388 | Loss: 0.3994 | Train Acc: 0.7712 | Time: 11.9s
2026-03-23 12:43:08 - Epoch [53/100] LR(backbone/head): 1.043800e-05/1.043800e-04 | WarmupCosineFactor: 0.5219 | Loss: 0.3758 | Train Acc: 0.8072 | Time: 11.5s
2026-03-23 12:43:19 - Epoch [54/100] LR(backbone/head): 1.010000e-05/1.010000e-04 | WarmupCosineFactor: 0.5050 | Loss: 0.3894 | Train Acc: 0.7574 | Time: 11.4s
2026-03-23 12:43:31 - Epoch [55/100] LR(backbone/head): 9.762003e-06/9.762003e-05 | WarmupCosineFactor: 0.4881 | Loss: 0.3664 | Train Acc: 0.7688 | Time: 11.8s
2026-03-23 12:43:31 - ----------------------------------------
2026-03-23 12:43:32 - [Test] Acc: 0.6807 | Precision(macro): 0.5768 | Recall(macro): 0.5795 | F1(macro): 0.5780
2026-03-23 12:43:32 - [Test] Classification Report:
              precision    recall  f1-score   support

      benign     0.3603    0.3798    0.3698       129
    no_tumor     0.7933    0.7792    0.7862       394

    accuracy                         0.6807       523
   macro avg     0.5768    0.5795    0.5780       523
weighted avg     0.6865    0.6807    0.6835       523

2026-03-23 12:43:32 - ----------------------------------------
2026-03-23 12:43:44 - Epoch [56/100] LR(backbone/head): 9.424400e-06/9.424400e-05 | WarmupCosineFactor: 0.4712 | Loss: 0.4142 | Train Acc: 0.7426 | Time: 11.6s
2026-03-23 12:43:56 - Epoch [57/100] LR(backbone/head): 9.087585e-06/9.087585e-05 | WarmupCosineFactor: 0.4544 | Loss: 0.3773 | Train Acc: 0.7582 | Time: 11.6s
2026-03-23 12:44:07 - Epoch [58/100] LR(backbone/head): 8.751950e-06/8.751950e-05 | WarmupCosineFactor: 0.4376 | Loss: 0.3775 | Train Acc: 0.7598 | Time: 11.6s
2026-03-23 12:44:19 - Epoch [59/100] LR(backbone/head): 8.417887e-06/8.417887e-05 | WarmupCosineFactor: 0.4209 | Loss: 0.3830 | Train Acc: 0.7737 | Time: 11.9s
2026-03-23 12:44:31 - Epoch [60/100] LR(backbone/head): 8.085785e-06/8.085785e-05 | WarmupCosineFactor: 0.4043 | Loss: 0.3425 | Train Acc: 0.7876 | Time: 11.6s
2026-03-23 12:44:31 - ----------------------------------------
2026-03-23 12:44:32 - [Test] Acc: 0.6883 | Precision(macro): 0.5686 | Recall(macro): 0.5637 | F1(macro): 0.5656
2026-03-23 12:44:32 - [Test] Classification Report:
              precision    recall  f1-score   support

      benign     0.3534    0.3178    0.3347       129
    no_tumor     0.7838    0.8096    0.7965       394

    accuracy                         0.6883       523
   macro avg     0.5686    0.5637    0.5656       523
weighted avg     0.6776    0.6883    0.6826       523

2026-03-23 12:44:32 - ----------------------------------------
2026-03-23 12:44:44 - Epoch [61/100] LR(backbone/head): 7.756032e-06/7.756032e-05 | WarmupCosineFactor: 0.3878 | Loss: 0.3671 | Train Acc: 0.7819 | Time: 11.8s
2026-03-23 12:44:56 - Epoch [62/100] LR(backbone/head): 7.429012e-06/7.429012e-05 | WarmupCosineFactor: 0.3715 | Loss: 0.3908 | Train Acc: 0.7892 | Time: 11.5s
2026-03-23 12:45:07 - Epoch [63/100] LR(backbone/head): 7.105106e-06/7.105106e-05 | WarmupCosineFactor: 0.3553 | Loss: 0.3540 | Train Acc: 0.7786 | Time: 11.5s
2026-03-23 12:45:19 - Epoch [64/100] LR(backbone/head): 6.784692e-06/6.784692e-05 | WarmupCosineFactor: 0.3392 | Loss: 0.3501 | Train Acc: 0.7819 | Time: 11.8s
2026-03-23 12:45:31 - Epoch [65/100] LR(backbone/head): 6.468143e-06/6.468143e-05 | WarmupCosineFactor: 0.3234 | Loss: 0.3730 | Train Acc: 0.7737 | Time: 11.7s
2026-03-23 12:45:31 - ----------------------------------------
2026-03-23 12:45:32 - [Test] Acc: 0.7266 | Precision(macro): 0.5925 | Recall(macro): 0.5604 | F1(macro): 0.5630
2026-03-23 12:45:32 - [Test] Classification Report:
              precision    recall  f1-score   support

      benign     0.4054    0.2326    0.2956       129
    no_tumor     0.7795    0.8883    0.8304       394

    accuracy                         0.7266       523
   macro avg     0.5925    0.5604    0.5630       523
weighted avg     0.6872    0.7266    0.6985       523

2026-03-23 12:45:32 - ----------------------------------------
2026-03-23 12:45:44 - Epoch [66/100] LR(backbone/head): 6.155829e-06/6.155829e-05 | WarmupCosineFactor: 0.3078 | Loss: 0.3559 | Train Acc: 0.7663 | Time: 11.8s
2026-03-23 12:45:56 - Epoch [67/100] LR(backbone/head): 5.848114e-06/5.848114e-05 | WarmupCosineFactor: 0.2924 | Loss: 0.3665 | Train Acc: 0.7549 | Time: 11.7s
2026-03-23 12:46:08 - Epoch [68/100] LR(backbone/head): 5.545356e-06/5.545356e-05 | WarmupCosineFactor: 0.2773 | Loss: 0.4015 | Train Acc: 0.7753 | Time: 11.7s
2026-03-23 12:46:19 - Epoch [69/100] LR(backbone/head): 5.247909e-06/5.247909e-05 | WarmupCosineFactor: 0.2624 | Loss: 0.3205 | Train Acc: 0.8170 | Time: 11.7s
2026-03-23 12:46:31 - Epoch [70/100] LR(backbone/head): 4.956119e-06/4.956119e-05 | WarmupCosineFactor: 0.2478 | Loss: 0.2882 | Train Acc: 0.8015 | Time: 11.7s
2026-03-23 12:46:31 - ----------------------------------------
2026-03-23 12:46:33 - [Test] Acc: 0.7189 | Precision(macro): 0.5871 | Recall(macro): 0.5632 | F1(macro): 0.5667
2026-03-23 12:46:33 - [Test] Classification Report:
              precision    recall  f1-score   support

      benign     0.3929    0.2558    0.3099       129
    no_tumor     0.7813    0.8706    0.8235       394

    accuracy                         0.7189       523
   macro avg     0.5871    0.5632    0.5667       523
weighted avg     0.6855    0.7189    0.6968       523

2026-03-23 12:46:33 - ----------------------------------------
2026-03-23 12:46:44 - Epoch [71/100] LR(backbone/head): 4.670326e-06/4.670326e-05 | WarmupCosineFactor: 0.2335 | Loss: 0.3509 | Train Acc: 0.7917 | Time: 11.7s
2026-03-23 12:46:56 - Epoch [72/100] LR(backbone/head): 4.390865e-06/4.390865e-05 | WarmupCosineFactor: 0.2195 | Loss: 0.3429 | Train Acc: 0.7696 | Time: 11.7s
2026-03-23 12:47:08 - Epoch [73/100] LR(backbone/head): 4.118060e-06/4.118060e-05 | WarmupCosineFactor: 0.2059 | Loss: 0.3451 | Train Acc: 0.8064 | Time: 11.7s
2026-03-23 12:47:20 - Epoch [74/100] LR(backbone/head): 3.852229e-06/3.852229e-05 | WarmupCosineFactor: 0.1926 | Loss: 0.3094 | Train Acc: 0.7933 | Time: 11.8s
2026-03-23 12:47:31 - Epoch [75/100] LR(backbone/head): 3.593684e-06/3.593684e-05 | WarmupCosineFactor: 0.1797 | Loss: 0.3570 | Train Acc: 0.8031 | Time: 11.5s
2026-03-23 12:47:31 - ----------------------------------------
2026-03-23 12:47:33 - [Test] Acc: 0.7208 | Precision(macro): 0.5985 | Recall(macro): 0.5775 | F1(macro): 0.5826
2026-03-23 12:47:33 - [Test] Classification Report:
              precision    recall  f1-score   support

      benign     0.4086    0.2946    0.3423       129
    no_tumor     0.7884    0.8604    0.8228       394

    accuracy                         0.7208       523
   macro avg     0.5985    0.5775    0.5826       523
weighted avg     0.6947    0.7208    0.7043       523

2026-03-23 12:47:33 - ----------------------------------------
2026-03-23 12:47:44 - Epoch [76/100] LR(backbone/head): 3.342724e-06/3.342724e-05 | WarmupCosineFactor: 0.1671 | Loss: 0.3375 | Train Acc: 0.8031 | Time: 11.6s
2026-03-23 12:47:56 - Epoch [77/100] LR(backbone/head): 3.099643e-06/3.099643e-05 | WarmupCosineFactor: 0.1550 | Loss: 0.3881 | Train Acc: 0.7696 | Time: 11.6s
2026-03-23 12:48:08 - Epoch [78/100] LR(backbone/head): 2.864724e-06/2.864724e-05 | WarmupCosineFactor: 0.1432 | Loss: 0.3195 | Train Acc: 0.7917 | Time: 11.7s
2026-03-23 12:48:20 - Epoch [79/100] LR(backbone/head): 2.638241e-06/2.638241e-05 | WarmupCosineFactor: 0.1319 | Loss: 0.3353 | Train Acc: 0.7982 | Time: 12.0s
2026-03-23 12:48:31 - Epoch [80/100] LR(backbone/head): 2.420458e-06/2.420458e-05 | WarmupCosineFactor: 0.1210 | Loss: 0.3419 | Train Acc: 0.8023 | Time: 11.6s
2026-03-23 12:48:31 - ----------------------------------------
2026-03-23 12:48:33 - [Test] Acc: 0.7266 | Precision(macro): 0.6013 | Recall(macro): 0.5735 | F1(macro): 0.5785
2026-03-23 12:48:33 - [Test] Classification Report:
              precision    recall  f1-score   support

      benign     0.4167    0.2713    0.3286       129
    no_tumor     0.7859    0.8756    0.8283       394

    accuracy                         0.7266       523
   macro avg     0.6013    0.5735    0.5785       523
weighted avg     0.6948    0.7266    0.7051       523

2026-03-23 12:48:33 - ----------------------------------------
2026-03-23 12:48:44 - Epoch [81/100] LR(backbone/head): 2.211629e-06/2.211629e-05 | WarmupCosineFactor: 0.1106 | Loss: 0.3451 | Train Acc: 0.8162 | Time: 11.6s
2026-03-23 12:48:56 - Epoch [82/100] LR(backbone/head): 2.011998e-06/2.011998e-05 | WarmupCosineFactor: 0.1006 | Loss: 0.3847 | Train Acc: 0.7655 | Time: 11.6s
2026-03-23 12:49:08 - Epoch [83/100] LR(backbone/head): 1.821797e-06/1.821797e-05 | WarmupCosineFactor: 0.0911 | Loss: 0.3583 | Train Acc: 0.8023 | Time: 11.7s
2026-03-23 12:49:20 - Epoch [84/100] LR(backbone/head): 1.641248e-06/1.641248e-05 | WarmupCosineFactor: 0.0821 | Loss: 0.3519 | Train Acc: 0.7908 | Time: 12.0s
2026-03-23 12:49:31 - Epoch [85/100] LR(backbone/head): 1.470561e-06/1.470561e-05 | WarmupCosineFactor: 0.0735 | Loss: 0.3646 | Train Acc: 0.7770 | Time: 11.5s
2026-03-23 12:49:31 - ----------------------------------------
2026-03-23 12:49:33 - [Test] Acc: 0.7228 | Precision(macro): 0.5846 | Recall(macro): 0.5553 | F1(macro): 0.5569
2026-03-23 12:49:33 - [Test] Classification Report:
              precision    recall  f1-score   support

      benign     0.3919    0.2248    0.2857       129
    no_tumor     0.7773    0.8858    0.8280       394

    accuracy                         0.7228       523
   macro avg     0.5846    0.5553    0.5569       523
weighted avg     0.6822    0.7228    0.6942       523

2026-03-23 12:49:33 - ----------------------------------------
2026-03-23 12:49:45 - Epoch [86/100] LR(backbone/head): 1.309936e-06/1.309936e-05 | WarmupCosineFactor: 0.0655 | Loss: 0.3307 | Train Acc: 0.8056 | Time: 11.9s
2026-03-23 12:49:56 - Epoch [87/100] LR(backbone/head): 1.159560e-06/1.159560e-05 | WarmupCosineFactor: 0.0580 | Loss: 0.3473 | Train Acc: 0.7802 | Time: 11.7s
2026-03-23 12:50:08 - Epoch [88/100] LR(backbone/head): 1.019608e-06/1.019608e-05 | WarmupCosineFactor: 0.0510 | Loss: 0.3492 | Train Acc: 0.7770 | Time: 11.6s
2026-03-23 12:50:20 - Epoch [89/100] LR(backbone/head): 8.902434e-07/8.902434e-06 | WarmupCosineFactor: 0.0445 | Loss: 0.3114 | Train Acc: 0.8350 | Time: 11.9s
2026-03-23 12:50:31 - Epoch [90/100] LR(backbone/head): 7.716169e-07/7.716169e-06 | WarmupCosineFactor: 0.0386 | Loss: 0.3344 | Train Acc: 0.7721 | Time: 11.7s
2026-03-23 12:50:31 - ----------------------------------------
2026-03-23 12:50:33 - [Test] Acc: 0.7113 | Precision(macro): 0.5792 | Recall(macro): 0.5607 | F1(macro): 0.5640
2026-03-23 12:50:33 - [Test] Classification Report:
              precision    recall  f1-score   support

      benign     0.3778    0.2636    0.3105       129
    no_tumor     0.7806    0.8579    0.8174       394

    accuracy                         0.7113       523
   macro avg     0.5792    0.5607    0.5640       523
weighted avg     0.6812    0.7113    0.6924       523

2026-03-23 12:50:33 - ----------------------------------------
2026-03-23 12:50:44 - Epoch [91/100] LR(backbone/head): 6.638668e-07/6.638668e-06 | WarmupCosineFactor: 0.0332 | Loss: 0.2977 | Train Acc: 0.7998 | Time: 11.6s
2026-03-23 12:50:56 - Epoch [92/100] LR(backbone/head): 5.671189e-07/5.671189e-06 | WarmupCosineFactor: 0.0284 | Loss: 0.3168 | Train Acc: 0.8031 | Time: 11.5s
2026-03-23 12:51:07 - Epoch [93/100] LR(backbone/head): 4.814858e-07/4.814858e-06 | WarmupCosineFactor: 0.0241 | Loss: 0.3196 | Train Acc: 0.8145 | Time: 11.6s
2026-03-23 12:51:19 - Epoch [94/100] LR(backbone/head): 4.070675e-07/4.070675e-06 | WarmupCosineFactor: 0.0204 | Loss: 0.3342 | Train Acc: 0.7966 | Time: 11.5s
2026-03-23 12:51:30 - Epoch [95/100] LR(backbone/head): 3.439508e-07/3.439508e-06 | WarmupCosineFactor: 0.0172 | Loss: 0.3536 | Train Acc: 0.7868 | Time: 11.5s
2026-03-23 12:51:30 - ----------------------------------------
2026-03-23 12:51:32 - [Test] Acc: 0.7113 | Precision(macro): 0.5812 | Recall(macro): 0.5633 | F1(macro): 0.5669
2026-03-23 12:51:32 - [Test] Classification Report:
              precision    recall  f1-score   support

      benign     0.3804    0.2713    0.3167       129
    no_tumor     0.7819    0.8553    0.8170       394

    accuracy                         0.7113       523
   macro avg     0.5812    0.5633    0.5669       523
weighted avg     0.6829    0.7113    0.6936       523

2026-03-23 12:51:32 - ----------------------------------------
2026-03-23 12:51:43 - Epoch [96/100] LR(backbone/head): 2.922091e-07/2.922091e-06 | WarmupCosineFactor: 0.0146 | Loss: 0.3553 | Train Acc: 0.8015 | Time: 11.6s
2026-03-23 12:51:55 - Epoch [97/100] LR(backbone/head): 2.519029e-07/2.519029e-06 | WarmupCosineFactor: 0.0126 | Loss: 0.3291 | Train Acc: 0.8145 | Time: 11.6s
2026-03-23 12:52:07 - Epoch [98/100] LR(backbone/head): 2.230792e-07/2.230792e-06 | WarmupCosineFactor: 0.0112 | Loss: 0.3202 | Train Acc: 0.8031 | Time: 11.6s
2026-03-23 12:52:18 - Epoch [99/100] LR(backbone/head): 2.057715e-07/2.057715e-06 | WarmupCosineFactor: 0.0103 | Loss: 0.3371 | Train Acc: 0.8154 | Time: 11.6s
2026-03-23 12:52:31 - Epoch [100/100] LR(backbone/head): 2.000000e-07/2.000000e-06 | WarmupCosineFactor: 0.0100 | Loss: 0.3313 | Train Acc: 0.7745 | Time: 12.2s
2026-03-23 12:52:31 - ----------------------------------------
2026-03-23 12:52:32 - [Test] Acc: 0.7094 | Precision(macro): 0.5769 | Recall(macro): 0.5594 | F1(macro): 0.5625
2026-03-23 12:52:32 - [Test] Classification Report:
              precision    recall  f1-score   support

      benign     0.3736    0.2636    0.3091       129
    no_tumor     0.7801    0.8553    0.8160       394

    accuracy                         0.7094       523
   macro avg     0.5769    0.5594    0.5625       523
weighted avg     0.6798    0.7094    0.6910       523

2026-03-23 12:52:32 - ----------------------------------------
2026-03-23 12:52:32 - 
============================================================
2026-03-23 12:52:32 - 训练完成! 最优模型: Epoch 30, F1: 0.6038
2026-03-23 12:52:32 - ============================================================
2026-03-23 12:52:32 - 
加载最优权重进行最终测试...
2026-03-23 12:52:32 - ============================================================
2026-03-23 12:52:32 - 最终测试结果 (最优权重, threshold=0.5)
2026-03-23 12:52:32 - ============================================================
2026-03-23 12:52:34 - [Final Test] Acc: 0.7055 | Precision(macro): 0.6038 | Recall(macro): 0.6038 | F1(macro): 0.6038
2026-03-23 12:52:34 - [Final Test] Classification Report:
              precision    recall  f1-score   support

      benign     0.4031    0.4031    0.4031       129
    no_tumor     0.8046    0.8046    0.8046       394

    accuracy                         0.7055       523
   macro avg     0.6038    0.6038    0.6038       523
weighted avg     0.7055    0.7055    0.7055       523

2026-03-23 12:52:34 - 
============================================================
2026-03-23 12:52:34 - 阈值优化搜索 (在测试集上寻找最优 F1 的分类阈值)
2026-03-23 12:52:34 - ============================================================
2026-03-23 12:52:35 - 最优阈值: 0.495 (F1: 0.6059 vs 默认0.5 F1: 0.6038)
2026-03-23 12:52:35 - 训练脚本已复制到: /data1/ouyangxinglong/GBP-Cascade/logs/20260323_task2_SwinV2_seed123/20260323_task2_multiseed_train.py
