2026-03-23 14:33:18 - ============================================================
2026-03-23 14:33:18 - 方案三: 多种子特征 + TTA + 多分类器 Ensemble
2026-03-23 14:33:18 - ============================================================
2026-03-23 14:33:18 - 
============================================================
2026-03-23 14:33:18 - Step 1: 手工特征
2026-03-23 14:33:18 - ============================================================
2026-03-23 14:33:18 - 提取手工特征 (1229 张)...
2026-03-23 14:34:35 -   手工特征维度: 15
2026-03-23 14:34:35 - 提取手工特征 (523 张)...
2026-03-23 14:35:08 -   手工特征维度: 15
2026-03-23 14:35:08 - 
============================================================
2026-03-23 14:35:08 - Step 2: 多种子 × TTA 深度特征
2026-03-23 14:35:08 - ============================================================
2026-03-23 14:35:08 -   Seed 42: 提取特征 (TTA×3)...
2026-03-23 14:35:17 -     → shape: (1229, 768)
2026-03-23 14:35:17 -   Seed 123: 提取特征 (TTA×3)...
2026-03-23 14:35:25 -     → shape: (1229, 768)
2026-03-23 14:35:26 -   Seed 456: 提取特征 (TTA×3)...
2026-03-23 14:35:33 -     → shape: (1229, 768)
2026-03-23 14:35:34 -   Seed 789: 提取特征 (TTA×3)...
2026-03-23 14:35:42 -     → shape: (1229, 768)
2026-03-23 14:35:43 -   Seed 1024: 提取特征 (TTA×3)...
2026-03-23 14:35:50 -     → shape: (1229, 768)
2026-03-23 14:35:50 -   多种子TTA特征总维度: 3840 (5 seeds × 768)
2026-03-23 14:35:50 -   Seed 42: 提取特征 (TTA×3)...
2026-03-23 14:35:56 -     → shape: (523, 768)
2026-03-23 14:35:56 -   Seed 123: 提取特征 (TTA×3)...
2026-03-23 14:36:01 -     → shape: (523, 768)
2026-03-23 14:36:01 -   Seed 456: 提取特征 (TTA×3)...
2026-03-23 14:36:06 -     → shape: (523, 768)
2026-03-23 14:36:06 -   Seed 789: 提取特征 (TTA×3)...
2026-03-23 14:36:11 -     → shape: (523, 768)
2026-03-23 14:36:12 -   Seed 1024: 提取特征 (TTA×3)...
2026-03-23 14:36:16 -     → shape: (523, 768)
2026-03-23 14:36:16 -   多种子TTA特征总维度: 3840 (5 seeds × 768)
2026-03-23 14:36:16 - 
总特征维度: 3855
2026-03-23 14:36:16 - 
============================================================
2026-03-23 14:36:16 - Step 3: 多分类器训练 + Ensemble
2026-03-23 14:36:16 - ============================================================
2026-03-23 14:36:16 - 
--- XGBoost ---
2026-03-23 14:36:53 -   xgb_d4_lr0.01: threshold=0.805, F1=0.6288
2026-03-23 14:37:19 -   xgb_d4_lr0.03: threshold=0.830, F1=0.6280
2026-03-23 14:37:43 -   xgb_d4_lr0.05: threshold=0.825, F1=0.6334
2026-03-23 14:38:20 -   xgb_d6_lr0.01: threshold=0.805, F1=0.6288
2026-03-23 14:38:44 -   xgb_d6_lr0.03: threshold=0.830, F1=0.6280
2026-03-23 14:39:07 -   xgb_d6_lr0.05: threshold=0.825, F1=0.6334
2026-03-23 14:39:44 -   xgb_d8_lr0.01: threshold=0.805, F1=0.6288
2026-03-23 14:40:09 -   xgb_d8_lr0.03: threshold=0.830, F1=0.6280
2026-03-23 14:40:32 -   xgb_d8_lr0.05: threshold=0.825, F1=0.6334
2026-03-23 14:40:32 - 
--- LightGBM ---
2026-03-23 14:40:35 -   lgb_d4_lr0.01: threshold=0.840, F1=0.6253
2026-03-23 14:40:37 -   lgb_d4_lr0.03: threshold=0.790, F1=0.6240
2026-03-23 14:40:40 -   lgb_d4_lr0.05: threshold=0.720, F1=0.6242
2026-03-23 14:40:43 -   lgb_d6_lr0.01: threshold=0.840, F1=0.6253
2026-03-23 14:40:45 -   lgb_d6_lr0.03: threshold=0.790, F1=0.6240
2026-03-23 14:40:48 -   lgb_d6_lr0.05: threshold=0.720, F1=0.6242
2026-03-23 14:40:51 -   lgb_d8_lr0.01: threshold=0.840, F1=0.6253
2026-03-23 14:40:54 -   lgb_d8_lr0.03: threshold=0.790, F1=0.6240
2026-03-23 14:40:56 -   lgb_d8_lr0.05: threshold=0.720, F1=0.6242
2026-03-23 14:40:56 - 
--- SVM (RBF) ---
2026-03-23 14:41:02 -   svm_C0.1: threshold=0.700, F1=0.6178
2026-03-23 14:41:06 -   svm_C1.0: threshold=0.805, F1=0.6131
2026-03-23 14:41:09 -   svm_C10.0: threshold=0.785, F1=0.6067
2026-03-23 14:41:09 - 
--- Logistic Regression ---
2026-03-23 14:41:11 -   lr_C0.01: threshold=0.835, F1=0.6084
2026-03-23 14:41:14 -   lr_C0.1: threshold=0.605, F1=0.6024
2026-03-23 14:41:16 -   lr_C1.0: threshold=0.810, F1=0.5936
2026-03-23 14:41:16 - 
最优单分类器: xgb_d4_lr0.05, F1=0.6334
2026-03-23 14:41:16 - 
--- Ensemble (Top 分类器概率平均) ---
2026-03-23 14:41:16 -   Top-3 ensemble: threshold=0.825, F1=0.6334
2026-03-23 14:41:16 -   Top-5 ensemble: threshold=0.830, F1=0.6336
2026-03-23 14:41:16 -   Top-8 ensemble: threshold=0.840, F1=0.6320
2026-03-23 14:41:17 -   Top-24 ensemble: threshold=0.805, F1=0.6256
2026-03-23 14:41:17 - 
全部 24 个分类器 Ensemble: threshold=0.805, F1=0.6256
2026-03-23 14:41:17 - 
[多分类器 Ensemble] Acc: 0.7247 | Precision: 0.6270 | Recall: 0.6243 | F1: 0.6256
2026-03-23 14:41:17 - [多分类器 Ensemble] Classification Report:
              precision    recall  f1-score   support

      benign     0.4400    0.4264    0.4331       129
    no_tumor     0.8141    0.8223    0.8182       394

    accuracy                         0.7247       523
   macro avg     0.6270    0.6243    0.6256       523
weighted avg     0.7218    0.7247    0.7232       523

2026-03-23 14:41:17 - 
============================================================
2026-03-23 14:41:17 - Step 4: 纯神经网络多种子 Ensemble (softmax 平均)
2026-03-23 14:41:17 - ============================================================
2026-03-23 14:41:19 -   NN Exp3_roi4ch: loaded
2026-03-23 14:41:21 -   NN Exp7_full4ch: loaded
2026-03-23 14:41:23 -   NN Exp9_balanced: loaded
2026-03-23 14:41:24 -   NN Exp10_focal: loaded
2026-03-23 14:41:26 -   NN Seed42: loaded
2026-03-23 14:41:28 -   NN Seed123: loaded
2026-03-23 14:41:30 -   NN Seed456: loaded
2026-03-23 14:41:32 -   NN Seed789: loaded
2026-03-23 14:41:33 -   NN Seed1024: loaded
2026-03-23 14:41:34 -   9 个 NN 模型, threshold=0.445, F1=0.6373
2026-03-23 14:41:34 - 
[NN多种子Ensemble] Acc: 0.7361 | Precision: 0.6406 | Recall: 0.6346 | F1: 0.6373
2026-03-23 14:41:34 - [NN多种子Ensemble] Classification Report:
              precision    recall  f1-score   support

      benign     0.4628    0.4341    0.4480       129
    no_tumor     0.8184    0.8350    0.8266       394

    accuracy                         0.7361       523
   macro avg     0.6406    0.6346    0.6373       523
weighted avg     0.7307    0.7361    0.7332       523

2026-03-23 14:41:34 - 
============================================================
2026-03-23 14:41:34 - Step 5: Stacking (NN概率 + XGBoost概率 → 最终预测)
2026-03-23 14:41:34 - ============================================================
2026-03-23 14:41:34 -   Stacked 14 预测器, threshold=0.590, F1=0.6501
2026-03-23 14:41:34 - 
[Stacking Ensemble] Acc: 0.7400 | Precision: 0.6501 | Recall: 0.6501 | F1: 0.6501
2026-03-23 14:41:34 - [Stacking Ensemble] Classification Report:
              precision    recall  f1-score   support

      benign     0.4729    0.4729    0.4729       129
    no_tumor     0.8274    0.8274    0.8274       394

    accuracy                         0.7400       523
   macro avg     0.6501    0.6501    0.6501       523
weighted avg     0.7400    0.7400    0.7400       523

2026-03-23 14:41:34 - 
============================================================
2026-03-23 14:41:34 - 完成!
2026-03-23 14:41:34 - ============================================================
