2026-04-03 08:25:16 - ======================================================================
2026-04-03 08:25:16 - 实验名称: 20260402_task2_MaxViT_segcls_5
2026-04-03 08:25:16 - 模型: MaxViT-Tiny@320 + 4ch + UNet seg aux regularizer
2026-04-03 08:25:16 - 修改: MaxViT-Tiny@320 + 4ch(RGB+mask)输入 + UNet分割辅助正则化 + GAP分类头 + lambda_cls=2.0 + 无Mixup + 无metadata + 100ep
2026-04-03 08:25:16 - 输入通道: 4
2026-04-03 08:25:16 - 图像尺寸: 320
2026-04-03 08:25:16 - 分割类别: 2
2026-04-03 08:25:16 - 分类类别: ['benign', 'no_tumor']
2026-04-03 08:25:16 - Batch Size: 8
2026-04-03 08:25:16 - Backbone LR: 2e-05
2026-04-03 08:25:16 - Head LR: 0.0002
2026-04-03 08:25:16 - Weight Decay: 0.05
2026-04-03 08:25:16 - Warmup Epochs: 8
2026-04-03 08:25:16 - Lambda Cls: 2.0
2026-04-03 08:25:16 - Label Smoothing: 0.1
2026-04-03 08:25:16 - Seed: 42
2026-04-03 08:25:16 - Epochs: 100
2026-04-03 08:25:16 - Grad Clip: 1.0
2026-04-03 08:25:16 - 设备: cuda
2026-04-03 08:25:16 - ======================================================================
2026-04-03 08:25:16 - 训练集: 1229 张 (benign=309, no_tumor=920)
2026-04-03 08:25:16 - 测试集: 523 张 (benign=129, no_tumor=394)
2026-04-03 08:26:54 - 模型参数量: 33,360,460
2026-04-03 08:26:54 - 可训练参数量: 33,360,460
2026-04-03 08:26:54 - 分类类别权重: benign=1.9887, no_tumor=0.6679
2026-04-03 08:26:54 - 分割类别权重: bg=1.0, lesion=5.0
2026-04-03 08:26:54 - 
======================================================================
2026-04-03 08:26:54 - 开始训练
2026-04-03 08:26:54 - ======================================================================
2026-04-03 08:27:18 - Epoch [1/100] LR: 2.50e-06/2.50e-05 | Loss: 2.7771 (seg=0.8967, cls=0.9402) | Cls Acc: 0.5425 | Seg IoU: 0.1728 | Seg Dice: 0.2274 | 24.0s
2026-04-03 08:27:39 - Epoch [2/100] LR: 5.00e-06/5.00e-05 | Loss: 2.1655 (seg=0.5180, cls=0.8238) | Cls Acc: 0.5997 | Seg IoU: 0.8679 | Seg Dice: 0.9287 | 21.4s
2026-04-03 08:28:01 - Epoch [3/100] LR: 7.50e-06/7.50e-05 | Loss: 1.9674 (seg=0.3688, cls=0.7993) | Cls Acc: 0.5678 | Seg IoU: 0.8982 | Seg Dice: 0.9460 | 21.5s
2026-04-03 08:28:22 - Epoch [4/100] LR: 1.00e-05/1.00e-04 | Loss: 1.7260 (seg=0.2555, cls=0.7353) | Cls Acc: 0.6307 | Seg IoU: 0.9366 | Seg Dice: 0.9671 | 21.2s
2026-04-03 08:28:43 - Epoch [5/100] LR: 1.25e-05/1.25e-04 | Loss: 1.5847 (seg=0.1578, cls=0.7135) | Cls Acc: 0.6552 | Seg IoU: 0.9574 | Seg Dice: 0.9782 | 21.1s
2026-04-03 08:28:43 - --------------------------------------------------
2026-04-03 08:28:46 - [Test] Cls — Acc: 0.4971 | P(macro): 0.5635 | R(macro): 0.5802 | F1(macro): 0.4885
2026-04-03 08:28:46 - [Test] Seg — Lesion IoU: 0.9634 | Lesion Dice: 0.9813
2026-04-03 08:28:46 - [Test] Classification Report:
              precision    recall  f1-score   support

      benign     0.2945    0.7442    0.4220       129
    no_tumor     0.8325    0.4162    0.5550       394

    accuracy                         0.4971       523
   macro avg     0.5635    0.5802    0.4885       523
weighted avg     0.6998    0.4971    0.5222       523

2026-04-03 08:28:47 - *** 保存最优模型 (F1: 0.4885, Epoch: 5) ***
2026-04-03 08:28:47 - --------------------------------------------------
2026-04-03 08:29:07 - Epoch [6/100] LR: 1.50e-05/1.50e-04 | Loss: 1.4558 (seg=0.0911, cls=0.6824) | Cls Acc: 0.6765 | Seg IoU: 0.9671 | Seg Dice: 0.9833 | 20.8s
2026-04-03 08:29:29 - Epoch [7/100] LR: 1.75e-05/1.75e-04 | Loss: 1.4338 (seg=0.0530, cls=0.6904) | Cls Acc: 0.6348 | Seg IoU: 0.9739 | Seg Dice: 0.9868 | 21.6s
2026-04-03 08:29:50 - Epoch [8/100] LR: 2.00e-05/2.00e-04 | Loss: 1.4123 (seg=0.0328, cls=0.6898) | Cls Acc: 0.6912 | Seg IoU: 0.9758 | Seg Dice: 0.9878 | 21.5s
2026-04-03 08:30:12 - Epoch [9/100] LR: 2.00e-05/2.00e-04 | Loss: 1.3097 (seg=0.0230, cls=0.6434) | Cls Acc: 0.7149 | Seg IoU: 0.9782 | Seg Dice: 0.9890 | 21.6s
2026-04-03 08:30:34 - Epoch [10/100] LR: 2.00e-05/2.00e-04 | Loss: 1.3082 (seg=0.0200, cls=0.6441) | Cls Acc: 0.7475 | Seg IoU: 0.9749 | Seg Dice: 0.9872 | 21.8s
2026-04-03 08:30:34 - --------------------------------------------------
2026-04-03 08:30:37 - [Test] Cls — Acc: 0.5660 | P(macro): 0.5398 | R(macro): 0.5529 | F1(macro): 0.5211
2026-04-03 08:30:37 - [Test] Seg — Lesion IoU: 0.9823 | Lesion Dice: 0.9911
2026-04-03 08:30:37 - [Test] Classification Report:
              precision    recall  f1-score   support

      benign     0.2906    0.5271    0.3747       129
    no_tumor     0.7889    0.5787    0.6676       394

    accuracy                         0.5660       523
   macro avg     0.5398    0.5529    0.5211       523
weighted avg     0.6660    0.5660    0.5954       523

2026-04-03 08:30:38 - *** 保存最优模型 (F1: 0.5211, Epoch: 10) ***
2026-04-03 08:30:38 - --------------------------------------------------
2026-04-03 08:30:59 - Epoch [11/100] LR: 1.99e-05/1.99e-04 | Loss: 1.2345 (seg=0.0152, cls=0.6097) | Cls Acc: 0.7614 | Seg IoU: 0.9803 | Seg Dice: 0.9901 | 21.6s
2026-04-03 08:31:20 - Epoch [12/100] LR: 1.99e-05/1.99e-04 | Loss: 1.2317 (seg=0.0131, cls=0.6093) | Cls Acc: 0.7451 | Seg IoU: 0.9814 | Seg Dice: 0.9906 | 21.2s
2026-04-03 08:31:41 - Epoch [13/100] LR: 1.99e-05/1.99e-04 | Loss: 1.1937 (seg=0.0120, cls=0.5909) | Cls Acc: 0.7851 | Seg IoU: 0.9811 | Seg Dice: 0.9905 | 20.8s
2026-04-03 08:32:03 - Epoch [14/100] LR: 1.98e-05/1.98e-04 | Loss: 1.1802 (seg=0.0108, cls=0.5847) | Cls Acc: 0.7998 | Seg IoU: 0.9823 | Seg Dice: 0.9911 | 21.4s
2026-04-03 08:32:24 - Epoch [15/100] LR: 1.97e-05/1.97e-04 | Loss: 1.1268 (seg=0.0102, cls=0.5583) | Cls Acc: 0.8268 | Seg IoU: 0.9820 | Seg Dice: 0.9909 | 21.5s
2026-04-03 08:32:24 - --------------------------------------------------
2026-04-03 08:32:27 - [Test] Cls — Acc: 0.6023 | P(macro): 0.5683 | R(macro): 0.5901 | F1(macro): 0.5559
2026-04-03 08:32:27 - [Test] Seg — Lesion IoU: 0.9850 | Lesion Dice: 0.9924
2026-04-03 08:32:27 - [Test] Classification Report:
              precision    recall  f1-score   support

      benign     0.3244    0.5659    0.4124       129
    no_tumor     0.8121    0.6142    0.6994       394

    accuracy                         0.6023       523
   macro avg     0.5683    0.5901    0.5559       523
weighted avg     0.6918    0.6023    0.6286       523

2026-04-03 08:32:28 - *** 保存最优模型 (F1: 0.5559, Epoch: 15) ***
2026-04-03 08:32:28 - --------------------------------------------------
2026-04-03 08:32:49 - Epoch [16/100] LR: 1.96e-05/1.96e-04 | Loss: 1.0651 (seg=0.0092, cls=0.5280) | Cls Acc: 0.8276 | Seg IoU: 0.9836 | Seg Dice: 0.9917 | 21.2s
2026-04-03 08:33:09 - Epoch [17/100] LR: 1.95e-05/1.95e-04 | Loss: 1.0931 (seg=0.0087, cls=0.5422) | Cls Acc: 0.8292 | Seg IoU: 0.9837 | Seg Dice: 0.9918 | 20.2s
2026-04-03 08:33:30 - Epoch [18/100] LR: 1.94e-05/1.94e-04 | Loss: 1.0483 (seg=0.0083, cls=0.5200) | Cls Acc: 0.8546 | Seg IoU: 0.9844 | Seg Dice: 0.9921 | 21.1s
2026-04-03 08:33:51 - Epoch [19/100] LR: 1.93e-05/1.93e-04 | Loss: 0.9849 (seg=0.0087, cls=0.4881) | Cls Acc: 0.8603 | Seg IoU: 0.9830 | Seg Dice: 0.9914 | 21.0s
2026-04-03 08:34:13 - Epoch [20/100] LR: 1.92e-05/1.92e-04 | Loss: 0.9589 (seg=0.0084, cls=0.4753) | Cls Acc: 0.8881 | Seg IoU: 0.9828 | Seg Dice: 0.9913 | 21.5s
2026-04-03 08:34:13 - --------------------------------------------------
2026-04-03 08:34:15 - [Test] Cls — Acc: 0.7113 | P(macro): 0.5850 | R(macro): 0.5685 | F1(macro): 0.5725
2026-04-03 08:34:15 - [Test] Seg — Lesion IoU: 0.9864 | Lesion Dice: 0.9931
2026-04-03 08:34:15 - [Test] Classification Report:
              precision    recall  f1-score   support

      benign     0.3854    0.2868    0.3289       129
    no_tumor     0.7845    0.8503    0.8161       394

    accuracy                         0.7113       523
   macro avg     0.5850    0.5685    0.5725       523
weighted avg     0.6861    0.7113    0.6959       523

2026-04-03 08:34:16 - *** 保存最优模型 (F1: 0.5725, Epoch: 20) ***
2026-04-03 08:34:16 - --------------------------------------------------
2026-04-03 08:34:38 - Epoch [21/100] LR: 1.90e-05/1.90e-04 | Loss: 0.9072 (seg=0.0077, cls=0.4498) | Cls Acc: 0.9028 | Seg IoU: 0.9845 | Seg Dice: 0.9922 | 21.5s
2026-04-03 08:34:59 - Epoch [22/100] LR: 1.89e-05/1.89e-04 | Loss: 0.8662 (seg=0.0071, cls=0.4296) | Cls Acc: 0.9093 | Seg IoU: 0.9852 | Seg Dice: 0.9925 | 21.4s
2026-04-03 08:35:21 - Epoch [23/100] LR: 1.87e-05/1.87e-04 | Loss: 0.8826 (seg=0.0067, cls=0.4379) | Cls Acc: 0.9126 | Seg IoU: 0.9860 | Seg Dice: 0.9929 | 21.6s
2026-04-03 08:35:42 - Epoch [24/100] LR: 1.86e-05/1.86e-04 | Loss: 0.8870 (seg=0.0063, cls=0.4403) | Cls Acc: 0.9150 | Seg IoU: 0.9866 | Seg Dice: 0.9932 | 21.1s
2026-04-03 08:36:03 - Epoch [25/100] LR: 1.84e-05/1.84e-04 | Loss: 0.8715 (seg=0.0063, cls=0.4326) | Cls Acc: 0.9167 | Seg IoU: 0.9867 | Seg Dice: 0.9933 | 21.4s
2026-04-03 08:36:03 - --------------------------------------------------
2026-04-03 08:36:06 - [Test] Cls — Acc: 0.7304 | P(macro): 0.5986 | R(macro): 0.5630 | F1(macro): 0.5658
2026-04-03 08:36:06 - [Test] Seg — Lesion IoU: 0.9771 | Lesion Dice: 0.9884
2026-04-03 08:36:06 - [Test] Classification Report:
              precision    recall  f1-score   support

      benign     0.4167    0.2326    0.2985       129
    no_tumor     0.7805    0.8934    0.8331       394

    accuracy                         0.7304       523
   macro avg     0.5986    0.5630    0.5658       523
weighted avg     0.6907    0.7304    0.7013       523

2026-04-03 08:36:06 - --------------------------------------------------
2026-04-03 08:36:28 - Epoch [26/100] LR: 1.82e-05/1.82e-04 | Loss: 0.8421 (seg=0.0070, cls=0.4175) | Cls Acc: 0.9224 | Seg IoU: 0.9843 | Seg Dice: 0.9921 | 21.6s
2026-04-03 08:36:49 - Epoch [27/100] LR: 1.80e-05/1.80e-04 | Loss: 0.8179 (seg=0.0057, cls=0.4061) | Cls Acc: 0.9257 | Seg IoU: 0.9876 | Seg Dice: 0.9938 | 21.3s
2026-04-03 08:37:10 - Epoch [28/100] LR: 1.78e-05/1.78e-04 | Loss: 0.8013 (seg=0.0061, cls=0.3976) | Cls Acc: 0.9412 | Seg IoU: 0.9867 | Seg Dice: 0.9933 | 21.5s
2026-04-03 08:37:32 - Epoch [29/100] LR: 1.76e-05/1.76e-04 | Loss: 0.7872 (seg=0.0054, cls=0.3909) | Cls Acc: 0.9436 | Seg IoU: 0.9880 | Seg Dice: 0.9940 | 21.3s
2026-04-03 08:37:53 - Epoch [30/100] LR: 1.73e-05/1.73e-04 | Loss: 0.7743 (seg=0.0058, cls=0.3842) | Cls Acc: 0.9493 | Seg IoU: 0.9873 | Seg Dice: 0.9936 | 21.1s
2026-04-03 08:37:53 - --------------------------------------------------
2026-04-03 08:37:55 - [Test] Cls — Acc: 0.7055 | P(macro): 0.5822 | R(macro): 0.5699 | F1(macro): 0.5735
2026-04-03 08:37:55 - [Test] Seg — Lesion IoU: 0.9897 | Lesion Dice: 0.9948
2026-04-03 08:37:55 - [Test] Classification Report:
              precision    recall  f1-score   support

      benign     0.3786    0.3023    0.3362       129
    no_tumor     0.7857    0.8376    0.8108       394

    accuracy                         0.7055       523
   macro avg     0.5822    0.5699    0.5735       523
weighted avg     0.6853    0.7055    0.6937       523

2026-04-03 08:37:56 - *** 保存最优模型 (F1: 0.5735, Epoch: 30) ***
2026-04-03 08:37:56 - --------------------------------------------------
2026-04-03 08:38:18 - Epoch [31/100] LR: 1.71e-05/1.71e-04 | Loss: 0.7350 (seg=0.0053, cls=0.3648) | Cls Acc: 0.9592 | Seg IoU: 0.9881 | Seg Dice: 0.9940 | 21.8s
2026-04-03 08:38:39 - Epoch [32/100] LR: 1.69e-05/1.69e-04 | Loss: 0.7599 (seg=0.0053, cls=0.3773) | Cls Acc: 0.9534 | Seg IoU: 0.9880 | Seg Dice: 0.9939 | 21.2s
2026-04-03 08:39:00 - Epoch [33/100] LR: 1.66e-05/1.66e-04 | Loss: 0.6876 (seg=0.0055, cls=0.3410) | Cls Acc: 0.9698 | Seg IoU: 0.9877 | Seg Dice: 0.9938 | 21.3s
2026-04-03 08:39:21 - Epoch [34/100] LR: 1.63e-05/1.63e-04 | Loss: 0.6994 (seg=0.0051, cls=0.3472) | Cls Acc: 0.9714 | Seg IoU: 0.9885 | Seg Dice: 0.9942 | 20.9s
2026-04-03 08:39:43 - Epoch [35/100] LR: 1.61e-05/1.61e-04 | Loss: 0.7177 (seg=0.0048, cls=0.3564) | Cls Acc: 0.9624 | Seg IoU: 0.9892 | Seg Dice: 0.9946 | 21.7s
2026-04-03 08:39:43 - --------------------------------------------------
2026-04-03 08:39:46 - [Test] Cls — Acc: 0.7113 | P(macro): 0.5955 | R(macro): 0.5842 | F1(macro): 0.5881
2026-04-03 08:39:46 - [Test] Seg — Lesion IoU: 0.9892 | Lesion Dice: 0.9945
2026-04-03 08:39:46 - [Test] Classification Report:
              precision    recall  f1-score   support

      benign     0.3981    0.3333    0.3629       129
    no_tumor     0.7928    0.8350    0.8133       394

    accuracy                         0.7113       523
   macro avg     0.5955    0.5842    0.5881       523
weighted avg     0.6954    0.7113    0.7022       523

2026-04-03 08:39:47 - *** 保存最优模型 (F1: 0.5881, Epoch: 35) ***
2026-04-03 08:39:47 - --------------------------------------------------
2026-04-03 08:40:08 - Epoch [36/100] LR: 1.58e-05/1.58e-04 | Loss: 0.7030 (seg=0.0049, cls=0.3491) | Cls Acc: 0.9706 | Seg IoU: 0.9891 | Seg Dice: 0.9945 | 21.5s
2026-04-03 08:40:29 - Epoch [37/100] LR: 1.55e-05/1.55e-04 | Loss: 0.6937 (seg=0.0049, cls=0.3444) | Cls Acc: 0.9714 | Seg IoU: 0.9893 | Seg Dice: 0.9946 | 21.3s
2026-04-03 08:40:51 - Epoch [38/100] LR: 1.52e-05/1.52e-04 | Loss: 0.6930 (seg=0.0049, cls=0.3441) | Cls Acc: 0.9665 | Seg IoU: 0.9888 | Seg Dice: 0.9944 | 21.1s
2026-04-03 08:41:12 - Epoch [39/100] LR: 1.50e-05/1.50e-04 | Loss: 0.6854 (seg=0.0047, cls=0.3403) | Cls Acc: 0.9706 | Seg IoU: 0.9892 | Seg Dice: 0.9946 | 21.6s
2026-04-03 08:41:33 - Epoch [40/100] LR: 1.47e-05/1.47e-04 | Loss: 0.6912 (seg=0.0047, cls=0.3433) | Cls Acc: 0.9714 | Seg IoU: 0.9895 | Seg Dice: 0.9947 | 21.2s
2026-04-03 08:41:33 - --------------------------------------------------
2026-04-03 08:41:36 - [Test] Cls — Acc: 0.7323 | P(macro): 0.6051 | R(macro): 0.5695 | F1(macro): 0.5737
2026-04-03 08:41:36 - [Test] Seg — Lesion IoU: 0.9900 | Lesion Dice: 0.9950
2026-04-03 08:41:36 - [Test] Classification Report:
              precision    recall  f1-score   support

      benign     0.4267    0.2481    0.3137       129
    no_tumor     0.7835    0.8909    0.8337       394

    accuracy                         0.7323       523
   macro avg     0.6051    0.5695    0.5737       523
weighted avg     0.6955    0.7323    0.7055       523

2026-04-03 08:41:36 - --------------------------------------------------
2026-04-03 08:41:58 - Epoch [41/100] LR: 1.44e-05/1.44e-04 | Loss: 0.6649 (seg=0.0044, cls=0.3302) | Cls Acc: 0.9763 | Seg IoU: 0.9901 | Seg Dice: 0.9950 | 21.3s
2026-04-03 08:42:19 - Epoch [42/100] LR: 1.40e-05/1.40e-04 | Loss: 0.6455 (seg=0.0042, cls=0.3207) | Cls Acc: 0.9779 | Seg IoU: 0.9905 | Seg Dice: 0.9952 | 21.4s
2026-04-03 08:42:40 - Epoch [43/100] LR: 1.37e-05/1.37e-04 | Loss: 0.6553 (seg=0.0044, cls=0.3254) | Cls Acc: 0.9812 | Seg IoU: 0.9900 | Seg Dice: 0.9950 | 20.7s
2026-04-03 08:43:01 - Epoch [44/100] LR: 1.34e-05/1.34e-04 | Loss: 0.6548 (seg=0.0043, cls=0.3253) | Cls Acc: 0.9739 | Seg IoU: 0.9903 | Seg Dice: 0.9951 | 21.4s
2026-04-03 08:43:22 - Epoch [45/100] LR: 1.31e-05/1.31e-04 | Loss: 0.6390 (seg=0.0041, cls=0.3175) | Cls Acc: 0.9788 | Seg IoU: 0.9908 | Seg Dice: 0.9954 | 21.2s
2026-04-03 08:43:22 - --------------------------------------------------
2026-04-03 08:43:25 - [Test] Cls — Acc: 0.7514 | P(macro): 0.6388 | R(macro): 0.5769 | F1(macro): 0.5820
2026-04-03 08:43:25 - [Test] Seg — Lesion IoU: 0.9919 | Lesion Dice: 0.9959
2026-04-03 08:43:25 - [Test] Classification Report:
              precision    recall  f1-score   support

      benign     0.4918    0.2326    0.3158       129
    no_tumor     0.7857    0.9213    0.8481       394

    accuracy                         0.7514       523
   macro avg     0.6388    0.5769    0.5820       523
weighted avg     0.7132    0.7514    0.7168       523

2026-04-03 08:43:25 - --------------------------------------------------
2026-04-03 08:43:47 - Epoch [46/100] LR: 1.28e-05/1.28e-04 | Loss: 0.6484 (seg=0.0041, cls=0.3222) | Cls Acc: 0.9804 | Seg IoU: 0.9906 | Seg Dice: 0.9953 | 21.7s
2026-04-03 08:44:08 - Epoch [47/100] LR: 1.24e-05/1.24e-04 | Loss: 0.6398 (seg=0.0040, cls=0.3179) | Cls Acc: 0.9820 | Seg IoU: 0.9910 | Seg Dice: 0.9955 | 21.8s
2026-04-03 08:44:29 - Epoch [48/100] LR: 1.21e-05/1.21e-04 | Loss: 0.6372 (seg=0.0039, cls=0.3167) | Cls Acc: 0.9779 | Seg IoU: 0.9913 | Seg Dice: 0.9956 | 21.0s
2026-04-03 08:44:50 - Epoch [49/100] LR: 1.18e-05/1.18e-04 | Loss: 0.6345 (seg=0.0038, cls=0.3154) | Cls Acc: 0.9845 | Seg IoU: 0.9916 | Seg Dice: 0.9958 | 21.0s
2026-04-03 08:45:12 - Epoch [50/100] LR: 1.14e-05/1.14e-04 | Loss: 0.6381 (seg=0.0037, cls=0.3172) | Cls Acc: 0.9796 | Seg IoU: 0.9917 | Seg Dice: 0.9958 | 21.2s
2026-04-03 08:45:12 - --------------------------------------------------
2026-04-03 08:45:14 - [Test] Cls — Acc: 0.7247 | P(macro): 0.6124 | R(macro): 0.5957 | F1(macro): 0.6012
2026-04-03 08:45:14 - [Test] Seg — Lesion IoU: 0.9926 | Lesion Dice: 0.9963
2026-04-03 08:45:14 - [Test] Classification Report:
              precision    recall  f1-score   support

      benign     0.4272    0.3411    0.3793       129
    no_tumor     0.7976    0.8503    0.8231       394

    accuracy                         0.7247       523
   macro avg     0.6124    0.5957    0.6012       523
weighted avg     0.7062    0.7247    0.7136       523

2026-04-03 08:45:15 - *** 保存最优模型 (F1: 0.6012, Epoch: 50) ***
2026-04-03 08:45:15 - --------------------------------------------------
2026-04-03 08:45:36 - Epoch [51/100] LR: 1.11e-05/1.11e-04 | Loss: 0.6307 (seg=0.0036, cls=0.3136) | Cls Acc: 0.9812 | Seg IoU: 0.9920 | Seg Dice: 0.9960 | 21.2s
2026-04-03 08:45:58 - Epoch [52/100] LR: 1.08e-05/1.08e-04 | Loss: 0.6331 (seg=0.0036, cls=0.3147) | Cls Acc: 0.9837 | Seg IoU: 0.9919 | Seg Dice: 0.9959 | 21.7s
2026-04-03 08:46:20 - Epoch [53/100] LR: 1.04e-05/1.04e-04 | Loss: 0.6110 (seg=0.0035, cls=0.3038) | Cls Acc: 0.9877 | Seg IoU: 0.9920 | Seg Dice: 0.9960 | 22.0s
2026-04-03 08:46:41 - Epoch [54/100] LR: 1.01e-05/1.01e-04 | Loss: 0.6134 (seg=0.0035, cls=0.3049) | Cls Acc: 0.9853 | Seg IoU: 0.9920 | Seg Dice: 0.9960 | 21.4s
2026-04-03 08:47:02 - Epoch [55/100] LR: 9.76e-06/9.76e-05 | Loss: 0.6202 (seg=0.0034, cls=0.3084) | Cls Acc: 0.9877 | Seg IoU: 0.9923 | Seg Dice: 0.9961 | 20.8s
2026-04-03 08:47:02 - --------------------------------------------------
2026-04-03 08:47:05 - [Test] Cls — Acc: 0.7323 | P(macro): 0.6181 | R(macro): 0.5929 | F1(macro): 0.5997
2026-04-03 08:47:05 - [Test] Seg — Lesion IoU: 0.9932 | Lesion Dice: 0.9966
2026-04-03 08:47:05 - [Test] Classification Report:
              precision    recall  f1-score   support

      benign     0.4409    0.3178    0.3694       129
    no_tumor     0.7953    0.8680    0.8301       394

    accuracy                         0.7323       523
   macro avg     0.6181    0.5929    0.5997       523
weighted avg     0.7079    0.7323    0.7165       523

2026-04-03 08:47:05 - --------------------------------------------------
2026-04-03 08:47:26 - Epoch [56/100] LR: 9.42e-06/9.42e-05 | Loss: 0.6227 (seg=0.0034, cls=0.3097) | Cls Acc: 0.9869 | Seg IoU: 0.9924 | Seg Dice: 0.9962 | 21.4s
2026-04-03 08:47:48 - Epoch [57/100] LR: 9.09e-06/9.09e-05 | Loss: 0.6057 (seg=0.0033, cls=0.3012) | Cls Acc: 0.9902 | Seg IoU: 0.9926 | Seg Dice: 0.9963 | 21.6s
2026-04-03 08:48:09 - Epoch [58/100] LR: 8.75e-06/8.75e-05 | Loss: 0.6058 (seg=0.0033, cls=0.3012) | Cls Acc: 0.9902 | Seg IoU: 0.9925 | Seg Dice: 0.9962 | 20.9s
2026-04-03 08:48:30 - Epoch [59/100] LR: 8.42e-06/8.42e-05 | Loss: 0.6061 (seg=0.0033, cls=0.3014) | Cls Acc: 0.9910 | Seg IoU: 0.9925 | Seg Dice: 0.9962 | 21.2s
2026-04-03 08:48:51 - Epoch [60/100] LR: 8.09e-06/8.09e-05 | Loss: 0.6018 (seg=0.0032, cls=0.2993) | Cls Acc: 0.9894 | Seg IoU: 0.9928 | Seg Dice: 0.9964 | 21.0s
2026-04-03 08:48:51 - --------------------------------------------------
2026-04-03 08:48:54 - [Test] Cls — Acc: 0.7380 | P(macro): 0.6213 | R(macro): 0.5863 | F1(macro): 0.5933
2026-04-03 08:48:54 - [Test] Seg — Lesion IoU: 0.9934 | Lesion Dice: 0.9967
2026-04-03 08:48:54 - [Test] Classification Report:
              precision    recall  f1-score   support

      benign     0.4512    0.2868    0.3507       129
    no_tumor     0.7914    0.8858    0.8359       394

    accuracy                         0.7380       523
   macro avg     0.6213    0.5863    0.5933       523
weighted avg     0.7075    0.7380    0.7162       523

2026-04-03 08:48:54 - --------------------------------------------------
2026-04-03 08:49:16 - Epoch [61/100] LR: 7.76e-06/7.76e-05 | Loss: 0.6088 (seg=0.0031, cls=0.3028) | Cls Acc: 0.9886 | Seg IoU: 0.9930 | Seg Dice: 0.9965 | 21.5s
2026-04-03 08:49:37 - Epoch [62/100] LR: 7.43e-06/7.43e-05 | Loss: 0.5828 (seg=0.0031, cls=0.2899) | Cls Acc: 0.9935 | Seg IoU: 0.9930 | Seg Dice: 0.9965 | 21.3s
2026-04-03 08:49:58 - Epoch [63/100] LR: 7.11e-06/7.11e-05 | Loss: 0.5879 (seg=0.0030, cls=0.2924) | Cls Acc: 0.9926 | Seg IoU: 0.9931 | Seg Dice: 0.9966 | 21.1s
2026-04-03 08:50:19 - Epoch [64/100] LR: 6.78e-06/6.78e-05 | Loss: 0.5951 (seg=0.0030, cls=0.2960) | Cls Acc: 0.9935 | Seg IoU: 0.9932 | Seg Dice: 0.9966 | 21.1s
2026-04-03 08:50:40 - Epoch [65/100] LR: 6.47e-06/6.47e-05 | Loss: 0.5790 (seg=0.0028, cls=0.2881) | Cls Acc: 0.9935 | Seg IoU: 0.9936 | Seg Dice: 0.9968 | 20.9s
2026-04-03 08:50:40 - --------------------------------------------------
2026-04-03 08:50:43 - [Test] Cls — Acc: 0.7285 | P(macro): 0.6101 | R(macro): 0.5852 | F1(macro): 0.5913
2026-04-03 08:50:43 - [Test] Seg — Lesion IoU: 0.9944 | Lesion Dice: 0.9972
2026-04-03 08:50:43 - [Test] Classification Report:
              precision    recall  f1-score   support

      benign     0.4286    0.3023    0.3545       129
    no_tumor     0.7917    0.8680    0.8281       394

    accuracy                         0.7285       523
   macro avg     0.6101    0.5852    0.5913       523
weighted avg     0.7021    0.7285    0.7113       523

2026-04-03 08:50:43 - --------------------------------------------------
2026-04-03 08:51:04 - Epoch [66/100] LR: 6.16e-06/6.16e-05 | Loss: 0.5895 (seg=0.0029, cls=0.2933) | Cls Acc: 0.9935 | Seg IoU: 0.9935 | Seg Dice: 0.9967 | 21.0s
2026-04-03 08:51:25 - Epoch [67/100] LR: 5.85e-06/5.85e-05 | Loss: 0.5972 (seg=0.0029, cls=0.2972) | Cls Acc: 0.9910 | Seg IoU: 0.9935 | Seg Dice: 0.9967 | 21.1s
2026-04-03 08:51:46 - Epoch [68/100] LR: 5.55e-06/5.55e-05 | Loss: 0.5881 (seg=0.0029, cls=0.2926) | Cls Acc: 0.9910 | Seg IoU: 0.9934 | Seg Dice: 0.9967 | 21.1s
2026-04-03 08:52:07 - Epoch [69/100] LR: 5.25e-06/5.25e-05 | Loss: 0.5785 (seg=0.0029, cls=0.2878) | Cls Acc: 0.9975 | Seg IoU: 0.9935 | Seg Dice: 0.9968 | 20.9s
2026-04-03 08:52:28 - Epoch [70/100] LR: 4.96e-06/4.96e-05 | Loss: 0.5935 (seg=0.0027, cls=0.2954) | Cls Acc: 0.9886 | Seg IoU: 0.9939 | Seg Dice: 0.9969 | 21.2s
2026-04-03 08:52:28 - --------------------------------------------------
2026-04-03 08:52:31 - [Test] Cls — Acc: 0.7361 | P(macro): 0.6222 | R(macro): 0.5929 | F1(macro): 0.6002
2026-04-03 08:52:31 - [Test] Seg — Lesion IoU: 0.9945 | Lesion Dice: 0.9973
2026-04-03 08:52:31 - [Test] Classification Report:
              precision    recall  f1-score   support

      benign     0.4494    0.3101    0.3670       129
    no_tumor     0.7949    0.8756    0.8333       394

    accuracy                         0.7361       523
   macro avg     0.6222    0.5929    0.6002       523
weighted avg     0.7097    0.7361    0.7183       523

2026-04-03 08:52:31 - --------------------------------------------------
2026-04-03 08:52:51 - Epoch [71/100] LR: 4.67e-06/4.67e-05 | Loss: 0.5923 (seg=0.0028, cls=0.2948) | Cls Acc: 0.9935 | Seg IoU: 0.9938 | Seg Dice: 0.9969 | 20.0s
2026-04-03 08:53:11 - Epoch [72/100] LR: 4.39e-06/4.39e-05 | Loss: 0.5742 (seg=0.0028, cls=0.2857) | Cls Acc: 0.9951 | Seg IoU: 0.9937 | Seg Dice: 0.9969 | 20.0s
2026-04-03 08:53:31 - Epoch [73/100] LR: 4.12e-06/4.12e-05 | Loss: 0.6075 (seg=0.0027, cls=0.3024) | Cls Acc: 0.9886 | Seg IoU: 0.9939 | Seg Dice: 0.9970 | 20.6s
2026-04-03 08:53:52 - Epoch [74/100] LR: 3.85e-06/3.85e-05 | Loss: 0.5912 (seg=0.0027, cls=0.2943) | Cls Acc: 0.9951 | Seg IoU: 0.9939 | Seg Dice: 0.9970 | 20.5s
2026-04-03 08:54:12 - Epoch [75/100] LR: 3.59e-06/3.59e-05 | Loss: 0.5743 (seg=0.0027, cls=0.2858) | Cls Acc: 0.9926 | Seg IoU: 0.9940 | Seg Dice: 0.9970 | 20.9s
2026-04-03 08:54:12 - --------------------------------------------------
2026-04-03 08:54:15 - [Test] Cls — Acc: 0.7228 | P(macro): 0.6072 | R(macro): 0.5892 | F1(macro): 0.5947
2026-04-03 08:54:15 - [Test] Seg — Lesion IoU: 0.9948 | Lesion Dice: 0.9974
2026-04-03 08:54:15 - [Test] Classification Report:
              precision    recall  f1-score   support

      benign     0.4200    0.3256    0.3668       129
    no_tumor     0.7943    0.8528    0.8225       394

    accuracy                         0.7228       523
   macro avg     0.6072    0.5892    0.5947       523
weighted avg     0.7020    0.7228    0.7101       523

2026-04-03 08:54:15 - --------------------------------------------------
2026-04-03 08:54:36 - Epoch [76/100] LR: 3.34e-06/3.34e-05 | Loss: 0.5750 (seg=0.0027, cls=0.2862) | Cls Acc: 0.9935 | Seg IoU: 0.9939 | Seg Dice: 0.9969 | 20.6s
2026-04-03 08:54:57 - Epoch [77/100] LR: 3.10e-06/3.10e-05 | Loss: 0.5808 (seg=0.0026, cls=0.2891) | Cls Acc: 0.9959 | Seg IoU: 0.9942 | Seg Dice: 0.9971 | 20.8s
2026-04-03 08:55:17 - Epoch [78/100] LR: 2.86e-06/2.86e-05 | Loss: 0.5766 (seg=0.0026, cls=0.2870) | Cls Acc: 0.9943 | Seg IoU: 0.9941 | Seg Dice: 0.9970 | 20.6s
2026-04-03 08:55:38 - Epoch [79/100] LR: 2.64e-06/2.64e-05 | Loss: 0.5713 (seg=0.0027, cls=0.2843) | Cls Acc: 0.9984 | Seg IoU: 0.9941 | Seg Dice: 0.9970 | 21.0s
2026-04-03 08:55:59 - Epoch [80/100] LR: 2.42e-06/2.42e-05 | Loss: 0.5817 (seg=0.0026, cls=0.2895) | Cls Acc: 0.9951 | Seg IoU: 0.9941 | Seg Dice: 0.9971 | 20.8s
2026-04-03 08:55:59 - --------------------------------------------------
2026-04-03 08:56:02 - [Test] Cls — Acc: 0.7361 | P(macro): 0.6258 | R(macro): 0.6007 | F1(macro): 0.6080
2026-04-03 08:56:02 - [Test] Seg — Lesion IoU: 0.9951 | Lesion Dice: 0.9975
2026-04-03 08:56:02 - [Test] Classification Report:
              precision    recall  f1-score   support

      benign     0.4526    0.3333    0.3839       129
    no_tumor     0.7991    0.8680    0.8321       394

    accuracy                         0.7361       523
   macro avg     0.6258    0.6007    0.6080       523
weighted avg     0.7136    0.7361    0.7216       523

2026-04-03 08:56:02 - *** 保存最优模型 (F1: 0.6080, Epoch: 80) ***
2026-04-03 08:56:02 - --------------------------------------------------
2026-04-03 08:56:24 - Epoch [81/100] LR: 2.21e-06/2.21e-05 | Loss: 0.5717 (seg=0.0027, cls=0.2845) | Cls Acc: 0.9967 | Seg IoU: 0.9940 | Seg Dice: 0.9970 | 21.1s
2026-04-03 08:56:45 - Epoch [82/100] LR: 2.01e-06/2.01e-05 | Loss: 0.5880 (seg=0.0025, cls=0.2928) | Cls Acc: 0.9935 | Seg IoU: 0.9944 | Seg Dice: 0.9972 | 21.0s
2026-04-03 08:57:05 - Epoch [83/100] LR: 1.82e-06/1.82e-05 | Loss: 0.5863 (seg=0.0025, cls=0.2919) | Cls Acc: 0.9935 | Seg IoU: 0.9944 | Seg Dice: 0.9972 | 20.4s
2026-04-03 08:57:25 - Epoch [84/100] LR: 1.64e-06/1.64e-05 | Loss: 0.5719 (seg=0.0026, cls=0.2846) | Cls Acc: 0.9967 | Seg IoU: 0.9941 | Seg Dice: 0.9971 | 19.7s
2026-04-03 08:57:46 - Epoch [85/100] LR: 1.47e-06/1.47e-05 | Loss: 0.5718 (seg=0.0025, cls=0.2847) | Cls Acc: 0.9967 | Seg IoU: 0.9944 | Seg Dice: 0.9972 | 21.0s
2026-04-03 08:57:46 - --------------------------------------------------
2026-04-03 08:57:49 - [Test] Cls — Acc: 0.7457 | P(macro): 0.6386 | R(macro): 0.6044 | F1(macro): 0.6133
2026-04-03 08:57:49 - [Test] Seg — Lesion IoU: 0.9951 | Lesion Dice: 0.9976
2026-04-03 08:57:49 - [Test] Classification Report:
              precision    recall  f1-score   support

      benign     0.4773    0.3256    0.3871       129
    no_tumor     0.8000    0.8832    0.8396       394

    accuracy                         0.7457       523
   macro avg     0.6386    0.6044    0.6133       523
weighted avg     0.7204    0.7457    0.7280       523

2026-04-03 08:57:49 - *** 保存最优模型 (F1: 0.6133, Epoch: 85) ***
2026-04-03 08:57:49 - --------------------------------------------------
2026-04-03 08:58:11 - Epoch [86/100] LR: 1.31e-06/1.31e-05 | Loss: 0.5749 (seg=0.0026, cls=0.2862) | Cls Acc: 0.9926 | Seg IoU: 0.9942 | Seg Dice: 0.9971 | 22.0s
2026-04-03 08:58:32 - Epoch [87/100] LR: 1.16e-06/1.16e-05 | Loss: 0.5767 (seg=0.0025, cls=0.2871) | Cls Acc: 0.9935 | Seg IoU: 0.9944 | Seg Dice: 0.9972 | 20.6s
2026-04-03 08:58:53 - Epoch [88/100] LR: 1.02e-06/1.02e-05 | Loss: 0.5711 (seg=0.0025, cls=0.2843) | Cls Acc: 0.9951 | Seg IoU: 0.9943 | Seg Dice: 0.9972 | 21.5s
2026-04-03 08:59:14 - Epoch [89/100] LR: 8.90e-07/8.90e-06 | Loss: 0.5777 (seg=0.0024, cls=0.2876) | Cls Acc: 0.9951 | Seg IoU: 0.9945 | Seg Dice: 0.9972 | 21.0s
2026-04-03 08:59:35 - Epoch [90/100] LR: 7.72e-07/7.72e-06 | Loss: 0.5794 (seg=0.0025, cls=0.2885) | Cls Acc: 0.9935 | Seg IoU: 0.9945 | Seg Dice: 0.9972 | 21.0s
2026-04-03 08:59:35 - --------------------------------------------------
2026-04-03 08:59:38 - [Test] Cls — Acc: 0.7457 | P(macro): 0.6328 | R(macro): 0.5888 | F1(macro): 0.5965
2026-04-03 08:59:38 - [Test] Seg — Lesion IoU: 0.9954 | Lesion Dice: 0.9977
2026-04-03 08:59:38 - [Test] Classification Report:
              precision    recall  f1-score   support

      benign     0.4737    0.2791    0.3512       129
    no_tumor     0.7919    0.8985    0.8419       394

    accuracy                         0.7457       523
   macro avg     0.6328    0.5888    0.5965       523
weighted avg     0.7134    0.7457    0.7208       523

2026-04-03 08:59:38 - --------------------------------------------------
2026-04-03 09:00:00 - Epoch [91/100] LR: 6.64e-07/6.64e-06 | Loss: 0.5868 (seg=0.0024, cls=0.2922) | Cls Acc: 0.9935 | Seg IoU: 0.9945 | Seg Dice: 0.9973 | 21.8s
2026-04-03 09:00:21 - Epoch [92/100] LR: 5.67e-07/5.67e-06 | Loss: 0.5816 (seg=0.0025, cls=0.2895) | Cls Acc: 0.9926 | Seg IoU: 0.9944 | Seg Dice: 0.9972 | 21.0s
2026-04-03 09:00:42 - Epoch [93/100] LR: 4.81e-07/4.81e-06 | Loss: 0.5805 (seg=0.0025, cls=0.2890) | Cls Acc: 0.9918 | Seg IoU: 0.9944 | Seg Dice: 0.9972 | 20.7s
2026-04-03 09:01:03 - Epoch [94/100] LR: 4.07e-07/4.07e-06 | Loss: 0.5781 (seg=0.0024, cls=0.2879) | Cls Acc: 0.9943 | Seg IoU: 0.9946 | Seg Dice: 0.9973 | 21.5s
2026-04-03 09:01:24 - Epoch [95/100] LR: 3.44e-07/3.44e-06 | Loss: 0.5800 (seg=0.0025, cls=0.2888) | Cls Acc: 0.9951 | Seg IoU: 0.9944 | Seg Dice: 0.9972 | 20.8s
2026-04-03 09:01:24 - --------------------------------------------------
2026-04-03 09:01:27 - [Test] Cls — Acc: 0.7361 | P(macro): 0.6234 | R(macro): 0.5955 | F1(macro): 0.6028
2026-04-03 09:01:27 - [Test] Seg — Lesion IoU: 0.9954 | Lesion Dice: 0.9977
2026-04-03 09:01:27 - [Test] Classification Report:
              precision    recall  f1-score   support

      benign     0.4505    0.3178    0.3727       129
    no_tumor     0.7963    0.8731    0.8329       394

    accuracy                         0.7361       523
   macro avg     0.6234    0.5955    0.6028       523
weighted avg     0.7110    0.7361    0.7194       523

2026-04-03 09:01:27 - --------------------------------------------------
2026-04-03 09:01:47 - Epoch [96/100] LR: 2.92e-07/2.92e-06 | Loss: 0.5743 (seg=0.0025, cls=0.2859) | Cls Acc: 0.9959 | Seg IoU: 0.9943 | Seg Dice: 0.9972 | 20.6s
2026-04-03 09:02:08 - Epoch [97/100] LR: 2.52e-07/2.52e-06 | Loss: 0.5642 (seg=0.0024, cls=0.2809) | Cls Acc: 0.9951 | Seg IoU: 0.9946 | Seg Dice: 0.9973 | 21.0s
2026-04-03 09:02:29 - Epoch [98/100] LR: 2.23e-07/2.23e-06 | Loss: 0.5648 (seg=0.0025, cls=0.2812) | Cls Acc: 0.9975 | Seg IoU: 0.9945 | Seg Dice: 0.9972 | 20.8s
2026-04-03 09:02:50 - Epoch [99/100] LR: 2.06e-07/2.06e-06 | Loss: 0.5909 (seg=0.0025, cls=0.2942) | Cls Acc: 0.9943 | Seg IoU: 0.9945 | Seg Dice: 0.9972 | 20.6s
2026-04-03 09:03:10 - Epoch [100/100] LR: 2.00e-07/2.00e-06 | Loss: 0.5778 (seg=0.0024, cls=0.2877) | Cls Acc: 0.9951 | Seg IoU: 0.9946 | Seg Dice: 0.9973 | 20.8s
2026-04-03 09:03:10 - --------------------------------------------------
2026-04-03 09:03:13 - [Test] Cls — Acc: 0.7476 | P(macro): 0.6398 | R(macro): 0.6005 | F1(macro): 0.6095
2026-04-03 09:03:13 - [Test] Seg — Lesion IoU: 0.9952 | Lesion Dice: 0.9976
2026-04-03 09:03:13 - [Test] Classification Report:
              precision    recall  f1-score   support

      benign     0.4819    0.3101    0.3774       129
    no_tumor     0.7977    0.8909    0.8417       394

    accuracy                         0.7476       523
   macro avg     0.6398    0.6005    0.6095       523
weighted avg     0.7198    0.7476    0.7272       523

2026-04-03 09:03:13 - --------------------------------------------------
2026-04-03 09:03:13 - 
======================================================================
2026-04-03 09:03:13 - 训练完成! 最优模型: Epoch 85, F1: 0.6133
2026-04-03 09:03:13 - ======================================================================
2026-04-03 09:03:13 - 
加载最优权重进行最终测试...
2026-04-03 09:03:13 - ======================================================================
2026-04-03 09:03:13 - 最终测试结果 (最优权重, threshold=0.5)
2026-04-03 09:03:13 - ======================================================================
2026-04-03 09:03:16 - [Final Test] Cls — Acc: 0.7457 | P(macro): 0.6386 | R(macro): 0.6044 | F1(macro): 0.6133
2026-04-03 09:03:16 - [Final Test] Seg — Lesion IoU: 0.9951 | Lesion Dice: 0.9976
2026-04-03 09:03:16 - [Final Test] Classification Report:
              precision    recall  f1-score   support

      benign     0.4773    0.3256    0.3871       129
    no_tumor     0.8000    0.8832    0.8396       394

    accuracy                         0.7457       523
   macro avg     0.6386    0.6044    0.6133       523
weighted avg     0.7204    0.7457    0.7280       523

2026-04-03 09:03:16 - 
======================================================================
2026-04-03 09:03:16 - 阈值优化搜索
2026-04-03 09:03:16 - ======================================================================
2026-04-03 09:03:19 - 最优阈值: 0.625 (F1: 0.6241 vs 默认0.5 F1: 0.6133)
2026-04-03 09:03:22 - [Final Test (最优阈值)] Threshold: 0.625 | Acc: 0.7648 | P(macro): 0.6712 | R(macro): 0.6119 | F1(macro): 0.6241
2026-04-03 09:03:22 - [Final Test (最优阈值)] Classification Report:
              precision    recall  f1-score   support

      benign     0.5405    0.3101    0.3941       129
    no_tumor     0.8018    0.9137    0.8541       394

    accuracy                         0.7648       523
   macro avg     0.6712    0.6119    0.6241       523
weighted avg     0.7373    0.7648    0.7406       523

2026-04-03 09:03:22 - 训练脚本已复制到: /data1/ouyangxinglong/GBP-Cascade/0402/logs/20260402_task2_MaxViT_segcls_5/20260402_task2_MaxViT_segcls_5.py
