2026-04-03 08:25:16 - ======================================================================
2026-04-03 08:25:16 - 实验名称: 20260402_task2_SwinV2Tiny_segcls_4
2026-04-03 08:25:16 - 模型: SwinV2-Tiny@256 + 4ch + Seg-Guided Attention + Metadata
2026-04-03 08:25:16 - 修改: 4ch(RGB+mask)输入 + UNet分割→seg-guided attention分类 + metadata(age/gender/size/flow/morph)融合 + lambda_cls=2.0 + dropout=0.4 + 无Mixup + 100ep
2026-04-03 08:25:16 - 输入通道: 4
2026-04-03 08:25:16 - 图像尺寸: 256
2026-04-03 08:25:16 - 分割类别: 2
2026-04-03 08:25:16 - 分类类别: ['benign', 'no_tumor']
2026-04-03 08:25:16 - Batch Size: 8
2026-04-03 08:25:16 - Backbone LR: 2e-05
2026-04-03 08:25:16 - Head LR: 0.0002
2026-04-03 08:25:16 - Weight Decay: 0.05
2026-04-03 08:25:16 - Warmup Epochs: 8
2026-04-03 08:25:16 - Lambda Cls: 2.0
2026-04-03 08:25:16 - Label Smoothing: 0.1
2026-04-03 08:25:16 - Seed: 42
2026-04-03 08:25:16 - Epochs: 100
2026-04-03 08:25:16 - Grad Clip: 1.0
2026-04-03 08:25:16 - 设备: cuda
2026-04-03 08:25:16 - ======================================================================
2026-04-03 08:25:18 - 训练集: 1229 张 (benign=309, no_tumor=920)
2026-04-03 08:25:18 - 测试集: 523 张 (benign=129, no_tumor=394)
2026-04-03 08:25:27 - 模型参数量: 34,596,622
2026-04-03 08:25:27 - 可训练参数量: 34,596,622
2026-04-03 08:25:27 - 分类类别权重: benign=1.9887, no_tumor=0.6679
2026-04-03 08:25:27 - 分割类别权重: bg=1.0, lesion=5.0
2026-04-03 08:25:27 - 
======================================================================
2026-04-03 08:25:27 - 开始训练
2026-04-03 08:25:27 - ======================================================================
2026-04-03 08:25:45 - Epoch [1/100] LR: 2.50e-06/2.50e-05 | Loss: 2.0812 (seg=0.6462, cls=0.7175) | Cls Acc: 0.5768 | Seg IoU: 0.6742 | Seg Dice: 0.7534 | 18.0s
2026-04-03 08:26:01 - Epoch [2/100] LR: 5.00e-06/5.00e-05 | Loss: 1.6841 (seg=0.2755, cls=0.7043) | Cls Acc: 0.6430 | Seg IoU: 0.8961 | Seg Dice: 0.9450 | 15.7s
2026-04-03 08:26:16 - Epoch [3/100] LR: 7.50e-06/7.50e-05 | Loss: 1.5651 (seg=0.2044, cls=0.6803) | Cls Acc: 0.6438 | Seg IoU: 0.9255 | Seg Dice: 0.9612 | 15.1s
2026-04-03 08:26:29 - Epoch [4/100] LR: 1.00e-05/1.00e-04 | Loss: 1.4600 (seg=0.1628, cls=0.6486) | Cls Acc: 0.7042 | Seg IoU: 0.9350 | Seg Dice: 0.9663 | 13.7s
2026-04-03 08:26:50 - Epoch [5/100] LR: 1.25e-05/1.25e-04 | Loss: 1.4243 (seg=0.1308, cls=0.6468) | Cls Acc: 0.7328 | Seg IoU: 0.9468 | Seg Dice: 0.9726 | 20.6s
2026-04-03 08:26:50 - --------------------------------------------------
2026-04-03 08:26:54 - [Test] Cls — Acc: 0.5564 | P(macro): 0.6154 | R(macro): 0.6482 | F1(macro): 0.5466
2026-04-03 08:26:54 - [Test] Seg — Lesion IoU: 0.9468 | Lesion Dice: 0.9727
2026-04-03 08:26:54 - [Test] Classification Report:
              precision    recall  f1-score   support

      benign     0.3375    0.8295    0.4798       129
    no_tumor     0.8932    0.4670    0.6133       394

    accuracy                         0.5564       523
   macro avg     0.6154    0.6482    0.5466       523
weighted avg     0.7561    0.5564    0.5804       523

2026-04-03 08:26:54 - *** 保存最优模型 (F1: 0.5466, Epoch: 5) ***
2026-04-03 08:26:54 - --------------------------------------------------
2026-04-03 08:27:10 - Epoch [6/100] LR: 1.50e-05/1.50e-04 | Loss: 1.4028 (seg=0.1030, cls=0.6499) | Cls Acc: 0.7092 | Seg IoU: 0.9523 | Seg Dice: 0.9755 | 15.2s
2026-04-03 08:27:25 - Epoch [7/100] LR: 1.75e-05/1.75e-04 | Loss: 1.3375 (seg=0.0801, cls=0.6287) | Cls Acc: 0.7377 | Seg IoU: 0.9574 | Seg Dice: 0.9782 | 15.6s
2026-04-03 08:27:41 - Epoch [8/100] LR: 2.00e-05/2.00e-04 | Loss: 1.2940 (seg=0.0611, cls=0.6164) | Cls Acc: 0.7173 | Seg IoU: 0.9642 | Seg Dice: 0.9818 | 15.4s
2026-04-03 08:27:56 - Epoch [9/100] LR: 2.00e-05/2.00e-04 | Loss: 1.2487 (seg=0.0471, cls=0.6008) | Cls Acc: 0.7729 | Seg IoU: 0.9697 | Seg Dice: 0.9846 | 15.5s
2026-04-03 08:28:12 - Epoch [10/100] LR: 2.00e-05/2.00e-04 | Loss: 1.2573 (seg=0.0406, cls=0.6084) | Cls Acc: 0.7721 | Seg IoU: 0.9662 | Seg Dice: 0.9828 | 15.8s
2026-04-03 08:28:12 - --------------------------------------------------
2026-04-03 08:28:14 - [Test] Cls — Acc: 0.7533 | P(macro): 0.6694 | R(macro): 0.6721 | F1(macro): 0.6707
2026-04-03 08:28:14 - [Test] Seg — Lesion IoU: 0.9706 | Lesion Dice: 0.9851
2026-04-03 08:28:14 - [Test] Classification Report:
              precision    recall  f1-score   support

      benign     0.5000    0.5116    0.5057       129
    no_tumor     0.8389    0.8325    0.8357       394

    accuracy                         0.7533       523
   macro avg     0.6694    0.6721    0.6707       523
weighted avg     0.7553    0.7533    0.7543       523

2026-04-03 08:28:15 - *** 保存最优模型 (F1: 0.6707, Epoch: 10) ***
2026-04-03 08:28:15 - --------------------------------------------------
2026-04-03 08:28:31 - Epoch [11/100] LR: 1.99e-05/1.99e-04 | Loss: 1.1718 (seg=0.0338, cls=0.5690) | Cls Acc: 0.7884 | Seg IoU: 0.9688 | Seg Dice: 0.9841 | 15.5s
2026-04-03 08:28:46 - Epoch [12/100] LR: 1.99e-05/1.99e-04 | Loss: 1.1504 (seg=0.0292, cls=0.5606) | Cls Acc: 0.8145 | Seg IoU: 0.9713 | Seg Dice: 0.9854 | 15.7s
2026-04-03 08:29:02 - Epoch [13/100] LR: 1.99e-05/1.99e-04 | Loss: 1.1496 (seg=0.0256, cls=0.5620) | Cls Acc: 0.8047 | Seg IoU: 0.9739 | Seg Dice: 0.9868 | 15.9s
2026-04-03 08:29:18 - Epoch [14/100] LR: 1.98e-05/1.98e-04 | Loss: 1.0873 (seg=0.0236, cls=0.5319) | Cls Acc: 0.8145 | Seg IoU: 0.9731 | Seg Dice: 0.9863 | 16.1s
2026-04-03 08:29:34 - Epoch [15/100] LR: 1.97e-05/1.97e-04 | Loss: 1.0576 (seg=0.0217, cls=0.5179) | Cls Acc: 0.8415 | Seg IoU: 0.9732 | Seg Dice: 0.9864 | 15.8s
2026-04-03 08:29:34 - --------------------------------------------------
2026-04-03 08:29:36 - [Test] Cls — Acc: 0.7553 | P(macro): 0.6560 | R(macro): 0.6186 | F1(macro): 0.6291
2026-04-03 08:29:36 - [Test] Seg — Lesion IoU: 0.9776 | Lesion Dice: 0.9887
2026-04-03 08:29:36 - [Test] Classification Report:
              precision    recall  f1-score   support

      benign     0.5056    0.3488    0.4128       129
    no_tumor     0.8065    0.8883    0.8454       394

    accuracy                         0.7553       523
   macro avg     0.6560    0.6186    0.6291       523
weighted avg     0.7322    0.7553    0.7387       523

2026-04-03 08:29:36 - --------------------------------------------------
2026-04-03 08:29:52 - Epoch [16/100] LR: 1.96e-05/1.96e-04 | Loss: 1.0370 (seg=0.0193, cls=0.5089) | Cls Acc: 0.8464 | Seg IoU: 0.9758 | Seg Dice: 0.9878 | 15.8s
2026-04-03 08:30:08 - Epoch [17/100] LR: 1.95e-05/1.95e-04 | Loss: 1.0096 (seg=0.0176, cls=0.4960) | Cls Acc: 0.8652 | Seg IoU: 0.9759 | Seg Dice: 0.9878 | 15.3s
2026-04-03 08:30:23 - Epoch [18/100] LR: 1.94e-05/1.94e-04 | Loss: 1.0139 (seg=0.0174, cls=0.4982) | Cls Acc: 0.8636 | Seg IoU: 0.9746 | Seg Dice: 0.9871 | 15.8s
2026-04-03 08:30:39 - Epoch [19/100] LR: 1.93e-05/1.93e-04 | Loss: 0.9956 (seg=0.0156, cls=0.4900) | Cls Acc: 0.8709 | Seg IoU: 0.9775 | Seg Dice: 0.9886 | 15.6s
2026-04-03 08:30:54 - Epoch [20/100] LR: 1.92e-05/1.92e-04 | Loss: 0.9455 (seg=0.0154, cls=0.4650) | Cls Acc: 0.8832 | Seg IoU: 0.9752 | Seg Dice: 0.9874 | 15.3s
2026-04-03 08:30:54 - --------------------------------------------------
2026-04-03 08:30:57 - [Test] Cls — Acc: 0.7094 | P(macro): 0.6060 | R(macro): 0.6038 | F1(macro): 0.6048
2026-04-03 08:30:57 - [Test] Seg — Lesion IoU: 0.9739 | Lesion Dice: 0.9868
2026-04-03 08:30:57 - [Test] Classification Report:
              precision    recall  f1-score   support

      benign     0.4080    0.3953    0.4016       129
    no_tumor     0.8040    0.8122    0.8081       394

    accuracy                         0.7094       523
   macro avg     0.6060    0.6038    0.6048       523
weighted avg     0.7063    0.7094    0.7078       523

2026-04-03 08:30:57 - --------------------------------------------------
2026-04-03 08:31:13 - Epoch [21/100] LR: 1.90e-05/1.90e-04 | Loss: 0.9465 (seg=0.0142, cls=0.4662) | Cls Acc: 0.8832 | Seg IoU: 0.9771 | Seg Dice: 0.9884 | 16.0s
2026-04-03 08:31:29 - Epoch [22/100] LR: 1.89e-05/1.89e-04 | Loss: 0.8826 (seg=0.0132, cls=0.4347) | Cls Acc: 0.9044 | Seg IoU: 0.9786 | Seg Dice: 0.9892 | 15.3s
2026-04-03 08:31:45 - Epoch [23/100] LR: 1.87e-05/1.87e-04 | Loss: 0.8774 (seg=0.0118, cls=0.4328) | Cls Acc: 0.9134 | Seg IoU: 0.9812 | Seg Dice: 0.9905 | 16.2s
2026-04-03 08:32:00 - Epoch [24/100] LR: 1.86e-05/1.86e-04 | Loss: 0.8767 (seg=0.0111, cls=0.4328) | Cls Acc: 0.9109 | Seg IoU: 0.9813 | Seg Dice: 0.9906 | 15.4s
2026-04-03 08:32:17 - Epoch [25/100] LR: 1.84e-05/1.84e-04 | Loss: 0.8849 (seg=0.0172, cls=0.4338) | Cls Acc: 0.9101 | Seg IoU: 0.9663 | Seg Dice: 0.9827 | 16.4s
2026-04-03 08:32:17 - --------------------------------------------------
2026-04-03 08:32:19 - [Test] Cls — Acc: 0.7572 | P(macro): 0.6569 | R(macro): 0.6094 | F1(macro): 0.6203
2026-04-03 08:32:19 - [Test] Seg — Lesion IoU: 0.9684 | Lesion Dice: 0.9839
2026-04-03 08:32:19 - [Test] Classification Report:
              precision    recall  f1-score   support

      benign     0.5125    0.3178    0.3923       129
    no_tumor     0.8014    0.9010    0.8483       394

    accuracy                         0.7572       523
   macro avg     0.6569    0.6094    0.6203       523
weighted avg     0.7301    0.7572    0.7358       523

2026-04-03 08:32:19 - --------------------------------------------------
2026-04-03 08:32:34 - Epoch [26/100] LR: 1.82e-05/1.82e-04 | Loss: 0.8625 (seg=0.0104, cls=0.4260) | Cls Acc: 0.9232 | Seg IoU: 0.9811 | Seg Dice: 0.9905 | 15.4s
2026-04-03 08:32:49 - Epoch [27/100] LR: 1.80e-05/1.80e-04 | Loss: 0.8104 (seg=0.0096, cls=0.4004) | Cls Acc: 0.9404 | Seg IoU: 0.9815 | Seg Dice: 0.9907 | 15.4s
2026-04-03 08:33:05 - Epoch [28/100] LR: 1.78e-05/1.78e-04 | Loss: 0.7909 (seg=0.0083, cls=0.3913) | Cls Acc: 0.9322 | Seg IoU: 0.9847 | Seg Dice: 0.9923 | 15.6s
2026-04-03 08:33:21 - Epoch [29/100] LR: 1.76e-05/1.76e-04 | Loss: 0.8566 (seg=0.0089, cls=0.4239) | Cls Acc: 0.9191 | Seg IoU: 0.9824 | Seg Dice: 0.9911 | 15.4s
2026-04-03 08:33:36 - Epoch [30/100] LR: 1.73e-05/1.73e-04 | Loss: 0.7681 (seg=0.0073, cls=0.3804) | Cls Acc: 0.9428 | Seg IoU: 0.9856 | Seg Dice: 0.9928 | 15.2s
2026-04-03 08:33:36 - --------------------------------------------------
2026-04-03 08:33:38 - [Test] Cls — Acc: 0.7438 | P(macro): 0.6306 | R(macro): 0.5901 | F1(macro): 0.5979
2026-04-03 08:33:38 - [Test] Seg — Lesion IoU: 0.9880 | Lesion Dice: 0.9940
2026-04-03 08:33:38 - [Test] Classification Report:
              precision    recall  f1-score   support

      benign     0.4684    0.2868    0.3558       129
    no_tumor     0.7928    0.8934    0.8401       394

    accuracy                         0.7438       523
   macro avg     0.6306    0.5901    0.5979       523
weighted avg     0.7128    0.7438    0.7206       523

2026-04-03 08:33:38 - --------------------------------------------------
2026-04-03 08:33:55 - Epoch [31/100] LR: 1.71e-05/1.71e-04 | Loss: 0.7650 (seg=0.0063, cls=0.3793) | Cls Acc: 0.9420 | Seg IoU: 0.9879 | Seg Dice: 0.9939 | 16.1s
2026-04-03 08:34:10 - Epoch [32/100] LR: 1.69e-05/1.69e-04 | Loss: 0.7787 (seg=0.0068, cls=0.3860) | Cls Acc: 0.9477 | Seg IoU: 0.9867 | Seg Dice: 0.9933 | 15.2s
2026-04-03 08:34:26 - Epoch [33/100] LR: 1.66e-05/1.66e-04 | Loss: 0.7224 (seg=0.0058, cls=0.3583) | Cls Acc: 0.9632 | Seg IoU: 0.9882 | Seg Dice: 0.9941 | 16.0s
2026-04-03 08:34:41 - Epoch [34/100] LR: 1.63e-05/1.63e-04 | Loss: 0.7405 (seg=0.0057, cls=0.3674) | Cls Acc: 0.9641 | Seg IoU: 0.9887 | Seg Dice: 0.9943 | 15.5s
2026-04-03 08:34:57 - Epoch [35/100] LR: 1.61e-05/1.61e-04 | Loss: 0.7406 (seg=0.0050, cls=0.3678) | Cls Acc: 0.9493 | Seg IoU: 0.9896 | Seg Dice: 0.9948 | 16.1s
2026-04-03 08:34:57 - --------------------------------------------------
2026-04-03 08:35:00 - [Test] Cls — Acc: 0.7075 | P(macro): 0.6011 | R(macro): 0.5973 | F1(macro): 0.5990
2026-04-03 08:35:00 - [Test] Seg — Lesion IoU: 0.9913 | Lesion Dice: 0.9956
2026-04-03 08:35:00 - [Test] Classification Report:
              precision    recall  f1-score   support

      benign     0.4016    0.3798    0.3904       129
    no_tumor     0.8005    0.8147    0.8075       394

    accuracy                         0.7075       523
   macro avg     0.6011    0.5973    0.5990       523
weighted avg     0.7021    0.7075    0.7047       523

2026-04-03 08:35:00 - --------------------------------------------------
2026-04-03 08:35:15 - Epoch [36/100] LR: 1.58e-05/1.58e-04 | Loss: 0.7170 (seg=0.0052, cls=0.3559) | Cls Acc: 0.9608 | Seg IoU: 0.9894 | Seg Dice: 0.9947 | 15.5s
2026-04-03 08:35:31 - Epoch [37/100] LR: 1.55e-05/1.55e-04 | Loss: 0.7188 (seg=0.0046, cls=0.3571) | Cls Acc: 0.9567 | Seg IoU: 0.9907 | Seg Dice: 0.9953 | 15.9s
2026-04-03 08:35:46 - Epoch [38/100] LR: 1.52e-05/1.52e-04 | Loss: 0.7137 (seg=0.0042, cls=0.3548) | Cls Acc: 0.9534 | Seg IoU: 0.9914 | Seg Dice: 0.9957 | 15.2s
2026-04-03 08:36:02 - Epoch [39/100] LR: 1.50e-05/1.50e-04 | Loss: 0.6859 (seg=0.0043, cls=0.3408) | Cls Acc: 0.9665 | Seg IoU: 0.9909 | Seg Dice: 0.9954 | 15.4s
2026-04-03 08:36:18 - Epoch [40/100] LR: 1.47e-05/1.47e-04 | Loss: 0.7021 (seg=0.0035, cls=0.3493) | Cls Acc: 0.9657 | Seg IoU: 0.9929 | Seg Dice: 0.9964 | 16.5s
2026-04-03 08:36:18 - --------------------------------------------------
2026-04-03 08:36:20 - [Test] Cls — Acc: 0.7151 | P(macro): 0.6074 | R(macro): 0.5998 | F1(macro): 0.6029
2026-04-03 08:36:20 - [Test] Seg — Lesion IoU: 0.9942 | Lesion Dice: 0.9971
2026-04-03 08:36:20 - [Test] Classification Report:
              precision    recall  f1-score   support

      benign     0.4138    0.3721    0.3918       129
    no_tumor     0.8010    0.8274    0.8140       394

    accuracy                         0.7151       523
   macro avg     0.6074    0.5998    0.6029       523
weighted avg     0.7055    0.7151    0.7099       523

2026-04-03 08:36:20 - --------------------------------------------------
2026-04-03 08:36:35 - Epoch [41/100] LR: 1.44e-05/1.44e-04 | Loss: 0.7011 (seg=0.0032, cls=0.3489) | Cls Acc: 0.9681 | Seg IoU: 0.9933 | Seg Dice: 0.9966 | 15.2s
2026-04-03 08:36:51 - Epoch [42/100] LR: 1.40e-05/1.40e-04 | Loss: 0.6557 (seg=0.0029, cls=0.3264) | Cls Acc: 0.9771 | Seg IoU: 0.9941 | Seg Dice: 0.9970 | 15.4s
2026-04-03 08:37:07 - Epoch [43/100] LR: 1.37e-05/1.37e-04 | Loss: 0.7321 (seg=0.0027, cls=0.3647) | Cls Acc: 0.9526 | Seg IoU: 0.9943 | Seg Dice: 0.9972 | 15.8s
2026-04-03 08:37:23 - Epoch [44/100] LR: 1.34e-05/1.34e-04 | Loss: 0.6876 (seg=0.0028, cls=0.3424) | Cls Acc: 0.9649 | Seg IoU: 0.9942 | Seg Dice: 0.9971 | 16.1s
2026-04-03 08:37:39 - Epoch [45/100] LR: 1.31e-05/1.31e-04 | Loss: 0.6835 (seg=0.0028, cls=0.3403) | Cls Acc: 0.9681 | Seg IoU: 0.9941 | Seg Dice: 0.9970 | 15.9s
2026-04-03 08:37:39 - --------------------------------------------------
2026-04-03 08:37:41 - [Test] Cls — Acc: 0.7017 | P(macro): 0.5939 | R(macro): 0.5909 | F1(macro): 0.5922
2026-04-03 08:37:41 - [Test] Seg — Lesion IoU: 0.9945 | Lesion Dice: 0.9972
2026-04-03 08:37:41 - [Test] Classification Report:
              precision    recall  f1-score   support

      benign     0.3902    0.3721    0.3810       129
    no_tumor     0.7975    0.8096    0.8035       394

    accuracy                         0.7017       523
   macro avg     0.5939    0.5909    0.5922       523
weighted avg     0.6970    0.7017    0.6993       523

2026-04-03 08:37:41 - --------------------------------------------------
2026-04-03 08:37:56 - Epoch [46/100] LR: 1.28e-05/1.28e-04 | Loss: 0.6649 (seg=0.0024, cls=0.3313) | Cls Acc: 0.9673 | Seg IoU: 0.9951 | Seg Dice: 0.9975 | 15.4s
2026-04-03 08:38:12 - Epoch [47/100] LR: 1.24e-05/1.24e-04 | Loss: 0.6694 (seg=0.0021, cls=0.3336) | Cls Acc: 0.9698 | Seg IoU: 0.9955 | Seg Dice: 0.9978 | 16.3s
2026-04-03 08:38:28 - Epoch [48/100] LR: 1.21e-05/1.21e-04 | Loss: 0.6440 (seg=0.0021, cls=0.3210) | Cls Acc: 0.9771 | Seg IoU: 0.9957 | Seg Dice: 0.9978 | 15.6s
2026-04-03 08:38:43 - Epoch [49/100] LR: 1.18e-05/1.18e-04 | Loss: 0.6348 (seg=0.0020, cls=0.3164) | Cls Acc: 0.9804 | Seg IoU: 0.9959 | Seg Dice: 0.9979 | 15.1s
2026-04-03 08:38:58 - Epoch [50/100] LR: 1.14e-05/1.14e-04 | Loss: 0.6431 (seg=0.0019, cls=0.3206) | Cls Acc: 0.9722 | Seg IoU: 0.9961 | Seg Dice: 0.9980 | 15.1s
2026-04-03 08:38:58 - --------------------------------------------------
2026-04-03 08:39:01 - [Test] Cls — Acc: 0.7304 | P(macro): 0.6113 | R(macro): 0.5838 | F1(macro): 0.5901
2026-04-03 08:39:01 - [Test] Seg — Lesion IoU: 0.9966 | Lesion Dice: 0.9983
2026-04-03 08:39:01 - [Test] Classification Report:
              precision    recall  f1-score   support

      benign     0.4318    0.2946    0.3502       129
    no_tumor     0.7908    0.8731    0.8299       394

    accuracy                         0.7304       523
   macro avg     0.6113    0.5838    0.5901       523
weighted avg     0.7023    0.7304    0.7116       523

2026-04-03 08:39:01 - --------------------------------------------------
2026-04-03 08:39:16 - Epoch [51/100] LR: 1.11e-05/1.11e-04 | Loss: 0.6357 (seg=0.0016, cls=0.3170) | Cls Acc: 0.9788 | Seg IoU: 0.9967 | Seg Dice: 0.9983 | 15.6s
2026-04-03 08:39:31 - Epoch [52/100] LR: 1.08e-05/1.08e-04 | Loss: 0.6349 (seg=0.0018, cls=0.3165) | Cls Acc: 0.9820 | Seg IoU: 0.9963 | Seg Dice: 0.9981 | 15.2s
2026-04-03 08:39:48 - Epoch [53/100] LR: 1.04e-05/1.04e-04 | Loss: 0.6288 (seg=0.0016, cls=0.3136) | Cls Acc: 0.9788 | Seg IoU: 0.9967 | Seg Dice: 0.9983 | 16.3s
2026-04-03 08:40:03 - Epoch [54/100] LR: 1.01e-05/1.01e-04 | Loss: 0.6229 (seg=0.0015, cls=0.3107) | Cls Acc: 0.9845 | Seg IoU: 0.9969 | Seg Dice: 0.9984 | 15.4s
2026-04-03 08:40:19 - Epoch [55/100] LR: 9.76e-06/9.76e-05 | Loss: 0.6344 (seg=0.0015, cls=0.3165) | Cls Acc: 0.9755 | Seg IoU: 0.9968 | Seg Dice: 0.9984 | 16.2s
2026-04-03 08:40:19 - --------------------------------------------------
2026-04-03 08:40:21 - [Test] Cls — Acc: 0.7361 | P(macro): 0.6305 | R(macro): 0.6111 | F1(macro): 0.6178
2026-04-03 08:40:21 - [Test] Seg — Lesion IoU: 0.9959 | Lesion Dice: 0.9979
2026-04-03 08:40:21 - [Test] Classification Report:
              precision    recall  f1-score   support

      benign     0.4563    0.3643    0.4052       129
    no_tumor     0.8048    0.8579    0.8305       394

    accuracy                         0.7361       523
   macro avg     0.6305    0.6111    0.6178       523
weighted avg     0.7188    0.7361    0.7256       523

2026-04-03 08:40:21 - --------------------------------------------------
2026-04-03 08:40:37 - Epoch [56/100] LR: 9.42e-06/9.42e-05 | Loss: 0.6243 (seg=0.0015, cls=0.3114) | Cls Acc: 0.9796 | Seg IoU: 0.9968 | Seg Dice: 0.9984 | 15.8s
2026-04-03 08:40:52 - Epoch [57/100] LR: 9.09e-06/9.09e-05 | Loss: 0.6338 (seg=0.0013, cls=0.3163) | Cls Acc: 0.9820 | Seg IoU: 0.9973 | Seg Dice: 0.9987 | 15.2s
2026-04-03 08:41:09 - Epoch [58/100] LR: 8.75e-06/8.75e-05 | Loss: 0.6452 (seg=0.0013, cls=0.3220) | Cls Acc: 0.9804 | Seg IoU: 0.9971 | Seg Dice: 0.9986 | 16.1s
2026-04-03 08:41:24 - Epoch [59/100] LR: 8.42e-06/8.42e-05 | Loss: 0.6051 (seg=0.0012, cls=0.3020) | Cls Acc: 0.9861 | Seg IoU: 0.9975 | Seg Dice: 0.9987 | 15.5s
2026-04-03 08:41:41 - Epoch [60/100] LR: 8.09e-06/8.09e-05 | Loss: 0.6481 (seg=0.0012, cls=0.3234) | Cls Acc: 0.9788 | Seg IoU: 0.9974 | Seg Dice: 0.9987 | 16.8s
2026-04-03 08:41:41 - --------------------------------------------------
2026-04-03 08:41:44 - [Test] Cls — Acc: 0.7247 | P(macro): 0.6152 | R(macro): 0.6009 | F1(macro): 0.6060
2026-04-03 08:41:44 - [Test] Seg — Lesion IoU: 0.9975 | Lesion Dice: 0.9987
2026-04-03 08:41:44 - [Test] Classification Report:
              precision    recall  f1-score   support

      benign     0.4299    0.3566    0.3898       129
    no_tumor     0.8005    0.8452    0.8222       394

    accuracy                         0.7247       523
   macro avg     0.6152    0.6009    0.6060       523
weighted avg     0.7091    0.7247    0.7156       523

2026-04-03 08:41:44 - --------------------------------------------------
2026-04-03 08:42:00 - Epoch [61/100] LR: 7.76e-06/7.76e-05 | Loss: 0.6159 (seg=0.0011, cls=0.3074) | Cls Acc: 0.9828 | Seg IoU: 0.9976 | Seg Dice: 0.9988 | 16.2s
2026-04-03 08:42:15 - Epoch [62/100] LR: 7.43e-06/7.43e-05 | Loss: 0.6229 (seg=0.0011, cls=0.3109) | Cls Acc: 0.9788 | Seg IoU: 0.9977 | Seg Dice: 0.9989 | 15.4s
2026-04-03 08:42:31 - Epoch [63/100] LR: 7.11e-06/7.11e-05 | Loss: 0.6019 (seg=0.0011, cls=0.3004) | Cls Acc: 0.9894 | Seg IoU: 0.9976 | Seg Dice: 0.9988 | 15.9s
2026-04-03 08:42:46 - Epoch [64/100] LR: 6.78e-06/6.78e-05 | Loss: 0.6263 (seg=0.0010, cls=0.3126) | Cls Acc: 0.9837 | Seg IoU: 0.9978 | Seg Dice: 0.9989 | 15.3s
2026-04-03 08:43:02 - Epoch [65/100] LR: 6.47e-06/6.47e-05 | Loss: 0.6090 (seg=0.0010, cls=0.3040) | Cls Acc: 0.9861 | Seg IoU: 0.9978 | Seg Dice: 0.9989 | 15.3s
2026-04-03 08:43:02 - --------------------------------------------------
2026-04-03 08:43:04 - [Test] Cls — Acc: 0.7151 | P(macro): 0.5914 | R(macro): 0.5737 | F1(macro): 0.5781
2026-04-03 08:43:04 - [Test] Seg — Lesion IoU: 0.9980 | Lesion Dice: 0.9990
2026-04-03 08:43:04 - [Test] Classification Report:
              precision    recall  f1-score   support

      benign     0.3958    0.2946    0.3378       129
    no_tumor     0.7869    0.8528    0.8185       394

    accuracy                         0.7151       523
   macro avg     0.5914    0.5737    0.5781       523
weighted avg     0.6904    0.7151    0.6999       523

2026-04-03 08:43:04 - --------------------------------------------------
2026-04-03 08:43:20 - Epoch [66/100] LR: 6.16e-06/6.16e-05 | Loss: 0.6073 (seg=0.0010, cls=0.3032) | Cls Acc: 0.9877 | Seg IoU: 0.9979 | Seg Dice: 0.9990 | 15.8s
2026-04-03 08:43:36 - Epoch [67/100] LR: 5.85e-06/5.85e-05 | Loss: 0.6357 (seg=0.0009, cls=0.3174) | Cls Acc: 0.9853 | Seg IoU: 0.9980 | Seg Dice: 0.9990 | 15.7s
2026-04-03 08:43:52 - Epoch [68/100] LR: 5.55e-06/5.55e-05 | Loss: 0.6185 (seg=0.0009, cls=0.3088) | Cls Acc: 0.9837 | Seg IoU: 0.9980 | Seg Dice: 0.9990 | 16.3s
2026-04-03 08:44:08 - Epoch [69/100] LR: 5.25e-06/5.25e-05 | Loss: 0.5986 (seg=0.0009, cls=0.2989) | Cls Acc: 0.9869 | Seg IoU: 0.9981 | Seg Dice: 0.9990 | 16.3s
2026-04-03 08:44:24 - Epoch [70/100] LR: 4.96e-06/4.96e-05 | Loss: 0.5977 (seg=0.0009, cls=0.2984) | Cls Acc: 0.9886 | Seg IoU: 0.9982 | Seg Dice: 0.9991 | 15.7s
2026-04-03 08:44:24 - --------------------------------------------------
2026-04-03 08:44:27 - [Test] Cls — Acc: 0.7380 | P(macro): 0.6262 | R(macro): 0.5967 | F1(macro): 0.6044
2026-04-03 08:44:27 - [Test] Seg — Lesion IoU: 0.9982 | Lesion Dice: 0.9991
2026-04-03 08:44:27 - [Test] Classification Report:
              precision    recall  f1-score   support

      benign     0.4556    0.3178    0.3744       129
    no_tumor     0.7968    0.8756    0.8343       394

    accuracy                         0.7380       523
   macro avg     0.6262    0.5967    0.6044       523
weighted avg     0.7126    0.7380    0.7209       523

2026-04-03 08:44:27 - --------------------------------------------------
2026-04-03 08:44:43 - Epoch [71/100] LR: 4.67e-06/4.67e-05 | Loss: 0.6111 (seg=0.0009, cls=0.3051) | Cls Acc: 0.9837 | Seg IoU: 0.9981 | Seg Dice: 0.9991 | 15.9s
2026-04-03 08:44:58 - Epoch [72/100] LR: 4.39e-06/4.39e-05 | Loss: 0.6053 (seg=0.0008, cls=0.3022) | Cls Acc: 0.9853 | Seg IoU: 0.9983 | Seg Dice: 0.9991 | 15.4s
2026-04-03 08:45:15 - Epoch [73/100] LR: 4.12e-06/4.12e-05 | Loss: 0.6100 (seg=0.0008, cls=0.3046) | Cls Acc: 0.9886 | Seg IoU: 0.9983 | Seg Dice: 0.9991 | 16.3s
2026-04-03 08:45:30 - Epoch [74/100] LR: 3.85e-06/3.85e-05 | Loss: 0.5893 (seg=0.0008, cls=0.2943) | Cls Acc: 0.9918 | Seg IoU: 0.9983 | Seg Dice: 0.9991 | 15.5s
2026-04-03 08:45:46 - Epoch [75/100] LR: 3.59e-06/3.59e-05 | Loss: 0.5900 (seg=0.0007, cls=0.2946) | Cls Acc: 0.9869 | Seg IoU: 0.9984 | Seg Dice: 0.9992 | 16.1s
2026-04-03 08:45:46 - --------------------------------------------------
2026-04-03 08:45:48 - [Test] Cls — Acc: 0.7285 | P(macro): 0.6101 | R(macro): 0.5852 | F1(macro): 0.5913
2026-04-03 08:45:48 - [Test] Seg — Lesion IoU: 0.9983 | Lesion Dice: 0.9992
2026-04-03 08:45:48 - [Test] Classification Report:
              precision    recall  f1-score   support

      benign     0.4286    0.3023    0.3545       129
    no_tumor     0.7917    0.8680    0.8281       394

    accuracy                         0.7285       523
   macro avg     0.6101    0.5852    0.5913       523
weighted avg     0.7021    0.7285    0.7113       523

2026-04-03 08:45:48 - --------------------------------------------------
2026-04-03 08:46:04 - Epoch [76/100] LR: 3.34e-06/3.34e-05 | Loss: 0.6152 (seg=0.0008, cls=0.3072) | Cls Acc: 0.9869 | Seg IoU: 0.9983 | Seg Dice: 0.9991 | 15.9s
2026-04-03 08:46:20 - Epoch [77/100] LR: 3.10e-06/3.10e-05 | Loss: 0.5996 (seg=0.0007, cls=0.2994) | Cls Acc: 0.9886 | Seg IoU: 0.9984 | Seg Dice: 0.9992 | 15.7s
2026-04-03 08:46:35 - Epoch [78/100] LR: 2.86e-06/2.86e-05 | Loss: 0.5978 (seg=0.0007, cls=0.2985) | Cls Acc: 0.9886 | Seg IoU: 0.9985 | Seg Dice: 0.9993 | 15.3s
2026-04-03 08:46:51 - Epoch [79/100] LR: 2.64e-06/2.64e-05 | Loss: 0.5818 (seg=0.0007, cls=0.2906) | Cls Acc: 0.9951 | Seg IoU: 0.9984 | Seg Dice: 0.9992 | 15.6s
2026-04-03 08:47:06 - Epoch [80/100] LR: 2.42e-06/2.42e-05 | Loss: 0.5961 (seg=0.0007, cls=0.2977) | Cls Acc: 0.9902 | Seg IoU: 0.9985 | Seg Dice: 0.9992 | 15.2s
2026-04-03 08:47:06 - --------------------------------------------------
2026-04-03 08:47:08 - [Test] Cls — Acc: 0.7036 | P(macro): 0.5924 | R(macro): 0.5869 | F1(macro): 0.5892
2026-04-03 08:47:08 - [Test] Seg — Lesion IoU: 0.9984 | Lesion Dice: 0.9992
2026-04-03 08:47:08 - [Test] Classification Report:
              precision    recall  f1-score   support

      benign     0.3898    0.3566    0.3725       129
    no_tumor     0.7951    0.8173    0.8060       394

    accuracy                         0.7036       523
   macro avg     0.5924    0.5869    0.5892       523
weighted avg     0.6951    0.7036    0.6991       523

2026-04-03 08:47:08 - --------------------------------------------------
2026-04-03 08:47:23 - Epoch [81/100] LR: 2.21e-06/2.21e-05 | Loss: 0.5923 (seg=0.0007, cls=0.2958) | Cls Acc: 0.9861 | Seg IoU: 0.9985 | Seg Dice: 0.9993 | 15.4s
2026-04-03 08:47:39 - Epoch [82/100] LR: 2.01e-06/2.01e-05 | Loss: 0.6022 (seg=0.0007, cls=0.3008) | Cls Acc: 0.9886 | Seg IoU: 0.9985 | Seg Dice: 0.9993 | 15.4s
2026-04-03 08:47:54 - Epoch [83/100] LR: 1.82e-06/1.82e-05 | Loss: 0.5902 (seg=0.0006, cls=0.2948) | Cls Acc: 0.9869 | Seg IoU: 0.9986 | Seg Dice: 0.9993 | 15.4s
2026-04-03 08:48:10 - Epoch [84/100] LR: 1.64e-06/1.64e-05 | Loss: 0.5942 (seg=0.0007, cls=0.2968) | Cls Acc: 0.9902 | Seg IoU: 0.9986 | Seg Dice: 0.9993 | 15.5s
2026-04-03 08:48:26 - Epoch [85/100] LR: 1.47e-06/1.47e-05 | Loss: 0.5802 (seg=0.0006, cls=0.2898) | Cls Acc: 0.9943 | Seg IoU: 0.9986 | Seg Dice: 0.9993 | 15.8s
2026-04-03 08:48:26 - --------------------------------------------------
2026-04-03 08:48:28 - [Test] Cls — Acc: 0.7189 | P(macro): 0.6010 | R(macro): 0.5840 | F1(macro): 0.5891
2026-04-03 08:48:28 - [Test] Seg — Lesion IoU: 0.9985 | Lesion Dice: 0.9992
2026-04-03 08:48:28 - [Test] Classification Report:
              precision    recall  f1-score   support

      benign     0.4100    0.3178    0.3581       129
    no_tumor     0.7920    0.8503    0.8201       394

    accuracy                         0.7189       523
   macro avg     0.6010    0.5840    0.5891       523
weighted avg     0.6977    0.7189    0.7061       523

2026-04-03 08:48:28 - --------------------------------------------------
2026-04-03 08:48:43 - Epoch [86/100] LR: 1.31e-06/1.31e-05 | Loss: 0.6060 (seg=0.0007, cls=0.3027) | Cls Acc: 0.9837 | Seg IoU: 0.9986 | Seg Dice: 0.9993 | 14.9s
2026-04-03 08:48:58 - Epoch [87/100] LR: 1.16e-06/1.16e-05 | Loss: 0.5902 (seg=0.0006, cls=0.2948) | Cls Acc: 0.9918 | Seg IoU: 0.9987 | Seg Dice: 0.9993 | 15.3s
2026-04-03 08:49:13 - Epoch [88/100] LR: 1.02e-06/1.02e-05 | Loss: 0.5812 (seg=0.0006, cls=0.2903) | Cls Acc: 0.9894 | Seg IoU: 0.9987 | Seg Dice: 0.9994 | 15.5s
2026-04-03 08:49:29 - Epoch [89/100] LR: 8.90e-07/8.90e-06 | Loss: 0.5903 (seg=0.0006, cls=0.2948) | Cls Acc: 0.9910 | Seg IoU: 0.9986 | Seg Dice: 0.9993 | 15.5s
2026-04-03 08:49:44 - Epoch [90/100] LR: 7.72e-07/7.72e-06 | Loss: 0.5870 (seg=0.0006, cls=0.2932) | Cls Acc: 0.9935 | Seg IoU: 0.9987 | Seg Dice: 0.9993 | 15.4s
2026-04-03 08:49:44 - --------------------------------------------------
2026-04-03 08:49:46 - [Test] Cls — Acc: 0.7208 | P(macro): 0.6048 | R(macro): 0.5879 | F1(macro): 0.5931
2026-04-03 08:49:46 - [Test] Seg — Lesion IoU: 0.9986 | Lesion Dice: 0.9993
2026-04-03 08:49:46 - [Test] Classification Report:
              precision    recall  f1-score   support

      benign     0.4158    0.3256    0.3652       129
    no_tumor     0.7938    0.8503    0.8211       394

    accuracy                         0.7208       523
   macro avg     0.6048    0.5879    0.5931       523
weighted avg     0.7006    0.7208    0.7086       523

2026-04-03 08:49:46 - --------------------------------------------------
2026-04-03 08:50:02 - Epoch [91/100] LR: 6.64e-07/6.64e-06 | Loss: 0.6003 (seg=0.0006, cls=0.2998) | Cls Acc: 0.9886 | Seg IoU: 0.9986 | Seg Dice: 0.9993 | 15.2s
2026-04-03 08:50:17 - Epoch [92/100] LR: 5.67e-07/5.67e-06 | Loss: 0.5835 (seg=0.0006, cls=0.2914) | Cls Acc: 0.9894 | Seg IoU: 0.9987 | Seg Dice: 0.9994 | 15.5s
2026-04-03 08:50:32 - Epoch [93/100] LR: 4.81e-07/4.81e-06 | Loss: 0.5934 (seg=0.0006, cls=0.2964) | Cls Acc: 0.9902 | Seg IoU: 0.9988 | Seg Dice: 0.9994 | 15.4s
2026-04-03 08:50:47 - Epoch [94/100] LR: 4.07e-07/4.07e-06 | Loss: 0.5886 (seg=0.0006, cls=0.2940) | Cls Acc: 0.9943 | Seg IoU: 0.9987 | Seg Dice: 0.9993 | 14.7s
2026-04-03 08:51:02 - Epoch [95/100] LR: 3.44e-07/3.44e-06 | Loss: 0.5937 (seg=0.0006, cls=0.2965) | Cls Acc: 0.9910 | Seg IoU: 0.9986 | Seg Dice: 0.9993 | 15.3s
2026-04-03 08:51:02 - --------------------------------------------------
2026-04-03 08:51:04 - [Test] Cls — Acc: 0.7228 | P(macro): 0.6026 | R(macro): 0.5814 | F1(macro): 0.5868
2026-04-03 08:51:04 - [Test] Seg — Lesion IoU: 0.9986 | Lesion Dice: 0.9993
2026-04-03 08:51:04 - [Test] Classification Report:
              precision    recall  f1-score   support

      benign     0.4149    0.3023    0.3498       129
    no_tumor     0.7902    0.8604    0.8238       394

    accuracy                         0.7228       523
   macro avg     0.6026    0.5814    0.5868       523
weighted avg     0.6976    0.7228    0.7069       523

2026-04-03 08:51:04 - --------------------------------------------------
2026-04-03 08:51:20 - Epoch [96/100] LR: 2.92e-07/2.92e-06 | Loss: 0.5968 (seg=0.0006, cls=0.2981) | Cls Acc: 0.9902 | Seg IoU: 0.9987 | Seg Dice: 0.9993 | 15.5s
2026-04-03 08:51:35 - Epoch [97/100] LR: 2.52e-07/2.52e-06 | Loss: 0.5810 (seg=0.0006, cls=0.2902) | Cls Acc: 0.9943 | Seg IoU: 0.9987 | Seg Dice: 0.9993 | 15.4s
2026-04-03 08:51:50 - Epoch [98/100] LR: 2.23e-07/2.23e-06 | Loss: 0.5932 (seg=0.0006, cls=0.2963) | Cls Acc: 0.9943 | Seg IoU: 0.9987 | Seg Dice: 0.9994 | 15.3s
2026-04-03 08:52:06 - Epoch [99/100] LR: 2.06e-07/2.06e-06 | Loss: 0.5884 (seg=0.0006, cls=0.2939) | Cls Acc: 0.9902 | Seg IoU: 0.9987 | Seg Dice: 0.9994 | 15.2s
2026-04-03 08:52:21 - Epoch [100/100] LR: 2.00e-07/2.00e-06 | Loss: 0.6071 (seg=0.0006, cls=0.3032) | Cls Acc: 0.9877 | Seg IoU: 0.9987 | Seg Dice: 0.9994 | 14.9s
2026-04-03 08:52:21 - --------------------------------------------------
2026-04-03 08:52:23 - [Test] Cls — Acc: 0.7228 | P(macro): 0.6057 | R(macro): 0.5866 | F1(macro): 0.5921
2026-04-03 08:52:23 - [Test] Seg — Lesion IoU: 0.9986 | Lesion Dice: 0.9993
2026-04-03 08:52:23 - [Test] Classification Report:
              precision    recall  f1-score   support

      benign     0.4184    0.3178    0.3612       129
    no_tumor     0.7929    0.8553    0.8230       394

    accuracy                         0.7228       523
   macro avg     0.6057    0.5866    0.5921       523
weighted avg     0.7006    0.7228    0.7091       523

2026-04-03 08:52:23 - --------------------------------------------------
2026-04-03 08:52:23 - 
======================================================================
2026-04-03 08:52:23 - 训练完成! 最优模型: Epoch 10, F1: 0.6707
2026-04-03 08:52:23 - ======================================================================
2026-04-03 08:52:23 - 
加载最优权重进行最终测试...
2026-04-03 08:52:23 - ======================================================================
2026-04-03 08:52:23 - 最终测试结果 (最优权重, threshold=0.5)
2026-04-03 08:52:23 - ======================================================================
2026-04-03 08:52:25 - [Final Test] Cls — Acc: 0.7533 | P(macro): 0.6694 | R(macro): 0.6721 | F1(macro): 0.6707
2026-04-03 08:52:25 - [Final Test] Seg — Lesion IoU: 0.9706 | Lesion Dice: 0.9851
2026-04-03 08:52:25 - [Final Test] Classification Report:
              precision    recall  f1-score   support

      benign     0.5000    0.5116    0.5057       129
    no_tumor     0.8389    0.8325    0.8357       394

    accuracy                         0.7533       523
   macro avg     0.6694    0.6721    0.6707       523
weighted avg     0.7553    0.7533    0.7543       523

2026-04-03 08:52:25 - 
======================================================================
2026-04-03 08:52:25 - 阈值优化搜索
2026-04-03 08:52:25 - ======================================================================
2026-04-03 08:52:27 - 最优阈值: 0.505 (F1: 0.6741 vs 默认0.5 F1: 0.6707)
2026-04-03 08:52:27 - 训练脚本已复制到: /data1/ouyangxinglong/GBP-Cascade/0402/logs/20260402_task2_SwinV2Tiny_segcls_4/20260402_task2_SwinV2Tiny_segcls_4.py
