2026-05-14 18:54:33 - ========================================================================
2026-05-14 18:54:33 - Ratio Ablation Experiment: D2_1_1_2
2026-05-14 18:54:33 - Train: /data1/ouyangxinglong/GBP-Cascade/0514dataset_flat/ratio_ablation_splits/train_D2_1_1_2.xlsx
2026-05-14 18:54:33 - Val:   /data1/ouyangxinglong/GBP-Cascade/0514/logs/20260514_task_risk_SwinV2Tiny_ordinal_trimodal_1/val_split.xlsx
2026-05-14 18:54:33 - Test:  /data1/ouyangxinglong/GBP-Cascade/0514dataset_flat/task_3class_test.xlsx
2026-05-14 18:54:33 - Sampler: natural → samples_per_class=None batch_size=8
2026-05-14 18:54:33 - Epochs: 20 | seed: 42
2026-05-14 18:54:33 - Device: cuda
2026-05-14 18:54:33 - ========================================================================
2026-05-14 18:54:33 - 训练 xlsx: /data1/ouyangxinglong/GBP-Cascade/0514dataset_flat/ratio_ablation_splits/train_D2_1_1_2.xlsx
2026-05-14 18:54:33 - 验证 xlsx: /data1/ouyangxinglong/GBP-Cascade/0514/logs/20260514_task_risk_SwinV2Tiny_ordinal_trimodal_1/val_split.xlsx
2026-05-14 18:54:33 - 测试 xlsx: /data1/ouyangxinglong/GBP-Cascade/0514dataset_flat/task_3class_test.xlsx
2026-05-14 18:54:33 - meta_stats fit xlsx: /data1/ouyangxinglong/GBP-Cascade/0514/logs/20260514_task_risk_SwinV2Tiny_ordinal_trimodal_1/train_split.xlsx
2026-05-14 18:54:33 - [1/3] 装载 text_dict ...
2026-05-14 18:54:33 -   text_dict: 1791 条 (0.1s)
2026-05-14 18:54:33 - [2/3] 拟合 meta_stats（用 baseline train_split，保证跨实验一致） ...
2026-05-14 18:54:34 -   meta_stats OK (0.8s)
2026-05-14 18:54:34 - [3/3] 构造 train / val / test Dataset ...
2026-05-14 18:54:36 -   Dataset OK (2.1s)
2026-05-14 18:54:36 -   Train: 973 张 (malignant=242, benign=244, no_tumor=487)
2026-05-14 18:54:36 -   Val: 424 张 (malignant=62, benign=65, no_tumor=297)
2026-05-14 18:54:36 -   Test: 1167 张 (malignant=104, benign=158, no_tumor=905)
2026-05-14 18:54:36 - Sampler: RandomSampler (natural, batch_size=8)
2026-05-14 18:54:36 - DataLoaders OK | train_batches=122 val=53 test=146
2026-05-14 18:54:36 - 构建模型 ...
2026-05-14 18:54:40 - 模型构建完成 (4.1s)
2026-05-14 18:54:40 - ========================================================================
2026-05-14 18:54:40 - 开始训练
2026-05-14 18:54:40 - ========================================================================
2026-05-14 18:57:06 - Epoch [1/20] LR: 4.00e-06/4.00e-05 | Loss: 1.7884 (seg=0.7052 ord=0.5416) | Dice: 0.2903 | 145s
2026-05-14 18:59:20 - Epoch [2/20] LR: 8.00e-06/8.00e-05 | Loss: 1.2882 (seg=0.4710 ord=0.4086) | Dice: 0.7531 | 134s
2026-05-14 18:59:57 - [Val] AUC: 0.9687 | profile=primary t_low=0.110 t_high=0.500 low_p=0.8932 high_recall=0.9839 M→低=0 med_share=0.295
2026-05-14 18:59:58 - *** 保存最优 (Val AUC: 0.9687, Epoch 2) ***
2026-05-14 19:01:58 - Epoch [3/20] LR: 1.20e-05/1.20e-04 | Loss: 1.1425 (seg=0.3797 ord=0.3814) | Dice: 0.8423 | 120s
2026-05-14 19:03:59 - Epoch [4/20] LR: 1.60e-05/1.60e-04 | Loss: 0.9420 (seg=0.2495 ord=0.3463) | Dice: 0.9020 | 120s
2026-05-14 19:04:36 - [Val] AUC: 0.9836 | profile=primary t_low=0.150 t_high=0.500 low_p=0.9032 high_recall=0.9677 M→低=0 med_share=0.236
2026-05-14 19:04:40 - *** 保存最优 (Val AUC: 0.9836, Epoch 4) ***
2026-05-14 19:06:38 - Epoch [5/20] LR: 2.00e-05/2.00e-04 | Loss: 0.8474 (seg=0.1182 ord=0.3646) | Dice: 0.9348 | 118s
2026-05-14 19:08:38 - Epoch [6/20] LR: 1.98e-05/1.98e-04 | Loss: 0.7462 (seg=0.0576 ord=0.3443) | Dice: 0.9540 | 120s
2026-05-14 19:09:17 - [Val] AUC: 0.9970 | profile=primary t_low=0.110 t_high=0.500 low_p=0.9103 high_recall=0.9839 M→低=0 med_share=0.316
2026-05-14 19:09:21 - *** 保存最优 (Val AUC: 0.9970, Epoch 6) ***
2026-05-14 19:11:20 - Epoch [7/20] LR: 1.91e-05/1.91e-04 | Loss: 0.6617 (seg=0.0379 ord=0.3119) | Dice: 0.9600 | 119s
2026-05-14 19:13:21 - Epoch [8/20] LR: 1.81e-05/1.81e-04 | Loss: 0.6148 (seg=0.0328 ord=0.2910) | Dice: 0.9606 | 121s
2026-05-14 19:13:57 - [Val] AUC: 0.9963 | profile=primary t_low=0.070 t_high=0.500 low_p=0.8957 high_recall=0.9677 M→低=0 med_share=0.325
2026-05-14 19:15:54 - Epoch [9/20] LR: 1.67e-05/1.67e-04 | Loss: 0.6184 (seg=0.0271 ord=0.2957) | Dice: 0.9663 | 117s
2026-05-14 19:17:54 - Epoch [10/20] LR: 1.50e-05/1.50e-04 | Loss: 0.5918 (seg=0.0252 ord=0.2833) | Dice: 0.9674 | 120s
2026-05-14 19:18:32 - [Val] AUC: 0.9947 | profile=primary t_low=0.110 t_high=0.500 low_p=0.8694 high_recall=0.9677 M→低=0 med_share=0.245
2026-05-14 19:20:30 - Epoch [11/20] LR: 1.32e-05/1.32e-04 | Loss: 0.5859 (seg=0.0230 ord=0.2814) | Dice: 0.9696 | 118s
2026-05-14 19:22:32 - Epoch [12/20] LR: 1.11e-05/1.11e-04 | Loss: 0.5436 (seg=0.0225 ord=0.2605) | Dice: 0.9690 | 122s
2026-05-14 19:23:11 - [Val] AUC: 0.9981 | profile=primary t_low=0.090 t_high=0.500 low_p=0.8852 high_recall=0.9839 M→低=0 med_share=0.297
2026-05-14 19:23:15 - *** 保存最优 (Val AUC: 0.9981, Epoch 12) ***
2026-05-14 19:25:13 - Epoch [13/20] LR: 9.07e-06/9.07e-05 | Loss: 0.5475 (seg=0.0210 ord=0.2633) | Dice: 0.9709 | 118s
2026-05-14 19:27:13 - Epoch [14/20] LR: 7.04e-06/7.04e-05 | Loss: 0.5440 (seg=0.0200 ord=0.2620) | Dice: 0.9723 | 120s
2026-05-14 19:27:49 - [Val] AUC: 0.9963 | profile=primary t_low=0.050 t_high=0.500 low_p=0.8699 high_recall=0.9839 M→低=0 med_share=0.219
2026-05-14 19:29:50 - Epoch [15/20] LR: 5.15e-06/5.15e-05 | Loss: 0.5339 (seg=0.0196 ord=0.2572) | Dice: 0.9726 | 121s
2026-05-14 19:31:51 - Epoch [16/20] LR: 3.48e-06/3.48e-05 | Loss: 0.5090 (seg=0.0187 ord=0.2452) | Dice: 0.9738 | 121s
2026-05-14 19:32:29 - [Val] AUC: 0.9970 | profile=primary t_low=0.090 t_high=0.500 low_p=0.8639 high_recall=0.9839 M→低=0 med_share=0.137
2026-05-14 19:34:28 - Epoch [17/20] LR: 2.09e-06/2.09e-05 | Loss: 0.5335 (seg=0.0185 ord=0.2575) | Dice: 0.9741 | 119s
2026-05-14 19:36:09 - Epoch [18/20] LR: 1.06e-06/1.06e-05 | Loss: 0.5044 (seg=0.0184 ord=0.2430) | Dice: 0.9744 | 101s
2026-05-14 19:36:40 - [Val] AUC: 0.9982 | profile=primary t_low=0.050 t_high=0.500 low_p=0.8755 high_recall=0.9839 M→低=0 med_share=0.241
2026-05-14 19:36:44 - *** 保存最优 (Val AUC: 0.9982, Epoch 18) ***
2026-05-14 19:38:27 - Epoch [19/20] LR: 4.16e-07/4.16e-06 | Loss: 0.5093 (seg=0.0181 ord=0.2456) | Dice: 0.9746 | 102s
2026-05-14 19:40:08 - Epoch [20/20] LR: 2.00e-07/2.00e-06 | Loss: 0.5062 (seg=0.0178 ord=0.2442) | Dice: 0.9749 | 101s
2026-05-14 19:40:39 - [Val] AUC: 0.9980 | profile=primary t_low=0.050 t_high=0.500 low_p=0.8667 high_recall=0.9839 M→低=0 med_share=0.222
2026-05-14 19:40:39 - ========================================================================
2026-05-14 19:40:39 - 训练完成 | best_epoch=18 | best_val_auc=0.9982
2026-05-14 19:40:39 - ========================================================================
2026-05-14 19:42:31 - ========================================================================
2026-05-14 19:42:31 - [Test (D2_1_1_2)] 风险分层评估 (t_low=0.050, t_high=0.500)
2026-05-14 19:42:31 - ========================================================================
2026-05-14 19:42:31 - [Test (D2_1_1_2)] 3-band 混淆矩阵 (行=真实, 列=预测档)：
2026-05-14 19:42:31 -                band_high  band_med   band_low
2026-05-14 19:42:31 -   malignant           104         0          0
2026-05-14 19:42:31 -   benign               13        84         61
2026-05-14 19:42:31 -   no_tumor             14       220        671
2026-05-14 19:42:31 - [Test (D2_1_1_2)] 二值安全口径 (高风险 vs 非高风险)：
2026-05-14 19:42:31 -                pred_high  pred_other
2026-05-14 19:42:31 -   is_malignant       104          0
2026-05-14 19:42:31 -   not_mal             27       1036
2026-05-14 19:42:31 - [Test (D2_1_1_2)] 关键安全指标：
2026-05-14 19:42:31 -   M → 低风险 漏诊 (硬底线 ≤ 1)：0
2026-05-14 19:42:31 -   高风险召回 (硬底线 ≥ 0.95) ：1.0000
2026-05-14 19:42:31 -   高风险精确率              ：0.7939
2026-05-14 19:42:31 -   中风险占比 (约束 ≤ 0.35)  ：0.2605
2026-05-14 19:42:31 -   二值 ROC-AUC (恶性 vs 其他)：0.9997
2026-05-14 19:42:31 - [Test (D2_1_1_2)] 每档统计：
2026-05-14 19:42:31 -   band_high   | n_pred= 131 | share=0.112 | P(vs malignant)=0.7939 | R(vs malignant)=1.0000
2026-05-14 19:42:31 -   band_medium | n_pred= 304 | share=0.260 | P(vs benign)=0.2763 | R(vs benign)=0.5316
2026-05-14 19:42:31 -   band_low    | n_pred= 732 | share=0.627 | P(vs no_tumor)=0.9167 | R(vs no_tumor)=0.7414
2026-05-14 19:42:31 - [Test (D2_1_1_2)] 风险分数分布：
2026-05-14 19:42:31 -   malignant  n= 104 mean=0.9667 std=0.0816 [0.5544, 0.9998]
2026-05-14 19:42:31 -   benign     n= 158 mean=0.1999 std=0.1961 [0.0006, 0.6847]
2026-05-14 19:42:31 -   no_tumor   n= 905 mean=0.0666 std=0.1292 [0.0003, 0.9119]
2026-05-14 19:42:31 - [Test (D2_1_1_2)] 校准 (Brier=0.0277)；分箱样本数: [799, 82, 61, 50, 44, 14, 15, 4, 5, 93]
2026-05-14 19:42:31 - ========================================================================
2026-05-14 19:42:31 - 评估结果已保存: /data1/ouyangxinglong/GBP-Cascade/0514/logs/ratio_ablation/D2_1_1_2/eval_test.json
2026-05-14 19:42:32 - 混淆矩阵图: /data1/ouyangxinglong/GBP-Cascade/0514/logs/ratio_ablation/D2_1_1_2/confusion_matrix.png
2026-05-14 19:42:32 - ========================================================================
2026-05-14 19:42:32 - 完成 D2_1_1_2
2026-05-14 19:42:32 - ========================================================================
