2026-05-14 18:54:33 - ========================================================================
2026-05-14 18:54:33 - Ratio Ablation Experiment: S3_1_2_6
2026-05-14 18:54:33 - Train: /data1/ouyangxinglong/GBP-Cascade/0514/logs/20260514_task_risk_SwinV2Tiny_ordinal_trimodal_1/train_split.xlsx
2026-05-14 18:54:33 - Val:   /data1/ouyangxinglong/GBP-Cascade/0514/logs/20260514_task_risk_SwinV2Tiny_ordinal_trimodal_1/val_split.xlsx
2026-05-14 18:54:33 - Test:  /data1/ouyangxinglong/GBP-Cascade/0514dataset_flat/task_3class_test.xlsx
2026-05-14 18:54:33 - Sampler: 1_2_6 → samples_per_class={0: 1, 1: 2, 2: 6} batch_size=9
2026-05-14 18:54:33 - Epochs: 20 | seed: 42
2026-05-14 18:54:33 - Device: cuda
2026-05-14 18:54:33 - ========================================================================
2026-05-14 18:54:33 - 训练 xlsx: /data1/ouyangxinglong/GBP-Cascade/0514/logs/20260514_task_risk_SwinV2Tiny_ordinal_trimodal_1/train_split.xlsx
2026-05-14 18:54:33 - 验证 xlsx: /data1/ouyangxinglong/GBP-Cascade/0514/logs/20260514_task_risk_SwinV2Tiny_ordinal_trimodal_1/val_split.xlsx
2026-05-14 18:54:33 - 测试 xlsx: /data1/ouyangxinglong/GBP-Cascade/0514dataset_flat/task_3class_test.xlsx
2026-05-14 18:54:33 - meta_stats fit xlsx: /data1/ouyangxinglong/GBP-Cascade/0514/logs/20260514_task_risk_SwinV2Tiny_ordinal_trimodal_1/train_split.xlsx
2026-05-14 18:54:33 - [1/3] 装载 text_dict ...
2026-05-14 18:54:34 -   text_dict: 1791 条 (0.1s)
2026-05-14 18:54:34 - [2/3] 拟合 meta_stats（用 baseline train_split，保证跨实验一致） ...
2026-05-14 18:54:34 -   meta_stats OK (0.8s)
2026-05-14 18:54:34 - [3/3] 构造 train / val / test Dataset ...
2026-05-14 18:54:37 -   Dataset OK (2.8s)
2026-05-14 18:54:37 -   Train: 2311 张 (malignant=242, benign=459, no_tumor=1610)
2026-05-14 18:54:37 -   Val: 424 张 (malignant=62, benign=65, no_tumor=297)
2026-05-14 18:54:37 -   Test: 1167 张 (malignant=104, benign=158, no_tumor=905)
2026-05-14 18:54:37 - Sampler: BalancedBatchSampler({0: 1, 1: 2, 2: 6}) batch_size=9
2026-05-14 18:54:37 - DataLoaders OK | train_batches=268 val=48 test=130
2026-05-14 18:54:37 - 构建模型 ...
2026-05-14 18:54:41 - 模型构建完成 (3.4s)
2026-05-14 18:54:41 - ========================================================================
2026-05-14 18:54:41 - 开始训练
2026-05-14 18:54:41 - ========================================================================
2026-05-14 19:00:04 - Epoch [1/20] LR: 4.00e-06/4.00e-05 | Loss: 1.3971 (seg=0.5789 ord=0.4091) | Dice: 0.5251 | 324s
2026-05-14 19:04:48 - Epoch [2/20] LR: 8.00e-06/8.00e-05 | Loss: 1.0727 (seg=0.3850 ord=0.3439) | Dice: 0.8577 | 283s
2026-05-14 19:05:23 - [Val] AUC: 0.9767 | profile=unconstrained t_low=0.070 t_high=0.500 low_p=0.8893 high_recall=0.8065 M→低=0 med_share=0.189
2026-05-14 19:05:25 - *** 保存最优 (Val AUC: 0.9767, Epoch 2) ***
2026-05-14 19:10:03 - Epoch [3/20] LR: 1.20e-05/1.20e-04 | Loss: 0.8501 (seg=0.1883 ord=0.3309) | Dice: 0.9336 | 279s
2026-05-14 19:14:45 - Epoch [4/20] LR: 1.60e-05/1.60e-04 | Loss: 0.7076 (seg=0.0618 ord=0.3229) | Dice: 0.9582 | 281s
2026-05-14 19:15:20 - [Val] AUC: 0.9584 | profile=unconstrained t_low=0.050 t_high=0.500 low_p=0.9064 high_recall=0.7581 M→低=0 med_share=0.455
2026-05-14 19:20:06 - Epoch [5/20] LR: 2.00e-05/2.00e-04 | Loss: 0.6340 (seg=0.0338 ord=0.3001) | Dice: 0.9642 | 286s
2026-05-14 19:24:50 - Epoch [6/20] LR: 1.98e-05/1.98e-04 | Loss: 0.6108 (seg=0.0243 ord=0.2933) | Dice: 0.9687 | 284s
2026-05-14 19:25:26 - [Val] AUC: 0.9897 | profile=relax_safety t_low=0.050 t_high=0.500 low_p=0.9154 high_recall=0.9194 M→低=0 med_share=0.349
2026-05-14 19:25:30 - *** 保存最优 (Val AUC: 0.9897, Epoch 6) ***
2026-05-14 19:30:17 - Epoch [7/20] LR: 1.91e-05/1.91e-04 | Loss: 0.6203 (seg=0.0211 ord=0.2996) | Dice: 0.9706 | 287s
2026-05-14 19:34:57 - Epoch [8/20] LR: 1.81e-05/1.81e-04 | Loss: 0.5832 (seg=0.0176 ord=0.2828) | Dice: 0.9747 | 280s
2026-05-14 19:35:28 - [Val] AUC: 0.9970 | profile=primary t_low=0.050 t_high=0.500 low_p=0.9060 high_recall=0.9839 M→低=0 med_share=0.172
2026-05-14 19:35:33 - *** 保存最优 (Val AUC: 0.9970, Epoch 8) ***
2026-05-14 19:39:33 - Epoch [9/20] LR: 1.67e-05/1.67e-04 | Loss: 0.5723 (seg=0.0158 ord=0.2783) | Dice: 0.9767 | 239s
2026-05-14 19:43:18 - Epoch [10/20] LR: 1.50e-05/1.50e-04 | Loss: 0.5556 (seg=0.0144 ord=0.2706) | Dice: 0.9786 | 225s
2026-05-14 19:43:42 - [Val] AUC: 0.9858 | profile=relax_safety t_low=0.050 t_high=0.500 low_p=0.9120 high_recall=0.9032 M→低=0 med_share=0.314
2026-05-14 19:46:54 - Epoch [11/20] LR: 1.32e-05/1.32e-04 | Loss: 0.5299 (seg=0.0131 ord=0.2584) | Dice: 0.9804 | 192s
2026-05-14 19:50:05 - Epoch [12/20] LR: 1.11e-05/1.11e-04 | Loss: 0.5240 (seg=0.0124 ord=0.2558) | Dice: 0.9812 | 191s
2026-05-14 19:50:30 - [Val] AUC: 0.9876 | profile=relax_safety t_low=0.050 t_high=0.500 low_p=0.8944 high_recall=0.9516 M→低=2 med_share=0.134
2026-05-14 19:53:42 - Epoch [13/20] LR: 9.07e-06/9.07e-05 | Loss: 0.5028 (seg=0.0114 ord=0.2457) | Dice: 0.9828 | 192s
2026-05-14 19:56:16 - Epoch [14/20] LR: 7.04e-06/7.04e-05 | Loss: 0.4969 (seg=0.0108 ord=0.2430) | Dice: 0.9837 | 154s
2026-05-14 19:56:35 - [Val] AUC: 0.9935 | profile=primary t_low=0.050 t_high=0.500 low_p=0.9184 high_recall=0.9516 M→低=0 med_share=0.226
2026-05-14 19:59:00 - Epoch [15/20] LR: 5.15e-06/5.15e-05 | Loss: 0.4925 (seg=0.0102 ord=0.2412) | Dice: 0.9846 | 145s
2026-05-14 20:01:23 - Epoch [16/20] LR: 3.48e-06/3.48e-05 | Loss: 0.4838 (seg=0.0096 ord=0.2371) | Dice: 0.9854 | 143s
2026-05-14 20:01:42 - [Val] AUC: 0.9861 | profile=relax_recall t_low=0.050 t_high=0.500 low_p=0.8846 high_recall=0.9355 M→低=1 med_share=0.142
2026-05-14 20:04:07 - Epoch [17/20] LR: 2.09e-06/2.09e-05 | Loss: 0.4690 (seg=0.0094 ord=0.2298) | Dice: 0.9860 | 146s
2026-05-14 20:06:32 - Epoch [18/20] LR: 1.06e-06/1.06e-05 | Loss: 0.4699 (seg=0.0091 ord=0.2304) | Dice: 0.9862 | 144s
2026-05-14 20:06:50 - [Val] AUC: 0.9844 | profile=relax_safety t_low=0.050 t_high=0.500 low_p=0.8803 high_recall=0.9355 M→低=2 med_share=0.146
2026-05-14 20:09:17 - Epoch [19/20] LR: 4.16e-07/4.16e-06 | Loss: 0.4646 (seg=0.0089 ord=0.2278) | Dice: 0.9866 | 147s
2026-05-14 20:11:39 - Epoch [20/20] LR: 2.00e-07/2.00e-06 | Loss: 0.4563 (seg=0.0091 ord=0.2236) | Dice: 0.9863 | 142s
2026-05-14 20:11:51 - [Val] AUC: 0.9849 | profile=relax_safety t_low=0.050 t_high=0.500 low_p=0.8790 high_recall=0.9355 M→低=2 med_share=0.151
2026-05-14 20:11:51 - ========================================================================
2026-05-14 20:11:51 - 训练完成 | best_epoch=8 | best_val_auc=0.9970
2026-05-14 20:11:51 - ========================================================================
2026-05-14 20:12:36 - ========================================================================
2026-05-14 20:12:36 - [Test (S3_1_2_6)] 风险分层评估 (t_low=0.050, t_high=0.500)
2026-05-14 20:12:36 - ========================================================================
2026-05-14 20:12:36 - [Test (S3_1_2_6)] 3-band 混淆矩阵 (行=真实, 列=预测档)：
2026-05-14 20:12:36 -                band_high  band_med   band_low
2026-05-14 20:12:36 -   malignant           103         1          0
2026-05-14 20:12:36 -   benign               20        72         66
2026-05-14 20:12:36 -   no_tumor             15       153        737
2026-05-14 20:12:36 - [Test (S3_1_2_6)] 二值安全口径 (高风险 vs 非高风险)：
2026-05-14 20:12:36 -                pred_high  pred_other
2026-05-14 20:12:36 -   is_malignant       103          1
2026-05-14 20:12:36 -   not_mal             35       1028
2026-05-14 20:12:36 - [Test (S3_1_2_6)] 关键安全指标：
2026-05-14 20:12:36 -   M → 低风险 漏诊 (硬底线 ≤ 1)：0
2026-05-14 20:12:36 -   高风险召回 (硬底线 ≥ 0.95) ：0.9904
2026-05-14 20:12:36 -   高风险精确率              ：0.7464
2026-05-14 20:12:36 -   中风险占比 (约束 ≤ 0.35)  ：0.1937
2026-05-14 20:12:36 -   二值 ROC-AUC (恶性 vs 其他)：0.9994
2026-05-14 20:12:36 - [Test (S3_1_2_6)] 每档统计：
2026-05-14 20:12:36 -   band_high   | n_pred= 138 | share=0.118 | P(vs malignant)=0.7464 | R(vs malignant)=0.9904
2026-05-14 20:12:36 -   band_medium | n_pred= 226 | share=0.194 | P(vs benign)=0.3186 | R(vs benign)=0.4557
2026-05-14 20:12:36 -   band_low    | n_pred= 803 | share=0.688 | P(vs no_tumor)=0.9178 | R(vs no_tumor)=0.8144
2026-05-14 20:12:36 - [Test (S3_1_2_6)] 风险分数分布：
2026-05-14 20:12:36 -   malignant  n= 104 mean=0.9699 std=0.0839 [0.4158, 0.9996]
2026-05-14 20:12:36 -   benign     n= 158 mean=0.1938 std=0.2130 [0.0008, 0.8760]
2026-05-14 20:12:36 -   no_tumor   n= 905 mean=0.0445 std=0.1006 [0.0006, 0.6665]
2026-05-14 20:12:36 - [Test (S3_1_2_6)] 校准 (Brier=0.0213)；分箱样本数: [874, 73, 29, 34, 19, 24, 10, 3, 7, 94]
2026-05-14 20:12:36 - ========================================================================
2026-05-14 20:12:36 - 评估结果已保存: /data1/ouyangxinglong/GBP-Cascade/0514/logs/ratio_ablation/S3_1_2_6/eval_test.json
2026-05-14 20:12:37 - 混淆矩阵图: /data1/ouyangxinglong/GBP-Cascade/0514/logs/ratio_ablation/S3_1_2_6/confusion_matrix.png
2026-05-14 20:12:37 - ========================================================================
2026-05-14 20:12:37 - 完成 S3_1_2_6
2026-05-14 20:12:37 - ========================================================================
