2026-05-14 18:54:33 - ========================================================================
2026-05-14 18:54:33 - Ratio Ablation Experiment: S4_natural
2026-05-14 18:54:33 - Train: /data1/ouyangxinglong/GBP-Cascade/0514/logs/20260514_task_risk_SwinV2Tiny_ordinal_trimodal_1/train_split.xlsx
2026-05-14 18:54:33 - Val:   /data1/ouyangxinglong/GBP-Cascade/0514/logs/20260514_task_risk_SwinV2Tiny_ordinal_trimodal_1/val_split.xlsx
2026-05-14 18:54:33 - Test:  /data1/ouyangxinglong/GBP-Cascade/0514dataset_flat/task_3class_test.xlsx
2026-05-14 18:54:33 - Sampler: natural → samples_per_class=None batch_size=8
2026-05-14 18:54:33 - Epochs: 20 | seed: 42
2026-05-14 18:54:33 - Device: cuda
2026-05-14 18:54:33 - ========================================================================
2026-05-14 18:54:33 - 训练 xlsx: /data1/ouyangxinglong/GBP-Cascade/0514/logs/20260514_task_risk_SwinV2Tiny_ordinal_trimodal_1/train_split.xlsx
2026-05-14 18:54:33 - 验证 xlsx: /data1/ouyangxinglong/GBP-Cascade/0514/logs/20260514_task_risk_SwinV2Tiny_ordinal_trimodal_1/val_split.xlsx
2026-05-14 18:54:33 - 测试 xlsx: /data1/ouyangxinglong/GBP-Cascade/0514dataset_flat/task_3class_test.xlsx
2026-05-14 18:54:33 - meta_stats fit xlsx: /data1/ouyangxinglong/GBP-Cascade/0514/logs/20260514_task_risk_SwinV2Tiny_ordinal_trimodal_1/train_split.xlsx
2026-05-14 18:54:33 - [1/3] 装载 text_dict ...
2026-05-14 18:54:33 -   text_dict: 1791 条 (0.1s)
2026-05-14 18:54:33 - [2/3] 拟合 meta_stats（用 baseline train_split，保证跨实验一致） ...
2026-05-14 18:54:34 -   meta_stats OK (0.8s)
2026-05-14 18:54:34 - [3/3] 构造 train / val / test Dataset ...
2026-05-14 18:54:37 -   Dataset OK (2.3s)
2026-05-14 18:54:37 -   Train: 2311 张 (malignant=242, benign=459, no_tumor=1610)
2026-05-14 18:54:37 -   Val: 424 张 (malignant=62, benign=65, no_tumor=297)
2026-05-14 18:54:37 -   Test: 1167 张 (malignant=104, benign=158, no_tumor=905)
2026-05-14 18:54:37 - Sampler: RandomSampler (natural, batch_size=8)
2026-05-14 18:54:37 - DataLoaders OK | train_batches=289 val=53 test=146
2026-05-14 18:54:37 - 构建模型 ...
2026-05-14 18:54:40 - 模型构建完成 (3.8s)
2026-05-14 18:54:40 - ========================================================================
2026-05-14 18:54:40 - 开始训练
2026-05-14 18:54:40 - ========================================================================
2026-05-14 18:59:58 - Epoch [1/20] LR: 4.00e-06/4.00e-05 | Loss: 1.3994 (seg=0.5760 ord=0.4117) | Dice: 0.5479 | 318s
2026-05-14 19:04:30 - Epoch [2/20] LR: 8.00e-06/8.00e-05 | Loss: 1.0409 (seg=0.3670 ord=0.3370) | Dice: 0.8577 | 272s
2026-05-14 19:05:05 - [Val] AUC: 0.9795 | profile=primary t_low=0.090 t_high=0.500 low_p=0.9009 high_recall=0.9839 M→低=0 med_share=0.281
2026-05-14 19:05:06 - *** 保存最优 (Val AUC: 0.9795, Epoch 2) ***
2026-05-14 19:09:38 - Epoch [3/20] LR: 1.20e-05/1.20e-04 | Loss: 0.7938 (seg=0.1627 ord=0.3156) | Dice: 0.9378 | 272s
2026-05-14 19:14:15 - Epoch [4/20] LR: 1.60e-05/1.60e-04 | Loss: 0.6537 (seg=0.0587 ord=0.2975) | Dice: 0.9561 | 276s
2026-05-14 19:14:51 - [Val] AUC: 0.9889 | profile=unconstrained t_low=0.050 t_high=0.500 low_p=0.9099 high_recall=0.7419 M→低=0 med_share=0.335
2026-05-14 19:14:55 - *** 保存最优 (Val AUC: 0.9889, Epoch 4) ***
2026-05-14 19:19:30 - Epoch [5/20] LR: 2.00e-05/2.00e-04 | Loss: 0.6402 (seg=0.0319 ord=0.3042) | Dice: 0.9646 | 275s
2026-05-14 19:24:05 - Epoch [6/20] LR: 1.98e-05/1.98e-04 | Loss: 0.5915 (seg=0.0229 ord=0.2843) | Dice: 0.9693 | 275s
2026-05-14 19:24:42 - [Val] AUC: 0.9965 | profile=primary t_low=0.050 t_high=0.500 low_p=0.9103 high_recall=0.9677 M→低=0 med_share=0.297
2026-05-14 19:24:46 - *** 保存最优 (Val AUC: 0.9965, Epoch 6) ***
2026-05-14 19:29:18 - Epoch [7/20] LR: 1.91e-05/1.91e-04 | Loss: 0.5731 (seg=0.0188 ord=0.2772) | Dice: 0.9732 | 272s
2026-05-14 19:33:54 - Epoch [8/20] LR: 1.81e-05/1.81e-04 | Loss: 0.5512 (seg=0.0169 ord=0.2672) | Dice: 0.9752 | 276s
2026-05-14 19:34:30 - [Val] AUC: 0.9885 | profile=relax_safety t_low=0.050 t_high=0.500 low_p=0.8707 high_recall=0.9194 M→低=1 med_share=0.139
2026-05-14 19:38:18 - Epoch [9/20] LR: 1.67e-05/1.67e-04 | Loss: 0.5530 (seg=0.0147 ord=0.2692) | Dice: 0.9781 | 228s
2026-05-14 19:42:08 - Epoch [10/20] LR: 1.50e-05/1.50e-04 | Loss: 0.5429 (seg=0.0133 ord=0.2648) | Dice: 0.9799 | 229s
2026-05-14 19:42:38 - [Val] AUC: 0.9971 | profile=primary t_low=0.070 t_high=0.500 low_p=0.9224 high_recall=0.9839 M→低=0 med_share=0.274
2026-05-14 19:42:42 - *** 保存最优 (Val AUC: 0.9971, Epoch 10) ***
2026-05-14 19:45:46 - Epoch [11/20] LR: 1.32e-05/1.32e-04 | Loss: 0.5328 (seg=0.0125 ord=0.2601) | Dice: 0.9808 | 184s
2026-05-14 19:48:50 - Epoch [12/20] LR: 1.11e-05/1.11e-04 | Loss: 0.5108 (seg=0.0116 ord=0.2496) | Dice: 0.9820 | 184s
2026-05-14 19:49:16 - [Val] AUC: 0.9948 | profile=primary t_low=0.050 t_high=0.500 low_p=0.8957 high_recall=0.9516 M→低=0 med_share=0.172
2026-05-14 19:52:25 - Epoch [13/20] LR: 9.07e-06/9.07e-05 | Loss: 0.4960 (seg=0.0107 ord=0.2426) | Dice: 0.9835 | 190s
2026-05-14 19:55:15 - Epoch [14/20] LR: 7.04e-06/7.04e-05 | Loss: 0.4846 (seg=0.0101 ord=0.2372) | Dice: 0.9844 | 169s
2026-05-14 19:55:34 - [Val] AUC: 0.9955 | profile=primary t_low=0.050 t_high=0.500 low_p=0.8759 high_recall=0.9839 M→低=1 med_share=0.113
2026-05-14 19:57:54 - Epoch [15/20] LR: 5.15e-06/5.15e-05 | Loss: 0.4796 (seg=0.0094 ord=0.2351) | Dice: 0.9856 | 140s
2026-05-14 20:00:12 - Epoch [16/20] LR: 3.48e-06/3.48e-05 | Loss: 0.4544 (seg=0.0089 ord=0.2227) | Dice: 0.9863 | 138s
2026-05-14 20:00:32 - [Val] AUC: 0.9930 | profile=primary t_low=0.050 t_high=0.500 low_p=0.9004 high_recall=0.9839 M→低=1 med_share=0.196
2026-05-14 20:02:52 - Epoch [17/20] LR: 2.09e-06/2.09e-05 | Loss: 0.4604 (seg=0.0085 ord=0.2260) | Dice: 0.9868 | 140s
2026-05-14 20:05:10 - Epoch [18/20] LR: 1.06e-06/1.06e-05 | Loss: 0.4505 (seg=0.0082 ord=0.2211) | Dice: 0.9875 | 138s
2026-05-14 20:05:29 - [Val] AUC: 0.9893 | profile=primary t_low=0.050 t_high=0.500 low_p=0.8904 high_recall=0.9677 M→低=1 med_share=0.132
2026-05-14 20:07:49 - Epoch [19/20] LR: 4.16e-07/4.16e-06 | Loss: 0.4445 (seg=0.0085 ord=0.2180) | Dice: 0.9869 | 140s
2026-05-14 20:10:09 - Epoch [20/20] LR: 2.00e-07/2.00e-06 | Loss: 0.4370 (seg=0.0083 ord=0.2144) | Dice: 0.9873 | 139s
2026-05-14 20:10:28 - [Val] AUC: 0.9884 | profile=primary t_low=0.050 t_high=0.500 low_p=0.8878 high_recall=0.9516 M→低=1 med_share=0.130
2026-05-14 20:10:28 - ========================================================================
2026-05-14 20:10:28 - 训练完成 | best_epoch=10 | best_val_auc=0.9971
2026-05-14 20:10:28 - ========================================================================
2026-05-14 20:11:36 - ========================================================================
2026-05-14 20:11:36 - [Test (S4_natural)] 风险分层评估 (t_low=0.070, t_high=0.500)
2026-05-14 20:11:36 - ========================================================================
2026-05-14 20:11:36 - [Test (S4_natural)] 3-band 混淆矩阵 (行=真实, 列=预测档)：
2026-05-14 20:11:36 -                band_high  band_med   band_low
2026-05-14 20:11:36 -   malignant           104         0          0
2026-05-14 20:11:36 -   benign               37        72         49
2026-05-14 20:11:36 -   no_tumor             20       235        650
2026-05-14 20:11:36 - [Test (S4_natural)] 二值安全口径 (高风险 vs 非高风险)：
2026-05-14 20:11:36 -                pred_high  pred_other
2026-05-14 20:11:36 -   is_malignant       104          0
2026-05-14 20:11:36 -   not_mal             57       1006
2026-05-14 20:11:36 - [Test (S4_natural)] 关键安全指标：
2026-05-14 20:11:36 -   M → 低风险 漏诊 (硬底线 ≤ 1)：0
2026-05-14 20:11:36 -   高风险召回 (硬底线 ≥ 0.95) ：1.0000
2026-05-14 20:11:36 -   高风险精确率              ：0.6460
2026-05-14 20:11:36 -   中风险占比 (约束 ≤ 0.35)  ：0.2631
2026-05-14 20:11:36 -   二值 ROC-AUC (恶性 vs 其他)：0.9994
2026-05-14 20:11:36 - [Test (S4_natural)] 每档统计：
2026-05-14 20:11:36 -   band_high   | n_pred= 161 | share=0.138 | P(vs malignant)=0.6460 | R(vs malignant)=1.0000
2026-05-14 20:11:36 -   band_medium | n_pred= 307 | share=0.263 | P(vs benign)=0.2345 | R(vs benign)=0.4557
2026-05-14 20:11:36 -   band_low    | n_pred= 699 | share=0.599 | P(vs no_tumor)=0.9299 | R(vs no_tumor)=0.7182
2026-05-14 20:11:36 - [Test (S4_natural)] 风险分数分布：
2026-05-14 20:11:36 -   malignant  n= 104 mean=0.9831 std=0.0595 [0.5232, 0.9995]
2026-05-14 20:11:36 -   benign     n= 158 mean=0.2648 std=0.2440 [0.0030, 0.9853]
2026-05-14 20:11:36 -   no_tumor   n= 905 mean=0.0804 std=0.1320 [0.0015, 0.8183]
2026-05-14 20:11:36 - [Test (S4_natural)] 校准 (Brier=0.0364)；分箱样本数: [761, 112, 56, 43, 34, 29, 18, 7, 10, 97]
2026-05-14 20:11:36 - ========================================================================
2026-05-14 20:11:36 - 评估结果已保存: /data1/ouyangxinglong/GBP-Cascade/0514/logs/ratio_ablation/S4_natural/eval_test.json
2026-05-14 20:11:37 - 混淆矩阵图: /data1/ouyangxinglong/GBP-Cascade/0514/logs/ratio_ablation/S4_natural/confusion_matrix.png
2026-05-14 20:11:37 - ========================================================================
2026-05-14 20:11:37 - 完成 S4_natural
2026-05-14 20:11:37 - ========================================================================
