2026-04-17 08:47:41 - ======================================================================
2026-04-17 08:47:41 - 实验: 20260417_task2_SwinV2Tiny_segcls_19_2
2026-04-17 08:47:41 - 修改: Exp#19-2: 19-1 + SAM(rho=0.05) + SWA(ep81-100) + dev split + 模型选择→dev pAUC@0.05 + 温标定
2026-04-17 08:47:41 - SAM rho=0.05 | SWA start ep=81
2026-04-17 08:47:41 - ======================================================================
2026-04-17 08:52:12 - Train: 1106 | Dev: 123 | Test: 523
2026-04-17 08:52:48 - 参数量: 137,439,313 | 可训练: 35,171,665
2026-04-17 08:52:48 - 
开始训练 (SAM + SWA)
2026-04-17 08:52:48 - ======================================================================
2026-04-17 08:53:28 - Epoch [1/100] stage1 (ratio=0.72, w=1.40, pAUC=0.0) LR: 2.00e-06/2.00e-05 | Loss: 1.8535 (seg=0.7515, cls=0.5510) | Acc: 0.7201 | IoU: 0.5930 | 39.5s
2026-04-17 08:54:04 - Epoch [2/100] stage1 (ratio=0.72, w=1.40, pAUC=0.0) LR: 4.00e-06/4.00e-05 | Loss: 1.3866 (seg=0.3018, cls=0.5424) | Acc: 0.7264 | IoU: 0.8904 | 35.9s
2026-04-17 08:54:40 - Epoch [3/100] stage1 (ratio=0.72, w=1.40, pAUC=0.0) LR: 6.00e-06/6.00e-05 | Loss: 1.2868 (seg=0.2113, cls=0.5378) | Acc: 0.7029 | IoU: 0.9302 | 36.0s
2026-04-17 08:55:15 - Epoch [4/100] stage1 (ratio=0.72, w=1.40, pAUC=0.0) LR: 8.00e-06/8.00e-05 | Loss: 1.1325 (seg=0.1406, cls=0.4960) | Acc: 0.7373 | IoU: 0.9542 | 35.6s
2026-04-17 08:55:50 - Epoch [5/100] stage1 (ratio=0.72, w=1.40, pAUC=0.0) LR: 1.00e-05/1.00e-04 | Loss: 1.1097 (seg=0.1024, cls=0.5036) | Acc: 0.7482 | IoU: 0.9655 | 34.7s
2026-04-17 08:55:50 - --------------------------------------------------
2026-04-17 08:55:53 - [Dev] pAUC@0.05=0.5246 | no_tumor召回=14.13% | benign漏检=3.23%
2026-04-17 08:55:56 - [Test(ref)] Cls — Acc: 0.3595 | P(macro): 0.6003 | R(macro): 0.5618 | F1(macro): 0.3509
2026-04-17 08:55:56 - [Test(ref)] Seg — Lesion IoU: 0.9611 | Lesion Dice: 0.9801
2026-04-17 08:55:56 - [Test(ref)] Classification Report:
              precision    recall  f1-score   support

      benign     0.2731    0.9612    0.4254       129
    no_tumor     0.9275    0.1624    0.2765       394

    accuracy                         0.3595       523
   macro avg     0.6003    0.5618    0.3509       523
weighted avg     0.7661    0.3595    0.3132       523

2026-04-17 08:55:57 - *** 保存最优 (Epoch=5, dev_pAUC=0.5246) ***
2026-04-17 08:55:57 - --------------------------------------------------
2026-04-17 08:56:33 - Epoch [6/100] stage1 (ratio=0.72, w=1.40, pAUC=0.0) LR: 1.20e-05/1.20e-04 | Loss: 1.0789 (seg=0.0728, cls=0.5031) | Acc: 0.7491 | IoU: 0.9704 | 36.0s
2026-04-17 08:57:09 - Epoch [7/100] stage1 (ratio=0.72, w=1.40, pAUC=0.0) LR: 1.40e-05/1.40e-04 | Loss: 1.0320 (seg=0.0492, cls=0.4914) | Acc: 0.7536 | IoU: 0.9752 | 35.9s
2026-04-17 08:57:44 - Epoch [8/100] stage1 (ratio=0.72, w=1.40, pAUC=0.0) LR: 1.60e-05/1.60e-04 | Loss: 0.9802 (seg=0.0386, cls=0.4708) | Acc: 0.7790 | IoU: 0.9780 | 34.7s
2026-04-17 08:58:21 - Epoch [9/100] stage1 (ratio=0.72, w=1.40, pAUC=0.0) LR: 1.80e-05/1.80e-04 | Loss: 0.9555 (seg=0.0302, cls=0.4627) | Acc: 0.7726 | IoU: 0.9796 | 37.1s
2026-04-17 08:58:57 - Epoch [10/100] stage1 (ratio=0.72, w=1.40, pAUC=0.0) LR: 2.00e-05/2.00e-04 | Loss: 0.9915 (seg=0.0260, cls=0.4827) | Acc: 0.7545 | IoU: 0.9800 | 35.7s
2026-04-17 08:58:57 - --------------------------------------------------
2026-04-17 08:58:59 - [Dev] pAUC@0.05=0.5224 | no_tumor召回=35.87% | benign漏检=3.23%
2026-04-17 08:59:02 - [Test(ref)] Cls — Acc: 0.3308 | P(macro): 0.5942 | R(macro): 0.5454 | F1(macro): 0.3160
2026-04-17 08:59:02 - [Test(ref)] Seg — Lesion IoU: 0.9797 | Lesion Dice: 0.9898
2026-04-17 08:59:02 - [Test(ref)] Classification Report:
              precision    recall  f1-score   support

      benign     0.2654    0.9690    0.4167       129
    no_tumor     0.9231    0.1218    0.2152       394

    accuracy                         0.3308       523
   macro avg     0.5942    0.5454    0.3160       523
weighted avg     0.7609    0.3308    0.2649       523

2026-04-17 08:59:02 - --------------------------------------------------
2026-04-17 08:59:38 - Epoch [11/100] stage1 (ratio=0.72, w=1.40, pAUC=0.0) LR: 2.00e-05/2.00e-04 | Loss: 0.9307 (seg=0.0234, cls=0.4537) | Acc: 0.7962 | IoU: 0.9811 | 35.4s
2026-04-17 09:00:14 - Epoch [12/100] stage1 (ratio=0.72, w=1.40, pAUC=0.0) LR: 2.00e-05/2.00e-04 | Loss: 0.9900 (seg=0.0215, cls=0.4843) | Acc: 0.7772 | IoU: 0.9837 | 36.7s
2026-04-17 09:00:50 - Epoch [13/100] stage1 (ratio=0.72, w=1.40, pAUC=0.0) LR: 1.99e-05/1.99e-04 | Loss: 0.9160 (seg=0.0192, cls=0.4484) | Acc: 0.7880 | IoU: 0.9842 | 35.5s
2026-04-17 09:01:26 - Epoch [14/100] stage1 (ratio=0.72, w=1.40, pAUC=0.0) LR: 1.99e-05/1.99e-04 | Loss: 0.8656 (seg=0.0181, cls=0.4237) | Acc: 0.8288 | IoU: 0.9851 | 35.7s
2026-04-17 09:02:01 - Epoch [15/100] stage1 (ratio=0.72, w=1.40, pAUC=0.0) LR: 1.98e-05/1.98e-04 | Loss: 0.8635 (seg=0.0174, cls=0.4230) | Acc: 0.8161 | IoU: 0.9855 | 35.8s
2026-04-17 09:02:01 - --------------------------------------------------
2026-04-17 09:02:04 - [Dev] pAUC@0.05=0.5670 | no_tumor召回=51.09% | benign漏检=3.23%
2026-04-17 09:02:08 - [Test(ref)] Cls — Acc: 0.5736 | P(macro): 0.6202 | R(macro): 0.6570 | F1(macro): 0.5612
2026-04-17 09:02:08 - [Test(ref)] Seg — Lesion IoU: 0.9865 | Lesion Dice: 0.9932
2026-04-17 09:02:08 - [Test(ref)] Classification Report:
              precision    recall  f1-score   support

      benign     0.3464    0.8217    0.4874       129
    no_tumor     0.8940    0.4924    0.6350       394

    accuracy                         0.5736       523
   macro avg     0.6202    0.6570    0.5612       523
weighted avg     0.7589    0.5736    0.5986       523

2026-04-17 09:02:12 - *** 保存最优 (Epoch=15, dev_pAUC=0.5670) ***
2026-04-17 09:02:12 - --------------------------------------------------
2026-04-17 09:02:47 - Epoch [16/100] stage1 (ratio=0.72, w=1.40, pAUC=0.0) LR: 1.98e-05/1.98e-04 | Loss: 0.8890 (seg=0.0164, cls=0.4363) | Acc: 0.8098 | IoU: 0.9852 | 35.3s
2026-04-17 09:03:23 - Epoch [17/100] stage1 (ratio=0.72, w=1.40, pAUC=0.0) LR: 1.97e-05/1.97e-04 | Loss: 0.8192 (seg=0.0155, cls=0.4019) | Acc: 0.8306 | IoU: 0.9866 | 35.3s
2026-04-17 09:03:58 - Epoch [18/100] stage1 (ratio=0.72, w=1.40, pAUC=0.0) LR: 1.96e-05/1.96e-04 | Loss: 0.7991 (seg=0.0147, cls=0.3922) | Acc: 0.8433 | IoU: 0.9873 | 35.3s
2026-04-17 09:04:34 - Epoch [19/100] stage1 (ratio=0.72, w=1.40, pAUC=0.0) LR: 1.95e-05/1.95e-04 | Loss: 0.7470 (seg=0.0143, cls=0.3664) | Acc: 0.8714 | IoU: 0.9868 | 35.8s
2026-04-17 09:05:10 - Epoch [20/100] stage1 (ratio=0.72, w=1.40, pAUC=0.0) LR: 1.94e-05/1.94e-04 | Loss: 0.7594 (seg=0.0144, cls=0.3725) | Acc: 0.8623 | IoU: 0.9874 | 36.6s
2026-04-17 09:05:10 - --------------------------------------------------
2026-04-17 09:05:13 - [Dev] pAUC@0.05=0.5663 | no_tumor召回=50.00% | benign漏检=3.23%
2026-04-17 09:05:16 - [Test(ref)] Cls — Acc: 0.5717 | P(macro): 0.6148 | R(macro): 0.6506 | F1(macro): 0.5583
2026-04-17 09:05:16 - [Test(ref)] Seg — Lesion IoU: 0.9864 | Lesion Dice: 0.9931
2026-04-17 09:05:16 - [Test(ref)] Classification Report:
              precision    recall  f1-score   support

      benign     0.3432    0.8062    0.4815       129
    no_tumor     0.8864    0.4949    0.6352       394

    accuracy                         0.5717       523
   macro avg     0.6148    0.6506    0.5583       523
weighted avg     0.7524    0.5717    0.5973       523

2026-04-17 09:05:16 - --------------------------------------------------
2026-04-17 09:05:52 - Epoch [21/100] stage1 (ratio=0.72, w=1.40, pAUC=0.0) LR: 1.93e-05/1.93e-04 | Loss: 0.6954 (seg=0.0147, cls=0.3404) | Acc: 0.8841 | IoU: 0.9868 | 36.0s
2026-04-17 09:06:29 - Epoch [22/100] stage1 (ratio=0.72, w=1.40, pAUC=0.0) LR: 1.91e-05/1.91e-04 | Loss: 0.6596 (seg=0.0144, cls=0.3226) | Acc: 0.8967 | IoU: 0.9872 | 36.3s
2026-04-17 09:07:04 - Epoch [23/100] stage1 (ratio=0.72, w=1.40, pAUC=0.0) LR: 1.90e-05/1.90e-04 | Loss: 0.6886 (seg=0.0145, cls=0.3371) | Acc: 0.8931 | IoU: 0.9882 | 35.4s
2026-04-17 09:07:40 - Epoch [24/100] stage1 (ratio=0.72, w=1.40, pAUC=0.0) LR: 1.88e-05/1.88e-04 | Loss: 0.6966 (seg=0.0146, cls=0.3410) | Acc: 0.8949 | IoU: 0.9874 | 35.5s
2026-04-17 09:08:15 - Epoch [25/100] stage1 (ratio=0.72, w=1.40, pAUC=0.0) LR: 1.87e-05/1.87e-04 | Loss: 0.6571 (seg=0.0130, cls=0.3220) | Acc: 0.9058 | IoU: 0.9880 | 35.9s
2026-04-17 09:08:15 - --------------------------------------------------
2026-04-17 09:08:19 - [Dev] pAUC@0.05=0.5498 | no_tumor召回=56.52% | benign漏检=3.23%
2026-04-17 09:08:22 - [Test(ref)] Cls — Acc: 0.6654 | P(macro): 0.6153 | R(macro): 0.6476 | F1(macro): 0.6145
2026-04-17 09:08:22 - [Test(ref)] Seg — Lesion IoU: 0.9860 | Lesion Dice: 0.9930
2026-04-17 09:08:22 - [Test(ref)] Classification Report:
              precision    recall  f1-score   support

      benign     0.3873    0.6124    0.4745       129
    no_tumor     0.8433    0.6827    0.7546       394

    accuracy                         0.6654       523
   macro avg     0.6153    0.6476    0.6145       523
weighted avg     0.7308    0.6654    0.6855       523

2026-04-17 09:08:22 - --------------------------------------------------
2026-04-17 09:08:57 - Epoch [26/100] stage1 (ratio=0.72, w=1.40, pAUC=0.0) LR: 1.85e-05/1.85e-04 | Loss: 0.6843 (seg=0.0130, cls=0.3357) | Acc: 0.8986 | IoU: 0.9878 | 35.5s
2026-04-17 09:09:32 - Epoch [27/100] stage1 (ratio=0.72, w=1.40, pAUC=0.0) LR: 1.83e-05/1.83e-04 | Loss: 0.6160 (seg=0.0121, cls=0.3019) | Acc: 0.9203 | IoU: 0.9869 | 34.9s
2026-04-17 09:10:08 - Epoch [28/100] stage1 (ratio=0.72, w=1.40, pAUC=0.0) LR: 1.81e-05/1.81e-04 | Loss: 0.5996 (seg=0.0114, cls=0.2941) | Acc: 0.9149 | IoU: 0.9886 | 35.4s
2026-04-17 09:10:43 - Epoch [29/100] stage1 (ratio=0.72, w=1.40, pAUC=0.0) LR: 1.79e-05/1.79e-04 | Loss: 0.5852 (seg=0.0118, cls=0.2867) | Acc: 0.9275 | IoU: 0.9873 | 35.3s
2026-04-17 09:11:18 - Epoch [30/100] stage1 (ratio=0.72, w=1.40, pAUC=0.0) LR: 1.77e-05/1.77e-04 | Loss: 0.5768 (seg=0.0100, cls=0.2834) | Acc: 0.9312 | IoU: 0.9895 | 35.3s
2026-04-17 09:11:18 - --------------------------------------------------
2026-04-17 09:11:21 - [Dev] pAUC@0.05=0.5649 | no_tumor召回=59.78% | benign漏检=3.23%
2026-04-17 09:11:25 - [Test(ref)] Cls — Acc: 0.6654 | P(macro): 0.6104 | R(macro): 0.6398 | F1(macro): 0.6107
2026-04-17 09:11:25 - [Test(ref)] Seg — Lesion IoU: 0.9894 | Lesion Dice: 0.9947
2026-04-17 09:11:25 - [Test(ref)] Classification Report:
              precision    recall  f1-score   support

      benign     0.3838    0.5891    0.4648       129
    no_tumor     0.8369    0.6904    0.7566       394

    accuracy                         0.6654       523
   macro avg     0.6104    0.6398    0.6107       523
weighted avg     0.7252    0.6654    0.6846       523

2026-04-17 09:11:25 - --------------------------------------------------
2026-04-17 09:12:00 - Epoch [31/100] stage1 (ratio=0.72, w=1.40, pAUC=0.0) LR: 1.75e-05/1.75e-04 | Loss: 0.5599 (seg=0.0105, cls=0.2747) | Acc: 0.9393 | IoU: 0.9896 | 35.7s
2026-04-17 09:12:35 - Epoch [32/100] stage1 (ratio=0.72, w=1.40, pAUC=0.0) LR: 1.72e-05/1.72e-04 | Loss: 0.5750 (seg=0.0131, cls=0.2810) | Acc: 0.9384 | IoU: 0.9868 | 35.2s
2026-04-17 09:13:11 - Epoch [33/100] stage1 (ratio=0.72, w=1.40, pAUC=0.0) LR: 1.70e-05/1.70e-04 | Loss: 0.5354 (seg=0.0110, cls=0.2622) | Acc: 0.9457 | IoU: 0.9904 | 35.2s
2026-04-17 09:13:47 - Epoch [34/100] stage1 (ratio=0.72, w=1.40, pAUC=0.0) LR: 1.67e-05/1.67e-04 | Loss: 0.5330 (seg=0.0093, cls=0.2618) | Acc: 0.9420 | IoU: 0.9905 | 35.9s
2026-04-17 09:14:22 - Epoch [35/100] stage1 (ratio=0.72, w=1.40, pAUC=0.0) LR: 1.65e-05/1.65e-04 | Loss: 0.5204 (seg=0.0100, cls=0.2552) | Acc: 0.9556 | IoU: 0.9899 | 35.3s
2026-04-17 09:14:22 - --------------------------------------------------
2026-04-17 09:14:24 - [Dev] pAUC@0.05=0.5483 | no_tumor召回=30.43% | benign漏检=3.23%
2026-04-17 09:14:27 - [Test(ref)] Cls — Acc: 0.7094 | P(macro): 0.6133 | R(macro): 0.6168 | F1(macro): 0.6149
2026-04-17 09:14:27 - [Test(ref)] Seg — Lesion IoU: 0.9919 | Lesion Dice: 0.9959
2026-04-17 09:14:27 - [Test(ref)] Classification Report:
              precision    recall  f1-score   support

      benign     0.4148    0.4341    0.4242       129
    no_tumor     0.8119    0.7995    0.8056       394

    accuracy                         0.7094       523
   macro avg     0.6133    0.6168    0.6149       523
weighted avg     0.7139    0.7094    0.7116       523

2026-04-17 09:14:27 - --------------------------------------------------
2026-04-17 09:15:03 - Epoch [36/100] stage1 (ratio=0.72, w=1.40, pAUC=0.0) LR: 1.62e-05/1.62e-04 | Loss: 0.5178 (seg=0.0101, cls=0.2538) | Acc: 0.9520 | IoU: 0.9902 | 35.9s
2026-04-17 09:15:38 - Epoch [37/100] stage1 (ratio=0.72, w=1.40, pAUC=0.0) LR: 1.59e-05/1.59e-04 | Loss: 0.5084 (seg=0.0092, cls=0.2496) | Acc: 0.9502 | IoU: 0.9907 | 35.0s
2026-04-17 09:16:14 - Epoch [38/100] stage1 (ratio=0.72, w=1.40, pAUC=0.0) LR: 1.56e-05/1.56e-04 | Loss: 0.4911 (seg=0.0087, cls=0.2412) | Acc: 0.9620 | IoU: 0.9906 | 35.8s
2026-04-17 09:16:49 - Epoch [39/100] stage1 (ratio=0.72, w=1.40, pAUC=0.0) LR: 1.53e-05/1.53e-04 | Loss: 0.5093 (seg=0.0086, cls=0.2503) | Acc: 0.9547 | IoU: 0.9892 | 35.1s
2026-04-17 09:17:25 - Epoch [40/100] stage1 (ratio=0.72, w=1.40, pAUC=0.0) LR: 1.50e-05/1.50e-04 | Loss: 0.5105 (seg=0.0076, cls=0.2515) | Acc: 0.9529 | IoU: 0.9910 | 35.7s
2026-04-17 09:17:25 - --------------------------------------------------
2026-04-17 09:17:27 - [Dev] pAUC@0.05=0.6440 | no_tumor召回=55.43% | benign漏检=3.23%
2026-04-17 09:17:31 - [Test(ref)] Cls — Acc: 0.6998 | P(macro): 0.5852 | R(macro): 0.5792 | F1(macro): 0.5816
2026-04-17 09:17:31 - [Test(ref)] Seg — Lesion IoU: 0.9924 | Lesion Dice: 0.9962
2026-04-17 09:17:31 - [Test(ref)] Classification Report:
              precision    recall  f1-score   support

      benign     0.3793    0.3411    0.3592       129
    no_tumor     0.7912    0.8173    0.8040       394

    accuracy                         0.6998       523
   macro avg     0.5852    0.5792    0.5816       523
weighted avg     0.6896    0.6998    0.6943       523

2026-04-17 09:17:35 - *** 保存最优 (Epoch=40, dev_pAUC=0.6440) ***
2026-04-17 09:17:35 - --------------------------------------------------
2026-04-17 09:18:11 - Epoch [41/100] stage2 (ratio=0.62, w=1.22, pAUC=0.5) LR: 1.47e-05/1.47e-04 | Loss: 0.5482 (seg=0.0080, cls=0.2691) | Acc: 0.9592 | IoU: 0.9907 | 35.9s
2026-04-17 09:18:47 - Epoch [42/100] stage2 (ratio=0.62, w=1.22, pAUC=0.5) LR: 1.44e-05/1.44e-04 | Loss: 0.5380 (seg=0.0078, cls=0.2641) | Acc: 0.9620 | IoU: 0.9914 | 36.5s
2026-04-17 09:19:23 - Epoch [43/100] stage2 (ratio=0.62, w=1.22, pAUC=0.5) LR: 1.41e-05/1.41e-04 | Loss: 0.5265 (seg=0.0074, cls=0.2584) | Acc: 0.9665 | IoU: 0.9914 | 35.9s
2026-04-17 09:19:59 - Epoch [44/100] stage2 (ratio=0.62, w=1.22, pAUC=0.5) LR: 1.38e-05/1.38e-04 | Loss: 0.5274 (seg=0.0081, cls=0.2590) | Acc: 0.9647 | IoU: 0.9913 | 35.9s
2026-04-17 09:20:36 - Epoch [45/100] stage2 (ratio=0.62, w=1.22, pAUC=0.5) LR: 1.35e-05/1.35e-04 | Loss: 0.5434 (seg=0.0081, cls=0.2658) | Acc: 0.9620 | IoU: 0.9913 | 36.9s
2026-04-17 09:20:36 - --------------------------------------------------
2026-04-17 09:20:38 - [Dev] pAUC@0.05=0.6059 | no_tumor召回=22.83% | benign漏检=3.23%
2026-04-17 09:20:42 - [Test(ref)] Cls — Acc: 0.7075 | P(macro): 0.5995 | R(macro): 0.5947 | F1(macro): 0.5968
2026-04-17 09:20:42 - [Test(ref)] Seg — Lesion IoU: 0.9929 | Lesion Dice: 0.9964
2026-04-17 09:20:42 - [Test(ref)] Classification Report:
              precision    recall  f1-score   support

      benign     0.4000    0.3721    0.3855       129
    no_tumor     0.7990    0.8173    0.8080       394

    accuracy                         0.7075       523
   macro avg     0.5995    0.5947    0.5968       523
weighted avg     0.7006    0.7075    0.7038       523

2026-04-17 09:20:42 - --------------------------------------------------
2026-04-17 09:21:18 - Epoch [46/100] stage2 (ratio=0.62, w=1.22, pAUC=0.5) LR: 1.32e-05/1.32e-04 | Loss: 0.5047 (seg=0.0064, cls=0.2483) | Acc: 0.9701 | IoU: 0.9914 | 36.7s
2026-04-17 09:21:54 - Epoch [47/100] stage2 (ratio=0.62, w=1.22, pAUC=0.5) LR: 1.28e-05/1.28e-04 | Loss: 0.4902 (seg=0.0066, cls=0.2415) | Acc: 0.9746 | IoU: 0.9920 | 35.8s
2026-04-17 09:22:31 - Epoch [48/100] stage2 (ratio=0.62, w=1.22, pAUC=0.5) LR: 1.25e-05/1.25e-04 | Loss: 0.4919 (seg=0.0071, cls=0.2420) | Acc: 0.9728 | IoU: 0.9923 | 37.3s
2026-04-17 09:23:08 - Epoch [49/100] stage2 (ratio=0.62, w=1.22, pAUC=0.5) LR: 1.22e-05/1.22e-04 | Loss: 0.4737 (seg=0.0066, cls=0.2331) | Acc: 0.9764 | IoU: 0.9925 | 36.2s
2026-04-17 09:23:44 - Epoch [50/100] stage2 (ratio=0.62, w=1.22, pAUC=0.5) LR: 1.18e-05/1.18e-04 | Loss: 0.4924 (seg=0.0063, cls=0.2422) | Acc: 0.9737 | IoU: 0.9919 | 36.5s
2026-04-17 09:23:44 - --------------------------------------------------
2026-04-17 09:23:46 - [Dev] pAUC@0.05=0.6425 | no_tumor召回=46.74% | benign漏检=3.23%
2026-04-17 09:23:50 - [Test(ref)] Cls — Acc: 0.7228 | P(macro): 0.6171 | R(macro): 0.6074 | F1(macro): 0.6114
2026-04-17 09:23:50 - [Test(ref)] Seg — Lesion IoU: 0.9939 | Lesion Dice: 0.9969
2026-04-17 09:23:50 - [Test(ref)] Classification Report:
              precision    recall  f1-score   support

      benign     0.4298    0.3798    0.4033       129
    no_tumor     0.8044    0.8350    0.8194       394

    accuracy                         0.7228       523
   macro avg     0.6171    0.6074    0.6114       523
weighted avg     0.7120    0.7228    0.7168       523

2026-04-17 09:23:50 - --------------------------------------------------
2026-04-17 09:24:28 - Epoch [51/100] stage2 (ratio=0.62, w=1.22, pAUC=0.5) LR: 1.15e-05/1.15e-04 | Loss: 0.4740 (seg=0.0062, cls=0.2335) | Acc: 0.9719 | IoU: 0.9920 | 37.9s
2026-04-17 09:25:05 - Epoch [52/100] stage2 (ratio=0.62, w=1.22, pAUC=0.5) LR: 1.11e-05/1.11e-04 | Loss: 0.4711 (seg=0.0073, cls=0.2315) | Acc: 0.9783 | IoU: 0.9925 | 37.1s
2026-04-17 09:25:40 - Epoch [53/100] stage2 (ratio=0.62, w=1.22, pAUC=0.5) LR: 1.08e-05/1.08e-04 | Loss: 0.4879 (seg=0.0103, cls=0.2383) | Acc: 0.9755 | IoU: 0.9850 | 35.8s
2026-04-17 09:26:17 - Epoch [54/100] stage2 (ratio=0.62, w=1.22, pAUC=0.5) LR: 1.04e-05/1.04e-04 | Loss: 0.4710 (seg=0.0057, cls=0.2323) | Acc: 0.9774 | IoU: 0.9907 | 36.5s
2026-04-17 09:26:53 - Epoch [55/100] stage2 (ratio=0.62, w=1.22, pAUC=0.5) LR: 1.01e-05/1.01e-04 | Loss: 0.4767 (seg=0.0055, cls=0.2352) | Acc: 0.9710 | IoU: 0.9917 | 36.5s
2026-04-17 09:26:53 - --------------------------------------------------
2026-04-17 09:26:56 - [Dev] pAUC@0.05=0.7044 | no_tumor召回=28.26% | benign漏检=3.23%
2026-04-17 09:27:00 - [Test(ref)] Cls — Acc: 0.7361 | P(macro): 0.6246 | R(macro): 0.5981 | F1(macro): 0.6055
2026-04-17 09:27:00 - [Test(ref)] Seg — Lesion IoU: 0.9926 | Lesion Dice: 0.9963
2026-04-17 09:27:00 - [Test(ref)] Classification Report:
              precision    recall  f1-score   support

      benign     0.4516    0.3256    0.3784       129
    no_tumor     0.7977    0.8706    0.8325       394

    accuracy                         0.7361       523
   macro avg     0.6246    0.5981    0.6055       523
weighted avg     0.7123    0.7361    0.7205       523

2026-04-17 09:27:04 - *** 保存最优 (Epoch=55, dev_pAUC=0.7044) ***
2026-04-17 09:27:04 - --------------------------------------------------
2026-04-17 09:27:39 - Epoch [56/100] stage2 (ratio=0.62, w=1.22, pAUC=0.5) LR: 9.75e-06/9.75e-05 | Loss: 0.4692 (seg=0.0053, cls=0.2315) | Acc: 0.9801 | IoU: 0.9920 | 35.4s
2026-04-17 09:28:15 - Epoch [57/100] stage2 (ratio=0.62, w=1.22, pAUC=0.5) LR: 9.41e-06/9.41e-05 | Loss: 0.4741 (seg=0.0052, cls=0.2339) | Acc: 0.9783 | IoU: 0.9920 | 36.1s
2026-04-17 09:28:52 - Epoch [58/100] stage2 (ratio=0.62, w=1.22, pAUC=0.5) LR: 9.07e-06/9.07e-05 | Loss: 0.4526 (seg=0.0051, cls=0.2236) | Acc: 0.9792 | IoU: 0.9921 | 36.8s
2026-04-17 09:29:28 - Epoch [59/100] stage2 (ratio=0.62, w=1.22, pAUC=0.5) LR: 8.72e-06/8.72e-05 | Loss: 0.4627 (seg=0.0054, cls=0.2283) | Acc: 0.9764 | IoU: 0.9924 | 35.9s
2026-04-17 09:30:04 - Epoch [60/100] stage2 (ratio=0.62, w=1.22, pAUC=0.5) LR: 8.38e-06/8.38e-05 | Loss: 0.4624 (seg=0.0052, cls=0.2281) | Acc: 0.9783 | IoU: 0.9920 | 36.2s
2026-04-17 09:30:04 - --------------------------------------------------
2026-04-17 09:30:07 - [Dev] pAUC@0.05=0.7252 | no_tumor召回=33.70% | benign漏检=3.23%
2026-04-17 09:30:10 - [Test(ref)] Cls — Acc: 0.7553 | P(macro): 0.6501 | R(macro): 0.5925 | F1(macro): 0.6013
2026-04-17 09:30:10 - [Test(ref)] Seg — Lesion IoU: 0.9894 | Lesion Dice: 0.9947
2026-04-17 09:30:10 - [Test(ref)] Classification Report:
              precision    recall  f1-score   support

      benign     0.5072    0.2713    0.3535       129
    no_tumor     0.7930    0.9137    0.8491       394

    accuracy                         0.7553       523
   macro avg     0.6501    0.5925    0.6013       523
weighted avg     0.7225    0.7553    0.7268       523

2026-04-17 09:30:14 - *** 保存最优 (Epoch=60, dev_pAUC=0.7252) ***
2026-04-17 09:30:14 - --------------------------------------------------
2026-04-17 09:30:50 - Epoch [61/100] stage2 (ratio=0.62, w=1.22, pAUC=0.5) LR: 8.04e-06/8.04e-05 | Loss: 0.4402 (seg=0.0049, cls=0.2172) | Acc: 0.9864 | IoU: 0.9923 | 36.0s
2026-04-17 09:31:27 - Epoch [62/100] stage2 (ratio=0.62, w=1.22, pAUC=0.5) LR: 7.70e-06/7.70e-05 | Loss: 0.4653 (seg=0.0047, cls=0.2297) | Acc: 0.9783 | IoU: 0.9927 | 36.4s
2026-04-17 09:32:02 - Epoch [63/100] stage2 (ratio=0.62, w=1.22, pAUC=0.5) LR: 7.37e-06/7.37e-05 | Loss: 0.4395 (seg=0.0046, cls=0.2171) | Acc: 0.9873 | IoU: 0.9926 | 35.1s
2026-04-17 09:32:39 - Epoch [64/100] stage2 (ratio=0.62, w=1.22, pAUC=0.5) LR: 7.04e-06/7.04e-05 | Loss: 0.4593 (seg=0.0046, cls=0.2268) | Acc: 0.9828 | IoU: 0.9927 | 36.7s
2026-04-17 09:33:15 - Epoch [65/100] stage2 (ratio=0.62, w=1.22, pAUC=0.5) LR: 6.71e-06/6.71e-05 | Loss: 0.4319 (seg=0.0046, cls=0.2136) | Acc: 0.9891 | IoU: 0.9928 | 36.2s
2026-04-17 09:33:15 - --------------------------------------------------
2026-04-17 09:33:17 - [Dev] pAUC@0.05=0.6073 | no_tumor召回=38.04% | benign漏检=3.23%
2026-04-17 09:33:21 - [Test(ref)] Cls — Acc: 0.7457 | P(macro): 0.6377 | R(macro): 0.6018 | F1(macro): 0.6107
2026-04-17 09:33:21 - [Test(ref)] Seg — Lesion IoU: 0.9931 | Lesion Dice: 0.9965
2026-04-17 09:33:21 - [Test(ref)] Classification Report:
              precision    recall  f1-score   support

      benign     0.4767    0.3178    0.3814       129
    no_tumor     0.7986    0.8858    0.8400       394

    accuracy                         0.7457       523
   macro avg     0.6377    0.6018    0.6107       523
weighted avg     0.7192    0.7457    0.7268       523

2026-04-17 09:33:21 - --------------------------------------------------
2026-04-17 09:33:57 - Epoch [66/100] stage2 (ratio=0.62, w=1.22, pAUC=0.5) LR: 6.39e-06/6.39e-05 | Loss: 0.4499 (seg=0.0050, cls=0.2219) | Acc: 0.9828 | IoU: 0.9929 | 36.0s
2026-04-17 09:34:32 - Epoch [67/100] stage2 (ratio=0.62, w=1.22, pAUC=0.5) LR: 6.07e-06/6.07e-05 | Loss: 0.4455 (seg=0.0039, cls=0.2202) | Acc: 0.9873 | IoU: 0.9933 | 35.3s
2026-04-17 09:35:08 - Epoch [68/100] stage2 (ratio=0.62, w=1.22, pAUC=0.5) LR: 5.76e-06/5.76e-05 | Loss: 0.4411 (seg=0.0042, cls=0.2181) | Acc: 0.9864 | IoU: 0.9929 | 35.7s
2026-04-17 09:35:45 - Epoch [69/100] stage2 (ratio=0.62, w=1.22, pAUC=0.5) LR: 5.45e-06/5.45e-05 | Loss: 0.4319 (seg=0.0042, cls=0.2137) | Acc: 0.9891 | IoU: 0.9930 | 36.8s
2026-04-17 09:36:21 - Epoch [70/100] stage2 (ratio=0.62, w=1.22, pAUC=0.5) LR: 5.15e-06/5.15e-05 | Loss: 0.4361 (seg=0.0041, cls=0.2159) | Acc: 0.9855 | IoU: 0.9934 | 36.0s
2026-04-17 09:36:21 - --------------------------------------------------
2026-04-17 09:36:23 - [Dev] pAUC@0.05=0.6612 | no_tumor召回=43.48% | benign漏检=3.23%
2026-04-17 09:36:27 - [Test(ref)] Cls — Acc: 0.7514 | P(macro): 0.6440 | R(macro): 0.5952 | F1(macro): 0.6042
2026-04-17 09:36:27 - [Test(ref)] Seg — Lesion IoU: 0.9943 | Lesion Dice: 0.9971
2026-04-17 09:36:27 - [Test(ref)] Classification Report:
              precision    recall  f1-score   support

      benign     0.4933    0.2868    0.3627       129
    no_tumor     0.7946    0.9036    0.8456       394

    accuracy                         0.7514       523
   macro avg     0.6440    0.5952    0.6042       523
weighted avg     0.7203    0.7514    0.7265       523

2026-04-17 09:36:27 - --------------------------------------------------
2026-04-17 09:37:02 - Epoch [71/100] stage2 (ratio=0.62, w=1.22, pAUC=0.5) LR: 4.85e-06/4.85e-05 | Loss: 0.4229 (seg=0.0040, cls=0.2093) | Acc: 0.9891 | IoU: 0.9937 | 35.5s
2026-04-17 09:37:38 - Epoch [72/100] stage2 (ratio=0.62, w=1.22, pAUC=0.5) LR: 4.56e-06/4.56e-05 | Loss: 0.4134 (seg=0.0041, cls=0.2046) | Acc: 0.9937 | IoU: 0.9935 | 36.1s
2026-04-17 09:38:14 - Epoch [73/100] stage2 (ratio=0.62, w=1.22, pAUC=0.5) LR: 4.28e-06/4.28e-05 | Loss: 0.4260 (seg=0.0040, cls=0.2106) | Acc: 0.9909 | IoU: 0.9938 | 35.5s
2026-04-17 09:38:50 - Epoch [74/100] stage2 (ratio=0.62, w=1.22, pAUC=0.5) LR: 4.00e-06/4.00e-05 | Loss: 0.4227 (seg=0.0042, cls=0.2091) | Acc: 0.9918 | IoU: 0.9935 | 36.3s
2026-04-17 09:39:27 - Epoch [75/100] stage2 (ratio=0.62, w=1.22, pAUC=0.5) LR: 3.74e-06/3.74e-05 | Loss: 0.4083 (seg=0.0043, cls=0.2019) | Acc: 0.9955 | IoU: 0.9934 | 36.5s
2026-04-17 09:39:27 - --------------------------------------------------
2026-04-17 09:39:29 - [Dev] pAUC@0.05=0.6274 | no_tumor召回=55.43% | benign漏检=3.23%
2026-04-17 09:39:33 - [Test(ref)] Cls — Acc: 0.7572 | P(macro): 0.6532 | R(macro): 0.5886 | F1(macro): 0.5965
2026-04-17 09:39:33 - [Test(ref)] Seg — Lesion IoU: 0.9945 | Lesion Dice: 0.9973
2026-04-17 09:39:33 - [Test(ref)] Classification Report:
              precision    recall  f1-score   support

      benign     0.5156    0.2558    0.3420       129
    no_tumor     0.7908    0.9213    0.8511       394

    accuracy                         0.7572       523
   macro avg     0.6532    0.5886    0.5965       523
weighted avg     0.7230    0.7572    0.7255       523

2026-04-17 09:39:33 - --------------------------------------------------
2026-04-17 09:40:08 - Epoch [76/100] stage2 (ratio=0.62, w=1.22, pAUC=0.5) LR: 3.48e-06/3.48e-05 | Loss: 0.4343 (seg=0.0041, cls=0.2149) | Acc: 0.9864 | IoU: 0.9937 | 35.4s
2026-04-17 09:40:44 - Epoch [77/100] stage2 (ratio=0.62, w=1.22, pAUC=0.5) LR: 3.22e-06/3.22e-05 | Loss: 0.4131 (seg=0.0039, cls=0.2046) | Acc: 0.9946 | IoU: 0.9939 | 35.7s
2026-04-17 09:41:19 - Epoch [78/100] stage2 (ratio=0.62, w=1.22, pAUC=0.5) LR: 2.98e-06/2.98e-05 | Loss: 0.4303 (seg=0.0036, cls=0.2129) | Acc: 0.9900 | IoU: 0.9945 | 35.8s
2026-04-17 09:41:56 - Epoch [79/100] stage2 (ratio=0.62, w=1.22, pAUC=0.5) LR: 2.74e-06/2.74e-05 | Loss: 0.4181 (seg=0.0039, cls=0.2070) | Acc: 0.9918 | IoU: 0.9941 | 36.8s
2026-04-17 09:42:32 - Epoch [80/100] stage2 (ratio=0.62, w=1.22, pAUC=0.5) LR: 2.52e-06/2.52e-05 | Loss: 0.4118 (seg=0.0038, cls=0.2039) | Acc: 0.9946 | IoU: 0.9941 | 35.9s
2026-04-17 09:42:32 - --------------------------------------------------
2026-04-17 09:42:35 - [Dev] pAUC@0.05=0.6843 | no_tumor召回=57.61% | benign漏检=3.23%
2026-04-17 09:42:38 - [Test(ref)] Cls — Acc: 0.7591 | P(macro): 0.6581 | R(macro): 0.5950 | F1(macro): 0.6045
2026-04-17 09:42:38 - [Test(ref)] Seg — Lesion IoU: 0.9950 | Lesion Dice: 0.9975
2026-04-17 09:42:38 - [Test(ref)] Classification Report:
              precision    recall  f1-score   support

      benign     0.5224    0.2713    0.3571       129
    no_tumor     0.7939    0.9188    0.8518       394

    accuracy                         0.7591       523
   macro avg     0.6581    0.5950    0.6045       523
weighted avg     0.7269    0.7591    0.7298       523

2026-04-17 09:42:38 - --------------------------------------------------
2026-04-17 09:43:14 - Epoch [81/100] stage3 (ratio=0.55, w=1.08, pAUC=1.0) LR: 1.84e-06/2.07e-05 | Loss: 0.4298 (seg=0.0039, cls=0.2129) | Acc: 0.9918 | IoU: 0.9940 | 36.0s
2026-04-17 09:43:14 - [SWA] 开始权重平均 (epoch 81)
2026-04-17 09:43:50 - Epoch [82/100] stage3 (ratio=0.55, w=1.08, pAUC=1.0) LR: 1.67e-06/1.88e-05 | Loss: 0.4226 (seg=0.0040, cls=0.2092) | Acc: 0.9946 | IoU: 0.9937 | 35.6s
2026-04-17 09:44:26 - Epoch [83/100] stage3 (ratio=0.55, w=1.08, pAUC=1.0) LR: 1.51e-06/1.70e-05 | Loss: 0.4455 (seg=0.0039, cls=0.2205) | Acc: 0.9900 | IoU: 0.9941 | 35.6s
2026-04-17 09:45:02 - Epoch [84/100] stage3 (ratio=0.55, w=1.08, pAUC=1.0) LR: 1.36e-06/1.53e-05 | Loss: 0.4365 (seg=0.0040, cls=0.2160) | Acc: 0.9900 | IoU: 0.9941 | 36.1s
2026-04-17 09:45:38 - Epoch [85/100] stage3 (ratio=0.55, w=1.08, pAUC=1.0) LR: 1.22e-06/1.37e-05 | Loss: 0.4333 (seg=0.0042, cls=0.2142) | Acc: 0.9918 | IoU: 0.9939 | 36.2s
2026-04-17 09:45:38 - --------------------------------------------------
2026-04-17 09:45:40 - [Dev] pAUC@0.05=0.6576 | no_tumor召回=39.13% | benign漏检=0.00%
2026-04-17 09:45:44 - [Test(ref)] Cls — Acc: 0.7686 | P(macro): 0.6807 | R(macro): 0.5988 | F1(macro): 0.6093
2026-04-17 09:45:44 - [Test(ref)] Seg — Lesion IoU: 0.9952 | Lesion Dice: 0.9976
2026-04-17 09:45:44 - [Test(ref)] Classification Report:
              precision    recall  f1-score   support

      benign     0.5667    0.2636    0.3598       129
    no_tumor     0.7948    0.9340    0.8588       394

    accuracy                         0.7686       523
   macro avg     0.6807    0.5988    0.6093       523
weighted avg     0.7385    0.7686    0.7357       523

2026-04-17 09:45:44 - --------------------------------------------------
2026-04-17 09:46:19 - Epoch [86/100] stage3 (ratio=0.55, w=1.08, pAUC=1.0) LR: 1.09e-06/1.22e-05 | Loss: 0.4231 (seg=0.0041, cls=0.2094) | Acc: 0.9946 | IoU: 0.9941 | 35.5s
2026-04-17 09:46:55 - Epoch [87/100] stage3 (ratio=0.55, w=1.08, pAUC=1.0) LR: 9.62e-07/1.08e-05 | Loss: 0.4420 (seg=0.0039, cls=0.2188) | Acc: 0.9900 | IoU: 0.9944 | 35.7s
2026-04-17 09:47:31 - Epoch [88/100] stage3 (ratio=0.55, w=1.08, pAUC=1.0) LR: 8.45e-07/9.50e-06 | Loss: 0.4311 (seg=0.0040, cls=0.2134) | Acc: 0.9918 | IoU: 0.9943 | 36.3s
2026-04-17 09:48:07 - Epoch [89/100] stage3 (ratio=0.55, w=1.08, pAUC=1.0) LR: 7.37e-07/8.29e-06 | Loss: 0.4282 (seg=0.0040, cls=0.2119) | Acc: 0.9918 | IoU: 0.9942 | 35.6s
2026-04-17 09:48:42 - Epoch [90/100] stage3 (ratio=0.55, w=1.08, pAUC=1.0) LR: 6.38e-07/7.17e-06 | Loss: 0.4279 (seg=0.0039, cls=0.2118) | Acc: 0.9928 | IoU: 0.9943 | 35.5s
2026-04-17 09:48:42 - --------------------------------------------------
2026-04-17 09:48:46 - [Dev] pAUC@0.05=0.7224 | no_tumor召回=59.78% | benign漏检=3.23%
2026-04-17 09:48:49 - [Test(ref)] Cls — Acc: 0.7686 | P(macro): 0.6807 | R(macro): 0.5988 | F1(macro): 0.6093
2026-04-17 09:48:49 - [Test(ref)] Seg — Lesion IoU: 0.9951 | Lesion Dice: 0.9975
2026-04-17 09:48:49 - [Test(ref)] Classification Report:
              precision    recall  f1-score   support

      benign     0.5667    0.2636    0.3598       129
    no_tumor     0.7948    0.9340    0.8588       394

    accuracy                         0.7686       523
   macro avg     0.6807    0.5988    0.6093       523
weighted avg     0.7385    0.7686    0.7357       523

2026-04-17 09:48:49 - --------------------------------------------------
2026-04-17 09:49:25 - Epoch [91/100] stage3 (ratio=0.55, w=1.08, pAUC=1.0) LR: 5.48e-07/6.16e-06 | Loss: 0.4299 (seg=0.0040, cls=0.2128) | Acc: 0.9928 | IoU: 0.9942 | 35.5s
2026-04-17 09:50:00 - Epoch [92/100] stage3 (ratio=0.55, w=1.08, pAUC=1.0) LR: 4.67e-07/5.25e-06 | Loss: 0.4342 (seg=0.0040, cls=0.2150) | Acc: 0.9918 | IoU: 0.9942 | 35.2s
2026-04-17 09:50:37 - Epoch [93/100] stage3 (ratio=0.55, w=1.08, pAUC=1.0) LR: 3.95e-07/4.45e-06 | Loss: 0.4251 (seg=0.0038, cls=0.2104) | Acc: 0.9946 | IoU: 0.9945 | 36.5s
2026-04-17 09:51:13 - Epoch [94/100] stage3 (ratio=0.55, w=1.08, pAUC=1.0) LR: 3.33e-07/3.75e-06 | Loss: 0.4220 (seg=0.0038, cls=0.2088) | Acc: 0.9955 | IoU: 0.9943 | 36.3s
2026-04-17 09:51:49 - Epoch [95/100] stage3 (ratio=0.55, w=1.08, pAUC=1.0) LR: 2.80e-07/3.15e-06 | Loss: 0.4531 (seg=0.0040, cls=0.2237) | Acc: 0.9864 | IoU: 0.9940 | 35.8s
2026-04-17 09:51:49 - --------------------------------------------------
2026-04-17 09:51:52 - [Dev] pAUC@0.05=0.6691 | no_tumor召回=63.04% | benign漏检=3.23%
2026-04-17 09:51:56 - [Test(ref)] Cls — Acc: 0.7629 | P(macro): 0.6666 | R(macro): 0.5950 | F1(macro): 0.6045
2026-04-17 09:51:56 - [Test(ref)] Seg — Lesion IoU: 0.9953 | Lesion Dice: 0.9977
2026-04-17 09:51:56 - [Test(ref)] Classification Report:
              precision    recall  f1-score   support

      benign     0.5397    0.2636    0.3542       129
    no_tumor     0.7935    0.9264    0.8548       394

    accuracy                         0.7629       523
   macro avg     0.6666    0.5950    0.6045       523
weighted avg     0.7309    0.7629    0.7313       523

2026-04-17 09:51:56 - --------------------------------------------------
2026-04-17 09:52:32 - Epoch [96/100] stage3 (ratio=0.55, w=1.08, pAUC=1.0) LR: 2.37e-07/2.67e-06 | Loss: 0.4306 (seg=0.0039, cls=0.2133) | Acc: 0.9900 | IoU: 0.9942 | 35.8s
2026-04-17 09:53:08 - Epoch [97/100] stage3 (ratio=0.55, w=1.08, pAUC=1.0) LR: 2.03e-07/2.29e-06 | Loss: 0.4278 (seg=0.0040, cls=0.2117) | Acc: 0.9891 | IoU: 0.9941 | 36.4s
2026-04-17 09:53:44 - Epoch [98/100] stage3 (ratio=0.55, w=1.08, pAUC=1.0) LR: 1.79e-07/2.02e-06 | Loss: 0.4306 (seg=0.0038, cls=0.2132) | Acc: 0.9918 | IoU: 0.9943 | 36.0s
2026-04-17 09:54:20 - Epoch [99/100] stage3 (ratio=0.55, w=1.08, pAUC=1.0) LR: 1.65e-07/1.85e-06 | Loss: 0.4392 (seg=0.0038, cls=0.2172) | Acc: 0.9909 | IoU: 0.9943 | 36.3s
2026-04-17 09:54:57 - Epoch [100/100] stage3 (ratio=0.55, w=1.08, pAUC=1.0) LR: 1.60e-07/1.80e-06 | Loss: 0.4326 (seg=0.0039, cls=0.2141) | Acc: 0.9928 | IoU: 0.9943 | 36.2s
2026-04-17 09:54:57 - --------------------------------------------------
2026-04-17 09:54:59 - [Dev] pAUC@0.05=0.6440 | no_tumor召回=51.09% | benign漏检=3.23%
2026-04-17 09:55:02 - [Test(ref)] Cls — Acc: 0.7686 | P(macro): 0.6813 | R(macro): 0.5962 | F1(macro): 0.6060
2026-04-17 09:55:02 - [Test(ref)] Seg — Lesion IoU: 0.9953 | Lesion Dice: 0.9976
2026-04-17 09:55:02 - [Test(ref)] Classification Report:
              precision    recall  f1-score   support

      benign     0.5690    0.2558    0.3529       129
    no_tumor     0.7935    0.9365    0.8591       394

    accuracy                         0.7686       523
   macro avg     0.6813    0.5962    0.6060       523
weighted avg     0.7382    0.7686    0.7343       523

2026-04-17 09:55:02 - --------------------------------------------------
2026-04-17 09:55:02 - Early Stop (连续8次无提升, best=60)
2026-04-17 09:55:02 - 
训练完成 best_epoch=60 dev_pAUC=0.7252
2026-04-17 09:55:02 - 
[SWA] 更新 BN 统计量...
2026-04-17 09:55:03 - SWA 权重已保存: /data1/ouyangxinglong/GBP-Cascade/0417/logs/20260417_task2_SwinV2Tiny_segcls_19_2/20260417_task2_SwinV2Tiny_segcls_19_2_swa.pth
2026-04-17 09:55:04 - 
======================================================================
2026-04-17 09:55:04 - Best Checkpoint 后训练分析
2026-04-17 09:55:04 - ======================================================================
2026-04-17 09:55:21 - [best] 温度 T = 1.4134
2026-04-17 09:55:28 - 
============================================================
2026-04-17 09:55:28 - [best Dev (calibrated)] 临床阈值结果 (T=1.4134)
2026-04-17 09:55:28 - ============================================================
2026-04-17 09:55:28 -   miss_rate=0.rate=0.02: thr=0.116 | benign召回=100.00% | no_tumor命中=24/394 | no_tumor召回=26.09% | 约束满足=True
2026-04-17 09:55:28 -   miss_rate=0.rate=0.05: thr=0.118 | benign召回=96.77% | no_tumor命中=30/394 | no_tumor召回=31.52% | 约束满足=True
2026-04-17 09:55:28 -   miss_rate=0.rate=0.10: thr=0.127 | benign召回=90.32% | no_tumor命中=54/394 | no_tumor召回=55.43% | 约束满足=True
2026-04-17 09:55:28 - [best uncal] ECE=0.1576 | Brier=0.2025
2026-04-17 09:55:29 - [best cal] ECE=0.1034 | Brier=0.1880
2026-04-17 09:55:29 - 
======================================================================
2026-04-17 09:55:29 - SWA 后训练分析
2026-04-17 09:55:29 - ======================================================================
2026-04-17 09:55:41 - [swa] 温度 T = 1.4738
2026-04-17 09:55:48 - 
============================================================
2026-04-17 09:55:48 - [swa Dev (calibrated)] 临床阈值结果 (T=1.4738)
2026-04-17 09:55:48 - ============================================================
2026-04-17 09:55:48 -   miss_rate=0.rate=0.02: thr=0.123 | benign召回=100.00% | no_tumor命中=46/394 | no_tumor召回=50.00% | 约束满足=True
2026-04-17 09:55:48 -   miss_rate=0.rate=0.05: thr=0.123 | benign召回=100.00% | no_tumor命中=46/394 | no_tumor召回=50.00% | 约束满足=True
2026-04-17 09:55:48 -   miss_rate=0.rate=0.10: thr=0.127 | benign召回=90.32% | no_tumor命中=63/394 | no_tumor召回=65.22% | 约束满足=True
2026-04-17 09:55:48 - [swa uncal] ECE=0.1632 | Brier=0.2020
2026-04-17 09:55:49 - [swa cal] ECE=0.1088 | Brier=0.1848
2026-04-17 09:55:49 - 
比较: best_pth dev_pAUC=0.6814 | SWA dev_pAUC=0.6807
2026-04-17 09:55:49 - 推荐使用: best_pth
2026-04-17 09:55:49 - 
[Done] Exp#19-2 完成.
