2026-05-14 18:54:33 - ========================================================================
2026-05-14 18:54:33 - Ratio Ablation Experiment: S1_1_1_1
2026-05-14 18:54:33 - Train: /data1/ouyangxinglong/GBP-Cascade/0514/logs/20260514_task_risk_SwinV2Tiny_ordinal_trimodal_1/train_split.xlsx
2026-05-14 18:54:33 - Val:   /data1/ouyangxinglong/GBP-Cascade/0514/logs/20260514_task_risk_SwinV2Tiny_ordinal_trimodal_1/val_split.xlsx
2026-05-14 18:54:33 - Test:  /data1/ouyangxinglong/GBP-Cascade/0514dataset_flat/task_3class_test.xlsx
2026-05-14 18:54:33 - Sampler: 1_1_1 → samples_per_class={0: 2, 1: 2, 2: 2} batch_size=6
2026-05-14 18:54:33 - Epochs: 20 | seed: 42
2026-05-14 18:54:33 - Device: cuda
2026-05-14 18:54:33 - ========================================================================
2026-05-14 18:54:33 - 训练 xlsx: /data1/ouyangxinglong/GBP-Cascade/0514/logs/20260514_task_risk_SwinV2Tiny_ordinal_trimodal_1/train_split.xlsx
2026-05-14 18:54:33 - 验证 xlsx: /data1/ouyangxinglong/GBP-Cascade/0514/logs/20260514_task_risk_SwinV2Tiny_ordinal_trimodal_1/val_split.xlsx
2026-05-14 18:54:33 - 测试 xlsx: /data1/ouyangxinglong/GBP-Cascade/0514dataset_flat/task_3class_test.xlsx
2026-05-14 18:54:33 - meta_stats fit xlsx: /data1/ouyangxinglong/GBP-Cascade/0514/logs/20260514_task_risk_SwinV2Tiny_ordinal_trimodal_1/train_split.xlsx
2026-05-14 18:54:33 - [1/3] 装载 text_dict ...
2026-05-14 18:54:33 -   text_dict: 1791 条 (0.1s)
2026-05-14 18:54:33 - [2/3] 拟合 meta_stats（用 baseline train_split，保证跨实验一致） ...
2026-05-14 18:54:34 -   meta_stats OK (0.8s)
2026-05-14 18:54:34 - [3/3] 构造 train / val / test Dataset ...
2026-05-14 18:54:36 -   Dataset OK (2.1s)
2026-05-14 18:54:36 -   Train: 2311 张 (malignant=242, benign=459, no_tumor=1610)
2026-05-14 18:54:36 -   Val: 424 张 (malignant=62, benign=65, no_tumor=297)
2026-05-14 18:54:36 -   Test: 1167 张 (malignant=104, benign=158, no_tumor=905)
2026-05-14 18:54:36 - Sampler: BalancedBatchSampler({0: 2, 1: 2, 2: 2}) batch_size=6
2026-05-14 18:54:36 - DataLoaders OK | train_batches=805 val=71 test=195
2026-05-14 18:54:36 - 构建模型 ...
2026-05-14 18:54:38 - 模型构建完成 (2.2s)
2026-05-14 18:54:38 - ========================================================================
2026-05-14 18:54:38 - 开始训练
2026-05-14 18:54:38 - ========================================================================
2026-05-14 19:04:42 - Epoch [1/20] LR: 4.00e-06/4.00e-05 | Loss: 1.3268 (seg=0.4453 ord=0.4408) | Dice: 0.7315 | 604s
2026-05-14 19:14:12 - Epoch [2/20] LR: 8.00e-06/8.00e-05 | Loss: 0.8815 (seg=0.1249 ord=0.3783) | Dice: 0.9403 | 570s
2026-05-14 19:14:45 - [Val] AUC: 0.9980 | profile=primary t_low=0.150 t_high=0.500 low_p=0.9212 high_recall=1.0000 M→低=0 med_share=0.300
2026-05-14 19:14:47 - *** 保存最优 (Val AUC: 0.9980, Epoch 2) ***
2026-05-14 19:24:10 - Epoch [3/20] LR: 1.20e-05/1.20e-04 | Loss: 0.7513 (seg=0.0302 ord=0.3605) | Dice: 0.9656 | 563s
2026-05-14 19:33:34 - Epoch [4/20] LR: 1.60e-05/1.60e-04 | Loss: 0.7314 (seg=0.0191 ord=0.3562) | Dice: 0.9728 | 564s
2026-05-14 19:34:08 - [Val] AUC: 0.9951 | profile=relax_safety t_low=0.050 t_high=0.500 low_p=0.9171 high_recall=0.9194 M→低=0 med_share=0.394
2026-05-14 19:42:05 - Epoch [5/20] LR: 2.00e-05/2.00e-04 | Loss: 0.7145 (seg=0.0159 ord=0.3493) | Dice: 0.9755 | 477s
2026-05-14 19:48:34 - Epoch [6/20] LR: 1.98e-05/1.98e-04 | Loss: 0.6889 (seg=0.0130 ord=0.3379) | Dice: 0.9795 | 389s
2026-05-14 19:48:58 - [Val] AUC: 0.9870 | profile=primary t_low=0.050 t_high=0.500 low_p=0.9050 high_recall=0.9516 M→低=1 med_share=0.248
2026-05-14 19:55:05 - Epoch [7/20] LR: 1.91e-05/1.91e-04 | Loss: 0.6773 (seg=0.0104 ord=0.3335) | Dice: 0.9835 | 367s
2026-05-14 19:59:52 - Epoch [8/20] LR: 1.81e-05/1.81e-04 | Loss: 0.6643 (seg=0.0094 ord=0.3275) | Dice: 0.9849 | 287s
2026-05-14 20:00:10 - [Val] AUC: 0.9901 | profile=relax_safety t_low=0.050 t_high=0.500 low_p=0.9067 high_recall=0.9516 M→低=2 med_share=0.229
2026-05-14 20:04:59 - Epoch [9/20] LR: 1.67e-05/1.67e-04 | Loss: 0.6385 (seg=0.0079 ord=0.3153) | Dice: 0.9875 | 288s
2026-05-14 20:09:47 - Epoch [10/20] LR: 1.50e-05/1.50e-04 | Loss: 0.6151 (seg=0.0068 ord=0.3042) | Dice: 0.9891 | 289s
2026-05-14 20:10:06 - [Val] AUC: 0.9573 | profile=unconstrained t_low=0.070 t_high=0.500 low_p=0.8349 high_recall=0.7419 M→低=9 med_share=0.130
2026-05-14 20:13:09 - Epoch [11/20] LR: 1.32e-05/1.32e-04 | Loss: 0.6075 (seg=0.0057 ord=0.3009) | Dice: 0.9909 | 183s
2026-05-14 20:14:47 - Epoch [12/20] LR: 1.11e-05/1.11e-04 | Loss: 0.5934 (seg=0.0047 ord=0.2943) | Dice: 0.9926 | 98s
2026-05-14 20:14:54 - [Val] AUC: 0.9851 | profile=unconstrained t_low=0.050 t_high=0.500 low_p=0.8783 high_recall=0.9194 M→低=4 med_share=0.101
2026-05-14 20:16:31 - Epoch [13/20] LR: 9.07e-06/9.07e-05 | Loss: 0.5715 (seg=0.0040 ord=0.2837) | Dice: 0.9936 | 96s
2026-05-14 20:18:08 - Epoch [14/20] LR: 7.04e-06/7.04e-05 | Loss: 0.5634 (seg=0.0035 ord=0.2799) | Dice: 0.9943 | 97s
2026-05-14 20:18:14 - [Val] AUC: 0.9722 | profile=unconstrained t_low=0.130 t_high=0.500 low_p=0.8767 high_recall=0.8871 M→低=5 med_share=0.175
2026-05-14 20:19:52 - Epoch [15/20] LR: 5.15e-06/5.15e-05 | Loss: 0.5586 (seg=0.0031 ord=0.2778) | Dice: 0.9951 | 97s
2026-05-14 20:21:28 - Epoch [16/20] LR: 3.48e-06/3.48e-05 | Loss: 0.5355 (seg=0.0027 ord=0.2664) | Dice: 0.9956 | 96s
2026-05-14 20:21:35 - [Val] AUC: 0.9806 | profile=unconstrained t_low=0.230 t_high=0.500 low_p=0.8873 high_recall=0.9194 M→低=3 med_share=0.087
2026-05-14 20:23:13 - Epoch [17/20] LR: 2.09e-06/2.09e-05 | Loss: 0.5265 (seg=0.0024 ord=0.2620) | Dice: 0.9962 | 98s
2026-05-14 20:24:54 - Epoch [18/20] LR: 1.06e-06/1.06e-05 | Loss: 0.5199 (seg=0.0023 ord=0.2588) | Dice: 0.9962 | 101s
2026-05-14 20:25:00 - [Val] AUC: 0.9697 | profile=unconstrained t_low=0.090 t_high=0.500 low_p=0.8793 high_recall=0.8710 M→低=5 med_share=0.153
2026-05-14 20:26:40 - Epoch [19/20] LR: 4.16e-07/4.16e-06 | Loss: 0.5196 (seg=0.0022 ord=0.2587) | Dice: 0.9965 | 100s
2026-05-14 20:28:22 - Epoch [20/20] LR: 2.00e-07/2.00e-06 | Loss: 0.5175 (seg=0.0022 ord=0.2577) | Dice: 0.9965 | 102s
2026-05-14 20:28:28 - [Val] AUC: 0.9660 | profile=unconstrained t_low=0.050 t_high=0.500 low_p=0.8759 high_recall=0.8548 M→低=6 med_share=0.167
2026-05-14 20:28:28 - ========================================================================
2026-05-14 20:28:28 - 训练完成 | best_epoch=2 | best_val_auc=0.9980
2026-05-14 20:28:28 - ========================================================================
2026-05-14 20:28:51 - ========================================================================
2026-05-14 20:28:51 - [Test (S1_1_1_1)] 风险分层评估 (t_low=0.150, t_high=0.500)
2026-05-14 20:28:51 - ========================================================================
2026-05-14 20:28:51 - [Test (S1_1_1_1)] 3-band 混淆矩阵 (行=真实, 列=预测档)：
2026-05-14 20:28:51 -                band_high  band_med   band_low
2026-05-14 20:28:51 -   malignant           104         0          0
2026-05-14 20:28:51 -   benign               25        83         50
2026-05-14 20:28:51 -   no_tumor             40       251        614
2026-05-14 20:28:51 - [Test (S1_1_1_1)] 二值安全口径 (高风险 vs 非高风险)：
2026-05-14 20:28:51 -                pred_high  pred_other
2026-05-14 20:28:51 -   is_malignant       104          0
2026-05-14 20:28:51 -   not_mal             65        998
2026-05-14 20:28:51 - [Test (S1_1_1_1)] 关键安全指标：
2026-05-14 20:28:51 -   M → 低风险 漏诊 (硬底线 ≤ 1)：0
2026-05-14 20:28:51 -   高风险召回 (硬底线 ≥ 0.95) ：1.0000
2026-05-14 20:28:51 -   高风险精确率              ：0.6154
2026-05-14 20:28:51 -   中风险占比 (约束 ≤ 0.35)  ：0.2862
2026-05-14 20:28:51 -   二值 ROC-AUC (恶性 vs 其他)：0.9998
2026-05-14 20:28:51 - [Test (S1_1_1_1)] 每档统计：
2026-05-14 20:28:51 -   band_high   | n_pred= 169 | share=0.145 | P(vs malignant)=0.6154 | R(vs malignant)=1.0000
2026-05-14 20:28:51 -   band_medium | n_pred= 334 | share=0.286 | P(vs benign)=0.2485 | R(vs benign)=0.5253
2026-05-14 20:28:51 -   band_low    | n_pred= 664 | share=0.569 | P(vs no_tumor)=0.9247 | R(vs no_tumor)=0.6785
2026-05-14 20:28:51 - [Test (S1_1_1_1)] 风险分数分布：
2026-05-14 20:28:51 -   malignant  n= 104 mean=0.9958 std=0.0234 [0.7653, 0.9997]
2026-05-14 20:28:51 -   benign     n= 158 mean=0.2973 std=0.2272 [0.0095, 0.9845]
2026-05-14 20:28:51 -   no_tumor   n= 905 mean=0.1445 std=0.1606 [0.0049, 0.9898]
2026-05-14 20:28:51 - [Test (S1_1_1_1)] 校准 (Brier=0.0552)；分箱样本数: [540, 203, 123, 84, 48, 27, 15, 11, 6, 110]
2026-05-14 20:28:51 - ========================================================================
2026-05-14 20:28:51 - 评估结果已保存: /data1/ouyangxinglong/GBP-Cascade/0514/logs/ratio_ablation/S1_1_1_1/eval_test.json
2026-05-14 20:28:53 - 混淆矩阵图: /data1/ouyangxinglong/GBP-Cascade/0514/logs/ratio_ablation/S1_1_1_1/confusion_matrix.png
2026-05-14 20:28:53 - ========================================================================
2026-05-14 20:28:53 - 完成 S1_1_1_1
2026-05-14 20:28:53 - ========================================================================
