2026-03-19 10:54:02 - ============================================================
2026-03-19 10:54:02 - 实验名称: 20260319_task2_Resnet34_adamw_warmupcosine_weakaug_classweight_img320_5
2026-03-19 10:54:02 - 任务: Task 2 - 良性肿瘤(0) vs 非肿瘤性息肉(1)
2026-03-19 10:54:02 - 模型: ResNet34 (ImageNet预训练)
2026-03-19 10:54:02 - 修改: AdamW + diff lr + warmup cosine + weakaug + class weight + label smoothing + img320
2026-03-19 10:54:02 - 图像尺寸: train Resize320 + HFlip + RandomAffine + LightColorJitter, test Resize320
2026-03-19 10:54:02 - Batch Size: 16
2026-03-19 10:54:02 - Backbone LR: 0.0001
2026-03-19 10:54:02 - Head LR: 0.0005
2026-03-19 10:54:02 - Weight Decay: 0.01
2026-03-19 10:54:02 - Warmup Epochs: 5
2026-03-19 10:54:02 - Min LR Ratio: 0.05
2026-03-19 10:54:02 - Label Smoothing: 0.05
2026-03-19 10:54:02 - Epochs: 60
2026-03-19 10:54:02 - Grad Clip: 1.0
2026-03-19 10:54:02 - 设备: cuda
2026-03-19 10:54:02 - ============================================================
2026-03-19 10:54:02 - 训练集: 1303 张 (benign=309, no_tumor=994)
2026-03-19 10:54:02 - 测试集: 564 张 (benign=129, no_tumor=435)
2026-03-19 10:54:04 - 模型参数量: 21,285,698
2026-03-19 10:54:04 - 可训练参数量: 21,285,698
2026-03-19 10:54:04 - 类别权重: benign=2.1084, no_tumor=0.6554
2026-03-19 10:54:04 - 损失函数: CrossEntropyLoss(class_weight + label_smoothing=0.05)
2026-03-19 10:54:04 - 
============================================================
2026-03-19 10:54:04 - 开始训练
2026-03-19 10:54:04 - ============================================================
2026-03-19 10:54:09 - Epoch [1/60] LR(backbone/head): 2.000000e-05/1.000000e-04 | WarmupCosineFactor: 0.2000 | Loss: 0.7359 | Train Acc: 0.6040 | Time: 4.7s
2026-03-19 10:54:12 - Epoch [2/60] LR(backbone/head): 4.000000e-05/2.000000e-04 | WarmupCosineFactor: 0.4000 | Loss: 0.6737 | Train Acc: 0.6193 | Time: 3.2s
2026-03-19 10:54:15 - Epoch [3/60] LR(backbone/head): 6.000000e-05/3.000000e-04 | WarmupCosineFactor: 0.6000 | Loss: 0.6321 | Train Acc: 0.6969 | Time: 3.2s
2026-03-19 10:54:15 - ----------------------------------------
2026-03-19 10:54:17 - [Test] Acc: 0.5142 | Precision(macro): 0.5209 | Recall(macro): 0.5296 | F1(macro): 0.4793
2026-03-19 10:54:17 - [Test] Classification Report:
              precision    recall  f1-score   support

      benign     0.2491    0.5581    0.3445       129
    no_tumor     0.7927    0.5011    0.6141       435

    accuracy                         0.5142       564
   macro avg     0.5209    0.5296    0.4793       564
weighted avg     0.6684    0.5142    0.5524       564

2026-03-19 10:54:17 - *** 保存最优模型 (F1: 0.4793, Epoch: 3) ***
2026-03-19 10:54:17 - ----------------------------------------
2026-03-19 10:54:20 - Epoch [4/60] LR(backbone/head): 8.000000e-05/4.000000e-04 | WarmupCosineFactor: 0.8000 | Loss: 0.6098 | Train Acc: 0.7329 | Time: 3.3s
2026-03-19 10:54:24 - Epoch [5/60] LR(backbone/head): 1.000000e-04/5.000000e-04 | WarmupCosineFactor: 1.0000 | Loss: 0.5828 | Train Acc: 0.7452 | Time: 3.2s
2026-03-19 10:54:27 - Epoch [6/60] LR(backbone/head): 9.992253e-05/4.996127e-04 | WarmupCosineFactor: 0.9992 | Loss: 0.5846 | Train Acc: 0.7721 | Time: 3.2s
2026-03-19 10:54:27 - ----------------------------------------
2026-03-19 10:54:28 - [Test] Acc: 0.5177 | Precision(macro): 0.5187 | Recall(macro): 0.5265 | F1(macro): 0.4800
2026-03-19 10:54:28 - [Test] Classification Report:
              precision    recall  f1-score   support

      benign     0.2473    0.5426    0.3398       129
    no_tumor     0.7900    0.5103    0.6201       435

    accuracy                         0.5177       564
   macro avg     0.5187    0.5265    0.4800       564
weighted avg     0.6659    0.5177    0.5560       564

2026-03-19 10:54:28 - *** 保存最优模型 (F1: 0.4800, Epoch: 6) ***
2026-03-19 10:54:28 - ----------------------------------------
2026-03-19 10:54:32 - Epoch [7/60] LR(backbone/head): 9.969038e-05/4.984519e-04 | WarmupCosineFactor: 0.9969 | Loss: 0.5102 | Train Acc: 0.7966 | Time: 3.5s
2026-03-19 10:54:35 - Epoch [8/60] LR(backbone/head): 9.930431e-05/4.965215e-04 | WarmupCosineFactor: 0.9930 | Loss: 0.4349 | Train Acc: 0.8434 | Time: 3.2s
2026-03-19 10:54:38 - Epoch [9/60] LR(backbone/head): 9.876557e-05/4.938278e-04 | WarmupCosineFactor: 0.9877 | Loss: 0.4224 | Train Acc: 0.8688 | Time: 3.2s
2026-03-19 10:54:38 - ----------------------------------------
2026-03-19 10:54:39 - [Test] Acc: 0.6755 | Precision(macro): 0.5787 | Recall(macro): 0.5933 | F1(macro): 0.5818
2026-03-19 10:54:39 - [Test] Classification Report:
              precision    recall  f1-score   support

      benign     0.3393    0.4419    0.3838       129
    no_tumor     0.8182    0.7448    0.7798       435

    accuracy                         0.6755       564
   macro avg     0.5787    0.5933    0.5818       564
weighted avg     0.7086    0.6755    0.6892       564

2026-03-19 10:54:39 - *** 保存最优模型 (F1: 0.5818, Epoch: 9) ***
2026-03-19 10:54:39 - ----------------------------------------
2026-03-19 10:54:43 - Epoch [10/60] LR(backbone/head): 9.807592e-05/4.903796e-04 | WarmupCosineFactor: 0.9808 | Loss: 0.3942 | Train Acc: 0.8787 | Time: 3.2s
2026-03-19 10:54:46 - Epoch [11/60] LR(backbone/head): 9.723761e-05/4.861880e-04 | WarmupCosineFactor: 0.9724 | Loss: 0.3569 | Train Acc: 0.9033 | Time: 3.2s
2026-03-19 10:54:49 - Epoch [12/60] LR(backbone/head): 9.625337e-05/4.812669e-04 | WarmupCosineFactor: 0.9625 | Loss: 0.3451 | Train Acc: 0.9125 | Time: 3.2s
2026-03-19 10:54:49 - ----------------------------------------
2026-03-19 10:54:50 - [Test] Acc: 0.6330 | Precision(macro): 0.5646 | Recall(macro): 0.5848 | F1(macro): 0.5605
2026-03-19 10:54:50 - [Test] Classification Report:
              precision    recall  f1-score   support

      benign     0.3107    0.4961    0.3821       129
    no_tumor     0.8184    0.6736    0.7390       435

    accuracy                         0.6330       564
   macro avg     0.5646    0.5848    0.5605       564
weighted avg     0.7023    0.6330    0.6573       564

2026-03-19 10:54:50 - ----------------------------------------
2026-03-19 10:54:53 - Epoch [13/60] LR(backbone/head): 9.512643e-05/4.756321e-04 | WarmupCosineFactor: 0.9513 | Loss: 0.3348 | Train Acc: 0.9263 | Time: 3.2s
2026-03-19 10:54:57 - Epoch [14/60] LR(backbone/head): 9.386044e-05/4.693022e-04 | WarmupCosineFactor: 0.9386 | Loss: 0.3020 | Train Acc: 0.9394 | Time: 3.3s
2026-03-19 10:55:00 - Epoch [15/60] LR(backbone/head): 9.245954e-05/4.622977e-04 | WarmupCosineFactor: 0.9246 | Loss: 0.2961 | Train Acc: 0.9386 | Time: 3.4s
2026-03-19 10:55:00 - ----------------------------------------
2026-03-19 10:55:01 - [Test] Acc: 0.6738 | Precision(macro): 0.5569 | Recall(macro): 0.5622 | F1(macro): 0.5587
2026-03-19 10:55:01 - [Test] Classification Report:
              precision    recall  f1-score   support

      benign     0.3129    0.3566    0.3333       129
    no_tumor     0.8010    0.7678    0.7840       435

    accuracy                         0.6738       564
   macro avg     0.5569    0.5622    0.5587       564
weighted avg     0.6893    0.6738    0.6810       564

2026-03-19 10:55:01 - ----------------------------------------
2026-03-19 10:55:05 - Epoch [16/60] LR(backbone/head): 9.092831e-05/4.546415e-04 | WarmupCosineFactor: 0.9093 | Loss: 0.2759 | Train Acc: 0.9532 | Time: 3.4s
2026-03-19 10:55:08 - Epoch [17/60] LR(backbone/head): 8.927173e-05/4.463586e-04 | WarmupCosineFactor: 0.8927 | Loss: 0.2582 | Train Acc: 0.9586 | Time: 3.4s
2026-03-19 10:55:12 - Epoch [18/60] LR(backbone/head): 8.749520e-05/4.374760e-04 | WarmupCosineFactor: 0.8750 | Loss: 0.2597 | Train Acc: 0.9547 | Time: 3.6s
2026-03-19 10:55:12 - ----------------------------------------
2026-03-19 10:55:13 - [Test] Acc: 0.6897 | Precision(macro): 0.5633 | Recall(macro): 0.5644 | F1(macro): 0.5638
2026-03-19 10:55:13 - [Test] Classification Report:
              precision    recall  f1-score   support

      benign     0.3258    0.3333    0.3295       129
    no_tumor     0.8009    0.7954    0.7982       435

    accuracy                         0.6897       564
   macro avg     0.5633    0.5644    0.5638       564
weighted avg     0.6922    0.6897    0.6910       564

2026-03-19 10:55:13 - ----------------------------------------
2026-03-19 10:55:16 - Epoch [19/60] LR(backbone/head): 8.560453e-05/4.280227e-04 | WarmupCosineFactor: 0.8560 | Loss: 0.2471 | Train Acc: 0.9731 | Time: 3.4s
2026-03-19 10:55:19 - Epoch [20/60] LR(backbone/head): 8.360588e-05/4.180294e-04 | WarmupCosineFactor: 0.8361 | Loss: 0.2378 | Train Acc: 0.9739 | Time: 3.4s
2026-03-19 10:55:23 - Epoch [21/60] LR(backbone/head): 8.150577e-05/4.075289e-04 | WarmupCosineFactor: 0.8151 | Loss: 0.2326 | Train Acc: 0.9754 | Time: 3.6s
2026-03-19 10:55:23 - ----------------------------------------
2026-03-19 10:55:24 - [Test] Acc: 0.6933 | Precision(macro): 0.5702 | Recall(macro): 0.5721 | F1(macro): 0.5711
2026-03-19 10:55:24 - [Test] Classification Report:
              precision    recall  f1-score   support

      benign     0.3358    0.3488    0.3422       129
    no_tumor     0.8047    0.7954    0.8000       435

    accuracy                         0.6933       564
   macro avg     0.5702    0.5721    0.5711       564
weighted avg     0.6974    0.6933    0.6953       564

2026-03-19 10:55:24 - ----------------------------------------
2026-03-19 10:55:28 - Epoch [22/60] LR(backbone/head): 7.931105e-05/3.965553e-04 | WarmupCosineFactor: 0.7931 | Loss: 0.2226 | Train Acc: 0.9793 | Time: 3.4s
2026-03-19 10:55:31 - Epoch [23/60] LR(backbone/head): 7.702888e-05/3.851444e-04 | WarmupCosineFactor: 0.7703 | Loss: 0.2345 | Train Acc: 0.9739 | Time: 3.6s
2026-03-19 10:55:34 - Epoch [24/60] LR(backbone/head): 7.466670e-05/3.733335e-04 | WarmupCosineFactor: 0.7467 | Loss: 0.2024 | Train Acc: 0.9885 | Time: 3.3s
2026-03-19 10:55:34 - ----------------------------------------
2026-03-19 10:55:35 - [Test] Acc: 0.7429 | Precision(macro): 0.6034 | Recall(macro): 0.5743 | F1(macro): 0.5804
2026-03-19 10:55:35 - [Test] Classification Report:
              precision    recall  f1-score   support

      benign     0.4048    0.2636    0.3192       129
    no_tumor     0.8021    0.8851    0.8415       435

    accuracy                         0.7429       564
   macro avg     0.6034    0.5743    0.5804       564
weighted avg     0.7112    0.7429    0.7221       564

2026-03-19 10:55:35 - ----------------------------------------
2026-03-19 10:55:39 - Epoch [25/60] LR(backbone/head): 7.223221e-05/3.611611e-04 | WarmupCosineFactor: 0.7223 | Loss: 0.2142 | Train Acc: 0.9908 | Time: 3.8s
2026-03-19 10:55:43 - Epoch [26/60] LR(backbone/head): 6.973337e-05/3.486668e-04 | WarmupCosineFactor: 0.6973 | Loss: 0.2098 | Train Acc: 0.9870 | Time: 3.5s
2026-03-19 10:55:46 - Epoch [27/60] LR(backbone/head): 6.717831e-05/3.358915e-04 | WarmupCosineFactor: 0.6718 | Loss: 0.1961 | Train Acc: 0.9923 | Time: 3.4s
2026-03-19 10:55:46 - ----------------------------------------
2026-03-19 10:55:47 - [Test] Acc: 0.7500 | Precision(macro): 0.6159 | Recall(macro): 0.5816 | F1(macro): 0.5890
2026-03-19 10:55:47 - [Test] Classification Report:
              precision    recall  f1-score   support

      benign     0.4268    0.2713    0.3318       129
    no_tumor     0.8050    0.8920    0.8462       435

    accuracy                         0.7500       564
   macro avg     0.6159    0.5816    0.5890       564
weighted avg     0.7185    0.7500    0.7286       564

2026-03-19 10:55:48 - *** 保存最优模型 (F1: 0.5890, Epoch: 27) ***
2026-03-19 10:55:48 - ----------------------------------------
2026-03-19 10:55:51 - Epoch [28/60] LR(backbone/head): 6.457537e-05/3.228769e-04 | WarmupCosineFactor: 0.6458 | Loss: 0.1925 | Train Acc: 0.9931 | Time: 3.2s
2026-03-19 10:55:54 - Epoch [29/60] LR(backbone/head): 6.193305e-05/3.096652e-04 | WarmupCosineFactor: 0.6193 | Loss: 0.1943 | Train Acc: 0.9962 | Time: 3.3s
2026-03-19 10:55:57 - Epoch [30/60] LR(backbone/head): 5.925995e-05/2.962998e-04 | WarmupCosineFactor: 0.5926 | Loss: 0.1847 | Train Acc: 0.9969 | Time: 3.2s
2026-03-19 10:55:57 - ----------------------------------------
2026-03-19 10:55:58 - [Test] Acc: 0.6950 | Precision(macro): 0.5845 | Recall(macro): 0.5924 | F1(macro): 0.5875
2026-03-19 10:55:58 - [Test] Classification Report:
              precision    recall  f1-score   support

      benign     0.3537    0.4031    0.3768       129
    no_tumor     0.8153    0.7816    0.7981       435

    accuracy                         0.6950       564
   macro avg     0.5845    0.5924    0.5875       564
weighted avg     0.7098    0.6950    0.7018       564

2026-03-19 10:55:58 - ----------------------------------------
2026-03-19 10:56:02 - Epoch [31/60] LR(backbone/head): 5.656481e-05/2.828241e-04 | WarmupCosineFactor: 0.5656 | Loss: 0.1808 | Train Acc: 0.9977 | Time: 3.5s
2026-03-19 10:56:05 - Epoch [32/60] LR(backbone/head): 5.385641e-05/2.692821e-04 | WarmupCosineFactor: 0.5386 | Loss: 0.1814 | Train Acc: 0.9954 | Time: 3.2s
2026-03-19 10:56:08 - Epoch [33/60] LR(backbone/head): 5.114359e-05/2.557179e-04 | WarmupCosineFactor: 0.5114 | Loss: 0.1889 | Train Acc: 0.9969 | Time: 3.2s
2026-03-19 10:56:08 - ----------------------------------------
2026-03-19 10:56:09 - [Test] Acc: 0.7057 | Precision(macro): 0.5673 | Recall(macro): 0.5611 | F1(macro): 0.5633
2026-03-19 10:56:09 - [Test] Classification Report:
              precision    recall  f1-score   support

      benign     0.3363    0.2946    0.3140       129
    no_tumor     0.7982    0.8276    0.8126       435

    accuracy                         0.7057       564
   macro avg     0.5673    0.5611    0.5633       564
weighted avg     0.6926    0.7057    0.6986       564

2026-03-19 10:56:09 - ----------------------------------------
2026-03-19 10:56:13 - Epoch [34/60] LR(backbone/head): 4.843519e-05/2.421759e-04 | WarmupCosineFactor: 0.4844 | Loss: 0.1776 | Train Acc: 0.9977 | Time: 3.5s
2026-03-19 10:56:16 - Epoch [35/60] LR(backbone/head): 4.574005e-05/2.287002e-04 | WarmupCosineFactor: 0.4574 | Loss: 0.1828 | Train Acc: 0.9962 | Time: 3.3s
2026-03-19 10:56:19 - Epoch [36/60] LR(backbone/head): 4.306695e-05/2.153348e-04 | WarmupCosineFactor: 0.4307 | Loss: 0.1810 | Train Acc: 0.9946 | Time: 3.2s
2026-03-19 10:56:19 - ----------------------------------------
2026-03-19 10:56:20 - [Test] Acc: 0.7500 | Precision(macro): 0.6159 | Recall(macro): 0.5816 | F1(macro): 0.5890
2026-03-19 10:56:20 - [Test] Classification Report:
              precision    recall  f1-score   support

      benign     0.4268    0.2713    0.3318       129
    no_tumor     0.8050    0.8920    0.8462       435

    accuracy                         0.7500       564
   macro avg     0.6159    0.5816    0.5890       564
weighted avg     0.7185    0.7500    0.7286       564

2026-03-19 10:56:20 - ----------------------------------------
2026-03-19 10:56:24 - Epoch [37/60] LR(backbone/head): 4.042463e-05/2.021231e-04 | WarmupCosineFactor: 0.4042 | Loss: 0.1858 | Train Acc: 0.9954 | Time: 3.2s
2026-03-19 10:56:27 - Epoch [38/60] LR(backbone/head): 3.782169e-05/1.891085e-04 | WarmupCosineFactor: 0.3782 | Loss: 0.1737 | Train Acc: 0.9977 | Time: 3.2s
2026-03-19 10:56:30 - Epoch [39/60] LR(backbone/head): 3.526663e-05/1.763332e-04 | WarmupCosineFactor: 0.3527 | Loss: 0.1743 | Train Acc: 0.9992 | Time: 3.2s
2026-03-19 10:56:30 - ----------------------------------------
2026-03-19 10:56:31 - [Test] Acc: 0.7606 | Precision(macro): 0.6405 | Recall(macro): 0.6049 | F1(macro): 0.6148
2026-03-19 10:56:31 - [Test] Classification Report:
              precision    recall  f1-score   support

      benign     0.4659    0.3178    0.3779       129
    no_tumor     0.8151    0.8920    0.8518       435

    accuracy                         0.7606       564
   macro avg     0.6405    0.6049    0.6148       564
weighted avg     0.7353    0.7606    0.7434       564

2026-03-19 10:56:32 - *** 保存最优模型 (F1: 0.6148, Epoch: 39) ***
2026-03-19 10:56:32 - ----------------------------------------
2026-03-19 10:56:35 - Epoch [40/60] LR(backbone/head): 3.276779e-05/1.638389e-04 | WarmupCosineFactor: 0.3277 | Loss: 0.1719 | Train Acc: 1.0000 | Time: 3.2s
2026-03-19 10:56:38 - Epoch [41/60] LR(backbone/head): 3.033330e-05/1.516665e-04 | WarmupCosineFactor: 0.3033 | Loss: 0.1747 | Train Acc: 0.9992 | Time: 3.5s
2026-03-19 10:56:41 - Epoch [42/60] LR(backbone/head): 2.797112e-05/1.398556e-04 | WarmupCosineFactor: 0.2797 | Loss: 0.1737 | Train Acc: 1.0000 | Time: 3.2s
2026-03-19 10:56:41 - ----------------------------------------
2026-03-19 10:56:42 - [Test] Acc: 0.7500 | Precision(macro): 0.6203 | Recall(macro): 0.5898 | F1(macro): 0.5977
2026-03-19 10:56:42 - [Test] Classification Report:
              precision    recall  f1-score   support

      benign     0.4318    0.2946    0.3502       129
    no_tumor     0.8088    0.8851    0.8452       435

    accuracy                         0.7500       564
   macro avg     0.6203    0.5898    0.5977       564
weighted avg     0.7226    0.7500    0.7320       564

2026-03-19 10:56:42 - ----------------------------------------
2026-03-19 10:56:46 - Epoch [43/60] LR(backbone/head): 2.568895e-05/1.284447e-04 | WarmupCosineFactor: 0.2569 | Loss: 0.1724 | Train Acc: 0.9992 | Time: 3.3s
2026-03-19 10:56:49 - Epoch [44/60] LR(backbone/head): 2.349423e-05/1.174711e-04 | WarmupCosineFactor: 0.2349 | Loss: 0.1739 | Train Acc: 0.9992 | Time: 3.4s
2026-03-19 10:56:52 - Epoch [45/60] LR(backbone/head): 2.139412e-05/1.069706e-04 | WarmupCosineFactor: 0.2139 | Loss: 0.1691 | Train Acc: 1.0000 | Time: 3.2s
2026-03-19 10:56:52 - ----------------------------------------
2026-03-19 10:56:53 - [Test] Acc: 0.7323 | Precision(macro): 0.6048 | Recall(macro): 0.5920 | F1(macro): 0.5967
2026-03-19 10:56:53 - [Test] Classification Report:
              precision    recall  f1-score   support

      benign     0.3981    0.3333    0.3629       129
    no_tumor     0.8114    0.8506    0.8305       435

    accuracy                         0.7323       564
   macro avg     0.6048    0.5920    0.5967       564
weighted avg     0.7169    0.7323    0.7236       564

2026-03-19 10:56:53 - ----------------------------------------
2026-03-19 10:56:57 - Epoch [46/60] LR(backbone/head): 1.939547e-05/9.697733e-05 | WarmupCosineFactor: 0.1940 | Loss: 0.1742 | Train Acc: 0.9985 | Time: 3.6s
2026-03-19 10:57:00 - Epoch [47/60] LR(backbone/head): 1.750480e-05/8.752398e-05 | WarmupCosineFactor: 0.1750 | Loss: 0.1705 | Train Acc: 1.0000 | Time: 3.2s
2026-03-19 10:57:03 - Epoch [48/60] LR(backbone/head): 1.572827e-05/7.864137e-05 | WarmupCosineFactor: 0.1573 | Loss: 0.1701 | Train Acc: 1.0000 | Time: 3.3s
2026-03-19 10:57:03 - ----------------------------------------
2026-03-19 10:57:05 - [Test] Acc: 0.7376 | Precision(macro): 0.6047 | Recall(macro): 0.5845 | F1(macro): 0.5905
2026-03-19 10:57:05 - [Test] Classification Report:
              precision    recall  f1-score   support

      benign     0.4021    0.3023    0.3451       129
    no_tumor     0.8073    0.8667    0.8359       435

    accuracy                         0.7376       564
   macro avg     0.6047    0.5845    0.5905       564
weighted avg     0.7146    0.7376    0.7237       564

2026-03-19 10:57:05 - ----------------------------------------
2026-03-19 10:57:08 - Epoch [49/60] LR(backbone/head): 1.407169e-05/7.035846e-05 | WarmupCosineFactor: 0.1407 | Loss: 0.1714 | Train Acc: 1.0000 | Time: 3.2s
2026-03-19 10:57:11 - Epoch [50/60] LR(backbone/head): 1.254046e-05/6.270229e-05 | WarmupCosineFactor: 0.1254 | Loss: 0.1691 | Train Acc: 1.0000 | Time: 3.2s
2026-03-19 10:57:14 - Epoch [51/60] LR(backbone/head): 1.113956e-05/5.569781e-05 | WarmupCosineFactor: 0.1114 | Loss: 0.1727 | Train Acc: 0.9992 | Time: 3.2s
2026-03-19 10:57:14 - ----------------------------------------
2026-03-19 10:57:15 - [Test] Acc: 0.7571 | Precision(macro): 0.6250 | Recall(macro): 0.5808 | F1(macro): 0.5885
2026-03-19 10:57:15 - [Test] Classification Report:
              precision    recall  f1-score   support

      benign     0.4459    0.2558    0.3251       129
    no_tumor     0.8041    0.9057    0.8519       435

    accuracy                         0.7571       564
   macro avg     0.6250    0.5808    0.5885       564
weighted avg     0.7222    0.7571    0.7314       564

2026-03-19 10:57:15 - ----------------------------------------
2026-03-19 10:57:19 - Epoch [52/60] LR(backbone/head): 9.873575e-06/4.936787e-05 | WarmupCosineFactor: 0.0987 | Loss: 0.1707 | Train Acc: 1.0000 | Time: 3.5s
2026-03-19 10:57:22 - Epoch [53/60] LR(backbone/head): 8.746626e-06/4.373313e-05 | WarmupCosineFactor: 0.0875 | Loss: 0.1712 | Train Acc: 1.0000 | Time: 3.2s
2026-03-19 10:57:25 - Epoch [54/60] LR(backbone/head): 7.762393e-06/3.881196e-05 | WarmupCosineFactor: 0.0776 | Loss: 0.1728 | Train Acc: 1.0000 | Time: 3.2s
2026-03-19 10:57:25 - ----------------------------------------
2026-03-19 10:57:26 - [Test] Acc: 0.7518 | Precision(macro): 0.6244 | Recall(macro): 0.5937 | F1(macro): 0.6020
2026-03-19 10:57:26 - [Test] Classification Report:
              precision    recall  f1-score   support

      benign     0.4382    0.3023    0.3578       129
    no_tumor     0.8105    0.8851    0.8462       435

    accuracy                         0.7518       564
   macro avg     0.6244    0.5937    0.6020       564
weighted avg     0.7254    0.7518    0.7345       564

2026-03-19 10:57:26 - ----------------------------------------
2026-03-19 10:57:29 - Epoch [55/60] LR(backbone/head): 6.924084e-06/3.462042e-05 | WarmupCosineFactor: 0.0692 | Loss: 0.1701 | Train Acc: 1.0000 | Time: 3.2s
2026-03-19 10:57:33 - Epoch [56/60] LR(backbone/head): 6.234434e-06/3.117217e-05 | WarmupCosineFactor: 0.0623 | Loss: 0.1735 | Train Acc: 1.0000 | Time: 3.5s
2026-03-19 10:57:36 - Epoch [57/60] LR(backbone/head): 5.695693e-06/2.847846e-05 | WarmupCosineFactor: 0.0570 | Loss: 0.1717 | Train Acc: 0.9992 | Time: 3.2s
2026-03-19 10:57:36 - ----------------------------------------
2026-03-19 10:57:37 - [Test] Acc: 0.7429 | Precision(macro): 0.6085 | Recall(macro): 0.5825 | F1(macro): 0.5892
2026-03-19 10:57:37 - [Test] Classification Report:
              precision    recall  f1-score   support

      benign     0.4111    0.2868    0.3379       129
    no_tumor     0.8059    0.8782    0.8405       435

    accuracy                         0.7429       564
   macro avg     0.6085    0.5825    0.5892       564
weighted avg     0.7156    0.7429    0.7255       564

2026-03-19 10:57:37 - ----------------------------------------
2026-03-19 10:57:41 - Epoch [58/60] LR(backbone/head): 5.309618e-06/2.654809e-05 | WarmupCosineFactor: 0.0531 | Loss: 0.1706 | Train Acc: 1.0000 | Time: 3.5s
2026-03-19 10:57:44 - Epoch [59/60] LR(backbone/head): 5.077468e-06/2.538734e-05 | WarmupCosineFactor: 0.0508 | Loss: 0.1717 | Train Acc: 1.0000 | Time: 3.6s
2026-03-19 10:57:48 - Epoch [60/60] LR(backbone/head): 5.000000e-06/2.500000e-05 | WarmupCosineFactor: 0.0500 | Loss: 0.1693 | Train Acc: 1.0000 | Time: 3.5s
2026-03-19 10:57:48 - ----------------------------------------
2026-03-19 10:57:49 - [Test] Acc: 0.7589 | Precision(macro): 0.6308 | Recall(macro): 0.5874 | F1(macro): 0.5962
2026-03-19 10:57:49 - [Test] Classification Report:
              precision    recall  f1-score   support

      benign     0.4545    0.2713    0.3398       129
    no_tumor     0.8070    0.9034    0.8525       435

    accuracy                         0.7589       564
   macro avg     0.6308    0.5874    0.5962       564
weighted avg     0.7264    0.7589    0.7352       564

2026-03-19 10:57:49 - ----------------------------------------
2026-03-19 10:57:49 - 
============================================================
2026-03-19 10:57:49 - 训练完成! 最优模型: Epoch 39, F1: 0.6148
2026-03-19 10:57:49 - ============================================================
2026-03-19 10:57:49 - 
加载最优权重进行最终测试...
2026-03-19 10:57:49 - ============================================================
2026-03-19 10:57:49 - 最终测试结果 (最优权重)
2026-03-19 10:57:49 - ============================================================
2026-03-19 10:57:50 - [Final Test] Acc: 0.7606 | Precision(macro): 0.6405 | Recall(macro): 0.6049 | F1(macro): 0.6148
2026-03-19 10:57:50 - [Final Test] Classification Report:
              precision    recall  f1-score   support

      benign     0.4659    0.3178    0.3779       129
    no_tumor     0.8151    0.8920    0.8518       435

    accuracy                         0.7606       564
   macro avg     0.6405    0.6049    0.6148       564
weighted avg     0.7353    0.7606    0.7434       564

2026-03-19 10:57:50 - 训练脚本已复制到: /data1/ouyangxinglong/GBP-Cascade/logs/20260319_task2_Resnet34_adamw_warmupcosine_weakaug_classweight_img320_5/20260319_task2_Resnet34_adamw_warmupcosine_weakaug_classweight_img320_5.py
