2026-03-18 17:29:55 - ============================================================
2026-03-18 17:29:55 - 实验名称: 20260318_task2_Resnet34_weakaug_classweight_balance1to1_4
2026-03-18 17:29:55 - 任务: Task 2 - 良性肿瘤(0) vs 非肿瘤性息肉(1)
2026-03-18 17:29:55 - 模型: ResNet34 (ImageNet预训练)
2026-03-18 17:29:55 - 修改: weak augmentation + class weight + balance1to1 数据 + 全参数微调
2026-03-18 17:29:55 - 图像尺寸: train resize 256, crop 224, test 224
2026-03-18 17:29:55 - Batch Size: 32
2026-03-18 17:29:55 - 学习率: 0.001
2026-03-18 17:29:55 - Weight Decay: 0.0001
2026-03-18 17:29:55 - Epochs: 100
2026-03-18 17:29:55 - 设备: cuda
2026-03-18 17:29:55 - ============================================================
2026-03-18 17:29:55 - 训练集: 618 张 (benign=309, no_tumor=309)
2026-03-18 17:29:55 - 测试集: 258 张 (benign=129, no_tumor=129)
2026-03-18 17:29:56 - 模型参数量: 21,285,698
2026-03-18 17:29:56 - 可训练参数量: 21,285,698
2026-03-18 17:29:56 - 类别权重: benign=1.0000, no_tumor=1.0000
2026-03-18 17:29:56 - 
============================================================
2026-03-18 17:29:56 - 开始训练
2026-03-18 17:29:56 - ============================================================
2026-03-18 17:30:01 - Epoch [1/100] LR: 0.001000 | Loss: 0.9871 | Train Acc: 0.5032 | Time: 5.4s
2026-03-18 17:30:05 - Epoch [2/100] LR: 0.001000 | Loss: 0.7179 | Train Acc: 0.5162 | Time: 4.1s
2026-03-18 17:30:10 - Epoch [3/100] LR: 0.001000 | Loss: 0.7397 | Train Acc: 0.5453 | Time: 4.1s
2026-03-18 17:30:10 - ----------------------------------------
2026-03-18 17:30:11 - [Test] Acc: 0.5426 | Precision(macro): 0.5477 | Recall(macro): 0.5426 | F1(macro): 0.5302
2026-03-18 17:30:11 - [Test] Classification Report:
              precision    recall  f1-score   support

      benign     0.5632    0.3798    0.4537       129
    no_tumor     0.5322    0.7054    0.6067       129

    accuracy                         0.5426       258
   macro avg     0.5477    0.5426    0.5302       258
weighted avg     0.5477    0.5426    0.5302       258

2026-03-18 17:30:11 - *** 保存最优模型 (F1: 0.5302, Epoch: 3) ***
2026-03-18 17:30:11 - ----------------------------------------
2026-03-18 17:30:15 - Epoch [4/100] LR: 0.001000 | Loss: 0.6712 | Train Acc: 0.5793 | Time: 4.1s
2026-03-18 17:30:19 - Epoch [5/100] LR: 0.001000 | Loss: 0.6682 | Train Acc: 0.5922 | Time: 4.1s
2026-03-18 17:30:23 - Epoch [6/100] LR: 0.001000 | Loss: 0.6790 | Train Acc: 0.6003 | Time: 4.1s
2026-03-18 17:30:23 - ----------------------------------------
2026-03-18 17:30:25 - [Test] Acc: 0.5465 | Precision(macro): 0.5486 | Recall(macro): 0.5465 | F1(macro): 0.5415
2026-03-18 17:30:25 - [Test] Classification Report:
              precision    recall  f1-score   support

      benign     0.5385    0.6512    0.5895       129
    no_tumor     0.5588    0.4419    0.4935       129

    accuracy                         0.5465       258
   macro avg     0.5486    0.5465    0.5415       258
weighted avg     0.5486    0.5465    0.5415       258

2026-03-18 17:30:25 - *** 保存最优模型 (F1: 0.5415, Epoch: 6) ***
2026-03-18 17:30:25 - ----------------------------------------
2026-03-18 17:30:29 - Epoch [7/100] LR: 0.001000 | Loss: 0.6480 | Train Acc: 0.6214 | Time: 4.1s
2026-03-18 17:30:33 - Epoch [8/100] LR: 0.001000 | Loss: 0.6441 | Train Acc: 0.6489 | Time: 4.1s
2026-03-18 17:30:37 - Epoch [9/100] LR: 0.001000 | Loss: 0.6488 | Train Acc: 0.6278 | Time: 4.1s
2026-03-18 17:30:37 - ----------------------------------------
2026-03-18 17:30:39 - [Test] Acc: 0.5930 | Precision(macro): 0.6488 | Recall(macro): 0.5930 | F1(macro): 0.5509
2026-03-18 17:30:39 - [Test] Classification Report:
              precision    recall  f1-score   support

      benign     0.7400    0.2868    0.4134       129
    no_tumor     0.5577    0.8992    0.6884       129

    accuracy                         0.5930       258
   macro avg     0.6488    0.5930    0.5509       258
weighted avg     0.6488    0.5930    0.5509       258

2026-03-18 17:30:39 - *** 保存最优模型 (F1: 0.5509, Epoch: 9) ***
2026-03-18 17:30:39 - ----------------------------------------
2026-03-18 17:30:43 - Epoch [10/100] LR: 0.001000 | Loss: 0.6446 | Train Acc: 0.6230 | Time: 4.1s
2026-03-18 17:30:47 - Epoch [11/100] LR: 0.001000 | Loss: 0.6310 | Train Acc: 0.6570 | Time: 4.1s
2026-03-18 17:30:51 - Epoch [12/100] LR: 0.001000 | Loss: 0.6344 | Train Acc: 0.6262 | Time: 4.1s
2026-03-18 17:30:51 - ----------------------------------------
2026-03-18 17:30:53 - [Test] Acc: 0.5659 | Precision(macro): 0.5826 | Recall(macro): 0.5659 | F1(macro): 0.5428
2026-03-18 17:30:53 - [Test] Classification Report:
              precision    recall  f1-score   support

      benign     0.6197    0.3411    0.4400       129
    no_tumor     0.5455    0.7907    0.6456       129

    accuracy                         0.5659       258
   macro avg     0.5826    0.5659    0.5428       258
weighted avg     0.5826    0.5659    0.5428       258

2026-03-18 17:30:53 - ----------------------------------------
2026-03-18 17:30:57 - Epoch [13/100] LR: 0.001000 | Loss: 0.6083 | Train Acc: 0.6715 | Time: 4.1s
2026-03-18 17:31:01 - Epoch [14/100] LR: 0.001000 | Loss: 0.6674 | Train Acc: 0.6489 | Time: 4.1s
2026-03-18 17:31:05 - Epoch [15/100] LR: 0.001000 | Loss: 0.5859 | Train Acc: 0.6958 | Time: 4.2s
2026-03-18 17:31:05 - ----------------------------------------
2026-03-18 17:31:07 - [Test] Acc: 0.5194 | Precision(macro): 0.5378 | Recall(macro): 0.5194 | F1(macro): 0.4528
2026-03-18 17:31:07 - [Test] Classification Report:
              precision    recall  f1-score   support

      benign     0.5114    0.8682    0.6437       129
    no_tumor     0.5641    0.1705    0.2619       129

    accuracy                         0.5194       258
   macro avg     0.5378    0.5194    0.4528       258
weighted avg     0.5378    0.5194    0.4528       258

2026-03-18 17:31:07 - ----------------------------------------
2026-03-18 17:31:11 - Epoch [16/100] LR: 0.001000 | Loss: 0.6031 | Train Acc: 0.6537 | Time: 4.1s
2026-03-18 17:31:15 - Epoch [17/100] LR: 0.001000 | Loss: 0.5868 | Train Acc: 0.6812 | Time: 4.1s
2026-03-18 17:31:19 - Epoch [18/100] LR: 0.001000 | Loss: 0.6189 | Train Acc: 0.6618 | Time: 4.1s
2026-03-18 17:31:19 - ----------------------------------------
2026-03-18 17:31:20 - [Test] Acc: 0.5504 | Precision(macro): 0.5846 | Recall(macro): 0.5504 | F1(macro): 0.4999
2026-03-18 17:31:20 - [Test] Classification Report:
              precision    recall  f1-score   support

      benign     0.6383    0.2326    0.3409       129
    no_tumor     0.5308    0.8682    0.6588       129

    accuracy                         0.5504       258
   macro avg     0.5846    0.5504    0.4999       258
weighted avg     0.5846    0.5504    0.4999       258

2026-03-18 17:31:20 - ----------------------------------------
2026-03-18 17:31:24 - Epoch [19/100] LR: 0.001000 | Loss: 0.6162 | Train Acc: 0.6634 | Time: 4.1s
2026-03-18 17:31:28 - Epoch [20/100] LR: 0.001000 | Loss: 0.5751 | Train Acc: 0.6845 | Time: 4.1s
2026-03-18 17:31:33 - Epoch [21/100] LR: 0.001000 | Loss: 0.6024 | Train Acc: 0.6602 | Time: 4.1s
2026-03-18 17:31:33 - ----------------------------------------
2026-03-18 17:31:34 - [Test] Acc: 0.5465 | Precision(macro): 0.5530 | Recall(macro): 0.5465 | F1(macro): 0.5323
2026-03-18 17:31:34 - [Test] Classification Report:
              precision    recall  f1-score   support

      benign     0.5714    0.3721    0.4507       129
    no_tumor     0.5345    0.7209    0.6139       129

    accuracy                         0.5465       258
   macro avg     0.5530    0.5465    0.5323       258
weighted avg     0.5530    0.5465    0.5323       258

2026-03-18 17:31:34 - ----------------------------------------
2026-03-18 17:31:38 - Epoch [22/100] LR: 0.001000 | Loss: 0.6387 | Train Acc: 0.6472 | Time: 4.1s
2026-03-18 17:31:42 - Epoch [23/100] LR: 0.001000 | Loss: 0.5994 | Train Acc: 0.6926 | Time: 4.1s
2026-03-18 17:31:46 - Epoch [24/100] LR: 0.001000 | Loss: 0.5737 | Train Acc: 0.6942 | Time: 4.1s
2026-03-18 17:31:46 - ----------------------------------------
2026-03-18 17:31:47 - [Test] Acc: 0.5388 | Precision(macro): 0.5405 | Recall(macro): 0.5388 | F1(macro): 0.5337
2026-03-18 17:31:47 - [Test] Classification Report:
              precision    recall  f1-score   support

      benign     0.5490    0.4341    0.4848       129
    no_tumor     0.5321    0.6434    0.5825       129

    accuracy                         0.5388       258
   macro avg     0.5405    0.5388    0.5337       258
weighted avg     0.5405    0.5388    0.5337       258

2026-03-18 17:31:47 - ----------------------------------------
2026-03-18 17:31:52 - Epoch [25/100] LR: 0.001000 | Loss: 0.6328 | Train Acc: 0.6553 | Time: 4.1s
2026-03-18 17:31:56 - Epoch [26/100] LR: 0.001000 | Loss: 0.5802 | Train Acc: 0.7023 | Time: 4.1s
2026-03-18 17:32:00 - Epoch [27/100] LR: 0.001000 | Loss: 0.5339 | Train Acc: 0.7362 | Time: 4.1s
2026-03-18 17:32:00 - ----------------------------------------
2026-03-18 17:32:01 - [Test] Acc: 0.5543 | Precision(macro): 0.5557 | Recall(macro): 0.5543 | F1(macro): 0.5513
2026-03-18 17:32:01 - [Test] Classification Report:
              precision    recall  f1-score   support

      benign     0.5648    0.4729    0.5148       129
    no_tumor     0.5467    0.6357    0.5878       129

    accuracy                         0.5543       258
   macro avg     0.5557    0.5543    0.5513       258
weighted avg     0.5557    0.5543    0.5513       258

2026-03-18 17:32:01 - *** 保存最优模型 (F1: 0.5513, Epoch: 27) ***
2026-03-18 17:32:01 - ----------------------------------------
2026-03-18 17:32:05 - Epoch [28/100] LR: 0.001000 | Loss: 0.5433 | Train Acc: 0.7136 | Time: 4.1s
2026-03-18 17:32:10 - Epoch [29/100] LR: 0.001000 | Loss: 0.5088 | Train Acc: 0.7395 | Time: 4.1s
2026-03-18 17:32:14 - Epoch [30/100] LR: 0.001000 | Loss: 0.5384 | Train Acc: 0.7379 | Time: 4.1s
2026-03-18 17:32:14 - ----------------------------------------
2026-03-18 17:32:15 - [Test] Acc: 0.5465 | Precision(macro): 0.5652 | Recall(macro): 0.5465 | F1(macro): 0.5116
2026-03-18 17:32:15 - [Test] Classification Report:
              precision    recall  f1-score   support

      benign     0.6000    0.2791    0.3810       129
    no_tumor     0.5303    0.8140    0.6422       129

    accuracy                         0.5465       258
   macro avg     0.5652    0.5465    0.5116       258
weighted avg     0.5652    0.5465    0.5116       258

2026-03-18 17:32:15 - ----------------------------------------
2026-03-18 17:32:19 - Epoch [31/100] LR: 0.001000 | Loss: 0.5466 | Train Acc: 0.7039 | Time: 4.1s
2026-03-18 17:32:23 - Epoch [32/100] LR: 0.001000 | Loss: 0.4527 | Train Acc: 0.7832 | Time: 4.1s
2026-03-18 17:32:27 - Epoch [33/100] LR: 0.001000 | Loss: 0.5042 | Train Acc: 0.7395 | Time: 4.1s
2026-03-18 17:32:27 - ----------------------------------------
2026-03-18 17:32:29 - [Test] Acc: 0.6550 | Precision(macro): 0.6578 | Recall(macro): 0.6550 | F1(macro): 0.6535
2026-03-18 17:32:29 - [Test] Classification Report:
              precision    recall  f1-score   support

      benign     0.6370    0.7209    0.6764       129
    no_tumor     0.6786    0.5891    0.6307       129

    accuracy                         0.6550       258
   macro avg     0.6578    0.6550    0.6535       258
weighted avg     0.6578    0.6550    0.6535       258

2026-03-18 17:32:29 - *** 保存最优模型 (F1: 0.6535, Epoch: 33) ***
2026-03-18 17:32:29 - ----------------------------------------
2026-03-18 17:32:33 - Epoch [34/100] LR: 0.001000 | Loss: 0.5003 | Train Acc: 0.7573 | Time: 4.2s
2026-03-18 17:32:37 - Epoch [35/100] LR: 0.001000 | Loss: 0.4840 | Train Acc: 0.7540 | Time: 4.2s
2026-03-18 17:32:41 - Epoch [36/100] LR: 0.001000 | Loss: 0.4921 | Train Acc: 0.7832 | Time: 4.2s
2026-03-18 17:32:41 - ----------------------------------------
2026-03-18 17:32:43 - [Test] Acc: 0.5736 | Precision(macro): 0.5758 | Recall(macro): 0.5736 | F1(macro): 0.5705
2026-03-18 17:32:43 - [Test] Classification Report:
              precision    recall  f1-score   support

      benign     0.5629    0.6589    0.6071       129
    no_tumor     0.5888    0.4884    0.5339       129

    accuracy                         0.5736       258
   macro avg     0.5758    0.5736    0.5705       258
weighted avg     0.5758    0.5736    0.5705       258

2026-03-18 17:32:43 - ----------------------------------------
2026-03-18 17:32:47 - Epoch [37/100] LR: 0.001000 | Loss: 0.4753 | Train Acc: 0.7735 | Time: 4.2s
2026-03-18 17:32:51 - Epoch [38/100] LR: 0.001000 | Loss: 0.4718 | Train Acc: 0.7799 | Time: 4.2s
2026-03-18 17:32:55 - Epoch [39/100] LR: 0.001000 | Loss: 0.4951 | Train Acc: 0.7654 | Time: 4.2s
2026-03-18 17:32:55 - ----------------------------------------
2026-03-18 17:32:57 - [Test] Acc: 0.5581 | Precision(macro): 0.5588 | Recall(macro): 0.5581 | F1(macro): 0.5568
2026-03-18 17:32:57 - [Test] Classification Report:
              precision    recall  f1-score   support

      benign     0.5652    0.5039    0.5328       129
    no_tumor     0.5524    0.6124    0.5809       129

    accuracy                         0.5581       258
   macro avg     0.5588    0.5581    0.5568       258
weighted avg     0.5588    0.5581    0.5568       258

2026-03-18 17:32:57 - ----------------------------------------
2026-03-18 17:33:01 - Epoch [40/100] LR: 0.001000 | Loss: 0.4577 | Train Acc: 0.8010 | Time: 4.2s
2026-03-18 17:33:05 - Epoch [41/100] LR: 0.001000 | Loss: 0.4259 | Train Acc: 0.8155 | Time: 4.2s
2026-03-18 17:33:09 - Epoch [42/100] LR: 0.001000 | Loss: 0.4471 | Train Acc: 0.7718 | Time: 4.2s
2026-03-18 17:33:09 - ----------------------------------------
2026-03-18 17:33:11 - [Test] Acc: 0.5814 | Precision(macro): 0.5819 | Recall(macro): 0.5814 | F1(macro): 0.5808
2026-03-18 17:33:11 - [Test] Classification Report:
              precision    recall  f1-score   support

      benign     0.5755    0.6202    0.5970       129
    no_tumor     0.5882    0.5426    0.5645       129

    accuracy                         0.5814       258
   macro avg     0.5819    0.5814    0.5808       258
weighted avg     0.5819    0.5814    0.5808       258

2026-03-18 17:33:11 - ----------------------------------------
2026-03-18 17:33:15 - Epoch [43/100] LR: 0.001000 | Loss: 0.5085 | Train Acc: 0.7395 | Time: 4.2s
2026-03-18 17:33:19 - Epoch [44/100] LR: 0.001000 | Loss: 0.5026 | Train Acc: 0.7638 | Time: 4.2s
2026-03-18 17:33:23 - Epoch [45/100] LR: 0.001000 | Loss: 0.4491 | Train Acc: 0.7864 | Time: 4.2s
2026-03-18 17:33:23 - ----------------------------------------
2026-03-18 17:33:24 - [Test] Acc: 0.5930 | Precision(macro): 0.5933 | Recall(macro): 0.5930 | F1(macro): 0.5927
2026-03-18 17:33:24 - [Test] Classification Report:
              precision    recall  f1-score   support

      benign     0.5882    0.6202    0.6038       129
    no_tumor     0.5984    0.5659    0.5817       129

    accuracy                         0.5930       258
   macro avg     0.5933    0.5930    0.5927       258
weighted avg     0.5933    0.5930    0.5927       258

2026-03-18 17:33:24 - ----------------------------------------
2026-03-18 17:33:28 - Epoch [46/100] LR: 0.001000 | Loss: 0.4933 | Train Acc: 0.7589 | Time: 4.2s
2026-03-18 17:33:33 - Epoch [47/100] LR: 0.001000 | Loss: 0.4368 | Train Acc: 0.7718 | Time: 4.2s
2026-03-18 17:33:37 - Epoch [48/100] LR: 0.001000 | Loss: 0.3769 | Train Acc: 0.8301 | Time: 4.2s
2026-03-18 17:33:37 - ----------------------------------------
2026-03-18 17:33:38 - [Test] Acc: 0.5349 | Precision(macro): 0.5354 | Recall(macro): 0.5349 | F1(macro): 0.5331
2026-03-18 17:33:38 - [Test] Classification Report:
              precision    recall  f1-score   support

      benign     0.5310    0.5969    0.5620       129
    no_tumor     0.5398    0.4729    0.5041       129

    accuracy                         0.5349       258
   macro avg     0.5354    0.5349    0.5331       258
weighted avg     0.5354    0.5349    0.5331       258

2026-03-18 17:33:38 - ----------------------------------------
2026-03-18 17:33:42 - Epoch [49/100] LR: 0.001000 | Loss: 0.3558 | Train Acc: 0.8447 | Time: 4.2s
2026-03-18 17:33:47 - Epoch [50/100] LR: 0.001000 | Loss: 0.3975 | Train Acc: 0.8285 | Time: 4.2s
2026-03-18 17:33:51 - Epoch [51/100] LR: 0.001000 | Loss: 0.3762 | Train Acc: 0.8414 | Time: 4.1s
2026-03-18 17:33:51 - ----------------------------------------
2026-03-18 17:33:52 - [Test] Acc: 0.5000 | Precision(macro): 0.5000 | Recall(macro): 0.5000 | F1(macro): 0.4391
2026-03-18 17:33:52 - [Test] Classification Report:
              precision    recall  f1-score   support

      benign     0.5000    0.8295    0.6239       129
    no_tumor     0.5000    0.1705    0.2543       129

    accuracy                         0.5000       258
   macro avg     0.5000    0.5000    0.4391       258
weighted avg     0.5000    0.5000    0.4391       258

2026-03-18 17:33:52 - ----------------------------------------
2026-03-18 17:33:56 - Epoch [52/100] LR: 0.001000 | Loss: 0.3603 | Train Acc: 0.8414 | Time: 4.1s
2026-03-18 17:34:00 - Epoch [53/100] LR: 0.001000 | Loss: 0.3496 | Train Acc: 0.8576 | Time: 4.2s
2026-03-18 17:34:05 - Epoch [54/100] LR: 0.001000 | Loss: 0.3782 | Train Acc: 0.8301 | Time: 4.2s
2026-03-18 17:34:05 - ----------------------------------------
2026-03-18 17:34:06 - [Test] Acc: 0.6124 | Precision(macro): 0.6409 | Recall(macro): 0.6124 | F1(macro): 0.5918
2026-03-18 17:34:06 - [Test] Classification Report:
              precision    recall  f1-score   support

      benign     0.7042    0.3876    0.5000       129
    no_tumor     0.5775    0.8372    0.6835       129

    accuracy                         0.6124       258
   macro avg     0.6409    0.6124    0.5918       258
weighted avg     0.6409    0.6124    0.5918       258

2026-03-18 17:34:06 - ----------------------------------------
2026-03-18 17:34:10 - Epoch [55/100] LR: 0.001000 | Loss: 0.3973 | Train Acc: 0.8236 | Time: 4.1s
2026-03-18 17:34:14 - Epoch [56/100] LR: 0.001000 | Loss: 0.3393 | Train Acc: 0.8511 | Time: 4.1s
2026-03-18 17:34:18 - Epoch [57/100] LR: 0.001000 | Loss: 0.3098 | Train Acc: 0.8689 | Time: 4.2s
2026-03-18 17:34:18 - ----------------------------------------
2026-03-18 17:34:20 - [Test] Acc: 0.5620 | Precision(macro): 0.5620 | Recall(macro): 0.5620 | F1(macro): 0.5620
2026-03-18 17:34:20 - [Test] Classification Report:
              precision    recall  f1-score   support

      benign     0.5615    0.5659    0.5637       129
    no_tumor     0.5625    0.5581    0.5603       129

    accuracy                         0.5620       258
   macro avg     0.5620    0.5620    0.5620       258
weighted avg     0.5620    0.5620    0.5620       258

2026-03-18 17:34:20 - ----------------------------------------
2026-03-18 17:34:24 - Epoch [58/100] LR: 0.001000 | Loss: 0.3901 | Train Acc: 0.8220 | Time: 4.2s
2026-03-18 17:34:28 - Epoch [59/100] LR: 0.001000 | Loss: 0.3345 | Train Acc: 0.8495 | Time: 4.2s
2026-03-18 17:34:32 - Epoch [60/100] LR: 0.001000 | Loss: 0.3166 | Train Acc: 0.8608 | Time: 4.1s
2026-03-18 17:34:32 - ----------------------------------------
2026-03-18 17:34:33 - [Test] Acc: 0.5310 | Precision(macro): 0.5311 | Recall(macro): 0.5310 | F1(macro): 0.5307
2026-03-18 17:34:33 - [Test] Classification Report:
              precision    recall  f1-score   support

      benign     0.5294    0.5581    0.5434       129
    no_tumor     0.5328    0.5039    0.5179       129

    accuracy                         0.5310       258
   macro avg     0.5311    0.5310    0.5307       258
weighted avg     0.5311    0.5310    0.5307       258

2026-03-18 17:34:33 - ----------------------------------------
2026-03-18 17:34:38 - Epoch [61/100] LR: 0.001000 | Loss: 0.3263 | Train Acc: 0.8447 | Time: 4.2s
2026-03-18 17:34:42 - Epoch [62/100] LR: 0.001000 | Loss: 0.2857 | Train Acc: 0.8738 | Time: 4.2s
2026-03-18 17:34:46 - Epoch [63/100] LR: 0.001000 | Loss: 0.2877 | Train Acc: 0.8786 | Time: 4.1s
2026-03-18 17:34:46 - ----------------------------------------
2026-03-18 17:34:47 - [Test] Acc: 0.5853 | Precision(macro): 0.5938 | Recall(macro): 0.5853 | F1(macro): 0.5756
2026-03-18 17:34:47 - [Test] Classification Report:
              precision    recall  f1-score   support

      benign     0.6222    0.4341    0.5114       129
    no_tumor     0.5655    0.7364    0.6397       129

    accuracy                         0.5853       258
   macro avg     0.5938    0.5853    0.5756       258
weighted avg     0.5938    0.5853    0.5756       258

2026-03-18 17:34:47 - ----------------------------------------
2026-03-18 17:34:51 - Epoch [64/100] LR: 0.001000 | Loss: 0.3448 | Train Acc: 0.8722 | Time: 4.2s
2026-03-18 17:34:56 - Epoch [65/100] LR: 0.001000 | Loss: 0.2920 | Train Acc: 0.8770 | Time: 4.2s
2026-03-18 17:35:00 - Epoch [66/100] LR: 0.001000 | Loss: 0.2658 | Train Acc: 0.8932 | Time: 4.2s
2026-03-18 17:35:00 - ----------------------------------------
2026-03-18 17:35:01 - [Test] Acc: 0.6047 | Precision(macro): 0.6269 | Recall(macro): 0.6047 | F1(macro): 0.5865
2026-03-18 17:35:01 - [Test] Classification Report:
              precision    recall  f1-score   support

      benign     0.6800    0.3953    0.5000       129
    no_tumor     0.5738    0.8140    0.6731       129

    accuracy                         0.6047       258
   macro avg     0.6269    0.6047    0.5865       258
weighted avg     0.6269    0.6047    0.5865       258

2026-03-18 17:35:01 - ----------------------------------------
2026-03-18 17:35:05 - Epoch [67/100] LR: 0.001000 | Loss: 0.2744 | Train Acc: 0.8900 | Time: 4.2s
2026-03-18 17:35:09 - Epoch [68/100] LR: 0.001000 | Loss: 0.3011 | Train Acc: 0.8770 | Time: 4.1s
2026-03-18 17:35:14 - Epoch [69/100] LR: 0.001000 | Loss: 0.3056 | Train Acc: 0.8544 | Time: 4.2s
2026-03-18 17:35:14 - ----------------------------------------
2026-03-18 17:35:15 - [Test] Acc: 0.5426 | Precision(macro): 0.5427 | Recall(macro): 0.5426 | F1(macro): 0.5425
2026-03-18 17:35:15 - [Test] Classification Report:
              precision    recall  f1-score   support

      benign     0.5414    0.5581    0.5496       129
    no_tumor     0.5440    0.5271    0.5354       129

    accuracy                         0.5426       258
   macro avg     0.5427    0.5426    0.5425       258
weighted avg     0.5427    0.5426    0.5425       258

2026-03-18 17:35:15 - ----------------------------------------
2026-03-18 17:35:19 - Epoch [70/100] LR: 0.001000 | Loss: 0.3199 | Train Acc: 0.8625 | Time: 4.2s
2026-03-18 17:35:23 - Epoch [71/100] LR: 0.001000 | Loss: 0.3449 | Train Acc: 0.8576 | Time: 4.1s
2026-03-18 17:35:27 - Epoch [72/100] LR: 0.001000 | Loss: 0.2336 | Train Acc: 0.9078 | Time: 4.2s
2026-03-18 17:35:27 - ----------------------------------------
2026-03-18 17:35:29 - [Test] Acc: 0.5698 | Precision(macro): 0.5760 | Recall(macro): 0.5698 | F1(macro): 0.5607
2026-03-18 17:35:29 - [Test] Classification Report:
              precision    recall  f1-score   support

      benign     0.5542    0.7132    0.6237       129
    no_tumor     0.5978    0.4264    0.4977       129

    accuracy                         0.5698       258
   macro avg     0.5760    0.5698    0.5607       258
weighted avg     0.5760    0.5698    0.5607       258

2026-03-18 17:35:29 - ----------------------------------------
2026-03-18 17:35:33 - Epoch [73/100] LR: 0.001000 | Loss: 0.2786 | Train Acc: 0.8754 | Time: 4.2s
2026-03-18 17:35:37 - Epoch [74/100] LR: 0.001000 | Loss: 0.2462 | Train Acc: 0.9159 | Time: 4.2s
2026-03-18 17:35:41 - Epoch [75/100] LR: 0.001000 | Loss: 0.2903 | Train Acc: 0.8867 | Time: 4.2s
2026-03-18 17:35:41 - ----------------------------------------
2026-03-18 17:35:42 - [Test] Acc: 0.5814 | Precision(macro): 0.5843 | Recall(macro): 0.5814 | F1(macro): 0.5777
2026-03-18 17:35:42 - [Test] Classification Report:
              precision    recall  f1-score   support

      benign     0.5686    0.6744    0.6170       129
    no_tumor     0.6000    0.4884    0.5385       129

    accuracy                         0.5814       258
   macro avg     0.5843    0.5814    0.5777       258
weighted avg     0.5843    0.5814    0.5777       258

2026-03-18 17:35:42 - ----------------------------------------
2026-03-18 17:35:47 - Epoch [76/100] LR: 0.001000 | Loss: 0.2555 | Train Acc: 0.8932 | Time: 4.2s
2026-03-18 17:35:51 - Epoch [77/100] LR: 0.001000 | Loss: 0.1964 | Train Acc: 0.9223 | Time: 4.2s
2026-03-18 17:35:55 - Epoch [78/100] LR: 0.001000 | Loss: 0.1930 | Train Acc: 0.9239 | Time: 4.2s
2026-03-18 17:35:55 - ----------------------------------------
2026-03-18 17:35:56 - [Test] Acc: 0.5853 | Precision(macro): 0.5920 | Recall(macro): 0.5853 | F1(macro): 0.5775
2026-03-18 17:35:56 - [Test] Classification Report:
              precision    recall  f1-score   support

      benign     0.6170    0.4496    0.5202       129
    no_tumor     0.5671    0.7209    0.6348       129

    accuracy                         0.5853       258
   macro avg     0.5920    0.5853    0.5775       258
weighted avg     0.5920    0.5853    0.5775       258

2026-03-18 17:35:56 - ----------------------------------------
2026-03-18 17:36:00 - Epoch [79/100] LR: 0.001000 | Loss: 0.2322 | Train Acc: 0.8981 | Time: 4.1s
2026-03-18 17:36:05 - Epoch [80/100] LR: 0.001000 | Loss: 0.2355 | Train Acc: 0.9029 | Time: 4.2s
2026-03-18 17:36:09 - Epoch [81/100] LR: 0.001000 | Loss: 0.1938 | Train Acc: 0.9223 | Time: 4.2s
2026-03-18 17:36:09 - ----------------------------------------
2026-03-18 17:36:10 - [Test] Acc: 0.5930 | Precision(macro): 0.5943 | Recall(macro): 0.5930 | F1(macro): 0.5916
2026-03-18 17:36:10 - [Test] Classification Report:
              precision    recall  f1-score   support

      benign     0.6053    0.5349    0.5679       129
    no_tumor     0.5833    0.6512    0.6154       129

    accuracy                         0.5930       258
   macro avg     0.5943    0.5930    0.5916       258
weighted avg     0.5943    0.5930    0.5916       258

2026-03-18 17:36:10 - ----------------------------------------
2026-03-18 17:36:14 - Epoch [82/100] LR: 0.001000 | Loss: 0.2118 | Train Acc: 0.9175 | Time: 4.2s
2026-03-18 17:36:18 - Epoch [83/100] LR: 0.001000 | Loss: 0.2750 | Train Acc: 0.8883 | Time: 4.2s
2026-03-18 17:36:23 - Epoch [84/100] LR: 0.001000 | Loss: 0.2893 | Train Acc: 0.8819 | Time: 4.2s
2026-03-18 17:36:23 - ----------------------------------------
2026-03-18 17:36:24 - [Test] Acc: 0.5775 | Precision(macro): 0.5789 | Recall(macro): 0.5775 | F1(macro): 0.5757
2026-03-18 17:36:24 - [Test] Classification Report:
              precision    recall  f1-score   support

      benign     0.5893    0.5116    0.5477       129
    no_tumor     0.5685    0.6434    0.6036       129

    accuracy                         0.5775       258
   macro avg     0.5789    0.5775    0.5757       258
weighted avg     0.5789    0.5775    0.5757       258

2026-03-18 17:36:24 - ----------------------------------------
2026-03-18 17:36:28 - Epoch [85/100] LR: 0.001000 | Loss: 0.2394 | Train Acc: 0.9045 | Time: 4.2s
2026-03-18 17:36:32 - Epoch [86/100] LR: 0.001000 | Loss: 0.1617 | Train Acc: 0.9385 | Time: 4.2s
2026-03-18 17:36:36 - Epoch [87/100] LR: 0.001000 | Loss: 0.1684 | Train Acc: 0.9466 | Time: 4.1s
2026-03-18 17:36:36 - ----------------------------------------
2026-03-18 17:36:38 - [Test] Acc: 0.5581 | Precision(macro): 0.5620 | Recall(macro): 0.5581 | F1(macro): 0.5512
2026-03-18 17:36:38 - [Test] Classification Report:
              precision    recall  f1-score   support

      benign     0.5773    0.4341    0.4956       129
    no_tumor     0.5466    0.6822    0.6069       129

    accuracy                         0.5581       258
   macro avg     0.5620    0.5581    0.5512       258
weighted avg     0.5620    0.5581    0.5512       258

2026-03-18 17:36:38 - ----------------------------------------
2026-03-18 17:36:42 - Epoch [88/100] LR: 0.001000 | Loss: 0.2145 | Train Acc: 0.9094 | Time: 4.2s
2026-03-18 17:36:46 - Epoch [89/100] LR: 0.001000 | Loss: 0.1783 | Train Acc: 0.9320 | Time: 4.1s
2026-03-18 17:36:50 - Epoch [90/100] LR: 0.001000 | Loss: 0.1620 | Train Acc: 0.9385 | Time: 4.2s
2026-03-18 17:36:50 - ----------------------------------------
2026-03-18 17:36:51 - [Test] Acc: 0.5581 | Precision(macro): 0.5582 | Recall(macro): 0.5581 | F1(macro): 0.5581
2026-03-18 17:36:52 - [Test] Classification Report:
              precision    recall  f1-score   support

      benign     0.5573    0.5659    0.5615       129
    no_tumor     0.5591    0.5504    0.5547       129

    accuracy                         0.5581       258
   macro avg     0.5582    0.5581    0.5581       258
weighted avg     0.5582    0.5581    0.5581       258

2026-03-18 17:36:52 - ----------------------------------------
2026-03-18 17:36:56 - Epoch [91/100] LR: 0.001000 | Loss: 0.1801 | Train Acc: 0.9272 | Time: 4.1s
2026-03-18 17:37:00 - Epoch [92/100] LR: 0.001000 | Loss: 0.1636 | Train Acc: 0.9320 | Time: 4.1s
2026-03-18 17:37:04 - Epoch [93/100] LR: 0.001000 | Loss: 0.1849 | Train Acc: 0.9337 | Time: 4.1s
2026-03-18 17:37:04 - ----------------------------------------
2026-03-18 17:37:05 - [Test] Acc: 0.6047 | Precision(macro): 0.6312 | Recall(macro): 0.6047 | F1(macro): 0.5836
2026-03-18 17:37:05 - [Test] Classification Report:
              precision    recall  f1-score   support

      benign     0.6901    0.3798    0.4900       129
    no_tumor     0.5722    0.8295    0.6772       129

    accuracy                         0.6047       258
   macro avg     0.6312    0.6047    0.5836       258
weighted avg     0.6312    0.6047    0.5836       258

2026-03-18 17:37:05 - ----------------------------------------
2026-03-18 17:37:09 - Epoch [94/100] LR: 0.001000 | Loss: 0.1374 | Train Acc: 0.9450 | Time: 4.1s
2026-03-18 17:37:13 - Epoch [95/100] LR: 0.001000 | Loss: 0.1554 | Train Acc: 0.9353 | Time: 4.1s
2026-03-18 17:37:17 - Epoch [96/100] LR: 0.001000 | Loss: 0.2019 | Train Acc: 0.9320 | Time: 4.1s
2026-03-18 17:37:17 - ----------------------------------------
2026-03-18 17:37:19 - [Test] Acc: 0.5620 | Precision(macro): 0.5625 | Recall(macro): 0.5620 | F1(macro): 0.5612
2026-03-18 17:37:19 - [Test] Classification Report:
              precision    recall  f1-score   support

      benign     0.5678    0.5194    0.5425       129
    no_tumor     0.5571    0.6047    0.5799       129

    accuracy                         0.5620       258
   macro avg     0.5625    0.5620    0.5612       258
weighted avg     0.5625    0.5620    0.5612       258

2026-03-18 17:37:19 - ----------------------------------------
2026-03-18 17:37:23 - Epoch [97/100] LR: 0.001000 | Loss: 0.1817 | Train Acc: 0.9288 | Time: 4.2s
2026-03-18 17:37:27 - Epoch [98/100] LR: 0.001000 | Loss: 0.1909 | Train Acc: 0.9239 | Time: 4.1s
2026-03-18 17:37:31 - Epoch [99/100] LR: 0.001000 | Loss: 0.1740 | Train Acc: 0.9272 | Time: 4.1s
2026-03-18 17:37:31 - ----------------------------------------
2026-03-18 17:37:33 - [Test] Acc: 0.5504 | Precision(macro): 0.5533 | Recall(macro): 0.5504 | F1(macro): 0.5442
2026-03-18 17:37:33 - [Test] Classification Report:
              precision    recall  f1-score   support

      benign     0.5409    0.6667    0.5972       129
    no_tumor     0.5657    0.4341    0.4912       129

    accuracy                         0.5504       258
   macro avg     0.5533    0.5504    0.5442       258
weighted avg     0.5533    0.5504    0.5442       258

2026-03-18 17:37:33 - ----------------------------------------
2026-03-18 17:37:37 - Epoch [100/100] LR: 0.001000 | Loss: 0.1790 | Train Acc: 0.9207 | Time: 4.1s
2026-03-18 17:37:37 - ----------------------------------------
2026-03-18 17:37:38 - [Test] Acc: 0.6163 | Precision(macro): 0.6445 | Recall(macro): 0.6163 | F1(macro): 0.5966
2026-03-18 17:37:38 - [Test] Classification Report:
              precision    recall  f1-score   support

      benign     0.7083    0.3953    0.5075       129
    no_tumor     0.5806    0.8372    0.6857       129

    accuracy                         0.6163       258
   macro avg     0.6445    0.6163    0.5966       258
weighted avg     0.6445    0.6163    0.5966       258

2026-03-18 17:37:38 - ----------------------------------------
2026-03-18 17:37:38 - 
============================================================
2026-03-18 17:37:38 - 训练完成! 最优模型: Epoch 33, F1: 0.6535
2026-03-18 17:37:38 - ============================================================
2026-03-18 17:37:38 - 
加载最优权重进行最终测试...
2026-03-18 17:37:38 - ============================================================
2026-03-18 17:37:38 - 最终测试结果 (最优权重)
2026-03-18 17:37:38 - ============================================================
2026-03-18 17:37:39 - [Final Test] Acc: 0.6550 | Precision(macro): 0.6578 | Recall(macro): 0.6550 | F1(macro): 0.6535
2026-03-18 17:37:39 - [Final Test] Classification Report:
              precision    recall  f1-score   support

      benign     0.6370    0.7209    0.6764       129
    no_tumor     0.6786    0.5891    0.6307       129

    accuracy                         0.6550       258
   macro avg     0.6578    0.6550    0.6535       258
weighted avg     0.6578    0.6550    0.6535       258

2026-03-18 17:37:39 - 训练脚本已复制到: /data1/ouyangxinglong/GBP-Cascade/logs/20260318_task2_Resnet34_weakaug_classweight_balance1to1_4/20260318_task2_Resnet34_weakaug_classweight_balance1to1_4.py
