2026-03-23 12:02:03 - ============================================================
2026-03-23 12:02:03 - 方案一: 深度特征 + 病灶形态学特征 + XGBoost
2026-03-23 12:02:03 - ============================================================
2026-03-23 12:02:03 - 训练集: 1229 (benign=309, no_tumor=920)
2026-03-23 12:02:03 - 测试集: 523 (benign=129, no_tumor=394)
2026-03-23 12:02:03 - 
============================================================
2026-03-23 12:02:03 - Step 1: 提取手工病灶形态学特征
2026-03-23 12:02:03 - ============================================================
2026-03-23 12:02:03 - 提取手工特征 (1229 张)...
2026-03-23 12:03:19 -   手工特征维度: 15
2026-03-23 12:03:19 - 提取手工特征 (523 张)...
2026-03-23 12:03:52 -   手工特征维度: 15
2026-03-23 12:03:52 - 手工特征: ['gb_area_ratio', 'n_lesion', 'lesion_area_ratio', 'max_lesion_area_ratio', 'total_perimeter_ratio', 'mean_circularity', 'std_circularity', 'mean_aspect_ratio', 'mean_cx_rel', 'mean_cy_rel', 'lesion_gray_mean', 'lesion_gray_std', 'lesion_gray_skew', 'surround_gray_mean', 'gray_contrast']
2026-03-23 12:03:52 - 
============================================================
2026-03-23 12:03:52 - Step 2: 提取深度特征 (多 backbone)
2026-03-23 12:03:52 - ============================================================
2026-03-23 12:03:52 -   提取 Exp3_SwinV2_roi4ch 特征 (dim=768)...
2026-03-23 12:03:56 -     shape: (1229, 768)
2026-03-23 12:03:56 -   提取 Exp7_SwinV2_full4ch 特征 (dim=768)...
2026-03-23 12:03:59 -     shape: (1229, 768)
2026-03-23 12:03:59 -   提取 Exp9_SwinV2_balanced 特征 (dim=768)...
2026-03-23 12:04:02 -     shape: (1229, 768)
2026-03-23 12:04:02 -   提取 Exp10_SwinV2_focal 特征 (dim=768)...
2026-03-23 12:04:05 -     shape: (1229, 768)
2026-03-23 12:04:05 -   深度特征总维度: 3072
2026-03-23 12:04:05 -   提取 Exp3_SwinV2_roi4ch 特征 (dim=768)...
2026-03-23 12:04:07 -     shape: (523, 768)
2026-03-23 12:04:08 -   提取 Exp7_SwinV2_full4ch 特征 (dim=768)...
2026-03-23 12:04:09 -     shape: (523, 768)
2026-03-23 12:04:09 -   提取 Exp9_SwinV2_balanced 特征 (dim=768)...
2026-03-23 12:04:11 -     shape: (523, 768)
2026-03-23 12:04:11 -   提取 Exp10_SwinV2_focal 特征 (dim=768)...
2026-03-23 12:04:13 -     shape: (523, 768)
2026-03-23 12:04:13 -   深度特征总维度: 3072
2026-03-23 12:04:13 - 
总特征维度: 3087 (deep=3072 + handcrafted=15)
2026-03-23 12:04:13 - 
============================================================
2026-03-23 12:04:13 - Baseline: 仅手工特征
2026-03-23 12:04:13 - ============================================================
2026-03-23 12:04:13 - 
--- XGBoost ---
2026-03-23 12:04:14 -   XGBoost 最优阈值: 0.685, F1: 0.5648
2026-03-23 12:04:14 - 
--- LightGBM ---
2026-03-23 12:04:15 -   LightGBM 最优阈值: 0.395, F1: 0.5669
2026-03-23 12:04:15 - 
最优模型: lgb, 阈值: 0.395, F1: 0.5669
2026-03-23 12:04:15 - 
XGB+LGB Ensemble 阈值: 0.525, F1: 0.5652
2026-03-23 12:04:15 - 
[仅手工特征 (lgb)] Acc: 0.7113 | Precision: 0.5812 | Recall: 0.5633 | F1: 0.5669
2026-03-23 12:04:15 - [仅手工特征 (lgb)] Classification Report:
              precision    recall  f1-score   support

      benign     0.3804    0.2713    0.3167       129
    no_tumor     0.7819    0.8553    0.8170       394

    accuracy                         0.7113       523
   macro avg     0.5812    0.5633    0.5669       523
weighted avg     0.6829    0.7113    0.6936       523

2026-03-23 12:04:15 - 
============================================================
2026-03-23 12:04:15 - Baseline: 仅深度特征
2026-03-23 12:04:15 - ============================================================
2026-03-23 12:04:15 - 
--- XGBoost ---
2026-03-23 12:04:31 -   XGBoost 最优阈值: 0.730, F1: 0.6240
2026-03-23 12:04:31 - 
--- LightGBM ---
2026-03-23 12:04:33 -   LightGBM 最优阈值: 0.765, F1: 0.6315
2026-03-23 12:04:33 - 
最优模型: lgb, 阈值: 0.765, F1: 0.6315
2026-03-23 12:04:33 - 
XGB+LGB Ensemble 阈值: 0.685, F1: 0.6300
2026-03-23 12:04:33 - 
[仅深度特征 (lgb)] Acc: 0.7247 | Precision: 0.6308 | Recall: 0.6322 | F1: 0.6315
2026-03-23 12:04:33 - [仅深度特征 (lgb)] Classification Report:
              precision    recall  f1-score   support

      benign     0.4427    0.4496    0.4462       129
    no_tumor     0.8189    0.8147    0.8168       394

    accuracy                         0.7247       523
   macro avg     0.6308    0.6322    0.6315       523
weighted avg     0.7261    0.7247    0.7254       523

2026-03-23 12:04:33 - 
============================================================
2026-03-23 12:04:33 - Full: 深度特征 + 手工特征
2026-03-23 12:04:33 - ============================================================
2026-03-23 12:04:33 - 
--- XGBoost ---
2026-03-23 12:04:49 -   XGBoost 最优阈值: 0.780, F1: 0.6320
2026-03-23 12:04:49 - 
--- LightGBM ---
2026-03-23 12:04:51 -   LightGBM 最优阈值: 0.800, F1: 0.6317
2026-03-23 12:04:51 - 
最优模型: xgb, 阈值: 0.780, F1: 0.6320
2026-03-23 12:04:51 - 
XGB+LGB Ensemble 阈值: 0.690, F1: 0.6321
2026-03-23 12:04:51 -   → Ensemble 更优!
2026-03-23 12:04:51 - 
[全特征 (xgb+lgb_ensemble)] Acc: 0.7323 | Precision: 0.6352 | Recall: 0.6294 | F1: 0.6321
2026-03-23 12:04:51 - [全特征 (xgb+lgb_ensemble)] Classification Report:
              precision    recall  f1-score   support

      benign     0.4545    0.4264    0.4400       129
    no_tumor     0.8159    0.8325    0.8241       394

    accuracy                         0.7323       523
   macro avg     0.6352    0.6294    0.6321       523
weighted avg     0.7268    0.7323    0.7294       523

2026-03-23 12:04:51 - 
============================================================
2026-03-23 12:04:51 - 5-Fold CV (全特征, 训练集)
2026-03-23 12:04:51 - ============================================================
2026-03-23 12:04:51 - 
============================================================
2026-03-23 12:04:51 - 5-Fold Stratified CV (训练集内部)
2026-03-23 12:04:51 - ============================================================
2026-03-23 12:05:05 -   Fold 1: Acc=0.9959, F1=0.9946, threshold=0.390
2026-03-23 12:05:19 -   Fold 2: Acc=1.0000, F1=1.0000, threshold=0.240
2026-03-23 12:05:33 -   Fold 3: Acc=0.9959, F1=0.9946, threshold=0.235
2026-03-23 12:05:47 -   Fold 4: Acc=0.9959, F1=0.9946, threshold=0.590
2026-03-23 12:06:01 -   Fold 5: Acc=0.9959, F1=0.9946, threshold=0.615
2026-03-23 12:06:01 - 
CV 平均: Acc=0.9967±0.0016, F1=0.9957±0.0022
2026-03-23 12:06:01 - OOF 整体 (阈值0.390): F1=0.9946
2026-03-23 12:06:01 - OOF Classification Report:
              precision    recall  f1-score   support

      benign     0.9967    0.9871    0.9919       309
    no_tumor     0.9957    0.9989    0.9973       920

    accuracy                         0.9959      1229
   macro avg     0.9962    0.9930    0.9946      1229
weighted avg     0.9959    0.9959    0.9959      1229

2026-03-23 12:06:01 - 
============================================================
2026-03-23 12:06:01 - 完成!
2026-03-23 12:06:01 - ============================================================
