2026-03-18 16:34:14 - ============================================================
2026-03-18 16:34:14 - 实验名称: 20260318_task2_Densenet121_baseline_1
2026-03-18 16:34:14 - 任务: Task 2 - 良性肿瘤(0) vs 非肿瘤性息肉(1)
2026-03-18 16:34:14 - 模型: DenseNet121 (ImageNet预训练)
2026-03-18 16:34:14 - 修改: baseline (仅替换backbone, 全参数微调, 无数据增强)
2026-03-18 16:34:14 - 图像尺寸: 224
2026-03-18 16:34:14 - Batch Size: 32
2026-03-18 16:34:14 - 学习率: 0.001
2026-03-18 16:34:14 - Weight Decay: 0.0001
2026-03-18 16:34:14 - Epochs: 100
2026-03-18 16:34:14 - 设备: cuda
2026-03-18 16:34:14 - ============================================================
2026-03-18 16:34:14 - 训练集: 1303 张 (benign=309, no_tumor=994)
2026-03-18 16:34:14 - 测试集: 564 张 (benign=129, no_tumor=435)
2026-03-18 16:34:14 - 模型参数量: 6,955,906
2026-03-18 16:34:14 - 可训练参数量: 6,955,906
2026-03-18 16:34:14 - 
============================================================
2026-03-18 16:34:14 - 开始训练
2026-03-18 16:34:14 - ============================================================
2026-03-18 16:34:19 - Epoch [1/100] LR: 0.001000 | Loss: 0.6017 | Train Acc: 0.7283 | Time: 5.0s
2026-03-18 16:34:23 - Epoch [2/100] LR: 0.001000 | Loss: 0.5509 | Train Acc: 0.7636 | Time: 3.8s
2026-03-18 16:34:27 - Epoch [3/100] LR: 0.001000 | Loss: 0.5380 | Train Acc: 0.7575 | Time: 3.5s
2026-03-18 16:34:27 - ----------------------------------------
2026-03-18 16:34:28 - [Test] Acc: 0.3209 | Precision(macro): 0.4295 | Recall(macro): 0.4207 | F1(macro): 0.3196
2026-03-18 16:34:28 - [Test] Classification Report:
              precision    recall  f1-score   support

      benign     0.1902    0.6047    0.2894       129
    no_tumor     0.6688    0.2368    0.3497       435

    accuracy                         0.3209       564
   macro avg     0.4295    0.4207    0.3196       564
weighted avg     0.5594    0.3209    0.3359       564

2026-03-18 16:34:28 - *** 保存最优模型 (F1: 0.3196, Epoch: 3) ***
2026-03-18 16:34:28 - ----------------------------------------
2026-03-18 16:34:31 - Epoch [4/100] LR: 0.001000 | Loss: 0.5461 | Train Acc: 0.7606 | Time: 3.5s
2026-03-18 16:34:35 - Epoch [5/100] LR: 0.001000 | Loss: 0.5304 | Train Acc: 0.7583 | Time: 3.5s
2026-03-18 16:34:38 - Epoch [6/100] LR: 0.001000 | Loss: 0.5413 | Train Acc: 0.7575 | Time: 3.5s
2026-03-18 16:34:38 - ----------------------------------------
2026-03-18 16:34:39 - [Test] Acc: 0.7660 | Precision(macro): 0.5798 | Recall(macro): 0.5102 | F1(macro): 0.4683
2026-03-18 16:34:39 - [Test] Classification Report:
              precision    recall  f1-score   support

      benign     0.3846    0.0388    0.0704       129
    no_tumor     0.7750    0.9816    0.8661       435

    accuracy                         0.7660       564
   macro avg     0.5798    0.5102    0.4683       564
weighted avg     0.6857    0.7660    0.6841       564

2026-03-18 16:34:40 - *** 保存最优模型 (F1: 0.4683, Epoch: 6) ***
2026-03-18 16:34:40 - ----------------------------------------
2026-03-18 16:34:43 - Epoch [7/100] LR: 0.001000 | Loss: 0.5099 | Train Acc: 0.7575 | Time: 3.6s
2026-03-18 16:34:47 - Epoch [8/100] LR: 0.001000 | Loss: 0.5184 | Train Acc: 0.7682 | Time: 3.6s
2026-03-18 16:34:53 - Epoch [9/100] LR: 0.001000 | Loss: 0.5154 | Train Acc: 0.7583 | Time: 5.8s
2026-03-18 16:34:53 - ----------------------------------------
2026-03-18 16:34:54 - [Test] Acc: 0.6454 | Precision(macro): 0.5313 | Recall(macro): 0.5356 | F1(macro): 0.5316
2026-03-18 16:34:54 - [Test] Classification Report:
              precision    recall  f1-score   support

      benign     0.2739    0.3333    0.3007       129
    no_tumor     0.7887    0.7379    0.7625       435

    accuracy                         0.6454       564
   macro avg     0.5313    0.5356    0.5316       564
weighted avg     0.6709    0.6454    0.6569       564

2026-03-18 16:34:55 - *** 保存最优模型 (F1: 0.5316, Epoch: 9) ***
2026-03-18 16:34:55 - ----------------------------------------
2026-03-18 16:35:00 - Epoch [10/100] LR: 0.001000 | Loss: 0.5247 | Train Acc: 0.7506 | Time: 5.8s
2026-03-18 16:35:06 - Epoch [11/100] LR: 0.001000 | Loss: 0.5109 | Train Acc: 0.7690 | Time: 5.6s
2026-03-18 16:35:12 - Epoch [12/100] LR: 0.001000 | Loss: 0.4988 | Train Acc: 0.7690 | Time: 6.0s
2026-03-18 16:35:12 - ----------------------------------------
2026-03-18 16:35:13 - [Test] Acc: 0.7642 | Precision(macro): 0.6107 | Recall(macro): 0.5336 | F1(macro): 0.5182
2026-03-18 16:35:13 - [Test] Classification Report:
              precision    recall  f1-score   support

      benign     0.4375    0.1085    0.1739       129
    no_tumor     0.7838    0.9586    0.8625       435

    accuracy                         0.7642       564
   macro avg     0.6107    0.5336    0.5182       564
weighted avg     0.7046    0.7642    0.7050       564

2026-03-18 16:35:13 - ----------------------------------------
2026-03-18 16:35:19 - Epoch [13/100] LR: 0.001000 | Loss: 0.5125 | Train Acc: 0.7567 | Time: 5.4s
2026-03-18 16:35:24 - Epoch [14/100] LR: 0.001000 | Loss: 0.4835 | Train Acc: 0.7790 | Time: 5.5s
2026-03-18 16:35:30 - Epoch [15/100] LR: 0.001000 | Loss: 0.4672 | Train Acc: 0.7836 | Time: 5.5s
2026-03-18 16:35:30 - ----------------------------------------
2026-03-18 16:35:31 - [Test] Acc: 0.7730 | Precision(macro): 0.6550 | Recall(macro): 0.5257 | F1(macro): 0.4965
2026-03-18 16:35:31 - [Test] Classification Report:
              precision    recall  f1-score   support

      benign     0.5294    0.0698    0.1233       129
    no_tumor     0.7806    0.9816    0.8697       435

    accuracy                         0.7730       564
   macro avg     0.6550    0.5257    0.4965       564
weighted avg     0.7232    0.7730    0.6989       564

2026-03-18 16:35:31 - ----------------------------------------
2026-03-18 16:35:37 - Epoch [16/100] LR: 0.001000 | Loss: 0.4519 | Train Acc: 0.7997 | Time: 5.9s
2026-03-18 16:35:42 - Epoch [17/100] LR: 0.001000 | Loss: 0.4307 | Train Acc: 0.7920 | Time: 4.9s
2026-03-18 16:35:48 - Epoch [18/100] LR: 0.001000 | Loss: 0.4373 | Train Acc: 0.8012 | Time: 6.1s
2026-03-18 16:35:48 - ----------------------------------------
2026-03-18 16:35:49 - [Test] Acc: 0.7677 | Precision(macro): 0.6239 | Recall(macro): 0.5331 | F1(macro): 0.5153
2026-03-18 16:35:49 - [Test] Classification Report:
              precision    recall  f1-score   support

      benign     0.4643    0.1008    0.1656       129
    no_tumor     0.7836    0.9655    0.8651       435

    accuracy                         0.7677       564
   macro avg     0.6239    0.5331    0.5153       564
weighted avg     0.7106    0.7677    0.7051       564

2026-03-18 16:35:49 - ----------------------------------------
2026-03-18 16:35:54 - Epoch [19/100] LR: 0.001000 | Loss: 0.3992 | Train Acc: 0.8212 | Time: 5.2s
2026-03-18 16:36:00 - Epoch [20/100] LR: 0.001000 | Loss: 0.3849 | Train Acc: 0.8235 | Time: 5.9s
2026-03-18 16:36:06 - Epoch [21/100] LR: 0.001000 | Loss: 0.3959 | Train Acc: 0.8196 | Time: 5.4s
2026-03-18 16:36:06 - ----------------------------------------
2026-03-18 16:36:07 - [Test] Acc: 0.7553 | Precision(macro): 0.6107 | Recall(macro): 0.5605 | F1(macro): 0.5633
2026-03-18 16:36:07 - [Test] Classification Report:
              precision    recall  f1-score   support

      benign     0.4262    0.2016    0.2737       129
    no_tumor     0.7952    0.9195    0.8529       435

    accuracy                         0.7553       564
   macro avg     0.6107    0.5605    0.5633       564
weighted avg     0.7108    0.7553    0.7204       564

2026-03-18 16:36:07 - *** 保存最优模型 (F1: 0.5633, Epoch: 21) ***
2026-03-18 16:36:07 - ----------------------------------------
2026-03-18 16:36:13 - Epoch [22/100] LR: 0.001000 | Loss: 0.3679 | Train Acc: 0.8373 | Time: 5.9s
2026-03-18 16:36:19 - Epoch [23/100] LR: 0.001000 | Loss: 0.3020 | Train Acc: 0.8711 | Time: 5.7s
2026-03-18 16:36:24 - Epoch [24/100] LR: 0.001000 | Loss: 0.3678 | Train Acc: 0.8404 | Time: 5.3s
2026-03-18 16:36:24 - ----------------------------------------
2026-03-18 16:36:25 - [Test] Acc: 0.6223 | Precision(macro): 0.5398 | Recall(macro): 0.5507 | F1(macro): 0.5363
2026-03-18 16:36:25 - [Test] Classification Report:
              precision    recall  f1-score   support

      benign     0.2812    0.4186    0.3364       129
    no_tumor     0.7984    0.6828    0.7361       435

    accuracy                         0.6223       564
   macro avg     0.5398    0.5507    0.5363       564
weighted avg     0.6801    0.6223    0.6447       564

2026-03-18 16:36:25 - ----------------------------------------
2026-03-18 16:36:31 - Epoch [25/100] LR: 0.001000 | Loss: 0.2920 | Train Acc: 0.8688 | Time: 6.0s
2026-03-18 16:36:36 - Epoch [26/100] LR: 0.001000 | Loss: 0.3186 | Train Acc: 0.8649 | Time: 5.2s
2026-03-18 16:36:42 - Epoch [27/100] LR: 0.001000 | Loss: 0.2204 | Train Acc: 0.9094 | Time: 5.5s
2026-03-18 16:36:42 - ----------------------------------------
2026-03-18 16:36:43 - [Test] Acc: 0.7145 | Precision(macro): 0.5698 | Recall(macro): 0.5586 | F1(macro): 0.5618
2026-03-18 16:36:43 - [Test] Classification Report:
              precision    recall  f1-score   support

      benign     0.3431    0.2713    0.3030       129
    no_tumor     0.7965    0.8460    0.8205       435

    accuracy                         0.7145       564
   macro avg     0.5698    0.5586    0.5618       564
weighted avg     0.6928    0.7145    0.7022       564

2026-03-18 16:36:43 - ----------------------------------------
2026-03-18 16:36:49 - Epoch [28/100] LR: 0.001000 | Loss: 0.2041 | Train Acc: 0.9302 | Time: 5.5s
2026-03-18 16:36:55 - Epoch [29/100] LR: 0.001000 | Loss: 0.2704 | Train Acc: 0.8856 | Time: 5.9s
2026-03-18 16:37:00 - Epoch [30/100] LR: 0.001000 | Loss: 0.1628 | Train Acc: 0.9409 | Time: 5.3s
2026-03-18 16:37:00 - ----------------------------------------
2026-03-18 16:37:01 - [Test] Acc: 0.5904 | Precision(macro): 0.5362 | Recall(macro): 0.5491 | F1(macro): 0.5238
2026-03-18 16:37:01 - [Test] Classification Report:
              precision    recall  f1-score   support

      benign     0.2723    0.4729    0.3456       129
    no_tumor     0.8000    0.6253    0.7019       435

    accuracy                         0.5904       564
   macro avg     0.5362    0.5491    0.5238       564
weighted avg     0.6793    0.5904    0.6204       564

2026-03-18 16:37:01 - ----------------------------------------
2026-03-18 16:37:07 - Epoch [31/100] LR: 0.001000 | Loss: 0.1624 | Train Acc: 0.9332 | Time: 5.5s
2026-03-18 16:37:12 - Epoch [32/100] LR: 0.001000 | Loss: 0.2274 | Train Acc: 0.9110 | Time: 5.9s
2026-03-18 16:37:18 - Epoch [33/100] LR: 0.001000 | Loss: 0.1738 | Train Acc: 0.9348 | Time: 5.5s
2026-03-18 16:37:18 - ----------------------------------------
2026-03-18 16:37:19 - [Test] Acc: 0.7784 | Precision(macro): 0.6704 | Recall(macro): 0.5864 | F1(macro): 0.5959
2026-03-18 16:37:19 - [Test] Classification Report:
              precision    recall  f1-score   support

      benign     0.5357    0.2326    0.3243       129
    no_tumor     0.8051    0.9402    0.8674       435

    accuracy                         0.7784       564
   macro avg     0.6704    0.5864    0.5959       564
weighted avg     0.7435    0.7784    0.7432       564

2026-03-18 16:37:19 - *** 保存最优模型 (F1: 0.5959, Epoch: 33) ***
2026-03-18 16:37:19 - ----------------------------------------
2026-03-18 16:37:25 - Epoch [34/100] LR: 0.001000 | Loss: 0.1104 | Train Acc: 0.9563 | Time: 6.0s
2026-03-18 16:37:31 - Epoch [35/100] LR: 0.001000 | Loss: 0.1273 | Train Acc: 0.9563 | Time: 6.0s
2026-03-18 16:37:37 - Epoch [36/100] LR: 0.001000 | Loss: 0.1292 | Train Acc: 0.9493 | Time: 5.9s
2026-03-18 16:37:37 - ----------------------------------------
2026-03-18 16:37:38 - [Test] Acc: 0.7500 | Precision(macro): 0.6001 | Recall(macro): 0.5571 | F1(macro): 0.5593
2026-03-18 16:37:38 - [Test] Classification Report:
              precision    recall  f1-score   support

      benign     0.4062    0.2016    0.2694       129
    no_tumor     0.7940    0.9126    0.8492       435

    accuracy                         0.7500       564
   macro avg     0.6001    0.5571    0.5593       564
weighted avg     0.7053    0.7500    0.7166       564

2026-03-18 16:37:38 - ----------------------------------------
2026-03-18 16:37:44 - Epoch [37/100] LR: 0.001000 | Loss: 0.0927 | Train Acc: 0.9678 | Time: 5.4s
2026-03-18 16:37:49 - Epoch [38/100] LR: 0.001000 | Loss: 0.0958 | Train Acc: 0.9662 | Time: 5.5s
2026-03-18 16:37:54 - Epoch [39/100] LR: 0.001000 | Loss: 0.1214 | Train Acc: 0.9563 | Time: 5.1s
2026-03-18 16:37:54 - ----------------------------------------
2026-03-18 16:37:56 - [Test] Acc: 0.7252 | Precision(macro): 0.5346 | Recall(macro): 0.5192 | F1(macro): 0.5115
2026-03-18 16:37:56 - [Test] Classification Report:
              precision    recall  f1-score   support

      benign     0.2903    0.1395    0.1885       129
    no_tumor     0.7789    0.8989    0.8346       435

    accuracy                         0.7252       564
   macro avg     0.5346    0.5192    0.5115       564
weighted avg     0.6671    0.7252    0.6868       564

2026-03-18 16:37:56 - ----------------------------------------
2026-03-18 16:38:01 - Epoch [40/100] LR: 0.001000 | Loss: 0.1668 | Train Acc: 0.9302 | Time: 5.8s
2026-03-18 16:38:07 - Epoch [41/100] LR: 0.001000 | Loss: 0.0712 | Train Acc: 0.9777 | Time: 5.3s
2026-03-18 16:38:12 - Epoch [42/100] LR: 0.001000 | Loss: 0.0337 | Train Acc: 0.9923 | Time: 5.4s
2026-03-18 16:38:12 - ----------------------------------------
2026-03-18 16:38:13 - [Test] Acc: 0.7270 | Precision(macro): 0.5860 | Recall(macro): 0.5694 | F1(macro): 0.5739
2026-03-18 16:38:13 - [Test] Classification Report:
              precision    recall  f1-score   support

      benign     0.3711    0.2791    0.3186       129
    no_tumor     0.8009    0.8598    0.8293       435

    accuracy                         0.7270       564
   macro avg     0.5860    0.5694    0.5739       564
weighted avg     0.7026    0.7270    0.7125       564

2026-03-18 16:38:13 - ----------------------------------------
2026-03-18 16:38:19 - Epoch [43/100] LR: 0.001000 | Loss: 0.0442 | Train Acc: 0.9854 | Time: 5.7s
2026-03-18 16:38:25 - Epoch [44/100] LR: 0.001000 | Loss: 0.0675 | Train Acc: 0.9816 | Time: 5.6s
2026-03-18 16:38:30 - Epoch [45/100] LR: 0.001000 | Loss: 0.0901 | Train Acc: 0.9624 | Time: 5.7s
2026-03-18 16:38:30 - ----------------------------------------
2026-03-18 16:38:31 - [Test] Acc: 0.7695 | Precision(macro): 0.6370 | Recall(macro): 0.5452 | F1(macro): 0.5362
2026-03-18 16:38:31 - [Test] Classification Report:
              precision    recall  f1-score   support

      benign     0.4857    0.1318    0.2073       129
    no_tumor     0.7883    0.9586    0.8651       435

    accuracy                         0.7695       564
   macro avg     0.6370    0.5452    0.5362       564
weighted avg     0.7191    0.7695    0.7147       564

2026-03-18 16:38:31 - ----------------------------------------
2026-03-18 16:38:36 - Epoch [46/100] LR: 0.001000 | Loss: 0.0697 | Train Acc: 0.9739 | Time: 4.8s
2026-03-18 16:38:42 - Epoch [47/100] LR: 0.001000 | Loss: 0.0671 | Train Acc: 0.9754 | Time: 6.0s
2026-03-18 16:38:48 - Epoch [48/100] LR: 0.001000 | Loss: 0.0340 | Train Acc: 0.9885 | Time: 5.6s
2026-03-18 16:38:48 - ----------------------------------------
2026-03-18 16:38:49 - [Test] Acc: 0.6968 | Precision(macro): 0.5653 | Recall(macro): 0.5635 | F1(macro): 0.5643
2026-03-18 16:38:49 - [Test] Classification Report:
              precision    recall  f1-score   support

      benign     0.3306    0.3178    0.3241       129
    no_tumor     0.8000    0.8092    0.8046       435

    accuracy                         0.6968       564
   macro avg     0.5653    0.5635    0.5643       564
weighted avg     0.6926    0.6968    0.6947       564

2026-03-18 16:38:49 - ----------------------------------------
2026-03-18 16:38:55 - Epoch [49/100] LR: 0.001000 | Loss: 0.0406 | Train Acc: 0.9854 | Time: 5.9s
2026-03-18 16:39:00 - Epoch [50/100] LR: 0.001000 | Loss: 0.0710 | Train Acc: 0.9731 | Time: 5.5s
2026-03-18 16:39:06 - Epoch [51/100] LR: 0.001000 | Loss: 0.0663 | Train Acc: 0.9747 | Time: 5.4s
2026-03-18 16:39:06 - ----------------------------------------
2026-03-18 16:39:07 - [Test] Acc: 0.6933 | Precision(macro): 0.5643 | Recall(macro): 0.5639 | F1(macro): 0.5641
2026-03-18 16:39:07 - [Test] Classification Report:
              precision    recall  f1-score   support

      benign     0.3281    0.3256    0.3268       129
    no_tumor     0.8005    0.8023    0.8014       435

    accuracy                         0.6933       564
   macro avg     0.5643    0.5639    0.5641       564
weighted avg     0.6924    0.6933    0.6928       564

2026-03-18 16:39:07 - ----------------------------------------
2026-03-18 16:39:13 - Epoch [52/100] LR: 0.001000 | Loss: 0.0841 | Train Acc: 0.9708 | Time: 6.1s
2026-03-18 16:39:19 - Epoch [53/100] LR: 0.001000 | Loss: 0.0478 | Train Acc: 0.9839 | Time: 5.9s
2026-03-18 16:39:25 - Epoch [54/100] LR: 0.001000 | Loss: 0.0320 | Train Acc: 0.9900 | Time: 6.0s
2026-03-18 16:39:25 - ----------------------------------------
2026-03-18 16:39:26 - [Test] Acc: 0.7748 | Precision(macro): 0.6615 | Recall(macro): 0.5895 | F1(macro): 0.5998
2026-03-18 16:39:26 - [Test] Classification Report:
              precision    recall  f1-score   support

      benign     0.5161    0.2481    0.3351       129
    no_tumor     0.8068    0.9310    0.8645       435

    accuracy                         0.7748       564
   macro avg     0.6615    0.5895    0.5998       564
weighted avg     0.7403    0.7748    0.7434       564

2026-03-18 16:39:26 - *** 保存最优模型 (F1: 0.5998, Epoch: 54) ***
2026-03-18 16:39:26 - ----------------------------------------
2026-03-18 16:39:32 - Epoch [55/100] LR: 0.001000 | Loss: 0.0271 | Train Acc: 0.9885 | Time: 5.6s
2026-03-18 16:39:38 - Epoch [56/100] LR: 0.001000 | Loss: 0.0677 | Train Acc: 0.9800 | Time: 6.1s
2026-03-18 16:39:44 - Epoch [57/100] LR: 0.001000 | Loss: 0.0793 | Train Acc: 0.9693 | Time: 5.4s
2026-03-18 16:39:44 - ----------------------------------------
2026-03-18 16:39:45 - [Test] Acc: 0.7429 | Precision(macro): 0.5939 | Recall(macro): 0.5607 | F1(macro): 0.5645
2026-03-18 16:39:45 - [Test] Classification Report:
              precision    recall  f1-score   support

      benign     0.3919    0.2248    0.2857       129
    no_tumor     0.7959    0.8966    0.8432       435

    accuracy                         0.7429       564
   macro avg     0.5939    0.5607    0.5645       564
weighted avg     0.7035    0.7429    0.7157       564

2026-03-18 16:39:45 - ----------------------------------------
2026-03-18 16:39:51 - Epoch [58/100] LR: 0.001000 | Loss: 0.0372 | Train Acc: 0.9839 | Time: 6.3s
2026-03-18 16:39:56 - Epoch [59/100] LR: 0.001000 | Loss: 0.0469 | Train Acc: 0.9823 | Time: 5.3s
2026-03-18 16:40:02 - Epoch [60/100] LR: 0.001000 | Loss: 0.0584 | Train Acc: 0.9777 | Time: 5.7s
2026-03-18 16:40:02 - ----------------------------------------
2026-03-18 16:40:04 - [Test] Acc: 0.7287 | Precision(macro): 0.5731 | Recall(macro): 0.5515 | F1(macro): 0.5540
2026-03-18 16:40:04 - [Test] Classification Report:
              precision    recall  f1-score   support

      benign     0.3537    0.2248    0.2749       129
    no_tumor     0.7925    0.8782    0.8332       435

    accuracy                         0.7287       564
   macro avg     0.5731    0.5515    0.5540       564
weighted avg     0.6922    0.7287    0.7055       564

2026-03-18 16:40:04 - ----------------------------------------
2026-03-18 16:40:09 - Epoch [61/100] LR: 0.001000 | Loss: 0.0298 | Train Acc: 0.9916 | Time: 5.4s
2026-03-18 16:40:16 - Epoch [62/100] LR: 0.001000 | Loss: 0.0410 | Train Acc: 0.9862 | Time: 6.5s
2026-03-18 16:40:21 - Epoch [63/100] LR: 0.001000 | Loss: 0.0764 | Train Acc: 0.9655 | Time: 5.7s
2026-03-18 16:40:21 - ----------------------------------------
2026-03-18 16:40:23 - [Test] Acc: 0.7535 | Precision(macro): 0.5822 | Recall(macro): 0.5321 | F1(macro): 0.5209
2026-03-18 16:40:23 - [Test] Classification Report:
              precision    recall  f1-score   support

      benign     0.3810    0.1240    0.1871       129
    no_tumor     0.7835    0.9402    0.8548       435

    accuracy                         0.7535       564
   macro avg     0.5822    0.5321    0.5209       564
weighted avg     0.6914    0.7535    0.7021       564

2026-03-18 16:40:23 - ----------------------------------------
2026-03-18 16:40:29 - Epoch [64/100] LR: 0.001000 | Loss: 0.0829 | Train Acc: 0.9662 | Time: 6.5s
2026-03-18 16:40:35 - Epoch [65/100] LR: 0.001000 | Loss: 0.0777 | Train Acc: 0.9747 | Time: 5.6s
2026-03-18 16:40:41 - Epoch [66/100] LR: 0.001000 | Loss: 0.0294 | Train Acc: 0.9893 | Time: 6.4s
2026-03-18 16:40:41 - ----------------------------------------
2026-03-18 16:40:42 - [Test] Acc: 0.7589 | Precision(macro): 0.6243 | Recall(macro): 0.5738 | F1(macro): 0.5801
2026-03-18 16:40:42 - [Test] Classification Report:
              precision    recall  f1-score   support

      benign     0.4478    0.2326    0.3061       129
    no_tumor     0.8008    0.9149    0.8541       435

    accuracy                         0.7589       564
   macro avg     0.6243    0.5738    0.5801       564
weighted avg     0.7201    0.7589    0.7287       564

2026-03-18 16:40:42 - ----------------------------------------
2026-03-18 16:40:48 - Epoch [67/100] LR: 0.001000 | Loss: 0.0240 | Train Acc: 0.9885 | Time: 5.6s
2026-03-18 16:40:54 - Epoch [68/100] LR: 0.001000 | Loss: 0.0176 | Train Acc: 0.9939 | Time: 5.7s
2026-03-18 16:41:00 - Epoch [69/100] LR: 0.001000 | Loss: 0.0166 | Train Acc: 0.9946 | Time: 6.1s
2026-03-18 16:41:00 - ----------------------------------------
2026-03-18 16:41:01 - [Test] Acc: 0.7358 | Precision(macro): 0.5706 | Recall(macro): 0.5424 | F1(macro): 0.5418
2026-03-18 16:41:01 - [Test] Classification Report:
              precision    recall  f1-score   support

      benign     0.3529    0.1860    0.2437       129
    no_tumor     0.7883    0.8989    0.8400       435

    accuracy                         0.7358       564
   macro avg     0.5706    0.5424    0.5418       564
weighted avg     0.6887    0.7358    0.7036       564

2026-03-18 16:41:01 - ----------------------------------------
2026-03-18 16:41:07 - Epoch [70/100] LR: 0.001000 | Loss: 0.0574 | Train Acc: 0.9800 | Time: 5.7s
2026-03-18 16:41:13 - Epoch [71/100] LR: 0.001000 | Loss: 0.0905 | Train Acc: 0.9724 | Time: 6.2s
2026-03-18 16:41:18 - Epoch [72/100] LR: 0.001000 | Loss: 0.0383 | Train Acc: 0.9877 | Time: 5.2s
2026-03-18 16:41:18 - ----------------------------------------
2026-03-18 16:41:19 - [Test] Acc: 0.7571 | Precision(macro): 0.6109 | Recall(macro): 0.5562 | F1(macro): 0.5571
2026-03-18 16:41:19 - [Test] Classification Report:
              precision    recall  f1-score   support

      benign     0.4286    0.1860    0.2595       129
    no_tumor     0.7933    0.9264    0.8547       435

    accuracy                         0.7571       564
   macro avg     0.6109    0.5562    0.5571       564
weighted avg     0.7099    0.7571    0.7186       564

2026-03-18 16:41:19 - ----------------------------------------
2026-03-18 16:41:25 - Epoch [73/100] LR: 0.001000 | Loss: 0.0356 | Train Acc: 0.9862 | Time: 5.5s
2026-03-18 16:41:30 - Epoch [74/100] LR: 0.001000 | Loss: 0.0395 | Train Acc: 0.9854 | Time: 5.4s
2026-03-18 16:41:36 - Epoch [75/100] LR: 0.001000 | Loss: 0.0581 | Train Acc: 0.9785 | Time: 6.0s
2026-03-18 16:41:36 - ----------------------------------------
2026-03-18 16:41:38 - [Test] Acc: 0.7447 | Precision(macro): 0.6126 | Recall(macro): 0.5864 | F1(macro): 0.5934
2026-03-18 16:41:38 - [Test] Classification Report:
              precision    recall  f1-score   support

      benign     0.4176    0.2946    0.3455       129
    no_tumor     0.8076    0.8782    0.8414       435

    accuracy                         0.7447       564
   macro avg     0.6126    0.5864    0.5934       564
weighted avg     0.7184    0.7447    0.7280       564

2026-03-18 16:41:38 - ----------------------------------------
2026-03-18 16:41:43 - Epoch [76/100] LR: 0.001000 | Loss: 0.0361 | Train Acc: 0.9877 | Time: 5.5s
2026-03-18 16:41:50 - Epoch [77/100] LR: 0.001000 | Loss: 0.0230 | Train Acc: 0.9900 | Time: 6.4s
2026-03-18 16:41:55 - Epoch [78/100] LR: 0.001000 | Loss: 0.0189 | Train Acc: 0.9939 | Time: 5.7s
2026-03-18 16:41:55 - ----------------------------------------
2026-03-18 16:41:57 - [Test] Acc: 0.7376 | Precision(macro): 0.6063 | Recall(macro): 0.5872 | F1(macro): 0.5932
2026-03-18 16:41:57 - [Test] Classification Report:
              precision    recall  f1-score   support

      benign     0.4040    0.3101    0.3509       129
    no_tumor     0.8086    0.8644    0.8356       435

    accuracy                         0.7376       564
   macro avg     0.6063    0.5872    0.5932       564
weighted avg     0.7161    0.7376    0.7247       564

2026-03-18 16:41:57 - ----------------------------------------
2026-03-18 16:42:03 - Epoch [79/100] LR: 0.001000 | Loss: 0.0113 | Train Acc: 0.9954 | Time: 6.4s
2026-03-18 16:42:08 - Epoch [80/100] LR: 0.001000 | Loss: 0.0273 | Train Acc: 0.9877 | Time: 5.4s
2026-03-18 16:42:14 - Epoch [81/100] LR: 0.001000 | Loss: 0.0320 | Train Acc: 0.9893 | Time: 5.5s
2026-03-18 16:42:14 - ----------------------------------------
2026-03-18 16:42:15 - [Test] Acc: 0.7606 | Precision(macro): 0.6193 | Recall(macro): 0.5585 | F1(macro): 0.5597
2026-03-18 16:42:15 - [Test] Classification Report:
              precision    recall  f1-score   support

      benign     0.4444    0.1860    0.2623       129
    no_tumor     0.7941    0.9310    0.8571       435

    accuracy                         0.7606       564
   macro avg     0.6193    0.5585    0.5597       564
weighted avg     0.7141    0.7606    0.7211       564

2026-03-18 16:42:15 - ----------------------------------------
2026-03-18 16:42:19 - Epoch [82/100] LR: 0.001000 | Loss: 0.0480 | Train Acc: 0.9847 | Time: 3.8s
2026-03-18 16:42:22 - Epoch [83/100] LR: 0.001000 | Loss: 0.0769 | Train Acc: 0.9685 | Time: 3.6s
2026-03-18 16:42:26 - Epoch [84/100] LR: 0.001000 | Loss: 0.0724 | Train Acc: 0.9777 | Time: 3.5s
2026-03-18 16:42:26 - ----------------------------------------
2026-03-18 16:42:27 - [Test] Acc: 0.7128 | Precision(macro): 0.5859 | Recall(macro): 0.5820 | F1(macro): 0.5837
2026-03-18 16:42:27 - [Test] Classification Report:
              precision    recall  f1-score   support

      benign     0.3636    0.3411    0.3520       129
    no_tumor     0.8081    0.8230    0.8155       435

    accuracy                         0.7128       564
   macro avg     0.5859    0.5820    0.5837       564
weighted avg     0.7065    0.7128    0.7095       564

2026-03-18 16:42:27 - ----------------------------------------
2026-03-18 16:42:31 - Epoch [85/100] LR: 0.001000 | Loss: 0.0681 | Train Acc: 0.9739 | Time: 4.1s
2026-03-18 16:42:35 - Epoch [86/100] LR: 0.001000 | Loss: 0.0364 | Train Acc: 0.9885 | Time: 3.6s
2026-03-18 16:42:38 - Epoch [87/100] LR: 0.001000 | Loss: 0.0238 | Train Acc: 0.9923 | Time: 3.5s
2026-03-18 16:42:38 - ----------------------------------------
2026-03-18 16:42:39 - [Test] Acc: 0.7411 | Precision(macro): 0.5911 | Recall(macro): 0.5595 | F1(macro): 0.5632
2026-03-18 16:42:39 - [Test] Classification Report:
              precision    recall  f1-score   support

      benign     0.3867    0.2248    0.2843       129
    no_tumor     0.7955    0.8943    0.8420       435

    accuracy                         0.7411       564
   macro avg     0.5911    0.5595    0.5632       564
weighted avg     0.7020    0.7411    0.7144       564

2026-03-18 16:42:39 - ----------------------------------------
2026-03-18 16:42:43 - Epoch [88/100] LR: 0.001000 | Loss: 0.0135 | Train Acc: 0.9962 | Time: 3.5s
2026-03-18 16:42:46 - Epoch [89/100] LR: 0.001000 | Loss: 0.0047 | Train Acc: 0.9992 | Time: 3.5s
2026-03-18 16:42:50 - Epoch [90/100] LR: 0.001000 | Loss: 0.0039 | Train Acc: 0.9992 | Time: 3.5s
2026-03-18 16:42:50 - ----------------------------------------
2026-03-18 16:42:51 - [Test] Acc: 0.7677 | Precision(macro): 0.6369 | Recall(macro): 0.5604 | F1(macro): 0.5611
2026-03-18 16:42:51 - [Test] Classification Report:
              precision    recall  f1-score   support

      benign     0.4792    0.1783    0.2599       129
    no_tumor     0.7946    0.9425    0.8623       435

    accuracy                         0.7677       564
   macro avg     0.6369    0.5604    0.5611       564
weighted avg     0.7224    0.7677    0.7245       564

2026-03-18 16:42:51 - ----------------------------------------
2026-03-18 16:42:55 - Epoch [91/100] LR: 0.001000 | Loss: 0.0067 | Train Acc: 0.9977 | Time: 3.9s
2026-03-18 16:42:59 - Epoch [92/100] LR: 0.001000 | Loss: 0.0186 | Train Acc: 0.9923 | Time: 3.7s
2026-03-18 16:43:03 - Epoch [93/100] LR: 0.001000 | Loss: 0.0418 | Train Acc: 0.9839 | Time: 4.7s
2026-03-18 16:43:03 - ----------------------------------------
2026-03-18 16:43:05 - [Test] Acc: 0.7730 | Precision(macro): 0.6534 | Recall(macro): 0.5639 | F1(macro): 0.5651
2026-03-18 16:43:05 - [Test] Classification Report:
              precision    recall  f1-score   support

      benign     0.5111    0.1783    0.2644       129
    no_tumor     0.7958    0.9494    0.8658       435

    accuracy                         0.7730       564
   macro avg     0.6534    0.5639    0.5651       564
weighted avg     0.7307    0.7730    0.7283       564

2026-03-18 16:43:05 - ----------------------------------------
2026-03-18 16:43:11 - Epoch [94/100] LR: 0.001000 | Loss: 0.0244 | Train Acc: 0.9916 | Time: 6.8s
2026-03-18 16:43:19 - Epoch [95/100] LR: 0.001000 | Loss: 0.0489 | Train Acc: 0.9839 | Time: 7.2s
2026-03-18 16:43:25 - Epoch [96/100] LR: 0.001000 | Loss: 0.0462 | Train Acc: 0.9854 | Time: 6.4s
2026-03-18 16:43:25 - ----------------------------------------
2026-03-18 16:43:27 - [Test] Acc: 0.6667 | Precision(macro): 0.5709 | Recall(macro): 0.5849 | F1(macro): 0.5731
2026-03-18 16:43:27 - [Test] Classification Report:
              precision    recall  f1-score   support

      benign     0.3275    0.4341    0.3733       129
    no_tumor     0.8142    0.7356    0.7729       435

    accuracy                         0.6667       564
   macro avg     0.5709    0.5849    0.5731       564
weighted avg     0.7029    0.6667    0.6815       564

2026-03-18 16:43:27 - ----------------------------------------
2026-03-18 16:43:34 - Epoch [97/100] LR: 0.001000 | Loss: 0.0618 | Train Acc: 0.9808 | Time: 7.2s
2026-03-18 16:43:41 - Epoch [98/100] LR: 0.001000 | Loss: 0.0738 | Train Acc: 0.9731 | Time: 6.7s
2026-03-18 16:43:47 - Epoch [99/100] LR: 0.001000 | Loss: 0.0388 | Train Acc: 0.9831 | Time: 6.3s
2026-03-18 16:43:47 - ----------------------------------------
2026-03-18 16:43:48 - [Test] Acc: 0.7677 | Precision(macro): 0.6287 | Recall(macro): 0.5413 | F1(macro): 0.5303
2026-03-18 16:43:48 - [Test] Classification Report:
              precision    recall  f1-score   support

      benign     0.4706    0.1240    0.1963       129
    no_tumor     0.7868    0.9586    0.8642       435

    accuracy                         0.7677       564
   macro avg     0.6287    0.5413    0.5303       564
weighted avg     0.7145    0.7677    0.7115       564

2026-03-18 16:43:48 - ----------------------------------------
2026-03-18 16:43:55 - Epoch [100/100] LR: 0.001000 | Loss: 0.0324 | Train Acc: 0.9885 | Time: 6.7s
2026-03-18 16:43:55 - ----------------------------------------
2026-03-18 16:43:56 - [Test] Acc: 0.7429 | Precision(macro): 0.5939 | Recall(macro): 0.5607 | F1(macro): 0.5645
2026-03-18 16:43:56 - [Test] Classification Report:
              precision    recall  f1-score   support

      benign     0.3919    0.2248    0.2857       129
    no_tumor     0.7959    0.8966    0.8432       435

    accuracy                         0.7429       564
   macro avg     0.5939    0.5607    0.5645       564
weighted avg     0.7035    0.7429    0.7157       564

2026-03-18 16:43:56 - ----------------------------------------
2026-03-18 16:43:56 - 
============================================================
2026-03-18 16:43:56 - 训练完成! 最优模型: Epoch 54, F1: 0.5998
2026-03-18 16:43:56 - ============================================================
2026-03-18 16:43:56 - 
加载最优权重进行最终测试...
2026-03-18 16:43:58 - ============================================================
2026-03-18 16:43:58 - 最终测试结果 (最优权重)
2026-03-18 16:43:58 - ============================================================
2026-03-18 16:43:59 - [Final Test] Acc: 0.7748 | Precision(macro): 0.6615 | Recall(macro): 0.5895 | F1(macro): 0.5998
2026-03-18 16:43:59 - [Final Test] Classification Report:
              precision    recall  f1-score   support

      benign     0.5161    0.2481    0.3351       129
    no_tumor     0.8068    0.9310    0.8645       435

    accuracy                         0.7748       564
   macro avg     0.6615    0.5895    0.5998       564
weighted avg     0.7403    0.7748    0.7434       564

2026-03-18 16:43:59 - 训练脚本已复制到: /data1/ouyangxinglong/GBP-Cascade/logs/20260318_task2_Densenet121_baseline_1/20260318_task2_Densenet121_baseline_1.py
