2026-04-06 13:37:00 - ======================================================================
2026-04-06 13:37:00 - 实验名称: 20260406_task2_SwinV2Tiny_segcls_13
2026-04-06 13:37:00 - 模型: SwinV2-Tiny@256 + 4ch + SegAttn + Meta + FeatureMixup
2026-04-06 13:37:00 - 修改: Exp#4架构 + Feature-Level Mixup(p=0.5, alpha=0.4) + 50ep + patience=12
2026-04-06 13:37:00 - Batch Size: 8 | Epochs: 50
2026-04-06 13:37:00 - LR: backbone=2e-05, head=0.0002
2026-04-06 13:37:00 - Weight Decay: 0.05 | Label Smoothing: 0.1
2026-04-06 13:37:00 - Lambda Cls: 2.0 | Grad Clip: 1.0
2026-04-06 13:37:00 - Early Stopping Patience: 12
2026-04-06 13:37:00 - EMA: False (decay=0.9995)
2026-04-06 13:37:00 - Seed: 42 | Device: cuda
2026-04-06 13:37:00 - ======================================================================
2026-04-06 13:37:01 - 训练集: 1229 张
2026-04-06 13:37:01 - 测试集: 523 张
2026-04-06 13:37:21 - 模型参数量: 34,596,622
2026-04-06 13:37:21 - 分类权重: benign=1.9887, no_tumor=0.6679
2026-04-06 13:37:21 - 
======================================================================
2026-04-06 13:37:21 - 开始训练 (Early Stopping)
2026-04-06 13:37:21 - ======================================================================
2026-04-06 13:37:42 - Epoch [1/50] LR: 2.50e-06/2.50e-05 | Loss: 2.0545 (seg=0.6483, cls=0.7031) | Acc: 0.6324 | Dice: 0.7521 | 21.2s
2026-04-06 13:38:02 - Epoch [2/50] LR: 5.00e-06/5.00e-05 | Loss: 1.6395 (seg=0.2731, cls=0.6832) | Acc: 0.7067 | Dice: 0.9463 | 19.5s
2026-04-06 13:38:02 - --------------------------------------------------
2026-04-06 13:38:05 - [Test] Cls — Acc: 0.7400 | P(macro): 0.6255 | R(macro): 0.5902 | F1(macro): 0.5977
2026-04-06 13:38:05 - [Test] Seg — Lesion IoU: 0.8902 | Lesion Dice: 0.9418
2026-04-06 13:38:05 - [Test] Classification Report:
              precision    recall  f1-score   support

      benign     0.4578    0.2946    0.3585       129
    no_tumor     0.7932    0.8858    0.8369       394

    accuracy                         0.7400       523
   macro avg     0.6255    0.5902    0.5977       523
weighted avg     0.7105    0.7400    0.7189       523

2026-04-06 13:38:05 - *** 保存最优模型 (F1: 0.5977, Epoch: 2) ***
2026-04-06 13:38:05 - --------------------------------------------------
2026-04-06 13:38:26 - Epoch [3/50] LR: 7.50e-06/7.50e-05 | Loss: 1.5437 (seg=0.2014, cls=0.6712) | Acc: 0.6928 | Dice: 0.9622 | 20.3s
2026-04-06 13:38:46 - Epoch [4/50] LR: 1.00e-05/1.00e-04 | Loss: 1.4881 (seg=0.1605, cls=0.6638) | Acc: 0.6806 | Dice: 0.9670 | 19.9s
2026-04-06 13:38:46 - --------------------------------------------------
2026-04-06 13:38:48 - [Test] Cls — Acc: 0.6922 | P(macro): 0.6074 | R(macro): 0.6210 | F1(macro): 0.6118
2026-04-06 13:38:48 - [Test] Seg — Lesion IoU: 0.9475 | Lesion Dice: 0.9730
2026-04-06 13:38:48 - [Test] Classification Report:
              precision    recall  f1-score   support

      benign     0.3974    0.4806    0.4351       129
    no_tumor     0.8174    0.7614    0.7884       394

    accuracy                         0.6922       523
   macro avg     0.6074    0.6210    0.6118       523
weighted avg     0.7138    0.6922    0.7013       523

2026-04-06 13:38:49 - *** 保存最优模型 (F1: 0.6118, Epoch: 4) ***
2026-04-06 13:38:49 - --------------------------------------------------
2026-04-06 13:39:09 - Epoch [5/50] LR: 1.25e-05/1.25e-04 | Loss: 1.4076 (seg=0.1256, cls=0.6410) | Acc: 0.7075 | Dice: 0.9718 | 19.9s
2026-04-06 13:39:29 - Epoch [6/50] LR: 1.50e-05/1.50e-04 | Loss: 1.3714 (seg=0.0998, cls=0.6358) | Acc: 0.7345 | Dice: 0.9755 | 20.0s
2026-04-06 13:39:29 - --------------------------------------------------
2026-04-06 13:39:32 - [Test] Cls — Acc: 0.6902 | P(macro): 0.6180 | R(macro): 0.6406 | F1(macro): 0.6229
2026-04-06 13:39:32 - [Test] Seg — Lesion IoU: 0.9501 | Lesion Dice: 0.9744
2026-04-06 13:39:32 - [Test] Classification Report:
              precision    recall  f1-score   support

      benign     0.4046    0.5426    0.4636       129
    no_tumor     0.8314    0.7386    0.7823       394

    accuracy                         0.6902       523
   macro avg     0.6180    0.6406    0.6229       523
weighted avg     0.7262    0.6902    0.7037       523

2026-04-06 13:39:33 - *** 保存最优模型 (F1: 0.6229, Epoch: 6) ***
2026-04-06 13:39:33 - --------------------------------------------------
2026-04-06 13:39:53 - Epoch [7/50] LR: 1.75e-05/1.75e-04 | Loss: 1.3058 (seg=0.0783, cls=0.6138) | Acc: 0.7345 | Dice: 0.9797 | 20.2s
2026-04-06 13:40:13 - Epoch [8/50] LR: 2.00e-05/2.00e-04 | Loss: 1.2667 (seg=0.0600, cls=0.6033) | Acc: 0.7549 | Dice: 0.9824 | 19.9s
2026-04-06 13:40:13 - --------------------------------------------------
2026-04-06 13:40:16 - [Test] Cls — Acc: 0.6635 | P(macro): 0.6141 | R(macro): 0.6463 | F1(macro): 0.6129
2026-04-06 13:40:16 - [Test] Seg — Lesion IoU: 0.9464 | Lesion Dice: 0.9724
2026-04-06 13:40:16 - [Test] Classification Report:
              precision    recall  f1-score   support

      benign     0.3854    0.6124    0.4731       129
    no_tumor     0.8428    0.6802    0.7528       394

    accuracy                         0.6635       523
   macro avg     0.6141    0.6463    0.6129       523
weighted avg     0.7299    0.6635    0.6838       523

2026-04-06 13:40:16 - 无提升 (1/12)
2026-04-06 13:40:16 - --------------------------------------------------
2026-04-06 13:40:37 - Epoch [9/50] LR: 2.00e-05/2.00e-04 | Loss: 1.2608 (seg=0.0493, cls=0.6058) | Acc: 0.7541 | Dice: 0.9824 | 20.7s
2026-04-06 13:40:57 - Epoch [10/50] LR: 1.99e-05/1.99e-04 | Loss: 1.2048 (seg=0.0405, cls=0.5821) | Acc: 0.7859 | Dice: 0.9842 | 20.2s
2026-04-06 13:40:57 - --------------------------------------------------
2026-04-06 13:41:00 - [Test] Cls — Acc: 0.7533 | P(macro): 0.6530 | R(macro): 0.6173 | F1(macro): 0.6275
2026-04-06 13:41:00 - [Test] Seg — Lesion IoU: 0.9725 | Lesion Dice: 0.9860
2026-04-06 13:41:00 - [Test] Classification Report:
              precision    recall  f1-score   support

      benign     0.5000    0.3488    0.4110       129
    no_tumor     0.8060    0.8858    0.8440       394

    accuracy                         0.7533       523
   macro avg     0.6530    0.6173    0.6275       523
weighted avg     0.7305    0.7533    0.7372       523

2026-04-06 13:41:01 - *** 保存最优模型 (F1: 0.6275, Epoch: 10) ***
2026-04-06 13:41:01 - --------------------------------------------------
2026-04-06 13:41:21 - Epoch [11/50] LR: 1.98e-05/1.98e-04 | Loss: 1.1682 (seg=0.0342, cls=0.5670) | Acc: 0.8039 | Dice: 0.9856 | 20.9s
2026-04-06 13:41:41 - Epoch [12/50] LR: 1.96e-05/1.96e-04 | Loss: 1.1475 (seg=0.0306, cls=0.5585) | Acc: 0.7859 | Dice: 0.9848 | 19.6s
2026-04-06 13:41:41 - --------------------------------------------------
2026-04-06 13:41:44 - [Test] Cls — Acc: 0.7075 | P(macro): 0.6145 | R(macro): 0.6207 | F1(macro): 0.6172
2026-04-06 13:41:44 - [Test] Seg — Lesion IoU: 0.9722 | Lesion Dice: 0.9859
2026-04-06 13:41:44 - [Test] Classification Report:
              precision    recall  f1-score   support

      benign     0.4143    0.4496    0.4312       129
    no_tumor     0.8146    0.7919    0.8031       394

    accuracy                         0.7075       523
   macro avg     0.6145    0.6207    0.6172       523
weighted avg     0.7159    0.7075    0.7114       523

2026-04-06 13:41:44 - 无提升 (1/12)
2026-04-06 13:41:44 - --------------------------------------------------
2026-04-06 13:42:05 - Epoch [13/50] LR: 1.93e-05/1.93e-04 | Loss: 1.1308 (seg=0.0262, cls=0.5523) | Acc: 0.8276 | Dice: 0.9867 | 20.7s
2026-04-06 13:42:25 - Epoch [14/50] LR: 1.90e-05/1.90e-04 | Loss: 1.0779 (seg=0.0238, cls=0.5270) | Acc: 0.8170 | Dice: 0.9867 | 20.0s
2026-04-06 13:42:25 - --------------------------------------------------
2026-04-06 13:42:28 - [Test] Cls — Acc: 0.7266 | P(macro): 0.6290 | R(macro): 0.6256 | F1(macro): 0.6272
2026-04-06 13:42:28 - [Test] Seg — Lesion IoU: 0.9706 | Lesion Dice: 0.9851
2026-04-06 13:42:28 - [Test] Classification Report:
              precision    recall  f1-score   support

      benign     0.4435    0.4264    0.4348       129
    no_tumor     0.8145    0.8249    0.8197       394

    accuracy                         0.7266       523
   macro avg     0.6290    0.6256    0.6272       523
weighted avg     0.7230    0.7266    0.7247       523

2026-04-06 13:42:28 - 无提升 (2/12)
2026-04-06 13:42:28 - --------------------------------------------------
2026-04-06 13:42:47 - Epoch [15/50] LR: 1.87e-05/1.87e-04 | Loss: 1.0442 (seg=0.0222, cls=0.5110) | Acc: 0.8374 | Dice: 0.9871 | 19.9s
2026-04-06 13:43:08 - Epoch [16/50] LR: 1.83e-05/1.83e-04 | Loss: 0.9747 (seg=0.0210, cls=0.4768) | Acc: 0.8309 | Dice: 0.9866 | 20.3s
2026-04-06 13:43:08 - --------------------------------------------------
2026-04-06 13:43:10 - [Test] Cls — Acc: 0.6348 | P(macro): 0.6076 | R(macro): 0.6429 | F1(macro): 0.5960
2026-04-06 13:43:10 - [Test] Seg — Lesion IoU: 0.9734 | Lesion Dice: 0.9865
2026-04-06 13:43:10 - [Test] Classification Report:
              precision    recall  f1-score   support

      benign     0.3664    0.6589    0.4709       129
    no_tumor     0.8488    0.6269    0.7212       394

    accuracy                         0.6348       523
   macro avg     0.6076    0.6429    0.5960       523
weighted avg     0.7298    0.6348    0.6594       523

2026-04-06 13:43:10 - 无提升 (3/12)
2026-04-06 13:43:10 - --------------------------------------------------
2026-04-06 13:43:31 - Epoch [17/50] LR: 1.78e-05/1.78e-04 | Loss: 0.9901 (seg=0.0197, cls=0.4852) | Acc: 0.8538 | Dice: 0.9868 | 20.3s
2026-04-06 13:43:51 - Epoch [18/50] LR: 1.74e-05/1.74e-04 | Loss: 0.9651 (seg=0.0251, cls=0.4700) | Acc: 0.8636 | Dice: 0.9791 | 20.3s
2026-04-06 13:43:51 - --------------------------------------------------
2026-04-06 13:43:54 - [Test] Cls — Acc: 0.6845 | P(macro): 0.6061 | R(macro): 0.6238 | F1(macro): 0.6105
2026-04-06 13:43:54 - [Test] Seg — Lesion IoU: 0.9596 | Lesion Dice: 0.9793
2026-04-06 13:43:54 - [Test] Classification Report:
              precision    recall  f1-score   support

      benign     0.3916    0.5039    0.4407       129
    no_tumor     0.8207    0.7437    0.7803       394

    accuracy                         0.6845       523
   macro avg     0.6061    0.6238    0.6105       523
weighted avg     0.7149    0.6845    0.6965       523

2026-04-06 13:43:54 - 无提升 (4/12)
2026-04-06 13:43:54 - --------------------------------------------------
2026-04-06 13:44:13 - Epoch [19/50] LR: 1.68e-05/1.68e-04 | Loss: 0.9250 (seg=0.0188, cls=0.4531) | Acc: 0.8783 | Dice: 0.9857 | 19.1s
2026-04-06 13:44:33 - Epoch [20/50] LR: 1.63e-05/1.63e-04 | Loss: 0.8897 (seg=0.0167, cls=0.4365) | Acc: 0.8766 | Dice: 0.9877 | 20.2s
2026-04-06 13:44:33 - --------------------------------------------------
2026-04-06 13:44:36 - [Test] Cls — Acc: 0.7151 | P(macro): 0.6160 | R(macro): 0.6154 | F1(macro): 0.6157
2026-04-06 13:44:36 - [Test] Seg — Lesion IoU: 0.9782 | Lesion Dice: 0.9890
2026-04-06 13:44:36 - [Test] Classification Report:
              precision    recall  f1-score   support

      benign     0.4219    0.4186    0.4202       129
    no_tumor     0.8101    0.8122    0.8112       394

    accuracy                         0.7151       523
   macro avg     0.6160    0.6154    0.6157       523
weighted avg     0.7144    0.7151    0.7147       523

2026-04-06 13:44:36 - 无提升 (5/12)
2026-04-06 13:44:36 - --------------------------------------------------
2026-04-06 13:44:55 - Epoch [21/50] LR: 1.57e-05/1.57e-04 | Loss: 0.8694 (seg=0.0154, cls=0.4270) | Acc: 0.8954 | Dice: 0.9884 | 19.6s
2026-04-06 13:45:16 - Epoch [22/50] LR: 1.50e-05/1.50e-04 | Loss: 0.8855 (seg=0.0151, cls=0.4352) | Acc: 0.8946 | Dice: 0.9878 | 20.6s
2026-04-06 13:45:16 - --------------------------------------------------
2026-04-06 13:45:19 - [Test] Cls — Acc: 0.7132 | P(macro): 0.6069 | R(macro): 0.6011 | F1(macro): 0.6036
2026-04-06 13:45:19 - [Test] Seg — Lesion IoU: 0.9767 | Lesion Dice: 0.9882
2026-04-06 13:45:19 - [Test] Classification Report:
              precision    recall  f1-score   support

      benign     0.4118    0.3798    0.3952       129
    no_tumor     0.8020    0.8223    0.8120       394

    accuracy                         0.7132       523
   macro avg     0.6069    0.6011    0.6036       523
weighted avg     0.7057    0.7132    0.7092       523

2026-04-06 13:45:19 - 无提升 (6/12)
2026-04-06 13:45:19 - --------------------------------------------------
2026-04-06 13:45:39 - Epoch [23/50] LR: 1.44e-05/1.44e-04 | Loss: 0.7913 (seg=0.0142, cls=0.3885) | Acc: 0.9077 | Dice: 0.9884 | 20.3s
2026-04-06 13:45:59 - Epoch [24/50] LR: 1.37e-05/1.37e-04 | Loss: 0.8138 (seg=0.0122, cls=0.4008) | Acc: 0.9183 | Dice: 0.9905 | 19.9s
2026-04-06 13:45:59 - --------------------------------------------------
2026-04-06 13:46:02 - [Test] Cls — Acc: 0.7457 | P(macro): 0.6358 | R(macro): 0.5966 | F1(macro): 0.6052
2026-04-06 13:46:02 - [Test] Seg — Lesion IoU: 0.9817 | Lesion Dice: 0.9908
2026-04-06 13:46:02 - [Test] Classification Report:
              precision    recall  f1-score   support

      benign     0.4756    0.3023    0.3697       129
    no_tumor     0.7959    0.8909    0.8407       394

    accuracy                         0.7457       523
   macro avg     0.6358    0.5966    0.6052       523
weighted avg     0.7169    0.7457    0.7245       523

2026-04-06 13:46:02 - 无提升 (7/12)
2026-04-06 13:46:02 - --------------------------------------------------
2026-04-06 13:46:22 - Epoch [25/50] LR: 1.30e-05/1.30e-04 | Loss: 0.7697 (seg=0.0118, cls=0.3789) | Acc: 0.9085 | Dice: 0.9902 | 20.4s
2026-04-06 13:46:44 - Epoch [26/50] LR: 1.23e-05/1.23e-04 | Loss: 0.7632 (seg=0.0115, cls=0.3758) | Acc: 0.9306 | Dice: 0.9903 | 21.5s
2026-04-06 13:46:44 - --------------------------------------------------
2026-04-06 13:46:47 - [Test] Cls — Acc: 0.7055 | P(macro): 0.6023 | R(macro): 0.6012 | F1(macro): 0.6018
2026-04-06 13:46:47 - [Test] Seg — Lesion IoU: 0.9825 | Lesion Dice: 0.9912
2026-04-06 13:46:47 - [Test] Classification Report:
              precision    recall  f1-score   support

      benign     0.4016    0.3953    0.3984       129
    no_tumor     0.8030    0.8071    0.8051       394

    accuracy                         0.7055       523
   macro avg     0.6023    0.6012    0.6018       523
weighted avg     0.7040    0.7055    0.7048       523

2026-04-06 13:46:47 - 无提升 (8/12)
2026-04-06 13:46:47 - --------------------------------------------------
2026-04-06 13:47:08 - Epoch [27/50] LR: 1.16e-05/1.16e-04 | Loss: 0.7284 (seg=0.0107, cls=0.3588) | Acc: 0.9412 | Dice: 0.9909 | 21.3s
2026-04-06 13:47:30 - Epoch [28/50] LR: 1.08e-05/1.08e-04 | Loss: 0.7068 (seg=0.0101, cls=0.3484) | Acc: 0.9485 | Dice: 0.9913 | 22.4s
2026-04-06 13:47:30 - --------------------------------------------------
2026-04-06 13:47:34 - [Test] Cls — Acc: 0.7189 | P(macro): 0.6056 | R(macro): 0.5919 | F1(macro): 0.5966
2026-04-06 13:47:34 - [Test] Seg — Lesion IoU: 0.9848 | Lesion Dice: 0.9924
2026-04-06 13:47:34 - [Test] Classification Report:
              precision    recall  f1-score   support

      benign     0.4151    0.3411    0.3745       129
    no_tumor     0.7962    0.8426    0.8187       394

    accuracy                         0.7189       523
   macro avg     0.6056    0.5919    0.5966       523
weighted avg     0.7022    0.7189    0.7092       523

2026-04-06 13:47:34 - 无提升 (9/12)
2026-04-06 13:47:34 - --------------------------------------------------
2026-04-06 13:47:54 - Epoch [29/50] LR: 1.01e-05/1.01e-04 | Loss: 0.7323 (seg=0.0094, cls=0.3615) | Acc: 0.9428 | Dice: 0.9917 | 20.8s
2026-04-06 13:48:16 - Epoch [30/50] LR: 9.36e-06/9.36e-05 | Loss: 0.7037 (seg=0.0093, cls=0.3472) | Acc: 0.9444 | Dice: 0.9918 | 21.3s
2026-04-06 13:48:16 - --------------------------------------------------
2026-04-06 13:48:19 - [Test] Cls — Acc: 0.6176 | P(macro): 0.5605 | R(macro): 0.5767 | F1(macro): 0.5558
2026-04-06 13:48:19 - [Test] Seg — Lesion IoU: 0.9863 | Lesion Dice: 0.9931
2026-04-06 13:48:19 - [Test] Classification Report:
              precision    recall  f1-score   support

      benign     0.3216    0.4961    0.3902       129
    no_tumor     0.7994    0.6574    0.7214       394

    accuracy                         0.6176       523
   macro avg     0.5605    0.5767    0.5558       523
weighted avg     0.6815    0.6176    0.6398       523

2026-04-06 13:48:19 - 无提升 (10/12)
2026-04-06 13:48:19 - --------------------------------------------------
2026-04-06 13:48:39 - Epoch [31/50] LR: 8.62e-06/8.62e-05 | Loss: 0.7324 (seg=0.0092, cls=0.3616) | Acc: 0.9387 | Dice: 0.9918 | 20.8s
2026-04-06 13:49:00 - Epoch [32/50] LR: 7.90e-06/7.90e-05 | Loss: 0.6778 (seg=0.0083, cls=0.3347) | Acc: 0.9444 | Dice: 0.9926 | 20.5s
2026-04-06 13:49:00 - --------------------------------------------------
2026-04-06 13:49:03 - [Test] Cls — Acc: 0.7342 | P(macro): 0.6281 | R(macro): 0.6098 | F1(macro): 0.6162
2026-04-06 13:49:03 - [Test] Seg — Lesion IoU: 0.9871 | Lesion Dice: 0.9935
2026-04-06 13:49:03 - [Test] Classification Report:
              precision    recall  f1-score   support

      benign     0.4519    0.3643    0.4034       129
    no_tumor     0.8043    0.8553    0.8290       394

    accuracy                         0.7342       523
   macro avg     0.6281    0.6098    0.6162       523
weighted avg     0.7174    0.7342    0.7241       523

2026-04-06 13:49:03 - 无提升 (11/12)
2026-04-06 13:49:03 - --------------------------------------------------
2026-04-06 13:49:24 - Epoch [33/50] LR: 7.18e-06/7.18e-05 | Loss: 0.6629 (seg=0.0082, cls=0.3274) | Acc: 0.9551 | Dice: 0.9925 | 21.3s
2026-04-06 13:49:45 - Epoch [34/50] LR: 6.48e-06/6.48e-05 | Loss: 0.6742 (seg=0.0078, cls=0.3332) | Acc: 0.9575 | Dice: 0.9930 | 21.2s
2026-04-06 13:49:45 - --------------------------------------------------
2026-04-06 13:49:48 - [Test] Cls — Acc: 0.7380 | P(macro): 0.6308 | R(macro): 0.6072 | F1(macro): 0.6146
2026-04-06 13:49:48 - [Test] Seg — Lesion IoU: 0.9879 | Lesion Dice: 0.9939
2026-04-06 13:49:48 - [Test] Classification Report:
              precision    recall  f1-score   support

      benign     0.4592    0.3488    0.3965       129
    no_tumor     0.8024    0.8655    0.8327       394

    accuracy                         0.7380       523
   macro avg     0.6308    0.6072    0.6146       523
weighted avg     0.7177    0.7380    0.7251       523

2026-04-06 13:49:48 - 无提升 (12/12)
2026-04-06 13:49:48 - Early stopping at epoch 34 (patience=12)
2026-04-06 13:49:48 - 
======================================================================
2026-04-06 13:49:48 - 训练完成! 最优: Epoch 10, Test F1: 0.6275
2026-04-06 13:49:48 - ======================================================================
2026-04-06 13:49:48 - 
======================================================================
2026-04-06 13:49:48 - 最终测试结果 (最优权重)
2026-04-06 13:49:48 - ======================================================================
2026-04-06 13:49:51 - [Final Test] Cls — Acc: 0.7533 | P(macro): 0.6530 | R(macro): 0.6173 | F1(macro): 0.6275
2026-04-06 13:49:51 - [Final Test] Seg — Lesion IoU: 0.9725 | Lesion Dice: 0.9860
2026-04-06 13:49:51 - [Final Test] Classification Report:
              precision    recall  f1-score   support

      benign     0.5000    0.3488    0.4110       129
    no_tumor     0.8060    0.8858    0.8440       394

    accuracy                         0.7533       523
   macro avg     0.6530    0.6173    0.6275       523
weighted avg     0.7305    0.7533    0.7372       523

2026-04-06 13:49:54 - 最优阈值: 0.395 (F1: 0.6422 vs 默认 F1: 0.6275)
2026-04-06 13:49:57 - [Final Test (最优阈值)] Threshold: 0.395 | Acc: 0.7266 | P(macro): 0.6388 | R(macro): 0.6465 | F1(macro): 0.6422
2026-04-06 13:49:57 - [Final Test (最优阈值)] Classification Report:
              precision    recall  f1-score   support

      benign     0.4500    0.4884    0.4684       129
    no_tumor     0.8277    0.8046    0.8160       394

    accuracy                         0.7266       523
   macro avg     0.6388    0.6465    0.6422       523
weighted avg     0.7345    0.7266    0.7302       523

2026-04-06 13:49:57 - 脚本已复制到: /data1/ouyangxinglong/GBP-Cascade/0406/logs/20260406_task2_SwinV2Tiny_segcls_13/20260406_task2_SwinV2Tiny_segcls_13.py
