2026-03-24 05:25:44 - ============================================================
2026-03-24 05:25:44 - 实验名称: 20260324_task2_SwinV2Tiny_fullroi4ch_auxannot_12
2026-03-24 05:25:44 - 任务: Task 2 - 良性肿瘤(0) vs 非肿瘤性息肉(1)
2026-03-24 05:25:44 - 模型: Dual-view SwinV2-Tiny (shared 4ch backbone + annotation-aware aux loss)
2026-03-24 05:25:44 - 修改: full4ch strong branch + roi4ch detail branch + shared SwinV2 + balanced sampler + class weight + aux annotation supervision
2026-03-24 05:25:44 - 图像尺寸: train Full: StrongSync256 | ROI: Sync256 | 4ch RGB+mask, test Full: Sync256 | ROI: Sync256 | 4ch RGB+mask
2026-03-24 05:25:44 - Batch Size: 4
2026-03-24 05:25:44 - Backbone LR: 1.5e-05
2026-03-24 05:25:44 - Head LR: 0.0002
2026-03-24 05:25:44 - Weight Decay: 0.05
2026-03-24 05:25:44 - Warmup Epochs: 8
2026-03-24 05:25:44 - Min LR Ratio: 0.02
2026-03-24 05:25:44 - Label Smoothing: 0.05
2026-03-24 05:25:44 - Aux Bin Weight: 0.15
2026-03-24 05:25:44 - Aux Reg Weight: 0.05
2026-03-24 05:25:44 - Seed: 42
2026-03-24 05:25:44 - Epochs: 80
2026-03-24 05:25:44 - Grad Clip: 1.0
2026-03-24 05:25:44 - 设备: cuda
2026-03-24 05:25:44 - ============================================================
2026-03-24 05:25:44 - 训练集: 1229 张 (benign=309, no_tumor=920)
2026-03-24 05:25:44 - 测试集: 523 张 (benign=129, no_tumor=394)
2026-03-24 05:25:46 - 模型参数量: 30,996,528
2026-03-24 05:25:46 - 可训练参数量: 30,996,528
2026-03-24 05:25:46 - 类别权重: benign=1.9887, no_tumor=0.6679
2026-03-24 05:25:46 - 损失函数: CE(class_weight+LS=0.05) + 0.15*BCE(aux_bin) + 0.05*SmoothL1(aux_reg)
2026-03-24 05:25:46 - 
============================================================
2026-03-24 05:25:46 - 开始训练
2026-03-24 05:25:46 - ============================================================
2026-03-24 05:26:31 - Epoch [1/80] LR(backbone/head): 1.875000e-06/2.500000e-05 | WarmupCosineFactor: 0.1250 | Loss: 0.7017 | CE: 0.6083 | AuxBin: 0.6205 | AuxReg: 0.0065 | Train Acc: 0.4910 | Time: 44.9s
2026-03-24 05:27:15 - Epoch [2/80] LR(backbone/head): 3.750000e-06/5.000000e-05 | WarmupCosineFactor: 0.2500 | Loss: 0.6391 | CE: 0.5548 | AuxBin: 0.5583 | AuxReg: 0.0115 | Train Acc: 0.5896 | Time: 43.7s
2026-03-24 05:27:59 - Epoch [3/80] LR(backbone/head): 5.625000e-06/7.500000e-05 | WarmupCosineFactor: 0.3750 | Loss: 0.6173 | CE: 0.5361 | AuxBin: 0.5367 | AuxReg: 0.0138 | Train Acc: 0.6637 | Time: 43.8s
2026-03-24 05:28:42 - Epoch [4/80] LR(backbone/head): 7.500000e-06/1.000000e-04 | WarmupCosineFactor: 0.5000 | Loss: 0.5989 | CE: 0.5170 | AuxBin: 0.5417 | AuxReg: 0.0137 | Train Acc: 0.7166 | Time: 43.6s
2026-03-24 05:28:42 - ----------------------------------------
2026-03-24 05:28:47 - [Test] Acc: 0.5908 | Precision(macro): 0.5584 | Recall(macro): 0.5772 | F1(macro): 0.5444
2026-03-24 05:28:47 - [Test] Classification Report:
              precision    recall  f1-score   support

      benign     0.3128    0.5504    0.3989       129
    no_tumor     0.8041    0.6041    0.6899       394

    accuracy                         0.5908       523
   macro avg     0.5584    0.5772    0.5444       523
weighted avg     0.6829    0.5908    0.6181       523

2026-03-24 05:28:48 - *** 保存最优模型 (F1: 0.5444, Epoch: 4) ***
2026-03-24 05:28:48 - ----------------------------------------
2026-03-24 05:29:31 - Epoch [5/80] LR(backbone/head): 9.375000e-06/1.250000e-04 | WarmupCosineFactor: 0.6250 | Loss: 0.5513 | CE: 0.4740 | AuxBin: 0.5109 | AuxReg: 0.0142 | Train Acc: 0.7541 | Time: 43.6s
2026-03-24 05:30:15 - Epoch [6/80] LR(backbone/head): 1.125000e-05/1.500000e-04 | WarmupCosineFactor: 0.7500 | Loss: 0.5427 | CE: 0.4667 | AuxBin: 0.5025 | AuxReg: 0.0133 | Train Acc: 0.7647 | Time: 43.9s
2026-03-24 05:30:59 - Epoch [7/80] LR(backbone/head): 1.312500e-05/1.750000e-04 | WarmupCosineFactor: 0.8750 | Loss: 0.5237 | CE: 0.4478 | AuxBin: 0.5026 | AuxReg: 0.0106 | Train Acc: 0.7964 | Time: 43.5s
2026-03-24 05:31:42 - Epoch [8/80] LR(backbone/head): 1.500000e-05/2.000000e-04 | WarmupCosineFactor: 1.0000 | Loss: 0.4777 | CE: 0.4040 | AuxBin: 0.4878 | AuxReg: 0.0100 | Train Acc: 0.8526 | Time: 43.9s
2026-03-24 05:31:42 - ----------------------------------------
2026-03-24 05:31:47 - [Test] Acc: 0.6291 | Precision(macro): 0.5709 | Recall(macro): 0.5896 | F1(macro): 0.5677
2026-03-24 05:31:48 - [Test] Classification Report:
              precision    recall  f1-score   support

      benign     0.3350    0.5116    0.4049       129
    no_tumor     0.8067    0.6675    0.7306       394

    accuracy                         0.6291       523
   macro avg     0.5709    0.5896    0.5677       523
weighted avg     0.6904    0.6291    0.6502       523

2026-03-24 05:31:48 - *** 保存最优模型 (F1: 0.5677, Epoch: 8) ***
2026-03-24 05:31:48 - ----------------------------------------
2026-03-24 05:32:31 - Epoch [9/80] LR(backbone/head): 1.499300e-05/1.999067e-04 | WarmupCosineFactor: 0.9995 | Loss: 0.4711 | CE: 0.3997 | AuxBin: 0.4729 | AuxReg: 0.0089 | Train Acc: 0.8265 | Time: 43.4s
2026-03-24 05:33:15 - Epoch [10/80] LR(backbone/head): 1.497203e-05/1.996271e-04 | WarmupCosineFactor: 0.9981 | Loss: 0.3739 | CE: 0.3065 | AuxBin: 0.4468 | AuxReg: 0.0073 | Train Acc: 0.8770 | Time: 43.7s
2026-03-24 05:33:59 - Epoch [11/80] LR(backbone/head): 1.493712e-05/1.991616e-04 | WarmupCosineFactor: 0.9958 | Loss: 0.3782 | CE: 0.3166 | AuxBin: 0.4085 | AuxReg: 0.0055 | Train Acc: 0.9015 | Time: 44.2s
2026-03-24 05:34:43 - Epoch [12/80] LR(backbone/head): 1.488834e-05/1.985112e-04 | WarmupCosineFactor: 0.9926 | Loss: 0.3536 | CE: 0.2959 | AuxBin: 0.3835 | AuxReg: 0.0035 | Train Acc: 0.9015 | Time: 43.7s
2026-03-24 05:34:43 - ----------------------------------------
2026-03-24 05:34:48 - [Test] Acc: 0.7361 | Precision(macro): 0.6114 | Recall(macro): 0.5720 | F1(macro): 0.5767
2026-03-24 05:34:48 - [Test] Classification Report:
              precision    recall  f1-score   support

      benign     0.4384    0.2481    0.3168       129
    no_tumor     0.7844    0.8959    0.8365       394

    accuracy                         0.7361       523
   macro avg     0.6114    0.5720    0.5767       523
weighted avg     0.6991    0.7361    0.7083       523

2026-03-24 05:34:49 - *** 保存最优模型 (F1: 0.5767, Epoch: 12) ***
2026-03-24 05:34:49 - ----------------------------------------
2026-03-24 05:35:33 - Epoch [13/80] LR(backbone/head): 1.482578e-05/1.976770e-04 | WarmupCosineFactor: 0.9884 | Loss: 0.3213 | CE: 0.2689 | AuxBin: 0.3486 | AuxReg: 0.0029 | Train Acc: 0.9226 | Time: 44.3s
2026-03-24 05:36:17 - Epoch [14/80] LR(backbone/head): 1.474955e-05/1.966607e-04 | WarmupCosineFactor: 0.9833 | Loss: 0.2999 | CE: 0.2545 | AuxBin: 0.3024 | AuxReg: 0.0022 | Train Acc: 0.9259 | Time: 43.9s
2026-03-24 05:37:01 - Epoch [15/80] LR(backbone/head): 1.465982e-05/1.954643e-04 | WarmupCosineFactor: 0.9773 | Loss: 0.2680 | CE: 0.2245 | AuxBin: 0.2892 | AuxReg: 0.0021 | Train Acc: 0.9438 | Time: 44.1s
2026-03-24 05:37:45 - Epoch [16/80] LR(backbone/head): 1.455674e-05/1.940899e-04 | WarmupCosineFactor: 0.9704 | Loss: 0.2288 | CE: 0.1924 | AuxBin: 0.2422 | AuxReg: 0.0013 | Train Acc: 0.9560 | Time: 44.0s
2026-03-24 05:37:45 - ----------------------------------------
2026-03-24 05:37:50 - [Test] Acc: 0.5793 | Precision(macro): 0.5392 | Recall(macro): 0.5514 | F1(macro): 0.5263
2026-03-24 05:37:50 - [Test] Classification Report:
              precision    recall  f1-score   support

      benign     0.2922    0.4961    0.3678       129
    no_tumor     0.7862    0.6066    0.6848       394

    accuracy                         0.5793       523
   macro avg     0.5392    0.5514    0.5263       523
weighted avg     0.6644    0.5793    0.6066       523

2026-03-24 05:37:50 - ----------------------------------------
2026-03-24 05:38:34 - Epoch [17/80] LR(backbone/head): 1.444051e-05/1.925402e-04 | WarmupCosineFactor: 0.9627 | Loss: 0.2256 | CE: 0.1875 | AuxBin: 0.2536 | AuxReg: 0.0011 | Train Acc: 0.9568 | Time: 44.0s
2026-03-24 05:39:18 - Epoch [18/80] LR(backbone/head): 1.431136e-05/1.908182e-04 | WarmupCosineFactor: 0.9541 | Loss: 0.2196 | CE: 0.1850 | AuxBin: 0.2304 | AuxReg: 0.0011 | Train Acc: 0.9634 | Time: 43.6s
2026-03-24 05:40:01 - Epoch [19/80] LR(backbone/head): 1.416953e-05/1.889271e-04 | WarmupCosineFactor: 0.9446 | Loss: 0.2052 | CE: 0.1740 | AuxBin: 0.2081 | AuxReg: 0.0011 | Train Acc: 0.9658 | Time: 43.5s
2026-03-24 05:40:45 - Epoch [20/80] LR(backbone/head): 1.401529e-05/1.868705e-04 | WarmupCosineFactor: 0.9344 | Loss: 0.2033 | CE: 0.1731 | AuxBin: 0.2010 | AuxReg: 0.0008 | Train Acc: 0.9699 | Time: 43.8s
2026-03-24 05:40:45 - ----------------------------------------
2026-03-24 05:40:50 - [Test] Acc: 0.7744 | Precision(macro): 0.7102 | Recall(macro): 0.5817 | F1(macro): 0.5856
2026-03-24 05:40:50 - [Test] Classification Report:
              precision    recall  f1-score   support

      benign     0.6341    0.2016    0.3059       129
    no_tumor     0.7863    0.9619    0.8653       394

    accuracy                         0.7744       523
   macro avg     0.7102    0.5817    0.5856       523
weighted avg     0.7488    0.7744    0.7273       523

2026-03-24 05:40:51 - *** 保存最优模型 (F1: 0.5856, Epoch: 20) ***
2026-03-24 05:40:51 - ----------------------------------------
2026-03-24 05:41:35 - Epoch [21/80] LR(backbone/head): 1.384893e-05/1.846524e-04 | WarmupCosineFactor: 0.9233 | Loss: 0.1808 | CE: 0.1546 | AuxBin: 0.1744 | AuxReg: 0.0008 | Train Acc: 0.9756 | Time: 43.8s
2026-03-24 05:42:18 - Epoch [22/80] LR(backbone/head): 1.367077e-05/1.822769e-04 | WarmupCosineFactor: 0.9114 | Loss: 0.1796 | CE: 0.1556 | AuxBin: 0.1601 | AuxReg: 0.0012 | Train Acc: 0.9748 | Time: 43.4s
2026-03-24 05:43:01 - Epoch [23/80] LR(backbone/head): 1.348115e-05/1.797486e-04 | WarmupCosineFactor: 0.8987 | Loss: 0.1740 | CE: 0.1536 | AuxBin: 0.1358 | AuxReg: 0.0009 | Train Acc: 0.9796 | Time: 43.5s
2026-03-24 05:43:45 - Epoch [24/80] LR(backbone/head): 1.328043e-05/1.770724e-04 | WarmupCosineFactor: 0.8854 | Loss: 0.1739 | CE: 0.1565 | AuxBin: 0.1152 | AuxReg: 0.0010 | Train Acc: 0.9788 | Time: 43.1s
2026-03-24 05:43:45 - ----------------------------------------
2026-03-24 05:43:50 - [Test] Acc: 0.6501 | Precision(macro): 0.5209 | Recall(macro): 0.5201 | F1(macro): 0.5204
2026-03-24 05:43:50 - [Test] Classification Report:
              precision    recall  f1-score   support

      benign     0.2787    0.2636    0.2709       129
    no_tumor     0.7631    0.7766    0.7698       394

    accuracy                         0.6501       523
   macro avg     0.5209    0.5201    0.5204       523
weighted avg     0.6436    0.6501    0.6468       523

2026-03-24 05:43:50 - ----------------------------------------
2026-03-24 05:44:33 - Epoch [25/80] LR(backbone/head): 1.306899e-05/1.742532e-04 | WarmupCosineFactor: 0.8713 | Loss: 0.1583 | CE: 0.1443 | AuxBin: 0.0934 | AuxReg: 0.0010 | Train Acc: 0.9837 | Time: 43.2s
2026-03-24 05:45:16 - Epoch [26/80] LR(backbone/head): 1.284723e-05/1.712965e-04 | WarmupCosineFactor: 0.8565 | Loss: 0.1592 | CE: 0.1444 | AuxBin: 0.0985 | AuxReg: 0.0006 | Train Acc: 0.9837 | Time: 43.5s
2026-03-24 05:46:00 - Epoch [27/80] LR(backbone/head): 1.261559e-05/1.682078e-04 | WarmupCosineFactor: 0.8410 | Loss: 0.1533 | CE: 0.1406 | AuxBin: 0.0845 | AuxReg: 0.0005 | Train Acc: 0.9853 | Time: 43.6s
2026-03-24 05:46:44 - Epoch [28/80] LR(backbone/head): 1.237449e-05/1.649932e-04 | WarmupCosineFactor: 0.8250 | Loss: 0.1522 | CE: 0.1380 | AuxBin: 0.0942 | AuxReg: 0.0005 | Train Acc: 0.9853 | Time: 43.8s
2026-03-24 05:46:44 - ----------------------------------------
2026-03-24 05:46:49 - [Test] Acc: 0.6941 | Precision(macro): 0.5640 | Recall(macro): 0.5545 | F1(macro): 0.5569
2026-03-24 05:46:49 - [Test] Classification Report:
              precision    recall  f1-score   support

      benign     0.3495    0.2791    0.3103       129
    no_tumor     0.7786    0.8299    0.8034       394

    accuracy                         0.6941       523
   macro avg     0.5640    0.5545    0.5569       523
weighted avg     0.6727    0.6941    0.6818       523

2026-03-24 05:46:49 - ----------------------------------------
2026-03-24 05:47:33 - Epoch [29/80] LR(backbone/head): 1.212440e-05/1.616586e-04 | WarmupCosineFactor: 0.8083 | Loss: 0.1484 | CE: 0.1370 | AuxBin: 0.0755 | AuxReg: 0.0005 | Train Acc: 0.9935 | Time: 43.7s
2026-03-24 05:48:16 - Epoch [30/80] LR(backbone/head): 1.186579e-05/1.582105e-04 | WarmupCosineFactor: 0.7911 | Loss: 0.1535 | CE: 0.1412 | AuxBin: 0.0817 | AuxReg: 0.0007 | Train Acc: 0.9878 | Time: 43.8s
2026-03-24 05:49:01 - Epoch [31/80] LR(backbone/head): 1.159915e-05/1.546554e-04 | WarmupCosineFactor: 0.7733 | Loss: 0.1469 | CE: 0.1337 | AuxBin: 0.0879 | AuxReg: 0.0007 | Train Acc: 0.9886 | Time: 44.4s
2026-03-24 05:49:45 - Epoch [32/80] LR(backbone/head): 1.132500e-05/1.510000e-04 | WarmupCosineFactor: 0.7550 | Loss: 0.1302 | CE: 0.1230 | AuxBin: 0.0477 | AuxReg: 0.0005 | Train Acc: 0.9943 | Time: 44.0s
2026-03-24 05:49:45 - ----------------------------------------
2026-03-24 05:49:50 - [Test] Acc: 0.7323 | Precision(macro): 0.6000 | Recall(macro): 0.5616 | F1(macro): 0.5639
2026-03-24 05:49:50 - [Test] Classification Report:
              precision    recall  f1-score   support

      benign     0.4203    0.2248    0.2929       129
    no_tumor     0.7797    0.8985    0.8349       394

    accuracy                         0.7323       523
   macro avg     0.6000    0.5616    0.5639       523
weighted avg     0.6911    0.7323    0.7012       523

2026-03-24 05:49:50 - ----------------------------------------
2026-03-24 05:50:34 - Epoch [33/80] LR(backbone/head): 1.104385e-05/1.472514e-04 | WarmupCosineFactor: 0.7363 | Loss: 0.1544 | CE: 0.1456 | AuxBin: 0.0585 | AuxReg: 0.0005 | Train Acc: 0.9862 | Time: 43.8s
2026-03-24 05:51:18 - Epoch [34/80] LR(backbone/head): 1.075624e-05/1.434166e-04 | WarmupCosineFactor: 0.7171 | Loss: 0.1396 | CE: 0.1301 | AuxBin: 0.0629 | AuxReg: 0.0005 | Train Acc: 0.9910 | Time: 44.0s
2026-03-24 05:52:02 - Epoch [35/80] LR(backbone/head): 1.046272e-05/1.395030e-04 | WarmupCosineFactor: 0.6975 | Loss: 0.1454 | CE: 0.1372 | AuxBin: 0.0550 | AuxReg: 0.0005 | Train Acc: 0.9894 | Time: 44.0s
2026-03-24 05:52:46 - Epoch [36/80] LR(backbone/head): 1.016385e-05/1.355180e-04 | WarmupCosineFactor: 0.6776 | Loss: 0.1438 | CE: 0.1375 | AuxBin: 0.0419 | AuxReg: 0.0006 | Train Acc: 0.9910 | Time: 44.0s
2026-03-24 05:52:46 - ----------------------------------------
2026-03-24 05:52:51 - [Test] Acc: 0.7113 | Precision(macro): 0.5921 | Recall(macro): 0.5790 | F1(macro): 0.5831
2026-03-24 05:52:51 - [Test] Classification Report:
              precision    recall  f1-score   support

      benign     0.3942    0.3178    0.3519       129
    no_tumor     0.7900    0.8401    0.8143       394

    accuracy                         0.7113       523
   macro avg     0.5921    0.5790    0.5831       523
weighted avg     0.6924    0.7113    0.7002       523

2026-03-24 05:52:51 - ----------------------------------------
2026-03-24 05:53:35 - Epoch [37/80] LR(backbone/head): 9.860188e-06/1.314692e-04 | WarmupCosineFactor: 0.6573 | Loss: 0.1287 | CE: 0.1218 | AuxBin: 0.0461 | AuxReg: 0.0004 | Train Acc: 0.9951 | Time: 44.4s
2026-03-24 05:54:19 - Epoch [38/80] LR(backbone/head): 9.552320e-06/1.273643e-04 | WarmupCosineFactor: 0.6368 | Loss: 0.1237 | CE: 0.1194 | AuxBin: 0.0286 | AuxReg: 0.0004 | Train Acc: 0.9951 | Time: 44.0s
2026-03-24 05:55:03 - Epoch [39/80] LR(backbone/head): 9.240831e-06/1.232111e-04 | WarmupCosineFactor: 0.6161 | Loss: 0.1312 | CE: 0.1255 | AuxBin: 0.0379 | AuxReg: 0.0004 | Train Acc: 0.9943 | Time: 44.0s
2026-03-24 05:55:47 - Epoch [40/80] LR(backbone/head): 8.926314e-06/1.190175e-04 | WarmupCosineFactor: 0.5951 | Loss: 0.1403 | CE: 0.1355 | AuxBin: 0.0317 | AuxReg: 0.0003 | Train Acc: 0.9935 | Time: 43.7s
2026-03-24 05:55:47 - ----------------------------------------
2026-03-24 05:55:52 - [Test] Acc: 0.7247 | Precision(macro): 0.5895 | Recall(macro): 0.5592 | F1(macro): 0.5615
2026-03-24 05:55:52 - [Test] Classification Report:
              precision    recall  f1-score   support

      benign     0.4000    0.2326    0.2941       129
    no_tumor     0.7790    0.8858    0.8290       394

    accuracy                         0.7247       523
   macro avg     0.5895    0.5592    0.5615       523
weighted avg     0.6855    0.7247    0.6971       523

2026-03-24 05:55:52 - ----------------------------------------
2026-03-24 05:56:36 - Epoch [41/80] LR(backbone/head): 8.609368e-06/1.147916e-04 | WarmupCosineFactor: 0.5740 | Loss: 0.1340 | CE: 0.1300 | AuxBin: 0.0271 | AuxReg: 0.0004 | Train Acc: 0.9935 | Time: 43.7s
2026-03-24 05:57:20 - Epoch [42/80] LR(backbone/head): 8.290595e-06/1.105413e-04 | WarmupCosineFactor: 0.5527 | Loss: 0.1236 | CE: 0.1210 | AuxBin: 0.0170 | AuxReg: 0.0003 | Train Acc: 0.9984 | Time: 43.8s
2026-03-24 05:58:03 - Epoch [43/80] LR(backbone/head): 7.970602e-06/1.062747e-04 | WarmupCosineFactor: 0.5314 | Loss: 0.1296 | CE: 0.1267 | AuxBin: 0.0190 | AuxReg: 0.0003 | Train Acc: 0.9967 | Time: 43.8s
2026-03-24 05:58:47 - Epoch [44/80] LR(backbone/head): 7.650000e-06/1.020000e-04 | WarmupCosineFactor: 0.5100 | Loss: 0.1278 | CE: 0.1228 | AuxBin: 0.0328 | AuxReg: 0.0004 | Train Acc: 0.9959 | Time: 44.1s
2026-03-24 05:58:47 - ----------------------------------------
2026-03-24 05:58:53 - [Test] Acc: 0.6788 | Precision(macro): 0.5537 | Recall(macro): 0.5496 | F1(macro): 0.5510
2026-03-24 05:58:53 - [Test] Classification Report:
              precision    recall  f1-score   support

      benign     0.3304    0.2946    0.3115       129
    no_tumor     0.7770    0.8046    0.7905       394

    accuracy                         0.6788       523
   macro avg     0.5537    0.5496    0.5510       523
weighted avg     0.6668    0.6788    0.6724       523

2026-03-24 05:58:53 - ----------------------------------------
2026-03-24 05:59:37 - Epoch [45/80] LR(backbone/head): 7.329398e-06/9.772530e-05 | WarmupCosineFactor: 0.4886 | Loss: 0.1180 | CE: 0.1140 | AuxBin: 0.0269 | AuxReg: 0.0004 | Train Acc: 0.9984 | Time: 44.1s
2026-03-24 06:00:21 - Epoch [46/80] LR(backbone/head): 7.009405e-06/9.345874e-05 | WarmupCosineFactor: 0.4673 | Loss: 0.1235 | CE: 0.1198 | AuxBin: 0.0248 | AuxReg: 0.0003 | Train Acc: 0.9967 | Time: 43.9s
2026-03-24 06:01:05 - Epoch [47/80] LR(backbone/head): 6.690632e-06/8.920843e-05 | WarmupCosineFactor: 0.4460 | Loss: 0.1225 | CE: 0.1187 | AuxBin: 0.0254 | AuxReg: 0.0003 | Train Acc: 0.9984 | Time: 44.0s
2026-03-24 06:01:49 - Epoch [48/80] LR(backbone/head): 6.373686e-06/8.498248e-05 | WarmupCosineFactor: 0.4249 | Loss: 0.1242 | CE: 0.1208 | AuxBin: 0.0232 | AuxReg: 0.0003 | Train Acc: 0.9984 | Time: 44.2s
2026-03-24 06:01:49 - ----------------------------------------
2026-03-24 06:01:54 - [Test] Acc: 0.7266 | Precision(macro): 0.5961 | Recall(macro): 0.5657 | F1(macro): 0.5694
2026-03-24 06:01:54 - [Test] Classification Report:
              precision    recall  f1-score   support

      benign     0.4103    0.2481    0.3092       129
    no_tumor     0.7820    0.8832    0.8296       394

    accuracy                         0.7266       523
   macro avg     0.5961    0.5657    0.5694       523
weighted avg     0.6903    0.7266    0.7012       523

2026-03-24 06:01:54 - ----------------------------------------
2026-03-24 06:02:38 - Epoch [49/80] LR(backbone/head): 6.059169e-06/8.078892e-05 | WarmupCosineFactor: 0.4039 | Loss: 0.1312 | CE: 0.1285 | AuxBin: 0.0183 | AuxReg: 0.0003 | Train Acc: 0.9959 | Time: 43.5s
2026-03-24 06:03:22 - Epoch [50/80] LR(backbone/head): 5.747680e-06/7.663573e-05 | WarmupCosineFactor: 0.3832 | Loss: 0.1224 | CE: 0.1208 | AuxBin: 0.0104 | AuxReg: 0.0002 | Train Acc: 1.0000 | Time: 44.2s
2026-03-24 06:04:06 - Epoch [51/80] LR(backbone/head): 5.439812e-06/7.253083e-05 | WarmupCosineFactor: 0.3627 | Loss: 0.1211 | CE: 0.1181 | AuxBin: 0.0204 | AuxReg: 0.0003 | Train Acc: 0.9992 | Time: 43.8s
2026-03-24 06:04:50 - Epoch [52/80] LR(backbone/head): 5.136152e-06/6.848203e-05 | WarmupCosineFactor: 0.3424 | Loss: 0.1238 | CE: 0.1207 | AuxBin: 0.0207 | AuxReg: 0.0003 | Train Acc: 0.9984 | Time: 43.7s
2026-03-24 06:04:50 - ----------------------------------------
2026-03-24 06:04:55 - [Test] Acc: 0.7113 | Precision(macro): 0.5792 | Recall(macro): 0.5607 | F1(macro): 0.5640
2026-03-24 06:04:55 - [Test] Classification Report:
              precision    recall  f1-score   support

      benign     0.3778    0.2636    0.3105       129
    no_tumor     0.7806    0.8579    0.8174       394

    accuracy                         0.7113       523
   macro avg     0.5792    0.5607    0.5640       523
weighted avg     0.6812    0.7113    0.6924       523

2026-03-24 06:04:55 - ----------------------------------------
2026-03-24 06:05:38 - Epoch [53/80] LR(backbone/head): 4.837277e-06/6.449702e-05 | WarmupCosineFactor: 0.3225 | Loss: 0.1172 | CE: 0.1147 | AuxBin: 0.0166 | AuxReg: 0.0003 | Train Acc: 0.9992 | Time: 43.7s
2026-03-24 06:06:22 - Epoch [54/80] LR(backbone/head): 4.543756e-06/6.058341e-05 | WarmupCosineFactor: 0.3029 | Loss: 0.1187 | CE: 0.1156 | AuxBin: 0.0200 | AuxReg: 0.0002 | Train Acc: 1.0000 | Time: 43.8s
2026-03-24 06:07:06 - Epoch [55/80] LR(backbone/head): 4.256148e-06/5.674864e-05 | WarmupCosineFactor: 0.2837 | Loss: 0.1240 | CE: 0.1206 | AuxBin: 0.0222 | AuxReg: 0.0002 | Train Acc: 0.9976 | Time: 44.2s
2026-03-24 06:07:50 - Epoch [56/80] LR(backbone/head): 3.975000e-06/5.300000e-05 | WarmupCosineFactor: 0.2650 | Loss: 0.1224 | CE: 0.1206 | AuxBin: 0.0115 | AuxReg: 0.0002 | Train Acc: 0.9967 | Time: 44.0s
2026-03-24 06:07:50 - ----------------------------------------
2026-03-24 06:07:56 - [Test] Acc: 0.7094 | Precision(macro): 0.5748 | Recall(macro): 0.5568 | F1(macro): 0.5596
2026-03-24 06:07:56 - [Test] Classification Report:
              precision    recall  f1-score   support

      benign     0.3708    0.2558    0.3028       129
    no_tumor     0.7788    0.8579    0.8164       394

    accuracy                         0.7094       523
   macro avg     0.5748    0.5568    0.5596       523
weighted avg     0.6782    0.7094    0.6897       523

2026-03-24 06:07:56 - ----------------------------------------
2026-03-24 06:08:40 - Epoch [57/80] LR(backbone/head): 3.700848e-06/4.934464e-05 | WarmupCosineFactor: 0.2467 | Loss: 0.1159 | CE: 0.1149 | AuxBin: 0.0067 | AuxReg: 0.0002 | Train Acc: 0.9976 | Time: 44.0s
2026-03-24 06:09:24 - Epoch [58/80] LR(backbone/head): 3.434213e-06/4.578951e-05 | WarmupCosineFactor: 0.2289 | Loss: 0.1225 | CE: 0.1215 | AuxBin: 0.0068 | AuxReg: 0.0002 | Train Acc: 0.9992 | Time: 44.1s
2026-03-24 06:10:07 - Epoch [59/80] LR(backbone/head): 3.175603e-06/4.234138e-05 | WarmupCosineFactor: 0.2117 | Loss: 0.1179 | CE: 0.1166 | AuxBin: 0.0083 | AuxReg: 0.0002 | Train Acc: 0.9992 | Time: 43.0s
2026-03-24 06:10:50 - Epoch [60/80] LR(backbone/head): 2.925511e-06/3.900681e-05 | WarmupCosineFactor: 0.1950 | Loss: 0.1274 | CE: 0.1261 | AuxBin: 0.0089 | AuxReg: 0.0002 | Train Acc: 0.9967 | Time: 43.7s
2026-03-24 06:10:50 - ----------------------------------------
2026-03-24 06:10:55 - [Test] Acc: 0.7017 | Precision(macro): 0.5761 | Recall(macro): 0.5648 | F1(macro): 0.5680
2026-03-24 06:10:55 - [Test] Classification Report:
              precision    recall  f1-score   support

      benign     0.3689    0.2946    0.3276       129
    no_tumor     0.7833    0.8350    0.8084       394

    accuracy                         0.7017       523
   macro avg     0.5761    0.5648    0.5680       523
weighted avg     0.6811    0.7017    0.6898       523

2026-03-24 06:10:55 - ----------------------------------------
2026-03-24 06:11:39 - Epoch [61/80] LR(backbone/head): 2.684412e-06/3.579216e-05 | WarmupCosineFactor: 0.1790 | Loss: 0.1198 | CE: 0.1193 | AuxBin: 0.0038 | AuxReg: 0.0002 | Train Acc: 0.9992 | Time: 43.9s
2026-03-24 06:12:23 - Epoch [62/80] LR(backbone/head): 2.452765e-06/3.270354e-05 | WarmupCosineFactor: 0.1635 | Loss: 0.1217 | CE: 0.1205 | AuxBin: 0.0078 | AuxReg: 0.0002 | Train Acc: 0.9984 | Time: 43.7s
2026-03-24 06:13:07 - Epoch [63/80] LR(backbone/head): 2.231012e-06/2.974682e-05 | WarmupCosineFactor: 0.1487 | Loss: 0.1173 | CE: 0.1169 | AuxBin: 0.0022 | AuxReg: 0.0002 | Train Acc: 1.0000 | Time: 44.3s
2026-03-24 06:13:51 - Epoch [64/80] LR(backbone/head): 2.019573e-06/2.692764e-05 | WarmupCosineFactor: 0.1346 | Loss: 0.1215 | CE: 0.1203 | AuxBin: 0.0077 | AuxReg: 0.0002 | Train Acc: 0.9992 | Time: 43.9s
2026-03-24 06:13:51 - ----------------------------------------
2026-03-24 06:13:56 - [Test] Acc: 0.6922 | Precision(macro): 0.5797 | Recall(macro): 0.5767 | F1(macro): 0.5780
2026-03-24 06:13:56 - [Test] Classification Report:
              precision    recall  f1-score   support

      benign     0.3689    0.3488    0.3586       129
    no_tumor     0.7905    0.8046    0.7975       394

    accuracy                         0.6922       523
   macro avg     0.5797    0.5767    0.5780       523
weighted avg     0.6865    0.6922    0.6892       523

2026-03-24 06:13:56 - ----------------------------------------
2026-03-24 06:14:41 - Epoch [65/80] LR(backbone/head): 1.818853e-06/2.425137e-05 | WarmupCosineFactor: 0.1213 | Loss: 0.1186 | CE: 0.1179 | AuxBin: 0.0048 | AuxReg: 0.0002 | Train Acc: 1.0000 | Time: 44.4s
2026-03-24 06:15:25 - Epoch [66/80] LR(backbone/head): 1.629232e-06/2.172310e-05 | WarmupCosineFactor: 0.1086 | Loss: 0.1190 | CE: 0.1186 | AuxBin: 0.0027 | AuxReg: 0.0002 | Train Acc: 0.9992 | Time: 44.2s
2026-03-24 06:16:09 - Epoch [67/80] LR(backbone/head): 1.451073e-06/1.934764e-05 | WarmupCosineFactor: 0.0967 | Loss: 0.1194 | CE: 0.1190 | AuxBin: 0.0025 | AuxReg: 0.0002 | Train Acc: 1.0000 | Time: 44.0s
2026-03-24 06:16:53 - Epoch [68/80] LR(backbone/head): 1.284713e-06/1.712951e-05 | WarmupCosineFactor: 0.0856 | Loss: 0.1217 | CE: 0.1212 | AuxBin: 0.0038 | AuxReg: 0.0002 | Train Acc: 0.9967 | Time: 43.7s
2026-03-24 06:16:53 - ----------------------------------------
2026-03-24 06:16:58 - [Test] Acc: 0.7132 | Precision(macro): 0.5775 | Recall(macro): 0.5568 | F1(macro): 0.5594
2026-03-24 06:16:58 - [Test] Classification Report:
              precision    recall  f1-score   support

      benign     0.3765    0.2481    0.2991       129
    no_tumor     0.7785    0.8655    0.8197       394

    accuracy                         0.7132       523
   macro avg     0.5775    0.5568    0.5594       523
weighted avg     0.6794    0.7132    0.6913       523

2026-03-24 06:16:58 - ----------------------------------------
2026-03-24 06:17:41 - Epoch [69/80] LR(backbone/head): 1.130470e-06/1.507294e-05 | WarmupCosineFactor: 0.0754 | Loss: 0.1107 | CE: 0.1104 | AuxBin: 0.0023 | AuxReg: 0.0002 | Train Acc: 0.9992 | Time: 43.5s
2026-03-24 06:18:24 - Epoch [70/80] LR(backbone/head): 9.886378e-07/1.318184e-05 | WarmupCosineFactor: 0.0659 | Loss: 0.1221 | CE: 0.1215 | AuxBin: 0.0038 | AuxReg: 0.0002 | Train Acc: 0.9984 | Time: 43.0s
2026-03-24 06:19:08 - Epoch [71/80] LR(backbone/head): 8.594854e-07/1.145981e-05 | WarmupCosineFactor: 0.0573 | Loss: 0.1184 | CE: 0.1179 | AuxBin: 0.0037 | AuxReg: 0.0002 | Train Acc: 1.0000 | Time: 43.4s
2026-03-24 06:19:50 - Epoch [72/80] LR(backbone/head): 7.432592e-07/9.910123e-06 | WarmupCosineFactor: 0.0496 | Loss: 0.1209 | CE: 0.1207 | AuxBin: 0.0007 | AuxReg: 0.0002 | Train Acc: 0.9992 | Time: 42.7s
2026-03-24 06:19:50 - ----------------------------------------
2026-03-24 06:19:55 - [Test] Acc: 0.7055 | Precision(macro): 0.5702 | Recall(macro): 0.5543 | F1(macro): 0.5568
2026-03-24 06:19:55 - [Test] Classification Report:
              precision    recall  f1-score   support

      benign     0.3626    0.2558    0.3000       129
    no_tumor     0.7778    0.8528    0.8136       394

    accuracy                         0.7055       523
   macro avg     0.5702    0.5543    0.5568       523
weighted avg     0.6754    0.7055    0.6869       523

2026-03-24 06:19:55 - ----------------------------------------
2026-03-24 06:20:38 - Epoch [73/80] LR(backbone/head): 6.401804e-07/8.535739e-06 | WarmupCosineFactor: 0.0427 | Loss: 0.1193 | CE: 0.1188 | AuxBin: 0.0034 | AuxReg: 0.0002 | Train Acc: 1.0000 | Time: 43.1s
2026-03-24 06:21:21 - Epoch [74/80] LR(backbone/head): 5.504452e-07/7.339269e-06 | WarmupCosineFactor: 0.0367 | Loss: 0.1170 | CE: 0.1162 | AuxBin: 0.0051 | AuxReg: 0.0002 | Train Acc: 0.9992 | Time: 43.1s
2026-03-24 06:22:04 - Epoch [75/80] LR(backbone/head): 4.742243e-07/6.322991e-06 | WarmupCosineFactor: 0.0316 | Loss: 0.1201 | CE: 0.1197 | AuxBin: 0.0020 | AuxReg: 0.0002 | Train Acc: 1.0000 | Time: 42.9s
2026-03-24 06:22:48 - Epoch [76/80] LR(backbone/head): 4.116630e-07/5.488840e-06 | WarmupCosineFactor: 0.0274 | Loss: 0.1207 | CE: 0.1200 | AuxBin: 0.0045 | AuxReg: 0.0002 | Train Acc: 0.9992 | Time: 43.7s
2026-03-24 06:22:48 - ----------------------------------------
2026-03-24 06:22:53 - [Test] Acc: 0.7132 | Precision(macro): 0.5816 | Recall(macro): 0.5620 | F1(macro): 0.5654
2026-03-24 06:22:53 - [Test] Classification Report:
              precision    recall  f1-score   support

      benign     0.3820    0.2636    0.3119       129
    no_tumor     0.7811    0.8604    0.8188       394

    accuracy                         0.7132       523
   macro avg     0.5816    0.5620    0.5654       523
weighted avg     0.6827    0.7132    0.6938       523

2026-03-24 06:22:53 - ----------------------------------------
2026-03-24 06:23:36 - Epoch [77/80] LR(backbone/head): 3.628803e-07/4.838404e-06 | WarmupCosineFactor: 0.0242 | Loss: 0.1178 | CE: 0.1173 | AuxBin: 0.0031 | AuxReg: 0.0002 | Train Acc: 0.9992 | Time: 42.7s
2026-03-24 06:24:19 - Epoch [78/80] LR(backbone/head): 3.279690e-07/4.372920e-06 | WarmupCosineFactor: 0.0219 | Loss: 0.1140 | CE: 0.1134 | AuxBin: 0.0043 | AuxReg: 0.0002 | Train Acc: 1.0000 | Time: 42.9s
2026-03-24 06:25:01 - Epoch [79/80] LR(backbone/head): 3.069956e-07/4.093274e-06 | WarmupCosineFactor: 0.0205 | Loss: 0.1146 | CE: 0.1143 | AuxBin: 0.0018 | AuxReg: 0.0002 | Train Acc: 1.0000 | Time: 42.8s
2026-03-24 06:25:45 - Epoch [80/80] LR(backbone/head): 3.000000e-07/4.000000e-06 | WarmupCosineFactor: 0.0200 | Loss: 0.1191 | CE: 0.1189 | AuxBin: 0.0016 | AuxReg: 0.0002 | Train Acc: 1.0000 | Time: 43.7s
2026-03-24 06:25:45 - ----------------------------------------
2026-03-24 06:25:50 - [Test] Acc: 0.7075 | Precision(macro): 0.5766 | Recall(macro): 0.5608 | F1(macro): 0.5640
2026-03-24 06:25:50 - [Test] Classification Report:
              precision    recall  f1-score   support

      benign     0.3723    0.2713    0.3139       129
    no_tumor     0.7809    0.8503    0.8141       394

    accuracy                         0.7075       523
   macro avg     0.5766    0.5608    0.5640       523
weighted avg     0.6801    0.7075    0.6907       523

2026-03-24 06:25:50 - ----------------------------------------
2026-03-24 06:25:50 - 
============================================================
2026-03-24 06:25:50 - 训练完成! 最优模型: Epoch 20, F1: 0.5856
2026-03-24 06:25:50 - ============================================================
2026-03-24 06:25:50 - 
加载最优权重进行最终测试...
2026-03-24 06:25:50 - ============================================================
2026-03-24 06:25:50 - 最终测试结果 (最优权重, threshold=0.5)
2026-03-24 06:25:50 - ============================================================
2026-03-24 06:25:55 - [Final Test] Acc: 0.7744 | Precision(macro): 0.7102 | Recall(macro): 0.5817 | F1(macro): 0.5856
2026-03-24 06:25:55 - [Final Test] Classification Report:
              precision    recall  f1-score   support

      benign     0.6341    0.2016    0.3059       129
    no_tumor     0.7863    0.9619    0.8653       394

    accuracy                         0.7744       523
   macro avg     0.7102    0.5817    0.5856       523
weighted avg     0.7488    0.7744    0.7273       523

2026-03-24 06:25:55 - 
============================================================
2026-03-24 06:25:55 - 阈值优化搜索 (在测试集上寻找最优 F1 的分类阈值)
2026-03-24 06:25:55 - ============================================================
2026-03-24 06:25:56 - 最优阈值: 0.370 (F1: 0.5958 vs 默认0.5 F1: 0.5856)
2026-03-24 06:25:56 - [Final Test (最优阈值)] Acc: 0.7686 | Precision(macro): 0.6834 | Recall(macro): 0.5884 | F1(macro): 0.5958
2026-03-24 06:25:56 - [Final Test (最优阈值)] Classification Report:
              precision    recall  f1-score   support

      benign     0.5769    0.2326    0.3315       129
    no_tumor     0.7898    0.9442    0.8601       394

    accuracy                         0.7686       523
   macro avg     0.6834    0.5884    0.5958       523
weighted avg     0.7373    0.7686    0.7297       523

2026-03-24 06:25:56 - 训练脚本已复制到: /data1/ouyangxinglong/GBP-Cascade/0323/logs/20260324_task2_SwinV2Tiny_fullroi4ch_auxannot_12/20260324_task2_SwinV2Tiny_fullroi4ch_auxannot_12.py
