2026-04-07 17:44:03 - ======================================================================
2026-04-07 17:44:03 - 实验名称: 20260408_task2_SwinV2Tiny_segcls_17
2026-04-07 17:44:03 - 模型: SwinV2-Tiny@256 + 4ch + BERT CrossAttn + Seg-Guided Attn + 6D Meta
2026-04-07 17:44:03 - 修改: Exp#4 + BERT(冻结)全token交叉注意力: f2(256,16×16)=Q, text_hidden(seq,768)=K,V → enhanced_f2 → seg-guided attention → 256D + meta 64D = 320D
2026-04-07 17:44:03 - 输入通道: 4
2026-04-07 17:44:03 - 图像尺寸: 256
2026-04-07 17:44:03 - 分割类别: 2
2026-04-07 17:44:03 - 分类类别: ['benign', 'no_tumor']
2026-04-07 17:44:03 - Batch Size: 8
2026-04-07 17:44:03 - Backbone LR: 2e-05
2026-04-07 17:44:03 - Head LR: 0.0002
2026-04-07 17:44:03 - Weight Decay: 0.05
2026-04-07 17:44:03 - Warmup Epochs: 8
2026-04-07 17:44:03 - Lambda Cls: 2.0
2026-04-07 17:44:03 - Label Smoothing: 0.1
2026-04-07 17:44:03 - Seed: 42
2026-04-07 17:44:03 - Epochs: 100
2026-04-07 17:44:03 - Grad Clip: 1.0
2026-04-07 17:44:03 - Meta Dim: 6
2026-04-07 17:44:03 - 设备: cuda
2026-04-07 17:44:03 - ======================================================================
2026-04-07 17:44:07 - 训练集: 1229 张 (benign=309, no_tumor=920)
2026-04-07 17:44:07 - 测试集: 523 张 (benign=129, no_tumor=394)
2026-04-07 17:44:30 - 模型参数量: 137,094,926 (含BERT)
2026-04-07 17:44:30 - 可训练参数量: 34,827,278 (BERT冻结)
2026-04-07 17:44:30 - 分类类别权重: benign=1.9887, no_tumor=0.6679
2026-04-07 17:44:30 - 分割类别权重: bg=1.0, lesion=5.0
2026-04-07 17:44:30 - 
======================================================================
2026-04-07 17:44:30 - 开始训练
2026-04-07 17:44:30 - ======================================================================
2026-04-07 17:44:51 - Epoch [1/100] LR: 2.50e-06/2.50e-05 | Loss: 2.0892 (seg=0.6511, cls=0.7191) | Cls Acc: 0.5163 | Seg IoU: 0.6720 | Seg Dice: 0.7506 | 21.0s
2026-04-07 17:45:11 - Epoch [2/100] LR: 5.00e-06/5.00e-05 | Loss: 1.6844 (seg=0.2800, cls=0.7022) | Cls Acc: 0.5776 | Seg IoU: 0.8962 | Seg Dice: 0.9450 | 20.6s
2026-04-07 17:45:30 - Epoch [3/100] LR: 7.50e-06/7.50e-05 | Loss: 1.5899 (seg=0.2084, cls=0.6908) | Cls Acc: 0.6552 | Seg IoU: 0.9226 | Seg Dice: 0.9596 | 19.0s
2026-04-07 17:45:50 - Epoch [4/100] LR: 1.00e-05/1.00e-04 | Loss: 1.5059 (seg=0.1598, cls=0.6731) | Cls Acc: 0.6789 | Seg IoU: 0.9391 | Seg Dice: 0.9685 | 19.6s
2026-04-07 17:46:09 - Epoch [5/100] LR: 1.25e-05/1.25e-04 | Loss: 1.4468 (seg=0.1225, cls=0.6621) | Cls Acc: 0.6846 | Seg IoU: 0.9467 | Seg Dice: 0.9725 | 18.6s
2026-04-07 17:46:09 - --------------------------------------------------
2026-04-07 17:46:12 - [Test] Cls — Acc: 0.6463 | P(macro): 0.5798 | R(macro): 0.5984 | F1(macro): 0.5798
2026-04-07 17:46:12 - [Test] Seg — Lesion IoU: 0.9544 | Lesion Dice: 0.9767
2026-04-07 17:46:12 - [Test] Classification Report:
              precision    recall  f1-score   support

      benign     0.3495    0.5039    0.4127       129
    no_tumor     0.8101    0.6929    0.7469       394

    accuracy                         0.6463       523
   macro avg     0.5798    0.5984    0.5798       523
weighted avg     0.6965    0.6463    0.6645       523

2026-04-07 17:46:13 - *** 保存最优模型 (F1: 0.5798, Epoch: 5) ***
2026-04-07 17:46:13 - --------------------------------------------------
2026-04-07 17:46:33 - Epoch [6/100] LR: 1.50e-05/1.50e-04 | Loss: 1.3975 (seg=0.0942, cls=0.6517) | Cls Acc: 0.6920 | Seg IoU: 0.9550 | Seg Dice: 0.9769 | 19.6s
2026-04-07 17:46:52 - Epoch [7/100] LR: 1.75e-05/1.75e-04 | Loss: 1.3322 (seg=0.0710, cls=0.6306) | Cls Acc: 0.7190 | Seg IoU: 0.9600 | Seg Dice: 0.9795 | 18.9s
2026-04-07 17:47:11 - Epoch [8/100] LR: 2.00e-05/2.00e-04 | Loss: 1.3324 (seg=0.0531, cls=0.6397) | Cls Acc: 0.7026 | Seg IoU: 0.9654 | Seg Dice: 0.9824 | 19.7s
2026-04-07 17:47:30 - Epoch [9/100] LR: 2.00e-05/2.00e-04 | Loss: 1.2941 (seg=0.0407, cls=0.6267) | Cls Acc: 0.7214 | Seg IoU: 0.9689 | Seg Dice: 0.9842 | 18.7s
2026-04-07 17:47:50 - Epoch [10/100] LR: 2.00e-05/2.00e-04 | Loss: 1.2681 (seg=0.0336, cls=0.6173) | Cls Acc: 0.7443 | Seg IoU: 0.9711 | Seg Dice: 0.9853 | 20.3s
2026-04-07 17:47:50 - --------------------------------------------------
2026-04-07 17:47:54 - [Test] Cls — Acc: 0.7457 | P(macro): 0.6593 | R(macro): 0.6618 | F1(macro): 0.6605
2026-04-07 17:47:54 - [Test] Seg — Lesion IoU: 0.9691 | Lesion Dice: 0.9843
2026-04-07 17:47:54 - [Test] Classification Report:
              precision    recall  f1-score   support

      benign     0.4848    0.4961    0.4904       129
    no_tumor     0.8338    0.8274    0.8306       394

    accuracy                         0.7457       523
   macro avg     0.6593    0.6618    0.6605       523
weighted avg     0.7477    0.7457    0.7467       523

2026-04-07 17:47:58 - *** 保存最优模型 (F1: 0.6605, Epoch: 10) ***
2026-04-07 17:47:58 - --------------------------------------------------
2026-04-07 17:48:17 - Epoch [11/100] LR: 1.99e-05/1.99e-04 | Loss: 1.2209 (seg=0.0283, cls=0.5963) | Cls Acc: 0.7574 | Seg IoU: 0.9719 | Seg Dice: 0.9857 | 19.2s
2026-04-07 17:48:38 - Epoch [12/100] LR: 1.99e-05/1.99e-04 | Loss: 1.1872 (seg=0.0240, cls=0.5816) | Cls Acc: 0.7884 | Seg IoU: 0.9740 | Seg Dice: 0.9868 | 20.4s
2026-04-07 17:48:57 - Epoch [13/100] LR: 1.99e-05/1.99e-04 | Loss: 1.1609 (seg=0.0216, cls=0.5696) | Cls Acc: 0.7859 | Seg IoU: 0.9741 | Seg Dice: 0.9869 | 19.0s
2026-04-07 17:49:17 - Epoch [14/100] LR: 1.98e-05/1.98e-04 | Loss: 1.1495 (seg=0.0192, cls=0.5651) | Cls Acc: 0.8145 | Seg IoU: 0.9754 | Seg Dice: 0.9876 | 20.0s
2026-04-07 17:49:35 - Epoch [15/100] LR: 1.97e-05/1.97e-04 | Loss: 1.0889 (seg=0.0193, cls=0.5348) | Cls Acc: 0.8284 | Seg IoU: 0.9725 | Seg Dice: 0.9861 | 18.5s
2026-04-07 17:49:35 - --------------------------------------------------
2026-04-07 17:49:39 - [Test] Cls — Acc: 0.6845 | P(macro): 0.6123 | R(macro): 0.6342 | F1(macro): 0.6167
2026-04-07 17:49:39 - [Test] Seg — Lesion IoU: 0.9743 | Lesion Dice: 0.9870
2026-04-07 17:49:39 - [Test] Classification Report:
              precision    recall  f1-score   support

      benign     0.3966    0.5349    0.4554       129
    no_tumor     0.8281    0.7335    0.7779       394

    accuracy                         0.6845       523
   macro avg     0.6123    0.6342    0.6167       523
weighted avg     0.7216    0.6845    0.6984       523

2026-04-07 17:49:39 - --------------------------------------------------
2026-04-07 17:49:59 - Epoch [16/100] LR: 1.96e-05/1.96e-04 | Loss: 1.0711 (seg=0.0165, cls=0.5273) | Cls Acc: 0.8358 | Seg IoU: 0.9768 | Seg Dice: 0.9883 | 20.5s
2026-04-07 17:50:18 - Epoch [17/100] LR: 1.95e-05/1.95e-04 | Loss: 1.0552 (seg=0.0166, cls=0.5193) | Cls Acc: 0.8513 | Seg IoU: 0.9745 | Seg Dice: 0.9871 | 18.8s
2026-04-07 17:50:38 - Epoch [18/100] LR: 1.94e-05/1.94e-04 | Loss: 0.9791 (seg=0.0138, cls=0.4826) | Cls Acc: 0.8725 | Seg IoU: 0.9787 | Seg Dice: 0.9892 | 20.0s
2026-04-07 17:50:57 - Epoch [19/100] LR: 1.93e-05/1.93e-04 | Loss: 1.0173 (seg=0.0129, cls=0.5022) | Cls Acc: 0.8603 | Seg IoU: 0.9797 | Seg Dice: 0.9897 | 19.1s
2026-04-07 17:51:17 - Epoch [20/100] LR: 1.92e-05/1.92e-04 | Loss: 0.9641 (seg=0.0124, cls=0.4758) | Cls Acc: 0.8750 | Seg IoU: 0.9799 | Seg Dice: 0.9899 | 19.9s
2026-04-07 17:51:17 - --------------------------------------------------
2026-04-07 17:51:21 - [Test] Cls — Acc: 0.7170 | P(macro): 0.6151 | R(macro): 0.6114 | F1(macro): 0.6132
2026-04-07 17:51:21 - [Test] Seg — Lesion IoU: 0.9811 | Lesion Dice: 0.9904
2026-04-07 17:51:21 - [Test] Classification Report:
              precision    recall  f1-score   support

      benign     0.4228    0.4031    0.4127       129
    no_tumor     0.8075    0.8198    0.8136       394

    accuracy                         0.7170       523
   macro avg     0.6151    0.6114    0.6132       523
weighted avg     0.7126    0.7170    0.7147       523

2026-04-07 17:51:21 - --------------------------------------------------
2026-04-07 17:51:41 - Epoch [21/100] LR: 1.90e-05/1.90e-04 | Loss: 0.9236 (seg=0.0118, cls=0.4559) | Cls Acc: 0.8913 | Seg IoU: 0.9804 | Seg Dice: 0.9901 | 20.3s
2026-04-07 17:52:01 - Epoch [22/100] LR: 1.89e-05/1.89e-04 | Loss: 0.9279 (seg=0.0116, cls=0.4581) | Cls Acc: 0.8979 | Seg IoU: 0.9791 | Seg Dice: 0.9894 | 20.3s
2026-04-07 17:52:21 - Epoch [23/100] LR: 1.87e-05/1.87e-04 | Loss: 0.9086 (seg=0.0130, cls=0.4478) | Cls Acc: 0.9020 | Seg IoU: 0.9748 | Seg Dice: 0.9872 | 19.4s
2026-04-07 17:52:41 - Epoch [24/100] LR: 1.86e-05/1.86e-04 | Loss: 0.9042 (seg=0.0097, cls=0.4472) | Cls Acc: 0.9060 | Seg IoU: 0.9823 | Seg Dice: 0.9911 | 19.9s
2026-04-07 17:53:00 - Epoch [25/100] LR: 1.84e-05/1.84e-04 | Loss: 0.9009 (seg=0.0087, cls=0.4461) | Cls Acc: 0.8962 | Seg IoU: 0.9844 | Seg Dice: 0.9921 | 19.3s
2026-04-07 17:53:00 - --------------------------------------------------
2026-04-07 17:53:04 - [Test] Cls — Acc: 0.7380 | P(macro): 0.6308 | R(macro): 0.6072 | F1(macro): 0.6146
2026-04-07 17:53:04 - [Test] Seg — Lesion IoU: 0.9856 | Lesion Dice: 0.9928
2026-04-07 17:53:04 - [Test] Classification Report:
              precision    recall  f1-score   support

      benign     0.4592    0.3488    0.3965       129
    no_tumor     0.8024    0.8655    0.8327       394

    accuracy                         0.7380       523
   macro avg     0.6308    0.6072    0.6146       523
weighted avg     0.7177    0.7380    0.7251       523

2026-04-07 17:53:04 - --------------------------------------------------
2026-04-07 17:53:23 - Epoch [26/100] LR: 1.82e-05/1.82e-04 | Loss: 0.8512 (seg=0.0080, cls=0.4216) | Cls Acc: 0.9167 | Seg IoU: 0.9857 | Seg Dice: 0.9928 | 19.0s
2026-04-07 17:53:42 - Epoch [27/100] LR: 1.80e-05/1.80e-04 | Loss: 0.8247 (seg=0.0074, cls=0.4086) | Cls Acc: 0.9265 | Seg IoU: 0.9861 | Seg Dice: 0.9930 | 19.9s
2026-04-07 17:54:03 - Epoch [28/100] LR: 1.78e-05/1.78e-04 | Loss: 0.8253 (seg=0.0073, cls=0.4090) | Cls Acc: 0.9297 | Seg IoU: 0.9859 | Seg Dice: 0.9929 | 20.2s
2026-04-07 17:54:22 - Epoch [29/100] LR: 1.76e-05/1.76e-04 | Loss: 0.8181 (seg=0.0067, cls=0.4057) | Cls Acc: 0.9297 | Seg IoU: 0.9867 | Seg Dice: 0.9933 | 19.5s
2026-04-07 17:54:42 - Epoch [30/100] LR: 1.73e-05/1.73e-04 | Loss: 0.7761 (seg=0.0061, cls=0.3850) | Cls Acc: 0.9461 | Seg IoU: 0.9880 | Seg Dice: 0.9939 | 20.1s
2026-04-07 17:54:42 - --------------------------------------------------
2026-04-07 17:54:45 - [Test] Cls — Acc: 0.6941 | P(macro): 0.5778 | R(macro): 0.5728 | F1(macro): 0.5748
2026-04-07 17:54:45 - [Test] Seg — Lesion IoU: 0.9890 | Lesion Dice: 0.9945
2026-04-07 17:54:45 - [Test] Classification Report:
              precision    recall  f1-score   support

      benign     0.3675    0.3333    0.3496       129
    no_tumor     0.7882    0.8122    0.8000       394

    accuracy                         0.6941       523
   macro avg     0.5778    0.5728    0.5748       523
weighted avg     0.6844    0.6941    0.6889       523

2026-04-07 17:54:45 - --------------------------------------------------
2026-04-07 17:55:06 - Epoch [31/100] LR: 1.71e-05/1.71e-04 | Loss: 0.8161 (seg=0.0062, cls=0.4049) | Cls Acc: 0.9297 | Seg IoU: 0.9871 | Seg Dice: 0.9935 | 21.0s
2026-04-07 17:55:26 - Epoch [32/100] LR: 1.69e-05/1.69e-04 | Loss: 0.7334 (seg=0.0051, cls=0.3642) | Cls Acc: 0.9551 | Seg IoU: 0.9902 | Seg Dice: 0.9951 | 19.2s
2026-04-07 17:55:46 - Epoch [33/100] LR: 1.66e-05/1.66e-04 | Loss: 0.7615 (seg=0.0051, cls=0.3782) | Cls Acc: 0.9502 | Seg IoU: 0.9899 | Seg Dice: 0.9949 | 20.6s
2026-04-07 17:56:05 - Epoch [34/100] LR: 1.63e-05/1.63e-04 | Loss: 0.7385 (seg=0.0049, cls=0.3668) | Cls Acc: 0.9493 | Seg IoU: 0.9904 | Seg Dice: 0.9952 | 19.3s
2026-04-07 17:56:25 - Epoch [35/100] LR: 1.61e-05/1.61e-04 | Loss: 0.7457 (seg=0.0042, cls=0.3708) | Cls Acc: 0.9567 | Seg IoU: 0.9919 | Seg Dice: 0.9959 | 19.9s
2026-04-07 17:56:25 - --------------------------------------------------
2026-04-07 17:56:28 - [Test] Cls — Acc: 0.7514 | P(macro): 0.6485 | R(macro): 0.6108 | F1(macro): 0.6208
2026-04-07 17:56:28 - [Test] Seg — Lesion IoU: 0.9922 | Lesion Dice: 0.9961
2026-04-07 17:56:28 - [Test] Classification Report:
              precision    recall  f1-score   support

      benign     0.4943    0.3333    0.3981       129
    no_tumor     0.8028    0.8883    0.8434       394

    accuracy                         0.7514       523
   macro avg     0.6485    0.6108    0.6208       523
weighted avg     0.7267    0.7514    0.7336       523

2026-04-07 17:56:28 - --------------------------------------------------
2026-04-07 17:56:48 - Epoch [36/100] LR: 1.58e-05/1.58e-04 | Loss: 0.7264 (seg=0.0040, cls=0.3612) | Cls Acc: 0.9600 | Seg IoU: 0.9921 | Seg Dice: 0.9960 | 19.4s
2026-04-07 17:57:08 - Epoch [37/100] LR: 1.55e-05/1.55e-04 | Loss: 0.7413 (seg=0.0039, cls=0.3687) | Cls Acc: 0.9477 | Seg IoU: 0.9920 | Seg Dice: 0.9960 | 20.6s
2026-04-07 17:57:27 - Epoch [38/100] LR: 1.52e-05/1.52e-04 | Loss: 0.7239 (seg=0.0035, cls=0.3602) | Cls Acc: 0.9567 | Seg IoU: 0.9928 | Seg Dice: 0.9964 | 18.7s
2026-04-07 17:57:48 - Epoch [39/100] LR: 1.50e-05/1.50e-04 | Loss: 0.6725 (seg=0.0029, cls=0.3348) | Cls Acc: 0.9730 | Seg IoU: 0.9940 | Seg Dice: 0.9970 | 20.9s
2026-04-07 17:58:07 - Epoch [40/100] LR: 1.47e-05/1.47e-04 | Loss: 0.7088 (seg=0.0030, cls=0.3529) | Cls Acc: 0.9632 | Seg IoU: 0.9939 | Seg Dice: 0.9969 | 19.2s
2026-04-07 17:58:07 - --------------------------------------------------
2026-04-07 17:58:11 - [Test] Cls — Acc: 0.6750 | P(macro): 0.5844 | R(macro): 0.5940 | F1(macro): 0.5873
2026-04-07 17:58:11 - [Test] Seg — Lesion IoU: 0.9947 | Lesion Dice: 0.9973
2026-04-07 17:58:11 - [Test] Classification Report:
              precision    recall  f1-score   support

      benign     0.3660    0.4341    0.3972       129
    no_tumor     0.8027    0.7538    0.7775       394

    accuracy                         0.6750       523
   macro avg     0.5844    0.5940    0.5873       523
weighted avg     0.6950    0.6750    0.6837       523

2026-04-07 17:58:11 - --------------------------------------------------
2026-04-07 17:58:31 - Epoch [41/100] LR: 1.44e-05/1.44e-04 | Loss: 0.7058 (seg=0.0026, cls=0.3516) | Cls Acc: 0.9600 | Seg IoU: 0.9946 | Seg Dice: 0.9973 | 19.8s
2026-04-07 17:58:50 - Epoch [42/100] LR: 1.40e-05/1.40e-04 | Loss: 0.6897 (seg=0.0027, cls=0.3435) | Cls Acc: 0.9665 | Seg IoU: 0.9944 | Seg Dice: 0.9972 | 19.3s
2026-04-07 17:59:10 - Epoch [43/100] LR: 1.37e-05/1.37e-04 | Loss: 0.7462 (seg=0.0024, cls=0.3719) | Cls Acc: 0.9469 | Seg IoU: 0.9949 | Seg Dice: 0.9974 | 19.6s
2026-04-07 17:59:28 - Epoch [44/100] LR: 1.34e-05/1.34e-04 | Loss: 0.6715 (seg=0.0022, cls=0.3346) | Cls Acc: 0.9730 | Seg IoU: 0.9952 | Seg Dice: 0.9976 | 18.5s
2026-04-07 17:59:49 - Epoch [45/100] LR: 1.31e-05/1.31e-04 | Loss: 0.7028 (seg=0.0023, cls=0.3503) | Cls Acc: 0.9673 | Seg IoU: 0.9953 | Seg Dice: 0.9976 | 20.6s
2026-04-07 17:59:49 - --------------------------------------------------
2026-04-07 17:59:52 - [Test] Cls — Acc: 0.7400 | P(macro): 0.6267 | R(macro): 0.5928 | F1(macro): 0.6005
2026-04-07 17:59:52 - [Test] Seg — Lesion IoU: 0.9956 | Lesion Dice: 0.9978
2026-04-07 17:59:52 - [Test] Classification Report:
              precision    recall  f1-score   support

      benign     0.4588    0.3023    0.3645       129
    no_tumor     0.7945    0.8832    0.8365       394

    accuracy                         0.7400       523
   macro avg     0.6267    0.5928    0.6005       523
weighted avg     0.7117    0.7400    0.7201       523

2026-04-07 17:59:52 - --------------------------------------------------
2026-04-07 18:00:11 - Epoch [46/100] LR: 1.28e-05/1.28e-04 | Loss: 0.6702 (seg=0.0020, cls=0.3341) | Cls Acc: 0.9698 | Seg IoU: 0.9958 | Seg Dice: 0.9979 | 18.8s
2026-04-07 18:00:31 - Epoch [47/100] LR: 1.24e-05/1.24e-04 | Loss: 0.6604 (seg=0.0019, cls=0.3293) | Cls Acc: 0.9755 | Seg IoU: 0.9960 | Seg Dice: 0.9980 | 19.6s
2026-04-07 18:00:50 - Epoch [48/100] LR: 1.21e-05/1.21e-04 | Loss: 0.6615 (seg=0.0019, cls=0.3298) | Cls Acc: 0.9739 | Seg IoU: 0.9959 | Seg Dice: 0.9979 | 19.3s
2026-04-07 18:01:11 - Epoch [49/100] LR: 1.18e-05/1.18e-04 | Loss: 0.6592 (seg=0.0017, cls=0.3288) | Cls Acc: 0.9673 | Seg IoU: 0.9964 | Seg Dice: 0.9982 | 20.8s
2026-04-07 18:01:30 - Epoch [50/100] LR: 1.14e-05/1.14e-04 | Loss: 0.6662 (seg=0.0017, cls=0.3323) | Cls Acc: 0.9690 | Seg IoU: 0.9965 | Seg Dice: 0.9982 | 19.1s
2026-04-07 18:01:30 - --------------------------------------------------
2026-04-07 18:01:33 - [Test] Cls — Acc: 0.6883 | P(macro): 0.5867 | R(macro): 0.5898 | F1(macro): 0.5881
2026-04-07 18:01:33 - [Test] Seg — Lesion IoU: 0.9962 | Lesion Dice: 0.9981
2026-04-07 18:01:33 - [Test] Classification Report:
              precision    recall  f1-score   support

      benign     0.3750    0.3953    0.3849       129
    no_tumor     0.7984    0.7843    0.7913       394

    accuracy                         0.6883       523
   macro avg     0.5867    0.5898    0.5881       523
weighted avg     0.6940    0.6883    0.6911       523

2026-04-07 18:01:33 - --------------------------------------------------
2026-04-07 18:01:53 - Epoch [51/100] LR: 1.11e-05/1.11e-04 | Loss: 0.6387 (seg=0.0015, cls=0.3186) | Cls Acc: 0.9739 | Seg IoU: 0.9967 | Seg Dice: 0.9984 | 19.5s
2026-04-07 18:02:12 - Epoch [52/100] LR: 1.08e-05/1.08e-04 | Loss: 0.6456 (seg=0.0015, cls=0.3220) | Cls Acc: 0.9747 | Seg IoU: 0.9969 | Seg Dice: 0.9984 | 19.1s
2026-04-07 18:02:32 - Epoch [53/100] LR: 1.04e-05/1.04e-04 | Loss: 0.6479 (seg=0.0014, cls=0.3232) | Cls Acc: 0.9788 | Seg IoU: 0.9970 | Seg Dice: 0.9985 | 19.7s
2026-04-07 18:02:51 - Epoch [54/100] LR: 1.01e-05/1.01e-04 | Loss: 0.6293 (seg=0.0013, cls=0.3140) | Cls Acc: 0.9853 | Seg IoU: 0.9972 | Seg Dice: 0.9986 | 19.5s
2026-04-07 18:03:12 - Epoch [55/100] LR: 9.76e-06/9.76e-05 | Loss: 0.6190 (seg=0.0014, cls=0.3088) | Cls Acc: 0.9861 | Seg IoU: 0.9971 | Seg Dice: 0.9985 | 20.4s
2026-04-07 18:03:12 - --------------------------------------------------
2026-04-07 18:03:15 - [Test] Cls — Acc: 0.7094 | P(macro): 0.6014 | R(macro): 0.5959 | F1(macro): 0.5983
2026-04-07 18:03:15 - [Test] Seg — Lesion IoU: 0.9972 | Lesion Dice: 0.9986
2026-04-07 18:03:15 - [Test] Classification Report:
              precision    recall  f1-score   support

      benign     0.4034    0.3721    0.3871       129
    no_tumor     0.7995    0.8198    0.8095       394

    accuracy                         0.7094       523
   macro avg     0.6014    0.5959    0.5983       523
weighted avg     0.7018    0.7094    0.7053       523

2026-04-07 18:03:15 - --------------------------------------------------
2026-04-07 18:03:35 - Epoch [56/100] LR: 9.42e-06/9.42e-05 | Loss: 0.6159 (seg=0.0012, cls=0.3073) | Cls Acc: 0.9820 | Seg IoU: 0.9974 | Seg Dice: 0.9987 | 20.1s
2026-04-07 18:03:55 - Epoch [57/100] LR: 9.09e-06/9.09e-05 | Loss: 0.6342 (seg=0.0013, cls=0.3164) | Cls Acc: 0.9804 | Seg IoU: 0.9972 | Seg Dice: 0.9986 | 20.2s
2026-04-07 18:04:17 - Epoch [58/100] LR: 8.75e-06/8.75e-05 | Loss: 0.6250 (seg=0.0012, cls=0.3119) | Cls Acc: 0.9837 | Seg IoU: 0.9975 | Seg Dice: 0.9987 | 21.8s
2026-04-07 18:04:37 - Epoch [59/100] LR: 8.42e-06/8.42e-05 | Loss: 0.6278 (seg=0.0012, cls=0.3133) | Cls Acc: 0.9804 | Seg IoU: 0.9974 | Seg Dice: 0.9987 | 19.8s
2026-04-07 18:04:57 - Epoch [60/100] LR: 8.09e-06/8.09e-05 | Loss: 0.5976 (seg=0.0011, cls=0.2983) | Cls Acc: 0.9926 | Seg IoU: 0.9977 | Seg Dice: 0.9989 | 20.8s
2026-04-07 18:04:57 - --------------------------------------------------
2026-04-07 18:05:01 - [Test] Cls — Acc: 0.7323 | P(macro): 0.6181 | R(macro): 0.5929 | F1(macro): 0.5997
2026-04-07 18:05:01 - [Test] Seg — Lesion IoU: 0.9977 | Lesion Dice: 0.9988
2026-04-07 18:05:01 - [Test] Classification Report:
              precision    recall  f1-score   support

      benign     0.4409    0.3178    0.3694       129
    no_tumor     0.7953    0.8680    0.8301       394

    accuracy                         0.7323       523
   macro avg     0.6181    0.5929    0.5997       523
weighted avg     0.7079    0.7323    0.7165       523

2026-04-07 18:05:01 - --------------------------------------------------
2026-04-07 18:05:20 - Epoch [61/100] LR: 7.76e-06/7.76e-05 | Loss: 0.6018 (seg=0.0010, cls=0.3004) | Cls Acc: 0.9869 | Seg IoU: 0.9978 | Seg Dice: 0.9989 | 19.7s
2026-04-07 18:05:41 - Epoch [62/100] LR: 7.43e-06/7.43e-05 | Loss: 0.6261 (seg=0.0010, cls=0.3126) | Cls Acc: 0.9837 | Seg IoU: 0.9978 | Seg Dice: 0.9989 | 20.7s
2026-04-07 18:06:00 - Epoch [63/100] LR: 7.11e-06/7.11e-05 | Loss: 0.6083 (seg=0.0010, cls=0.3037) | Cls Acc: 0.9861 | Seg IoU: 0.9978 | Seg Dice: 0.9989 | 18.7s
2026-04-07 18:06:20 - Epoch [64/100] LR: 6.78e-06/6.78e-05 | Loss: 0.5930 (seg=0.0009, cls=0.2961) | Cls Acc: 0.9886 | Seg IoU: 0.9981 | Seg Dice: 0.9990 | 20.4s
2026-04-07 18:06:39 - Epoch [65/100] LR: 6.47e-06/6.47e-05 | Loss: 0.6055 (seg=0.0009, cls=0.3023) | Cls Acc: 0.9861 | Seg IoU: 0.9980 | Seg Dice: 0.9990 | 18.5s
2026-04-07 18:06:39 - --------------------------------------------------
2026-04-07 18:06:42 - [Test] Cls — Acc: 0.7342 | P(macro): 0.6112 | R(macro): 0.5759 | F1(macro): 0.5814
2026-04-07 18:06:42 - [Test] Seg — Lesion IoU: 0.9979 | Lesion Dice: 0.9989
2026-04-07 18:06:42 - [Test] Classification Report:
              precision    recall  f1-score   support

      benign     0.4359    0.2636    0.3285       129
    no_tumor     0.7865    0.8883    0.8343       394

    accuracy                         0.7342       523
   macro avg     0.6112    0.5759    0.5814       523
weighted avg     0.7000    0.7342    0.7096       523

2026-04-07 18:06:42 - --------------------------------------------------
2026-04-07 18:07:03 - Epoch [66/100] LR: 6.16e-06/6.16e-05 | Loss: 0.6054 (seg=0.0009, cls=0.3023) | Cls Acc: 0.9886 | Seg IoU: 0.9982 | Seg Dice: 0.9991 | 20.5s
2026-04-07 18:07:22 - Epoch [67/100] LR: 5.85e-06/5.85e-05 | Loss: 0.6074 (seg=0.0009, cls=0.3033) | Cls Acc: 0.9869 | Seg IoU: 0.9981 | Seg Dice: 0.9990 | 19.0s
2026-04-07 18:07:42 - Epoch [68/100] LR: 5.55e-06/5.55e-05 | Loss: 0.5941 (seg=0.0008, cls=0.2966) | Cls Acc: 0.9886 | Seg IoU: 0.9982 | Seg Dice: 0.9991 | 20.1s
2026-04-07 18:08:00 - Epoch [69/100] LR: 5.25e-06/5.25e-05 | Loss: 0.5855 (seg=0.0008, cls=0.2924) | Cls Acc: 0.9886 | Seg IoU: 0.9983 | Seg Dice: 0.9992 | 18.8s
2026-04-07 18:08:21 - Epoch [70/100] LR: 4.96e-06/4.96e-05 | Loss: 0.5929 (seg=0.0008, cls=0.2961) | Cls Acc: 0.9894 | Seg IoU: 0.9982 | Seg Dice: 0.9991 | 20.8s
2026-04-07 18:08:21 - --------------------------------------------------
2026-04-07 18:08:25 - [Test] Cls — Acc: 0.7323 | P(macro): 0.6181 | R(macro): 0.5929 | F1(macro): 0.5997
2026-04-07 18:08:25 - [Test] Seg — Lesion IoU: 0.9982 | Lesion Dice: 0.9991
2026-04-07 18:08:25 - [Test] Classification Report:
              precision    recall  f1-score   support

      benign     0.4409    0.3178    0.3694       129
    no_tumor     0.7953    0.8680    0.8301       394

    accuracy                         0.7323       523
   macro avg     0.6181    0.5929    0.5997       523
weighted avg     0.7079    0.7323    0.7165       523

2026-04-07 18:08:25 - --------------------------------------------------
2026-04-07 18:08:44 - Epoch [71/100] LR: 4.67e-06/4.67e-05 | Loss: 0.6046 (seg=0.0008, cls=0.3019) | Cls Acc: 0.9886 | Seg IoU: 0.9984 | Seg Dice: 0.9992 | 19.3s
2026-04-07 18:09:03 - Epoch [72/100] LR: 4.39e-06/4.39e-05 | Loss: 0.5887 (seg=0.0008, cls=0.2939) | Cls Acc: 0.9910 | Seg IoU: 0.9982 | Seg Dice: 0.9991 | 19.4s
2026-04-07 18:09:22 - Epoch [73/100] LR: 4.12e-06/4.12e-05 | Loss: 0.5795 (seg=0.0008, cls=0.2894) | Cls Acc: 0.9959 | Seg IoU: 0.9983 | Seg Dice: 0.9992 | 18.9s
2026-04-07 18:09:43 - Epoch [74/100] LR: 3.85e-06/3.85e-05 | Loss: 0.5901 (seg=0.0008, cls=0.2947) | Cls Acc: 0.9894 | Seg IoU: 0.9983 | Seg Dice: 0.9992 | 20.8s
2026-04-07 18:10:02 - Epoch [75/100] LR: 3.59e-06/3.59e-05 | Loss: 0.5936 (seg=0.0007, cls=0.2965) | Cls Acc: 0.9926 | Seg IoU: 0.9985 | Seg Dice: 0.9992 | 19.3s
2026-04-07 18:10:02 - --------------------------------------------------
2026-04-07 18:10:06 - [Test] Cls — Acc: 0.7247 | P(macro): 0.6138 | R(macro): 0.5983 | F1(macro): 0.6036
2026-04-07 18:10:06 - [Test] Seg — Lesion IoU: 0.9984 | Lesion Dice: 0.9992
2026-04-07 18:10:06 - [Test] Classification Report:
              precision    recall  f1-score   support

      benign     0.4286    0.3488    0.3846       129
    no_tumor     0.7990    0.8477    0.8227       394

    accuracy                         0.7247       523
   macro avg     0.6138    0.5983    0.6036       523
weighted avg     0.7077    0.7247    0.7146       523

2026-04-07 18:10:06 - --------------------------------------------------
2026-04-07 18:10:25 - Epoch [76/100] LR: 3.34e-06/3.34e-05 | Loss: 0.6030 (seg=0.0007, cls=0.3012) | Cls Acc: 0.9886 | Seg IoU: 0.9985 | Seg Dice: 0.9993 | 19.3s
2026-04-07 18:10:45 - Epoch [77/100] LR: 3.10e-06/3.10e-05 | Loss: 0.6034 (seg=0.0007, cls=0.3014) | Cls Acc: 0.9845 | Seg IoU: 0.9984 | Seg Dice: 0.9992 | 20.0s
2026-04-07 18:11:05 - Epoch [78/100] LR: 2.86e-06/2.86e-05 | Loss: 0.5998 (seg=0.0007, cls=0.2996) | Cls Acc: 0.9910 | Seg IoU: 0.9986 | Seg Dice: 0.9993 | 19.5s
2026-04-07 18:11:24 - Epoch [79/100] LR: 2.64e-06/2.64e-05 | Loss: 0.5874 (seg=0.0007, cls=0.2934) | Cls Acc: 0.9886 | Seg IoU: 0.9986 | Seg Dice: 0.9993 | 19.1s
2026-04-07 18:11:43 - Epoch [80/100] LR: 2.42e-06/2.42e-05 | Loss: 0.5888 (seg=0.0007, cls=0.2941) | Cls Acc: 0.9894 | Seg IoU: 0.9986 | Seg Dice: 0.9993 | 19.6s
2026-04-07 18:11:43 - --------------------------------------------------
2026-04-07 18:11:47 - [Test] Cls — Acc: 0.7228 | P(macro): 0.6101 | R(macro): 0.5944 | F1(macro): 0.5997
2026-04-07 18:11:47 - [Test] Seg — Lesion IoU: 0.9985 | Lesion Dice: 0.9992
2026-04-07 18:11:47 - [Test] Classification Report:
              precision    recall  f1-score   support

      benign     0.4231    0.3411    0.3777       129
    no_tumor     0.7971    0.8477    0.8216       394

    accuracy                         0.7228       523
   macro avg     0.6101    0.5944    0.5997       523
weighted avg     0.7049    0.7228    0.7121       523

2026-04-07 18:11:47 - --------------------------------------------------
2026-04-07 18:12:06 - Epoch [81/100] LR: 2.21e-06/2.21e-05 | Loss: 0.5750 (seg=0.0007, cls=0.2872) | Cls Acc: 0.9935 | Seg IoU: 0.9985 | Seg Dice: 0.9993 | 19.4s
2026-04-07 18:12:25 - Epoch [82/100] LR: 2.01e-06/2.01e-05 | Loss: 0.5761 (seg=0.0007, cls=0.2877) | Cls Acc: 0.9935 | Seg IoU: 0.9986 | Seg Dice: 0.9993 | 19.4s
2026-04-07 18:12:45 - Epoch [83/100] LR: 1.82e-06/1.82e-05 | Loss: 0.5793 (seg=0.0006, cls=0.2894) | Cls Acc: 0.9951 | Seg IoU: 0.9987 | Seg Dice: 0.9993 | 19.8s
2026-04-07 18:13:05 - Epoch [84/100] LR: 1.64e-06/1.64e-05 | Loss: 0.5938 (seg=0.0006, cls=0.2966) | Cls Acc: 0.9926 | Seg IoU: 0.9987 | Seg Dice: 0.9993 | 19.6s
2026-04-07 18:13:24 - Epoch [85/100] LR: 1.47e-06/1.47e-05 | Loss: 0.5821 (seg=0.0006, cls=0.2907) | Cls Acc: 0.9926 | Seg IoU: 0.9988 | Seg Dice: 0.9994 | 19.3s
2026-04-07 18:13:24 - --------------------------------------------------
2026-04-07 18:13:28 - [Test] Cls — Acc: 0.7419 | P(macro): 0.6307 | R(macro): 0.5967 | F1(macro): 0.6048
2026-04-07 18:13:28 - [Test] Seg — Lesion IoU: 0.9986 | Lesion Dice: 0.9993
2026-04-07 18:13:28 - [Test] Classification Report:
              precision    recall  f1-score   support

      benign     0.4651    0.3101    0.3721       129
    no_tumor     0.7963    0.8832    0.8375       394

    accuracy                         0.7419       523
   macro avg     0.6307    0.5967    0.6048       523
weighted avg     0.7146    0.7419    0.7227       523

2026-04-07 18:13:28 - --------------------------------------------------
2026-04-07 18:13:47 - Epoch [86/100] LR: 1.31e-06/1.31e-05 | Loss: 0.5823 (seg=0.0006, cls=0.2908) | Cls Acc: 0.9902 | Seg IoU: 0.9987 | Seg Dice: 0.9993 | 18.9s
2026-04-07 18:14:06 - Epoch [87/100] LR: 1.16e-06/1.16e-05 | Loss: 0.5861 (seg=0.0006, cls=0.2927) | Cls Acc: 0.9935 | Seg IoU: 0.9987 | Seg Dice: 0.9994 | 19.5s
2026-04-07 18:14:25 - Epoch [88/100] LR: 1.02e-06/1.02e-05 | Loss: 0.5750 (seg=0.0006, cls=0.2872) | Cls Acc: 0.9951 | Seg IoU: 0.9987 | Seg Dice: 0.9994 | 18.9s
2026-04-07 18:14:45 - Epoch [89/100] LR: 8.90e-07/8.90e-06 | Loss: 0.5769 (seg=0.0006, cls=0.2882) | Cls Acc: 0.9959 | Seg IoU: 0.9986 | Seg Dice: 0.9993 | 20.3s
2026-04-07 18:15:05 - Epoch [90/100] LR: 7.72e-07/7.72e-06 | Loss: 0.5826 (seg=0.0006, cls=0.2910) | Cls Acc: 0.9918 | Seg IoU: 0.9988 | Seg Dice: 0.9994 | 19.8s
2026-04-07 18:15:05 - --------------------------------------------------
2026-04-07 18:15:08 - [Test] Cls — Acc: 0.7285 | P(macro): 0.6184 | R(macro): 0.6008 | F1(macro): 0.6067
2026-04-07 18:15:08 - [Test] Seg — Lesion IoU: 0.9986 | Lesion Dice: 0.9993
2026-04-07 18:15:08 - [Test] Classification Report:
              precision    recall  f1-score   support

      benign     0.4369    0.3488    0.3879       129
    no_tumor     0.8000    0.8528    0.8256       394

    accuracy                         0.7285       523
   macro avg     0.6184    0.6008    0.6067       523
weighted avg     0.7104    0.7285    0.7176       523

2026-04-07 18:15:08 - --------------------------------------------------
2026-04-07 18:15:28 - Epoch [91/100] LR: 6.64e-07/6.64e-06 | Loss: 0.5859 (seg=0.0006, cls=0.2926) | Cls Acc: 0.9894 | Seg IoU: 0.9987 | Seg Dice: 0.9994 | 20.1s
2026-04-07 18:15:48 - Epoch [92/100] LR: 5.67e-07/5.67e-06 | Loss: 0.5834 (seg=0.0006, cls=0.2914) | Cls Acc: 0.9918 | Seg IoU: 0.9988 | Seg Dice: 0.9994 | 19.8s
2026-04-07 18:16:09 - Epoch [93/100] LR: 4.81e-07/4.81e-06 | Loss: 0.5660 (seg=0.0005, cls=0.2827) | Cls Acc: 0.9975 | Seg IoU: 0.9989 | Seg Dice: 0.9994 | 20.4s
2026-04-07 18:16:28 - Epoch [94/100] LR: 4.07e-07/4.07e-06 | Loss: 0.5771 (seg=0.0006, cls=0.2883) | Cls Acc: 0.9943 | Seg IoU: 0.9988 | Seg Dice: 0.9994 | 19.3s
2026-04-07 18:16:49 - Epoch [95/100] LR: 3.44e-07/3.44e-06 | Loss: 0.5721 (seg=0.0006, cls=0.2858) | Cls Acc: 0.9951 | Seg IoU: 0.9987 | Seg Dice: 0.9994 | 21.2s
2026-04-07 18:16:49 - --------------------------------------------------
2026-04-07 18:16:52 - [Test] Cls — Acc: 0.7285 | P(macro): 0.6086 | R(macro): 0.5826 | F1(macro): 0.5886
2026-04-07 18:16:52 - [Test] Seg — Lesion IoU: 0.9987 | Lesion Dice: 0.9993
2026-04-07 18:16:52 - [Test] Classification Report:
              precision    recall  f1-score   support

      benign     0.4270    0.2946    0.3486       129
    no_tumor     0.7903    0.8706    0.8285       394

    accuracy                         0.7285       523
   macro avg     0.6086    0.5826    0.5886       523
weighted avg     0.7007    0.7285    0.7101       523

2026-04-07 18:16:52 - --------------------------------------------------
2026-04-07 18:17:12 - Epoch [96/100] LR: 2.92e-07/2.92e-06 | Loss: 0.5803 (seg=0.0006, cls=0.2899) | Cls Acc: 0.9918 | Seg IoU: 0.9988 | Seg Dice: 0.9994 | 19.5s
2026-04-07 18:17:33 - Epoch [97/100] LR: 2.52e-07/2.52e-06 | Loss: 0.5925 (seg=0.0006, cls=0.2960) | Cls Acc: 0.9902 | Seg IoU: 0.9988 | Seg Dice: 0.9994 | 20.8s
2026-04-07 18:17:52 - Epoch [98/100] LR: 2.23e-07/2.23e-06 | Loss: 0.5784 (seg=0.0006, cls=0.2889) | Cls Acc: 0.9910 | Seg IoU: 0.9988 | Seg Dice: 0.9994 | 19.2s
2026-04-07 18:18:13 - Epoch [99/100] LR: 2.06e-07/2.06e-06 | Loss: 0.5799 (seg=0.0006, cls=0.2897) | Cls Acc: 0.9910 | Seg IoU: 0.9987 | Seg Dice: 0.9994 | 20.7s
2026-04-07 18:18:31 - Epoch [100/100] LR: 2.00e-07/2.00e-06 | Loss: 0.5853 (seg=0.0005, cls=0.2924) | Cls Acc: 0.9935 | Seg IoU: 0.9988 | Seg Dice: 0.9994 | 18.5s
2026-04-07 18:18:31 - --------------------------------------------------
2026-04-07 18:18:34 - [Test] Cls — Acc: 0.7380 | P(macro): 0.6273 | R(macro): 0.5993 | F1(macro): 0.6070
2026-04-07 18:18:34 - [Test] Seg — Lesion IoU: 0.9987 | Lesion Dice: 0.9993
2026-04-07 18:18:34 - [Test] Classification Report:
              precision    recall  f1-score   support

      benign     0.4565    0.3256    0.3801       129
    no_tumor     0.7981    0.8731    0.8339       394

    accuracy                         0.7380       523
   macro avg     0.6273    0.5993    0.6070       523
weighted avg     0.7139    0.7380    0.7220       523

2026-04-07 18:18:34 - --------------------------------------------------
2026-04-07 18:18:34 - 
======================================================================
2026-04-07 18:18:34 - 训练完成! 最优模型: Epoch 10, F1: 0.6605
2026-04-07 18:18:34 - ======================================================================
2026-04-07 18:18:34 - 
加载最优权重进行最终测试...
2026-04-07 18:18:35 - ======================================================================
2026-04-07 18:18:35 - 最终测试结果 (最优权重, threshold=0.5)
2026-04-07 18:18:35 - ======================================================================
2026-04-07 18:18:39 - [Final Test] Cls — Acc: 0.7457 | P(macro): 0.6593 | R(macro): 0.6618 | F1(macro): 0.6605
2026-04-07 18:18:39 - [Final Test] Seg — Lesion IoU: 0.9691 | Lesion Dice: 0.9843
2026-04-07 18:18:39 - [Final Test] Classification Report:
              precision    recall  f1-score   support

      benign     0.4848    0.4961    0.4904       129
    no_tumor     0.8338    0.8274    0.8306       394

    accuracy                         0.7457       523
   macro avg     0.6593    0.6618    0.6605       523
weighted avg     0.7477    0.7457    0.7467       523

2026-04-07 18:18:39 - 
======================================================================
2026-04-07 18:18:39 - 阈值优化搜索
2026-04-07 18:18:39 - ======================================================================
2026-04-07 18:18:42 - 最优阈值: 0.505 (F1: 0.6639 vs 默认0.5 F1: 0.6605)
2026-04-07 18:18:42 - 训练脚本已复制到: /data1/ouyangxinglong/GBP-Cascade/0408/logs/20260408_task2_SwinV2Tiny_segcls_17/20260408_task2_SwinV2Tiny_segcls_17.py
