2026-04-07 17:44:03 - ======================================================================
2026-04-07 17:44:03 - 实验名称: 20260408_task2_SwinV2Tiny_segcls_16
2026-04-07 17:44:03 - 模型: SwinV2-Tiny@256 + 4ch + Seg-Guided Attn + BERT[CLS] Late Fusion + 6D Meta
2026-04-07 17:44:03 - 修改: Exp#4 + BERT-base-chinese(冻结)编码超声报告 → [CLS] 768D → proj 128D + img 256D + meta 64D = 448D late fusion
2026-04-07 17:44:03 - 输入通道: 4
2026-04-07 17:44:03 - 图像尺寸: 256
2026-04-07 17:44:03 - 分割类别: 2
2026-04-07 17:44:03 - 分类类别: ['benign', 'no_tumor']
2026-04-07 17:44:03 - Batch Size: 8
2026-04-07 17:44:03 - Backbone LR: 2e-05
2026-04-07 17:44:03 - Head LR: 0.0002
2026-04-07 17:44:03 - Weight Decay: 0.05
2026-04-07 17:44:03 - Warmup Epochs: 8
2026-04-07 17:44:03 - Lambda Cls: 2.0
2026-04-07 17:44:03 - Label Smoothing: 0.1
2026-04-07 17:44:03 - Seed: 42
2026-04-07 17:44:03 - Epochs: 100
2026-04-07 17:44:03 - Grad Clip: 1.0
2026-04-07 17:44:03 - Meta Dim: 6
2026-04-07 17:44:03 - 设备: cuda
2026-04-07 17:44:03 - ======================================================================
2026-04-07 17:44:06 - 训练集: 1229 张 (benign=309, no_tumor=920)
2026-04-07 17:44:06 - 测试集: 523 张 (benign=129, no_tumor=394)
2026-04-07 17:44:30 - 模型参数量: 136,979,342 (含BERT)
2026-04-07 17:44:30 - 可训练参数量: 34,711,694 (BERT冻结)
2026-04-07 17:44:30 - 分类类别权重: benign=1.9887, no_tumor=0.6679
2026-04-07 17:44:30 - 分割类别权重: bg=1.0, lesion=5.0
2026-04-07 17:44:30 - 
======================================================================
2026-04-07 17:44:30 - 开始训练
2026-04-07 17:44:30 - ======================================================================
2026-04-07 17:44:51 - Epoch [1/100] LR: 2.50e-06/2.50e-05 | Loss: 2.0979 (seg=0.6541, cls=0.7219) | Cls Acc: 0.4739 | Seg IoU: 0.6671 | Seg Dice: 0.7468 | 20.8s
2026-04-07 17:45:10 - Epoch [2/100] LR: 5.00e-06/5.00e-05 | Loss: 1.6932 (seg=0.2794, cls=0.7069) | Cls Acc: 0.6029 | Seg IoU: 0.8935 | Seg Dice: 0.9436 | 19.6s
2026-04-07 17:45:29 - Epoch [3/100] LR: 7.50e-06/7.50e-05 | Loss: 1.5638 (seg=0.2018, cls=0.6810) | Cls Acc: 0.6487 | Seg IoU: 0.9207 | Seg Dice: 0.9585 | 19.2s
2026-04-07 17:45:48 - Epoch [4/100] LR: 1.00e-05/1.00e-04 | Loss: 1.5068 (seg=0.1553, cls=0.6758) | Cls Acc: 0.6462 | Seg IoU: 0.9364 | Seg Dice: 0.9671 | 19.1s
2026-04-07 17:46:07 - Epoch [5/100] LR: 1.25e-05/1.25e-04 | Loss: 1.4350 (seg=0.1136, cls=0.6607) | Cls Acc: 0.6789 | Seg IoU: 0.9497 | Seg Dice: 0.9741 | 18.9s
2026-04-07 17:46:07 - --------------------------------------------------
2026-04-07 17:46:11 - [Test] Cls — Acc: 0.7591 | P(macro): 0.6569 | R(macro): 0.5820 | F1(macro): 0.5880
2026-04-07 17:46:11 - [Test] Seg — Lesion IoU: 0.9284 | Lesion Dice: 0.9628
2026-04-07 17:46:11 - [Test] Classification Report:
              precision    recall  f1-score   support

      benign     0.5263    0.2326    0.3226       129
    no_tumor     0.7876    0.9315    0.8535       394

    accuracy                         0.7591       523
   macro avg     0.6569    0.5820    0.5880       523
weighted avg     0.7231    0.7591    0.7225       523

2026-04-07 17:46:12 - *** 保存最优模型 (F1: 0.5880, Epoch: 5) ***
2026-04-07 17:46:12 - --------------------------------------------------
2026-04-07 17:46:32 - Epoch [6/100] LR: 1.50e-05/1.50e-04 | Loss: 1.3880 (seg=0.0849, cls=0.6515) | Cls Acc: 0.7247 | Seg IoU: 0.9589 | Seg Dice: 0.9790 | 20.0s
2026-04-07 17:46:50 - Epoch [7/100] LR: 1.75e-05/1.75e-04 | Loss: 1.3046 (seg=0.0629, cls=0.6209) | Cls Acc: 0.7361 | Seg IoU: 0.9617 | Seg Dice: 0.9804 | 18.1s
2026-04-07 17:47:10 - Epoch [8/100] LR: 2.00e-05/2.00e-04 | Loss: 1.3379 (seg=0.0479, cls=0.6450) | Cls Acc: 0.7328 | Seg IoU: 0.9659 | Seg Dice: 0.9826 | 19.4s
2026-04-07 17:47:28 - Epoch [9/100] LR: 2.00e-05/2.00e-04 | Loss: 1.2534 (seg=0.0390, cls=0.6072) | Cls Acc: 0.7565 | Seg IoU: 0.9627 | Seg Dice: 0.9810 | 18.5s
2026-04-07 17:47:48 - Epoch [10/100] LR: 2.00e-05/2.00e-04 | Loss: 1.2330 (seg=0.0306, cls=0.6012) | Cls Acc: 0.7663 | Seg IoU: 0.9693 | Seg Dice: 0.9844 | 20.4s
2026-04-07 17:47:48 - --------------------------------------------------
2026-04-07 17:47:52 - [Test] Cls — Acc: 0.7132 | P(macro): 0.6197 | R(macro): 0.6246 | F1(macro): 0.6219
2026-04-07 17:47:52 - [Test] Seg — Lesion IoU: 0.9635 | Lesion Dice: 0.9814
2026-04-07 17:47:52 - [Test] Classification Report:
              precision    recall  f1-score   support

      benign     0.4234    0.4496    0.4361       129
    no_tumor     0.8161    0.7995    0.8077       394

    accuracy                         0.7132       523
   macro avg     0.6197    0.6246    0.6219       523
weighted avg     0.7192    0.7132    0.7160       523

2026-04-07 17:47:56 - *** 保存最优模型 (F1: 0.6219, Epoch: 10) ***
2026-04-07 17:47:56 - --------------------------------------------------
2026-04-07 17:48:15 - Epoch [11/100] LR: 1.99e-05/1.99e-04 | Loss: 1.2118 (seg=0.0259, cls=0.5930) | Cls Acc: 0.7770 | Seg IoU: 0.9722 | Seg Dice: 0.9859 | 18.7s
2026-04-07 17:48:34 - Epoch [12/100] LR: 1.99e-05/1.99e-04 | Loss: 1.1631 (seg=0.0230, cls=0.5701) | Cls Acc: 0.7843 | Seg IoU: 0.9727 | Seg Dice: 0.9862 | 19.4s
2026-04-07 17:48:53 - Epoch [13/100] LR: 1.99e-05/1.99e-04 | Loss: 1.1358 (seg=0.0205, cls=0.5577) | Cls Acc: 0.8121 | Seg IoU: 0.9742 | Seg Dice: 0.9869 | 18.7s
2026-04-07 17:49:13 - Epoch [14/100] LR: 1.98e-05/1.98e-04 | Loss: 1.1132 (seg=0.0192, cls=0.5470) | Cls Acc: 0.8186 | Seg IoU: 0.9739 | Seg Dice: 0.9868 | 19.6s
2026-04-07 17:49:31 - Epoch [15/100] LR: 1.97e-05/1.97e-04 | Loss: 1.0791 (seg=0.0174, cls=0.5309) | Cls Acc: 0.8186 | Seg IoU: 0.9753 | Seg Dice: 0.9875 | 18.1s
2026-04-07 17:49:31 - --------------------------------------------------
2026-04-07 17:49:35 - [Test] Cls — Acc: 0.7094 | P(macro): 0.6104 | R(macro): 0.6116 | F1(macro): 0.6110
2026-04-07 17:49:35 - [Test] Seg — Lesion IoU: 0.9732 | Lesion Dice: 0.9864
2026-04-07 17:49:35 - [Test] Classification Report:
              precision    recall  f1-score   support

      benign     0.4122    0.4186    0.4154       129
    no_tumor     0.8087    0.8046    0.8066       394

    accuracy                         0.7094       523
   macro avg     0.6104    0.6116    0.6110       523
weighted avg     0.7109    0.7094    0.7101       523

2026-04-07 17:49:35 - --------------------------------------------------
2026-04-07 17:49:54 - Epoch [16/100] LR: 1.96e-05/1.96e-04 | Loss: 1.0542 (seg=0.0162, cls=0.5190) | Cls Acc: 0.8374 | Seg IoU: 0.9763 | Seg Dice: 0.9880 | 19.0s
2026-04-07 17:50:12 - Epoch [17/100] LR: 1.95e-05/1.95e-04 | Loss: 0.9931 (seg=0.0157, cls=0.4887) | Cls Acc: 0.8505 | Seg IoU: 0.9748 | Seg Dice: 0.9872 | 17.9s
2026-04-07 17:50:33 - Epoch [18/100] LR: 1.94e-05/1.94e-04 | Loss: 1.0045 (seg=0.0142, cls=0.4951) | Cls Acc: 0.8513 | Seg IoU: 0.9777 | Seg Dice: 0.9887 | 20.4s
2026-04-07 17:50:51 - Epoch [19/100] LR: 1.93e-05/1.93e-04 | Loss: 0.9777 (seg=0.0136, cls=0.4820) | Cls Acc: 0.8685 | Seg IoU: 0.9770 | Seg Dice: 0.9884 | 18.6s
2026-04-07 17:51:11 - Epoch [20/100] LR: 1.92e-05/1.92e-04 | Loss: 0.9315 (seg=0.0124, cls=0.4595) | Cls Acc: 0.8881 | Seg IoU: 0.9789 | Seg Dice: 0.9893 | 19.6s
2026-04-07 17:51:11 - --------------------------------------------------
2026-04-07 17:51:14 - [Test] Cls — Acc: 0.6902 | P(macro): 0.5900 | R(macro): 0.5937 | F1(macro): 0.5916
2026-04-07 17:51:14 - [Test] Seg — Lesion IoU: 0.9790 | Lesion Dice: 0.9894
2026-04-07 17:51:14 - [Test] Classification Report:
              precision    recall  f1-score   support

      benign     0.3796    0.4031    0.3910       129
    no_tumor     0.8005    0.7843    0.7923       394

    accuracy                         0.6902       523
   macro avg     0.5900    0.5937    0.5916       523
weighted avg     0.6967    0.6902    0.6933       523

2026-04-07 17:51:14 - --------------------------------------------------
2026-04-07 17:51:33 - Epoch [21/100] LR: 1.90e-05/1.90e-04 | Loss: 0.9339 (seg=0.0110, cls=0.4614) | Cls Acc: 0.8889 | Seg IoU: 0.9815 | Seg Dice: 0.9907 | 18.9s
2026-04-07 17:51:52 - Epoch [22/100] LR: 1.89e-05/1.89e-04 | Loss: 0.9192 (seg=0.0109, cls=0.4542) | Cls Acc: 0.8954 | Seg IoU: 0.9804 | Seg Dice: 0.9901 | 19.3s
2026-04-07 17:52:11 - Epoch [23/100] LR: 1.87e-05/1.87e-04 | Loss: 0.8703 (seg=0.0107, cls=0.4298) | Cls Acc: 0.9216 | Seg IoU: 0.9804 | Seg Dice: 0.9901 | 18.6s
2026-04-07 17:52:31 - Epoch [24/100] LR: 1.86e-05/1.86e-04 | Loss: 0.8850 (seg=0.0099, cls=0.4375) | Cls Acc: 0.9069 | Seg IoU: 0.9816 | Seg Dice: 0.9907 | 20.2s
2026-04-07 17:52:50 - Epoch [25/100] LR: 1.84e-05/1.84e-04 | Loss: 0.8917 (seg=0.0092, cls=0.4413) | Cls Acc: 0.9077 | Seg IoU: 0.9826 | Seg Dice: 0.9912 | 19.6s
2026-04-07 17:52:50 - --------------------------------------------------
2026-04-07 17:52:54 - [Test] Cls — Acc: 0.7017 | P(macro): 0.5889 | R(macro): 0.5830 | F1(macro): 0.5854
2026-04-07 17:52:54 - [Test] Seg — Lesion IoU: 0.9837 | Lesion Dice: 0.9918
2026-04-07 17:52:54 - [Test] Classification Report:
              precision    recall  f1-score   support

      benign     0.3846    0.3488    0.3659       129
    no_tumor     0.7931    0.8173    0.8050       394

    accuracy                         0.7017       523
   macro avg     0.5889    0.5830    0.5854       523
weighted avg     0.6923    0.7017    0.6967       523

2026-04-07 17:52:54 - --------------------------------------------------
2026-04-07 17:53:13 - Epoch [26/100] LR: 1.82e-05/1.82e-04 | Loss: 0.8664 (seg=0.0102, cls=0.4281) | Cls Acc: 0.9134 | Seg IoU: 0.9792 | Seg Dice: 0.9895 | 18.9s
2026-04-07 17:53:31 - Epoch [27/100] LR: 1.80e-05/1.80e-04 | Loss: 0.8162 (seg=0.0083, cls=0.4039) | Cls Acc: 0.9314 | Seg IoU: 0.9835 | Seg Dice: 0.9917 | 18.5s
2026-04-07 17:53:50 - Epoch [28/100] LR: 1.78e-05/1.78e-04 | Loss: 0.8276 (seg=0.0078, cls=0.4099) | Cls Acc: 0.9232 | Seg IoU: 0.9848 | Seg Dice: 0.9923 | 18.9s
2026-04-07 17:54:08 - Epoch [29/100] LR: 1.76e-05/1.76e-04 | Loss: 0.8174 (seg=0.0081, cls=0.4046) | Cls Acc: 0.9281 | Seg IoU: 0.9832 | Seg Dice: 0.9915 | 18.3s
2026-04-07 17:54:29 - Epoch [30/100] LR: 1.73e-05/1.73e-04 | Loss: 0.7997 (seg=0.0070, cls=0.3963) | Cls Acc: 0.9338 | Seg IoU: 0.9858 | Seg Dice: 0.9929 | 20.5s
2026-04-07 17:54:29 - --------------------------------------------------
2026-04-07 17:54:32 - [Test] Cls — Acc: 0.7247 | P(macro): 0.5914 | R(macro): 0.5618 | F1(macro): 0.5648
2026-04-07 17:54:32 - [Test] Seg — Lesion IoU: 0.9830 | Lesion Dice: 0.9914
2026-04-07 17:54:32 - [Test] Classification Report:
              precision    recall  f1-score   support

      benign     0.4026    0.2403    0.3010       129
    no_tumor     0.7803    0.8832    0.8286       394

    accuracy                         0.7247       523
   macro avg     0.5914    0.5618    0.5648       523
weighted avg     0.6871    0.7247    0.6984       523

2026-04-07 17:54:32 - --------------------------------------------------
2026-04-07 17:54:51 - Epoch [31/100] LR: 1.71e-05/1.71e-04 | Loss: 0.8259 (seg=0.0063, cls=0.4098) | Cls Acc: 0.9363 | Seg IoU: 0.9873 | Seg Dice: 0.9936 | 18.3s
2026-04-07 17:55:10 - Epoch [32/100] LR: 1.69e-05/1.69e-04 | Loss: 0.7796 (seg=0.0064, cls=0.3866) | Cls Acc: 0.9346 | Seg IoU: 0.9874 | Seg Dice: 0.9937 | 19.5s
2026-04-07 17:55:30 - Epoch [33/100] LR: 1.66e-05/1.66e-04 | Loss: 0.7662 (seg=0.0067, cls=0.3797) | Cls Acc: 0.9453 | Seg IoU: 0.9862 | Seg Dice: 0.9930 | 19.4s
2026-04-07 17:55:49 - Epoch [34/100] LR: 1.63e-05/1.63e-04 | Loss: 0.7596 (seg=0.0056, cls=0.3770) | Cls Acc: 0.9461 | Seg IoU: 0.9886 | Seg Dice: 0.9943 | 19.3s
2026-04-07 17:56:08 - Epoch [35/100] LR: 1.61e-05/1.61e-04 | Loss: 0.7404 (seg=0.0047, cls=0.3678) | Cls Acc: 0.9567 | Seg IoU: 0.9905 | Seg Dice: 0.9952 | 19.2s
2026-04-07 17:56:08 - --------------------------------------------------
2026-04-07 17:56:12 - [Test] Cls — Acc: 0.7113 | P(macro): 0.6049 | R(macro): 0.5998 | F1(macro): 0.6021
2026-04-07 17:56:12 - [Test] Seg — Lesion IoU: 0.9926 | Lesion Dice: 0.9963
2026-04-07 17:56:12 - [Test] Classification Report:
              precision    recall  f1-score   support

      benign     0.4083    0.3798    0.3936       129
    no_tumor     0.8015    0.8198    0.8105       394

    accuracy                         0.7113       523
   macro avg     0.6049    0.5998    0.6021       523
weighted avg     0.7045    0.7113    0.7077       523

2026-04-07 17:56:12 - --------------------------------------------------
2026-04-07 17:56:32 - Epoch [36/100] LR: 1.58e-05/1.58e-04 | Loss: 0.7603 (seg=0.0043, cls=0.3780) | Cls Acc: 0.9469 | Seg IoU: 0.9914 | Seg Dice: 0.9957 | 20.8s
2026-04-07 17:56:51 - Epoch [37/100] LR: 1.55e-05/1.55e-04 | Loss: 0.7332 (seg=0.0043, cls=0.3645) | Cls Acc: 0.9493 | Seg IoU: 0.9911 | Seg Dice: 0.9955 | 18.7s
2026-04-07 17:57:11 - Epoch [38/100] LR: 1.52e-05/1.52e-04 | Loss: 0.7554 (seg=0.0037, cls=0.3759) | Cls Acc: 0.9493 | Seg IoU: 0.9924 | Seg Dice: 0.9962 | 19.9s
2026-04-07 17:57:30 - Epoch [39/100] LR: 1.50e-05/1.50e-04 | Loss: 0.7271 (seg=0.0034, cls=0.3618) | Cls Acc: 0.9559 | Seg IoU: 0.9929 | Seg Dice: 0.9964 | 18.7s
2026-04-07 17:57:50 - Epoch [40/100] LR: 1.47e-05/1.47e-04 | Loss: 0.7294 (seg=0.0031, cls=0.3632) | Cls Acc: 0.9551 | Seg IoU: 0.9937 | Seg Dice: 0.9968 | 20.0s
2026-04-07 17:57:50 - --------------------------------------------------
2026-04-07 17:57:54 - [Test] Cls — Acc: 0.7533 | P(macro): 0.6395 | R(macro): 0.5626 | F1(macro): 0.5614
2026-04-07 17:57:54 - [Test] Seg — Lesion IoU: 0.9946 | Lesion Dice: 0.9973
2026-04-07 17:57:54 - [Test] Classification Report:
              precision    recall  f1-score   support

      benign     0.5000    0.1860    0.2712       129
    no_tumor     0.7789    0.9391    0.8516       394

    accuracy                         0.7533       523
   macro avg     0.6395    0.5626    0.5614       523
weighted avg     0.7101    0.7533    0.7084       523

2026-04-07 17:57:54 - --------------------------------------------------
2026-04-07 17:58:12 - Epoch [41/100] LR: 1.44e-05/1.44e-04 | Loss: 0.7365 (seg=0.0032, cls=0.3667) | Cls Acc: 0.9461 | Seg IoU: 0.9933 | Seg Dice: 0.9967 | 18.4s
2026-04-07 17:58:33 - Epoch [42/100] LR: 1.40e-05/1.40e-04 | Loss: 0.6757 (seg=0.0034, cls=0.3362) | Cls Acc: 0.9714 | Seg IoU: 0.9927 | Seg Dice: 0.9963 | 20.5s
2026-04-07 17:58:51 - Epoch [43/100] LR: 1.37e-05/1.37e-04 | Loss: 0.6781 (seg=0.0027, cls=0.3377) | Cls Acc: 0.9681 | Seg IoU: 0.9944 | Seg Dice: 0.9972 | 18.3s
2026-04-07 17:59:12 - Epoch [44/100] LR: 1.34e-05/1.34e-04 | Loss: 0.6759 (seg=0.0027, cls=0.3366) | Cls Acc: 0.9649 | Seg IoU: 0.9944 | Seg Dice: 0.9972 | 20.4s
2026-04-07 17:59:30 - Epoch [45/100] LR: 1.31e-05/1.31e-04 | Loss: 0.6574 (seg=0.0024, cls=0.3275) | Cls Acc: 0.9722 | Seg IoU: 0.9949 | Seg Dice: 0.9974 | 18.5s
2026-04-07 17:59:30 - --------------------------------------------------
2026-04-07 17:59:33 - [Test] Cls — Acc: 0.6960 | P(macro): 0.5815 | R(macro): 0.5766 | F1(macro): 0.5786
2026-04-07 17:59:33 - [Test] Seg — Lesion IoU: 0.9953 | Lesion Dice: 0.9977
2026-04-07 17:59:33 - [Test] Classification Report:
              precision    recall  f1-score   support

      benign     0.3729    0.3411    0.3563       129
    no_tumor     0.7901    0.8122    0.8010       394

    accuracy                         0.6960       523
   macro avg     0.5815    0.5766    0.5786       523
weighted avg     0.6872    0.6960    0.6913       523

2026-04-07 17:59:33 - --------------------------------------------------
2026-04-07 17:59:54 - Epoch [46/100] LR: 1.28e-05/1.28e-04 | Loss: 0.6879 (seg=0.0023, cls=0.3428) | Cls Acc: 0.9641 | Seg IoU: 0.9952 | Seg Dice: 0.9976 | 20.2s
2026-04-07 18:00:12 - Epoch [47/100] LR: 1.24e-05/1.24e-04 | Loss: 0.6673 (seg=0.0021, cls=0.3326) | Cls Acc: 0.9706 | Seg IoU: 0.9956 | Seg Dice: 0.9978 | 18.9s
2026-04-07 18:00:32 - Epoch [48/100] LR: 1.21e-05/1.21e-04 | Loss: 0.6679 (seg=0.0020, cls=0.3330) | Cls Acc: 0.9681 | Seg IoU: 0.9958 | Seg Dice: 0.9979 | 19.3s
2026-04-07 18:00:50 - Epoch [49/100] LR: 1.18e-05/1.18e-04 | Loss: 0.6501 (seg=0.0021, cls=0.3240) | Cls Acc: 0.9755 | Seg IoU: 0.9955 | Seg Dice: 0.9978 | 18.5s
2026-04-07 18:01:10 - Epoch [50/100] LR: 1.14e-05/1.14e-04 | Loss: 0.6492 (seg=0.0019, cls=0.3236) | Cls Acc: 0.9747 | Seg IoU: 0.9960 | Seg Dice: 0.9980 | 19.7s
2026-04-07 18:01:10 - --------------------------------------------------
2026-04-07 18:01:14 - [Test] Cls — Acc: 0.7055 | P(macro): 0.5960 | R(macro): 0.5908 | F1(macro): 0.5930
2026-04-07 18:01:14 - [Test] Seg — Lesion IoU: 0.9961 | Lesion Dice: 0.9980
2026-04-07 18:01:14 - [Test] Classification Report:
              precision    recall  f1-score   support

      benign     0.3950    0.3643    0.3790       129
    no_tumor     0.7970    0.8173    0.8070       394

    accuracy                         0.7055       523
   macro avg     0.5960    0.5908    0.5930       523
weighted avg     0.6979    0.7055    0.7015       523

2026-04-07 18:01:14 - --------------------------------------------------
2026-04-07 18:01:33 - Epoch [51/100] LR: 1.11e-05/1.11e-04 | Loss: 0.6422 (seg=0.0018, cls=0.3202) | Cls Acc: 0.9771 | Seg IoU: 0.9962 | Seg Dice: 0.9981 | 18.8s
2026-04-07 18:01:52 - Epoch [52/100] LR: 1.08e-05/1.08e-04 | Loss: 0.6346 (seg=0.0015, cls=0.3165) | Cls Acc: 0.9755 | Seg IoU: 0.9967 | Seg Dice: 0.9983 | 18.9s
2026-04-07 18:02:11 - Epoch [53/100] LR: 1.04e-05/1.04e-04 | Loss: 0.6499 (seg=0.0016, cls=0.3241) | Cls Acc: 0.9771 | Seg IoU: 0.9964 | Seg Dice: 0.9982 | 19.5s
2026-04-07 18:02:31 - Epoch [54/100] LR: 1.01e-05/1.01e-04 | Loss: 0.6562 (seg=0.0016, cls=0.3273) | Cls Acc: 0.9779 | Seg IoU: 0.9966 | Seg Dice: 0.9983 | 19.6s
2026-04-07 18:02:51 - Epoch [55/100] LR: 9.76e-06/9.76e-05 | Loss: 0.6473 (seg=0.0013, cls=0.3230) | Cls Acc: 0.9820 | Seg IoU: 0.9972 | Seg Dice: 0.9986 | 19.9s
2026-04-07 18:02:51 - --------------------------------------------------
2026-04-07 18:02:54 - [Test] Cls — Acc: 0.7094 | P(macro): 0.5882 | R(macro): 0.5751 | F1(macro): 0.5790
2026-04-07 18:02:54 - [Test] Seg — Lesion IoU: 0.9971 | Lesion Dice: 0.9985
2026-04-07 18:02:54 - [Test] Classification Report:
              precision    recall  f1-score   support

      benign     0.3883    0.3101    0.3448       129
    no_tumor     0.7881    0.8401    0.8133       394

    accuracy                         0.7094       523
   macro avg     0.5882    0.5751    0.5790       523
weighted avg     0.6895    0.7094    0.6977       523

2026-04-07 18:02:54 - --------------------------------------------------
2026-04-07 18:03:13 - Epoch [56/100] LR: 9.42e-06/9.42e-05 | Loss: 0.6425 (seg=0.0014, cls=0.3206) | Cls Acc: 0.9796 | Seg IoU: 0.9971 | Seg Dice: 0.9985 | 19.0s
2026-04-07 18:03:32 - Epoch [57/100] LR: 9.09e-06/9.09e-05 | Loss: 0.6524 (seg=0.0013, cls=0.3255) | Cls Acc: 0.9763 | Seg IoU: 0.9971 | Seg Dice: 0.9985 | 19.1s
2026-04-07 18:03:52 - Epoch [58/100] LR: 8.75e-06/8.75e-05 | Loss: 0.6282 (seg=0.0013, cls=0.3135) | Cls Acc: 0.9804 | Seg IoU: 0.9972 | Seg Dice: 0.9986 | 19.6s
2026-04-07 18:04:12 - Epoch [59/100] LR: 8.42e-06/8.42e-05 | Loss: 0.6256 (seg=0.0012, cls=0.3122) | Cls Acc: 0.9861 | Seg IoU: 0.9973 | Seg Dice: 0.9987 | 19.6s
2026-04-07 18:04:32 - Epoch [60/100] LR: 8.09e-06/8.09e-05 | Loss: 0.6273 (seg=0.0012, cls=0.3130) | Cls Acc: 0.9804 | Seg IoU: 0.9975 | Seg Dice: 0.9987 | 20.0s
2026-04-07 18:04:32 - --------------------------------------------------
2026-04-07 18:04:35 - [Test] Cls — Acc: 0.7151 | P(macro): 0.5997 | R(macro): 0.5867 | F1(macro): 0.5911
2026-04-07 18:04:35 - [Test] Seg — Lesion IoU: 0.9976 | Lesion Dice: 0.9988
2026-04-07 18:04:35 - [Test] Classification Report:
              precision    recall  f1-score   support

      benign     0.4057    0.3333    0.3660       129
    no_tumor     0.7938    0.8401    0.8163       394

    accuracy                         0.7151       523
   macro avg     0.5997    0.5867    0.5911       523
weighted avg     0.6980    0.7151    0.7052       523

2026-04-07 18:04:35 - --------------------------------------------------
2026-04-07 18:04:55 - Epoch [61/100] LR: 7.76e-06/7.76e-05 | Loss: 0.6114 (seg=0.0011, cls=0.3052) | Cls Acc: 0.9820 | Seg IoU: 0.9975 | Seg Dice: 0.9987 | 19.1s
2026-04-07 18:05:14 - Epoch [62/100] LR: 7.43e-06/7.43e-05 | Loss: 0.6168 (seg=0.0010, cls=0.3079) | Cls Acc: 0.9771 | Seg IoU: 0.9978 | Seg Dice: 0.9989 | 19.2s
2026-04-07 18:05:33 - Epoch [63/100] LR: 7.11e-06/7.11e-05 | Loss: 0.6189 (seg=0.0010, cls=0.3089) | Cls Acc: 0.9820 | Seg IoU: 0.9978 | Seg Dice: 0.9989 | 19.3s
2026-04-07 18:05:52 - Epoch [64/100] LR: 6.78e-06/6.78e-05 | Loss: 0.6474 (seg=0.0011, cls=0.3232) | Cls Acc: 0.9763 | Seg IoU: 0.9977 | Seg Dice: 0.9988 | 19.2s
2026-04-07 18:06:12 - Epoch [65/100] LR: 6.47e-06/6.47e-05 | Loss: 0.6171 (seg=0.0010, cls=0.3080) | Cls Acc: 0.9853 | Seg IoU: 0.9978 | Seg Dice: 0.9989 | 19.3s
2026-04-07 18:06:12 - --------------------------------------------------
2026-04-07 18:06:15 - [Test] Cls — Acc: 0.6864 | P(macro): 0.5781 | R(macro): 0.5781 | F1(macro): 0.5781
2026-04-07 18:06:15 - [Test] Seg — Lesion IoU: 0.9977 | Lesion Dice: 0.9989
2026-04-07 18:06:15 - [Test] Classification Report:
              precision    recall  f1-score   support

      benign     0.3643    0.3643    0.3643       129
    no_tumor     0.7919    0.7919    0.7919       394

    accuracy                         0.6864       523
   macro avg     0.5781    0.5781    0.5781       523
weighted avg     0.6864    0.6864    0.6864       523

2026-04-07 18:06:15 - --------------------------------------------------
2026-04-07 18:06:34 - Epoch [66/100] LR: 6.16e-06/6.16e-05 | Loss: 0.6328 (seg=0.0010, cls=0.3159) | Cls Acc: 0.9837 | Seg IoU: 0.9979 | Seg Dice: 0.9990 | 18.9s
2026-04-07 18:06:53 - Epoch [67/100] LR: 5.85e-06/5.85e-05 | Loss: 0.6477 (seg=0.0009, cls=0.3234) | Cls Acc: 0.9796 | Seg IoU: 0.9979 | Seg Dice: 0.9990 | 19.3s
2026-04-07 18:07:11 - Epoch [68/100] LR: 5.55e-06/5.55e-05 | Loss: 0.5963 (seg=0.0009, cls=0.2977) | Cls Acc: 0.9877 | Seg IoU: 0.9980 | Seg Dice: 0.9990 | 18.3s
2026-04-07 18:07:31 - Epoch [69/100] LR: 5.25e-06/5.25e-05 | Loss: 0.6079 (seg=0.0009, cls=0.3035) | Cls Acc: 0.9861 | Seg IoU: 0.9981 | Seg Dice: 0.9991 | 19.5s
2026-04-07 18:07:50 - Epoch [70/100] LR: 4.96e-06/4.96e-05 | Loss: 0.5962 (seg=0.0009, cls=0.2977) | Cls Acc: 0.9877 | Seg IoU: 0.9981 | Seg Dice: 0.9990 | 19.0s
2026-04-07 18:07:50 - --------------------------------------------------
2026-04-07 18:07:53 - [Test] Cls — Acc: 0.7304 | P(macro): 0.6113 | R(macro): 0.5838 | F1(macro): 0.5901
2026-04-07 18:07:53 - [Test] Seg — Lesion IoU: 0.9981 | Lesion Dice: 0.9990
2026-04-07 18:07:53 - [Test] Classification Report:
              precision    recall  f1-score   support

      benign     0.4318    0.2946    0.3502       129
    no_tumor     0.7908    0.8731    0.8299       394

    accuracy                         0.7304       523
   macro avg     0.6113    0.5838    0.5901       523
weighted avg     0.7023    0.7304    0.7116       523

2026-04-07 18:07:53 - --------------------------------------------------
2026-04-07 18:08:13 - Epoch [71/100] LR: 4.67e-06/4.67e-05 | Loss: 0.5951 (seg=0.0009, cls=0.2971) | Cls Acc: 0.9894 | Seg IoU: 0.9981 | Seg Dice: 0.9990 | 19.8s
2026-04-07 18:08:31 - Epoch [72/100] LR: 4.39e-06/4.39e-05 | Loss: 0.6007 (seg=0.0008, cls=0.2999) | Cls Acc: 0.9902 | Seg IoU: 0.9981 | Seg Dice: 0.9991 | 18.0s
2026-04-07 18:08:50 - Epoch [73/100] LR: 4.12e-06/4.12e-05 | Loss: 0.6256 (seg=0.0008, cls=0.3124) | Cls Acc: 0.9788 | Seg IoU: 0.9983 | Seg Dice: 0.9992 | 19.5s
2026-04-07 18:09:09 - Epoch [74/100] LR: 3.85e-06/3.85e-05 | Loss: 0.6035 (seg=0.0008, cls=0.3013) | Cls Acc: 0.9886 | Seg IoU: 0.9983 | Seg Dice: 0.9991 | 18.9s
2026-04-07 18:09:29 - Epoch [75/100] LR: 3.59e-06/3.59e-05 | Loss: 0.6109 (seg=0.0008, cls=0.3050) | Cls Acc: 0.9828 | Seg IoU: 0.9983 | Seg Dice: 0.9991 | 20.1s
2026-04-07 18:09:29 - --------------------------------------------------
2026-04-07 18:09:34 - [Test] Cls — Acc: 0.7055 | P(macro): 0.5927 | R(macro): 0.5856 | F1(macro): 0.5884
2026-04-07 18:09:34 - [Test] Seg — Lesion IoU: 0.9981 | Lesion Dice: 0.9990
2026-04-07 18:09:34 - [Test] Classification Report:
              precision    recall  f1-score   support

      benign     0.3913    0.3488    0.3689       129
    no_tumor     0.7941    0.8223    0.8080       394

    accuracy                         0.7055       523
   macro avg     0.5927    0.5856    0.5884       523
weighted avg     0.6948    0.7055    0.6997       523

2026-04-07 18:09:34 - --------------------------------------------------
2026-04-07 18:09:52 - Epoch [76/100] LR: 3.34e-06/3.34e-05 | Loss: 0.5978 (seg=0.0008, cls=0.2985) | Cls Acc: 0.9869 | Seg IoU: 0.9983 | Seg Dice: 0.9992 | 18.5s
2026-04-07 18:10:12 - Epoch [77/100] LR: 3.10e-06/3.10e-05 | Loss: 0.6011 (seg=0.0007, cls=0.3002) | Cls Acc: 0.9853 | Seg IoU: 0.9984 | Seg Dice: 0.9992 | 19.4s
2026-04-07 18:10:30 - Epoch [78/100] LR: 2.86e-06/2.86e-05 | Loss: 0.5862 (seg=0.0008, cls=0.2927) | Cls Acc: 0.9877 | Seg IoU: 0.9984 | Seg Dice: 0.9992 | 18.6s
2026-04-07 18:10:49 - Epoch [79/100] LR: 2.64e-06/2.64e-05 | Loss: 0.6119 (seg=0.0007, cls=0.3056) | Cls Acc: 0.9828 | Seg IoU: 0.9985 | Seg Dice: 0.9992 | 19.0s
2026-04-07 18:11:08 - Epoch [80/100] LR: 2.42e-06/2.42e-05 | Loss: 0.5955 (seg=0.0007, cls=0.2974) | Cls Acc: 0.9886 | Seg IoU: 0.9986 | Seg Dice: 0.9993 | 18.7s
2026-04-07 18:11:08 - --------------------------------------------------
2026-04-07 18:11:12 - [Test] Cls — Acc: 0.7170 | P(macro): 0.5971 | R(macro): 0.5802 | F1(macro): 0.5850
2026-04-07 18:11:12 - [Test] Seg — Lesion IoU: 0.9983 | Lesion Dice: 0.9992
2026-04-07 18:11:12 - [Test] Classification Report:
              precision    recall  f1-score   support

      benign     0.4040    0.3101    0.3509       129
    no_tumor     0.7901    0.8503    0.8191       394

    accuracy                         0.7170       523
   macro avg     0.5971    0.5802    0.5850       523
weighted avg     0.6949    0.7170    0.7036       523

2026-04-07 18:11:12 - --------------------------------------------------
2026-04-07 18:11:31 - Epoch [81/100] LR: 2.21e-06/2.21e-05 | Loss: 0.6186 (seg=0.0007, cls=0.3090) | Cls Acc: 0.9837 | Seg IoU: 0.9984 | Seg Dice: 0.9992 | 19.2s
2026-04-07 18:11:50 - Epoch [82/100] LR: 2.01e-06/2.01e-05 | Loss: 0.5938 (seg=0.0007, cls=0.2966) | Cls Acc: 0.9886 | Seg IoU: 0.9985 | Seg Dice: 0.9993 | 19.0s
2026-04-07 18:12:11 - Epoch [83/100] LR: 1.82e-06/1.82e-05 | Loss: 0.5982 (seg=0.0007, cls=0.2988) | Cls Acc: 0.9935 | Seg IoU: 0.9986 | Seg Dice: 0.9993 | 20.9s
2026-04-07 18:12:29 - Epoch [84/100] LR: 1.64e-06/1.64e-05 | Loss: 0.6046 (seg=0.0007, cls=0.3019) | Cls Acc: 0.9853 | Seg IoU: 0.9985 | Seg Dice: 0.9992 | 18.1s
2026-04-07 18:12:49 - Epoch [85/100] LR: 1.47e-06/1.47e-05 | Loss: 0.6044 (seg=0.0007, cls=0.3018) | Cls Acc: 0.9886 | Seg IoU: 0.9984 | Seg Dice: 0.9992 | 19.6s
2026-04-07 18:12:49 - --------------------------------------------------
2026-04-07 18:12:53 - [Test] Cls — Acc: 0.6960 | P(macro): 0.5797 | R(macro): 0.5740 | F1(macro): 0.5763
2026-04-07 18:12:53 - [Test] Seg — Lesion IoU: 0.9983 | Lesion Dice: 0.9991
2026-04-07 18:12:53 - [Test] Classification Report:
              precision    recall  f1-score   support

      benign     0.3707    0.3333    0.3510       129
    no_tumor     0.7887    0.8147    0.8015       394

    accuracy                         0.6960       523
   macro avg     0.5797    0.5740    0.5763       523
weighted avg     0.6856    0.6960    0.6904       523

2026-04-07 18:12:53 - --------------------------------------------------
2026-04-07 18:13:11 - Epoch [86/100] LR: 1.31e-06/1.31e-05 | Loss: 0.5919 (seg=0.0007, cls=0.2956) | Cls Acc: 0.9918 | Seg IoU: 0.9986 | Seg Dice: 0.9993 | 18.6s
2026-04-07 18:13:32 - Epoch [87/100] LR: 1.16e-06/1.16e-05 | Loss: 0.6135 (seg=0.0007, cls=0.3064) | Cls Acc: 0.9845 | Seg IoU: 0.9985 | Seg Dice: 0.9993 | 20.3s
2026-04-07 18:13:50 - Epoch [88/100] LR: 1.02e-06/1.02e-05 | Loss: 0.6020 (seg=0.0007, cls=0.3007) | Cls Acc: 0.9853 | Seg IoU: 0.9986 | Seg Dice: 0.9993 | 18.5s
2026-04-07 18:14:10 - Epoch [89/100] LR: 8.90e-07/8.90e-06 | Loss: 0.6034 (seg=0.0006, cls=0.3014) | Cls Acc: 0.9845 | Seg IoU: 0.9986 | Seg Dice: 0.9993 | 20.3s
2026-04-07 18:14:29 - Epoch [90/100] LR: 7.72e-07/7.72e-06 | Loss: 0.5944 (seg=0.0006, cls=0.2969) | Cls Acc: 0.9894 | Seg IoU: 0.9986 | Seg Dice: 0.9993 | 18.7s
2026-04-07 18:14:29 - --------------------------------------------------
2026-04-07 18:14:32 - [Test] Cls — Acc: 0.6998 | P(macro): 0.5780 | R(macro): 0.5687 | F1(macro): 0.5717
2026-04-07 18:14:32 - [Test] Seg — Lesion IoU: 0.9984 | Lesion Dice: 0.9992
2026-04-07 18:14:32 - [Test] Classification Report:
              precision    recall  f1-score   support

      benign     0.3704    0.3101    0.3376       129
    no_tumor     0.7855    0.8274    0.8059       394

    accuracy                         0.6998       523
   macro avg     0.5780    0.5687    0.5717       523
weighted avg     0.6831    0.6998    0.6904       523

2026-04-07 18:14:32 - --------------------------------------------------
2026-04-07 18:14:53 - Epoch [91/100] LR: 6.64e-07/6.64e-06 | Loss: 0.6092 (seg=0.0006, cls=0.3043) | Cls Acc: 0.9861 | Seg IoU: 0.9987 | Seg Dice: 0.9993 | 20.4s
2026-04-07 18:15:11 - Epoch [92/100] LR: 5.67e-07/5.67e-06 | Loss: 0.6102 (seg=0.0006, cls=0.3048) | Cls Acc: 0.9894 | Seg IoU: 0.9986 | Seg Dice: 0.9993 | 18.1s
2026-04-07 18:15:30 - Epoch [93/100] LR: 4.81e-07/4.81e-06 | Loss: 0.5976 (seg=0.0007, cls=0.2985) | Cls Acc: 0.9902 | Seg IoU: 0.9985 | Seg Dice: 0.9993 | 19.6s
2026-04-07 18:15:49 - Epoch [94/100] LR: 4.07e-07/4.07e-06 | Loss: 0.5804 (seg=0.0006, cls=0.2899) | Cls Acc: 0.9910 | Seg IoU: 0.9987 | Seg Dice: 0.9993 | 18.5s
2026-04-07 18:16:09 - Epoch [95/100] LR: 3.44e-07/3.44e-06 | Loss: 0.5869 (seg=0.0006, cls=0.2932) | Cls Acc: 0.9902 | Seg IoU: 0.9986 | Seg Dice: 0.9993 | 19.9s
2026-04-07 18:16:09 - --------------------------------------------------
2026-04-07 18:16:12 - [Test] Cls — Acc: 0.7075 | P(macro): 0.5913 | R(macro): 0.5816 | F1(macro): 0.5851
2026-04-07 18:16:12 - [Test] Seg — Lesion IoU: 0.9984 | Lesion Dice: 0.9992
2026-04-07 18:16:12 - [Test] Classification Report:
              precision    recall  f1-score   support

      benign     0.3909    0.3333    0.3598       129
    no_tumor     0.7918    0.8299    0.8104       394

    accuracy                         0.7075       523
   macro avg     0.5913    0.5816    0.5851       523
weighted avg     0.6929    0.7075    0.6993       523

2026-04-07 18:16:12 - --------------------------------------------------
2026-04-07 18:16:30 - Epoch [96/100] LR: 2.92e-07/2.92e-06 | Loss: 0.6033 (seg=0.0006, cls=0.3013) | Cls Acc: 0.9894 | Seg IoU: 0.9986 | Seg Dice: 0.9993 | 18.1s
2026-04-07 18:16:51 - Epoch [97/100] LR: 2.52e-07/2.52e-06 | Loss: 0.5977 (seg=0.0006, cls=0.2985) | Cls Acc: 0.9869 | Seg IoU: 0.9986 | Seg Dice: 0.9993 | 20.8s
2026-04-07 18:17:09 - Epoch [98/100] LR: 2.23e-07/2.23e-06 | Loss: 0.5746 (seg=0.0006, cls=0.2870) | Cls Acc: 0.9959 | Seg IoU: 0.9987 | Seg Dice: 0.9993 | 18.3s
2026-04-07 18:17:28 - Epoch [99/100] LR: 2.06e-07/2.06e-06 | Loss: 0.5813 (seg=0.0006, cls=0.2903) | Cls Acc: 0.9918 | Seg IoU: 0.9986 | Seg Dice: 0.9993 | 18.9s
2026-04-07 18:17:46 - Epoch [100/100] LR: 2.00e-07/2.00e-06 | Loss: 0.5837 (seg=0.0006, cls=0.2915) | Cls Acc: 0.9926 | Seg IoU: 0.9987 | Seg Dice: 0.9993 | 18.4s
2026-04-07 18:17:46 - --------------------------------------------------
2026-04-07 18:17:50 - [Test] Cls — Acc: 0.7075 | P(macro): 0.5896 | R(macro): 0.5790 | F1(macro): 0.5827
2026-04-07 18:17:50 - [Test] Seg — Lesion IoU: 0.9985 | Lesion Dice: 0.9992
2026-04-07 18:17:50 - [Test] Classification Report:
              precision    recall  f1-score   support

      benign     0.3889    0.3256    0.3544       129
    no_tumor     0.7904    0.8325    0.8109       394

    accuracy                         0.7075       523
   macro avg     0.5896    0.5790    0.5827       523
weighted avg     0.6913    0.7075    0.6983       523

2026-04-07 18:17:50 - --------------------------------------------------
2026-04-07 18:17:50 - 
======================================================================
2026-04-07 18:17:50 - 训练完成! 最优模型: Epoch 10, F1: 0.6219
2026-04-07 18:17:50 - ======================================================================
2026-04-07 18:17:50 - 
加载最优权重进行最终测试...
2026-04-07 18:17:50 - ======================================================================
2026-04-07 18:17:50 - 最终测试结果 (最优权重, threshold=0.5)
2026-04-07 18:17:50 - ======================================================================
2026-04-07 18:17:53 - [Final Test] Cls — Acc: 0.7132 | P(macro): 0.6197 | R(macro): 0.6246 | F1(macro): 0.6219
2026-04-07 18:17:53 - [Final Test] Seg — Lesion IoU: 0.9635 | Lesion Dice: 0.9814
2026-04-07 18:17:53 - [Final Test] Classification Report:
              precision    recall  f1-score   support

      benign     0.4234    0.4496    0.4361       129
    no_tumor     0.8161    0.7995    0.8077       394

    accuracy                         0.7132       523
   macro avg     0.6197    0.6246    0.6219       523
weighted avg     0.7192    0.7132    0.7160       523

2026-04-07 18:17:53 - 
======================================================================
2026-04-07 18:17:53 - 阈值优化搜索
2026-04-07 18:17:53 - ======================================================================
2026-04-07 18:17:57 - 最优阈值: 0.600 (F1: 0.6433 vs 默认0.5 F1: 0.6219)
2026-04-07 18:18:01 - [Final Test (最优阈值)] Threshold: 0.600 | Acc: 0.7686 | P(macro): 0.6793 | R(macro): 0.6301 | F1(macro): 0.6433
2026-04-07 18:18:01 - [Final Test (最优阈值)] Classification Report:
              precision    recall  f1-score   support

      benign     0.5476    0.3566    0.4319       129
    no_tumor     0.8109    0.9036    0.8547       394

    accuracy                         0.7686       523
   macro avg     0.6793    0.6301    0.6433       523
weighted avg     0.7460    0.7686    0.7505       523

2026-04-07 18:18:01 - 训练脚本已复制到: /data1/ouyangxinglong/GBP-Cascade/0408/logs/20260408_task2_SwinV2Tiny_segcls_16/20260408_task2_SwinV2Tiny_segcls_16.py
