2026-04-07 17:44:03 - ======================================================================
2026-04-07 17:44:03 - 实验名称: 20260408_task2_SwinV2Tiny_segcls_18
2026-04-07 17:44:03 - 模型: SwinV2-Tiny@256 + 4ch + BERT CrossAttn + BERT[CLS] + 10D ExtMeta + Gated Trimodal Fusion
2026-04-07 17:44:03 - 修改: 全模态融合: img(CrossAttn+SegAttn→256D) + text(BERT[CLS]→128D) + clinical(10D→96D) → GatedTrimodalFusion → 256D → MLP → 2类 + warmup=10ep
2026-04-07 17:44:03 - 输入通道: 4
2026-04-07 17:44:03 - 图像尺寸: 256
2026-04-07 17:44:03 - 分割类别: 2
2026-04-07 17:44:03 - 分类类别: ['benign', 'no_tumor']
2026-04-07 17:44:03 - Batch Size: 8
2026-04-07 17:44:03 - Backbone LR: 2e-05
2026-04-07 17:44:03 - Head LR: 0.0002
2026-04-07 17:44:03 - Weight Decay: 0.05
2026-04-07 17:44:03 - Warmup Epochs: 10
2026-04-07 17:44:03 - Lambda Cls: 2.0
2026-04-07 17:44:03 - Label Smoothing: 0.1
2026-04-07 17:44:03 - Seed: 42
2026-04-07 17:44:03 - Epochs: 100
2026-04-07 17:44:03 - Grad Clip: 1.0
2026-04-07 17:44:03 - Meta Dim: 10
2026-04-07 17:44:03 - 设备: cuda
2026-04-07 17:44:03 - ======================================================================
2026-04-07 17:44:06 - 训练集: 1229 张 (benign=309, no_tumor=920)
2026-04-07 17:44:06 - 测试集: 523 张 (benign=129, no_tumor=394)
2026-04-07 17:44:28 - 模型参数量: 137,439,313 (含BERT)
2026-04-07 17:44:28 - 可训练参数量: 35,171,665 (BERT冻结)
2026-04-07 17:44:28 - 分类类别权重: benign=1.9887, no_tumor=0.6679
2026-04-07 17:44:28 - 分割类别权重: bg=1.0, lesion=5.0
2026-04-07 17:44:28 - 
======================================================================
2026-04-07 17:44:28 - 开始训练
2026-04-07 17:44:28 - ======================================================================
2026-04-07 17:44:51 - Epoch [1/100] LR: 2.00e-06/2.00e-05 | Loss: 2.1712 (seg=0.7263, cls=0.7225) | Cls Acc: 0.5335 | Seg IoU: 0.6134 | Seg Dice: 0.6957 | 22.6s
2026-04-07 17:45:12 - Epoch [2/100] LR: 4.00e-06/4.00e-05 | Loss: 1.7055 (seg=0.3051, cls=0.7002) | Cls Acc: 0.5882 | Seg IoU: 0.8817 | Seg Dice: 0.9369 | 20.8s
2026-04-07 17:45:31 - Epoch [3/100] LR: 6.00e-06/6.00e-05 | Loss: 1.5370 (seg=0.2163, cls=0.6603) | Cls Acc: 0.6479 | Seg IoU: 0.9179 | Seg Dice: 0.9571 | 19.3s
2026-04-07 17:45:51 - Epoch [4/100] LR: 8.00e-06/8.00e-05 | Loss: 1.4688 (seg=0.1586, cls=0.6551) | Cls Acc: 0.6855 | Seg IoU: 0.9378 | Seg Dice: 0.9678 | 20.2s
2026-04-07 17:46:10 - Epoch [5/100] LR: 1.00e-05/1.00e-04 | Loss: 1.3993 (seg=0.1100, cls=0.6446) | Cls Acc: 0.6936 | Seg IoU: 0.9493 | Seg Dice: 0.9739 | 19.3s
2026-04-07 17:46:10 - --------------------------------------------------
2026-04-07 17:46:14 - [Test] Cls — Acc: 0.7419 | P(macro): 0.6542 | R(macro): 0.6566 | F1(macro): 0.6554
2026-04-07 17:46:14 - [Test] Seg — Lesion IoU: 0.9502 | Lesion Dice: 0.9744
2026-04-07 17:46:14 - [Test] Classification Report:
              precision    recall  f1-score   support

      benign     0.4773    0.4884    0.4828       129
    no_tumor     0.8312    0.8249    0.8280       394

    accuracy                         0.7419       523
   macro avg     0.6542    0.6566    0.6554       523
weighted avg     0.7439    0.7419    0.7429       523

2026-04-07 17:46:15 - *** 保存最优模型 (F1: 0.6554, Epoch: 5) ***
2026-04-07 17:46:15 - --------------------------------------------------
2026-04-07 17:46:36 - Epoch [6/100] LR: 1.20e-05/1.20e-04 | Loss: 1.3388 (seg=0.0729, cls=0.6329) | Cls Acc: 0.7353 | Seg IoU: 0.9625 | Seg Dice: 0.9809 | 20.8s
2026-04-07 17:46:56 - Epoch [7/100] LR: 1.40e-05/1.40e-04 | Loss: 1.2912 (seg=0.0514, cls=0.6199) | Cls Acc: 0.7475 | Seg IoU: 0.9663 | Seg Dice: 0.9829 | 20.2s
2026-04-07 17:47:17 - Epoch [8/100] LR: 1.60e-05/1.60e-04 | Loss: 1.2672 (seg=0.0384, cls=0.6144) | Cls Acc: 0.7549 | Seg IoU: 0.9692 | Seg Dice: 0.9843 | 20.9s
2026-04-07 17:47:36 - Epoch [9/100] LR: 1.80e-05/1.80e-04 | Loss: 1.2345 (seg=0.0302, cls=0.6022) | Cls Acc: 0.7672 | Seg IoU: 0.9723 | Seg Dice: 0.9859 | 19.1s
2026-04-07 17:47:57 - Epoch [10/100] LR: 2.00e-05/2.00e-04 | Loss: 1.1929 (seg=0.0258, cls=0.5836) | Cls Acc: 0.7753 | Seg IoU: 0.9716 | Seg Dice: 0.9856 | 21.5s
2026-04-07 17:47:57 - --------------------------------------------------
2026-04-07 17:48:01 - [Test] Cls — Acc: 0.7208 | P(macro): 0.6322 | R(macro): 0.6401 | F1(macro): 0.6356
2026-04-07 17:48:01 - [Test] Seg — Lesion IoU: 0.9711 | Lesion Dice: 0.9853
2026-04-07 17:48:01 - [Test] Classification Report:
              precision    recall  f1-score   support

      benign     0.4397    0.4806    0.4593       129
    no_tumor     0.8246    0.7995    0.8119       394

    accuracy                         0.7208       523
   macro avg     0.6322    0.6401    0.6356       523
weighted avg     0.7297    0.7208    0.7249       523

2026-04-07 17:48:01 - --------------------------------------------------
2026-04-07 17:48:21 - Epoch [11/100] LR: 2.00e-05/2.00e-04 | Loss: 1.1985 (seg=0.0216, cls=0.5885) | Cls Acc: 0.7868 | Seg IoU: 0.9746 | Seg Dice: 0.9871 | 20.2s
2026-04-07 17:48:42 - Epoch [12/100] LR: 2.00e-05/2.00e-04 | Loss: 1.1436 (seg=0.0181, cls=0.5628) | Cls Acc: 0.7998 | Seg IoU: 0.9778 | Seg Dice: 0.9888 | 20.9s
2026-04-07 17:49:02 - Epoch [13/100] LR: 1.99e-05/1.99e-04 | Loss: 1.1626 (seg=0.0177, cls=0.5724) | Cls Acc: 0.8219 | Seg IoU: 0.9741 | Seg Dice: 0.9869 | 19.8s
2026-04-07 17:49:22 - Epoch [14/100] LR: 1.99e-05/1.99e-04 | Loss: 1.1200 (seg=0.0153, cls=0.5524) | Cls Acc: 0.8309 | Seg IoU: 0.9765 | Seg Dice: 0.9881 | 20.3s
2026-04-07 17:49:42 - Epoch [15/100] LR: 1.98e-05/1.98e-04 | Loss: 1.0988 (seg=0.0130, cls=0.5429) | Cls Acc: 0.8374 | Seg IoU: 0.9806 | Seg Dice: 0.9902 | 19.5s
2026-04-07 17:49:42 - --------------------------------------------------
2026-04-07 17:49:45 - [Test] Cls — Acc: 0.7725 | P(macro): 0.6881 | R(macro): 0.6613 | F1(macro): 0.6714
2026-04-07 17:49:45 - [Test] Seg — Lesion IoU: 0.9813 | Lesion Dice: 0.9906
2026-04-07 17:49:45 - [Test] Classification Report:
              precision    recall  f1-score   support

      benign     0.5481    0.4419    0.4893       129
    no_tumor     0.8282    0.8807    0.8536       394

    accuracy                         0.7725       523
   macro avg     0.6881    0.6613    0.6714       523
weighted avg     0.7591    0.7725    0.7638       523

2026-04-07 17:49:48 - *** 保存最优模型 (F1: 0.6714, Epoch: 15) ***
2026-04-07 17:49:48 - --------------------------------------------------
2026-04-07 17:50:08 - Epoch [16/100] LR: 1.98e-05/1.98e-04 | Loss: 1.0121 (seg=0.0139, cls=0.4991) | Cls Acc: 0.8636 | Seg IoU: 0.9762 | Seg Dice: 0.9879 | 19.7s
2026-04-07 17:50:28 - Epoch [17/100] LR: 1.97e-05/1.97e-04 | Loss: 1.0193 (seg=0.0118, cls=0.5037) | Cls Acc: 0.8709 | Seg IoU: 0.9804 | Seg Dice: 0.9901 | 20.3s
2026-04-07 17:50:47 - Epoch [18/100] LR: 1.96e-05/1.96e-04 | Loss: 1.0610 (seg=0.0108, cls=0.5251) | Cls Acc: 0.8595 | Seg IoU: 0.9810 | Seg Dice: 0.9904 | 19.2s
2026-04-07 17:51:08 - Epoch [19/100] LR: 1.95e-05/1.95e-04 | Loss: 1.0294 (seg=0.0113, cls=0.5091) | Cls Acc: 0.8693 | Seg IoU: 0.9796 | Seg Dice: 0.9897 | 20.1s
2026-04-07 17:51:27 - Epoch [20/100] LR: 1.94e-05/1.94e-04 | Loss: 1.0069 (seg=0.0093, cls=0.4988) | Cls Acc: 0.8693 | Seg IoU: 0.9824 | Seg Dice: 0.9911 | 19.6s
2026-04-07 17:51:27 - --------------------------------------------------
2026-04-07 17:51:31 - [Test] Cls — Acc: 0.6902 | P(macro): 0.6195 | R(macro): 0.6432 | F1(macro): 0.6244
2026-04-07 17:51:31 - [Test] Seg — Lesion IoU: 0.9820 | Lesion Dice: 0.9909
2026-04-07 17:51:31 - [Test] Classification Report:
              precision    recall  f1-score   support

      benign     0.4057    0.5504    0.4671       129
    no_tumor     0.8333    0.7360    0.7817       394

    accuracy                         0.6902       523
   macro avg     0.6195    0.6432    0.6244       523
weighted avg     0.7279    0.6902    0.7041       523

2026-04-07 17:51:31 - --------------------------------------------------
2026-04-07 17:51:52 - Epoch [21/100] LR: 1.93e-05/1.93e-04 | Loss: 0.9692 (seg=0.0104, cls=0.4794) | Cls Acc: 0.8864 | Seg IoU: 0.9794 | Seg Dice: 0.9895 | 21.7s
2026-04-07 17:52:12 - Epoch [22/100] LR: 1.91e-05/1.91e-04 | Loss: 0.9187 (seg=0.0083, cls=0.4552) | Cls Acc: 0.8938 | Seg IoU: 0.9848 | Seg Dice: 0.9923 | 19.7s
2026-04-07 17:52:32 - Epoch [23/100] LR: 1.90e-05/1.90e-04 | Loss: 0.9059 (seg=0.0077, cls=0.4491) | Cls Acc: 0.9118 | Seg IoU: 0.9854 | Seg Dice: 0.9927 | 20.4s
2026-04-07 17:52:53 - Epoch [24/100] LR: 1.88e-05/1.88e-04 | Loss: 0.8843 (seg=0.0067, cls=0.4388) | Cls Acc: 0.9126 | Seg IoU: 0.9869 | Seg Dice: 0.9934 | 20.2s
2026-04-07 17:53:14 - Epoch [25/100] LR: 1.87e-05/1.87e-04 | Loss: 0.9091 (seg=0.0055, cls=0.4518) | Cls Acc: 0.9109 | Seg IoU: 0.9894 | Seg Dice: 0.9947 | 21.1s
2026-04-07 17:53:14 - --------------------------------------------------
2026-04-07 17:53:17 - [Test] Cls — Acc: 0.7533 | P(macro): 0.6604 | R(macro): 0.6434 | F1(macro): 0.6502
2026-04-07 17:53:17 - [Test] Seg — Lesion IoU: 0.9900 | Lesion Dice: 0.9950
2026-04-07 17:53:17 - [Test] Classification Report:
              precision    recall  f1-score   support

      benign     0.5000    0.4264    0.4603       129
    no_tumor     0.8208    0.8604    0.8401       394

    accuracy                         0.7533       523
   macro avg     0.6604    0.6434    0.6502       523
weighted avg     0.7417    0.7533    0.7464       523

2026-04-07 17:53:17 - --------------------------------------------------
2026-04-07 17:53:37 - Epoch [26/100] LR: 1.85e-05/1.85e-04 | Loss: 0.8790 (seg=0.0059, cls=0.4366) | Cls Acc: 0.9183 | Seg IoU: 0.9877 | Seg Dice: 0.9938 | 20.1s
2026-04-07 17:53:57 - Epoch [27/100] LR: 1.83e-05/1.83e-04 | Loss: 0.8753 (seg=0.0049, cls=0.4352) | Cls Acc: 0.9208 | Seg IoU: 0.9903 | Seg Dice: 0.9951 | 20.4s
2026-04-07 17:54:18 - Epoch [28/100] LR: 1.81e-05/1.81e-04 | Loss: 0.8516 (seg=0.0043, cls=0.4237) | Cls Acc: 0.9183 | Seg IoU: 0.9915 | Seg Dice: 0.9957 | 20.0s
2026-04-07 17:54:38 - Epoch [29/100] LR: 1.79e-05/1.79e-04 | Loss: 0.8313 (seg=0.0046, cls=0.4133) | Cls Acc: 0.9224 | Seg IoU: 0.9906 | Seg Dice: 0.9953 | 20.7s
2026-04-07 17:54:59 - Epoch [30/100] LR: 1.77e-05/1.77e-04 | Loss: 0.8032 (seg=0.0034, cls=0.3999) | Cls Acc: 0.9428 | Seg IoU: 0.9932 | Seg Dice: 0.9966 | 20.6s
2026-04-07 17:54:59 - --------------------------------------------------
2026-04-07 17:55:03 - [Test] Cls — Acc: 0.6750 | P(macro): 0.6055 | R(macro): 0.6278 | F1(macro): 0.6088
2026-04-07 17:55:03 - [Test] Seg — Lesion IoU: 0.9927 | Lesion Dice: 0.9964
2026-04-07 17:55:03 - [Test] Classification Report:
              precision    recall  f1-score   support

      benign     0.3855    0.5349    0.4481       129
    no_tumor     0.8256    0.7208    0.7696       394

    accuracy                         0.6750       523
   macro avg     0.6055    0.6278    0.6088       523
weighted avg     0.7170    0.6750    0.6903       523

2026-04-07 17:55:03 - --------------------------------------------------
2026-04-07 17:55:24 - Epoch [31/100] LR: 1.75e-05/1.75e-04 | Loss: 0.7870 (seg=0.0032, cls=0.3919) | Cls Acc: 0.9363 | Seg IoU: 0.9934 | Seg Dice: 0.9967 | 21.2s
2026-04-07 17:55:45 - Epoch [32/100] LR: 1.72e-05/1.72e-04 | Loss: 0.8238 (seg=0.0034, cls=0.4102) | Cls Acc: 0.9395 | Seg IoU: 0.9930 | Seg Dice: 0.9965 | 20.9s
2026-04-07 17:56:05 - Epoch [33/100] LR: 1.70e-05/1.70e-04 | Loss: 0.8241 (seg=0.0026, cls=0.4108) | Cls Acc: 0.9330 | Seg IoU: 0.9947 | Seg Dice: 0.9973 | 20.5s
2026-04-07 17:56:26 - Epoch [34/100] LR: 1.67e-05/1.67e-04 | Loss: 0.7484 (seg=0.0024, cls=0.3730) | Cls Acc: 0.9518 | Seg IoU: 0.9950 | Seg Dice: 0.9975 | 20.7s
2026-04-07 17:56:46 - Epoch [35/100] LR: 1.65e-05/1.65e-04 | Loss: 0.8207 (seg=0.0024, cls=0.4091) | Cls Acc: 0.9379 | Seg IoU: 0.9948 | Seg Dice: 0.9974 | 20.3s
2026-04-07 17:56:46 - --------------------------------------------------
2026-04-07 17:56:50 - [Test] Cls — Acc: 0.7476 | P(macro): 0.6478 | R(macro): 0.6239 | F1(macro): 0.6322
2026-04-07 17:56:50 - [Test] Seg — Lesion IoU: 0.9959 | Lesion Dice: 0.9979
2026-04-07 17:56:50 - [Test] Classification Report:
              precision    recall  f1-score   support

      benign     0.4851    0.3798    0.4261       129
    no_tumor     0.8104    0.8680    0.8382       394

    accuracy                         0.7476       523
   macro avg     0.6478    0.6239    0.6322       523
weighted avg     0.7302    0.7476    0.7366       523

2026-04-07 17:56:50 - --------------------------------------------------
2026-04-07 17:57:11 - Epoch [36/100] LR: 1.62e-05/1.62e-04 | Loss: 0.7562 (seg=0.0020, cls=0.3771) | Cls Acc: 0.9493 | Seg IoU: 0.9959 | Seg Dice: 0.9979 | 20.5s
2026-04-07 17:57:31 - Epoch [37/100] LR: 1.59e-05/1.59e-04 | Loss: 0.7160 (seg=0.0018, cls=0.3571) | Cls Acc: 0.9641 | Seg IoU: 0.9963 | Seg Dice: 0.9982 | 20.0s
2026-04-07 17:57:51 - Epoch [38/100] LR: 1.56e-05/1.56e-04 | Loss: 0.7463 (seg=0.0018, cls=0.3723) | Cls Acc: 0.9551 | Seg IoU: 0.9964 | Seg Dice: 0.9982 | 20.2s
2026-04-07 17:58:11 - Epoch [39/100] LR: 1.53e-05/1.53e-04 | Loss: 0.7487 (seg=0.0017, cls=0.3735) | Cls Acc: 0.9559 | Seg IoU: 0.9966 | Seg Dice: 0.9983 | 19.7s
2026-04-07 17:58:31 - Epoch [40/100] LR: 1.50e-05/1.50e-04 | Loss: 0.7417 (seg=0.0015, cls=0.3701) | Cls Acc: 0.9583 | Seg IoU: 0.9969 | Seg Dice: 0.9985 | 20.4s
2026-04-07 17:58:31 - --------------------------------------------------
2026-04-07 17:58:34 - [Test] Cls — Acc: 0.7610 | P(macro): 0.6660 | R(macro): 0.6250 | F1(macro): 0.6366
2026-04-07 17:58:34 - [Test] Seg — Lesion IoU: 0.9964 | Lesion Dice: 0.9982
2026-04-07 17:58:34 - [Test] Classification Report:
              precision    recall  f1-score   support

      benign     0.5227    0.3566    0.4240       129
    no_tumor     0.8092    0.8934    0.8492       394

    accuracy                         0.7610       523
   macro avg     0.6660    0.6250    0.6366       523
weighted avg     0.7385    0.7610    0.7443       523

2026-04-07 17:58:34 - --------------------------------------------------
2026-04-07 17:58:55 - Epoch [41/100] LR: 1.47e-05/1.47e-04 | Loss: 0.7479 (seg=0.0014, cls=0.3732) | Cls Acc: 0.9510 | Seg IoU: 0.9970 | Seg Dice: 0.9985 | 20.4s
2026-04-07 17:59:15 - Epoch [42/100] LR: 1.44e-05/1.44e-04 | Loss: 0.7220 (seg=0.0014, cls=0.3603) | Cls Acc: 0.9632 | Seg IoU: 0.9969 | Seg Dice: 0.9985 | 20.7s
2026-04-07 17:59:35 - Epoch [43/100] LR: 1.41e-05/1.41e-04 | Loss: 0.6900 (seg=0.0012, cls=0.3444) | Cls Acc: 0.9657 | Seg IoU: 0.9975 | Seg Dice: 0.9988 | 19.6s
2026-04-07 17:59:56 - Epoch [44/100] LR: 1.38e-05/1.38e-04 | Loss: 0.6987 (seg=0.0013, cls=0.3487) | Cls Acc: 0.9681 | Seg IoU: 0.9973 | Seg Dice: 0.9986 | 20.8s
2026-04-07 18:00:16 - Epoch [45/100] LR: 1.35e-05/1.35e-04 | Loss: 0.6636 (seg=0.0011, cls=0.3313) | Cls Acc: 0.9739 | Seg IoU: 0.9978 | Seg Dice: 0.9989 | 20.4s
2026-04-07 18:00:16 - --------------------------------------------------
2026-04-07 18:00:20 - [Test] Cls — Acc: 0.7514 | P(macro): 0.6477 | R(macro): 0.6082 | F1(macro): 0.6181
2026-04-07 18:00:20 - [Test] Seg — Lesion IoU: 0.9976 | Lesion Dice: 0.9988
2026-04-07 18:00:20 - [Test] Classification Report:
              precision    recall  f1-score   support

      benign     0.4941    0.3256    0.3925       129
    no_tumor     0.8014    0.8909    0.8438       394

    accuracy                         0.7514       523
   macro avg     0.6477    0.6082    0.6181       523
weighted avg     0.7256    0.7514    0.7325       523

2026-04-07 18:00:20 - --------------------------------------------------
2026-04-07 18:00:40 - Epoch [46/100] LR: 1.32e-05/1.32e-04 | Loss: 0.7079 (seg=0.0010, cls=0.3534) | Cls Acc: 0.9673 | Seg IoU: 0.9978 | Seg Dice: 0.9989 | 20.6s
2026-04-07 18:01:01 - Epoch [47/100] LR: 1.28e-05/1.28e-04 | Loss: 0.6628 (seg=0.0010, cls=0.3309) | Cls Acc: 0.9755 | Seg IoU: 0.9978 | Seg Dice: 0.9989 | 20.8s
2026-04-07 18:01:21 - Epoch [48/100] LR: 1.25e-05/1.25e-04 | Loss: 0.6721 (seg=0.0009, cls=0.3356) | Cls Acc: 0.9747 | Seg IoU: 0.9980 | Seg Dice: 0.9990 | 20.3s
2026-04-07 18:01:42 - Epoch [49/100] LR: 1.22e-05/1.22e-04 | Loss: 0.6882 (seg=0.0009, cls=0.3436) | Cls Acc: 0.9714 | Seg IoU: 0.9979 | Seg Dice: 0.9990 | 21.0s
2026-04-07 18:02:02 - Epoch [50/100] LR: 1.18e-05/1.18e-04 | Loss: 0.6661 (seg=0.0008, cls=0.3326) | Cls Acc: 0.9722 | Seg IoU: 0.9982 | Seg Dice: 0.9991 | 19.5s
2026-04-07 18:02:02 - --------------------------------------------------
2026-04-07 18:02:05 - [Test] Cls — Acc: 0.7380 | P(macro): 0.6250 | R(macro): 0.5941 | F1(macro): 0.6017
2026-04-07 18:02:05 - [Test] Seg — Lesion IoU: 0.9980 | Lesion Dice: 0.9990
2026-04-07 18:02:05 - [Test] Classification Report:
              precision    recall  f1-score   support

      benign     0.4545    0.3101    0.3687       129
    no_tumor     0.7954    0.8782    0.8347       394

    accuracy                         0.7380       523
   macro avg     0.6250    0.5941    0.6017       523
weighted avg     0.7113    0.7380    0.7198       523

2026-04-07 18:02:05 - --------------------------------------------------
2026-04-07 18:02:26 - Epoch [51/100] LR: 1.15e-05/1.15e-04 | Loss: 0.6543 (seg=0.0008, cls=0.3267) | Cls Acc: 0.9747 | Seg IoU: 0.9983 | Seg Dice: 0.9991 | 20.5s
2026-04-07 18:02:46 - Epoch [52/100] LR: 1.11e-05/1.11e-04 | Loss: 0.6853 (seg=0.0009, cls=0.3422) | Cls Acc: 0.9665 | Seg IoU: 0.9982 | Seg Dice: 0.9991 | 19.7s
2026-04-07 18:03:07 - Epoch [53/100] LR: 1.08e-05/1.08e-04 | Loss: 0.6234 (seg=0.0007, cls=0.3114) | Cls Acc: 0.9845 | Seg IoU: 0.9984 | Seg Dice: 0.9992 | 21.6s
2026-04-07 18:03:28 - Epoch [54/100] LR: 1.04e-05/1.04e-04 | Loss: 0.6387 (seg=0.0007, cls=0.3190) | Cls Acc: 0.9828 | Seg IoU: 0.9985 | Seg Dice: 0.9992 | 20.7s
2026-04-07 18:03:49 - Epoch [55/100] LR: 1.01e-05/1.01e-04 | Loss: 0.6643 (seg=0.0007, cls=0.3318) | Cls Acc: 0.9763 | Seg IoU: 0.9985 | Seg Dice: 0.9992 | 21.3s
2026-04-07 18:03:49 - --------------------------------------------------
2026-04-07 18:03:52 - [Test] Cls — Acc: 0.7457 | P(macro): 0.6367 | R(macro): 0.5992 | F1(macro): 0.6080
2026-04-07 18:03:52 - [Test] Seg — Lesion IoU: 0.9983 | Lesion Dice: 0.9992
2026-04-07 18:03:52 - [Test] Classification Report:
              precision    recall  f1-score   support

      benign     0.4762    0.3101    0.3756       129
    no_tumor     0.7973    0.8883    0.8403       394

    accuracy                         0.7457       523
   macro avg     0.6367    0.5992    0.6080       523
weighted avg     0.7181    0.7457    0.7257       523

2026-04-07 18:03:52 - --------------------------------------------------
2026-04-07 18:04:13 - Epoch [56/100] LR: 9.75e-06/9.75e-05 | Loss: 0.6537 (seg=0.0007, cls=0.3265) | Cls Acc: 0.9788 | Seg IoU: 0.9986 | Seg Dice: 0.9993 | 21.0s
2026-04-07 18:04:33 - Epoch [57/100] LR: 9.41e-06/9.41e-05 | Loss: 0.6456 (seg=0.0007, cls=0.3225) | Cls Acc: 0.9804 | Seg IoU: 0.9986 | Seg Dice: 0.9993 | 20.2s
2026-04-07 18:04:54 - Epoch [58/100] LR: 9.07e-06/9.07e-05 | Loss: 0.6189 (seg=0.0007, cls=0.3091) | Cls Acc: 0.9837 | Seg IoU: 0.9986 | Seg Dice: 0.9993 | 20.1s
2026-04-07 18:05:14 - Epoch [59/100] LR: 8.72e-06/8.72e-05 | Loss: 0.6594 (seg=0.0006, cls=0.3294) | Cls Acc: 0.9779 | Seg IoU: 0.9988 | Seg Dice: 0.9994 | 20.5s
2026-04-07 18:05:34 - Epoch [60/100] LR: 8.38e-06/8.38e-05 | Loss: 0.6413 (seg=0.0006, cls=0.3203) | Cls Acc: 0.9796 | Seg IoU: 0.9987 | Seg Dice: 0.9993 | 20.0s
2026-04-07 18:05:34 - --------------------------------------------------
2026-04-07 18:05:38 - [Test] Cls — Acc: 0.7457 | P(macro): 0.6308 | R(macro): 0.5836 | F1(macro): 0.5905
2026-04-07 18:05:38 - [Test] Seg — Lesion IoU: 0.9986 | Lesion Dice: 0.9993
2026-04-07 18:05:38 - [Test] Classification Report:
              precision    recall  f1-score   support

      benign     0.4722    0.2636    0.3383       129
    no_tumor     0.7894    0.9036    0.8426       394

    accuracy                         0.7457       523
   macro avg     0.6308    0.5836    0.5905       523
weighted avg     0.7111    0.7457    0.7182       523

2026-04-07 18:05:38 - --------------------------------------------------
2026-04-07 18:05:57 - Epoch [61/100] LR: 8.04e-06/8.04e-05 | Loss: 0.6137 (seg=0.0006, cls=0.3066) | Cls Acc: 0.9853 | Seg IoU: 0.9988 | Seg Dice: 0.9994 | 19.7s
2026-04-07 18:06:19 - Epoch [62/100] LR: 7.70e-06/7.70e-05 | Loss: 0.6111 (seg=0.0006, cls=0.3053) | Cls Acc: 0.9886 | Seg IoU: 0.9987 | Seg Dice: 0.9994 | 21.9s
2026-04-07 18:06:40 - Epoch [63/100] LR: 7.37e-06/7.37e-05 | Loss: 0.6163 (seg=0.0006, cls=0.3078) | Cls Acc: 0.9861 | Seg IoU: 0.9988 | Seg Dice: 0.9994 | 20.7s
2026-04-07 18:07:01 - Epoch [64/100] LR: 7.04e-06/7.04e-05 | Loss: 0.6058 (seg=0.0005, cls=0.3026) | Cls Acc: 0.9894 | Seg IoU: 0.9989 | Seg Dice: 0.9994 | 20.7s
2026-04-07 18:07:20 - Epoch [65/100] LR: 6.71e-06/6.71e-05 | Loss: 0.6359 (seg=0.0005, cls=0.3177) | Cls Acc: 0.9820 | Seg IoU: 0.9988 | Seg Dice: 0.9994 | 19.2s
2026-04-07 18:07:20 - --------------------------------------------------
2026-04-07 18:07:23 - [Test] Cls — Acc: 0.7400 | P(macro): 0.6290 | R(macro): 0.5980 | F1(macro): 0.6059
2026-04-07 18:07:23 - [Test] Seg — Lesion IoU: 0.9987 | Lesion Dice: 0.9993
2026-04-07 18:07:23 - [Test] Classification Report:
              precision    recall  f1-score   support

      benign     0.4607    0.3178    0.3761       129
    no_tumor     0.7972    0.8782    0.8357       394

    accuracy                         0.7400       523
   macro avg     0.6290    0.5980    0.6059       523
weighted avg     0.7142    0.7400    0.7224       523

2026-04-07 18:07:23 - --------------------------------------------------
2026-04-07 18:07:43 - Epoch [66/100] LR: 6.39e-06/6.39e-05 | Loss: 0.6259 (seg=0.0005, cls=0.3127) | Cls Acc: 0.9828 | Seg IoU: 0.9989 | Seg Dice: 0.9994 | 20.1s
2026-04-07 18:08:03 - Epoch [67/100] LR: 6.07e-06/6.07e-05 | Loss: 0.6119 (seg=0.0005, cls=0.3057) | Cls Acc: 0.9894 | Seg IoU: 0.9989 | Seg Dice: 0.9995 | 20.0s
2026-04-07 18:08:24 - Epoch [68/100] LR: 5.76e-06/5.76e-05 | Loss: 0.6373 (seg=0.0005, cls=0.3184) | Cls Acc: 0.9812 | Seg IoU: 0.9990 | Seg Dice: 0.9995 | 20.8s
2026-04-07 18:08:44 - Epoch [69/100] LR: 5.45e-06/5.45e-05 | Loss: 0.5887 (seg=0.0005, cls=0.2941) | Cls Acc: 0.9935 | Seg IoU: 0.9990 | Seg Dice: 0.9995 | 20.0s
2026-04-07 18:09:04 - Epoch [70/100] LR: 5.15e-06/5.15e-05 | Loss: 0.6000 (seg=0.0005, cls=0.2998) | Cls Acc: 0.9886 | Seg IoU: 0.9990 | Seg Dice: 0.9995 | 20.3s
2026-04-07 18:09:04 - --------------------------------------------------
2026-04-07 18:09:08 - [Test] Cls — Acc: 0.7419 | P(macro): 0.6339 | R(macro): 0.6045 | F1(macro): 0.6128
2026-04-07 18:09:08 - [Test] Seg — Lesion IoU: 0.9990 | Lesion Dice: 0.9995
2026-04-07 18:09:08 - [Test] Classification Report:
              precision    recall  f1-score   support

      benign     0.4674    0.3333    0.3891       129
    no_tumor     0.8005    0.8756    0.8364       394

    accuracy                         0.7419       523
   macro avg     0.6339    0.6045    0.6128       523
weighted avg     0.7183    0.7419    0.7261       523

2026-04-07 18:09:08 - --------------------------------------------------
2026-04-07 18:09:28 - Epoch [71/100] LR: 4.85e-06/4.85e-05 | Loss: 0.6067 (seg=0.0005, cls=0.3031) | Cls Acc: 0.9877 | Seg IoU: 0.9990 | Seg Dice: 0.9995 | 20.7s
2026-04-07 18:09:48 - Epoch [72/100] LR: 4.56e-06/4.56e-05 | Loss: 0.6309 (seg=0.0004, cls=0.3153) | Cls Acc: 0.9837 | Seg IoU: 0.9991 | Seg Dice: 0.9995 | 19.6s
2026-04-07 18:10:08 - Epoch [73/100] LR: 4.28e-06/4.28e-05 | Loss: 0.6120 (seg=0.0004, cls=0.3058) | Cls Acc: 0.9877 | Seg IoU: 0.9991 | Seg Dice: 0.9996 | 20.0s
2026-04-07 18:10:28 - Epoch [74/100] LR: 4.00e-06/4.00e-05 | Loss: 0.6060 (seg=0.0004, cls=0.3028) | Cls Acc: 0.9877 | Seg IoU: 0.9991 | Seg Dice: 0.9996 | 19.9s
2026-04-07 18:10:48 - Epoch [75/100] LR: 3.74e-06/3.74e-05 | Loss: 0.5967 (seg=0.0004, cls=0.2981) | Cls Acc: 0.9869 | Seg IoU: 0.9991 | Seg Dice: 0.9996 | 19.8s
2026-04-07 18:10:48 - --------------------------------------------------
2026-04-07 18:10:51 - [Test] Cls — Acc: 0.7342 | P(macro): 0.6293 | R(macro): 0.6124 | F1(macro): 0.6186
2026-04-07 18:10:51 - [Test] Seg — Lesion IoU: 0.9990 | Lesion Dice: 0.9995
2026-04-07 18:10:51 - [Test] Classification Report:
              precision    recall  f1-score   support

      benign     0.4528    0.3721    0.4085       129
    no_tumor     0.8058    0.8528    0.8286       394

    accuracy                         0.7342       523
   macro avg     0.6293    0.6124    0.6186       523
weighted avg     0.7187    0.7342    0.7250       523

2026-04-07 18:10:51 - --------------------------------------------------
2026-04-07 18:11:12 - Epoch [76/100] LR: 3.48e-06/3.48e-05 | Loss: 0.5987 (seg=0.0004, cls=0.2992) | Cls Acc: 0.9918 | Seg IoU: 0.9991 | Seg Dice: 0.9996 | 20.5s
2026-04-07 18:11:32 - Epoch [77/100] LR: 3.22e-06/3.22e-05 | Loss: 0.6148 (seg=0.0004, cls=0.3072) | Cls Acc: 0.9861 | Seg IoU: 0.9992 | Seg Dice: 0.9996 | 20.3s
2026-04-07 18:11:51 - Epoch [78/100] LR: 2.98e-06/2.98e-05 | Loss: 0.6047 (seg=0.0004, cls=0.3022) | Cls Acc: 0.9869 | Seg IoU: 0.9992 | Seg Dice: 0.9996 | 19.0s
2026-04-07 18:12:11 - Epoch [79/100] LR: 2.74e-06/2.74e-05 | Loss: 0.6057 (seg=0.0004, cls=0.3027) | Cls Acc: 0.9877 | Seg IoU: 0.9992 | Seg Dice: 0.9996 | 20.2s
2026-04-07 18:12:30 - Epoch [80/100] LR: 2.52e-06/2.52e-05 | Loss: 0.5700 (seg=0.0004, cls=0.2848) | Cls Acc: 0.9959 | Seg IoU: 0.9992 | Seg Dice: 0.9996 | 19.3s
2026-04-07 18:12:30 - --------------------------------------------------
2026-04-07 18:12:33 - [Test] Cls — Acc: 0.7476 | P(macro): 0.6343 | R(macro): 0.5848 | F1(macro): 0.5920
2026-04-07 18:12:33 - [Test] Seg — Lesion IoU: 0.9991 | Lesion Dice: 0.9996
2026-04-07 18:12:33 - [Test] Classification Report:
              precision    recall  f1-score   support

      benign     0.4789    0.2636    0.3400       129
    no_tumor     0.7898    0.9061    0.8440       394

    accuracy                         0.7476       523
   macro avg     0.6343    0.5848    0.5920       523
weighted avg     0.7131    0.7476    0.7197       523

2026-04-07 18:12:33 - --------------------------------------------------
2026-04-07 18:12:54 - Epoch [81/100] LR: 2.30e-06/2.30e-05 | Loss: 0.5678 (seg=0.0004, cls=0.2837) | Cls Acc: 0.9959 | Seg IoU: 0.9993 | Seg Dice: 0.9996 | 20.3s
2026-04-07 18:13:14 - Epoch [82/100] LR: 2.09e-06/2.09e-05 | Loss: 0.5840 (seg=0.0003, cls=0.2918) | Cls Acc: 0.9926 | Seg IoU: 0.9993 | Seg Dice: 0.9996 | 19.9s
2026-04-07 18:13:35 - Epoch [83/100] LR: 1.89e-06/1.89e-05 | Loss: 0.5987 (seg=0.0004, cls=0.2992) | Cls Acc: 0.9886 | Seg IoU: 0.9992 | Seg Dice: 0.9996 | 21.4s
2026-04-07 18:13:54 - Epoch [84/100] LR: 1.70e-06/1.70e-05 | Loss: 0.5821 (seg=0.0003, cls=0.2909) | Cls Acc: 0.9935 | Seg IoU: 0.9993 | Seg Dice: 0.9996 | 19.2s
2026-04-07 18:14:15 - Epoch [85/100] LR: 1.53e-06/1.53e-05 | Loss: 0.6073 (seg=0.0004, cls=0.3035) | Cls Acc: 0.9861 | Seg IoU: 0.9992 | Seg Dice: 0.9996 | 20.5s
2026-04-07 18:14:15 - --------------------------------------------------
2026-04-07 18:14:19 - [Test] Cls — Acc: 0.7476 | P(macro): 0.6380 | R(macro): 0.5953 | F1(macro): 0.6039
2026-04-07 18:14:19 - [Test] Seg — Lesion IoU: 0.9992 | Lesion Dice: 0.9996
2026-04-07 18:14:19 - [Test] Classification Report:
              precision    recall  f1-score   support

      benign     0.4810    0.2946    0.3654       129
    no_tumor     0.7950    0.8959    0.8425       394

    accuracy                         0.7476       523
   macro avg     0.6380    0.5953    0.6039       523
weighted avg     0.7176    0.7476    0.7248       523

2026-04-07 18:14:19 - --------------------------------------------------
2026-04-07 18:14:38 - Epoch [86/100] LR: 1.36e-06/1.36e-05 | Loss: 0.5906 (seg=0.0004, cls=0.2951) | Cls Acc: 0.9943 | Seg IoU: 0.9992 | Seg Dice: 0.9996 | 19.5s
2026-04-07 18:14:58 - Epoch [87/100] LR: 1.20e-06/1.20e-05 | Loss: 0.5891 (seg=0.0004, cls=0.2944) | Cls Acc: 0.9910 | Seg IoU: 0.9992 | Seg Dice: 0.9996 | 20.0s
2026-04-07 18:15:17 - Epoch [88/100] LR: 1.06e-06/1.06e-05 | Loss: 0.5700 (seg=0.0003, cls=0.2848) | Cls Acc: 0.9943 | Seg IoU: 0.9993 | Seg Dice: 0.9996 | 19.4s
2026-04-07 18:15:37 - Epoch [89/100] LR: 9.21e-07/9.21e-06 | Loss: 0.5847 (seg=0.0003, cls=0.2922) | Cls Acc: 0.9935 | Seg IoU: 0.9993 | Seg Dice: 0.9996 | 20.0s
2026-04-07 18:15:57 - Epoch [90/100] LR: 7.97e-07/7.97e-06 | Loss: 0.5801 (seg=0.0003, cls=0.2899) | Cls Acc: 0.9951 | Seg IoU: 0.9993 | Seg Dice: 0.9997 | 19.2s
2026-04-07 18:15:57 - --------------------------------------------------
2026-04-07 18:16:00 - [Test] Cls — Acc: 0.7476 | P(macro): 0.6353 | R(macro): 0.5874 | F1(macro): 0.5951
2026-04-07 18:16:00 - [Test] Seg — Lesion IoU: 0.9993 | Lesion Dice: 0.9996
2026-04-07 18:16:00 - [Test] Classification Report:
              precision    recall  f1-score   support

      benign     0.4795    0.2713    0.3465       129
    no_tumor     0.7911    0.9036    0.8436       394

    accuracy                         0.7476       523
   macro avg     0.6353    0.5874    0.5951       523
weighted avg     0.7142    0.7476    0.7210       523

2026-04-07 18:16:00 - --------------------------------------------------
2026-04-07 18:16:20 - Epoch [91/100] LR: 6.85e-07/6.85e-06 | Loss: 0.5687 (seg=0.0003, cls=0.2842) | Cls Acc: 0.9959 | Seg IoU: 0.9993 | Seg Dice: 0.9996 | 20.4s
2026-04-07 18:16:41 - Epoch [92/100] LR: 5.84e-07/5.84e-06 | Loss: 0.5800 (seg=0.0003, cls=0.2899) | Cls Acc: 0.9918 | Seg IoU: 0.9993 | Seg Dice: 0.9997 | 20.5s
2026-04-07 18:17:01 - Epoch [93/100] LR: 4.94e-07/4.94e-06 | Loss: 0.5939 (seg=0.0003, cls=0.2968) | Cls Acc: 0.9910 | Seg IoU: 0.9993 | Seg Dice: 0.9996 | 20.3s
2026-04-07 18:17:21 - Epoch [94/100] LR: 4.16e-07/4.16e-06 | Loss: 0.5852 (seg=0.0003, cls=0.2924) | Cls Acc: 0.9910 | Seg IoU: 0.9993 | Seg Dice: 0.9996 | 19.8s
2026-04-07 18:17:41 - Epoch [95/100] LR: 3.50e-07/3.50e-06 | Loss: 0.5735 (seg=0.0003, cls=0.2866) | Cls Acc: 0.9935 | Seg IoU: 0.9993 | Seg Dice: 0.9997 | 19.7s
2026-04-07 18:17:41 - --------------------------------------------------
2026-04-07 18:17:44 - [Test] Cls — Acc: 0.7514 | P(macro): 0.6455 | R(macro): 0.6004 | F1(macro): 0.6099
2026-04-07 18:17:44 - [Test] Seg — Lesion IoU: 0.9993 | Lesion Dice: 0.9996
2026-04-07 18:17:44 - [Test] Classification Report:
              precision    recall  f1-score   support

      benign     0.4937    0.3023    0.3750       129
    no_tumor     0.7973    0.8985    0.8449       394

    accuracy                         0.7514       523
   macro avg     0.6455    0.6004    0.6099       523
weighted avg     0.7224    0.7514    0.7290       523

2026-04-07 18:17:44 - --------------------------------------------------
2026-04-07 18:18:04 - Epoch [96/100] LR: 2.96e-07/2.96e-06 | Loss: 0.5803 (seg=0.0003, cls=0.2900) | Cls Acc: 0.9943 | Seg IoU: 0.9993 | Seg Dice: 0.9997 | 19.8s
2026-04-07 18:18:24 - Epoch [97/100] LR: 2.54e-07/2.54e-06 | Loss: 0.5857 (seg=0.0003, cls=0.2927) | Cls Acc: 0.9935 | Seg IoU: 0.9993 | Seg Dice: 0.9996 | 20.3s
2026-04-07 18:18:45 - Epoch [98/100] LR: 2.24e-07/2.24e-06 | Loss: 0.5968 (seg=0.0003, cls=0.2982) | Cls Acc: 0.9902 | Seg IoU: 0.9993 | Seg Dice: 0.9997 | 21.1s
2026-04-07 18:19:04 - Epoch [99/100] LR: 2.06e-07/2.06e-06 | Loss: 0.6041 (seg=0.0003, cls=0.3019) | Cls Acc: 0.9902 | Seg IoU: 0.9993 | Seg Dice: 0.9997 | 19.5s
2026-04-07 18:19:25 - Epoch [100/100] LR: 2.00e-07/2.00e-06 | Loss: 0.5823 (seg=0.0003, cls=0.2910) | Cls Acc: 0.9943 | Seg IoU: 0.9993 | Seg Dice: 0.9996 | 20.5s
2026-04-07 18:19:25 - --------------------------------------------------
2026-04-07 18:19:28 - [Test] Cls — Acc: 0.7514 | P(macro): 0.6455 | R(macro): 0.6004 | F1(macro): 0.6099
2026-04-07 18:19:28 - [Test] Seg — Lesion IoU: 0.9993 | Lesion Dice: 0.9996
2026-04-07 18:19:28 - [Test] Classification Report:
              precision    recall  f1-score   support

      benign     0.4937    0.3023    0.3750       129
    no_tumor     0.7973    0.8985    0.8449       394

    accuracy                         0.7514       523
   macro avg     0.6455    0.6004    0.6099       523
weighted avg     0.7224    0.7514    0.7290       523

2026-04-07 18:19:28 - --------------------------------------------------
2026-04-07 18:19:28 - 
======================================================================
2026-04-07 18:19:28 - 训练完成! 最优模型: Epoch 15, F1: 0.6714
2026-04-07 18:19:28 - ======================================================================
2026-04-07 18:19:28 - 
加载最优权重进行最终测试...
2026-04-07 18:19:29 - ======================================================================
2026-04-07 18:19:29 - 最终测试结果 (最优权重, threshold=0.5)
2026-04-07 18:19:29 - ======================================================================
2026-04-07 18:19:33 - [Final Test] Cls — Acc: 0.7725 | P(macro): 0.6881 | R(macro): 0.6613 | F1(macro): 0.6714
2026-04-07 18:19:33 - [Final Test] Seg — Lesion IoU: 0.9813 | Lesion Dice: 0.9906
2026-04-07 18:19:33 - [Final Test] Classification Report:
              precision    recall  f1-score   support

      benign     0.5481    0.4419    0.4893       129
    no_tumor     0.8282    0.8807    0.8536       394

    accuracy                         0.7725       523
   macro avg     0.6881    0.6613    0.6714       523
weighted avg     0.7591    0.7725    0.7638       523

2026-04-07 18:19:33 - 
======================================================================
2026-04-07 18:19:33 - 阈值优化搜索
2026-04-07 18:19:33 - ======================================================================
2026-04-07 18:19:36 - 最优阈值: 0.430 (F1: 0.6846 vs 默认0.5 F1: 0.6714)
2026-04-07 18:19:39 - [Final Test (最优阈值)] Threshold: 0.430 | Acc: 0.7686 | P(macro): 0.6872 | R(macro): 0.6822 | F1(macro): 0.6846
2026-04-07 18:19:39 - [Final Test (最优阈值)] Classification Report:
              precision    recall  f1-score   support

      benign     0.5323    0.5116    0.5217       129
    no_tumor     0.8421    0.8528    0.8474       394

    accuracy                         0.7686       523
   macro avg     0.6872    0.6822    0.6846       523
weighted avg     0.7657    0.7686    0.7671       523

2026-04-07 18:19:39 - 训练脚本已复制到: /data1/ouyangxinglong/GBP-Cascade/0408/logs/20260408_task2_SwinV2Tiny_segcls_18/20260408_task2_SwinV2Tiny_segcls_18.py
