2026-04-08 15:03:27 - ======================================================================
2026-04-08 15:03:27 - 实验名称: 20260408_task2_SwinV2Tiny_segcls_20b
2026-04-08 15:03:27 - 模型: SwinV2-Tiny@256 + 4ch + BERT CrossAttn + BERT[CLS] + 10D ExtMeta + Gated Trimodal Fusion + 1:1 Physical Undersampling
2026-04-08 15:03:27 - 修改: 与Exp#18相同架构, 物理欠采样: train 309:309=618, test 129:129=258, cls class_weight=[1.0,1.0]
2026-04-08 15:03:27 - 输入通道: 4
2026-04-08 15:03:27 - 图像尺寸: 256
2026-04-08 15:03:27 - 分割类别: 2
2026-04-08 15:03:27 - 分类类别: ['benign', 'no_tumor']
2026-04-08 15:03:27 - Batch Size: 8
2026-04-08 15:03:27 - Backbone LR: 2e-05
2026-04-08 15:03:27 - Head LR: 0.0002
2026-04-08 15:03:27 - Weight Decay: 0.05
2026-04-08 15:03:27 - Warmup Epochs: 10
2026-04-08 15:03:27 - Lambda Cls: 2.0
2026-04-08 15:03:27 - Label Smoothing: 0.1
2026-04-08 15:03:27 - Seed: 42
2026-04-08 15:03:27 - Epochs: 100
2026-04-08 15:03:27 - Grad Clip: 1.0
2026-04-08 15:03:27 - Meta Dim: 10
2026-04-08 15:03:27 - 设备: cuda
2026-04-08 15:03:27 - ======================================================================
2026-04-08 15:03:30 - 训练集 (欠采样后): 618 张 (benign=309, no_tumor=309)
2026-04-08 15:03:30 - 测试集 (欠采样后): 258 张 (benign=129, no_tumor=129)
2026-04-08 15:03:34 - 模型参数量: 137,439,313 (含BERT)
2026-04-08 15:03:34 - 可训练参数量: 35,171,665 (BERT冻结)
2026-04-08 15:03:34 - 分类类别权重: benign=1.0000, no_tumor=1.0000 (数据已平衡)
2026-04-08 15:03:34 - 分割类别权重: bg=1.0, lesion=5.0
2026-04-08 15:03:34 - 
======================================================================
2026-04-08 15:03:34 - 开始训练
2026-04-08 15:03:34 - ======================================================================
2026-04-08 15:03:57 - Epoch [1/100] LR: 2.00e-06/2.00e-05 | Loss: 2.3160 (seg=0.9144, cls=0.7008) | Cls Acc: 0.5227 | Seg IoU: 0.3944 | Seg Dice: 0.4917 | 22.5s
2026-04-08 15:04:18 - Epoch [2/100] LR: 4.00e-06/4.00e-05 | Loss: 1.8033 (seg=0.4399, cls=0.6817) | Cls Acc: 0.5552 | Seg IoU: 0.8638 | Seg Dice: 0.9265 | 21.2s
2026-04-08 15:04:38 - Epoch [3/100] LR: 6.00e-06/6.00e-05 | Loss: 1.5990 (seg=0.2758, cls=0.6616) | Cls Acc: 0.6218 | Seg IoU: 0.8959 | Seg Dice: 0.9449 | 20.7s
2026-04-08 15:04:59 - Epoch [4/100] LR: 8.00e-06/8.00e-05 | Loss: 1.4702 (seg=0.2220, cls=0.6241) | Cls Acc: 0.6802 | Seg IoU: 0.9183 | Seg Dice: 0.9573 | 20.6s
2026-04-08 15:05:21 - Epoch [5/100] LR: 1.00e-05/1.00e-04 | Loss: 1.4060 (seg=0.1855, cls=0.6102) | Cls Acc: 0.6802 | Seg IoU: 0.9240 | Seg Dice: 0.9604 | 21.6s
2026-04-08 15:05:21 - --------------------------------------------------
2026-04-08 15:05:25 - [Test] Cls — Acc: 0.6395 | P(macro): 0.6870 | R(macro): 0.6395 | F1(macro): 0.6151
2026-04-08 15:05:25 - [Test] Seg — Lesion IoU: 0.9283 | Lesion Dice: 0.9627
2026-04-08 15:05:25 - [Test] Classification Report:
              precision    recall  f1-score   support

      benign     0.7812    0.3876    0.5181       129
    no_tumor     0.5928    0.8915    0.7121       129

    accuracy                         0.6395       258
   macro avg     0.6870    0.6395    0.6151       258
weighted avg     0.6870    0.6395    0.6151       258

2026-04-08 15:05:27 - *** 保存最优模型 (F1: 0.6151, Epoch: 5) ***
2026-04-08 15:05:27 - --------------------------------------------------
2026-04-08 15:05:48 - Epoch [6/100] LR: 1.20e-05/1.20e-04 | Loss: 1.2987 (seg=0.1518, cls=0.5735) | Cls Acc: 0.7208 | Seg IoU: 0.9400 | Seg Dice: 0.9690 | 21.4s
2026-04-08 15:06:09 - Epoch [7/100] LR: 1.40e-05/1.40e-04 | Loss: 1.2472 (seg=0.1287, cls=0.5592) | Cls Acc: 0.7532 | Seg IoU: 0.9407 | Seg Dice: 0.9693 | 20.7s
2026-04-08 15:06:30 - Epoch [8/100] LR: 1.60e-05/1.60e-04 | Loss: 1.2299 (seg=0.1035, cls=0.5632) | Cls Acc: 0.7224 | Seg IoU: 0.9487 | Seg Dice: 0.9736 | 20.9s
2026-04-08 15:06:50 - Epoch [9/100] LR: 1.80e-05/1.80e-04 | Loss: 1.1774 (seg=0.0840, cls=0.5467) | Cls Acc: 0.7516 | Seg IoU: 0.9593 | Seg Dice: 0.9792 | 19.9s
2026-04-08 15:07:10 - Epoch [10/100] LR: 2.00e-05/2.00e-04 | Loss: 1.0908 (seg=0.0716, cls=0.5096) | Cls Acc: 0.7906 | Seg IoU: 0.9582 | Seg Dice: 0.9786 | 20.8s
2026-04-08 15:07:10 - --------------------------------------------------
2026-04-08 15:07:16 - [Test] Cls — Acc: 0.6434 | P(macro): 0.6469 | R(macro): 0.6434 | F1(macro): 0.6413
2026-04-08 15:07:16 - [Test] Seg — Lesion IoU: 0.9403 | Lesion Dice: 0.9692
2026-04-08 15:07:16 - [Test] Classification Report:
              precision    recall  f1-score   support

      benign     0.6242    0.7209    0.6691       129
    no_tumor     0.6697    0.5659    0.6134       129

    accuracy                         0.6434       258
   macro avg     0.6469    0.6434    0.6413       258
weighted avg     0.6469    0.6434    0.6413       258

2026-04-08 15:07:19 - *** 保存最优模型 (F1: 0.6413, Epoch: 10) ***
2026-04-08 15:07:19 - --------------------------------------------------
2026-04-08 15:07:40 - Epoch [11/100] LR: 2.00e-05/2.00e-04 | Loss: 1.0620 (seg=0.0621, cls=0.4999) | Cls Acc: 0.7792 | Seg IoU: 0.9586 | Seg Dice: 0.9788 | 21.3s
2026-04-08 15:08:01 - Epoch [12/100] LR: 2.00e-05/2.00e-04 | Loss: 1.1013 (seg=0.0543, cls=0.5235) | Cls Acc: 0.7776 | Seg IoU: 0.9594 | Seg Dice: 0.9792 | 21.1s
2026-04-08 15:08:23 - Epoch [13/100] LR: 1.99e-05/1.99e-04 | Loss: 0.9797 (seg=0.0451, cls=0.4673) | Cls Acc: 0.8377 | Seg IoU: 0.9659 | Seg Dice: 0.9826 | 22.0s
2026-04-08 15:08:45 - Epoch [14/100] LR: 1.99e-05/1.99e-04 | Loss: 0.9564 (seg=0.0418, cls=0.4573) | Cls Acc: 0.8263 | Seg IoU: 0.9630 | Seg Dice: 0.9811 | 21.9s
2026-04-08 15:09:06 - Epoch [15/100] LR: 1.98e-05/1.98e-04 | Loss: 0.9780 (seg=0.0378, cls=0.4701) | Cls Acc: 0.8133 | Seg IoU: 0.9644 | Seg Dice: 0.9818 | 20.4s
2026-04-08 15:09:06 - --------------------------------------------------
2026-04-08 15:09:11 - [Test] Cls — Acc: 0.6473 | P(macro): 0.6488 | R(macro): 0.6473 | F1(macro): 0.6464
2026-04-08 15:09:11 - [Test] Seg — Lesion IoU: 0.9695 | Lesion Dice: 0.9845
2026-04-08 15:09:11 - [Test] Classification Report:
              precision    recall  f1-score   support

      benign     0.6338    0.6977    0.6642       129
    no_tumor     0.6638    0.5969    0.6286       129

    accuracy                         0.6473       258
   macro avg     0.6488    0.6473    0.6464       258
weighted avg     0.6488    0.6473    0.6464       258

2026-04-08 15:09:15 - *** 保存最优模型 (F1: 0.6464, Epoch: 15) ***
2026-04-08 15:09:15 - --------------------------------------------------
2026-04-08 15:09:35 - Epoch [16/100] LR: 1.98e-05/1.98e-04 | Loss: 0.9234 (seg=0.0370, cls=0.4432) | Cls Acc: 0.8506 | Seg IoU: 0.9590 | Seg Dice: 0.9790 | 20.5s
2026-04-08 15:09:57 - Epoch [17/100] LR: 1.97e-05/1.97e-04 | Loss: 0.9901 (seg=0.0304, cls=0.4799) | Cls Acc: 0.8247 | Seg IoU: 0.9710 | Seg Dice: 0.9853 | 21.7s
2026-04-08 15:10:18 - Epoch [18/100] LR: 1.96e-05/1.96e-04 | Loss: 0.9744 (seg=0.0280, cls=0.4732) | Cls Acc: 0.8279 | Seg IoU: 0.9694 | Seg Dice: 0.9844 | 21.4s
2026-04-08 15:10:40 - Epoch [19/100] LR: 1.95e-05/1.95e-04 | Loss: 0.8870 (seg=0.0278, cls=0.4296) | Cls Acc: 0.8409 | Seg IoU: 0.9664 | Seg Dice: 0.9829 | 21.6s
2026-04-08 15:11:00 - Epoch [20/100] LR: 1.94e-05/1.94e-04 | Loss: 0.7928 (seg=0.0240, cls=0.3844) | Cls Acc: 0.8815 | Seg IoU: 0.9708 | Seg Dice: 0.9852 | 20.5s
2026-04-08 15:11:00 - --------------------------------------------------
2026-04-08 15:11:06 - [Test] Cls — Acc: 0.6395 | P(macro): 0.6420 | R(macro): 0.6395 | F1(macro): 0.6380
2026-04-08 15:11:06 - [Test] Seg — Lesion IoU: 0.9730 | Lesion Dice: 0.9863
2026-04-08 15:11:06 - [Test] Classification Report:
              precision    recall  f1-score   support

      benign     0.6607    0.5736    0.6141       129
    no_tumor     0.6233    0.7054    0.6618       129

    accuracy                         0.6395       258
   macro avg     0.6420    0.6395    0.6380       258
weighted avg     0.6420    0.6395    0.6380       258

2026-04-08 15:11:06 - --------------------------------------------------
2026-04-08 15:11:27 - Epoch [21/100] LR: 1.93e-05/1.93e-04 | Loss: 0.8703 (seg=0.0216, cls=0.4244) | Cls Acc: 0.8734 | Seg IoU: 0.9741 | Seg Dice: 0.9869 | 21.5s
2026-04-08 15:11:48 - Epoch [22/100] LR: 1.91e-05/1.91e-04 | Loss: 0.8151 (seg=0.0203, cls=0.3974) | Cls Acc: 0.8815 | Seg IoU: 0.9736 | Seg Dice: 0.9866 | 21.1s
2026-04-08 15:12:10 - Epoch [23/100] LR: 1.90e-05/1.90e-04 | Loss: 0.7714 (seg=0.0197, cls=0.3758) | Cls Acc: 0.8815 | Seg IoU: 0.9725 | Seg Dice: 0.9860 | 21.8s
2026-04-08 15:12:31 - Epoch [24/100] LR: 1.88e-05/1.88e-04 | Loss: 0.7990 (seg=0.0176, cls=0.3907) | Cls Acc: 0.8701 | Seg IoU: 0.9758 | Seg Dice: 0.9877 | 20.7s
2026-04-08 15:12:53 - Epoch [25/100] LR: 1.87e-05/1.87e-04 | Loss: 0.7363 (seg=0.0159, cls=0.3602) | Cls Acc: 0.9091 | Seg IoU: 0.9784 | Seg Dice: 0.9891 | 22.1s
2026-04-08 15:12:53 - --------------------------------------------------
2026-04-08 15:12:57 - [Test] Cls — Acc: 0.6202 | P(macro): 0.6360 | R(macro): 0.6202 | F1(macro): 0.6088
2026-04-08 15:12:57 - [Test] Seg — Lesion IoU: 0.9767 | Lesion Dice: 0.9882
2026-04-08 15:12:57 - [Test] Classification Report:
              precision    recall  f1-score   support

      benign     0.6824    0.4496    0.5421       129
    no_tumor     0.5896    0.7907    0.6755       129

    accuracy                         0.6202       258
   macro avg     0.6360    0.6202    0.6088       258
weighted avg     0.6360    0.6202    0.6088       258

2026-04-08 15:12:57 - --------------------------------------------------
2026-04-08 15:13:20 - Epoch [26/100] LR: 1.85e-05/1.85e-04 | Loss: 0.7262 (seg=0.0230, cls=0.3516) | Cls Acc: 0.9123 | Seg IoU: 0.9602 | Seg Dice: 0.9794 | 22.2s
2026-04-08 15:13:40 - Epoch [27/100] LR: 1.83e-05/1.83e-04 | Loss: 0.7193 (seg=0.0195, cls=0.3499) | Cls Acc: 0.9156 | Seg IoU: 0.9669 | Seg Dice: 0.9831 | 20.3s
2026-04-08 15:14:02 - Epoch [28/100] LR: 1.81e-05/1.81e-04 | Loss: 0.6651 (seg=0.0151, cls=0.3250) | Cls Acc: 0.9205 | Seg IoU: 0.9753 | Seg Dice: 0.9875 | 22.4s
2026-04-08 15:14:23 - Epoch [29/100] LR: 1.79e-05/1.79e-04 | Loss: 0.6868 (seg=0.0159, cls=0.3354) | Cls Acc: 0.9205 | Seg IoU: 0.9724 | Seg Dice: 0.9860 | 21.3s
2026-04-08 15:14:45 - Epoch [30/100] LR: 1.77e-05/1.77e-04 | Loss: 0.7227 (seg=0.0121, cls=0.3553) | Cls Acc: 0.9091 | Seg IoU: 0.9798 | Seg Dice: 0.9898 | 21.7s
2026-04-08 15:14:45 - --------------------------------------------------
2026-04-08 15:14:51 - [Test] Cls — Acc: 0.5853 | P(macro): 0.5905 | R(macro): 0.5853 | F1(macro): 0.5792
2026-04-08 15:14:51 - [Test] Seg — Lesion IoU: 0.9784 | Lesion Dice: 0.9891
2026-04-08 15:14:51 - [Test] Classification Report:
              precision    recall  f1-score   support

      benign     0.6122    0.4651    0.5286       129
    no_tumor     0.5687    0.7054    0.6298       129

    accuracy                         0.5853       258
   macro avg     0.5905    0.5853    0.5792       258
weighted avg     0.5905    0.5853    0.5792       258

2026-04-08 15:14:51 - --------------------------------------------------
2026-04-08 15:15:11 - Epoch [31/100] LR: 1.75e-05/1.75e-04 | Loss: 0.6394 (seg=0.0110, cls=0.3142) | Cls Acc: 0.9383 | Seg IoU: 0.9810 | Seg Dice: 0.9904 | 20.0s
2026-04-08 15:15:33 - Epoch [32/100] LR: 1.72e-05/1.72e-04 | Loss: 0.5527 (seg=0.0106, cls=0.2710) | Cls Acc: 0.9529 | Seg IoU: 0.9808 | Seg Dice: 0.9903 | 21.6s
2026-04-08 15:15:54 - Epoch [33/100] LR: 1.70e-05/1.70e-04 | Loss: 0.6966 (seg=0.0088, cls=0.3439) | Cls Acc: 0.9253 | Seg IoU: 0.9843 | Seg Dice: 0.9921 | 20.8s
2026-04-08 15:16:16 - Epoch [34/100] LR: 1.67e-05/1.67e-04 | Loss: 0.6355 (seg=0.0089, cls=0.3133) | Cls Acc: 0.9367 | Seg IoU: 0.9836 | Seg Dice: 0.9917 | 22.3s
2026-04-08 15:16:37 - Epoch [35/100] LR: 1.65e-05/1.65e-04 | Loss: 0.6379 (seg=0.0088, cls=0.3146) | Cls Acc: 0.9383 | Seg IoU: 0.9834 | Seg Dice: 0.9916 | 21.0s
2026-04-08 15:16:37 - --------------------------------------------------
2026-04-08 15:16:43 - [Test] Cls — Acc: 0.5891 | P(macro): 0.5902 | R(macro): 0.5891 | F1(macro): 0.5879
2026-04-08 15:16:43 - [Test] Seg — Lesion IoU: 0.9775 | Lesion Dice: 0.9886
2026-04-08 15:16:43 - [Test] Classification Report:
              precision    recall  f1-score   support

      benign     0.6000    0.5349    0.5656       129
    no_tumor     0.5804    0.6434    0.6103       129

    accuracy                         0.5891       258
   macro avg     0.5902    0.5891    0.5879       258
weighted avg     0.5902    0.5891    0.5879       258

2026-04-08 15:16:43 - --------------------------------------------------
2026-04-08 15:17:04 - Epoch [36/100] LR: 1.62e-05/1.62e-04 | Loss: 0.6157 (seg=0.0076, cls=0.3040) | Cls Acc: 0.9399 | Seg IoU: 0.9858 | Seg Dice: 0.9928 | 20.2s
2026-04-08 15:17:26 - Epoch [37/100] LR: 1.59e-05/1.59e-04 | Loss: 0.5408 (seg=0.0072, cls=0.2668) | Cls Acc: 0.9643 | Seg IoU: 0.9868 | Seg Dice: 0.9934 | 22.1s
2026-04-08 15:17:47 - Epoch [38/100] LR: 1.56e-05/1.56e-04 | Loss: 0.5872 (seg=0.0071, cls=0.2900) | Cls Acc: 0.9513 | Seg IoU: 0.9863 | Seg Dice: 0.9931 | 21.2s
2026-04-08 15:18:09 - Epoch [39/100] LR: 1.53e-05/1.53e-04 | Loss: 0.5764 (seg=0.0063, cls=0.2850) | Cls Acc: 0.9481 | Seg IoU: 0.9879 | Seg Dice: 0.9939 | 22.1s
2026-04-08 15:18:29 - Epoch [40/100] LR: 1.50e-05/1.50e-04 | Loss: 0.6168 (seg=0.0058, cls=0.3055) | Cls Acc: 0.9432 | Seg IoU: 0.9887 | Seg Dice: 0.9943 | 20.4s
2026-04-08 15:18:29 - --------------------------------------------------
2026-04-08 15:18:33 - [Test] Cls — Acc: 0.6008 | P(macro): 0.6015 | R(macro): 0.6008 | F1(macro): 0.6000
2026-04-08 15:18:33 - [Test] Seg — Lesion IoU: 0.9882 | Lesion Dice: 0.9941
2026-04-08 15:18:33 - [Test] Classification Report:
              precision    recall  f1-score   support

      benign     0.5929    0.6434    0.6171       129
    no_tumor     0.6102    0.5581    0.5830       129

    accuracy                         0.6008       258
   macro avg     0.6015    0.6008    0.6000       258
weighted avg     0.6015    0.6008    0.6000       258

2026-04-08 15:18:33 - --------------------------------------------------
2026-04-08 15:18:54 - Epoch [41/100] LR: 1.47e-05/1.47e-04 | Loss: 0.6818 (seg=0.0056, cls=0.3381) | Cls Acc: 0.9205 | Seg IoU: 0.9894 | Seg Dice: 0.9947 | 21.1s
2026-04-08 15:19:10 - Epoch [42/100] LR: 1.44e-05/1.44e-04 | Loss: 0.5833 (seg=0.0057, cls=0.2888) | Cls Acc: 0.9562 | Seg IoU: 0.9887 | Seg Dice: 0.9943 | 16.0s
2026-04-08 15:19:21 - Epoch [43/100] LR: 1.41e-05/1.41e-04 | Loss: 0.5953 (seg=0.0050, cls=0.2951) | Cls Acc: 0.9529 | Seg IoU: 0.9903 | Seg Dice: 0.9951 | 11.1s
2026-04-08 15:19:32 - Epoch [44/100] LR: 1.38e-05/1.38e-04 | Loss: 0.5742 (seg=0.0046, cls=0.2848) | Cls Acc: 0.9513 | Seg IoU: 0.9912 | Seg Dice: 0.9956 | 11.3s
2026-04-08 15:19:44 - Epoch [45/100] LR: 1.35e-05/1.35e-04 | Loss: 0.5669 (seg=0.0046, cls=0.2811) | Cls Acc: 0.9610 | Seg IoU: 0.9909 | Seg Dice: 0.9954 | 11.9s
2026-04-08 15:19:44 - --------------------------------------------------
2026-04-08 15:19:47 - [Test] Cls — Acc: 0.5620 | P(macro): 0.5641 | R(macro): 0.5620 | F1(macro): 0.5585
2026-04-08 15:19:47 - [Test] Seg — Lesion IoU: 0.9911 | Lesion Dice: 0.9956
2026-04-08 15:19:47 - [Test] Classification Report:
              precision    recall  f1-score   support

      benign     0.5755    0.4729    0.5191       129
    no_tumor     0.5526    0.6512    0.5979       129

    accuracy                         0.5620       258
   macro avg     0.5641    0.5620    0.5585       258
weighted avg     0.5641    0.5620    0.5585       258

2026-04-08 15:19:47 - --------------------------------------------------
2026-04-08 15:19:59 - Epoch [46/100] LR: 1.32e-05/1.32e-04 | Loss: 0.5972 (seg=0.0041, cls=0.2966) | Cls Acc: 0.9481 | Seg IoU: 0.9921 | Seg Dice: 0.9960 | 11.4s
2026-04-08 15:20:10 - Epoch [47/100] LR: 1.28e-05/1.28e-04 | Loss: 0.5475 (seg=0.0038, cls=0.2719) | Cls Acc: 0.9627 | Seg IoU: 0.9926 | Seg Dice: 0.9963 | 11.3s
2026-04-08 15:20:21 - Epoch [48/100] LR: 1.25e-05/1.25e-04 | Loss: 0.5353 (seg=0.0034, cls=0.2660) | Cls Acc: 0.9675 | Seg IoU: 0.9935 | Seg Dice: 0.9967 | 11.0s
2026-04-08 15:20:32 - Epoch [49/100] LR: 1.22e-05/1.22e-04 | Loss: 0.5303 (seg=0.0032, cls=0.2636) | Cls Acc: 0.9643 | Seg IoU: 0.9940 | Seg Dice: 0.9970 | 11.1s
2026-04-08 15:20:44 - Epoch [50/100] LR: 1.18e-05/1.18e-04 | Loss: 0.5231 (seg=0.0029, cls=0.2601) | Cls Acc: 0.9610 | Seg IoU: 0.9944 | Seg Dice: 0.9972 | 11.6s
2026-04-08 15:20:44 - --------------------------------------------------
2026-04-08 15:20:47 - [Test] Cls — Acc: 0.5659 | P(macro): 0.5683 | R(macro): 0.5659 | F1(macro): 0.5621
2026-04-08 15:20:47 - [Test] Seg — Lesion IoU: 0.9943 | Lesion Dice: 0.9971
2026-04-08 15:20:47 - [Test] Classification Report:
              precision    recall  f1-score   support

      benign     0.5810    0.4729    0.5214       129
    no_tumor     0.5556    0.6589    0.6028       129

    accuracy                         0.5659       258
   macro avg     0.5683    0.5659    0.5621       258
weighted avg     0.5683    0.5659    0.5621       258

2026-04-08 15:20:47 - --------------------------------------------------
2026-04-08 15:20:58 - Epoch [51/100] LR: 1.15e-05/1.15e-04 | Loss: 0.5029 (seg=0.0028, cls=0.2501) | Cls Acc: 0.9708 | Seg IoU: 0.9948 | Seg Dice: 0.9974 | 11.0s
2026-04-08 15:21:09 - Epoch [52/100] LR: 1.11e-05/1.11e-04 | Loss: 0.5156 (seg=0.0026, cls=0.2565) | Cls Acc: 0.9708 | Seg IoU: 0.9949 | Seg Dice: 0.9975 | 11.1s
2026-04-08 15:21:20 - Epoch [53/100] LR: 1.08e-05/1.08e-04 | Loss: 0.5205 (seg=0.0025, cls=0.2590) | Cls Acc: 0.9708 | Seg IoU: 0.9951 | Seg Dice: 0.9975 | 11.4s
2026-04-08 15:21:31 - Epoch [54/100] LR: 1.04e-05/1.04e-04 | Loss: 0.5093 (seg=0.0023, cls=0.2535) | Cls Acc: 0.9675 | Seg IoU: 0.9955 | Seg Dice: 0.9977 | 11.2s
2026-04-08 15:21:42 - Epoch [55/100] LR: 1.01e-05/1.01e-04 | Loss: 0.4783 (seg=0.0023, cls=0.2380) | Cls Acc: 0.9789 | Seg IoU: 0.9954 | Seg Dice: 0.9977 | 11.2s
2026-04-08 15:21:42 - --------------------------------------------------
2026-04-08 15:21:46 - [Test] Cls — Acc: 0.5581 | P(macro): 0.5593 | R(macro): 0.5581 | F1(macro): 0.5560
2026-04-08 15:21:46 - [Test] Seg — Lesion IoU: 0.9956 | Lesion Dice: 0.9978
2026-04-08 15:21:46 - [Test] Classification Report:
              precision    recall  f1-score   support

      benign     0.5510    0.6279    0.5870       129
    no_tumor     0.5676    0.4884    0.5250       129

    accuracy                         0.5581       258
   macro avg     0.5593    0.5581    0.5560       258
weighted avg     0.5593    0.5581    0.5560       258

2026-04-08 15:21:46 - --------------------------------------------------
2026-04-08 15:21:57 - Epoch [56/100] LR: 9.75e-06/9.75e-05 | Loss: 0.5373 (seg=0.0021, cls=0.2676) | Cls Acc: 0.9643 | Seg IoU: 0.9961 | Seg Dice: 0.9980 | 10.9s
2026-04-08 15:22:08 - Epoch [57/100] LR: 9.41e-06/9.41e-05 | Loss: 0.5323 (seg=0.0019, cls=0.2652) | Cls Acc: 0.9643 | Seg IoU: 0.9964 | Seg Dice: 0.9982 | 11.2s
2026-04-08 15:22:21 - Epoch [58/100] LR: 9.07e-06/9.07e-05 | Loss: 0.4404 (seg=0.0018, cls=0.2193) | Cls Acc: 0.9886 | Seg IoU: 0.9965 | Seg Dice: 0.9982 | 12.2s
2026-04-08 15:22:32 - Epoch [59/100] LR: 8.72e-06/8.72e-05 | Loss: 0.5126 (seg=0.0018, cls=0.2554) | Cls Acc: 0.9675 | Seg IoU: 0.9966 | Seg Dice: 0.9983 | 11.1s
2026-04-08 15:22:43 - Epoch [60/100] LR: 8.38e-06/8.38e-05 | Loss: 0.4646 (seg=0.0017, cls=0.2315) | Cls Acc: 0.9838 | Seg IoU: 0.9968 | Seg Dice: 0.9984 | 11.4s
2026-04-08 15:22:43 - --------------------------------------------------
2026-04-08 15:22:46 - [Test] Cls — Acc: 0.5775 | P(macro): 0.5862 | R(macro): 0.5775 | F1(macro): 0.5666
2026-04-08 15:22:46 - [Test] Seg — Lesion IoU: 0.9961 | Lesion Dice: 0.9981
2026-04-08 15:22:46 - [Test] Classification Report:
              precision    recall  f1-score   support

      benign     0.6136    0.4186    0.4977       129
    no_tumor     0.5588    0.7364    0.6355       129

    accuracy                         0.5775       258
   macro avg     0.5862    0.5775    0.5666       258
weighted avg     0.5862    0.5775    0.5666       258

2026-04-08 15:22:46 - --------------------------------------------------
2026-04-08 15:22:58 - Epoch [61/100] LR: 8.04e-06/8.04e-05 | Loss: 0.4432 (seg=0.0017, cls=0.2207) | Cls Acc: 0.9886 | Seg IoU: 0.9966 | Seg Dice: 0.9983 | 11.3s
2026-04-08 15:23:10 - Epoch [62/100] LR: 7.70e-06/7.70e-05 | Loss: 0.4649 (seg=0.0016, cls=0.2316) | Cls Acc: 0.9805 | Seg IoU: 0.9970 | Seg Dice: 0.9985 | 11.9s
2026-04-08 15:23:21 - Epoch [63/100] LR: 7.37e-06/7.37e-05 | Loss: 0.5042 (seg=0.0016, cls=0.2513) | Cls Acc: 0.9708 | Seg IoU: 0.9969 | Seg Dice: 0.9984 | 11.3s
2026-04-08 15:23:32 - Epoch [64/100] LR: 7.04e-06/7.04e-05 | Loss: 0.4501 (seg=0.0015, cls=0.2243) | Cls Acc: 0.9854 | Seg IoU: 0.9971 | Seg Dice: 0.9986 | 11.2s
2026-04-08 15:23:43 - Epoch [65/100] LR: 6.71e-06/6.71e-05 | Loss: 0.4787 (seg=0.0014, cls=0.2387) | Cls Acc: 0.9773 | Seg IoU: 0.9973 | Seg Dice: 0.9987 | 11.3s
2026-04-08 15:23:43 - --------------------------------------------------
2026-04-08 15:23:46 - [Test] Cls — Acc: 0.5775 | P(macro): 0.5786 | R(macro): 0.5775 | F1(macro): 0.5761
2026-04-08 15:23:46 - [Test] Seg — Lesion IoU: 0.9966 | Lesion Dice: 0.9983
2026-04-08 15:23:46 - [Test] Classification Report:
              precision    recall  f1-score   support

      benign     0.5877    0.5194    0.5514       129
    no_tumor     0.5694    0.6357    0.6007       129

    accuracy                         0.5775       258
   macro avg     0.5786    0.5775    0.5761       258
weighted avg     0.5786    0.5775    0.5761       258

2026-04-08 15:23:46 - --------------------------------------------------
2026-04-08 15:23:58 - Epoch [66/100] LR: 6.39e-06/6.39e-05 | Loss: 0.4851 (seg=0.0013, cls=0.2419) | Cls Acc: 0.9805 | Seg IoU: 0.9974 | Seg Dice: 0.9987 | 11.1s
2026-04-08 15:24:09 - Epoch [67/100] LR: 6.07e-06/6.07e-05 | Loss: 0.4345 (seg=0.0013, cls=0.2166) | Cls Acc: 0.9935 | Seg IoU: 0.9974 | Seg Dice: 0.9987 | 11.7s
2026-04-08 15:24:20 - Epoch [68/100] LR: 5.76e-06/5.76e-05 | Loss: 0.4577 (seg=0.0012, cls=0.2282) | Cls Acc: 0.9854 | Seg IoU: 0.9976 | Seg Dice: 0.9988 | 11.1s
2026-04-08 15:24:31 - Epoch [69/100] LR: 5.45e-06/5.45e-05 | Loss: 0.4399 (seg=0.0013, cls=0.2193) | Cls Acc: 0.9903 | Seg IoU: 0.9973 | Seg Dice: 0.9987 | 11.2s
2026-04-08 15:24:43 - Epoch [70/100] LR: 5.15e-06/5.15e-05 | Loss: 0.4368 (seg=0.0012, cls=0.2178) | Cls Acc: 0.9919 | Seg IoU: 0.9976 | Seg Dice: 0.9988 | 11.5s
2026-04-08 15:24:43 - --------------------------------------------------
2026-04-08 15:24:46 - [Test] Cls — Acc: 0.5891 | P(macro): 0.5892 | R(macro): 0.5891 | F1(macro): 0.5891
2026-04-08 15:24:46 - [Test] Seg — Lesion IoU: 0.9968 | Lesion Dice: 0.9984
2026-04-08 15:24:46 - [Test] Classification Report:
              precision    recall  f1-score   support

      benign     0.5906    0.5814    0.5859       129
    no_tumor     0.5878    0.5969    0.5923       129

    accuracy                         0.5891       258
   macro avg     0.5892    0.5891    0.5891       258
weighted avg     0.5892    0.5891    0.5891       258

2026-04-08 15:24:46 - --------------------------------------------------
2026-04-08 15:24:58 - Epoch [71/100] LR: 4.85e-06/4.85e-05 | Loss: 0.4211 (seg=0.0012, cls=0.2099) | Cls Acc: 0.9968 | Seg IoU: 0.9977 | Seg Dice: 0.9989 | 11.5s
2026-04-08 15:25:10 - Epoch [72/100] LR: 4.56e-06/4.56e-05 | Loss: 0.4671 (seg=0.0012, cls=0.2329) | Cls Acc: 0.9805 | Seg IoU: 0.9976 | Seg Dice: 0.9988 | 11.8s
2026-04-08 15:25:21 - Epoch [73/100] LR: 4.28e-06/4.28e-05 | Loss: 0.4239 (seg=0.0011, cls=0.2114) | Cls Acc: 0.9903 | Seg IoU: 0.9979 | Seg Dice: 0.9990 | 11.2s
2026-04-08 15:25:32 - Epoch [74/100] LR: 4.00e-06/4.00e-05 | Loss: 0.4584 (seg=0.0011, cls=0.2287) | Cls Acc: 0.9870 | Seg IoU: 0.9979 | Seg Dice: 0.9989 | 11.8s
2026-04-08 15:25:43 - Epoch [75/100] LR: 3.74e-06/3.74e-05 | Loss: 0.4188 (seg=0.0010, cls=0.2089) | Cls Acc: 0.9968 | Seg IoU: 0.9980 | Seg Dice: 0.9990 | 11.0s
2026-04-08 15:25:43 - --------------------------------------------------
2026-04-08 15:25:47 - [Test] Cls — Acc: 0.5969 | P(macro): 0.6051 | R(macro): 0.5969 | F1(macro): 0.5889
2026-04-08 15:25:47 - [Test] Seg — Lesion IoU: 0.9972 | Lesion Dice: 0.9986
2026-04-08 15:25:47 - [Test] Classification Report:
              precision    recall  f1-score   support

      benign     0.6344    0.4574    0.5315       129
    no_tumor     0.5758    0.7364    0.6463       129

    accuracy                         0.5969       258
   macro avg     0.6051    0.5969    0.5889       258
weighted avg     0.6051    0.5969    0.5889       258

2026-04-08 15:25:47 - --------------------------------------------------
2026-04-08 15:25:58 - Epoch [76/100] LR: 3.48e-06/3.48e-05 | Loss: 0.4824 (seg=0.0010, cls=0.2407) | Cls Acc: 0.9789 | Seg IoU: 0.9980 | Seg Dice: 0.9990 | 11.5s
2026-04-08 15:26:09 - Epoch [77/100] LR: 3.22e-06/3.22e-05 | Loss: 0.4439 (seg=0.0011, cls=0.2214) | Cls Acc: 0.9870 | Seg IoU: 0.9979 | Seg Dice: 0.9989 | 11.0s
2026-04-08 15:26:20 - Epoch [78/100] LR: 2.98e-06/2.98e-05 | Loss: 0.4167 (seg=0.0010, cls=0.2079) | Cls Acc: 0.9919 | Seg IoU: 0.9980 | Seg Dice: 0.9990 | 11.2s
2026-04-08 15:26:32 - Epoch [79/100] LR: 2.74e-06/2.74e-05 | Loss: 0.4611 (seg=0.0010, cls=0.2300) | Cls Acc: 0.9870 | Seg IoU: 0.9980 | Seg Dice: 0.9990 | 12.0s
2026-04-08 15:26:43 - Epoch [80/100] LR: 2.52e-06/2.52e-05 | Loss: 0.4589 (seg=0.0010, cls=0.2290) | Cls Acc: 0.9854 | Seg IoU: 0.9981 | Seg Dice: 0.9990 | 11.1s
2026-04-08 15:26:43 - --------------------------------------------------
2026-04-08 15:26:46 - [Test] Cls — Acc: 0.5969 | P(macro): 0.5975 | R(macro): 0.5969 | F1(macro): 0.5963
2026-04-08 15:26:46 - [Test] Seg — Lesion IoU: 0.9974 | Lesion Dice: 0.9987
2026-04-08 15:26:46 - [Test] Classification Report:
              precision    recall  f1-score   support

      benign     0.6050    0.5581    0.5806       129
    no_tumor     0.5899    0.6357    0.6119       129

    accuracy                         0.5969       258
   macro avg     0.5975    0.5969    0.5963       258
weighted avg     0.5975    0.5969    0.5963       258

2026-04-08 15:26:46 - --------------------------------------------------
2026-04-08 15:26:58 - Epoch [81/100] LR: 2.30e-06/2.30e-05 | Loss: 0.4257 (seg=0.0009, cls=0.2124) | Cls Acc: 0.9935 | Seg IoU: 0.9982 | Seg Dice: 0.9991 | 11.5s
2026-04-08 15:27:09 - Epoch [82/100] LR: 2.09e-06/2.09e-05 | Loss: 0.4530 (seg=0.0009, cls=0.2260) | Cls Acc: 0.9886 | Seg IoU: 0.9982 | Seg Dice: 0.9991 | 11.1s
2026-04-08 15:27:20 - Epoch [83/100] LR: 1.89e-06/1.89e-05 | Loss: 0.4575 (seg=0.0010, cls=0.2283) | Cls Acc: 0.9854 | Seg IoU: 0.9981 | Seg Dice: 0.9990 | 11.1s
2026-04-08 15:27:32 - Epoch [84/100] LR: 1.70e-06/1.70e-05 | Loss: 0.4169 (seg=0.0009, cls=0.2080) | Cls Acc: 0.9951 | Seg IoU: 0.9982 | Seg Dice: 0.9991 | 11.7s
2026-04-08 15:27:43 - Epoch [85/100] LR: 1.53e-06/1.53e-05 | Loss: 0.4322 (seg=0.0009, cls=0.2156) | Cls Acc: 0.9919 | Seg IoU: 0.9982 | Seg Dice: 0.9991 | 10.8s
2026-04-08 15:27:43 - --------------------------------------------------
2026-04-08 15:27:46 - [Test] Cls — Acc: 0.5775 | P(macro): 0.5775 | R(macro): 0.5775 | F1(macro): 0.5775
2026-04-08 15:27:46 - [Test] Seg — Lesion IoU: 0.9975 | Lesion Dice: 0.9988
2026-04-08 15:27:46 - [Test] Classification Report:
              precision    recall  f1-score   support

      benign     0.5781    0.5736    0.5759       129
    no_tumor     0.5769    0.5814    0.5792       129

    accuracy                         0.5775       258
   macro avg     0.5775    0.5775    0.5775       258
weighted avg     0.5775    0.5775    0.5775       258

2026-04-08 15:27:46 - --------------------------------------------------
2026-04-08 15:27:57 - Epoch [86/100] LR: 1.36e-06/1.36e-05 | Loss: 0.4313 (seg=0.0009, cls=0.2152) | Cls Acc: 0.9919 | Seg IoU: 0.9982 | Seg Dice: 0.9991 | 11.8s
2026-04-08 15:28:09 - Epoch [87/100] LR: 1.20e-06/1.20e-05 | Loss: 0.4315 (seg=0.0009, cls=0.2153) | Cls Acc: 0.9903 | Seg IoU: 0.9982 | Seg Dice: 0.9991 | 11.3s
2026-04-08 15:28:20 - Epoch [88/100] LR: 1.06e-06/1.06e-05 | Loss: 0.4367 (seg=0.0009, cls=0.2179) | Cls Acc: 0.9886 | Seg IoU: 0.9982 | Seg Dice: 0.9991 | 11.2s
2026-04-08 15:28:31 - Epoch [89/100] LR: 9.21e-07/9.21e-06 | Loss: 0.4221 (seg=0.0010, cls=0.2106) | Cls Acc: 0.9951 | Seg IoU: 0.9981 | Seg Dice: 0.9990 | 11.3s
2026-04-08 15:28:43 - Epoch [90/100] LR: 7.97e-07/7.97e-06 | Loss: 0.4251 (seg=0.0009, cls=0.2121) | Cls Acc: 0.9886 | Seg IoU: 0.9982 | Seg Dice: 0.9991 | 11.4s
2026-04-08 15:28:43 - --------------------------------------------------
2026-04-08 15:28:46 - [Test] Cls — Acc: 0.5775 | P(macro): 0.5823 | R(macro): 0.5775 | F1(macro): 0.5713
2026-04-08 15:28:46 - [Test] Seg — Lesion IoU: 0.9976 | Lesion Dice: 0.9988
2026-04-08 15:28:46 - [Test] Classification Report:
              precision    recall  f1-score   support

      benign     0.6020    0.4574    0.5198       129
    no_tumor     0.5625    0.6977    0.6228       129

    accuracy                         0.5775       258
   macro avg     0.5823    0.5775    0.5713       258
weighted avg     0.5823    0.5775    0.5713       258

2026-04-08 15:28:46 - --------------------------------------------------
2026-04-08 15:28:57 - Epoch [91/100] LR: 6.85e-07/6.85e-06 | Loss: 0.4202 (seg=0.0008, cls=0.2097) | Cls Acc: 0.9951 | Seg IoU: 0.9984 | Seg Dice: 0.9992 | 11.2s
2026-04-08 15:29:09 - Epoch [92/100] LR: 5.84e-07/5.84e-06 | Loss: 0.4209 (seg=0.0009, cls=0.2100) | Cls Acc: 0.9935 | Seg IoU: 0.9982 | Seg Dice: 0.9991 | 12.1s
2026-04-08 15:29:20 - Epoch [93/100] LR: 4.94e-07/4.94e-06 | Loss: 0.4322 (seg=0.0009, cls=0.2156) | Cls Acc: 0.9903 | Seg IoU: 0.9982 | Seg Dice: 0.9991 | 11.1s
2026-04-08 15:29:31 - Epoch [94/100] LR: 4.16e-07/4.16e-06 | Loss: 0.4455 (seg=0.0008, cls=0.2224) | Cls Acc: 0.9870 | Seg IoU: 0.9984 | Seg Dice: 0.9992 | 11.2s
2026-04-08 15:29:43 - Epoch [95/100] LR: 3.50e-07/3.50e-06 | Loss: 0.4299 (seg=0.0009, cls=0.2145) | Cls Acc: 0.9919 | Seg IoU: 0.9982 | Seg Dice: 0.9991 | 11.3s
2026-04-08 15:29:43 - --------------------------------------------------
2026-04-08 15:29:46 - [Test] Cls — Acc: 0.5736 | P(macro): 0.5739 | R(macro): 0.5736 | F1(macro): 0.5732
2026-04-08 15:29:46 - [Test] Seg — Lesion IoU: 0.9977 | Lesion Dice: 0.9988
2026-04-08 15:29:46 - [Test] Classification Report:
              precision    recall  f1-score   support

      benign     0.5785    0.5426    0.5600       129
    no_tumor     0.5693    0.6047    0.5865       129

    accuracy                         0.5736       258
   macro avg     0.5739    0.5736    0.5732       258
weighted avg     0.5739    0.5736    0.5732       258

2026-04-08 15:29:46 - --------------------------------------------------
2026-04-08 15:29:57 - Epoch [96/100] LR: 2.96e-07/2.96e-06 | Loss: 0.4280 (seg=0.0009, cls=0.2135) | Cls Acc: 0.9935 | Seg IoU: 0.9983 | Seg Dice: 0.9992 | 11.1s
2026-04-08 15:30:09 - Epoch [97/100] LR: 2.54e-07/2.54e-06 | Loss: 0.4450 (seg=0.0009, cls=0.2221) | Cls Acc: 0.9886 | Seg IoU: 0.9983 | Seg Dice: 0.9992 | 11.8s
2026-04-08 15:30:20 - Epoch [98/100] LR: 2.24e-07/2.24e-06 | Loss: 0.4134 (seg=0.0008, cls=0.2063) | Cls Acc: 0.9968 | Seg IoU: 0.9984 | Seg Dice: 0.9992 | 11.4s
2026-04-08 15:30:33 - Epoch [99/100] LR: 2.06e-07/2.06e-06 | Loss: 0.4400 (seg=0.0009, cls=0.2196) | Cls Acc: 0.9919 | Seg IoU: 0.9983 | Seg Dice: 0.9992 | 12.6s
2026-04-08 15:30:44 - Epoch [100/100] LR: 2.00e-07/2.00e-06 | Loss: 0.4294 (seg=0.0008, cls=0.2143) | Cls Acc: 0.9919 | Seg IoU: 0.9984 | Seg Dice: 0.9992 | 11.3s
2026-04-08 15:30:44 - --------------------------------------------------
2026-04-08 15:30:48 - [Test] Cls — Acc: 0.5775 | P(macro): 0.5779 | R(macro): 0.5775 | F1(macro): 0.5770
2026-04-08 15:30:48 - [Test] Seg — Lesion IoU: 0.9977 | Lesion Dice: 0.9989
2026-04-08 15:30:48 - [Test] Classification Report:
              precision    recall  f1-score   support

      benign     0.5833    0.5426    0.5622       129
    no_tumor     0.5725    0.6124    0.5918       129

    accuracy                         0.5775       258
   macro avg     0.5779    0.5775    0.5770       258
weighted avg     0.5779    0.5775    0.5770       258

2026-04-08 15:30:48 - --------------------------------------------------
2026-04-08 15:30:48 - 
======================================================================
2026-04-08 15:30:48 - 训练完成! 最优模型: Epoch 15, F1: 0.6464
2026-04-08 15:30:48 - ======================================================================
2026-04-08 15:30:48 - 
加载最优权重进行最终测试...
2026-04-08 15:30:48 - ======================================================================
2026-04-08 15:30:48 - 最终测试结果 (最优权重, threshold=0.5)
2026-04-08 15:30:48 - ======================================================================
2026-04-08 15:30:51 - [Final Test] Cls — Acc: 0.6473 | P(macro): 0.6488 | R(macro): 0.6473 | F1(macro): 0.6464
2026-04-08 15:30:51 - [Final Test] Seg — Lesion IoU: 0.9695 | Lesion Dice: 0.9845
2026-04-08 15:30:51 - [Final Test] Classification Report:
              precision    recall  f1-score   support

      benign     0.6338    0.6977    0.6642       129
    no_tumor     0.6638    0.5969    0.6286       129

    accuracy                         0.6473       258
   macro avg     0.6488    0.6473    0.6464       258
weighted avg     0.6488    0.6473    0.6464       258

2026-04-08 15:30:51 - 
======================================================================
2026-04-08 15:30:51 - 阈值优化搜索
2026-04-08 15:30:51 - ======================================================================
2026-04-08 15:30:54 - 最优阈值: 0.530 (F1: 0.6625 vs 默认0.5 F1: 0.6464)
2026-04-08 15:30:58 - [Final Test (最优阈值)] Threshold: 0.530 | Acc: 0.6628 | P(macro): 0.6633 | R(macro): 0.6628 | F1(macro): 0.6625
2026-04-08 15:30:58 - [Final Test (最优阈值)] Classification Report:
              precision    recall  f1-score   support

      benign     0.6544    0.6899    0.6717       129
    no_tumor     0.6721    0.6357    0.6534       129

    accuracy                         0.6628       258
   macro avg     0.6633    0.6628    0.6625       258
weighted avg     0.6633    0.6628    0.6625       258

2026-04-08 15:30:58 - 训练脚本已复制到: /data1/ouyangxinglong/GBP-Cascade/0408/logs/20260408_task2_SwinV2Tiny_segcls_20b/20260408_task2_SwinV2Tiny_segcls_20b.py
