2026-04-14 12:19:52 - ======================================================================
2026-04-14 12:19:52 - 实验名称: 20260414_task3_SwinV2Tiny_segcls_smoke_1
2026-04-14 12:19:52 - 模型: SwinV2-Tiny@256 + 4ch(RGB+GallbladderROI) + LesionSeg + 3ClassCls
2026-04-14 12:19:52 - 修改: 0414 smoke baseline: 4ch输入改为RGB+gallbladder ROI, seg监督只用lesion polygon, malignant自动mask-off, 分类为malignant/benign/no_tumor三分类
2026-04-14 12:19:52 - 数据集: /data1/ouyangxinglong/GBP-Cascade/0414dataset
2026-04-14 12:19:52 - 图像尺寸: 256
2026-04-14 12:19:52 - 分类类别: ['malignant', 'benign', 'no_tumor']
2026-04-14 12:19:52 - Batch Size: 8
2026-04-14 12:19:52 - Backbone LR: 2e-05
2026-04-14 12:19:52 - Head LR: 0.0002
2026-04-14 12:19:52 - Epochs: 30
2026-04-14 12:19:52 - 设备: cuda
2026-04-14 12:19:52 - ======================================================================
2026-04-14 12:19:53 - 训练集: 1084 张 (malignant=272, benign=271, no_tumor=541)
2026-04-14 12:19:53 - 测试集: 456 张 (malignant=114, benign=114, no_tumor=228)
2026-04-14 12:20:12 - 模型参数量: 34,649,103
2026-04-14 12:20:12 - 可训练参数量: 34,649,103
2026-04-14 12:20:12 - 分类类别权重: malignant=1.3284, benign=1.3333, no_tumor=0.6679
2026-04-14 12:20:12 - ======================================================================
2026-04-14 12:20:12 - 开始训练
2026-04-14 12:20:12 - ======================================================================
2026-04-14 12:20:37 - Epoch [1/30] LR: 4.00e-06/4.00e-05 | Loss: 2.9965 (seg=0.7207, cls=1.1379) | Cls Acc: 0.3787 | Seg Dice: 0.3694
2026-04-14 12:20:53 - Epoch [2/30] LR: 8.00e-06/8.00e-05 | Loss: 2.2221 (seg=0.4031, cls=0.9095) | Cls Acc: 0.5222 | Seg Dice: 0.6651
2026-04-14 12:20:53 - --------------------------------------------------
2026-04-14 12:20:57 - [Test] Cls — Acc: 0.3838 | P(macro): 0.2713 | R(macro): 0.5117 | F1(macro): 0.3514
2026-04-14 12:20:57 - [Test] Seg — Lesion IoU: 0.5116 | Lesion Dice: 0.6731
2026-04-14 12:20:57 - [Test] Classification Report:
              precision    recall  f1-score   support

   malignant     0.5220    0.8333    0.6419       114
      benign     0.2920    0.7018    0.4124       114
    no_tumor     0.0000    0.0000    0.0000       228

    accuracy                         0.3838       456
   macro avg     0.2713    0.5117    0.3514       456
weighted avg     0.2035    0.3838    0.2636       456

2026-04-14 12:20:57 - *** 保存最优模型 (F1: 0.3514, Epoch: 2) ***
2026-04-14 12:20:57 - --------------------------------------------------
2026-04-14 12:21:13 - Epoch [3/30] LR: 1.20e-05/1.20e-04 | Loss: 1.9459 (seg=0.3360, cls=0.8049) | Cls Acc: 0.5907 | Seg Dice: 0.7049
2026-04-14 12:21:29 - Epoch [4/30] LR: 1.60e-05/1.60e-04 | Loss: 1.8262 (seg=0.2762, cls=0.7750) | Cls Acc: 0.5991 | Seg Dice: 0.7342
2026-04-14 12:21:29 - --------------------------------------------------
2026-04-14 12:21:31 - [Test] Cls — Acc: 0.4759 | P(macro): 0.6243 | R(macro): 0.5629 | F1(macro): 0.5128
2026-04-14 12:21:31 - [Test] Seg — Lesion IoU: 0.6147 | Lesion Dice: 0.7583
2026-04-14 12:21:31 - [Test] Classification Report:
              precision    recall  f1-score   support

   malignant     0.8953    0.6754    0.7700       114
      benign     0.3064    0.7982    0.4428       114
    no_tumor     0.6712    0.2149    0.3256       228

    accuracy                         0.4759       456
   macro avg     0.6243    0.5629    0.5128       456
weighted avg     0.6361    0.4759    0.4660       456

2026-04-14 12:21:31 - *** 保存最优模型 (F1: 0.5128, Epoch: 4) ***
2026-04-14 12:21:31 - --------------------------------------------------
2026-04-14 12:21:47 - Epoch [5/30] LR: 2.00e-05/2.00e-04 | Loss: 1.6592 (seg=0.2552, cls=0.7020) | Cls Acc: 0.6509 | Seg Dice: 0.7505
2026-04-14 12:22:03 - Epoch [6/30] LR: 1.99e-05/1.99e-04 | Loss: 1.6358 (seg=0.2142, cls=0.7108) | Cls Acc: 0.6583 | Seg Dice: 0.7876
2026-04-14 12:22:03 - --------------------------------------------------
2026-04-14 12:22:06 - [Test] Cls — Acc: 0.5417 | P(macro): 0.6132 | R(macro): 0.5965 | F1(macro): 0.5669
2026-04-14 12:22:06 - [Test] Seg — Lesion IoU: 0.5622 | Lesion Dice: 0.7164
2026-04-14 12:22:06 - [Test] Classification Report:
              precision    recall  f1-score   support

   malignant     0.7727    0.7456    0.7589       114
      benign     0.3319    0.6667    0.4431       114
    no_tumor     0.7350    0.3772    0.4986       228

    accuracy                         0.5417       456
   macro avg     0.6132    0.5965    0.5669       456
weighted avg     0.6437    0.5417    0.5498       456

2026-04-14 12:22:07 - *** 保存最优模型 (F1: 0.5669, Epoch: 6) ***
2026-04-14 12:22:07 - --------------------------------------------------
2026-04-14 12:22:23 - Epoch [7/30] LR: 1.97e-05/1.97e-04 | Loss: 1.5071 (seg=0.2143, cls=0.6464) | Cls Acc: 0.7009 | Seg Dice: 0.7818
2026-04-14 12:22:39 - Epoch [8/30] LR: 1.93e-05/1.93e-04 | Loss: 1.4481 (seg=0.1726, cls=0.6378) | Cls Acc: 0.7241 | Seg Dice: 0.8180
2026-04-14 12:22:39 - --------------------------------------------------
2026-04-14 12:22:42 - [Test] Cls — Acc: 0.4846 | P(macro): 0.5766 | R(macro): 0.5804 | F1(macro): 0.5061
2026-04-14 12:22:42 - [Test] Seg — Lesion IoU: 0.6535 | Lesion Dice: 0.7874
2026-04-14 12:22:42 - [Test] Classification Report:
              precision    recall  f1-score   support

   malignant     0.7323    0.8158    0.7718       114
      benign     0.3156    0.7281    0.4403       114
    no_tumor     0.6818    0.1974    0.3061       228

    accuracy                         0.4846       456
   macro avg     0.5766    0.5804    0.5061       456
weighted avg     0.6029    0.4846    0.4561       456

2026-04-14 12:22:42 - --------------------------------------------------
2026-04-14 12:23:00 - Epoch [9/30] LR: 1.88e-05/1.88e-04 | Loss: 1.3748 (seg=0.1708, cls=0.6020) | Cls Acc: 0.7602 | Seg Dice: 0.8235
2026-04-14 12:23:17 - Epoch [10/30] LR: 1.81e-05/1.81e-04 | Loss: 1.2569 (seg=0.1657, cls=0.5456) | Cls Acc: 0.8056 | Seg Dice: 0.8257
2026-04-14 12:23:17 - --------------------------------------------------
2026-04-14 12:23:19 - [Test] Cls — Acc: 0.5680 | P(macro): 0.6306 | R(macro): 0.6140 | F1(macro): 0.5973
2026-04-14 12:23:19 - [Test] Seg — Lesion IoU: 0.7147 | Lesion Dice: 0.8323
2026-04-14 12:23:19 - [Test] Classification Report:
              precision    recall  f1-score   support

   malignant     0.8585    0.7982    0.8273       114
      benign     0.3333    0.6140    0.4321       114
    no_tumor     0.7000    0.4298    0.5326       228

    accuracy                         0.5680       456
   macro avg     0.6306    0.6140    0.5973       456
weighted avg     0.6480    0.5680    0.5811       456

2026-04-14 12:23:20 - *** 保存最优模型 (F1: 0.5973, Epoch: 10) ***
2026-04-14 12:23:20 - --------------------------------------------------
2026-04-14 12:23:37 - Epoch [11/30] LR: 1.73e-05/1.73e-04 | Loss: 1.2627 (seg=0.1608, cls=0.5509) | Cls Acc: 0.7898 | Seg Dice: 0.8313
2026-04-14 12:23:54 - Epoch [12/30] LR: 1.64e-05/1.64e-04 | Loss: 1.2274 (seg=0.1634, cls=0.5320) | Cls Acc: 0.8194 | Seg Dice: 0.8279
2026-04-14 12:23:54 - --------------------------------------------------
2026-04-14 12:23:56 - [Test] Cls — Acc: 0.6140 | P(macro): 0.6123 | R(macro): 0.6038 | F1(macro): 0.6073
2026-04-14 12:23:56 - [Test] Seg — Lesion IoU: 0.7175 | Lesion Dice: 0.8338
2026-04-14 12:23:56 - [Test] Classification Report:
              precision    recall  f1-score   support

   malignant     0.8440    0.8070    0.8251       114
      benign     0.3154    0.3596    0.3361       114
    no_tumor     0.6774    0.6447    0.6607       228

    accuracy                         0.6140       456
   macro avg     0.6123    0.6038    0.6073       456
weighted avg     0.6286    0.6140    0.6206       456

2026-04-14 12:23:57 - *** 保存最优模型 (F1: 0.6073, Epoch: 12) ***
2026-04-14 12:23:57 - --------------------------------------------------
2026-04-14 12:24:14 - Epoch [13/30] LR: 1.54e-05/1.54e-04 | Loss: 1.1806 (seg=0.1501, cls=0.5153) | Cls Acc: 0.8417 | Seg Dice: 0.8394
2026-04-14 12:24:30 - Epoch [14/30] LR: 1.43e-05/1.43e-04 | Loss: 1.1087 (seg=0.1489, cls=0.4799) | Cls Acc: 0.8824 | Seg Dice: 0.8384
2026-04-14 12:24:30 - --------------------------------------------------
2026-04-14 12:24:33 - [Test] Cls — Acc: 0.6162 | P(macro): 0.6465 | R(macro): 0.6272 | F1(macro): 0.6298
2026-04-14 12:24:33 - [Test] Seg — Lesion IoU: 0.7122 | Lesion Dice: 0.8303
2026-04-14 12:24:33 - [Test] Classification Report:
              precision    recall  f1-score   support

   malignant     0.8911    0.7895    0.8372       114
      benign     0.3558    0.5088    0.4188       114
    no_tumor     0.6927    0.5833    0.6333       228

    accuracy                         0.6162       456
   macro avg     0.6465    0.6272    0.6298       456
weighted avg     0.6581    0.6162    0.6307       456

2026-04-14 12:24:34 - *** 保存最优模型 (F1: 0.6298, Epoch: 14) ***
2026-04-14 12:24:34 - --------------------------------------------------
2026-04-14 12:24:49 - Epoch [15/30] LR: 1.32e-05/1.32e-04 | Loss: 1.1034 (seg=0.1376, cls=0.4829) | Cls Acc: 0.8704 | Seg Dice: 0.8504
2026-04-14 12:25:06 - Epoch [16/30] LR: 1.20e-05/1.20e-04 | Loss: 1.0758 (seg=0.1445, cls=0.4656) | Cls Acc: 0.8694 | Seg Dice: 0.8459
2026-04-14 12:25:06 - --------------------------------------------------
2026-04-14 12:25:08 - [Test] Cls — Acc: 0.5899 | P(macro): 0.6353 | R(macro): 0.5833 | F1(macro): 0.5998
2026-04-14 12:25:08 - [Test] Seg — Lesion IoU: 0.6953 | Lesion Dice: 0.8181
2026-04-14 12:25:08 - [Test] Classification Report:
              precision    recall  f1-score   support

   malignant     0.9294    0.6930    0.7940       114
      benign     0.3208    0.4474    0.3736       114
    no_tumor     0.6557    0.6096    0.6318       228

    accuracy                         0.5899       456
   macro avg     0.6353    0.5833    0.5998       456
weighted avg     0.6404    0.5899    0.6078       456

2026-04-14 12:25:08 - --------------------------------------------------
2026-04-14 12:25:29 - Epoch [17/30] LR: 1.07e-05/1.07e-04 | Loss: 1.0351 (seg=0.1354, cls=0.4499) | Cls Acc: 0.9009 | Seg Dice: 0.8551
2026-04-14 12:25:49 - Epoch [18/30] LR: 9.48e-06/9.48e-05 | Loss: 0.9962 (seg=0.1362, cls=0.4300) | Cls Acc: 0.9130 | Seg Dice: 0.8497
2026-04-14 12:25:49 - --------------------------------------------------
2026-04-14 12:25:53 - [Test] Cls — Acc: 0.5943 | P(macro): 0.6198 | R(macro): 0.6067 | F1(macro): 0.6061
2026-04-14 12:25:53 - [Test] Seg — Lesion IoU: 0.7075 | Lesion Dice: 0.8268
2026-04-14 12:25:53 - [Test] Classification Report:
              precision    recall  f1-score   support

   malignant     0.8396    0.7807    0.8091       114
      benign     0.3333    0.4825    0.3943       114
    no_tumor     0.6865    0.5570    0.6150       228

    accuracy                         0.5943       456
   macro avg     0.6198    0.6067    0.6061       456
weighted avg     0.6365    0.5943    0.6083       456

2026-04-14 12:25:53 - --------------------------------------------------
2026-04-14 12:26:13 - Epoch [19/30] LR: 8.24e-06/8.24e-05 | Loss: 0.9398 (seg=0.1272, cls=0.4063) | Cls Acc: 0.9296 | Seg Dice: 0.8610
2026-04-14 12:26:33 - Epoch [20/30] LR: 7.04e-06/7.04e-05 | Loss: 0.9673 (seg=0.1315, cls=0.4179) | Cls Acc: 0.9250 | Seg Dice: 0.8553
2026-04-14 12:26:33 - --------------------------------------------------
2026-04-14 12:26:36 - [Test] Cls — Acc: 0.6140 | P(macro): 0.6358 | R(macro): 0.6287 | F1(macro): 0.6251
2026-04-14 12:26:36 - [Test] Seg — Lesion IoU: 0.6983 | Lesion Dice: 0.8202
2026-04-14 12:26:36 - [Test] Classification Report:
              precision    recall  f1-score   support

   malignant     0.8426    0.7982    0.8198       114
      benign     0.3620    0.5175    0.4260       114
    no_tumor     0.7027    0.5702    0.6295       228

    accuracy                         0.6140       456
   macro avg     0.6358    0.6287    0.6251       456
weighted avg     0.6525    0.6140    0.6262       456

2026-04-14 12:26:36 - --------------------------------------------------
2026-04-14 12:26:56 - Epoch [21/30] LR: 5.88e-06/5.88e-05 | Loss: 0.9638 (seg=0.1324, cls=0.4157) | Cls Acc: 0.9185 | Seg Dice: 0.8629
2026-04-14 12:27:16 - Epoch [22/30] LR: 4.80e-06/4.80e-05 | Loss: 0.9043 (seg=0.1205, cls=0.3919) | Cls Acc: 0.9398 | Seg Dice: 0.8654
2026-04-14 12:27:16 - --------------------------------------------------
2026-04-14 12:27:20 - [Test] Cls — Acc: 0.6228 | P(macro): 0.6129 | R(macro): 0.6067 | F1(macro): 0.6097
2026-04-14 12:27:20 - [Test] Seg — Lesion IoU: 0.7124 | Lesion Dice: 0.8300
2026-04-14 12:27:20 - [Test] Classification Report:
              precision    recall  f1-score   support

   malignant     0.8455    0.8158    0.8304       114
      benign     0.3193    0.3333    0.3262       114
    no_tumor     0.6740    0.6711    0.6725       228

    accuracy                         0.6228       456
   macro avg     0.6129    0.6067    0.6097       456
weighted avg     0.6282    0.6228    0.6254       456

2026-04-14 12:27:20 - --------------------------------------------------
2026-04-14 12:27:40 - Epoch [23/30] LR: 3.79e-06/3.79e-05 | Loss: 0.8881 (seg=0.1153, cls=0.3864) | Cls Acc: 0.9361 | Seg Dice: 0.8736
2026-04-14 12:27:59 - Epoch [24/30] LR: 2.88e-06/2.88e-05 | Loss: 0.9036 (seg=0.1223, cls=0.3907) | Cls Acc: 0.9269 | Seg Dice: 0.8666
2026-04-14 12:27:59 - --------------------------------------------------
2026-04-14 12:28:03 - [Test] Cls — Acc: 0.6184 | P(macro): 0.6259 | R(macro): 0.6096 | F1(macro): 0.6163
2026-04-14 12:28:03 - [Test] Seg — Lesion IoU: 0.7301 | Lesion Dice: 0.8422
2026-04-14 12:28:03 - [Test] Classification Report:
              precision    recall  f1-score   support

   malignant     0.8750    0.7982    0.8349       114
      benign     0.3284    0.3860    0.3548       114
    no_tumor     0.6743    0.6447    0.6592       228

    accuracy                         0.6184       456
   macro avg     0.6259    0.6096    0.6163       456
weighted avg     0.6380    0.6184    0.6270       456

2026-04-14 12:28:03 - --------------------------------------------------
2026-04-14 12:28:22 - Epoch [25/30] LR: 2.09e-06/2.09e-05 | Loss: 0.9086 (seg=0.1256, cls=0.3915) | Cls Acc: 0.9361 | Seg Dice: 0.8589
2026-04-14 12:28:42 - Epoch [26/30] LR: 1.42e-06/1.42e-05 | Loss: 0.8546 (seg=0.1155, cls=0.3696) | Cls Acc: 0.9565 | Seg Dice: 0.8731
2026-04-14 12:28:42 - --------------------------------------------------
2026-04-14 12:28:46 - [Test] Cls — Acc: 0.6250 | P(macro): 0.6252 | R(macro): 0.6111 | F1(macro): 0.6174
2026-04-14 12:28:46 - [Test] Seg — Lesion IoU: 0.7319 | Lesion Dice: 0.8435
2026-04-14 12:28:46 - [Test] Classification Report:
              precision    recall  f1-score   support

   malignant     0.8667    0.7982    0.8311       114
      benign     0.3333    0.3684    0.3500       114
    no_tumor     0.6756    0.6667    0.6711       228

    accuracy                         0.6250       456
   macro avg     0.6252    0.6111    0.6174       456
weighted avg     0.6378    0.6250    0.6308       456

2026-04-14 12:28:46 - --------------------------------------------------
2026-04-14 12:29:05 - Epoch [27/30] LR: 8.95e-07/8.95e-06 | Loss: 0.8730 (seg=0.1192, cls=0.3769) | Cls Acc: 0.9444 | Seg Dice: 0.8722
2026-04-14 12:29:25 - Epoch [28/30] LR: 5.11e-07/5.11e-06 | Loss: 0.8504 (seg=0.1178, cls=0.3663) | Cls Acc: 0.9519 | Seg Dice: 0.8719
2026-04-14 12:29:25 - --------------------------------------------------
2026-04-14 12:29:28 - [Test] Cls — Acc: 0.6228 | P(macro): 0.6253 | R(macro): 0.6126 | F1(macro): 0.6180
2026-04-14 12:29:28 - [Test] Seg — Lesion IoU: 0.7271 | Lesion Dice: 0.8401
2026-04-14 12:29:28 - [Test] Classification Report:
              precision    recall  f1-score   support

   malignant     0.8679    0.8070    0.8364       114
      benign     0.3308    0.3772    0.3525       114
    no_tumor     0.6773    0.6535    0.6652       228

    accuracy                         0.6228       456
   macro avg     0.6253    0.6126    0.6180       456
weighted avg     0.6383    0.6228    0.6298       456

2026-04-14 12:29:28 - --------------------------------------------------
2026-04-14 12:29:48 - Epoch [29/30] LR: 2.78e-07/2.78e-06 | Loss: 0.8614 (seg=0.1185, cls=0.3715) | Cls Acc: 0.9472 | Seg Dice: 0.8679
2026-04-14 12:30:08 - Epoch [30/30] LR: 2.00e-07/2.00e-06 | Loss: 0.8663 (seg=0.1027, cls=0.3818) | Cls Acc: 0.9454 | Seg Dice: 0.8821
2026-04-14 12:30:08 - --------------------------------------------------
2026-04-14 12:30:11 - [Test] Cls — Acc: 0.6250 | P(macro): 0.6266 | R(macro): 0.6126 | F1(macro): 0.6187
2026-04-14 12:30:11 - [Test] Seg — Lesion IoU: 0.7323 | Lesion Dice: 0.8436
2026-04-14 12:30:11 - [Test] Classification Report:
              precision    recall  f1-score   support

   malignant     0.8667    0.7982    0.8311       114
      benign     0.3359    0.3772    0.3554       114
    no_tumor     0.6771    0.6623    0.6696       228

    accuracy                         0.6250       456
   macro avg     0.6266    0.6126    0.6187       456
weighted avg     0.6392    0.6250    0.6314       456

2026-04-14 12:30:11 - --------------------------------------------------
2026-04-14 12:30:11 - ======================================================================
2026-04-14 12:30:11 - 训练完成! 最优 Epoch: 14, Best F1: 0.6298
2026-04-14 12:30:11 - ======================================================================
2026-04-14 12:30:11 - 最终测试结果 (最优权重)
2026-04-14 12:30:15 - [Final Test] Cls — Acc: 0.6162 | P(macro): 0.6465 | R(macro): 0.6272 | F1(macro): 0.6298
2026-04-14 12:30:15 - [Final Test] Seg — Lesion IoU: 0.7122 | Lesion Dice: 0.8303
2026-04-14 12:30:15 - [Final Test] Classification Report:
              precision    recall  f1-score   support

   malignant     0.8911    0.7895    0.8372       114
      benign     0.3558    0.5088    0.4188       114
    no_tumor     0.6927    0.5833    0.6333       228

    accuracy                         0.6162       456
   macro avg     0.6465    0.6272    0.6298       456
weighted avg     0.6581    0.6162    0.6307       456

2026-04-14 12:30:15 - 训练脚本已复制到: /data1/ouyangxinglong/GBP-Cascade/0414/logs/20260414_task3_SwinV2Tiny_segcls_smoke_1/20260414_task3_SwinV2Tiny_segcls_smoke_1.py
