2026-05-14 18:54:33 - ========================================================================
2026-05-14 18:54:33 - Ratio Ablation Experiment: D1_1_1_1
2026-05-14 18:54:33 - Train: /data1/ouyangxinglong/GBP-Cascade/0514dataset_flat/ratio_ablation_splits/train_D1_1_1_1.xlsx
2026-05-14 18:54:33 - Val:   /data1/ouyangxinglong/GBP-Cascade/0514/logs/20260514_task_risk_SwinV2Tiny_ordinal_trimodal_1/val_split.xlsx
2026-05-14 18:54:33 - Test:  /data1/ouyangxinglong/GBP-Cascade/0514dataset_flat/task_3class_test.xlsx
2026-05-14 18:54:33 - Sampler: natural → samples_per_class=None batch_size=8
2026-05-14 18:54:33 - Epochs: 20 | seed: 42
2026-05-14 18:54:33 - Device: cuda
2026-05-14 18:54:33 - ========================================================================
2026-05-14 18:54:33 - 训练 xlsx: /data1/ouyangxinglong/GBP-Cascade/0514dataset_flat/ratio_ablation_splits/train_D1_1_1_1.xlsx
2026-05-14 18:54:33 - 验证 xlsx: /data1/ouyangxinglong/GBP-Cascade/0514/logs/20260514_task_risk_SwinV2Tiny_ordinal_trimodal_1/val_split.xlsx
2026-05-14 18:54:33 - 测试 xlsx: /data1/ouyangxinglong/GBP-Cascade/0514dataset_flat/task_3class_test.xlsx
2026-05-14 18:54:33 - meta_stats fit xlsx: /data1/ouyangxinglong/GBP-Cascade/0514/logs/20260514_task_risk_SwinV2Tiny_ordinal_trimodal_1/train_split.xlsx
2026-05-14 18:54:33 - [1/3] 装载 text_dict ...
2026-05-14 18:54:33 -   text_dict: 1791 条 (0.1s)
2026-05-14 18:54:33 - [2/3] 拟合 meta_stats（用 baseline train_split，保证跨实验一致） ...
2026-05-14 18:54:34 -   meta_stats OK (0.8s)
2026-05-14 18:54:34 - [3/3] 构造 train / val / test Dataset ...
2026-05-14 18:54:36 -   Dataset OK (2.0s)
2026-05-14 18:54:36 -   Train: 728 张 (malignant=242, benign=244, no_tumor=242)
2026-05-14 18:54:36 -   Val: 424 张 (malignant=62, benign=65, no_tumor=297)
2026-05-14 18:54:36 -   Test: 1167 张 (malignant=104, benign=158, no_tumor=905)
2026-05-14 18:54:36 - Sampler: RandomSampler (natural, batch_size=8)
2026-05-14 18:54:36 - DataLoaders OK | train_batches=91 val=53 test=146
2026-05-14 18:54:36 - 构建模型 ...
2026-05-14 18:54:40 - 模型构建完成 (3.9s)
2026-05-14 18:54:40 - ========================================================================
2026-05-14 18:54:40 - 开始训练
2026-05-14 18:54:40 - ========================================================================
2026-05-14 18:56:30 - Epoch [1/20] LR: 4.00e-06/4.00e-05 | Loss: 1.9674 (seg=0.7506 ord=0.6084) | Dice: 0.1744 | 110s
2026-05-14 18:58:19 - Epoch [2/20] LR: 8.00e-06/8.00e-05 | Loss: 1.4521 (seg=0.4922 ord=0.4799) | Dice: 0.7368 | 109s
2026-05-14 18:59:01 - [Val] AUC: 0.9768 | profile=relax_safety t_low=0.070 t_high=0.500 low_p=0.9055 high_recall=0.9194 M→低=0 med_share=0.507
2026-05-14 18:59:02 - *** 保存最优 (Val AUC: 0.9768, Epoch 2) ***
2026-05-14 19:00:33 - Epoch [3/20] LR: 1.20e-05/1.20e-04 | Loss: 1.2532 (seg=0.4089 ord=0.4222) | Dice: 0.7772 | 91s
2026-05-14 19:02:02 - Epoch [4/20] LR: 1.60e-05/1.60e-04 | Loss: 1.1200 (seg=0.3184 ord=0.4008) | Dice: 0.8651 | 90s
2026-05-14 19:02:41 - [Val] AUC: 0.9947 | profile=primary t_low=0.190 t_high=0.500 low_p=0.8982 high_recall=1.0000 M→低=0 med_share=0.274
2026-05-14 19:02:45 - *** 保存最优 (Val AUC: 0.9947, Epoch 4) ***
2026-05-14 19:04:17 - Epoch [5/20] LR: 2.00e-05/2.00e-04 | Loss: 0.9473 (seg=0.1904 ord=0.3785) | Dice: 0.9152 | 92s
2026-05-14 19:05:44 - Epoch [6/20] LR: 1.98e-05/1.98e-04 | Loss: 0.8407 (seg=0.0889 ord=0.3759) | Dice: 0.9466 | 87s
2026-05-14 19:06:23 - [Val] AUC: 0.9923 | profile=unconstrained t_low=0.050 t_high=0.500 low_p=1.0000 high_recall=0.8871 M→低=0 med_share=0.854
2026-05-14 19:07:53 - Epoch [7/20] LR: 1.91e-05/1.91e-04 | Loss: 0.7470 (seg=0.0537 ord=0.3466) | Dice: 0.9560 | 90s
2026-05-14 19:09:25 - Epoch [8/20] LR: 1.81e-05/1.81e-04 | Loss: 0.7153 (seg=0.0411 ord=0.3371) | Dice: 0.9632 | 92s
2026-05-14 19:10:03 - [Val] AUC: 0.9873 | profile=primary t_low=0.070 t_high=0.500 low_p=0.8855 high_recall=0.9516 M→低=1 med_share=0.309
2026-05-14 19:11:37 - Epoch [9/20] LR: 1.67e-05/1.67e-04 | Loss: 0.7120 (seg=0.0361 ord=0.3380) | Dice: 0.9632 | 93s
2026-05-14 19:13:09 - Epoch [10/20] LR: 1.50e-05/1.50e-04 | Loss: 0.7029 (seg=0.0309 ord=0.3360) | Dice: 0.9666 | 92s
2026-05-14 19:13:46 - [Val] AUC: 0.9969 | profile=primary t_low=0.310 t_high=0.500 low_p=0.8855 high_recall=0.9839 M→低=1 med_share=0.125
2026-05-14 19:13:50 - *** 保存最优 (Val AUC: 0.9969, Epoch 10) ***
2026-05-14 19:15:18 - Epoch [11/20] LR: 1.32e-05/1.32e-04 | Loss: 0.6988 (seg=0.0276 ord=0.3356) | Dice: 0.9686 | 88s
2026-05-14 19:16:51 - Epoch [12/20] LR: 1.11e-05/1.11e-04 | Loss: 0.6741 (seg=0.0273 ord=0.3234) | Dice: 0.9680 | 94s
2026-05-14 19:17:30 - [Val] AUC: 0.9968 | profile=primary t_low=0.110 t_high=0.500 low_p=0.8942 high_recall=0.9839 M→低=0 med_share=0.342
2026-05-14 19:19:03 - Epoch [13/20] LR: 9.07e-06/9.07e-05 | Loss: 0.6524 (seg=0.0251 ord=0.3137) | Dice: 0.9701 | 93s
2026-05-14 19:20:32 - Epoch [14/20] LR: 7.04e-06/7.04e-05 | Loss: 0.6286 (seg=0.0241 ord=0.3022) | Dice: 0.9702 | 90s
2026-05-14 19:21:10 - [Val] AUC: 0.9867 | profile=primary t_low=0.070 t_high=0.500 low_p=0.8832 high_recall=0.9677 M→低=1 med_share=0.314
2026-05-14 19:22:43 - Epoch [15/20] LR: 5.15e-06/5.15e-05 | Loss: 0.6364 (seg=0.0239 ord=0.3063) | Dice: 0.9708 | 93s
2026-05-14 19:24:13 - Epoch [16/20] LR: 3.48e-06/3.48e-05 | Loss: 0.6111 (seg=0.0219 ord=0.2946) | Dice: 0.9735 | 90s
2026-05-14 19:24:50 - [Val] AUC: 0.9880 | profile=primary t_low=0.110 t_high=0.500 low_p=0.8930 high_recall=0.9677 M→低=1 med_share=0.283
2026-05-14 19:26:24 - Epoch [17/20] LR: 2.09e-06/2.09e-05 | Loss: 0.6062 (seg=0.0217 ord=0.2923) | Dice: 0.9731 | 94s
2026-05-14 19:27:54 - Epoch [18/20] LR: 1.06e-06/1.06e-05 | Loss: 0.6026 (seg=0.0208 ord=0.2909) | Dice: 0.9746 | 91s
2026-05-14 19:28:33 - [Val] AUC: 0.9907 | profile=primary t_low=0.070 t_high=0.500 low_p=0.8872 high_recall=0.9677 M→低=0 med_share=0.328
2026-05-14 19:30:05 - Epoch [19/20] LR: 4.16e-07/4.16e-06 | Loss: 0.5965 (seg=0.0216 ord=0.2874) | Dice: 0.9730 | 92s
2026-05-14 19:31:37 - Epoch [20/20] LR: 2.00e-07/2.00e-06 | Loss: 0.5794 (seg=0.0213 ord=0.2791) | Dice: 0.9737 | 92s
2026-05-14 19:32:15 - [Val] AUC: 0.9900 | profile=primary t_low=0.050 t_high=0.500 low_p=0.8953 high_recall=0.9677 M→低=0 med_share=0.347
2026-05-14 19:32:15 - ========================================================================
2026-05-14 19:32:15 - 训练完成 | best_epoch=10 | best_val_auc=0.9969
2026-05-14 19:32:15 - ========================================================================
2026-05-14 19:34:26 - ========================================================================
2026-05-14 19:34:26 - [Test (D1_1_1_1)] 风险分层评估 (t_low=0.310, t_high=0.500)
2026-05-14 19:34:26 - ========================================================================
2026-05-14 19:34:26 - [Test (D1_1_1_1)] 3-band 混淆矩阵 (行=真实, 列=预测档)：
2026-05-14 19:34:26 -                band_high  band_med   band_low
2026-05-14 19:34:26 -   malignant           103         1          0
2026-05-14 19:34:26 -   benign               11        56         91
2026-05-14 19:34:26 -   no_tumor             13        94        798
2026-05-14 19:34:26 - [Test (D1_1_1_1)] 二值安全口径 (高风险 vs 非高风险)：
2026-05-14 19:34:26 -                pred_high  pred_other
2026-05-14 19:34:26 -   is_malignant       103          1
2026-05-14 19:34:26 -   not_mal             24       1039
2026-05-14 19:34:26 - [Test (D1_1_1_1)] 关键安全指标：
2026-05-14 19:34:26 -   M → 低风险 漏诊 (硬底线 ≤ 1)：0
2026-05-14 19:34:26 -   高风险召回 (硬底线 ≥ 0.95) ：0.9904
2026-05-14 19:34:26 -   高风险精确率              ：0.8110
2026-05-14 19:34:26 -   中风险占比 (约束 ≤ 0.35)  ：0.1294
2026-05-14 19:34:26 -   二值 ROC-AUC (恶性 vs 其他)：0.9995
2026-05-14 19:34:26 - [Test (D1_1_1_1)] 每档统计：
2026-05-14 19:34:26 -   band_high   | n_pred= 127 | share=0.109 | P(vs malignant)=0.8110 | R(vs malignant)=0.9904
2026-05-14 19:34:26 -   band_medium | n_pred= 151 | share=0.129 | P(vs benign)=0.3709 | R(vs benign)=0.3544
2026-05-14 19:34:26 -   band_low    | n_pred= 889 | share=0.762 | P(vs no_tumor)=0.8976 | R(vs no_tumor)=0.8818
2026-05-14 19:34:26 - [Test (D1_1_1_1)] 风险分数分布：
2026-05-14 19:34:26 -   malignant  n= 104 mean=0.9604 std=0.0860 [0.4784, 0.9998]
2026-05-14 19:34:26 -   benign     n= 158 mean=0.2609 std=0.1683 [0.0024, 0.6808]
2026-05-14 19:34:26 -   no_tumor   n= 905 mean=0.1302 std=0.1348 [0.0011, 0.8194]
2026-05-14 19:34:26 - [Test (D1_1_1_1)] 校准 (Brier=0.0411)；分箱样本数: [533, 199, 144, 101, 63, 18, 7, 12, 90]
2026-05-14 19:34:26 - ========================================================================
2026-05-14 19:34:26 - 评估结果已保存: /data1/ouyangxinglong/GBP-Cascade/0514/logs/ratio_ablation/D1_1_1_1/eval_test.json
2026-05-14 19:34:27 - 混淆矩阵图: /data1/ouyangxinglong/GBP-Cascade/0514/logs/ratio_ablation/D1_1_1_1/confusion_matrix.png
2026-05-14 19:34:27 - ========================================================================
2026-05-14 19:34:27 - 完成 D1_1_1_1
2026-05-14 19:34:27 - ========================================================================
