2026-03-19 04:03:02 - ============================================================
2026-03-19 04:03:02 - 实验名称: 20260319_task2_ConvNeXtTiny_adamw_warmupcosine_classweight_2
2026-03-19 04:03:02 - 任务: Task 2 - 良性肿瘤(0) vs 非肿瘤性息肉(1)
2026-03-19 04:03:02 - 模型: ConvNeXt-Tiny (ImageNet预训练)
2026-03-19 04:03:02 - 修改: AdamW + diff lr + warmup cosine + weakaug + class weight + label smoothing
2026-03-19 04:03:02 - 图像尺寸: train RandomResizedCrop224 + HFlip + ColorJitter, test Resize236 + CenterCrop224
2026-03-19 04:03:02 - Batch Size: 16
2026-03-19 04:03:02 - Backbone LR: 5e-05
2026-03-19 04:03:02 - Head LR: 0.0005
2026-03-19 04:03:02 - Weight Decay: 0.05
2026-03-19 04:03:02 - Warmup Epochs: 5
2026-03-19 04:03:02 - Min LR Ratio: 0.05
2026-03-19 04:03:02 - Label Smoothing: 0.1
2026-03-19 04:03:02 - Epochs: 60
2026-03-19 04:03:02 - Grad Clip: 1.0
2026-03-19 04:03:02 - 设备: cuda
2026-03-19 04:03:02 - ============================================================
2026-03-19 04:03:02 - 训练集: 1303 张 (benign=309, no_tumor=994)
2026-03-19 04:03:02 - 测试集: 564 张 (benign=129, no_tumor=435)
2026-03-19 04:03:03 - 模型参数量: 27,821,666
2026-03-19 04:03:03 - 可训练参数量: 27,821,666
2026-03-19 04:03:03 - 类别权重: benign=2.1084, no_tumor=0.6554
2026-03-19 04:03:03 - 
============================================================
2026-03-19 04:03:03 - 开始训练
2026-03-19 04:03:03 - ============================================================
2026-03-19 04:03:07 - Epoch [1/60] LR(backbone/head): 1.000000e-05/1.000000e-04 | WarmupCosineFactor: 0.2000 | Loss: 0.7151 | Train Acc: 0.5365 | Time: 4.5s
2026-03-19 04:03:10 - Epoch [2/60] LR(backbone/head): 2.000000e-05/2.000000e-04 | WarmupCosineFactor: 0.4000 | Loss: 0.6690 | Train Acc: 0.6201 | Time: 3.3s
2026-03-19 04:03:14 - Epoch [3/60] LR(backbone/head): 3.000000e-05/3.000000e-04 | WarmupCosineFactor: 0.6000 | Loss: 0.6115 | Train Acc: 0.7153 | Time: 3.2s
2026-03-19 04:03:14 - ----------------------------------------
2026-03-19 04:03:15 - [Test] Acc: 0.5709 | Precision(macro): 0.5510 | Recall(macro): 0.5719 | F1(macro): 0.5258
2026-03-19 04:03:15 - [Test] Classification Report:
              precision    recall  f1-score   support

      benign     0.2835    0.5736    0.3795       129
    no_tumor     0.8185    0.5701    0.6721       435

    accuracy                         0.5709       564
   macro avg     0.5510    0.5719    0.5258       564
weighted avg     0.6961    0.5709    0.6052       564

2026-03-19 04:03:15 - *** 保存最优模型 (F1: 0.5258, Epoch: 3) ***
2026-03-19 04:03:15 - ----------------------------------------
2026-03-19 04:03:19 - Epoch [4/60] LR(backbone/head): 4.000000e-05/4.000000e-04 | WarmupCosineFactor: 0.8000 | Loss: 0.5595 | Train Acc: 0.7759 | Time: 3.2s
2026-03-19 04:03:22 - Epoch [5/60] LR(backbone/head): 5.000000e-05/5.000000e-04 | WarmupCosineFactor: 1.0000 | Loss: 0.4961 | Train Acc: 0.8273 | Time: 3.3s
2026-03-19 04:03:25 - Epoch [6/60] LR(backbone/head): 4.996127e-05/4.996127e-04 | WarmupCosineFactor: 0.9992 | Loss: 0.4457 | Train Acc: 0.8872 | Time: 3.4s
2026-03-19 04:03:25 - ----------------------------------------
2026-03-19 04:03:27 - [Test] Acc: 0.4628 | Precision(macro): 0.5052 | Recall(macro): 0.5072 | F1(macro): 0.4419
2026-03-19 04:03:27 - [Test] Classification Report:
              precision    recall  f1-score   support

      benign     0.2331    0.5891    0.3341       129
    no_tumor     0.7773    0.4253    0.5498       435

    accuracy                         0.4628       564
   macro avg     0.5052    0.5072    0.4419       564
weighted avg     0.6528    0.4628    0.5004       564

2026-03-19 04:03:27 - ----------------------------------------
2026-03-19 04:03:31 - Epoch [7/60] LR(backbone/head): 4.984519e-05/4.984519e-04 | WarmupCosineFactor: 0.9969 | Loss: 0.4281 | Train Acc: 0.9041 | Time: 3.7s
2026-03-19 04:03:34 - Epoch [8/60] LR(backbone/head): 4.965215e-05/4.965215e-04 | WarmupCosineFactor: 0.9930 | Loss: 0.3781 | Train Acc: 0.9371 | Time: 3.4s
2026-03-19 04:03:37 - Epoch [9/60] LR(backbone/head): 4.938278e-05/4.938278e-04 | WarmupCosineFactor: 0.9877 | Loss: 0.3449 | Train Acc: 0.9655 | Time: 3.4s
2026-03-19 04:03:37 - ----------------------------------------
2026-03-19 04:03:39 - [Test] Acc: 0.6897 | Precision(macro): 0.5571 | Recall(macro): 0.5562 | F1(macro): 0.5566
2026-03-19 04:03:39 - [Test] Classification Report:
              precision    recall  f1-score   support

      benign     0.3175    0.3101    0.3137       129
    no_tumor     0.7968    0.8023    0.7995       435

    accuracy                         0.6897       564
   macro avg     0.5571    0.5562    0.5566       564
weighted avg     0.6872    0.6897    0.6884       564

2026-03-19 04:03:39 - *** 保存最优模型 (F1: 0.5566, Epoch: 9) ***
2026-03-19 04:03:39 - ----------------------------------------
2026-03-19 04:03:43 - Epoch [10/60] LR(backbone/head): 4.903796e-05/4.903796e-04 | WarmupCosineFactor: 0.9808 | Loss: 0.3375 | Train Acc: 0.9678 | Time: 3.3s
2026-03-19 04:03:46 - Epoch [11/60] LR(backbone/head): 4.861880e-05/4.861880e-04 | WarmupCosineFactor: 0.9724 | Loss: 0.3221 | Train Acc: 0.9831 | Time: 3.5s
2026-03-19 04:03:50 - Epoch [12/60] LR(backbone/head): 4.812669e-05/4.812669e-04 | WarmupCosineFactor: 0.9625 | Loss: 0.3208 | Train Acc: 0.9808 | Time: 3.5s
2026-03-19 04:03:50 - ----------------------------------------
2026-03-19 04:03:51 - [Test] Acc: 0.7163 | Precision(macro): 0.5980 | Recall(macro): 0.5980 | F1(macro): 0.5980
2026-03-19 04:03:51 - [Test] Classification Report:
              precision    recall  f1-score   support

      benign     0.3798    0.3798    0.3798       129
    no_tumor     0.8161    0.8161    0.8161       435

    accuracy                         0.7163       564
   macro avg     0.5980    0.5980    0.5980       564
weighted avg     0.7163    0.7163    0.7163       564

2026-03-19 04:03:51 - *** 保存最优模型 (F1: 0.5980, Epoch: 12) ***
2026-03-19 04:03:51 - ----------------------------------------
2026-03-19 04:03:55 - Epoch [13/60] LR(backbone/head): 4.756321e-05/4.756321e-04 | WarmupCosineFactor: 0.9513 | Loss: 0.3169 | Train Acc: 0.9816 | Time: 3.3s
2026-03-19 04:03:58 - Epoch [14/60] LR(backbone/head): 4.693022e-05/4.693022e-04 | WarmupCosineFactor: 0.9386 | Loss: 0.3108 | Train Acc: 0.9885 | Time: 3.3s
2026-03-19 04:04:01 - Epoch [15/60] LR(backbone/head): 4.622977e-05/4.622977e-04 | WarmupCosineFactor: 0.9246 | Loss: 0.3015 | Train Acc: 0.9908 | Time: 3.5s
2026-03-19 04:04:01 - ----------------------------------------
2026-03-19 04:04:03 - [Test] Acc: 0.7660 | Precision(macro): 0.6528 | Recall(macro): 0.6192 | F1(macro): 0.6299
2026-03-19 04:04:03 - [Test] Classification Report:
              precision    recall  f1-score   support

      benign     0.4839    0.3488    0.4054       129
    no_tumor     0.8217    0.8897    0.8543       435

    accuracy                         0.7660       564
   macro avg     0.6528    0.6192    0.6299       564
weighted avg     0.7444    0.7660    0.7516       564

2026-03-19 04:04:03 - *** 保存最优模型 (F1: 0.6299, Epoch: 15) ***
2026-03-19 04:04:03 - ----------------------------------------
2026-03-19 04:04:06 - Epoch [16/60] LR(backbone/head): 4.546415e-05/4.546415e-04 | WarmupCosineFactor: 0.9093 | Loss: 0.3068 | Train Acc: 0.9839 | Time: 3.4s
2026-03-19 04:04:10 - Epoch [17/60] LR(backbone/head): 4.463586e-05/4.463586e-04 | WarmupCosineFactor: 0.8927 | Loss: 0.3049 | Train Acc: 0.9862 | Time: 3.4s
2026-03-19 04:04:13 - Epoch [18/60] LR(backbone/head): 4.374760e-05/4.374760e-04 | WarmupCosineFactor: 0.8750 | Loss: 0.2960 | Train Acc: 0.9939 | Time: 3.5s
2026-03-19 04:04:13 - ----------------------------------------
2026-03-19 04:04:15 - [Test] Acc: 0.7660 | Precision(macro): 0.6502 | Recall(macro): 0.6111 | F1(macro): 0.6221
2026-03-19 04:04:15 - [Test] Classification Report:
              precision    recall  f1-score   support

      benign     0.4828    0.3256    0.3889       129
    no_tumor     0.8176    0.8966    0.8553       435

    accuracy                         0.7660       564
   macro avg     0.6502    0.6111    0.6221       564
weighted avg     0.7410    0.7660    0.7486       564

2026-03-19 04:04:15 - ----------------------------------------
2026-03-19 04:04:18 - Epoch [19/60] LR(backbone/head): 4.280227e-05/4.280227e-04 | WarmupCosineFactor: 0.8560 | Loss: 0.2955 | Train Acc: 0.9939 | Time: 3.6s
2026-03-19 04:04:22 - Epoch [20/60] LR(backbone/head): 4.180294e-05/4.180294e-04 | WarmupCosineFactor: 0.8361 | Loss: 0.2870 | Train Acc: 0.9969 | Time: 3.7s
2026-03-19 04:04:25 - Epoch [21/60] LR(backbone/head): 4.075289e-05/4.075289e-04 | WarmupCosineFactor: 0.8151 | Loss: 0.2886 | Train Acc: 0.9946 | Time: 3.5s
2026-03-19 04:04:25 - ----------------------------------------
2026-03-19 04:04:27 - [Test] Acc: 0.7660 | Precision(macro): 0.6493 | Recall(macro): 0.6083 | F1(macro): 0.6194
2026-03-19 04:04:27 - [Test] Classification Report:
              precision    recall  f1-score   support

      benign     0.4824    0.3178    0.3832       129
    no_tumor     0.8163    0.8989    0.8556       435

    accuracy                         0.7660       564
   macro avg     0.6493    0.6083    0.6194       564
weighted avg     0.7399    0.7660    0.7475       564

2026-03-19 04:04:27 - ----------------------------------------
2026-03-19 04:04:30 - Epoch [22/60] LR(backbone/head): 3.965553e-05/3.965553e-04 | WarmupCosineFactor: 0.7931 | Loss: 0.2883 | Train Acc: 0.9923 | Time: 3.7s
2026-03-19 04:04:34 - Epoch [23/60] LR(backbone/head): 3.851444e-05/3.851444e-04 | WarmupCosineFactor: 0.7703 | Loss: 0.2892 | Train Acc: 0.9954 | Time: 3.5s
2026-03-19 04:04:37 - Epoch [24/60] LR(backbone/head): 3.733335e-05/3.733335e-04 | WarmupCosineFactor: 0.7467 | Loss: 0.2868 | Train Acc: 0.9946 | Time: 3.4s
2026-03-19 04:04:37 - ----------------------------------------
2026-03-19 04:04:39 - [Test] Acc: 0.7606 | Precision(macro): 0.6466 | Recall(macro): 0.6213 | F1(macro): 0.6302
2026-03-19 04:04:39 - [Test] Classification Report:
              precision    recall  f1-score   support

      benign     0.4700    0.3643    0.4105       129
    no_tumor     0.8233    0.8782    0.8498       435

    accuracy                         0.7606       564
   macro avg     0.6466    0.6213    0.6302       564
weighted avg     0.7425    0.7606    0.7493       564

2026-03-19 04:04:39 - *** 保存最优模型 (F1: 0.6302, Epoch: 24) ***
2026-03-19 04:04:39 - ----------------------------------------
2026-03-19 04:04:43 - Epoch [25/60] LR(backbone/head): 3.611611e-05/3.611611e-04 | WarmupCosineFactor: 0.7223 | Loss: 0.2886 | Train Acc: 0.9977 | Time: 3.3s
2026-03-19 04:04:46 - Epoch [26/60] LR(backbone/head): 3.486668e-05/3.486668e-04 | WarmupCosineFactor: 0.6973 | Loss: 0.2873 | Train Acc: 0.9954 | Time: 3.5s
2026-03-19 04:04:49 - Epoch [27/60] LR(backbone/head): 3.358915e-05/3.358915e-04 | WarmupCosineFactor: 0.6718 | Loss: 0.2845 | Train Acc: 0.9985 | Time: 3.4s
2026-03-19 04:04:49 - ----------------------------------------
2026-03-19 04:04:51 - [Test] Acc: 0.7447 | Precision(macro): 0.6228 | Recall(macro): 0.6055 | F1(macro): 0.6118
2026-03-19 04:04:51 - [Test] Classification Report:
              precision    recall  f1-score   support

      benign     0.4286    0.3488    0.3846       129
    no_tumor     0.8170    0.8621    0.8389       435

    accuracy                         0.7447       564
   macro avg     0.6228    0.6055    0.6118       564
weighted avg     0.7282    0.7447    0.7350       564

2026-03-19 04:04:51 - ----------------------------------------
2026-03-19 04:04:54 - Epoch [28/60] LR(backbone/head): 3.228769e-05/3.228769e-04 | WarmupCosineFactor: 0.6458 | Loss: 0.2849 | Train Acc: 0.9962 | Time: 3.5s
2026-03-19 04:04:58 - Epoch [29/60] LR(backbone/head): 3.096652e-05/3.096652e-04 | WarmupCosineFactor: 0.6193 | Loss: 0.2844 | Train Acc: 0.9992 | Time: 3.5s
2026-03-19 04:05:02 - Epoch [30/60] LR(backbone/head): 2.962998e-05/2.962998e-04 | WarmupCosineFactor: 0.5926 | Loss: 0.2870 | Train Acc: 0.9962 | Time: 3.9s
2026-03-19 04:05:02 - ----------------------------------------
2026-03-19 04:05:03 - [Test] Acc: 0.7340 | Precision(macro): 0.6174 | Recall(macro): 0.6122 | F1(macro): 0.6146
2026-03-19 04:05:03 - [Test] Classification Report:
              precision    recall  f1-score   support

      benign     0.4132    0.3876    0.4000       129
    no_tumor     0.8217    0.8368    0.8292       435

    accuracy                         0.7340       564
   macro avg     0.6174    0.6122    0.6146       564
weighted avg     0.7282    0.7340    0.7310       564

2026-03-19 04:05:03 - ----------------------------------------
2026-03-19 04:05:06 - Epoch [31/60] LR(backbone/head): 2.828241e-05/2.828241e-04 | WarmupCosineFactor: 0.5656 | Loss: 0.2836 | Train Acc: 0.9977 | Time: 3.5s
2026-03-19 04:05:10 - Epoch [32/60] LR(backbone/head): 2.692821e-05/2.692821e-04 | WarmupCosineFactor: 0.5386 | Loss: 0.2878 | Train Acc: 0.9946 | Time: 3.9s
2026-03-19 04:05:14 - Epoch [33/60] LR(backbone/head): 2.557179e-05/2.557179e-04 | WarmupCosineFactor: 0.5114 | Loss: 0.2861 | Train Acc: 0.9969 | Time: 3.5s
2026-03-19 04:05:14 - ----------------------------------------
2026-03-19 04:05:15 - [Test] Acc: 0.7518 | Precision(macro): 0.6345 | Recall(macro): 0.6155 | F1(macro): 0.6226
2026-03-19 04:05:15 - [Test] Classification Report:
              precision    recall  f1-score   support

      benign     0.4476    0.3643    0.4017       129
    no_tumor     0.8214    0.8667    0.8434       435

    accuracy                         0.7518       564
   macro avg     0.6345    0.6155    0.6226       564
weighted avg     0.7359    0.7518    0.7424       564

2026-03-19 04:05:15 - ----------------------------------------
2026-03-19 04:05:19 - Epoch [34/60] LR(backbone/head): 2.421759e-05/2.421759e-04 | WarmupCosineFactor: 0.4844 | Loss: 0.2819 | Train Acc: 0.9977 | Time: 3.5s
2026-03-19 04:05:22 - Epoch [35/60] LR(backbone/head): 2.287002e-05/2.287002e-04 | WarmupCosineFactor: 0.4574 | Loss: 0.2850 | Train Acc: 0.9977 | Time: 3.8s
2026-03-19 04:05:26 - Epoch [36/60] LR(backbone/head): 2.153348e-05/2.153348e-04 | WarmupCosineFactor: 0.4307 | Loss: 0.2850 | Train Acc: 0.9977 | Time: 3.3s
2026-03-19 04:05:26 - ----------------------------------------
2026-03-19 04:05:27 - [Test] Acc: 0.7606 | Precision(macro): 0.6476 | Recall(macro): 0.6240 | F1(macro): 0.6325
2026-03-19 04:05:27 - [Test] Classification Report:
              precision    recall  f1-score   support

      benign     0.4706    0.3721    0.4156       129
    no_tumor     0.8247    0.8759    0.8495       435

    accuracy                         0.7606       564
   macro avg     0.6476    0.6240    0.6325       564
weighted avg     0.7437    0.7606    0.7503       564

2026-03-19 04:05:28 - *** 保存最优模型 (F1: 0.6325, Epoch: 36) ***
2026-03-19 04:05:28 - ----------------------------------------
2026-03-19 04:05:31 - Epoch [37/60] LR(backbone/head): 2.021231e-05/2.021231e-04 | WarmupCosineFactor: 0.4042 | Loss: 0.2804 | Train Acc: 0.9985 | Time: 3.3s
2026-03-19 04:05:34 - Epoch [38/60] LR(backbone/head): 1.891085e-05/1.891085e-04 | WarmupCosineFactor: 0.3782 | Loss: 0.2785 | Train Acc: 1.0000 | Time: 3.5s
2026-03-19 04:05:38 - Epoch [39/60] LR(backbone/head): 1.763332e-05/1.763332e-04 | WarmupCosineFactor: 0.3527 | Loss: 0.2814 | Train Acc: 0.9985 | Time: 3.5s
2026-03-19 04:05:38 - ----------------------------------------
2026-03-19 04:05:39 - [Test] Acc: 0.7500 | Precision(macro): 0.6346 | Recall(macro): 0.6198 | F1(macro): 0.6257
2026-03-19 04:05:39 - [Test] Classification Report:
              precision    recall  f1-score   support

      benign     0.4455    0.3798    0.4100       129
    no_tumor     0.8238    0.8598    0.8414       435

    accuracy                         0.7500       564
   macro avg     0.6346    0.6198    0.6257       564
weighted avg     0.7373    0.7500    0.7427       564

2026-03-19 04:05:39 - ----------------------------------------
2026-03-19 04:05:43 - Epoch [40/60] LR(backbone/head): 1.638389e-05/1.638389e-04 | WarmupCosineFactor: 0.3277 | Loss: 0.2777 | Train Acc: 1.0000 | Time: 3.7s
2026-03-19 04:05:46 - Epoch [41/60] LR(backbone/head): 1.516665e-05/1.516665e-04 | WarmupCosineFactor: 0.3033 | Loss: 0.2783 | Train Acc: 1.0000 | Time: 3.4s
2026-03-19 04:05:50 - Epoch [42/60] LR(backbone/head): 1.398556e-05/1.398556e-04 | WarmupCosineFactor: 0.2797 | Loss: 0.2815 | Train Acc: 0.9992 | Time: 3.5s
2026-03-19 04:05:50 - ----------------------------------------
2026-03-19 04:05:51 - [Test] Acc: 0.7624 | Precision(macro): 0.6482 | Recall(macro): 0.6197 | F1(macro): 0.6293
2026-03-19 04:05:51 - [Test] Classification Report:
              precision    recall  f1-score   support

      benign     0.4742    0.3566    0.4071       129
    no_tumor     0.8223    0.8828    0.8514       435

    accuracy                         0.7624       564
   macro avg     0.6482    0.6197    0.6293       564
weighted avg     0.7427    0.7624    0.7498       564

2026-03-19 04:05:51 - ----------------------------------------
2026-03-19 04:05:55 - Epoch [43/60] LR(backbone/head): 1.284447e-05/1.284447e-04 | WarmupCosineFactor: 0.2569 | Loss: 0.2783 | Train Acc: 0.9992 | Time: 3.9s
2026-03-19 04:05:58 - Epoch [44/60] LR(backbone/head): 1.174711e-05/1.174711e-04 | WarmupCosineFactor: 0.2349 | Loss: 0.2817 | Train Acc: 0.9985 | Time: 3.5s
2026-03-19 04:06:02 - Epoch [45/60] LR(backbone/head): 1.069706e-05/1.069706e-04 | WarmupCosineFactor: 0.2139 | Loss: 0.2844 | Train Acc: 0.9962 | Time: 3.6s
2026-03-19 04:06:02 - ----------------------------------------
2026-03-19 04:06:03 - [Test] Acc: 0.7784 | Precision(macro): 0.6717 | Recall(macro): 0.6109 | F1(macro): 0.6246
2026-03-19 04:06:03 - [Test] Classification Report:
              precision    recall  f1-score   support

      benign     0.5270    0.3023    0.3842       129
    no_tumor     0.8163    0.9195    0.8649       435

    accuracy                         0.7784       564
   macro avg     0.6717    0.6109    0.6246       564
weighted avg     0.7502    0.7784    0.7549       564

2026-03-19 04:06:03 - ----------------------------------------
2026-03-19 04:06:07 - Epoch [46/60] LR(backbone/head): 9.697733e-06/9.697733e-05 | WarmupCosineFactor: 0.1940 | Loss: 0.2784 | Train Acc: 1.0000 | Time: 3.9s
2026-03-19 04:06:11 - Epoch [47/60] LR(backbone/head): 8.752398e-06/8.752398e-05 | WarmupCosineFactor: 0.1750 | Loss: 0.2799 | Train Acc: 0.9992 | Time: 3.4s
2026-03-19 04:06:14 - Epoch [48/60] LR(backbone/head): 7.864137e-06/7.864137e-05 | WarmupCosineFactor: 0.1573 | Loss: 0.2810 | Train Acc: 0.9985 | Time: 3.5s
2026-03-19 04:06:14 - ----------------------------------------
2026-03-19 04:06:15 - [Test] Acc: 0.7660 | Precision(macro): 0.6519 | Recall(macro): 0.6165 | F1(macro): 0.6273
2026-03-19 04:06:15 - [Test] Classification Report:
              precision    recall  f1-score   support

      benign     0.4835    0.3411    0.4000       129
    no_tumor     0.8203    0.8920    0.8546       435

    accuracy                         0.7660       564
   macro avg     0.6519    0.6165    0.6273       564
weighted avg     0.7433    0.7660    0.7506       564

2026-03-19 04:06:15 - ----------------------------------------
2026-03-19 04:06:19 - Epoch [49/60] LR(backbone/head): 7.035846e-06/7.035846e-05 | WarmupCosineFactor: 0.1407 | Loss: 0.2821 | Train Acc: 0.9992 | Time: 3.9s
2026-03-19 04:06:23 - Epoch [50/60] LR(backbone/head): 6.270229e-06/6.270229e-05 | WarmupCosineFactor: 0.1254 | Loss: 0.2754 | Train Acc: 1.0000 | Time: 3.5s
2026-03-19 04:06:26 - Epoch [51/60] LR(backbone/head): 5.569781e-06/5.569781e-05 | WarmupCosineFactor: 0.1114 | Loss: 0.2776 | Train Acc: 0.9992 | Time: 3.6s
2026-03-19 04:06:26 - ----------------------------------------
2026-03-19 04:06:28 - [Test] Acc: 0.7447 | Precision(macro): 0.6320 | Recall(macro): 0.6245 | F1(macro): 0.6279
2026-03-19 04:06:28 - [Test] Classification Report:
              precision    recall  f1-score   support

      benign     0.4370    0.4031    0.4194       129
    no_tumor     0.8270    0.8460    0.8364       435

    accuracy                         0.7447       564
   macro avg     0.6320    0.6245    0.6279       564
weighted avg     0.7378    0.7447    0.7410       564

2026-03-19 04:06:28 - ----------------------------------------
2026-03-19 04:06:31 - Epoch [52/60] LR(backbone/head): 4.936787e-06/4.936787e-05 | WarmupCosineFactor: 0.0987 | Loss: 0.2779 | Train Acc: 1.0000 | Time: 3.9s
2026-03-19 04:06:35 - Epoch [53/60] LR(backbone/head): 4.373313e-06/4.373313e-05 | WarmupCosineFactor: 0.0875 | Loss: 0.2821 | Train Acc: 1.0000 | Time: 3.4s
2026-03-19 04:06:38 - Epoch [54/60] LR(backbone/head): 3.881196e-06/3.881196e-05 | WarmupCosineFactor: 0.0776 | Loss: 0.2805 | Train Acc: 0.9992 | Time: 3.5s
2026-03-19 04:06:38 - ----------------------------------------
2026-03-19 04:06:40 - [Test] Acc: 0.7695 | Precision(macro): 0.6562 | Recall(macro): 0.6134 | F1(macro): 0.6251
2026-03-19 04:06:40 - [Test] Classification Report:
              precision    recall  f1-score   support

      benign     0.4941    0.3256    0.3925       129
    no_tumor     0.8184    0.9011    0.8578       435

    accuracy                         0.7695       564
   macro avg     0.6562    0.6134    0.6251       564
weighted avg     0.7442    0.7695    0.7514       564

2026-03-19 04:06:40 - ----------------------------------------
2026-03-19 04:06:43 - Epoch [55/60] LR(backbone/head): 3.462042e-06/3.462042e-05 | WarmupCosineFactor: 0.0692 | Loss: 0.2796 | Train Acc: 0.9985 | Time: 3.8s
2026-03-19 04:06:47 - Epoch [56/60] LR(backbone/head): 3.117217e-06/3.117217e-05 | WarmupCosineFactor: 0.0623 | Loss: 0.2778 | Train Acc: 1.0000 | Time: 3.5s
2026-03-19 04:06:50 - Epoch [57/60] LR(backbone/head): 2.847846e-06/2.847846e-05 | WarmupCosineFactor: 0.0570 | Loss: 0.2781 | Train Acc: 1.0000 | Time: 3.5s
2026-03-19 04:06:50 - ----------------------------------------
2026-03-19 04:06:52 - [Test] Acc: 0.7660 | Precision(macro): 0.6510 | Recall(macro): 0.6138 | F1(macro): 0.6247
2026-03-19 04:06:52 - [Test] Classification Report:
              precision    recall  f1-score   support

      benign     0.4831    0.3333    0.3945       129
    no_tumor     0.8189    0.8943    0.8549       435

    accuracy                         0.7660       564
   macro avg     0.6510    0.6138    0.6247       564
weighted avg     0.7421    0.7660    0.7496       564

2026-03-19 04:06:52 - ----------------------------------------
2026-03-19 04:06:55 - Epoch [58/60] LR(backbone/head): 2.654809e-06/2.654809e-05 | WarmupCosineFactor: 0.0531 | Loss: 0.2794 | Train Acc: 1.0000 | Time: 3.7s
2026-03-19 04:06:59 - Epoch [59/60] LR(backbone/head): 2.538734e-06/2.538734e-05 | WarmupCosineFactor: 0.0508 | Loss: 0.2800 | Train Acc: 0.9992 | Time: 3.5s
2026-03-19 04:07:02 - Epoch [60/60] LR(backbone/head): 2.500000e-06/2.500000e-05 | WarmupCosineFactor: 0.0500 | Loss: 0.2822 | Train Acc: 0.9985 | Time: 3.4s
2026-03-19 04:07:02 - ----------------------------------------
2026-03-19 04:07:04 - [Test] Acc: 0.7553 | Precision(macro): 0.6403 | Recall(macro): 0.6205 | F1(macro): 0.6279
2026-03-19 04:07:04 - [Test] Classification Report:
              precision    recall  f1-score   support

      benign     0.4571    0.3721    0.4103       129
    no_tumor     0.8235    0.8690    0.8456       435

    accuracy                         0.7553       564
   macro avg     0.6403    0.6205    0.6279       564
weighted avg     0.7397    0.7553    0.7461       564

2026-03-19 04:07:04 - ----------------------------------------
2026-03-19 04:07:04 - 
============================================================
2026-03-19 04:07:04 - 训练完成! 最优模型: Epoch 36, F1: 0.6325
2026-03-19 04:07:04 - ============================================================
2026-03-19 04:07:04 - 
加载最优权重进行最终测试...
2026-03-19 04:07:04 - ============================================================
2026-03-19 04:07:04 - 最终测试结果 (最优权重)
2026-03-19 04:07:04 - ============================================================
2026-03-19 04:07:05 - [Final Test] Acc: 0.7606 | Precision(macro): 0.6476 | Recall(macro): 0.6240 | F1(macro): 0.6325
2026-03-19 04:07:05 - [Final Test] Classification Report:
              precision    recall  f1-score   support

      benign     0.4706    0.3721    0.4156       129
    no_tumor     0.8247    0.8759    0.8495       435

    accuracy                         0.7606       564
   macro avg     0.6476    0.6240    0.6325       564
weighted avg     0.7437    0.7606    0.7503       564

2026-03-19 04:07:05 - 训练脚本已复制到: /data1/ouyangxinglong/GBP-Cascade/logs/20260319_task2_ConvNeXtTiny_adamw_warmupcosine_classweight_2/20260319_task2_ConvNeXtTiny_adamw_warmupcosine_classweight_2.py
