2026-03-23 12:52:40 - ============================================================
2026-03-23 12:52:40 - 实验名称: 20260323_task2_SwinV2_seed456
2026-03-23 12:52:40 - 任务: Task 2 - 良性肿瘤(0) vs 非肿瘤性息肉(1)
2026-03-23 12:52:40 - 模型: Swin-V2-Tiny (ImageNet, 4ch, drop=0.3)
2026-03-23 12:52:40 - 修改: 全图4ch + BalancedSampler + 修复Mixup + 强增强 + seed=456
2026-03-23 12:52:40 - 输入通道: 4
2026-03-23 12:52:40 - 图像尺寸: train Full_img → StrongSync + mask, test Full_img → Resize256 + mask
2026-03-23 12:52:40 - Batch Size: 8
2026-03-23 12:52:40 - Backbone LR: 2e-05
2026-03-23 12:52:40 - Head LR: 0.0002
2026-03-23 12:52:40 - Weight Decay: 0.05
2026-03-23 12:52:40 - Warmup Epochs: 8
2026-03-23 12:52:40 - Min LR Ratio: 0.01
2026-03-23 12:52:40 - Label Smoothing: 0.1
2026-03-23 12:52:40 - Seed: 456
2026-03-23 12:52:40 - Epochs: 100
2026-03-23 12:52:40 - Grad Clip: 1.0
2026-03-23 12:52:40 - 设备: cuda
2026-03-23 12:52:40 - ============================================================
2026-03-23 12:52:40 - 训练集: 1229 张 (benign=309, no_tumor=920)
2026-03-23 12:52:40 - 测试集: 523 张 (benign=129, no_tumor=394)
2026-03-23 12:52:42 - 模型参数量: 27,581,228
2026-03-23 12:52:42 - 可训练参数量: 27,581,228
2026-03-23 12:52:42 - 类别权重: benign=1.9887, no_tumor=0.6679
2026-03-23 12:52:42 - 损失函数: CE(class_weight+LS=0.1) + Weighted Mixup + BalancedSampler [seed=456]
2026-03-23 12:52:42 - 
============================================================
2026-03-23 12:52:42 - 开始训练
2026-03-23 12:52:42 - ============================================================
2026-03-23 12:52:55 - Epoch [1/100] LR(backbone/head): 2.500000e-06/2.500000e-05 | WarmupCosineFactor: 0.1250 | Loss: 0.7852 | Train Acc: 0.5041 | Time: 13.0s
2026-03-23 12:53:07 - Epoch [2/100] LR(backbone/head): 5.000000e-06/5.000000e-05 | WarmupCosineFactor: 0.2500 | Loss: 0.7621 | Train Acc: 0.4812 | Time: 11.9s
2026-03-23 12:53:19 - Epoch [3/100] LR(backbone/head): 7.500000e-06/7.500000e-05 | WarmupCosineFactor: 0.3750 | Loss: 0.7123 | Train Acc: 0.5147 | Time: 11.6s
2026-03-23 12:53:30 - Epoch [4/100] LR(backbone/head): 1.000000e-05/1.000000e-04 | WarmupCosineFactor: 0.5000 | Loss: 0.7108 | Train Acc: 0.5245 | Time: 11.7s
2026-03-23 12:53:42 - Epoch [5/100] LR(backbone/head): 1.250000e-05/1.250000e-04 | WarmupCosineFactor: 0.6250 | Loss: 0.7014 | Train Acc: 0.5237 | Time: 12.0s
2026-03-23 12:53:42 - ----------------------------------------
2026-03-23 12:53:44 - [Test] Acc: 0.3958 | Precision(macro): 0.5759 | Recall(macro): 0.5651 | F1(macro): 0.3944
2026-03-23 12:53:44 - [Test] Classification Report:
              precision    recall  f1-score   support

      benign     0.2768    0.8992    0.4234       129
    no_tumor     0.8750    0.2310    0.3655       394

    accuracy                         0.3958       523
   macro avg     0.5759    0.5651    0.3944       523
weighted avg     0.7275    0.3958    0.3797       523

2026-03-23 12:53:44 - *** 保存最优模型 (F1: 0.3944, Epoch: 5) ***
2026-03-23 12:53:44 - ----------------------------------------
2026-03-23 12:53:56 - Epoch [6/100] LR(backbone/head): 1.500000e-05/1.500000e-04 | WarmupCosineFactor: 0.7500 | Loss: 0.6844 | Train Acc: 0.5408 | Time: 11.7s
2026-03-23 12:54:07 - Epoch [7/100] LR(backbone/head): 1.750000e-05/1.750000e-04 | WarmupCosineFactor: 0.8750 | Loss: 0.7000 | Train Acc: 0.5343 | Time: 11.6s
2026-03-23 12:54:19 - Epoch [8/100] LR(backbone/head): 2.000000e-05/2.000000e-04 | WarmupCosineFactor: 1.0000 | Loss: 0.6655 | Train Acc: 0.5858 | Time: 12.0s
2026-03-23 12:54:31 - Epoch [9/100] LR(backbone/head): 1.999423e-05/1.999423e-04 | WarmupCosineFactor: 0.9997 | Loss: 0.6641 | Train Acc: 0.5891 | Time: 11.7s
2026-03-23 12:54:42 - Epoch [10/100] LR(backbone/head): 1.997692e-05/1.997692e-04 | WarmupCosineFactor: 0.9988 | Loss: 0.6505 | Train Acc: 0.6111 | Time: 11.5s
2026-03-23 12:54:42 - ----------------------------------------
2026-03-23 12:54:44 - [Test] Acc: 0.4417 | Precision(macro): 0.5757 | Recall(macro): 0.5799 | F1(macro): 0.4414
2026-03-23 12:54:44 - [Test] Classification Report:
              precision    recall  f1-score   support

      benign     0.2872    0.8527    0.4297       129
    no_tumor     0.8643    0.3071    0.4532       394

    accuracy                         0.4417       523
   macro avg     0.5757    0.5799    0.4414       523
weighted avg     0.7219    0.4417    0.4474       523

2026-03-23 12:54:44 - *** 保存最优模型 (F1: 0.4414, Epoch: 10) ***
2026-03-23 12:54:44 - ----------------------------------------
2026-03-23 12:54:56 - Epoch [11/100] LR(backbone/head): 1.994810e-05/1.994810e-04 | WarmupCosineFactor: 0.9974 | Loss: 0.6380 | Train Acc: 0.6119 | Time: 11.8s
2026-03-23 12:55:08 - Epoch [12/100] LR(backbone/head): 1.990779e-05/1.990779e-04 | WarmupCosineFactor: 0.9954 | Loss: 0.6072 | Train Acc: 0.6201 | Time: 11.8s
2026-03-23 12:55:20 - Epoch [13/100] LR(backbone/head): 1.985605e-05/1.985605e-04 | WarmupCosineFactor: 0.9928 | Loss: 0.6050 | Train Acc: 0.6283 | Time: 11.8s
2026-03-23 12:55:31 - Epoch [14/100] LR(backbone/head): 1.979293e-05/1.979293e-04 | WarmupCosineFactor: 0.9896 | Loss: 0.6120 | Train Acc: 0.6364 | Time: 11.7s
2026-03-23 12:55:43 - Epoch [15/100] LR(backbone/head): 1.971851e-05/1.971851e-04 | WarmupCosineFactor: 0.9859 | Loss: 0.6256 | Train Acc: 0.6291 | Time: 11.7s
2026-03-23 12:55:43 - ----------------------------------------
2026-03-23 12:55:45 - [Test] Acc: 0.6291 | Precision(macro): 0.5780 | Recall(macro): 0.6000 | F1(macro): 0.5733
2026-03-23 12:55:45 - [Test] Classification Report:
              precision    recall  f1-score   support

      benign     0.3415    0.5426    0.4192       129
    no_tumor     0.8145    0.6574    0.7275       394

    accuracy                         0.6291       523
   macro avg     0.5780    0.6000    0.5733       523
weighted avg     0.6978    0.6291    0.6515       523

2026-03-23 12:55:45 - *** 保存最优模型 (F1: 0.5733, Epoch: 15) ***
2026-03-23 12:55:45 - ----------------------------------------
2026-03-23 12:55:57 - Epoch [16/100] LR(backbone/head): 1.963288e-05/1.963288e-04 | WarmupCosineFactor: 0.9816 | Loss: 0.5609 | Train Acc: 0.6650 | Time: 11.8s
2026-03-23 12:56:09 - Epoch [17/100] LR(backbone/head): 1.953613e-05/1.953613e-04 | WarmupCosineFactor: 0.9768 | Loss: 0.5548 | Train Acc: 0.6520 | Time: 11.8s
2026-03-23 12:56:20 - Epoch [18/100] LR(backbone/head): 1.942838e-05/1.942838e-04 | WarmupCosineFactor: 0.9714 | Loss: 0.5833 | Train Acc: 0.6340 | Time: 11.7s
2026-03-23 12:56:32 - Epoch [19/100] LR(backbone/head): 1.930976e-05/1.930976e-04 | WarmupCosineFactor: 0.9655 | Loss: 0.5434 | Train Acc: 0.6699 | Time: 12.0s
2026-03-23 12:56:44 - Epoch [20/100] LR(backbone/head): 1.918039e-05/1.918039e-04 | WarmupCosineFactor: 0.9590 | Loss: 0.5644 | Train Acc: 0.6675 | Time: 11.7s
2026-03-23 12:56:44 - ----------------------------------------
2026-03-23 12:56:46 - [Test] Acc: 0.6979 | Precision(macro): 0.6091 | Recall(macro): 0.6196 | F1(macro): 0.6130
2026-03-23 12:56:46 - [Test] Classification Report:
              precision    recall  f1-score   support

      benign     0.4027    0.4651    0.4317       129
    no_tumor     0.8155    0.7741    0.7943       394

    accuracy                         0.6979       523
   macro avg     0.6091    0.6196    0.6130       523
weighted avg     0.7137    0.6979    0.7048       523

2026-03-23 12:56:46 - *** 保存最优模型 (F1: 0.6130, Epoch: 20) ***
2026-03-23 12:56:46 - ----------------------------------------
2026-03-23 12:56:58 - Epoch [21/100] LR(backbone/head): 1.904044e-05/1.904044e-04 | WarmupCosineFactor: 0.9520 | Loss: 0.5110 | Train Acc: 0.6936 | Time: 11.7s
2026-03-23 12:57:09 - Epoch [22/100] LR(backbone/head): 1.889006e-05/1.889006e-04 | WarmupCosineFactor: 0.9445 | Loss: 0.5310 | Train Acc: 0.6879 | Time: 11.7s
2026-03-23 12:57:21 - Epoch [23/100] LR(backbone/head): 1.872944e-05/1.872944e-04 | WarmupCosineFactor: 0.9365 | Loss: 0.5016 | Train Acc: 0.7100 | Time: 11.7s
2026-03-23 12:57:33 - Epoch [24/100] LR(backbone/head): 1.855875e-05/1.855875e-04 | WarmupCosineFactor: 0.9279 | Loss: 0.5159 | Train Acc: 0.6912 | Time: 11.7s
2026-03-23 12:57:45 - Epoch [25/100] LR(backbone/head): 1.837820e-05/1.837820e-04 | WarmupCosineFactor: 0.9189 | Loss: 0.5004 | Train Acc: 0.6969 | Time: 11.9s
2026-03-23 12:57:45 - ----------------------------------------
2026-03-23 12:57:46 - [Test] Acc: 0.6099 | Precision(macro): 0.5505 | Recall(macro): 0.5638 | F1(macro): 0.5454
2026-03-23 12:57:46 - [Test] Classification Report:
              precision    recall  f1-score   support

      benign     0.3096    0.4729    0.3742       129
    no_tumor     0.7914    0.6548    0.7167       394

    accuracy                         0.6099       523
   macro avg     0.5505    0.5638    0.5454       523
weighted avg     0.6726    0.6099    0.6322       523

2026-03-23 12:57:46 - ----------------------------------------
2026-03-23 12:57:58 - Epoch [26/100] LR(backbone/head): 1.818800e-05/1.818800e-04 | WarmupCosineFactor: 0.9094 | Loss: 0.4931 | Train Acc: 0.7320 | Time: 11.7s
2026-03-23 12:58:10 - Epoch [27/100] LR(backbone/head): 1.798837e-05/1.798837e-04 | WarmupCosineFactor: 0.8994 | Loss: 0.4630 | Train Acc: 0.7296 | Time: 11.6s
2026-03-23 12:58:21 - Epoch [28/100] LR(backbone/head): 1.777954e-05/1.777954e-04 | WarmupCosineFactor: 0.8890 | Loss: 0.5005 | Train Acc: 0.6953 | Time: 11.7s
2026-03-23 12:58:33 - Epoch [29/100] LR(backbone/head): 1.756176e-05/1.756176e-04 | WarmupCosineFactor: 0.8781 | Loss: 0.4746 | Train Acc: 0.7198 | Time: 11.6s
2026-03-23 12:58:45 - Epoch [30/100] LR(backbone/head): 1.733528e-05/1.733528e-04 | WarmupCosineFactor: 0.8668 | Loss: 0.4652 | Train Acc: 0.7459 | Time: 12.1s
2026-03-23 12:58:45 - ----------------------------------------
2026-03-23 12:58:46 - [Test] Acc: 0.5736 | Precision(macro): 0.5494 | Recall(macro): 0.5658 | F1(macro): 0.5308
2026-03-23 12:58:46 - [Test] Classification Report:
              precision    recall  f1-score   support

      benign     0.3008    0.5504    0.3890       129
    no_tumor     0.7979    0.5812    0.6725       394

    accuracy                         0.5736       523
   macro avg     0.5494    0.5658    0.5308       523
weighted avg     0.6753    0.5736    0.6026       523

2026-03-23 12:58:46 - ----------------------------------------
2026-03-23 12:58:58 - Epoch [31/100] LR(backbone/head): 1.710036e-05/1.710036e-04 | WarmupCosineFactor: 0.8550 | Loss: 0.4481 | Train Acc: 0.7394 | Time: 11.8s
2026-03-23 12:59:10 - Epoch [32/100] LR(backbone/head): 1.685728e-05/1.685728e-04 | WarmupCosineFactor: 0.8429 | Loss: 0.4637 | Train Acc: 0.7369 | Time: 11.9s
2026-03-23 12:59:22 - Epoch [33/100] LR(backbone/head): 1.660632e-05/1.660632e-04 | WarmupCosineFactor: 0.8303 | Loss: 0.4722 | Train Acc: 0.7271 | Time: 12.0s
2026-03-23 12:59:34 - Epoch [34/100] LR(backbone/head): 1.634777e-05/1.634777e-04 | WarmupCosineFactor: 0.8174 | Loss: 0.4612 | Train Acc: 0.7108 | Time: 11.7s
2026-03-23 12:59:45 - Epoch [35/100] LR(backbone/head): 1.608194e-05/1.608194e-04 | WarmupCosineFactor: 0.8041 | Loss: 0.4228 | Train Acc: 0.7288 | Time: 11.7s
2026-03-23 12:59:45 - ----------------------------------------
2026-03-23 12:59:47 - [Test] Acc: 0.6845 | Precision(macro): 0.5764 | Recall(macro): 0.5768 | F1(macro): 0.5766
2026-03-23 12:59:47 - [Test] Classification Report:
              precision    recall  f1-score   support

      benign     0.3615    0.3643    0.3629       129
    no_tumor     0.7913    0.7893    0.7903       394

    accuracy                         0.6845       523
   macro avg     0.5764    0.5768    0.5766       523
weighted avg     0.6853    0.6845    0.6849       523

2026-03-23 12:59:47 - ----------------------------------------
2026-03-23 12:59:59 - Epoch [36/100] LR(backbone/head): 1.580914e-05/1.580914e-04 | WarmupCosineFactor: 0.7905 | Loss: 0.4380 | Train Acc: 0.7361 | Time: 12.0s
2026-03-23 13:00:11 - Epoch [37/100] LR(backbone/head): 1.552967e-05/1.552967e-04 | WarmupCosineFactor: 0.7765 | Loss: 0.4341 | Train Acc: 0.7565 | Time: 12.0s
2026-03-23 13:00:23 - Epoch [38/100] LR(backbone/head): 1.524388e-05/1.524388e-04 | WarmupCosineFactor: 0.7622 | Loss: 0.4672 | Train Acc: 0.7288 | Time: 11.9s
2026-03-23 13:00:35 - Epoch [39/100] LR(backbone/head): 1.495209e-05/1.495209e-04 | WarmupCosineFactor: 0.7476 | Loss: 0.4385 | Train Acc: 0.7516 | Time: 11.6s
2026-03-23 13:00:47 - Epoch [40/100] LR(backbone/head): 1.465464e-05/1.465464e-04 | WarmupCosineFactor: 0.7327 | Loss: 0.3933 | Train Acc: 0.7443 | Time: 11.9s
2026-03-23 13:00:47 - ----------------------------------------
2026-03-23 13:00:48 - [Test] Acc: 0.7075 | Precision(macro): 0.5947 | Recall(macro): 0.5869 | F1(macro): 0.5899
2026-03-23 13:00:48 - [Test] Classification Report:
              precision    recall  f1-score   support

      benign     0.3947    0.3488    0.3704       129
    no_tumor     0.7946    0.8249    0.8095       394

    accuracy                         0.7075       523
   macro avg     0.5947    0.5869    0.5899       523
weighted avg     0.6960    0.7075    0.7012       523

2026-03-23 13:00:48 - ----------------------------------------
2026-03-23 13:01:00 - Epoch [41/100] LR(backbone/head): 1.435189e-05/1.435189e-04 | WarmupCosineFactor: 0.7176 | Loss: 0.4194 | Train Acc: 0.7598 | Time: 11.6s
2026-03-23 13:01:11 - Epoch [42/100] LR(backbone/head): 1.404417e-05/1.404417e-04 | WarmupCosineFactor: 0.7022 | Loss: 0.3971 | Train Acc: 0.7688 | Time: 11.7s
2026-03-23 13:01:23 - Epoch [43/100] LR(backbone/head): 1.373186e-05/1.373186e-04 | WarmupCosineFactor: 0.6866 | Loss: 0.4185 | Train Acc: 0.7206 | Time: 11.5s
2026-03-23 13:01:35 - Epoch [44/100] LR(backbone/head): 1.341531e-05/1.341531e-04 | WarmupCosineFactor: 0.6708 | Loss: 0.4109 | Train Acc: 0.7435 | Time: 11.7s
2026-03-23 13:01:47 - Epoch [45/100] LR(backbone/head): 1.309489e-05/1.309489e-04 | WarmupCosineFactor: 0.6547 | Loss: 0.4113 | Train Acc: 0.7647 | Time: 12.2s
2026-03-23 13:01:47 - ----------------------------------------
2026-03-23 13:01:48 - [Test] Acc: 0.6252 | Precision(macro): 0.5522 | Recall(macro): 0.5636 | F1(macro): 0.5507
2026-03-23 13:01:48 - [Test] Classification Report:
              precision    recall  f1-score   support

      benign     0.3149    0.4419    0.3677       129
    no_tumor     0.7895    0.6853    0.7337       394

    accuracy                         0.6252       523
   macro avg     0.5522    0.5636    0.5507       523
weighted avg     0.6724    0.6252    0.6434       523

2026-03-23 13:01:48 - ----------------------------------------
2026-03-23 13:02:00 - Epoch [46/100] LR(backbone/head): 1.277099e-05/1.277099e-04 | WarmupCosineFactor: 0.6385 | Loss: 0.3919 | Train Acc: 0.7835 | Time: 11.7s
2026-03-23 13:02:12 - Epoch [47/100] LR(backbone/head): 1.244397e-05/1.244397e-04 | WarmupCosineFactor: 0.6222 | Loss: 0.4023 | Train Acc: 0.7353 | Time: 11.7s
2026-03-23 13:02:24 - Epoch [48/100] LR(backbone/head): 1.211421e-05/1.211421e-04 | WarmupCosineFactor: 0.6057 | Loss: 0.4200 | Train Acc: 0.7794 | Time: 12.0s
2026-03-23 13:02:36 - Epoch [49/100] LR(backbone/head): 1.178211e-05/1.178211e-04 | WarmupCosineFactor: 0.5891 | Loss: 0.3802 | Train Acc: 0.7737 | Time: 11.7s
2026-03-23 13:02:47 - Epoch [50/100] LR(backbone/head): 1.144805e-05/1.144805e-04 | WarmupCosineFactor: 0.5724 | Loss: 0.3432 | Train Acc: 0.7900 | Time: 11.6s
2026-03-23 13:02:47 - ----------------------------------------
2026-03-23 13:02:49 - [Test] Acc: 0.7132 | Precision(macro): 0.5854 | Recall(macro): 0.5672 | F1(macro): 0.5711
2026-03-23 13:02:49 - [Test] Classification Report:
              precision    recall  f1-score   support

      benign     0.3871    0.2791    0.3243       129
    no_tumor     0.7837    0.8553    0.8180       394

    accuracy                         0.7132       523
   macro avg     0.5854    0.5672    0.5711       523
weighted avg     0.6859    0.7132    0.6962       523

2026-03-23 13:02:49 - ----------------------------------------
2026-03-23 13:03:01 - Epoch [51/100] LR(backbone/head): 1.111242e-05/1.111242e-04 | WarmupCosineFactor: 0.5556 | Loss: 0.3833 | Train Acc: 0.7745 | Time: 11.8s
2026-03-23 13:03:13 - Epoch [52/100] LR(backbone/head): 1.077560e-05/1.077560e-04 | WarmupCosineFactor: 0.5388 | Loss: 0.3817 | Train Acc: 0.7876 | Time: 11.8s
2026-03-23 13:03:25 - Epoch [53/100] LR(backbone/head): 1.043800e-05/1.043800e-04 | WarmupCosineFactor: 0.5219 | Loss: 0.3809 | Train Acc: 0.7598 | Time: 11.9s
2026-03-23 13:03:36 - Epoch [54/100] LR(backbone/head): 1.010000e-05/1.010000e-04 | WarmupCosineFactor: 0.5050 | Loss: 0.3966 | Train Acc: 0.7737 | Time: 11.6s
2026-03-23 13:03:49 - Epoch [55/100] LR(backbone/head): 9.762003e-06/9.762003e-05 | WarmupCosineFactor: 0.4881 | Loss: 0.3737 | Train Acc: 0.7492 | Time: 12.1s
2026-03-23 13:03:49 - ----------------------------------------
2026-03-23 13:03:50 - [Test] Acc: 0.7266 | Precision(macro): 0.5996 | Recall(macro): 0.5709 | F1(macro): 0.5755
2026-03-23 13:03:50 - [Test] Classification Report:
              precision    recall  f1-score   support

      benign     0.4146    0.2636    0.3223       129
    no_tumor     0.7846    0.8782    0.8287       394

    accuracy                         0.7266       523
   macro avg     0.5996    0.5709    0.5755       523
weighted avg     0.6933    0.7266    0.7038       523

2026-03-23 13:03:50 - ----------------------------------------
2026-03-23 13:04:02 - Epoch [56/100] LR(backbone/head): 9.424400e-06/9.424400e-05 | WarmupCosineFactor: 0.4712 | Loss: 0.3693 | Train Acc: 0.7753 | Time: 11.8s
2026-03-23 13:04:13 - Epoch [57/100] LR(backbone/head): 9.087585e-06/9.087585e-05 | WarmupCosineFactor: 0.4544 | Loss: 0.4024 | Train Acc: 0.7672 | Time: 11.6s
2026-03-23 13:04:25 - Epoch [58/100] LR(backbone/head): 8.751950e-06/8.751950e-05 | WarmupCosineFactor: 0.4376 | Loss: 0.3554 | Train Acc: 0.7639 | Time: 11.5s
2026-03-23 13:04:36 - Epoch [59/100] LR(backbone/head): 8.417887e-06/8.417887e-05 | WarmupCosineFactor: 0.4209 | Loss: 0.3723 | Train Acc: 0.7884 | Time: 11.4s
2026-03-23 13:04:48 - Epoch [60/100] LR(backbone/head): 8.085785e-06/8.085785e-05 | WarmupCosineFactor: 0.4043 | Loss: 0.3363 | Train Acc: 0.7851 | Time: 11.7s
2026-03-23 13:04:48 - ----------------------------------------
2026-03-23 13:04:50 - [Test] Acc: 0.6864 | Precision(macro): 0.5707 | Recall(macro): 0.5677 | F1(macro): 0.5690
2026-03-23 13:04:50 - [Test] Classification Report:
              precision    recall  f1-score   support

      benign     0.3554    0.3333    0.3440       129
    no_tumor     0.7861    0.8020    0.7940       394

    accuracy                         0.6864       523
   macro avg     0.5707    0.5677    0.5690       523
weighted avg     0.6798    0.6864    0.6830       523

2026-03-23 13:04:50 - ----------------------------------------
2026-03-23 13:05:02 - Epoch [61/100] LR(backbone/head): 7.756032e-06/7.756032e-05 | WarmupCosineFactor: 0.3878 | Loss: 0.3469 | Train Acc: 0.8113 | Time: 11.8s
2026-03-23 13:05:13 - Epoch [62/100] LR(backbone/head): 7.429012e-06/7.429012e-05 | WarmupCosineFactor: 0.3715 | Loss: 0.3885 | Train Acc: 0.7688 | Time: 11.6s
2026-03-23 13:05:25 - Epoch [63/100] LR(backbone/head): 7.105106e-06/7.105106e-05 | WarmupCosineFactor: 0.3553 | Loss: 0.3861 | Train Acc: 0.7590 | Time: 11.9s
2026-03-23 13:05:37 - Epoch [64/100] LR(backbone/head): 6.784692e-06/6.784692e-05 | WarmupCosineFactor: 0.3392 | Loss: 0.3371 | Train Acc: 0.7712 | Time: 11.6s
2026-03-23 13:05:48 - Epoch [65/100] LR(backbone/head): 6.468143e-06/6.468143e-05 | WarmupCosineFactor: 0.3234 | Loss: 0.3717 | Train Acc: 0.7933 | Time: 11.7s
2026-03-23 13:05:48 - ----------------------------------------
2026-03-23 13:05:50 - [Test] Acc: 0.6769 | Precision(macro): 0.5603 | Recall(macro): 0.5587 | F1(macro): 0.5595
2026-03-23 13:05:50 - [Test] Classification Report:
              precision    recall  f1-score   support

      benign     0.3387    0.3256    0.3320       129
    no_tumor     0.7820    0.7919    0.7869       394

    accuracy                         0.6769       523
   macro avg     0.5603    0.5587    0.5595       523
weighted avg     0.6726    0.6769    0.6747       523

2026-03-23 13:05:50 - ----------------------------------------
2026-03-23 13:06:01 - Epoch [66/100] LR(backbone/head): 6.155829e-06/6.155829e-05 | WarmupCosineFactor: 0.3078 | Loss: 0.3708 | Train Acc: 0.7868 | Time: 11.5s
2026-03-23 13:06:13 - Epoch [67/100] LR(backbone/head): 5.848114e-06/5.848114e-05 | WarmupCosineFactor: 0.2924 | Loss: 0.3312 | Train Acc: 0.7868 | Time: 11.5s
2026-03-23 13:06:25 - Epoch [68/100] LR(backbone/head): 5.545356e-06/5.545356e-05 | WarmupCosineFactor: 0.2773 | Loss: 0.3457 | Train Acc: 0.7900 | Time: 11.7s
2026-03-23 13:06:37 - Epoch [69/100] LR(backbone/head): 5.247909e-06/5.247909e-05 | WarmupCosineFactor: 0.2624 | Loss: 0.3259 | Train Acc: 0.7900 | Time: 12.0s
2026-03-23 13:06:48 - Epoch [70/100] LR(backbone/head): 4.956119e-06/4.956119e-05 | WarmupCosineFactor: 0.2478 | Loss: 0.3248 | Train Acc: 0.8211 | Time: 11.9s
2026-03-23 13:06:48 - ----------------------------------------
2026-03-23 13:06:50 - [Test] Acc: 0.7247 | Precision(macro): 0.5875 | Recall(macro): 0.5566 | F1(macro): 0.5583
2026-03-23 13:06:50 - [Test] Classification Report:
              precision    recall  f1-score   support

      benign     0.3973    0.2248    0.2871       129
    no_tumor     0.7778    0.8883    0.8294       394

    accuracy                         0.7247       523
   macro avg     0.5875    0.5566    0.5583       523
weighted avg     0.6839    0.7247    0.6956       523

2026-03-23 13:06:50 - ----------------------------------------
2026-03-23 13:07:02 - Epoch [71/100] LR(backbone/head): 4.670326e-06/4.670326e-05 | WarmupCosineFactor: 0.2335 | Loss: 0.3464 | Train Acc: 0.7827 | Time: 11.7s
2026-03-23 13:07:13 - Epoch [72/100] LR(backbone/head): 4.390865e-06/4.390865e-05 | WarmupCosineFactor: 0.2195 | Loss: 0.3296 | Train Acc: 0.7843 | Time: 11.8s
2026-03-23 13:07:25 - Epoch [73/100] LR(backbone/head): 4.118060e-06/4.118060e-05 | WarmupCosineFactor: 0.2059 | Loss: 0.3384 | Train Acc: 0.7908 | Time: 11.5s
2026-03-23 13:07:37 - Epoch [74/100] LR(backbone/head): 3.852229e-06/3.852229e-05 | WarmupCosineFactor: 0.1926 | Loss: 0.3379 | Train Acc: 0.7900 | Time: 12.0s
2026-03-23 13:07:48 - Epoch [75/100] LR(backbone/head): 3.593684e-06/3.593684e-05 | WarmupCosineFactor: 0.1797 | Loss: 0.3349 | Train Acc: 0.7892 | Time: 11.6s
2026-03-23 13:07:48 - ----------------------------------------
2026-03-23 13:07:50 - [Test] Acc: 0.7170 | Precision(macro): 0.5883 | Recall(macro): 0.5671 | F1(macro): 0.5712
2026-03-23 13:07:50 - [Test] Classification Report:
              precision    recall  f1-score   support

      benign     0.3933    0.2713    0.3211       129
    no_tumor     0.7834    0.8629    0.8213       394

    accuracy                         0.7170       523
   macro avg     0.5883    0.5671    0.5712       523
weighted avg     0.6872    0.7170    0.6979       523

2026-03-23 13:07:50 - ----------------------------------------
2026-03-23 13:08:02 - Epoch [76/100] LR(backbone/head): 3.342724e-06/3.342724e-05 | WarmupCosineFactor: 0.1671 | Loss: 0.3426 | Train Acc: 0.7819 | Time: 11.6s
2026-03-23 13:08:14 - Epoch [77/100] LR(backbone/head): 3.099643e-06/3.099643e-05 | WarmupCosineFactor: 0.1550 | Loss: 0.3420 | Train Acc: 0.7990 | Time: 12.0s
2026-03-23 13:08:25 - Epoch [78/100] LR(backbone/head): 2.864724e-06/2.864724e-05 | WarmupCosineFactor: 0.1432 | Loss: 0.3249 | Train Acc: 0.7655 | Time: 11.7s
2026-03-23 13:08:37 - Epoch [79/100] LR(backbone/head): 2.638241e-06/2.638241e-05 | WarmupCosineFactor: 0.1319 | Loss: 0.3418 | Train Acc: 0.7998 | Time: 11.6s
2026-03-23 13:08:49 - Epoch [80/100] LR(backbone/head): 2.420458e-06/2.420458e-05 | WarmupCosineFactor: 0.1210 | Loss: 0.3302 | Train Acc: 0.7819 | Time: 12.2s
2026-03-23 13:08:49 - ----------------------------------------
2026-03-23 13:08:51 - [Test] Acc: 0.6960 | Precision(macro): 0.5721 | Recall(macro): 0.5636 | F1(macro): 0.5663
2026-03-23 13:08:51 - [Test] Classification Report:
              precision    recall  f1-score   support

      benign     0.3611    0.3023    0.3291       129
    no_tumor     0.7831    0.8249    0.8035       394

    accuracy                         0.6960       523
   macro avg     0.5721    0.5636    0.5663       523
weighted avg     0.6790    0.6960    0.6865       523

2026-03-23 13:08:51 - ----------------------------------------
2026-03-23 13:09:02 - Epoch [81/100] LR(backbone/head): 2.211629e-06/2.211629e-05 | WarmupCosineFactor: 0.1106 | Loss: 0.3252 | Train Acc: 0.7859 | Time: 11.8s
2026-03-23 13:09:14 - Epoch [82/100] LR(backbone/head): 2.011998e-06/2.011998e-05 | WarmupCosineFactor: 0.1006 | Loss: 0.3360 | Train Acc: 0.7982 | Time: 11.7s
2026-03-23 13:09:26 - Epoch [83/100] LR(backbone/head): 1.821797e-06/1.821797e-05 | WarmupCosineFactor: 0.0911 | Loss: 0.3170 | Train Acc: 0.7917 | Time: 12.2s
2026-03-23 13:09:38 - Epoch [84/100] LR(backbone/head): 1.641248e-06/1.641248e-05 | WarmupCosineFactor: 0.0821 | Loss: 0.3322 | Train Acc: 0.8056 | Time: 11.9s
2026-03-23 13:09:50 - Epoch [85/100] LR(backbone/head): 1.470561e-06/1.470561e-05 | WarmupCosineFactor: 0.0735 | Loss: 0.3513 | Train Acc: 0.7974 | Time: 11.7s
2026-03-23 13:09:50 - ----------------------------------------
2026-03-23 13:09:52 - [Test] Acc: 0.7247 | Precision(macro): 0.5914 | Recall(macro): 0.5618 | F1(macro): 0.5648
2026-03-23 13:09:52 - [Test] Classification Report:
              precision    recall  f1-score   support

      benign     0.4026    0.2403    0.3010       129
    no_tumor     0.7803    0.8832    0.8286       394

    accuracy                         0.7247       523
   macro avg     0.5914    0.5618    0.5648       523
weighted avg     0.6871    0.7247    0.6984       523

2026-03-23 13:09:52 - ----------------------------------------
2026-03-23 13:10:03 - Epoch [86/100] LR(backbone/head): 1.309936e-06/1.309936e-05 | WarmupCosineFactor: 0.0655 | Loss: 0.3503 | Train Acc: 0.7892 | Time: 11.7s
2026-03-23 13:10:15 - Epoch [87/100] LR(backbone/head): 1.159560e-06/1.159560e-05 | WarmupCosineFactor: 0.0580 | Loss: 0.3410 | Train Acc: 0.7819 | Time: 11.8s
2026-03-23 13:10:27 - Epoch [88/100] LR(backbone/head): 1.019608e-06/1.019608e-05 | WarmupCosineFactor: 0.0510 | Loss: 0.3220 | Train Acc: 0.8088 | Time: 11.7s
2026-03-23 13:10:39 - Epoch [89/100] LR(backbone/head): 8.902434e-07/8.902434e-06 | WarmupCosineFactor: 0.0445 | Loss: 0.3380 | Train Acc: 0.7933 | Time: 12.1s
2026-03-23 13:10:51 - Epoch [90/100] LR(backbone/head): 7.716169e-07/7.716169e-06 | WarmupCosineFactor: 0.0386 | Loss: 0.3399 | Train Acc: 0.7933 | Time: 12.0s
2026-03-23 13:10:51 - ----------------------------------------
2026-03-23 13:10:53 - [Test] Acc: 0.7113 | Precision(macro): 0.5729 | Recall(macro): 0.5529 | F1(macro): 0.5549
2026-03-23 13:10:53 - [Test] Classification Report:
              precision    recall  f1-score   support

      benign     0.3690    0.2403    0.2911       129
    no_tumor     0.7768    0.8655    0.8187       394

    accuracy                         0.7113       523
   macro avg     0.5729    0.5529    0.5549       523
weighted avg     0.6762    0.7113    0.6886       523

2026-03-23 13:10:53 - ----------------------------------------
2026-03-23 13:11:04 - Epoch [91/100] LR(backbone/head): 6.638668e-07/6.638668e-06 | WarmupCosineFactor: 0.0332 | Loss: 0.3341 | Train Acc: 0.7908 | Time: 11.9s
2026-03-23 13:11:16 - Epoch [92/100] LR(backbone/head): 5.671189e-07/5.671189e-06 | WarmupCosineFactor: 0.0284 | Loss: 0.3102 | Train Acc: 0.8105 | Time: 11.9s
2026-03-23 13:11:28 - Epoch [93/100] LR(backbone/head): 4.814858e-07/4.814858e-06 | WarmupCosineFactor: 0.0241 | Loss: 0.3478 | Train Acc: 0.8031 | Time: 11.9s
2026-03-23 13:11:40 - Epoch [94/100] LR(backbone/head): 4.070675e-07/4.070675e-06 | WarmupCosineFactor: 0.0204 | Loss: 0.3339 | Train Acc: 0.7680 | Time: 11.9s
2026-03-23 13:11:52 - Epoch [95/100] LR(backbone/head): 3.439508e-07/3.439508e-06 | WarmupCosineFactor: 0.0172 | Loss: 0.3267 | Train Acc: 0.7851 | Time: 11.5s
2026-03-23 13:11:52 - ----------------------------------------
2026-03-23 13:11:54 - [Test] Acc: 0.7170 | Precision(macro): 0.5805 | Recall(macro): 0.5567 | F1(macro): 0.5591
2026-03-23 13:11:54 - [Test] Classification Report:
              precision    recall  f1-score   support

      benign     0.3827    0.2403    0.2952       129
    no_tumor     0.7783    0.8731    0.8230       394

    accuracy                         0.7170       523
   macro avg     0.5805    0.5567    0.5591       523
weighted avg     0.6807    0.7170    0.6928       523

2026-03-23 13:11:54 - ----------------------------------------
2026-03-23 13:12:05 - Epoch [96/100] LR(backbone/head): 2.922091e-07/2.922091e-06 | WarmupCosineFactor: 0.0146 | Loss: 0.3129 | Train Acc: 0.7966 | Time: 11.8s
2026-03-23 13:12:17 - Epoch [97/100] LR(backbone/head): 2.519029e-07/2.519029e-06 | WarmupCosineFactor: 0.0126 | Loss: 0.3480 | Train Acc: 0.7892 | Time: 11.7s
2026-03-23 13:12:29 - Epoch [98/100] LR(backbone/head): 2.230792e-07/2.230792e-06 | WarmupCosineFactor: 0.0112 | Loss: 0.3186 | Train Acc: 0.7778 | Time: 11.8s
2026-03-23 13:12:41 - Epoch [99/100] LR(backbone/head): 2.057715e-07/2.057715e-06 | WarmupCosineFactor: 0.0103 | Loss: 0.3401 | Train Acc: 0.7908 | Time: 11.9s
2026-03-23 13:12:52 - Epoch [100/100] LR(backbone/head): 2.000000e-07/2.000000e-06 | WarmupCosineFactor: 0.0100 | Loss: 0.3145 | Train Acc: 0.8145 | Time: 11.7s
2026-03-23 13:12:52 - ----------------------------------------
2026-03-23 13:12:54 - [Test] Acc: 0.7113 | Precision(macro): 0.5751 | Recall(macro): 0.5555 | F1(macro): 0.5580
2026-03-23 13:12:54 - [Test] Classification Report:
              precision    recall  f1-score   support

      benign     0.3721    0.2481    0.2977       129
    no_tumor     0.7780    0.8629    0.8183       394

    accuracy                         0.7113       523
   macro avg     0.5751    0.5555    0.5580       523
weighted avg     0.6779    0.7113    0.6899       523

2026-03-23 13:12:54 - ----------------------------------------
2026-03-23 13:12:54 - 
============================================================
2026-03-23 13:12:54 - 训练完成! 最优模型: Epoch 20, F1: 0.6130
2026-03-23 13:12:54 - ============================================================
2026-03-23 13:12:54 - 
加载最优权重进行最终测试...
2026-03-23 13:12:54 - ============================================================
2026-03-23 13:12:54 - 最终测试结果 (最优权重, threshold=0.5)
2026-03-23 13:12:54 - ============================================================
2026-03-23 13:12:56 - [Final Test] Acc: 0.6979 | Precision(macro): 0.6091 | Recall(macro): 0.6196 | F1(macro): 0.6130
2026-03-23 13:12:56 - [Final Test] Classification Report:
              precision    recall  f1-score   support

      benign     0.4027    0.4651    0.4317       129
    no_tumor     0.8155    0.7741    0.7943       394

    accuracy                         0.6979       523
   macro avg     0.6091    0.6196    0.6130       523
weighted avg     0.7137    0.6979    0.7048       523

2026-03-23 13:12:56 - 
============================================================
2026-03-23 13:12:56 - 阈值优化搜索 (在测试集上寻找最优 F1 的分类阈值)
2026-03-23 13:12:56 - ============================================================
2026-03-23 13:12:57 - 最优阈值: 0.535 (F1: 0.6168 vs 默认0.5 F1: 0.6130)
2026-03-23 13:12:59 - [Final Test (最优阈值)] Threshold: 0.535 | Acc: 0.7094 | Precision(macro): 0.6148 | Recall(macro): 0.6194 | F1(macro): 0.6168
2026-03-23 13:12:59 - [Final Test (最优阈值)] Classification Report:
              precision    recall  f1-score   support

      benign     0.4161    0.4419    0.4286       129
    no_tumor     0.8135    0.7970    0.8051       394

    accuracy                         0.7094       523
   macro avg     0.6148    0.6194    0.6168       523
weighted avg     0.7154    0.7094    0.7122       523

2026-03-23 13:12:59 - 训练脚本已复制到: /data1/ouyangxinglong/GBP-Cascade/logs/20260323_task2_SwinV2_seed456/20260323_task2_multiseed_train.py
