2026-04-03 08:25:16 - ======================================================================
2026-04-03 08:25:16 - 实验名称: 20260402_task2_SwinV2Tiny_segcls_3
2026-04-03 08:25:16 - 模型: SwinV2-Tiny@256 + 4ch + UNet seg aux regularizer
2026-04-03 08:25:16 - 修改: 4ch(RGB+mask)输入 + UNet分割解码器(辅助正则化, lambda_cls=2.0) + GAP分类头 + 无Mixup + 无metadata + 100ep
2026-04-03 08:25:16 - 输入通道: 4
2026-04-03 08:25:16 - 图像尺寸: 256
2026-04-03 08:25:16 - 分割类别: 2
2026-04-03 08:25:16 - 分类类别: ['benign', 'no_tumor']
2026-04-03 08:25:16 - Batch Size: 8
2026-04-03 08:25:16 - Backbone LR: 2e-05
2026-04-03 08:25:16 - Head LR: 0.0002
2026-04-03 08:25:16 - Weight Decay: 0.05
2026-04-03 08:25:16 - Warmup Epochs: 8
2026-04-03 08:25:16 - Lambda Cls: 2.0
2026-04-03 08:25:16 - Label Smoothing: 0.1
2026-04-03 08:25:16 - Seed: 42
2026-04-03 08:25:16 - Epochs: 100
2026-04-03 08:25:16 - Grad Clip: 1.0
2026-04-03 08:25:16 - 设备: cuda
2026-04-03 08:25:16 - ======================================================================
2026-04-03 08:25:16 - 训练集: 1229 张 (benign=309, no_tumor=920)
2026-04-03 08:25:16 - 测试集: 523 张 (benign=129, no_tumor=394)
2026-04-03 08:25:25 - 模型参数量: 34,648,846
2026-04-03 08:25:25 - 可训练参数量: 34,648,846
2026-04-03 08:25:25 - 分类类别权重: benign=1.9887, no_tumor=0.6679
2026-04-03 08:25:25 - 分割类别权重: bg=1.0, lesion=5.0
2026-04-03 08:25:25 - 
======================================================================
2026-04-03 08:25:25 - 开始训练
2026-04-03 08:25:25 - ======================================================================
2026-04-03 08:25:42 - Epoch [1/100] LR: 2.50e-06/2.50e-05 | Loss: 2.3286 (seg=0.7287, cls=0.7999) | Cls Acc: 0.5392 | Seg IoU: 0.5913 | Seg Dice: 0.6706 | 17.0s
2026-04-03 08:25:56 - Epoch [2/100] LR: 5.00e-06/5.00e-05 | Loss: 1.7426 (seg=0.2805, cls=0.7311) | Cls Acc: 0.5792 | Seg IoU: 0.8964 | Seg Dice: 0.9452 | 14.8s
2026-04-03 08:26:11 - Epoch [3/100] LR: 7.50e-06/7.50e-05 | Loss: 1.5945 (seg=0.1789, cls=0.7078) | Cls Acc: 0.6078 | Seg IoU: 0.9413 | Seg Dice: 0.9697 | 14.7s
2026-04-03 08:26:26 - Epoch [4/100] LR: 1.00e-05/1.00e-04 | Loss: 1.4939 (seg=0.1144, cls=0.6897) | Cls Acc: 0.6348 | Seg IoU: 0.9614 | Seg Dice: 0.9803 | 14.4s
2026-04-03 08:26:43 - Epoch [5/100] LR: 1.25e-05/1.25e-04 | Loss: 1.4126 (seg=0.0691, cls=0.6717) | Cls Acc: 0.6340 | Seg IoU: 0.9720 | Seg Dice: 0.9858 | 17.0s
2026-04-03 08:26:43 - --------------------------------------------------
2026-04-03 08:26:47 - [Test] Cls — Acc: 0.6998 | P(macro): 0.5969 | R(macro): 0.5974 | F1(macro): 0.5972
2026-04-03 08:26:47 - [Test] Seg — Lesion IoU: 0.9712 | Lesion Dice: 0.9854
2026-04-03 08:26:47 - [Test] Classification Report:
              precision    recall  f1-score   support

      benign     0.3923    0.3953    0.3938       129
    no_tumor     0.8015    0.7995    0.8005       394

    accuracy                         0.6998       523
   macro avg     0.5969    0.5974    0.5972       523
weighted avg     0.7006    0.6998    0.7002       523

2026-04-03 08:26:48 - *** 保存最优模型 (F1: 0.5972, Epoch: 5) ***
2026-04-03 08:26:48 - --------------------------------------------------
2026-04-03 08:27:04 - Epoch [6/100] LR: 1.50e-05/1.50e-04 | Loss: 1.3587 (seg=0.0454, cls=0.6567) | Cls Acc: 0.6887 | Seg IoU: 0.9763 | Seg Dice: 0.9880 | 16.8s
2026-04-03 08:27:19 - Epoch [7/100] LR: 1.75e-05/1.75e-04 | Loss: 1.3702 (seg=0.0319, cls=0.6692) | Cls Acc: 0.7010 | Seg IoU: 0.9779 | Seg Dice: 0.9888 | 14.6s
2026-04-03 08:27:34 - Epoch [8/100] LR: 2.00e-05/2.00e-04 | Loss: 1.3085 (seg=0.0229, cls=0.6428) | Cls Acc: 0.7026 | Seg IoU: 0.9805 | Seg Dice: 0.9901 | 15.0s
2026-04-03 08:27:50 - Epoch [9/100] LR: 2.00e-05/2.00e-04 | Loss: 1.2979 (seg=0.0165, cls=0.6407) | Cls Acc: 0.7198 | Seg IoU: 0.9853 | Seg Dice: 0.9926 | 15.8s
2026-04-03 08:28:05 - Epoch [10/100] LR: 2.00e-05/2.00e-04 | Loss: 1.2335 (seg=0.0128, cls=0.6104) | Cls Acc: 0.7435 | Seg IoU: 0.9875 | Seg Dice: 0.9937 | 15.2s
2026-04-03 08:28:05 - --------------------------------------------------
2026-04-03 08:28:07 - [Test] Cls — Acc: 0.7208 | P(macro): 0.6150 | R(macro): 0.6062 | F1(macro): 0.6098
2026-04-03 08:28:07 - [Test] Seg — Lesion IoU: 0.9879 | Lesion Dice: 0.9939
2026-04-03 08:28:07 - [Test] Classification Report:
              precision    recall  f1-score   support

      benign     0.4261    0.3798    0.4016       129
    no_tumor     0.8039    0.8325    0.8180       394

    accuracy                         0.7208       523
   macro avg     0.6150    0.6062    0.6098       523
weighted avg     0.7107    0.7208    0.7153       523

2026-04-03 08:28:08 - *** 保存最优模型 (F1: 0.6098, Epoch: 10) ***
2026-04-03 08:28:08 - --------------------------------------------------
2026-04-03 08:28:23 - Epoch [11/100] LR: 1.99e-05/1.99e-04 | Loss: 1.1775 (seg=0.0106, cls=0.5834) | Cls Acc: 0.7753 | Seg IoU: 0.9880 | Seg Dice: 0.9939 | 15.6s
2026-04-03 08:28:38 - Epoch [12/100] LR: 1.99e-05/1.99e-04 | Loss: 1.1633 (seg=0.0094, cls=0.5769) | Cls Acc: 0.7868 | Seg IoU: 0.9885 | Seg Dice: 0.9942 | 15.0s
2026-04-03 08:28:53 - Epoch [13/100] LR: 1.99e-05/1.99e-04 | Loss: 1.1229 (seg=0.0069, cls=0.5580) | Cls Acc: 0.7917 | Seg IoU: 0.9922 | Seg Dice: 0.9961 | 15.1s
2026-04-03 08:29:09 - Epoch [14/100] LR: 1.98e-05/1.98e-04 | Loss: 1.0837 (seg=0.0073, cls=0.5382) | Cls Acc: 0.8342 | Seg IoU: 0.9903 | Seg Dice: 0.9951 | 15.1s
2026-04-03 08:29:24 - Epoch [15/100] LR: 1.97e-05/1.97e-04 | Loss: 1.0413 (seg=0.0055, cls=0.5179) | Cls Acc: 0.8464 | Seg IoU: 0.9927 | Seg Dice: 0.9963 | 15.6s
2026-04-03 08:29:24 - --------------------------------------------------
2026-04-03 08:29:27 - [Test] Cls — Acc: 0.6195 | P(macro): 0.5524 | R(macro): 0.5650 | F1(macro): 0.5496
2026-04-03 08:29:27 - [Test] Seg — Lesion IoU: 0.9927 | Lesion Dice: 0.9964
2026-04-03 08:29:27 - [Test] Classification Report:
              precision    recall  f1-score   support

      benign     0.3138    0.4574    0.3722       129
    no_tumor     0.7910    0.6726    0.7270       394

    accuracy                         0.6195       523
   macro avg     0.5524    0.5650    0.5496       523
weighted avg     0.6733    0.6195    0.6395       523

2026-04-03 08:29:27 - --------------------------------------------------
2026-04-03 08:29:42 - Epoch [16/100] LR: 1.96e-05/1.96e-04 | Loss: 1.0148 (seg=0.0046, cls=0.5051) | Cls Acc: 0.8603 | Seg IoU: 0.9938 | Seg Dice: 0.9969 | 15.3s
2026-04-03 08:29:57 - Epoch [17/100] LR: 1.95e-05/1.95e-04 | Loss: 0.9931 (seg=0.0054, cls=0.4938) | Cls Acc: 0.8815 | Seg IoU: 0.9915 | Seg Dice: 0.9957 | 15.0s
2026-04-03 08:30:12 - Epoch [18/100] LR: 1.94e-05/1.94e-04 | Loss: 0.9723 (seg=0.0040, cls=0.4842) | Cls Acc: 0.8742 | Seg IoU: 0.9940 | Seg Dice: 0.9970 | 14.9s
2026-04-03 08:30:27 - Epoch [19/100] LR: 1.93e-05/1.93e-04 | Loss: 0.9654 (seg=0.0155, cls=0.4750) | Cls Acc: 0.8881 | Seg IoU: 0.9682 | Seg Dice: 0.9832 | 15.1s
2026-04-03 08:30:43 - Epoch [20/100] LR: 1.92e-05/1.92e-04 | Loss: 0.9261 (seg=0.0074, cls=0.4593) | Cls Acc: 0.8987 | Seg IoU: 0.9856 | Seg Dice: 0.9927 | 15.6s
2026-04-03 08:30:43 - --------------------------------------------------
2026-04-03 08:30:45 - [Test] Cls — Acc: 0.7132 | P(macro): 0.5992 | R(macro): 0.5881 | F1(macro): 0.5921
2026-04-03 08:30:45 - [Test] Seg — Lesion IoU: 0.9915 | Lesion Dice: 0.9957
2026-04-03 08:30:45 - [Test] Classification Report:
              precision    recall  f1-score   support

      benign     0.4037    0.3411    0.3697       129
    no_tumor     0.7947    0.8350    0.8144       394

    accuracy                         0.7132       523
   macro avg     0.5992    0.5881    0.5921       523
weighted avg     0.6982    0.7132    0.7047       523

2026-04-03 08:30:45 - --------------------------------------------------
2026-04-03 08:31:00 - Epoch [21/100] LR: 1.90e-05/1.90e-04 | Loss: 0.9335 (seg=0.0043, cls=0.4646) | Cls Acc: 0.8897 | Seg IoU: 0.9926 | Seg Dice: 0.9963 | 15.1s
2026-04-03 08:31:15 - Epoch [22/100] LR: 1.89e-05/1.89e-04 | Loss: 0.8977 (seg=0.0040, cls=0.4468) | Cls Acc: 0.9052 | Seg IoU: 0.9928 | Seg Dice: 0.9964 | 14.8s
2026-04-03 08:31:30 - Epoch [23/100] LR: 1.87e-05/1.87e-04 | Loss: 0.8523 (seg=0.0034, cls=0.4245) | Cls Acc: 0.9216 | Seg IoU: 0.9938 | Seg Dice: 0.9969 | 14.8s
2026-04-03 08:31:45 - Epoch [24/100] LR: 1.86e-05/1.86e-04 | Loss: 0.8190 (seg=0.0051, cls=0.4069) | Cls Acc: 0.9257 | Seg IoU: 0.9902 | Seg Dice: 0.9951 | 14.8s
2026-04-03 08:32:00 - Epoch [25/100] LR: 1.84e-05/1.84e-04 | Loss: 0.7875 (seg=0.0029, cls=0.3923) | Cls Acc: 0.9387 | Seg IoU: 0.9945 | Seg Dice: 0.9973 | 15.1s
2026-04-03 08:32:00 - --------------------------------------------------
2026-04-03 08:32:02 - [Test] Cls — Acc: 0.7361 | P(macro): 0.6099 | R(macro): 0.5694 | F1(macro): 0.5734
2026-04-03 08:32:02 - [Test] Seg — Lesion IoU: 0.9949 | Lesion Dice: 0.9974
2026-04-03 08:32:02 - [Test] Classification Report:
              precision    recall  f1-score   support

      benign     0.4366    0.2403    0.3100       129
    no_tumor     0.7832    0.8985    0.8369       394

    accuracy                         0.7361       523
   macro avg     0.6099    0.5694    0.5734       523
weighted avg     0.6977    0.7361    0.7069       523

2026-04-03 08:32:02 - --------------------------------------------------
2026-04-03 08:32:16 - Epoch [26/100] LR: 1.82e-05/1.82e-04 | Loss: 0.8055 (seg=0.0025, cls=0.4015) | Cls Acc: 0.9428 | Seg IoU: 0.9950 | Seg Dice: 0.9975 | 14.4s
2026-04-03 08:32:31 - Epoch [27/100] LR: 1.80e-05/1.80e-04 | Loss: 0.7665 (seg=0.0024, cls=0.3820) | Cls Acc: 0.9412 | Seg IoU: 0.9953 | Seg Dice: 0.9976 | 15.2s
2026-04-03 08:32:45 - Epoch [28/100] LR: 1.78e-05/1.78e-04 | Loss: 0.8362 (seg=0.0022, cls=0.4170) | Cls Acc: 0.9289 | Seg IoU: 0.9957 | Seg Dice: 0.9978 | 14.1s
2026-04-03 08:33:00 - Epoch [29/100] LR: 1.76e-05/1.76e-04 | Loss: 0.7798 (seg=0.0021, cls=0.3889) | Cls Acc: 0.9379 | Seg IoU: 0.9959 | Seg Dice: 0.9979 | 14.8s
2026-04-03 08:33:15 - Epoch [30/100] LR: 1.73e-05/1.73e-04 | Loss: 0.7517 (seg=0.0021, cls=0.3748) | Cls Acc: 0.9436 | Seg IoU: 0.9958 | Seg Dice: 0.9979 | 14.6s
2026-04-03 08:33:15 - --------------------------------------------------
2026-04-03 08:33:17 - [Test] Cls — Acc: 0.7170 | P(macro): 0.6034 | R(macro): 0.5906 | F1(macro): 0.5951
2026-04-03 08:33:17 - [Test] Seg — Lesion IoU: 0.9957 | Lesion Dice: 0.9978
2026-04-03 08:33:17 - [Test] Classification Report:
              precision    recall  f1-score   support

      benign     0.4112    0.3411    0.3729       129
    no_tumor     0.7957    0.8401    0.8173       394

    accuracy                         0.7170       523
   macro avg     0.6034    0.5906    0.5951       523
weighted avg     0.7008    0.7170    0.7077       523

2026-04-03 08:33:17 - --------------------------------------------------
2026-04-03 08:33:32 - Epoch [31/100] LR: 1.71e-05/1.71e-04 | Loss: 0.7587 (seg=0.0020, cls=0.3784) | Cls Acc: 0.9444 | Seg IoU: 0.9960 | Seg Dice: 0.9980 | 15.1s
2026-04-03 08:33:47 - Epoch [32/100] LR: 1.69e-05/1.69e-04 | Loss: 0.7412 (seg=0.0021, cls=0.3695) | Cls Acc: 0.9395 | Seg IoU: 0.9956 | Seg Dice: 0.9978 | 15.4s
2026-04-03 08:34:02 - Epoch [33/100] LR: 1.66e-05/1.66e-04 | Loss: 0.7417 (seg=0.0019, cls=0.3699) | Cls Acc: 0.9502 | Seg IoU: 0.9959 | Seg Dice: 0.9979 | 14.8s
2026-04-03 08:34:18 - Epoch [34/100] LR: 1.63e-05/1.63e-04 | Loss: 0.7337 (seg=0.0022, cls=0.3658) | Cls Acc: 0.9551 | Seg IoU: 0.9953 | Seg Dice: 0.9977 | 16.3s
2026-04-03 08:34:34 - Epoch [35/100] LR: 1.61e-05/1.61e-04 | Loss: 0.7436 (seg=0.0017, cls=0.3710) | Cls Acc: 0.9526 | Seg IoU: 0.9965 | Seg Dice: 0.9983 | 15.1s
2026-04-03 08:34:34 - --------------------------------------------------
2026-04-03 08:34:36 - [Test] Cls — Acc: 0.6692 | P(macro): 0.5580 | R(macro): 0.5589 | F1(macro): 0.5584
2026-04-03 08:34:36 - [Test] Seg — Lesion IoU: 0.9968 | Lesion Dice: 0.9984
2026-04-03 08:34:36 - [Test] Classification Report:
              precision    recall  f1-score   support

      benign     0.3333    0.3411    0.3372       129
    no_tumor     0.7826    0.7766    0.7796       394

    accuracy                         0.6692       523
   macro avg     0.5580    0.5589    0.5584       523
weighted avg     0.6718    0.6692    0.6705       523

2026-04-03 08:34:36 - --------------------------------------------------
2026-04-03 08:34:50 - Epoch [36/100] LR: 1.58e-05/1.58e-04 | Loss: 0.6965 (seg=0.0014, cls=0.3475) | Cls Acc: 0.9665 | Seg IoU: 0.9970 | Seg Dice: 0.9985 | 14.2s
2026-04-03 08:35:05 - Epoch [37/100] LR: 1.55e-05/1.55e-04 | Loss: 0.6843 (seg=0.0015, cls=0.3414) | Cls Acc: 0.9624 | Seg IoU: 0.9968 | Seg Dice: 0.9984 | 14.8s
2026-04-03 08:35:19 - Epoch [38/100] LR: 1.52e-05/1.52e-04 | Loss: 0.6837 (seg=0.0015, cls=0.3411) | Cls Acc: 0.9722 | Seg IoU: 0.9968 | Seg Dice: 0.9984 | 14.8s
2026-04-03 08:35:34 - Epoch [39/100] LR: 1.50e-05/1.50e-04 | Loss: 0.7055 (seg=0.0013, cls=0.3521) | Cls Acc: 0.9649 | Seg IoU: 0.9972 | Seg Dice: 0.9986 | 14.5s
2026-04-03 08:35:49 - Epoch [40/100] LR: 1.47e-05/1.47e-04 | Loss: 0.7011 (seg=0.0018, cls=0.3496) | Cls Acc: 0.9632 | Seg IoU: 0.9963 | Seg Dice: 0.9981 | 15.1s
2026-04-03 08:35:49 - --------------------------------------------------
2026-04-03 08:35:51 - [Test] Cls — Acc: 0.6998 | P(macro): 0.5985 | R(macro): 0.6000 | F1(macro): 0.5992
2026-04-03 08:35:51 - [Test] Seg — Lesion IoU: 0.9973 | Lesion Dice: 0.9986
2026-04-03 08:35:51 - [Test] Classification Report:
              precision    recall  f1-score   support

      benign     0.3939    0.4031    0.3985       129
    no_tumor     0.8031    0.7970    0.8000       394

    accuracy                         0.6998       523
   macro avg     0.5985    0.6000    0.5992       523
weighted avg     0.7022    0.6998    0.7010       523

2026-04-03 08:35:51 - --------------------------------------------------
2026-04-03 08:36:05 - Epoch [41/100] LR: 1.44e-05/1.44e-04 | Loss: 0.6724 (seg=0.0011, cls=0.3356) | Cls Acc: 0.9698 | Seg IoU: 0.9977 | Seg Dice: 0.9988 | 14.6s
2026-04-03 08:36:21 - Epoch [42/100] LR: 1.40e-05/1.40e-04 | Loss: 0.7143 (seg=0.0012, cls=0.3565) | Cls Acc: 0.9600 | Seg IoU: 0.9975 | Seg Dice: 0.9987 | 15.3s
2026-04-03 08:36:36 - Epoch [43/100] LR: 1.37e-05/1.37e-04 | Loss: 0.6787 (seg=0.0011, cls=0.3388) | Cls Acc: 0.9690 | Seg IoU: 0.9976 | Seg Dice: 0.9988 | 14.9s
2026-04-03 08:36:51 - Epoch [44/100] LR: 1.34e-05/1.34e-04 | Loss: 0.6699 (seg=0.0010, cls=0.3345) | Cls Acc: 0.9673 | Seg IoU: 0.9979 | Seg Dice: 0.9989 | 15.1s
2026-04-03 08:37:06 - Epoch [45/100] LR: 1.31e-05/1.31e-04 | Loss: 0.6613 (seg=0.0010, cls=0.3301) | Cls Acc: 0.9673 | Seg IoU: 0.9978 | Seg Dice: 0.9989 | 14.9s
2026-04-03 08:37:06 - --------------------------------------------------
2026-04-03 08:37:08 - [Test] Cls — Acc: 0.6979 | P(macro): 0.5851 | R(macro): 0.5805 | F1(macro): 0.5825
2026-04-03 08:37:08 - [Test] Seg — Lesion IoU: 0.9977 | Lesion Dice: 0.9989
2026-04-03 08:37:08 - [Test] Classification Report:
              precision    recall  f1-score   support

      benign     0.3782    0.3488    0.3629       129
    no_tumor     0.7921    0.8122    0.8020       394

    accuracy                         0.6979       523
   macro avg     0.5851    0.5805    0.5825       523
weighted avg     0.6900    0.6979    0.6937       523

2026-04-03 08:37:08 - --------------------------------------------------
2026-04-03 08:37:23 - Epoch [46/100] LR: 1.28e-05/1.28e-04 | Loss: 0.6542 (seg=0.0010, cls=0.3266) | Cls Acc: 0.9747 | Seg IoU: 0.9979 | Seg Dice: 0.9990 | 14.7s
2026-04-03 08:37:38 - Epoch [47/100] LR: 1.24e-05/1.24e-04 | Loss: 0.6625 (seg=0.0009, cls=0.3308) | Cls Acc: 0.9714 | Seg IoU: 0.9981 | Seg Dice: 0.9990 | 14.9s
2026-04-03 08:37:53 - Epoch [48/100] LR: 1.21e-05/1.21e-04 | Loss: 0.6363 (seg=0.0009, cls=0.3177) | Cls Acc: 0.9755 | Seg IoU: 0.9980 | Seg Dice: 0.9990 | 15.0s
2026-04-03 08:38:07 - Epoch [49/100] LR: 1.18e-05/1.18e-04 | Loss: 0.6304 (seg=0.0009, cls=0.3148) | Cls Acc: 0.9837 | Seg IoU: 0.9980 | Seg Dice: 0.9990 | 14.6s
2026-04-03 08:38:23 - Epoch [50/100] LR: 1.14e-05/1.14e-04 | Loss: 0.6205 (seg=0.0008, cls=0.3098) | Cls Acc: 0.9796 | Seg IoU: 0.9982 | Seg Dice: 0.9991 | 15.2s
2026-04-03 08:38:23 - --------------------------------------------------
2026-04-03 08:38:25 - [Test] Cls — Acc: 0.7094 | P(macro): 0.5769 | R(macro): 0.5594 | F1(macro): 0.5625
2026-04-03 08:38:25 - [Test] Seg — Lesion IoU: 0.9981 | Lesion Dice: 0.9991
2026-04-03 08:38:25 - [Test] Classification Report:
              precision    recall  f1-score   support

      benign     0.3736    0.2636    0.3091       129
    no_tumor     0.7801    0.8553    0.8160       394

    accuracy                         0.7094       523
   macro avg     0.5769    0.5594    0.5625       523
weighted avg     0.6798    0.7094    0.6910       523

2026-04-03 08:38:25 - --------------------------------------------------
2026-04-03 08:38:39 - Epoch [51/100] LR: 1.11e-05/1.11e-04 | Loss: 0.6422 (seg=0.0008, cls=0.3207) | Cls Acc: 0.9796 | Seg IoU: 0.9983 | Seg Dice: 0.9991 | 14.7s
2026-04-03 08:38:54 - Epoch [52/100] LR: 1.08e-05/1.08e-04 | Loss: 0.6409 (seg=0.0008, cls=0.3201) | Cls Acc: 0.9763 | Seg IoU: 0.9983 | Seg Dice: 0.9991 | 14.8s
2026-04-03 08:39:09 - Epoch [53/100] LR: 1.04e-05/1.04e-04 | Loss: 0.6169 (seg=0.0007, cls=0.3081) | Cls Acc: 0.9845 | Seg IoU: 0.9984 | Seg Dice: 0.9992 | 15.0s
2026-04-03 08:39:24 - Epoch [54/100] LR: 1.01e-05/1.01e-04 | Loss: 0.6337 (seg=0.0007, cls=0.3165) | Cls Acc: 0.9788 | Seg IoU: 0.9985 | Seg Dice: 0.9993 | 14.9s
2026-04-03 08:39:39 - Epoch [55/100] LR: 9.76e-06/9.76e-05 | Loss: 0.6132 (seg=0.0007, cls=0.3063) | Cls Acc: 0.9837 | Seg IoU: 0.9985 | Seg Dice: 0.9993 | 14.7s
2026-04-03 08:39:39 - --------------------------------------------------
2026-04-03 08:39:41 - [Test] Cls — Acc: 0.6960 | P(macro): 0.5779 | R(macro): 0.5714 | F1(macro): 0.5738
2026-04-03 08:39:41 - [Test] Seg — Lesion IoU: 0.9982 | Lesion Dice: 0.9991
2026-04-03 08:39:41 - [Test] Classification Report:
              precision    recall  f1-score   support

      benign     0.3684    0.3256    0.3457       129
    no_tumor     0.7873    0.8173    0.8020       394

    accuracy                         0.6960       523
   macro avg     0.5779    0.5714    0.5738       523
weighted avg     0.6840    0.6960    0.6894       523

2026-04-03 08:39:41 - --------------------------------------------------
2026-04-03 08:39:55 - Epoch [56/100] LR: 9.42e-06/9.42e-05 | Loss: 0.6114 (seg=0.0007, cls=0.3053) | Cls Acc: 0.9869 | Seg IoU: 0.9985 | Seg Dice: 0.9992 | 14.5s
2026-04-03 08:40:09 - Epoch [57/100] LR: 9.09e-06/9.09e-05 | Loss: 0.6247 (seg=0.0007, cls=0.3120) | Cls Acc: 0.9828 | Seg IoU: 0.9985 | Seg Dice: 0.9993 | 14.3s
2026-04-03 08:40:24 - Epoch [58/100] LR: 8.75e-06/8.75e-05 | Loss: 0.6115 (seg=0.0007, cls=0.3054) | Cls Acc: 0.9853 | Seg IoU: 0.9986 | Seg Dice: 0.9993 | 15.0s
2026-04-03 08:40:39 - Epoch [59/100] LR: 8.42e-06/8.42e-05 | Loss: 0.6215 (seg=0.0007, cls=0.3104) | Cls Acc: 0.9812 | Seg IoU: 0.9986 | Seg Dice: 0.9993 | 15.0s
2026-04-03 08:40:54 - Epoch [60/100] LR: 8.09e-06/8.09e-05 | Loss: 0.6102 (seg=0.0006, cls=0.3048) | Cls Acc: 0.9894 | Seg IoU: 0.9987 | Seg Dice: 0.9994 | 14.8s
2026-04-03 08:40:54 - --------------------------------------------------
2026-04-03 08:40:56 - [Test] Cls — Acc: 0.6883 | P(macro): 0.5666 | R(macro): 0.5611 | F1(macro): 0.5631
2026-04-03 08:40:56 - [Test] Seg — Lesion IoU: 0.9986 | Lesion Dice: 0.9993
2026-04-03 08:40:56 - [Test] Classification Report:
              precision    recall  f1-score   support

      benign     0.3509    0.3101    0.3292       129
    no_tumor     0.7824    0.8122    0.7970       394

    accuracy                         0.6883       523
   macro avg     0.5666    0.5611    0.5631       523
weighted avg     0.6760    0.6883    0.6816       523

2026-04-03 08:40:56 - --------------------------------------------------
2026-04-03 08:41:11 - Epoch [61/100] LR: 7.76e-06/7.76e-05 | Loss: 0.6151 (seg=0.0006, cls=0.3073) | Cls Acc: 0.9837 | Seg IoU: 0.9987 | Seg Dice: 0.9994 | 14.8s
2026-04-03 08:41:26 - Epoch [62/100] LR: 7.43e-06/7.43e-05 | Loss: 0.6147 (seg=0.0006, cls=0.3071) | Cls Acc: 0.9894 | Seg IoU: 0.9987 | Seg Dice: 0.9994 | 14.9s
2026-04-03 08:41:41 - Epoch [63/100] LR: 7.11e-06/7.11e-05 | Loss: 0.5925 (seg=0.0005, cls=0.2960) | Cls Acc: 0.9894 | Seg IoU: 0.9988 | Seg Dice: 0.9994 | 15.4s
2026-04-03 08:41:57 - Epoch [64/100] LR: 6.78e-06/6.78e-05 | Loss: 0.6455 (seg=0.0005, cls=0.3225) | Cls Acc: 0.9812 | Seg IoU: 0.9989 | Seg Dice: 0.9995 | 15.7s
2026-04-03 08:42:12 - Epoch [65/100] LR: 6.47e-06/6.47e-05 | Loss: 0.6047 (seg=0.0006, cls=0.3021) | Cls Acc: 0.9886 | Seg IoU: 0.9988 | Seg Dice: 0.9994 | 14.8s
2026-04-03 08:42:12 - --------------------------------------------------
2026-04-03 08:42:14 - [Test] Cls — Acc: 0.7228 | P(macro): 0.5993 | R(macro): 0.5762 | F1(macro): 0.5813
2026-04-03 08:42:14 - [Test] Seg — Lesion IoU: 0.9987 | Lesion Dice: 0.9993
2026-04-03 08:42:14 - [Test] Classification Report:
              precision    recall  f1-score   support

      benign     0.4111    0.2868    0.3379       129
    no_tumor     0.7875    0.8655    0.8247       394

    accuracy                         0.7228       523
   macro avg     0.5993    0.5762    0.5813       523
weighted avg     0.6947    0.7228    0.7046       523

2026-04-03 08:42:14 - --------------------------------------------------
2026-04-03 08:42:29 - Epoch [66/100] LR: 6.16e-06/6.16e-05 | Loss: 0.6021 (seg=0.0005, cls=0.3008) | Cls Acc: 0.9894 | Seg IoU: 0.9989 | Seg Dice: 0.9995 | 14.6s
2026-04-03 08:42:44 - Epoch [67/100] LR: 5.85e-06/5.85e-05 | Loss: 0.6011 (seg=0.0005, cls=0.3003) | Cls Acc: 0.9845 | Seg IoU: 0.9988 | Seg Dice: 0.9994 | 15.1s
2026-04-03 08:42:59 - Epoch [68/100] LR: 5.55e-06/5.55e-05 | Loss: 0.6063 (seg=0.0005, cls=0.3029) | Cls Acc: 0.9869 | Seg IoU: 0.9989 | Seg Dice: 0.9994 | 15.5s
2026-04-03 08:43:15 - Epoch [69/100] LR: 5.25e-06/5.25e-05 | Loss: 0.5827 (seg=0.0004, cls=0.2911) | Cls Acc: 0.9926 | Seg IoU: 0.9990 | Seg Dice: 0.9995 | 15.7s
2026-04-03 08:43:30 - Epoch [70/100] LR: 4.96e-06/4.96e-05 | Loss: 0.6004 (seg=0.0005, cls=0.3000) | Cls Acc: 0.9886 | Seg IoU: 0.9989 | Seg Dice: 0.9995 | 14.8s
2026-04-03 08:43:30 - --------------------------------------------------
2026-04-03 08:43:32 - [Test] Cls — Acc: 0.6998 | P(macro): 0.5780 | R(macro): 0.5687 | F1(macro): 0.5717
2026-04-03 08:43:32 - [Test] Seg — Lesion IoU: 0.9989 | Lesion Dice: 0.9994
2026-04-03 08:43:32 - [Test] Classification Report:
              precision    recall  f1-score   support

      benign     0.3704    0.3101    0.3376       129
    no_tumor     0.7855    0.8274    0.8059       394

    accuracy                         0.6998       523
   macro avg     0.5780    0.5687    0.5717       523
weighted avg     0.6831    0.6998    0.6904       523

2026-04-03 08:43:32 - --------------------------------------------------
2026-04-03 08:43:46 - Epoch [71/100] LR: 4.67e-06/4.67e-05 | Loss: 0.5962 (seg=0.0005, cls=0.2978) | Cls Acc: 0.9894 | Seg IoU: 0.9989 | Seg Dice: 0.9995 | 14.7s
2026-04-03 08:44:01 - Epoch [72/100] LR: 4.39e-06/4.39e-05 | Loss: 0.6060 (seg=0.0005, cls=0.3028) | Cls Acc: 0.9845 | Seg IoU: 0.9990 | Seg Dice: 0.9995 | 15.0s
2026-04-03 08:44:16 - Epoch [73/100] LR: 4.12e-06/4.12e-05 | Loss: 0.5898 (seg=0.0004, cls=0.2947) | Cls Acc: 0.9894 | Seg IoU: 0.9990 | Seg Dice: 0.9995 | 14.8s
2026-04-03 08:44:31 - Epoch [74/100] LR: 3.85e-06/3.85e-05 | Loss: 0.5922 (seg=0.0004, cls=0.2959) | Cls Acc: 0.9894 | Seg IoU: 0.9990 | Seg Dice: 0.9995 | 14.3s
2026-04-03 08:44:45 - Epoch [75/100] LR: 3.59e-06/3.59e-05 | Loss: 0.5820 (seg=0.0004, cls=0.2908) | Cls Acc: 0.9935 | Seg IoU: 0.9991 | Seg Dice: 0.9995 | 14.9s
2026-04-03 08:44:45 - --------------------------------------------------
2026-04-03 08:44:47 - [Test] Cls — Acc: 0.7342 | P(macro): 0.6181 | R(macro): 0.5890 | F1(macro): 0.5959
2026-04-03 08:44:47 - [Test] Seg — Lesion IoU: 0.9990 | Lesion Dice: 0.9995
2026-04-03 08:44:47 - [Test] Classification Report:
              precision    recall  f1-score   support

      benign     0.4432    0.3023    0.3594       129
    no_tumor     0.7931    0.8756    0.8323       394

    accuracy                         0.7342       523
   macro avg     0.6181    0.5890    0.5959       523
weighted avg     0.7068    0.7342    0.7157       523

2026-04-03 08:44:47 - --------------------------------------------------
2026-04-03 08:45:03 - Epoch [76/100] LR: 3.34e-06/3.34e-05 | Loss: 0.5882 (seg=0.0004, cls=0.2939) | Cls Acc: 0.9926 | Seg IoU: 0.9991 | Seg Dice: 0.9995 | 15.2s
2026-04-03 08:45:18 - Epoch [77/100] LR: 3.10e-06/3.10e-05 | Loss: 0.5897 (seg=0.0004, cls=0.2946) | Cls Acc: 0.9926 | Seg IoU: 0.9991 | Seg Dice: 0.9996 | 15.0s
2026-04-03 08:45:33 - Epoch [78/100] LR: 2.86e-06/2.86e-05 | Loss: 0.5779 (seg=0.0004, cls=0.2888) | Cls Acc: 0.9943 | Seg IoU: 0.9991 | Seg Dice: 0.9996 | 15.7s
2026-04-03 08:45:48 - Epoch [79/100] LR: 2.64e-06/2.64e-05 | Loss: 0.5990 (seg=0.0004, cls=0.2993) | Cls Acc: 0.9877 | Seg IoU: 0.9991 | Seg Dice: 0.9996 | 14.3s
2026-04-03 08:46:03 - Epoch [80/100] LR: 2.42e-06/2.42e-05 | Loss: 0.5864 (seg=0.0004, cls=0.2930) | Cls Acc: 0.9918 | Seg IoU: 0.9992 | Seg Dice: 0.9996 | 15.0s
2026-04-03 08:46:03 - --------------------------------------------------
2026-04-03 08:46:05 - [Test] Cls — Acc: 0.7132 | P(macro): 0.5959 | R(macro): 0.5828 | F1(macro): 0.5871
2026-04-03 08:46:05 - [Test] Seg — Lesion IoU: 0.9991 | Lesion Dice: 0.9995
2026-04-03 08:46:05 - [Test] Classification Report:
              precision    recall  f1-score   support

      benign     0.4000    0.3256    0.3590       129
    no_tumor     0.7919    0.8401    0.8153       394

    accuracy                         0.7132       523
   macro avg     0.5959    0.5828    0.5871       523
weighted avg     0.6952    0.7132    0.7027       523

2026-04-03 08:46:05 - --------------------------------------------------
2026-04-03 08:46:20 - Epoch [81/100] LR: 2.21e-06/2.21e-05 | Loss: 0.6018 (seg=0.0004, cls=0.3007) | Cls Acc: 0.9894 | Seg IoU: 0.9991 | Seg Dice: 0.9996 | 15.5s
2026-04-03 08:46:35 - Epoch [82/100] LR: 2.01e-06/2.01e-05 | Loss: 0.5869 (seg=0.0004, cls=0.2933) | Cls Acc: 0.9918 | Seg IoU: 0.9992 | Seg Dice: 0.9996 | 14.7s
2026-04-03 08:46:49 - Epoch [83/100] LR: 1.82e-06/1.82e-05 | Loss: 0.6046 (seg=0.0004, cls=0.3021) | Cls Acc: 0.9877 | Seg IoU: 0.9992 | Seg Dice: 0.9996 | 14.5s
2026-04-03 08:47:04 - Epoch [84/100] LR: 1.64e-06/1.64e-05 | Loss: 0.5863 (seg=0.0004, cls=0.2930) | Cls Acc: 0.9902 | Seg IoU: 0.9992 | Seg Dice: 0.9996 | 14.8s
2026-04-03 08:47:19 - Epoch [85/100] LR: 1.47e-06/1.47e-05 | Loss: 0.5795 (seg=0.0004, cls=0.2896) | Cls Acc: 0.9910 | Seg IoU: 0.9992 | Seg Dice: 0.9996 | 14.6s
2026-04-03 08:47:19 - --------------------------------------------------
2026-04-03 08:47:21 - [Test] Cls — Acc: 0.7113 | P(macro): 0.5904 | R(macro): 0.5764 | F1(macro): 0.5805
2026-04-03 08:47:21 - [Test] Seg — Lesion IoU: 0.9991 | Lesion Dice: 0.9996
2026-04-03 08:47:21 - [Test] Classification Report:
              precision    recall  f1-score   support

      benign     0.3922    0.3101    0.3463       129
    no_tumor     0.7886    0.8426    0.8147       394

    accuracy                         0.7113       523
   macro avg     0.5904    0.5764    0.5805       523
weighted avg     0.6908    0.7113    0.6992       523

2026-04-03 08:47:21 - --------------------------------------------------
2026-04-03 08:47:36 - Epoch [86/100] LR: 1.31e-06/1.31e-05 | Loss: 0.5905 (seg=0.0004, cls=0.2951) | Cls Acc: 0.9926 | Seg IoU: 0.9992 | Seg Dice: 0.9996 | 15.1s
2026-04-03 08:47:51 - Epoch [87/100] LR: 1.16e-06/1.16e-05 | Loss: 0.5969 (seg=0.0004, cls=0.2983) | Cls Acc: 0.9910 | Seg IoU: 0.9992 | Seg Dice: 0.9996 | 14.9s
2026-04-03 08:48:05 - Epoch [88/100] LR: 1.02e-06/1.02e-05 | Loss: 0.5817 (seg=0.0004, cls=0.2907) | Cls Acc: 0.9910 | Seg IoU: 0.9992 | Seg Dice: 0.9996 | 14.7s
2026-04-03 08:48:20 - Epoch [89/100] LR: 8.90e-07/8.90e-06 | Loss: 0.5692 (seg=0.0004, cls=0.2844) | Cls Acc: 0.9959 | Seg IoU: 0.9991 | Seg Dice: 0.9996 | 15.0s
2026-04-03 08:48:35 - Epoch [90/100] LR: 7.72e-07/7.72e-06 | Loss: 0.5810 (seg=0.0003, cls=0.2903) | Cls Acc: 0.9926 | Seg IoU: 0.9993 | Seg Dice: 0.9996 | 15.0s
2026-04-03 08:48:35 - --------------------------------------------------
2026-04-03 08:48:37 - [Test] Cls — Acc: 0.7151 | P(macro): 0.5981 | R(macro): 0.5841 | F1(macro): 0.5886
2026-04-03 08:48:37 - [Test] Seg — Lesion IoU: 0.9991 | Lesion Dice: 0.9996
2026-04-03 08:48:37 - [Test] Classification Report:
              precision    recall  f1-score   support

      benign     0.4038    0.3256    0.3605       129
    no_tumor     0.7924    0.8426    0.8167       394

    accuracy                         0.7151       523
   macro avg     0.5981    0.5841    0.5886       523
weighted avg     0.6965    0.7151    0.7042       523

2026-04-03 08:48:37 - --------------------------------------------------
2026-04-03 08:48:52 - Epoch [91/100] LR: 6.64e-07/6.64e-06 | Loss: 0.5859 (seg=0.0004, cls=0.2928) | Cls Acc: 0.9918 | Seg IoU: 0.9992 | Seg Dice: 0.9996 | 15.2s
2026-04-03 08:49:08 - Epoch [92/100] LR: 5.67e-07/5.67e-06 | Loss: 0.5738 (seg=0.0004, cls=0.2867) | Cls Acc: 0.9951 | Seg IoU: 0.9992 | Seg Dice: 0.9996 | 15.1s
2026-04-03 08:49:22 - Epoch [93/100] LR: 4.81e-07/4.81e-06 | Loss: 0.6054 (seg=0.0004, cls=0.3025) | Cls Acc: 0.9869 | Seg IoU: 0.9992 | Seg Dice: 0.9996 | 14.7s
2026-04-03 08:49:37 - Epoch [94/100] LR: 4.07e-07/4.07e-06 | Loss: 0.5939 (seg=0.0004, cls=0.2968) | Cls Acc: 0.9902 | Seg IoU: 0.9992 | Seg Dice: 0.9996 | 14.2s
2026-04-03 08:49:51 - Epoch [95/100] LR: 3.44e-07/3.44e-06 | Loss: 0.5775 (seg=0.0003, cls=0.2886) | Cls Acc: 0.9935 | Seg IoU: 0.9993 | Seg Dice: 0.9996 | 14.7s
2026-04-03 08:49:51 - --------------------------------------------------
2026-04-03 08:49:53 - [Test] Cls — Acc: 0.7017 | P(macro): 0.5836 | R(macro): 0.5752 | F1(macro): 0.5782
2026-04-03 08:49:53 - [Test] Seg — Lesion IoU: 0.9992 | Lesion Dice: 0.9996
2026-04-03 08:49:53 - [Test] Classification Report:
              precision    recall  f1-score   support

      benign     0.3784    0.3256    0.3500       129
    no_tumor     0.7888    0.8249    0.8065       394

    accuracy                         0.7017       523
   macro avg     0.5836    0.5752    0.5782       523
weighted avg     0.6876    0.7017    0.6939       523

2026-04-03 08:49:53 - --------------------------------------------------
2026-04-03 08:50:07 - Epoch [96/100] LR: 2.92e-07/2.92e-06 | Loss: 0.5765 (seg=0.0004, cls=0.2881) | Cls Acc: 0.9926 | Seg IoU: 0.9992 | Seg Dice: 0.9996 | 14.3s
2026-04-03 08:50:21 - Epoch [97/100] LR: 2.52e-07/2.52e-06 | Loss: 0.5767 (seg=0.0003, cls=0.2882) | Cls Acc: 0.9910 | Seg IoU: 0.9993 | Seg Dice: 0.9996 | 14.0s
2026-04-03 08:50:36 - Epoch [98/100] LR: 2.23e-07/2.23e-06 | Loss: 0.5762 (seg=0.0004, cls=0.2879) | Cls Acc: 0.9951 | Seg IoU: 0.9992 | Seg Dice: 0.9996 | 14.7s
2026-04-03 08:50:50 - Epoch [99/100] LR: 2.06e-07/2.06e-06 | Loss: 0.5860 (seg=0.0004, cls=0.2928) | Cls Acc: 0.9918 | Seg IoU: 0.9992 | Seg Dice: 0.9996 | 14.2s
2026-04-03 08:51:05 - Epoch [100/100] LR: 2.00e-07/2.00e-06 | Loss: 0.5838 (seg=0.0003, cls=0.2917) | Cls Acc: 0.9926 | Seg IoU: 0.9993 | Seg Dice: 0.9996 | 14.7s
2026-04-03 08:51:05 - --------------------------------------------------
2026-04-03 08:51:07 - [Test] Cls — Acc: 0.7094 | P(macro): 0.5917 | R(macro): 0.5803 | F1(macro): 0.5841
2026-04-03 08:51:07 - [Test] Seg — Lesion IoU: 0.9992 | Lesion Dice: 0.9996
2026-04-03 08:51:07 - [Test] Classification Report:
              precision    recall  f1-score   support

      benign     0.3925    0.3256    0.3559       129
    no_tumor     0.7909    0.8350    0.8123       394

    accuracy                         0.7094       523
   macro avg     0.5917    0.5803    0.5841       523
weighted avg     0.6926    0.7094    0.6998       523

2026-04-03 08:51:07 - --------------------------------------------------
2026-04-03 08:51:07 - 
======================================================================
2026-04-03 08:51:07 - 训练完成! 最优模型: Epoch 10, F1: 0.6098
2026-04-03 08:51:07 - ======================================================================
2026-04-03 08:51:07 - 
加载最优权重进行最终测试...
2026-04-03 08:51:07 - ======================================================================
2026-04-03 08:51:07 - 最终测试结果 (最优权重, threshold=0.5)
2026-04-03 08:51:07 - ======================================================================
2026-04-03 08:51:09 - [Final Test] Cls — Acc: 0.7208 | P(macro): 0.6150 | R(macro): 0.6062 | F1(macro): 0.6098
2026-04-03 08:51:09 - [Final Test] Seg — Lesion IoU: 0.9879 | Lesion Dice: 0.9939
2026-04-03 08:51:09 - [Final Test] Classification Report:
              precision    recall  f1-score   support

      benign     0.4261    0.3798    0.4016       129
    no_tumor     0.8039    0.8325    0.8180       394

    accuracy                         0.7208       523
   macro avg     0.6150    0.6062    0.6098       523
weighted avg     0.7107    0.7208    0.7153       523

2026-04-03 08:51:09 - 
======================================================================
2026-04-03 08:51:09 - 阈值优化搜索
2026-04-03 08:51:09 - ======================================================================
2026-04-03 08:51:11 - 最优阈值: 0.505 (F1: 0.6161 vs 默认0.5 F1: 0.6098)
2026-04-03 08:51:11 - 训练脚本已复制到: /data1/ouyangxinglong/GBP-Cascade/0402/logs/20260402_task2_SwinV2Tiny_segcls_3/20260402_task2_SwinV2Tiny_segcls_3.py
